[1.286s] Invoking command in '/home/mrush/exercise/src/ros-exercises/build/pub_sub': CMAKE_PREFIX_PATH=${CMAKE_PREFIX_PATH}:/home/mrush/exercise/src/ros-exercises/install/navigation2_dist:/opt/ros/humble WSLENV=ELECTRON_RUN_AS_NODE/w: /usr/bin/cmake --build /home/mrush/exercise/src/ros-exercises/build/pub_sub -- -j8 -l8
[1.454s] [ 50%] Built target listener
[1.538s] [100%] Built target talker
[1.878s] Invoked command in '/home/mrush/exercise/src/ros-exercises/build/pub_sub' returned '0': CMAKE_PREFIX_PATH=${CMAKE_PREFIX_PATH}:/home/mrush/exercise/src/ros-exercises/install/navigation2_dist:/opt/ros/humble WSLENV=ELECTRON_RUN_AS_NODE/w: /usr/bin/cmake --build /home/mrush/exercise/src/ros-exercises/build/pub_sub -- -j8 -l8
[2.788s] Invoking command in '/home/mrush/exercise/src/ros-exercises/build/pub_sub': CMAKE_PREFIX_PATH=${CMAKE_PREFIX_PATH}:/home/mrush/exercise/src/ros-exercises/install/navigation2_dist:/opt/ros/humble WSLENV=ELECTRON_RUN_AS_NODE/w: /usr/bin/cmake --install /home/mrush/exercise/src/ros-exercises/build/pub_sub
[3.180s] -- Install configuration: ""
[3.180s] -- Up-to-date: /home/mrush/exercise/src/ros-exercises/install/pub_sub/lib/pub_sub/talker
[3.180s] -- Up-to-date: /home/mrush/exercise/src/ros-exercises/install/pub_sub/lib/pub_sub/listener
[3.183s] -- Up-to-date: /home/mrush/exercise/src/ros-exercises/install/pub_sub/share/ament_index/resource_index/package_run_dependencies/pub_sub
[3.183s] -- Up-to-date: /home/mrush/exercise/src/ros-exercises/install/pub_sub/share/ament_index/resource_index/parent_prefix_path/pub_sub
[3.183s] -- Up-to-date: /home/mrush/exercise/src/ros-exercises/install/pub_sub/share/pub_sub/environment/ament_prefix_path.sh
[3.183s] -- Up-to-date: /home/mrush/exercise/src/ros-exercises/install/pub_sub/share/pub_sub/environment/ament_prefix_path.dsv
[3.183s] -- Up-to-date: /home/mrush/exercise/src/ros-exercises/install/pub_sub/share/pub_sub/environment/path.sh
[3.183s] -- Up-to-date: /home/mrush/exercise/src/ros-exercises/install/pub_sub/share/pub_sub/environment/path.dsv
[3.184s] -- Up-to-date: /home/mrush/exercise/src/ros-exercises/install/pub_sub/share/pub_sub/local_setup.bash
[3.184s] -- Up-to-date: /home/mrush/exercise/src/ros-exercises/install/pub_sub/share/pub_sub/local_setup.sh
[3.184s] -- Up-to-date: /home/mrush/exercise/src/ros-exercises/install/pub_sub/share/pub_sub/local_setup.zsh
[3.184s] -- Up-to-date: /home/mrush/exercise/src/ros-exercises/install/pub_sub/share/pub_sub/local_setup.dsv
[3.184s] -- Installing: /home/mrush/exercise/src/ros-exercises/install/pub_sub/share/pub_sub/package.dsv
[3.184s] -- Up-to-date: /home/mrush/exercise/src/ros-exercises/install/pub_sub/share/ament_index/resource_index/packages/pub_sub
[3.184s] -- Up-to-date: /home/mrush/exercise/src/ros-exercises/install/pub_sub/share/pub_sub/cmake/pub_subConfig.cmake
[3.184s] -- Up-to-date: /home/mrush/exercise/src/ros-exercises/install/pub_sub/share/pub_sub/cmake/pub_subConfig-version.cmake
[3.184s] -- Up-to-date: /home/mrush/exercise/src/ros-exercises/install/pub_sub/share/pub_sub/package.xml
[3.440s] Invoked command in '/home/mrush/exercise/src/ros-exercises/build/pub_sub' returned '0': CMAKE_PREFIX_PATH=${CMAKE_PREFIX_PATH}:/home/mrush/exercise/src/ros-exercises/install/navigation2_dist:/opt/ros/humble WSLENV=ELECTRON_RUN_AS_NODE/w: /usr/bin/cmake --install /home/mrush/exercise/src/ros-exercises/build/pub_sub
