[0.352s] Invoking command in '/home/mrush/exercise/src/ros-exercises/build/fibonacci_action': CMAKE_PREFIX_PATH=${CMAKE_PREFIX_PATH}:/home/mrush/exercise/src/ros-exercises/install/navigation2_dist:/opt/ros/humble WSLENV=ELECTRON_RUN_AS_NODE/w: /usr/bin/cmake --build /home/mrush/exercise/src/ros-exercises/build/fibonacci_action -- -j8 -l8
[1.100s] [  9%] Built target fibonacci_action__rosidl_generator_c
[1.101s] [  9%] Built target ament_cmake_python_copy_fibonacci_action
[1.101s] [ 12%] Built target fibonacci_action__cpp
[1.101s] [ 25%] Built target fibonacci_action__rosidl_typesupport_introspection_c
[1.102s] [ 35%] Built target fibonacci_action__rosidl_typesupport_c
[1.102s] [ 41%] Built target fibonacci_action__rosidl_typesupport_fastrtps_c
[1.102s] [ 51%] Built target fibonacci_action__rosidl_typesupport_fastrtps_cpp
[1.102s] [ 64%] Built target fibonacci_action__rosidl_typesupport_introspection_cpp
[1.102s] [ 70%] Built target fibonacci_action__rosidl_typesupport_cpp
[1.102s] [ 70%] Built target fibonacci_action
[1.102s] [ 74%] Built target fibonacci_action__py
[1.102s] [ 80%] Built target fibonacci_action__rosidl_generator_py
[1.102s] [ 87%] Built target fibonacci_action__rosidl_typesupport_c__pyext
[1.103s] [ 93%] Built target fibonacci_action__rosidl_typesupport_fastrtps_c__pyext
[1.103s] [100%] Built target fibonacci_action__rosidl_typesupport_introspection_c__pyext
[1.103s] running egg_info
[1.103s] writing fibonacci_action.egg-info/PKG-INFO
[1.103s] writing dependency_links to fibonacci_action.egg-info/dependency_links.txt
[1.103s] writing top-level names to fibonacci_action.egg-info/top_level.txt
[1.103s] reading manifest file 'fibonacci_action.egg-info/SOURCES.txt'
[1.105s] writing manifest file 'fibonacci_action.egg-info/SOURCES.txt'
[1.115s] [100%] Built target ament_cmake_python_build_fibonacci_action_egg
[1.149s] Invoked command in '/home/mrush/exercise/src/ros-exercises/build/fibonacci_action' returned '0': CMAKE_PREFIX_PATH=${CMAKE_PREFIX_PATH}:/home/mrush/exercise/src/ros-exercises/install/navigation2_dist:/opt/ros/humble WSLENV=ELECTRON_RUN_AS_NODE/w: /usr/bin/cmake --build /home/mrush/exercise/src/ros-exercises/build/fibonacci_action -- -j8 -l8
[1.332s] Invoking command in '/home/mrush/exercise/src/ros-exercises/build/fibonacci_action': CMAKE_PREFIX_PATH=${CMAKE_PREFIX_PATH}:/home/mrush/exercise/src/ros-exercises/install/navigation2_dist:/opt/ros/humble WSLENV=ELECTRON_RUN_AS_NODE/w: /usr/bin/cmake --install /home/mrush/exercise/src/ros-exercises/build/fibonacci_action
[1.413s] -- Install configuration: ""
[1.413s] -- Up-to-date: /home/mrush/exercise/src/ros-exercises/install/fibonacci_action/share/ament_index/resource_index/rosidl_interfaces/fibonacci_action
[1.413s] -- Up-to-date: /home/mrush/exercise/src/ros-exercises/install/fibonacci_action/include/fibonacci_action/fibonacci_action
[1.413s] -- Up-to-date: /home/mrush/exercise/src/ros-exercises/install/fibonacci_action/include/fibonacci_action/fibonacci_action/msg
[1.413s] -- Up-to-date: /home/mrush/exercise/src/ros-exercises/install/fibonacci_action/include/fibonacci_action/fibonacci_action/msg/rosidl_generator_c__visibility_control.h
[1.413s] -- Up-to-date: /home/mrush/exercise/src/ros-exercises/install/fibonacci_action/include/fibonacci_action/fibonacci_action/action
[1.413s] -- Up-to-date: /home/mrush/exercise/src/ros-exercises/install/fibonacci_action/include/fibonacci_action/fibonacci_action/action/fibonacci.h
[1.413s] -- Up-to-date: /home/mrush/exercise/src/ros-exercises/install/fibonacci_action/include/fibonacci_action/fibonacci_action/action/detail
[1.414s] -- Up-to-date: /home/mrush/exercise/src/ros-exercises/install/fibonacci_action/include/fibonacci_action/fibonacci_action/action/detail/fibonacci__functions.c
[1.414s] -- Up-to-date: /home/mrush/exercise/src/ros-exercises/install/fibonacci_action/include/fibonacci_action/fibonacci_action/action/detail/fibonacci__struct.h
[1.414s] -- Up-to-date: /home/mrush/exercise/src/ros-exercises/install/fibonacci_action/include/fibonacci_action/fibonacci_action/action/detail/fibonacci__type_support.h
[1.414s] -- Up-to-date: /home/mrush/exercise/src/ros-exercises/install/fibonacci_action/include/fibonacci_action/fibonacci_action/action/detail/fibonacci__functions.h
[1.414s] -- Up-to-date: /home/mrush/exercise/src/ros-exercises/install/fibonacci_action/share/fibonacci_action/environment/library_path.sh
[1.414s] -- Up-to-date: /home/mrush/exercise/src/ros-exercises/install/fibonacci_action/share/fibonacci_action/environment/library_path.dsv
[1.414s] -- Up-to-date: /home/mrush/exercise/src/ros-exercises/install/fibonacci_action/lib/libfibonacci_action__rosidl_generator_c.so
[1.414s] -- Up-to-date: /home/mrush/exercise/src/ros-exercises/install/fibonacci_action/include/fibonacci_action/fibonacci_action
[1.414s] -- Up-to-date: /home/mrush/exercise/src/ros-exercises/install/fibonacci_action/include/fibonacci_action/fibonacci_action/msg
[1.414s] -- Up-to-date: /home/mrush/exercise/src/ros-exercises/install/fibonacci_action/include/fibonacci_action/fibonacci_action/msg/rosidl_typesupport_fastrtps_c__visibility_control.h
[1.414s] -- Up-to-date: /home/mrush/exercise/src/ros-exercises/install/fibonacci_action/include/fibonacci_action/fibonacci_action/action
[1.414s] -- Up-to-date: /home/mrush/exercise/src/ros-exercises/install/fibonacci_action/include/fibonacci_action/fibonacci_action/action/detail
[1.414s] -- Up-to-date: /home/mrush/exercise/src/ros-exercises/install/fibonacci_action/include/fibonacci_action/fibonacci_action/action/detail/fibonacci__rosidl_typesupport_fastrtps_c.h
[1.414s] -- Up-to-date: /home/mrush/exercise/src/ros-exercises/install/fibonacci_action/lib/libfibonacci_action__rosidl_typesupport_fastrtps_c.so
[1.414s] -- Up-to-date: /home/mrush/exercise/src/ros-exercises/install/fibonacci_action/include/fibonacci_action/fibonacci_action
[1.415s] -- Up-to-date: /home/mrush/exercise/src/ros-exercises/install/fibonacci_action/include/fibonacci_action/fibonacci_action/msg
[1.415s] -- Up-to-date: /home/mrush/exercise/src/ros-exercises/install/fibonacci_action/include/fibonacci_action/fibonacci_action/msg/rosidl_typesupport_introspection_c__visibility_control.h
[1.415s] -- Up-to-date: /home/mrush/exercise/src/ros-exercises/install/fibonacci_action/include/fibonacci_action/fibonacci_action/action
[1.415s] -- Up-to-date: /home/mrush/exercise/src/ros-exercises/install/fibonacci_action/include/fibonacci_action/fibonacci_action/action/detail
[1.415s] -- Up-to-date: /home/mrush/exercise/src/ros-exercises/install/fibonacci_action/include/fibonacci_action/fibonacci_action/action/detail/fibonacci__rosidl_typesupport_introspection_c.h
[1.415s] -- Up-to-date: /home/mrush/exercise/src/ros-exercises/install/fibonacci_action/include/fibonacci_action/fibonacci_action/action/detail/fibonacci__type_support.c
[1.415s] -- Up-to-date: /home/mrush/exercise/src/ros-exercises/install/fibonacci_action/lib/libfibonacci_action__rosidl_typesupport_introspection_c.so
[1.415s] -- Up-to-date: /home/mrush/exercise/src/ros-exercises/install/fibonacci_action/lib/libfibonacci_action__rosidl_typesupport_c.so
[1.415s] -- Up-to-date: /home/mrush/exercise/src/ros-exercises/install/fibonacci_action/include/fibonacci_action/fibonacci_action
[1.415s] -- Up-to-date: /home/mrush/exercise/src/ros-exercises/install/fibonacci_action/include/fibonacci_action/fibonacci_action/action
[1.415s] -- Up-to-date: /home/mrush/exercise/src/ros-exercises/install/fibonacci_action/include/fibonacci_action/fibonacci_action/action/fibonacci.hpp
[1.415s] -- Up-to-date: /home/mrush/exercise/src/ros-exercises/install/fibonacci_action/include/fibonacci_action/fibonacci_action/action/detail
[1.415s] -- Up-to-date: /home/mrush/exercise/src/ros-exercises/install/fibonacci_action/include/fibonacci_action/fibonacci_action/action/detail/fibonacci__builder.hpp
[1.415s] -- Up-to-date: /home/mrush/exercise/src/ros-exercises/install/fibonacci_action/include/fibonacci_action/fibonacci_action/action/detail/fibonacci__traits.hpp
[1.416s] -- Up-to-date: /home/mrush/exercise/src/ros-exercises/install/fibonacci_action/include/fibonacci_action/fibonacci_action/action/detail/fibonacci__struct.hpp
[1.416s] -- Up-to-date: /home/mrush/exercise/src/ros-exercises/install/fibonacci_action/include/fibonacci_action/fibonacci_action
[1.416s] -- Up-to-date: /home/mrush/exercise/src/ros-exercises/install/fibonacci_action/include/fibonacci_action/fibonacci_action/msg
[1.416s] -- Up-to-date: /home/mrush/exercise/src/ros-exercises/install/fibonacci_action/include/fibonacci_action/fibonacci_action/msg/rosidl_typesupport_fastrtps_cpp__visibility_control.h
[1.416s] -- Up-to-date: /home/mrush/exercise/src/ros-exercises/install/fibonacci_action/include/fibonacci_action/fibonacci_action/action
[1.416s] -- Up-to-date: /home/mrush/exercise/src/ros-exercises/install/fibonacci_action/include/fibonacci_action/fibonacci_action/action/detail
[1.416s] -- Up-to-date: /home/mrush/exercise/src/ros-exercises/install/fibonacci_action/include/fibonacci_action/fibonacci_action/action/detail/dds_fastrtps
[1.416s] -- Up-to-date: /home/mrush/exercise/src/ros-exercises/install/fibonacci_action/include/fibonacci_action/fibonacci_action/action/detail/fibonacci__rosidl_typesupport_fastrtps_cpp.hpp
[1.416s] -- Up-to-date: /home/mrush/exercise/src/ros-exercises/install/fibonacci_action/lib/libfibonacci_action__rosidl_typesupport_fastrtps_cpp.so
[1.416s] -- Up-to-date: /home/mrush/exercise/src/ros-exercises/install/fibonacci_action/include/fibonacci_action/fibonacci_action
[1.416s] -- Up-to-date: /home/mrush/exercise/src/ros-exercises/install/fibonacci_action/include/fibonacci_action/fibonacci_action/action
[1.416s] -- Up-to-date: /home/mrush/exercise/src/ros-exercises/install/fibonacci_action/include/fibonacci_action/fibonacci_action/action/detail
[1.417s] -- Up-to-date: /home/mrush/exercise/src/ros-exercises/install/fibonacci_action/include/fibonacci_action/fibonacci_action/action/detail/fibonacci__type_support.cpp
[1.417s] -- Up-to-date: /home/mrush/exercise/src/ros-exercises/install/fibonacci_action/include/fibonacci_action/fibonacci_action/action/detail/fibonacci__rosidl_typesupport_introspection_cpp.hpp
[1.417s] -- Up-to-date: /home/mrush/exercise/src/ros-exercises/install/fibonacci_action/lib/libfibonacci_action__rosidl_typesupport_introspection_cpp.so
[1.417s] -- Up-to-date: /home/mrush/exercise/src/ros-exercises/install/fibonacci_action/lib/libfibonacci_action__rosidl_typesupport_cpp.so
[1.417s] -- Up-to-date: /home/mrush/exercise/src/ros-exercises/install/fibonacci_action/share/fibonacci_action/environment/pythonpath.sh
[1.417s] -- Up-to-date: /home/mrush/exercise/src/ros-exercises/install/fibonacci_action/share/fibonacci_action/environment/pythonpath.dsv
[1.417s] -- Up-to-date: /home/mrush/exercise/src/ros-exercises/install/fibonacci_action/local/lib/python3.10/dist-packages/fibonacci_action-0.0.0-py3.10.egg-info
[1.417s] -- Installing: /home/mrush/exercise/src/ros-exercises/install/fibonacci_action/local/lib/python3.10/dist-packages/fibonacci_action-0.0.0-py3.10.egg-info/top_level.txt
[1.417s] -- Installing: /home/mrush/exercise/src/ros-exercises/install/fibonacci_action/local/lib/python3.10/dist-packages/fibonacci_action-0.0.0-py3.10.egg-info/PKG-INFO
[1.425s] -- Installing: /home/mrush/exercise/src/ros-exercises/install/fibonacci_action/local/lib/python3.10/dist-packages/fibonacci_action-0.0.0-py3.10.egg-info/SOURCES.txt
[1.426s] -- Installing: /home/mrush/exercise/src/ros-exercises/install/fibonacci_action/local/lib/python3.10/dist-packages/fibonacci_action-0.0.0-py3.10.egg-info/dependency_links.txt
[1.426s] -- Up-to-date: /home/mrush/exercise/src/ros-exercises/install/fibonacci_action/local/lib/python3.10/dist-packages/fibonacci_action
[1.426s] -- Up-to-date: /home/mrush/exercise/src/ros-exercises/install/fibonacci_action/local/lib/python3.10/dist-packages/fibonacci_action/fibonacci_action_s__rosidl_typesupport_fastrtps_c.cpython-310-x86_64-linux-gnu.so
[1.426s] -- Up-to-date: /home/mrush/exercise/src/ros-exercises/install/fibonacci_action/local/lib/python3.10/dist-packages/fibonacci_action/_fibonacci_action_s.ep.rosidl_typesupport_c.c
[1.426s] -- Up-to-date: /home/mrush/exercise/src/ros-exercises/install/fibonacci_action/local/lib/python3.10/dist-packages/fibonacci_action/_fibonacci_action_s.ep.rosidl_typesupport_introspection_c.c
[1.428s] -- Up-to-date: /home/mrush/exercise/src/ros-exercises/install/fibonacci_action/local/lib/python3.10/dist-packages/fibonacci_action/fibonacci_action_s__rosidl_typesupport_c.cpython-310-x86_64-linux-gnu.so
[1.429s] -- Up-to-date: /home/mrush/exercise/src/ros-exercises/install/fibonacci_action/local/lib/python3.10/dist-packages/fibonacci_action/fibonacci_action_s__rosidl_typesupport_introspection_c.cpython-310-x86_64-linux-gnu.so
[1.429s] -- Up-to-date: /home/mrush/exercise/src/ros-exercises/install/fibonacci_action/local/lib/python3.10/dist-packages/fibonacci_action/action
[1.429s] -- Up-to-date: /home/mrush/exercise/src/ros-exercises/install/fibonacci_action/local/lib/python3.10/dist-packages/fibonacci_action/action/_fibonacci.py
[1.429s] -- Up-to-date: /home/mrush/exercise/src/ros-exercises/install/fibonacci_action/local/lib/python3.10/dist-packages/fibonacci_action/action/__init__.py
[1.430s] -- Up-to-date: /home/mrush/exercise/src/ros-exercises/install/fibonacci_action/local/lib/python3.10/dist-packages/fibonacci_action/action/_fibonacci_s.c
[1.430s] -- Up-to-date: /home/mrush/exercise/src/ros-exercises/install/fibonacci_action/local/lib/python3.10/dist-packages/fibonacci_action/__init__.py
[1.430s] -- Up-to-date: /home/mrush/exercise/src/ros-exercises/install/fibonacci_action/local/lib/python3.10/dist-packages/fibonacci_action/_fibonacci_action_s.ep.rosidl_typesupport_fastrtps_c.c
[1.430s] -- Up-to-date: /home/mrush/exercise/src/ros-exercises/install/fibonacci_action/local/lib/python3.10/dist-packages/fibonacci_action/libfibonacci_action__rosidl_generator_py.so
[1.480s] Listing '/home/mrush/exercise/src/ros-exercises/install/fibonacci_action/local/lib/python3.10/dist-packages/fibonacci_action'...
[1.480s] Listing '/home/mrush/exercise/src/ros-exercises/install/fibonacci_action/local/lib/python3.10/dist-packages/fibonacci_action/action'...
[1.482s] -- Up-to-date: /home/mrush/exercise/src/ros-exercises/install/fibonacci_action/local/lib/python3.10/dist-packages/fibonacci_action/fibonacci_action_s__rosidl_typesupport_fastrtps_c.cpython-310-x86_64-linux-gnu.so
[1.489s] -- Up-to-date: /home/mrush/exercise/src/ros-exercises/install/fibonacci_action/local/lib/python3.10/dist-packages/fibonacci_action/fibonacci_action_s__rosidl_typesupport_introspection_c.cpython-310-x86_64-linux-gnu.so
[1.490s] -- Up-to-date: /home/mrush/exercise/src/ros-exercises/install/fibonacci_action/local/lib/python3.10/dist-packages/fibonacci_action/fibonacci_action_s__rosidl_typesupport_c.cpython-310-x86_64-linux-gnu.so
[1.490s] -- Up-to-date: /home/mrush/exercise/src/ros-exercises/install/fibonacci_action/lib/libfibonacci_action__rosidl_generator_py.so
[1.490s] -- Up-to-date: /home/mrush/exercise/src/ros-exercises/install/fibonacci_action/share/fibonacci_action/action/Fibonacci.idl
[1.490s] -- Up-to-date: /home/mrush/exercise/src/ros-exercises/install/fibonacci_action/share/fibonacci_action/action/Fibonacci.action
[1.490s] -- Up-to-date: /home/mrush/exercise/src/ros-exercises/install/fibonacci_action/lib/fibonacci_action/fibonacci_action_server.py
[1.490s] -- Up-to-date: /home/mrush/exercise/src/ros-exercises/install/fibonacci_action/lib/fibonacci_action/fibonacci_action_client.py
[1.491s] -- Up-to-date: /home/mrush/exercise/src/ros-exercises/install/fibonacci_action/share/ament_index/resource_index/package_run_dependencies/fibonacci_action
[1.491s] -- Up-to-date: /home/mrush/exercise/src/ros-exercises/install/fibonacci_action/share/ament_index/resource_index/parent_prefix_path/fibonacci_action
[1.492s] -- Up-to-date: /home/mrush/exercise/src/ros-exercises/install/fibonacci_action/share/fibonacci_action/environment/ament_prefix_path.sh
[1.493s] -- Up-to-date: /home/mrush/exercise/src/ros-exercises/install/fibonacci_action/share/fibonacci_action/environment/ament_prefix_path.dsv
[1.493s] -- Up-to-date: /home/mrush/exercise/src/ros-exercises/install/fibonacci_action/share/fibonacci_action/environment/path.sh
[1.493s] -- Up-to-date: /home/mrush/exercise/src/ros-exercises/install/fibonacci_action/share/fibonacci_action/environment/path.dsv
[1.493s] -- Up-to-date: /home/mrush/exercise/src/ros-exercises/install/fibonacci_action/share/fibonacci_action/local_setup.bash
[1.494s] -- Up-to-date: /home/mrush/exercise/src/ros-exercises/install/fibonacci_action/share/fibonacci_action/local_setup.sh
[1.494s] -- Up-to-date: /home/mrush/exercise/src/ros-exercises/install/fibonacci_action/share/fibonacci_action/local_setup.zsh
[1.494s] -- Up-to-date: /home/mrush/exercise/src/ros-exercises/install/fibonacci_action/share/fibonacci_action/local_setup.dsv
[1.495s] -- Installing: /home/mrush/exercise/src/ros-exercises/install/fibonacci_action/share/fibonacci_action/package.dsv
[1.497s] -- Up-to-date: /home/mrush/exercise/src/ros-exercises/install/fibonacci_action/share/ament_index/resource_index/packages/fibonacci_action
[1.498s] -- Up-to-date: /home/mrush/exercise/src/ros-exercises/install/fibonacci_action/share/fibonacci_action/cmake/export_fibonacci_action__rosidl_generator_cExport.cmake
[1.498s] -- Up-to-date: /home/mrush/exercise/src/ros-exercises/install/fibonacci_action/share/fibonacci_action/cmake/export_fibonacci_action__rosidl_generator_cExport-noconfig.cmake
[1.498s] -- Up-to-date: /home/mrush/exercise/src/ros-exercises/install/fibonacci_action/share/fibonacci_action/cmake/export_fibonacci_action__rosidl_typesupport_fastrtps_cExport.cmake
[1.498s] -- Up-to-date: /home/mrush/exercise/src/ros-exercises/install/fibonacci_action/share/fibonacci_action/cmake/export_fibonacci_action__rosidl_typesupport_fastrtps_cExport-noconfig.cmake
[1.498s] -- Up-to-date: /home/mrush/exercise/src/ros-exercises/install/fibonacci_action/share/fibonacci_action/cmake/fibonacci_action__rosidl_typesupport_introspection_cExport.cmake
[1.498s] -- Up-to-date: /home/mrush/exercise/src/ros-exercises/install/fibonacci_action/share/fibonacci_action/cmake/fibonacci_action__rosidl_typesupport_introspection_cExport-noconfig.cmake
[1.499s] -- Up-to-date: /home/mrush/exercise/src/ros-exercises/install/fibonacci_action/share/fibonacci_action/cmake/fibonacci_action__rosidl_typesupport_cExport.cmake
[1.499s] -- Up-to-date: /home/mrush/exercise/src/ros-exercises/install/fibonacci_action/share/fibonacci_action/cmake/fibonacci_action__rosidl_typesupport_cExport-noconfig.cmake
[1.499s] -- Up-to-date: /home/mrush/exercise/src/ros-exercises/install/fibonacci_action/share/fibonacci_action/cmake/export_fibonacci_action__rosidl_generator_cppExport.cmake
[1.499s] -- Up-to-date: /home/mrush/exercise/src/ros-exercises/install/fibonacci_action/share/fibonacci_action/cmake/export_fibonacci_action__rosidl_typesupport_fastrtps_cppExport.cmake
[1.499s] -- Up-to-date: /home/mrush/exercise/src/ros-exercises/install/fibonacci_action/share/fibonacci_action/cmake/export_fibonacci_action__rosidl_typesupport_fastrtps_cppExport-noconfig.cmake
[1.499s] -- Up-to-date: /home/mrush/exercise/src/ros-exercises/install/fibonacci_action/share/fibonacci_action/cmake/fibonacci_action__rosidl_typesupport_introspection_cppExport.cmake
[1.500s] -- Up-to-date: /home/mrush/exercise/src/ros-exercises/install/fibonacci_action/share/fibonacci_action/cmake/fibonacci_action__rosidl_typesupport_introspection_cppExport-noconfig.cmake
[1.500s] -- Up-to-date: /home/mrush/exercise/src/ros-exercises/install/fibonacci_action/share/fibonacci_action/cmake/fibonacci_action__rosidl_typesupport_cppExport.cmake
[1.500s] -- Up-to-date: /home/mrush/exercise/src/ros-exercises/install/fibonacci_action/share/fibonacci_action/cmake/fibonacci_action__rosidl_typesupport_cppExport-noconfig.cmake
[1.501s] -- Up-to-date: /home/mrush/exercise/src/ros-exercises/install/fibonacci_action/share/fibonacci_action/cmake/export_fibonacci_action__rosidl_generator_pyExport.cmake
[1.501s] -- Up-to-date: /home/mrush/exercise/src/ros-exercises/install/fibonacci_action/share/fibonacci_action/cmake/export_fibonacci_action__rosidl_generator_pyExport-noconfig.cmake
[1.501s] -- Up-to-date: /home/mrush/exercise/src/ros-exercises/install/fibonacci_action/share/fibonacci_action/cmake/rosidl_cmake-extras.cmake
[1.502s] -- Up-to-date: /home/mrush/exercise/src/ros-exercises/install/fibonacci_action/share/fibonacci_action/cmake/ament_cmake_export_dependencies-extras.cmake
[1.502s] -- Up-to-date: /home/mrush/exercise/src/ros-exercises/install/fibonacci_action/share/fibonacci_action/cmake/ament_cmake_export_include_directories-extras.cmake
[1.502s] -- Up-to-date: /home/mrush/exercise/src/ros-exercises/install/fibonacci_action/share/fibonacci_action/cmake/ament_cmake_export_libraries-extras.cmake
[1.502s] -- Up-to-date: /home/mrush/exercise/src/ros-exercises/install/fibonacci_action/share/fibonacci_action/cmake/ament_cmake_export_targets-extras.cmake
[1.503s] -- Up-to-date: /home/mrush/exercise/src/ros-exercises/install/fibonacci_action/share/fibonacci_action/cmake/rosidl_cmake_export_typesupport_targets-extras.cmake
[1.504s] -- Up-to-date: /home/mrush/exercise/src/ros-exercises/install/fibonacci_action/share/fibonacci_action/cmake/rosidl_cmake_export_typesupport_libraries-extras.cmake
[1.504s] -- Up-to-date: /home/mrush/exercise/src/ros-exercises/install/fibonacci_action/share/fibonacci_action/cmake/fibonacci_actionConfig.cmake
[1.505s] -- Up-to-date: /home/mrush/exercise/src/ros-exercises/install/fibonacci_action/share/fibonacci_action/cmake/fibonacci_actionConfig-version.cmake
[1.507s] -- Up-to-date: /home/mrush/exercise/src/ros-exercises/install/fibonacci_action/share/fibonacci_action/package.xml
[1.869s] Invoked command in '/home/mrush/exercise/src/ros-exercises/build/fibonacci_action' returned '0': CMAKE_PREFIX_PATH=${CMAKE_PREFIX_PATH}:/home/mrush/exercise/src/ros-exercises/install/navigation2_dist:/opt/ros/humble WSLENV=ELECTRON_RUN_AS_NODE/w: /usr/bin/cmake --install /home/mrush/exercise/src/ros-exercises/build/fibonacci_action
