[0.922s] Invoking command in '/home/r3k7/Nauka_ros/src/ros-exercises/build/pub_sub': CMAKE_PREFIX_PATH=${CMAKE_PREFIX_PATH}:/home/r3k7/Nauka_ros/src/ros-exercises/install/navigation2_dist:/opt/ros/humble WSLENV=ELECTRON_RUN_AS_NODE/w:WT_SESSION:WT_PROFILE_ID: /usr/bin/cmake --build /home/r3k7/Nauka_ros/src/ros-exercises/build/pub_sub -- -j8 -l8
[1.132s] [ 50%] Built target talker
[1.210s] [100%] Built target listener
[1.640s] Invoked command in '/home/r3k7/Nauka_ros/src/ros-exercises/build/pub_sub' returned '0': CMAKE_PREFIX_PATH=${CMAKE_PREFIX_PATH}:/home/r3k7/Nauka_ros/src/ros-exercises/install/navigation2_dist:/opt/ros/humble WSLENV=ELECTRON_RUN_AS_NODE/w:WT_SESSION:WT_PROFILE_ID: /usr/bin/cmake --build /home/r3k7/Nauka_ros/src/ros-exercises/build/pub_sub -- -j8 -l8
[2.064s] Invoking command in '/home/r3k7/Nauka_ros/src/ros-exercises/build/pub_sub': CMAKE_PREFIX_PATH=${CMAKE_PREFIX_PATH}:/home/r3k7/Nauka_ros/src/ros-exercises/install/navigation2_dist:/opt/ros/humble WSLENV=ELECTRON_RUN_AS_NODE/w:WT_SESSION:WT_PROFILE_ID: /usr/bin/cmake --install /home/r3k7/Nauka_ros/src/ros-exercises/build/pub_sub
[2.106s] -- Install configuration: ""
[2.108s] -- Up-to-date: /home/r3k7/Nauka_ros/src/ros-exercises/install/pub_sub/lib/pub_sub/talker
[2.109s] -- Up-to-date: /home/r3k7/Nauka_ros/src/ros-exercises/install/pub_sub/lib/pub_sub/listener
[2.110s] -- Up-to-date: /home/r3k7/Nauka_ros/src/ros-exercises/install/pub_sub/share/ament_index/resource_index/package_run_dependencies/pub_sub
[2.111s] -- Up-to-date: /home/r3k7/Nauka_ros/src/ros-exercises/install/pub_sub/share/ament_index/resource_index/parent_prefix_path/pub_sub
[2.111s] -- Up-to-date: /home/r3k7/Nauka_ros/src/ros-exercises/install/pub_sub/share/pub_sub/environment/ament_prefix_path.sh
[2.111s] -- Up-to-date: /home/r3k7/Nauka_ros/src/ros-exercises/install/pub_sub/share/pub_sub/environment/ament_prefix_path.dsv
[2.112s] -- Up-to-date: /home/r3k7/Nauka_ros/src/ros-exercises/install/pub_sub/share/pub_sub/environment/path.sh
[2.112s] -- Up-to-date: /home/r3k7/Nauka_ros/src/ros-exercises/install/pub_sub/share/pub_sub/environment/path.dsv
[2.112s] -- Up-to-date: /home/r3k7/Nauka_ros/src/ros-exercises/install/pub_sub/share/pub_sub/local_setup.bash
[2.113s] -- Up-to-date: /home/r3k7/Nauka_ros/src/ros-exercises/install/pub_sub/share/pub_sub/local_setup.sh
[2.114s] -- Up-to-date: /home/r3k7/Nauka_ros/src/ros-exercises/install/pub_sub/share/pub_sub/local_setup.zsh
[2.114s] -- Up-to-date: /home/r3k7/Nauka_ros/src/ros-exercises/install/pub_sub/share/pub_sub/local_setup.dsv
[2.114s] -- Installing: /home/r3k7/Nauka_ros/src/ros-exercises/install/pub_sub/share/pub_sub/package.dsv
[2.114s] -- Up-to-date: /home/r3k7/Nauka_ros/src/ros-exercises/install/pub_sub/share/ament_index/resource_index/packages/pub_sub
[2.114s] -- Up-to-date: /home/r3k7/Nauka_ros/src/ros-exercises/install/pub_sub/share/pub_sub/cmake/pub_subConfig.cmake
[2.114s] -- Up-to-date: /home/r3k7/Nauka_ros/src/ros-exercises/install/pub_sub/share/pub_sub/cmake/pub_subConfig-version.cmake
[2.115s] -- Up-to-date: /home/r3k7/Nauka_ros/src/ros-exercises/install/pub_sub/share/pub_sub/package.xml
[2.131s] Invoked command in '/home/r3k7/Nauka_ros/src/ros-exercises/build/pub_sub' returned '0': CMAKE_PREFIX_PATH=${CMAKE_PREFIX_PATH}:/home/r3k7/Nauka_ros/src/ros-exercises/install/navigation2_dist:/opt/ros/humble WSLENV=ELECTRON_RUN_AS_NODE/w:WT_SESSION:WT_PROFILE_ID: /usr/bin/cmake --install /home/r3k7/Nauka_ros/src/ros-exercises/build/pub_sub
