[1.015s] DEBUG:colcon:Command line arguments: ['/usr/bin/colcon', 'build']
[1.015s] DEBUG:colcon:Parsed command line arguments: Namespace(log_base=None, log_level=None, verb_name='build', build_base='build', install_base='install', merge_install=False, symlink_install=False, test_result_base=None, continue_on_error=False, executor='parallel', parallel_workers=8, event_handlers=None, ignore_user_meta=False, metas=['./colcon.meta'], base_paths=['.'], packages_ignore=None, packages_ignore_regex=None, paths=None, packages_up_to=None, packages_up_to_regex=None, packages_above=None, packages_above_and_dependencies=None, packages_above_depth=None, packages_select_by_dep=None, packages_skip_by_dep=None, packages_skip_up_to=None, packages_select_build_failed=False, packages_skip_build_finished=False, packages_select_test_failures=False, packages_skip_test_passed=False, packages_select=None, packages_skip=None, packages_select_regex=None, packages_skip_regex=None, packages_start=None, packages_end=None, allow_overriding=[], cmake_args=None, cmake_target=None, cmake_target_skip_unavailable=False, cmake_clean_cache=False, cmake_clean_first=False, cmake_force_configure=False, ament_cmake_args=None, catkin_cmake_args=None, catkin_skip_building_tests=False, verb_parser=<colcon_defaults.argument_parser.defaults.DefaultArgumentsDecorator object at 0x7f3839e59510>, verb_extension=<colcon_core.verb.build.BuildVerb object at 0x7f383a300520>, main=<bound method BuildVerb.main of <colcon_core.verb.build.BuildVerb object at 0x7f383a300520>>)
[1.065s] Level 1:colcon.colcon_core.package_discovery:discover_packages(colcon_meta) check parameters
[1.065s] Level 1:colcon.colcon_core.package_discovery:discover_packages(recursive) check parameters
[1.065s] Level 1:colcon.colcon_core.package_discovery:discover_packages(ignore) check parameters
[1.065s] Level 1:colcon.colcon_core.package_discovery:discover_packages(path) check parameters
[1.065s] Level 1:colcon.colcon_core.package_discovery:discover_packages(colcon_meta) discover
[1.065s] Level 1:colcon.colcon_core.package_discovery:discover_packages(recursive) discover
[1.065s] INFO:colcon.colcon_core.package_discovery:Crawling recursively for packages in '/home/r3k7/Nauka_ros/src/ros-exercises'
[1.065s] Level 1:colcon.colcon_core.package_identification:_identify(.) by extensions ['ignore', 'ignore_ament_install']
[1.066s] Level 1:colcon.colcon_core.package_identification:_identify(.) by extension 'ignore'
[1.066s] Level 1:colcon.colcon_core.package_identification:_identify(.) by extension 'ignore_ament_install'
[1.066s] Level 1:colcon.colcon_core.package_identification:_identify(.) by extensions ['colcon_pkg']
[1.066s] Level 1:colcon.colcon_core.package_identification:_identify(.) by extension 'colcon_pkg'
[1.066s] Level 1:colcon.colcon_core.package_identification:_identify(.) by extensions ['colcon_meta']
[1.066s] Level 1:colcon.colcon_core.package_identification:_identify(.) by extension 'colcon_meta'
[1.066s] Level 1:colcon.colcon_core.package_identification:_identify(.) by extensions ['ros']
[1.066s] Level 1:colcon.colcon_core.package_identification:_identify(.) by extension 'ros'
[1.078s] Level 1:colcon.colcon_core.package_identification:_identify(.) by extensions ['cmake', 'python']
[1.078s] Level 1:colcon.colcon_core.package_identification:_identify(.) by extension 'cmake'
[1.078s] Level 1:colcon.colcon_core.package_identification:_identify(.) by extension 'python'
[1.079s] Level 1:colcon.colcon_core.package_identification:_identify(.) by extensions ['python_setup_py']
[1.079s] Level 1:colcon.colcon_core.package_identification:_identify(.) by extension 'python_setup_py'
[1.079s] Level 1:colcon.colcon_core.package_identification:_identify(build) by extensions ['ignore', 'ignore_ament_install']
[1.079s] Level 1:colcon.colcon_core.package_identification:_identify(build) by extension 'ignore'
[1.079s] Level 1:colcon.colcon_core.package_identification:_identify(build) ignored
[1.079s] Level 1:colcon.colcon_core.package_identification:_identify(ex_solution) by extensions ['ignore', 'ignore_ament_install']
[1.079s] Level 1:colcon.colcon_core.package_identification:_identify(ex_solution) by extension 'ignore'
[1.079s] Level 1:colcon.colcon_core.package_identification:_identify(ex_solution) by extension 'ignore_ament_install'
[1.079s] Level 1:colcon.colcon_core.package_identification:_identify(ex_solution) by extensions ['colcon_pkg']
[1.079s] Level 1:colcon.colcon_core.package_identification:_identify(ex_solution) by extension 'colcon_pkg'
[1.079s] Level 1:colcon.colcon_core.package_identification:_identify(ex_solution) by extensions ['colcon_meta']
[1.079s] Level 1:colcon.colcon_core.package_identification:_identify(ex_solution) by extension 'colcon_meta'
[1.079s] Level 1:colcon.colcon_core.package_identification:_identify(ex_solution) by extensions ['ros']
[1.079s] Level 1:colcon.colcon_core.package_identification:_identify(ex_solution) by extension 'ros'
[1.082s] DEBUG:colcon.colcon_core.package_identification:Package 'ex_solution' with type 'ros.ament_cmake' and name 'ex_solution'
[1.082s] Level 1:colcon.colcon_core.package_identification:_identify(exercise) by extensions ['ignore', 'ignore_ament_install']
[1.082s] Level 1:colcon.colcon_core.package_identification:_identify(exercise) by extension 'ignore'
[1.082s] Level 1:colcon.colcon_core.package_identification:_identify(exercise) by extension 'ignore_ament_install'
[1.082s] Level 1:colcon.colcon_core.package_identification:_identify(exercise) by extensions ['colcon_pkg']
[1.082s] Level 1:colcon.colcon_core.package_identification:_identify(exercise) by extension 'colcon_pkg'
[1.082s] Level 1:colcon.colcon_core.package_identification:_identify(exercise) by extensions ['colcon_meta']
[1.082s] Level 1:colcon.colcon_core.package_identification:_identify(exercise) by extension 'colcon_meta'
[1.083s] Level 1:colcon.colcon_core.package_identification:_identify(exercise) by extensions ['ros']
[1.083s] Level 1:colcon.colcon_core.package_identification:_identify(exercise) by extension 'ros'
[1.083s] DEBUG:colcon.colcon_core.package_identification:Package 'exercise' with type 'ros.ament_cmake' and name 'exercise'
[1.083s] Level 1:colcon.colcon_core.package_identification:_identify(fibonacci_action) by extensions ['ignore', 'ignore_ament_install']
[1.083s] Level 1:colcon.colcon_core.package_identification:_identify(fibonacci_action) by extension 'ignore'
[1.083s] Level 1:colcon.colcon_core.package_identification:_identify(fibonacci_action) by extension 'ignore_ament_install'
[1.084s] Level 1:colcon.colcon_core.package_identification:_identify(fibonacci_action) by extensions ['colcon_pkg']
[1.084s] Level 1:colcon.colcon_core.package_identification:_identify(fibonacci_action) by extension 'colcon_pkg'
[1.084s] Level 1:colcon.colcon_core.package_identification:_identify(fibonacci_action) by extensions ['colcon_meta']
[1.084s] Level 1:colcon.colcon_core.package_identification:_identify(fibonacci_action) by extension 'colcon_meta'
[1.084s] Level 1:colcon.colcon_core.package_identification:_identify(fibonacci_action) by extensions ['ros']
[1.084s] Level 1:colcon.colcon_core.package_identification:_identify(fibonacci_action) by extension 'ros'
[1.084s] DEBUG:colcon.colcon_core.package_identification:Package 'fibonacci_action' with type 'ros.ament_cmake' and name 'fibonacci_action'
[1.084s] Level 1:colcon.colcon_core.package_identification:_identify(install) by extensions ['ignore', 'ignore_ament_install']
[1.084s] Level 1:colcon.colcon_core.package_identification:_identify(install) by extension 'ignore'
[1.084s] Level 1:colcon.colcon_core.package_identification:_identify(install) ignored
[1.085s] Level 1:colcon.colcon_core.package_identification:_identify(log) by extensions ['ignore', 'ignore_ament_install']
[1.085s] Level 1:colcon.colcon_core.package_identification:_identify(log) by extension 'ignore'
[1.085s] Level 1:colcon.colcon_core.package_identification:_identify(log) ignored
[1.085s] Level 1:colcon.colcon_core.package_identification:_identify(navigation2_planners) by extensions ['ignore', 'ignore_ament_install']
[1.085s] Level 1:colcon.colcon_core.package_identification:_identify(navigation2_planners) by extension 'ignore'
[1.085s] Level 1:colcon.colcon_core.package_identification:_identify(navigation2_planners) by extension 'ignore_ament_install'
[1.085s] Level 1:colcon.colcon_core.package_identification:_identify(navigation2_planners) by extensions ['colcon_pkg']
[1.085s] Level 1:colcon.colcon_core.package_identification:_identify(navigation2_planners) by extension 'colcon_pkg'
[1.085s] Level 1:colcon.colcon_core.package_identification:_identify(navigation2_planners) by extensions ['colcon_meta']
[1.085s] Level 1:colcon.colcon_core.package_identification:_identify(navigation2_planners) by extension 'colcon_meta'
[1.085s] Level 1:colcon.colcon_core.package_identification:_identify(navigation2_planners) by extensions ['ros']
[1.085s] Level 1:colcon.colcon_core.package_identification:_identify(navigation2_planners) by extension 'ros'
[1.085s] Level 1:colcon.colcon_core.package_identification:_identify(navigation2_planners) by extensions ['cmake', 'python']
[1.085s] Level 1:colcon.colcon_core.package_identification:_identify(navigation2_planners) by extension 'cmake'
[1.085s] Level 1:colcon.colcon_core.package_identification:_identify(navigation2_planners) by extension 'python'
[1.085s] Level 1:colcon.colcon_core.package_identification:_identify(navigation2_planners) by extensions ['python_setup_py']
[1.085s] Level 1:colcon.colcon_core.package_identification:_identify(navigation2_planners) by extension 'python_setup_py'
[1.085s] Level 1:colcon.colcon_core.package_identification:_identify(navigation2_planners/navigation2_dist) by extensions ['ignore', 'ignore_ament_install']
[1.085s] Level 1:colcon.colcon_core.package_identification:_identify(navigation2_planners/navigation2_dist) by extension 'ignore'
[1.086s] Level 1:colcon.colcon_core.package_identification:_identify(navigation2_planners/navigation2_dist) by extension 'ignore_ament_install'
[1.086s] Level 1:colcon.colcon_core.package_identification:_identify(navigation2_planners/navigation2_dist) by extensions ['colcon_pkg']
[1.086s] Level 1:colcon.colcon_core.package_identification:_identify(navigation2_planners/navigation2_dist) by extension 'colcon_pkg'
[1.086s] Level 1:colcon.colcon_core.package_identification:_identify(navigation2_planners/navigation2_dist) by extensions ['colcon_meta']
[1.086s] Level 1:colcon.colcon_core.package_identification:_identify(navigation2_planners/navigation2_dist) by extension 'colcon_meta'
[1.086s] Level 1:colcon.colcon_core.package_identification:_identify(navigation2_planners/navigation2_dist) by extensions ['ros']
[1.086s] Level 1:colcon.colcon_core.package_identification:_identify(navigation2_planners/navigation2_dist) by extension 'ros'
[1.086s] DEBUG:colcon.colcon_core.package_identification:Package 'navigation2_planners/navigation2_dist' with type 'ros.ament_python' and name 'navigation2_dist'
[1.086s] Level 1:colcon.colcon_core.package_identification:_identify(navigation2_planners/navigation2_turtlebot) by extensions ['ignore', 'ignore_ament_install']
[1.086s] Level 1:colcon.colcon_core.package_identification:_identify(navigation2_planners/navigation2_turtlebot) by extension 'ignore'
[1.086s] Level 1:colcon.colcon_core.package_identification:_identify(navigation2_planners/navigation2_turtlebot) by extension 'ignore_ament_install'
[1.086s] Level 1:colcon.colcon_core.package_identification:_identify(navigation2_planners/navigation2_turtlebot) by extensions ['colcon_pkg']
[1.087s] Level 1:colcon.colcon_core.package_identification:_identify(navigation2_planners/navigation2_turtlebot) by extension 'colcon_pkg'
[1.087s] Level 1:colcon.colcon_core.package_identification:_identify(navigation2_planners/navigation2_turtlebot) by extensions ['colcon_meta']
[1.087s] Level 1:colcon.colcon_core.package_identification:_identify(navigation2_planners/navigation2_turtlebot) by extension 'colcon_meta'
[1.087s] Level 1:colcon.colcon_core.package_identification:_identify(navigation2_planners/navigation2_turtlebot) by extensions ['ros']
[1.087s] Level 1:colcon.colcon_core.package_identification:_identify(navigation2_planners/navigation2_turtlebot) by extension 'ros'
[1.087s] DEBUG:colcon.colcon_core.package_identification:Package 'navigation2_planners/navigation2_turtlebot' with type 'ros.ament_cmake' and name 'navigation2_turtle'
[1.087s] Level 1:colcon.colcon_core.package_identification:_identify(pub_sub) by extensions ['ignore', 'ignore_ament_install']
[1.087s] Level 1:colcon.colcon_core.package_identification:_identify(pub_sub) by extension 'ignore'
[1.088s] Level 1:colcon.colcon_core.package_identification:_identify(pub_sub) by extension 'ignore_ament_install'
[1.088s] Level 1:colcon.colcon_core.package_identification:_identify(pub_sub) by extensions ['colcon_pkg']
[1.088s] Level 1:colcon.colcon_core.package_identification:_identify(pub_sub) by extension 'colcon_pkg'
[1.088s] Level 1:colcon.colcon_core.package_identification:_identify(pub_sub) by extensions ['colcon_meta']
[1.088s] Level 1:colcon.colcon_core.package_identification:_identify(pub_sub) by extension 'colcon_meta'
[1.088s] Level 1:colcon.colcon_core.package_identification:_identify(pub_sub) by extensions ['ros']
[1.088s] Level 1:colcon.colcon_core.package_identification:_identify(pub_sub) by extension 'ros'
[1.088s] DEBUG:colcon.colcon_core.package_identification:Package 'pub_sub' with type 'ros.ament_cmake' and name 'pub_sub'
[1.088s] Level 1:colcon.colcon_core.package_discovery:discover_packages(recursive) using defaults
[1.088s] Level 1:colcon.colcon_core.package_discovery:discover_packages(ignore) discover
[1.088s] Level 1:colcon.colcon_core.package_discovery:discover_packages(ignore) using defaults
[1.088s] Level 1:colcon.colcon_core.package_discovery:discover_packages(path) discover
[1.088s] Level 1:colcon.colcon_core.package_discovery:discover_packages(path) using defaults
[1.173s] Level 1:colcon.colcon_core.package_discovery:discover_packages(prefix_path) check parameters
[1.173s] Level 1:colcon.colcon_core.package_discovery:discover_packages(prefix_path) discover
[1.201s] DEBUG:colcon.colcon_installed_package_information.package_discovery:Found 6 installed packages in /home/r3k7/Nauka_ros/src/ros-exercises/install
[1.215s] DEBUG:colcon.colcon_installed_package_information.package_discovery:Found 328 installed packages in /opt/ros/humble
[1.216s] Level 1:colcon.colcon_core.package_discovery:discover_packages(prefix_path) using defaults
[1.284s] Level 5:colcon.colcon_core.verb:set package 'ex_solution' build argument 'cmake_args' from command line to 'None'
[1.284s] Level 5:colcon.colcon_core.verb:set package 'ex_solution' build argument 'cmake_target' from command line to 'None'
[1.284s] Level 5:colcon.colcon_core.verb:set package 'ex_solution' build argument 'cmake_target_skip_unavailable' from command line to 'False'
[1.284s] Level 5:colcon.colcon_core.verb:set package 'ex_solution' build argument 'cmake_clean_cache' from command line to 'False'
[1.284s] Level 5:colcon.colcon_core.verb:set package 'ex_solution' build argument 'cmake_clean_first' from command line to 'False'
[1.284s] Level 5:colcon.colcon_core.verb:set package 'ex_solution' build argument 'cmake_force_configure' from command line to 'False'
[1.284s] Level 5:colcon.colcon_core.verb:set package 'ex_solution' build argument 'ament_cmake_args' from command line to 'None'
[1.284s] Level 5:colcon.colcon_core.verb:set package 'ex_solution' build argument 'catkin_cmake_args' from command line to 'None'
[1.284s] Level 5:colcon.colcon_core.verb:set package 'ex_solution' build argument 'catkin_skip_building_tests' from command line to 'False'
[1.284s] DEBUG:colcon.colcon_core.verb:Building package 'ex_solution' with the following arguments: {'ament_cmake_args': None, 'build_base': '/home/r3k7/Nauka_ros/src/ros-exercises/build/ex_solution', 'catkin_cmake_args': None, 'catkin_skip_building_tests': False, 'cmake_args': None, 'cmake_clean_cache': False, 'cmake_clean_first': False, 'cmake_force_configure': False, 'cmake_target': None, 'cmake_target_skip_unavailable': False, 'install_base': '/home/r3k7/Nauka_ros/src/ros-exercises/install/ex_solution', 'merge_install': False, 'path': '/home/r3k7/Nauka_ros/src/ros-exercises/ex_solution', 'symlink_install': False, 'test_result_base': None}
[1.296s] Level 5:colcon.colcon_core.verb:set package 'exercise' build argument 'cmake_args' from command line to 'None'
[1.296s] Level 5:colcon.colcon_core.verb:set package 'exercise' build argument 'cmake_target' from command line to 'None'
[1.297s] Level 5:colcon.colcon_core.verb:set package 'exercise' build argument 'cmake_target_skip_unavailable' from command line to 'False'
[1.297s] Level 5:colcon.colcon_core.verb:set package 'exercise' build argument 'cmake_clean_cache' from command line to 'False'
[1.297s] Level 5:colcon.colcon_core.verb:set package 'exercise' build argument 'cmake_clean_first' from command line to 'False'
[1.297s] Level 5:colcon.colcon_core.verb:set package 'exercise' build argument 'cmake_force_configure' from command line to 'False'
[1.297s] Level 5:colcon.colcon_core.verb:set package 'exercise' build argument 'ament_cmake_args' from command line to 'None'
[1.297s] Level 5:colcon.colcon_core.verb:set package 'exercise' build argument 'catkin_cmake_args' from command line to 'None'
[1.297s] Level 5:colcon.colcon_core.verb:set package 'exercise' build argument 'catkin_skip_building_tests' from command line to 'False'
[1.297s] DEBUG:colcon.colcon_core.verb:Building package 'exercise' with the following arguments: {'ament_cmake_args': None, 'build_base': '/home/r3k7/Nauka_ros/src/ros-exercises/build/exercise', 'catkin_cmake_args': None, 'catkin_skip_building_tests': False, 'cmake_args': None, 'cmake_clean_cache': False, 'cmake_clean_first': False, 'cmake_force_configure': False, 'cmake_target': None, 'cmake_target_skip_unavailable': False, 'install_base': '/home/r3k7/Nauka_ros/src/ros-exercises/install/exercise', 'merge_install': False, 'path': '/home/r3k7/Nauka_ros/src/ros-exercises/exercise', 'symlink_install': False, 'test_result_base': None}
[1.324s] Level 5:colcon.colcon_core.verb:set package 'fibonacci_action' build argument 'cmake_args' from command line to 'None'
[1.324s] Level 5:colcon.colcon_core.verb:set package 'fibonacci_action' build argument 'cmake_target' from command line to 'None'
[1.324s] Level 5:colcon.colcon_core.verb:set package 'fibonacci_action' build argument 'cmake_target_skip_unavailable' from command line to 'False'
[1.324s] Level 5:colcon.colcon_core.verb:set package 'fibonacci_action' build argument 'cmake_clean_cache' from command line to 'False'
[1.324s] Level 5:colcon.colcon_core.verb:set package 'fibonacci_action' build argument 'cmake_clean_first' from command line to 'False'
[1.324s] Level 5:colcon.colcon_core.verb:set package 'fibonacci_action' build argument 'cmake_force_configure' from command line to 'False'
[1.324s] Level 5:colcon.colcon_core.verb:set package 'fibonacci_action' build argument 'ament_cmake_args' from command line to 'None'
[1.324s] Level 5:colcon.colcon_core.verb:set package 'fibonacci_action' build argument 'catkin_cmake_args' from command line to 'None'
[1.324s] Level 5:colcon.colcon_core.verb:set package 'fibonacci_action' build argument 'catkin_skip_building_tests' from command line to 'False'
[1.324s] DEBUG:colcon.colcon_core.verb:Building package 'fibonacci_action' with the following arguments: {'ament_cmake_args': None, 'build_base': '/home/r3k7/Nauka_ros/src/ros-exercises/build/fibonacci_action', 'catkin_cmake_args': None, 'catkin_skip_building_tests': False, 'cmake_args': None, 'cmake_clean_cache': False, 'cmake_clean_first': False, 'cmake_force_configure': False, 'cmake_target': None, 'cmake_target_skip_unavailable': False, 'install_base': '/home/r3k7/Nauka_ros/src/ros-exercises/install/fibonacci_action', 'merge_install': False, 'path': '/home/r3k7/Nauka_ros/src/ros-exercises/fibonacci_action', 'symlink_install': False, 'test_result_base': None}
[1.338s] Level 5:colcon.colcon_core.verb:set package 'navigation2_dist' build argument 'cmake_args' from command line to 'None'
[1.338s] Level 5:colcon.colcon_core.verb:set package 'navigation2_dist' build argument 'cmake_target' from command line to 'None'
[1.338s] Level 5:colcon.colcon_core.verb:set package 'navigation2_dist' build argument 'cmake_target_skip_unavailable' from command line to 'False'
[1.338s] Level 5:colcon.colcon_core.verb:set package 'navigation2_dist' build argument 'cmake_clean_cache' from command line to 'False'
[1.338s] Level 5:colcon.colcon_core.verb:set package 'navigation2_dist' build argument 'cmake_clean_first' from command line to 'False'
[1.338s] Level 5:colcon.colcon_core.verb:set package 'navigation2_dist' build argument 'cmake_force_configure' from command line to 'False'
[1.338s] Level 5:colcon.colcon_core.verb:set package 'navigation2_dist' build argument 'ament_cmake_args' from command line to 'None'
[1.338s] Level 5:colcon.colcon_core.verb:set package 'navigation2_dist' build argument 'catkin_cmake_args' from command line to 'None'
[1.338s] Level 5:colcon.colcon_core.verb:set package 'navigation2_dist' build argument 'catkin_skip_building_tests' from command line to 'False'
[1.338s] DEBUG:colcon.colcon_core.verb:Building package 'navigation2_dist' with the following arguments: {'ament_cmake_args': None, 'build_base': '/home/r3k7/Nauka_ros/src/ros-exercises/build/navigation2_dist', 'catkin_cmake_args': None, 'catkin_skip_building_tests': False, 'cmake_args': None, 'cmake_clean_cache': False, 'cmake_clean_first': False, 'cmake_force_configure': False, 'cmake_target': None, 'cmake_target_skip_unavailable': False, 'install_base': '/home/r3k7/Nauka_ros/src/ros-exercises/install/navigation2_dist', 'merge_install': False, 'path': '/home/r3k7/Nauka_ros/src/ros-exercises/navigation2_planners/navigation2_dist', 'symlink_install': False, 'test_result_base': None}
[1.353s] Level 5:colcon.colcon_core.verb:set package 'navigation2_turtle' build argument 'cmake_args' from command line to 'None'
[1.353s] Level 5:colcon.colcon_core.verb:set package 'navigation2_turtle' build argument 'cmake_target' from command line to 'None'
[1.353s] Level 5:colcon.colcon_core.verb:set package 'navigation2_turtle' build argument 'cmake_target_skip_unavailable' from command line to 'False'
[1.353s] Level 5:colcon.colcon_core.verb:set package 'navigation2_turtle' build argument 'cmake_clean_cache' from command line to 'False'
[1.353s] Level 5:colcon.colcon_core.verb:set package 'navigation2_turtle' build argument 'cmake_clean_first' from command line to 'False'
[1.353s] Level 5:colcon.colcon_core.verb:set package 'navigation2_turtle' build argument 'cmake_force_configure' from command line to 'False'
[1.354s] Level 5:colcon.colcon_core.verb:set package 'navigation2_turtle' build argument 'ament_cmake_args' from command line to 'None'
[1.354s] Level 5:colcon.colcon_core.verb:set package 'navigation2_turtle' build argument 'catkin_cmake_args' from command line to 'None'
[1.354s] Level 5:colcon.colcon_core.verb:set package 'navigation2_turtle' build argument 'catkin_skip_building_tests' from command line to 'False'
[1.354s] DEBUG:colcon.colcon_core.verb:Building package 'navigation2_turtle' with the following arguments: {'ament_cmake_args': None, 'build_base': '/home/r3k7/Nauka_ros/src/ros-exercises/build/navigation2_turtle', 'catkin_cmake_args': None, 'catkin_skip_building_tests': False, 'cmake_args': None, 'cmake_clean_cache': False, 'cmake_clean_first': False, 'cmake_force_configure': False, 'cmake_target': None, 'cmake_target_skip_unavailable': False, 'install_base': '/home/r3k7/Nauka_ros/src/ros-exercises/install/navigation2_turtle', 'merge_install': False, 'path': '/home/r3k7/Nauka_ros/src/ros-exercises/navigation2_planners/navigation2_turtlebot', 'symlink_install': False, 'test_result_base': None}
[1.369s] Level 5:colcon.colcon_core.verb:set package 'pub_sub' build argument 'cmake_args' from command line to 'None'
[1.369s] Level 5:colcon.colcon_core.verb:set package 'pub_sub' build argument 'cmake_target' from command line to 'None'
[1.369s] Level 5:colcon.colcon_core.verb:set package 'pub_sub' build argument 'cmake_target_skip_unavailable' from command line to 'False'
[1.369s] Level 5:colcon.colcon_core.verb:set package 'pub_sub' build argument 'cmake_clean_cache' from command line to 'False'
[1.369s] Level 5:colcon.colcon_core.verb:set package 'pub_sub' build argument 'cmake_clean_first' from command line to 'False'
[1.369s] Level 5:colcon.colcon_core.verb:set package 'pub_sub' build argument 'cmake_force_configure' from command line to 'False'
[1.369s] Level 5:colcon.colcon_core.verb:set package 'pub_sub' build argument 'ament_cmake_args' from command line to 'None'
[1.369s] Level 5:colcon.colcon_core.verb:set package 'pub_sub' build argument 'catkin_cmake_args' from command line to 'None'
[1.369s] Level 5:colcon.colcon_core.verb:set package 'pub_sub' build argument 'catkin_skip_building_tests' from command line to 'False'
[1.369s] DEBUG:colcon.colcon_core.verb:Building package 'pub_sub' with the following arguments: {'ament_cmake_args': None, 'build_base': '/home/r3k7/Nauka_ros/src/ros-exercises/build/pub_sub', 'catkin_cmake_args': None, 'catkin_skip_building_tests': False, 'cmake_args': None, 'cmake_clean_cache': False, 'cmake_clean_first': False, 'cmake_force_configure': False, 'cmake_target': None, 'cmake_target_skip_unavailable': False, 'install_base': '/home/r3k7/Nauka_ros/src/ros-exercises/install/pub_sub', 'merge_install': False, 'path': '/home/r3k7/Nauka_ros/src/ros-exercises/pub_sub', 'symlink_install': False, 'test_result_base': None}
[1.382s] INFO:colcon.colcon_core.executor:Executing jobs using 'parallel' executor
[1.395s] DEBUG:colcon.colcon_parallel_executor.executor.parallel:run_until_complete
[1.395s] INFO:colcon.colcon_ros.task.ament_cmake.build:Building ROS package in '/home/r3k7/Nauka_ros/src/ros-exercises/ex_solution' with build type 'ament_cmake'
[1.396s] INFO:colcon.colcon_cmake.task.cmake.build:Building CMake package in '/home/r3k7/Nauka_ros/src/ros-exercises/ex_solution'
[1.413s] INFO:colcon.colcon_core.plugin_system:Skipping extension 'colcon_core.shell.bat': Not used on non-Windows systems
[1.413s] INFO:colcon.colcon_core.shell:Skip shell extension 'powershell' for command environment: Not usable outside of PowerShell
[1.413s] DEBUG:colcon.colcon_core.shell:Skip shell extension 'dsv' for command environment
[1.462s] INFO:colcon.colcon_ros.task.ament_cmake.build:Building ROS package in '/home/r3k7/Nauka_ros/src/ros-exercises/exercise' with build type 'ament_cmake'
[1.462s] INFO:colcon.colcon_cmake.task.cmake.build:Building CMake package in '/home/r3k7/Nauka_ros/src/ros-exercises/exercise'
[1.476s] INFO:colcon.colcon_core.shell:Skip shell extension 'powershell' for command environment: Not usable outside of PowerShell
[1.477s] DEBUG:colcon.colcon_core.shell:Skip shell extension 'dsv' for command environment
[1.528s] INFO:colcon.colcon_ros.task.ament_cmake.build:Building ROS package in '/home/r3k7/Nauka_ros/src/ros-exercises/fibonacci_action' with build type 'ament_cmake'
[1.528s] INFO:colcon.colcon_cmake.task.cmake.build:Building CMake package in '/home/r3k7/Nauka_ros/src/ros-exercises/fibonacci_action'
[1.544s] INFO:colcon.colcon_core.shell:Skip shell extension 'powershell' for command environment: Not usable outside of PowerShell
[1.545s] DEBUG:colcon.colcon_core.shell:Skip shell extension 'dsv' for command environment
[1.590s] INFO:colcon.colcon_ros.task.ament_python.build:Building ROS package in '/home/r3k7/Nauka_ros/src/ros-exercises/navigation2_planners/navigation2_dist' with build type 'ament_python'
[1.590s] Level 1:colcon.colcon_core.shell:create_environment_hook('navigation2_dist', 'ament_prefix_path')
[1.606s] INFO:colcon.colcon_core.shell:Creating environment hook '/home/r3k7/Nauka_ros/src/ros-exercises/install/navigation2_dist/share/navigation2_dist/hook/ament_prefix_path.ps1'
[1.606s] INFO:colcon.colcon_core.shell:Creating environment descriptor '/home/r3k7/Nauka_ros/src/ros-exercises/install/navigation2_dist/share/navigation2_dist/hook/ament_prefix_path.dsv'
[1.607s] INFO:colcon.colcon_core.shell:Creating environment hook '/home/r3k7/Nauka_ros/src/ros-exercises/install/navigation2_dist/share/navigation2_dist/hook/ament_prefix_path.sh'
[1.624s] INFO:colcon.colcon_core.shell:Skip shell extension 'powershell' for command environment: Not usable outside of PowerShell
[1.624s] DEBUG:colcon.colcon_core.shell:Skip shell extension 'dsv' for command environment
[1.669s] INFO:colcon.colcon_ros.task.ament_cmake.build:Building ROS package in '/home/r3k7/Nauka_ros/src/ros-exercises/navigation2_planners/navigation2_turtlebot' with build type 'ament_cmake'
[1.669s] INFO:colcon.colcon_cmake.task.cmake.build:Building CMake package in '/home/r3k7/Nauka_ros/src/ros-exercises/navigation2_planners/navigation2_turtlebot'
[1.686s] INFO:colcon.colcon_core.shell:Skip shell extension 'powershell' for command environment: Not usable outside of PowerShell
[1.686s] DEBUG:colcon.colcon_core.shell:Skip shell extension 'dsv' for command environment
[1.734s] INFO:colcon.colcon_ros.task.ament_cmake.build:Building ROS package in '/home/r3k7/Nauka_ros/src/ros-exercises/pub_sub' with build type 'ament_cmake'
[1.735s] INFO:colcon.colcon_cmake.task.cmake.build:Building CMake package in '/home/r3k7/Nauka_ros/src/ros-exercises/pub_sub'
[1.751s] INFO:colcon.colcon_core.shell:Skip shell extension 'powershell' for command environment: Not usable outside of PowerShell
[1.751s] DEBUG:colcon.colcon_core.shell:Skip shell extension 'dsv' for command environment
[1.801s] DEBUG:colcon.colcon_core.event_handler.log_command:Invoking command in '/home/r3k7/Nauka_ros/src/ros-exercises/build/ex_solution': CMAKE_PREFIX_PATH=${CMAKE_PREFIX_PATH}:/home/r3k7/Nauka_ros/src/ros-exercises/install/navigation2_dist:/opt/ros/humble WSLENV=ELECTRON_RUN_AS_NODE/w:WT_SESSION:WT_PROFILE_ID: /usr/bin/cmake --build /home/r3k7/Nauka_ros/src/ros-exercises/build/ex_solution -- -j8 -l8
[1.807s] DEBUG:colcon.colcon_core.event_handler.log_command:Invoking command in '/home/r3k7/Nauka_ros/src/ros-exercises/build/exercise': CMAKE_PREFIX_PATH=${CMAKE_PREFIX_PATH}:/home/r3k7/Nauka_ros/src/ros-exercises/install/navigation2_dist:/opt/ros/humble WSLENV=ELECTRON_RUN_AS_NODE/w:WT_SESSION:WT_PROFILE_ID: /usr/bin/cmake --build /home/r3k7/Nauka_ros/src/ros-exercises/build/exercise -- -j8 -l8
[1.810s] DEBUG:colcon.colcon_core.event_handler.log_command:Invoking command in '/home/r3k7/Nauka_ros/src/ros-exercises/build/fibonacci_action': CMAKE_PREFIX_PATH=${CMAKE_PREFIX_PATH}:/home/r3k7/Nauka_ros/src/ros-exercises/install/navigation2_dist:/opt/ros/humble WSLENV=ELECTRON_RUN_AS_NODE/w:WT_SESSION:WT_PROFILE_ID: /usr/bin/cmake --build /home/r3k7/Nauka_ros/src/ros-exercises/build/fibonacci_action -- -j8 -l8
[2.095s] INFO:colcon.colcon_core.task.python.build:Building Python package in '/home/r3k7/Nauka_ros/src/ros-exercises/navigation2_planners/navigation2_dist'
[2.111s] INFO:colcon.colcon_core.shell:Skip shell extension 'powershell' for command environment: Not usable outside of PowerShell
[2.111s] DEBUG:colcon.colcon_core.shell:Skip shell extension 'dsv' for command environment
[2.174s] DEBUG:colcon.colcon_core.event_handler.log_command:Invoking command in '/home/r3k7/Nauka_ros/src/ros-exercises/build/navigation2_turtle': CMAKE_PREFIX_PATH=${CMAKE_PREFIX_PATH}:/home/r3k7/Nauka_ros/src/ros-exercises/install/navigation2_dist:/opt/ros/humble WSLENV=ELECTRON_RUN_AS_NODE/w:WT_SESSION:WT_PROFILE_ID: /usr/bin/cmake --build /home/r3k7/Nauka_ros/src/ros-exercises/build/navigation2_turtle -- -j8 -l8
[2.199s] DEBUG:colcon.colcon_core.event_handler.log_command:Invoking command in '/home/r3k7/Nauka_ros/src/ros-exercises/build/pub_sub': CMAKE_PREFIX_PATH=${CMAKE_PREFIX_PATH}:/home/r3k7/Nauka_ros/src/ros-exercises/install/navigation2_dist:/opt/ros/humble WSLENV=ELECTRON_RUN_AS_NODE/w:WT_SESSION:WT_PROFILE_ID: /usr/bin/cmake --build /home/r3k7/Nauka_ros/src/ros-exercises/build/pub_sub -- -j8 -l8
[2.201s] DEBUG:colcon.colcon_core.event_handler.log_command:Invoked command in '/home/r3k7/Nauka_ros/src/ros-exercises/build/exercise' returned '0': CMAKE_PREFIX_PATH=${CMAKE_PREFIX_PATH}:/home/r3k7/Nauka_ros/src/ros-exercises/install/navigation2_dist:/opt/ros/humble WSLENV=ELECTRON_RUN_AS_NODE/w:WT_SESSION:WT_PROFILE_ID: /usr/bin/cmake --build /home/r3k7/Nauka_ros/src/ros-exercises/build/exercise -- -j8 -l8
[2.230s] DEBUG:colcon.colcon_core.event_handler.log_command:Invoked command in '/home/r3k7/Nauka_ros/src/ros-exercises/build/navigation2_turtle' returned '0': CMAKE_PREFIX_PATH=${CMAKE_PREFIX_PATH}:/home/r3k7/Nauka_ros/src/ros-exercises/install/navigation2_dist:/opt/ros/humble WSLENV=ELECTRON_RUN_AS_NODE/w:WT_SESSION:WT_PROFILE_ID: /usr/bin/cmake --build /home/r3k7/Nauka_ros/src/ros-exercises/build/navigation2_turtle -- -j8 -l8
[2.251s] DEBUG:colcon.colcon_core.event_handler.log_command:Invoking command in '/home/r3k7/Nauka_ros/src/ros-exercises/build/exercise': CMAKE_PREFIX_PATH=${CMAKE_PREFIX_PATH}:/home/r3k7/Nauka_ros/src/ros-exercises/install/navigation2_dist:/opt/ros/humble WSLENV=ELECTRON_RUN_AS_NODE/w:WT_SESSION:WT_PROFILE_ID: /usr/bin/cmake --install /home/r3k7/Nauka_ros/src/ros-exercises/build/exercise
[2.277s] DEBUG:colcon.colcon_core.event_handler.log_command:Invoking command in '/home/r3k7/Nauka_ros/src/ros-exercises/build/navigation2_turtle': CMAKE_PREFIX_PATH=${CMAKE_PREFIX_PATH}:/home/r3k7/Nauka_ros/src/ros-exercises/install/navigation2_dist:/opt/ros/humble WSLENV=ELECTRON_RUN_AS_NODE/w:WT_SESSION:WT_PROFILE_ID: /usr/bin/cmake --install /home/r3k7/Nauka_ros/src/ros-exercises/build/navigation2_turtle
[2.292s] Level 1:colcon.colcon_core.environment:create_environment_scripts_only(exercise)
[2.318s] DEBUG:colcon.colcon_core.event_handler.log_command:Invoked command in '/home/r3k7/Nauka_ros/src/ros-exercises/build/exercise' returned '0': CMAKE_PREFIX_PATH=${CMAKE_PREFIX_PATH}:/home/r3k7/Nauka_ros/src/ros-exercises/install/navigation2_dist:/opt/ros/humble WSLENV=ELECTRON_RUN_AS_NODE/w:WT_SESSION:WT_PROFILE_ID: /usr/bin/cmake --install /home/r3k7/Nauka_ros/src/ros-exercises/build/exercise
[2.348s] Level 1:colcon.colcon_core.environment:checking '/home/r3k7/Nauka_ros/src/ros-exercises/install/exercise' for CMake module files
[2.349s] Level 1:colcon.colcon_core.environment:checking '/home/r3k7/Nauka_ros/src/ros-exercises/install/exercise' for CMake config files
[2.349s] Level 1:colcon.colcon_core.shell:create_environment_hook('exercise', 'cmake_prefix_path')
[2.364s] INFO:colcon.colcon_core.shell:Creating environment hook '/home/r3k7/Nauka_ros/src/ros-exercises/install/exercise/share/exercise/hook/cmake_prefix_path.ps1'
[2.365s] INFO:colcon.colcon_core.shell:Creating environment descriptor '/home/r3k7/Nauka_ros/src/ros-exercises/install/exercise/share/exercise/hook/cmake_prefix_path.dsv'
[2.365s] INFO:colcon.colcon_core.shell:Creating environment hook '/home/r3k7/Nauka_ros/src/ros-exercises/install/exercise/share/exercise/hook/cmake_prefix_path.sh'
[2.366s] Level 1:colcon.colcon_core.environment:checking '/home/r3k7/Nauka_ros/src/ros-exercises/install/exercise/bin'
[2.366s] Level 1:colcon.colcon_core.environment:checking '/home/r3k7/Nauka_ros/src/ros-exercises/install/exercise/lib/pkgconfig/exercise.pc'
[2.367s] Level 1:colcon.colcon_core.environment:checking '/home/r3k7/Nauka_ros/src/ros-exercises/install/exercise/lib/python3.10/site-packages'
[2.367s] Level 1:colcon.colcon_core.environment:checking '/home/r3k7/Nauka_ros/src/ros-exercises/install/exercise/bin'
[2.383s] INFO:colcon.colcon_core.shell:Creating package script '/home/r3k7/Nauka_ros/src/ros-exercises/install/exercise/share/exercise/package.ps1'
[2.384s] INFO:colcon.colcon_core.shell:Creating package descriptor '/home/r3k7/Nauka_ros/src/ros-exercises/install/exercise/share/exercise/package.dsv'
[2.384s] INFO:colcon.colcon_core.shell:Creating package script '/home/r3k7/Nauka_ros/src/ros-exercises/install/exercise/share/exercise/package.sh'
[2.385s] INFO:colcon.colcon_core.shell:Creating package script '/home/r3k7/Nauka_ros/src/ros-exercises/install/exercise/share/exercise/package.bash'
[2.385s] INFO:colcon.colcon_core.shell:Creating package script '/home/r3k7/Nauka_ros/src/ros-exercises/install/exercise/share/exercise/package.zsh'
[2.386s] Level 1:colcon.colcon_core.environment:create_file_with_runtime_dependencies(/home/r3k7/Nauka_ros/src/ros-exercises/install/exercise/share/colcon-core/packages/exercise)
[2.388s] Level 1:colcon.colcon_core.environment:create_environment_scripts_only(navigation2_turtle)
[2.390s] DEBUG:colcon.colcon_core.event_handler.log_command:Invoked command in '/home/r3k7/Nauka_ros/src/ros-exercises/build/navigation2_turtle' returned '0': CMAKE_PREFIX_PATH=${CMAKE_PREFIX_PATH}:/home/r3k7/Nauka_ros/src/ros-exercises/install/navigation2_dist:/opt/ros/humble WSLENV=ELECTRON_RUN_AS_NODE/w:WT_SESSION:WT_PROFILE_ID: /usr/bin/cmake --install /home/r3k7/Nauka_ros/src/ros-exercises/build/navigation2_turtle
[2.406s] Level 1:colcon.colcon_core.environment:checking '/home/r3k7/Nauka_ros/src/ros-exercises/install/navigation2_turtle' for CMake module files
[2.406s] Level 1:colcon.colcon_core.environment:checking '/home/r3k7/Nauka_ros/src/ros-exercises/install/navigation2_turtle' for CMake config files
[2.406s] Level 1:colcon.colcon_core.shell:create_environment_hook('navigation2_turtle', 'cmake_prefix_path')
[2.421s] INFO:colcon.colcon_core.shell:Creating environment hook '/home/r3k7/Nauka_ros/src/ros-exercises/install/navigation2_turtle/share/navigation2_turtle/hook/cmake_prefix_path.ps1'
[2.422s] INFO:colcon.colcon_core.shell:Creating environment descriptor '/home/r3k7/Nauka_ros/src/ros-exercises/install/navigation2_turtle/share/navigation2_turtle/hook/cmake_prefix_path.dsv'
[2.422s] INFO:colcon.colcon_core.shell:Creating environment hook '/home/r3k7/Nauka_ros/src/ros-exercises/install/navigation2_turtle/share/navigation2_turtle/hook/cmake_prefix_path.sh'
[2.423s] Level 1:colcon.colcon_core.environment:checking '/home/r3k7/Nauka_ros/src/ros-exercises/install/navigation2_turtle/bin'
[2.423s] Level 1:colcon.colcon_core.environment:checking '/home/r3k7/Nauka_ros/src/ros-exercises/install/navigation2_turtle/lib/pkgconfig/navigation2_turtle.pc'
[2.423s] Level 1:colcon.colcon_core.environment:checking '/home/r3k7/Nauka_ros/src/ros-exercises/install/navigation2_turtle/lib/python3.10/site-packages'
[2.424s] Level 1:colcon.colcon_core.environment:checking '/home/r3k7/Nauka_ros/src/ros-exercises/install/navigation2_turtle/bin'
[2.447s] INFO:colcon.colcon_core.shell:Creating package script '/home/r3k7/Nauka_ros/src/ros-exercises/install/navigation2_turtle/share/navigation2_turtle/package.ps1'
[2.448s] INFO:colcon.colcon_core.shell:Creating package descriptor '/home/r3k7/Nauka_ros/src/ros-exercises/install/navigation2_turtle/share/navigation2_turtle/package.dsv'
[2.449s] INFO:colcon.colcon_core.shell:Creating package script '/home/r3k7/Nauka_ros/src/ros-exercises/install/navigation2_turtle/share/navigation2_turtle/package.sh'
[2.449s] INFO:colcon.colcon_core.shell:Creating package script '/home/r3k7/Nauka_ros/src/ros-exercises/install/navigation2_turtle/share/navigation2_turtle/package.bash'
[2.450s] INFO:colcon.colcon_core.shell:Creating package script '/home/r3k7/Nauka_ros/src/ros-exercises/install/navigation2_turtle/share/navigation2_turtle/package.zsh'
[2.450s] Level 1:colcon.colcon_core.environment:create_file_with_runtime_dependencies(/home/r3k7/Nauka_ros/src/ros-exercises/install/navigation2_turtle/share/colcon-core/packages/navigation2_turtle)
[2.455s] DEBUG:colcon.colcon_core.event_handler.log_command:Invoked command in '/home/r3k7/Nauka_ros/src/ros-exercises/build/pub_sub' returned '0': CMAKE_PREFIX_PATH=${CMAKE_PREFIX_PATH}:/home/r3k7/Nauka_ros/src/ros-exercises/install/navigation2_dist:/opt/ros/humble WSLENV=ELECTRON_RUN_AS_NODE/w:WT_SESSION:WT_PROFILE_ID: /usr/bin/cmake --build /home/r3k7/Nauka_ros/src/ros-exercises/build/pub_sub -- -j8 -l8
[2.456s] DEBUG:colcon.colcon_core.event_handler.log_command:Invoked command in '/home/r3k7/Nauka_ros/src/ros-exercises/build/ex_solution' returned '0': CMAKE_PREFIX_PATH=${CMAKE_PREFIX_PATH}:/home/r3k7/Nauka_ros/src/ros-exercises/install/navigation2_dist:/opt/ros/humble WSLENV=ELECTRON_RUN_AS_NODE/w:WT_SESSION:WT_PROFILE_ID: /usr/bin/cmake --build /home/r3k7/Nauka_ros/src/ros-exercises/build/ex_solution -- -j8 -l8
[2.459s] DEBUG:colcon.colcon_core.event_handler.log_command:Invoked command in '/home/r3k7/Nauka_ros/src/ros-exercises/build/fibonacci_action' returned '0': CMAKE_PREFIX_PATH=${CMAKE_PREFIX_PATH}:/home/r3k7/Nauka_ros/src/ros-exercises/install/navigation2_dist:/opt/ros/humble WSLENV=ELECTRON_RUN_AS_NODE/w:WT_SESSION:WT_PROFILE_ID: /usr/bin/cmake --build /home/r3k7/Nauka_ros/src/ros-exercises/build/fibonacci_action -- -j8 -l8
[2.497s] Level 1:colcon.colcon_core.environment:create_environment_scripts_only(exercise)
[2.526s] Level 1:colcon.colcon_core.environment:checking '/home/r3k7/Nauka_ros/src/ros-exercises/install/exercise' for CMake module files
[2.527s] Level 1:colcon.colcon_core.environment:checking '/home/r3k7/Nauka_ros/src/ros-exercises/install/exercise' for CMake config files
[2.529s] Level 1:colcon.colcon_core.shell:create_environment_hook('exercise', 'cmake_prefix_path')
[2.556s] INFO:colcon.colcon_core.shell:Creating environment hook '/home/r3k7/Nauka_ros/src/ros-exercises/install/exercise/share/exercise/hook/cmake_prefix_path.ps1'
[2.557s] INFO:colcon.colcon_core.shell:Creating environment descriptor '/home/r3k7/Nauka_ros/src/ros-exercises/install/exercise/share/exercise/hook/cmake_prefix_path.dsv'
[2.557s] INFO:colcon.colcon_core.shell:Creating environment hook '/home/r3k7/Nauka_ros/src/ros-exercises/install/exercise/share/exercise/hook/cmake_prefix_path.sh'
[2.559s] Level 1:colcon.colcon_core.environment:checking '/home/r3k7/Nauka_ros/src/ros-exercises/install/exercise/bin'
[2.559s] Level 1:colcon.colcon_core.environment:checking '/home/r3k7/Nauka_ros/src/ros-exercises/install/exercise/lib/pkgconfig/exercise.pc'
[2.559s] Level 1:colcon.colcon_core.environment:checking '/home/r3k7/Nauka_ros/src/ros-exercises/install/exercise/lib/python3.10/site-packages'
[2.560s] Level 1:colcon.colcon_core.environment:checking '/home/r3k7/Nauka_ros/src/ros-exercises/install/exercise/bin'
[2.587s] INFO:colcon.colcon_core.shell:Creating package script '/home/r3k7/Nauka_ros/src/ros-exercises/install/exercise/share/exercise/package.ps1'
[2.588s] INFO:colcon.colcon_core.shell:Creating package descriptor '/home/r3k7/Nauka_ros/src/ros-exercises/install/exercise/share/exercise/package.dsv'
[2.588s] INFO:colcon.colcon_core.shell:Creating package script '/home/r3k7/Nauka_ros/src/ros-exercises/install/exercise/share/exercise/package.sh'
[2.589s] INFO:colcon.colcon_core.shell:Creating package script '/home/r3k7/Nauka_ros/src/ros-exercises/install/exercise/share/exercise/package.bash'
[2.590s] INFO:colcon.colcon_core.shell:Creating package script '/home/r3k7/Nauka_ros/src/ros-exercises/install/exercise/share/exercise/package.zsh'
[2.590s] Level 1:colcon.colcon_core.environment:create_file_with_runtime_dependencies(/home/r3k7/Nauka_ros/src/ros-exercises/install/exercise/share/colcon-core/packages/exercise)
[2.627s] Level 1:colcon.colcon_core.environment:create_environment_scripts_only(navigation2_turtle)
[2.659s] Level 1:colcon.colcon_core.environment:checking '/home/r3k7/Nauka_ros/src/ros-exercises/install/navigation2_turtle' for CMake module files
[2.663s] Level 1:colcon.colcon_core.environment:checking '/home/r3k7/Nauka_ros/src/ros-exercises/install/navigation2_turtle' for CMake config files
[2.665s] Level 1:colcon.colcon_core.shell:create_environment_hook('navigation2_turtle', 'cmake_prefix_path')
[2.704s] INFO:colcon.colcon_core.shell:Creating environment hook '/home/r3k7/Nauka_ros/src/ros-exercises/install/navigation2_turtle/share/navigation2_turtle/hook/cmake_prefix_path.ps1'
[2.704s] INFO:colcon.colcon_core.shell:Creating environment descriptor '/home/r3k7/Nauka_ros/src/ros-exercises/install/navigation2_turtle/share/navigation2_turtle/hook/cmake_prefix_path.dsv'
[2.705s] INFO:colcon.colcon_core.shell:Creating environment hook '/home/r3k7/Nauka_ros/src/ros-exercises/install/navigation2_turtle/share/navigation2_turtle/hook/cmake_prefix_path.sh'
[2.706s] Level 1:colcon.colcon_core.environment:checking '/home/r3k7/Nauka_ros/src/ros-exercises/install/navigation2_turtle/bin'
[2.706s] Level 1:colcon.colcon_core.environment:checking '/home/r3k7/Nauka_ros/src/ros-exercises/install/navigation2_turtle/lib/pkgconfig/navigation2_turtle.pc'
[2.707s] Level 1:colcon.colcon_core.environment:checking '/home/r3k7/Nauka_ros/src/ros-exercises/install/navigation2_turtle/lib/python3.10/site-packages'
[2.707s] Level 1:colcon.colcon_core.environment:checking '/home/r3k7/Nauka_ros/src/ros-exercises/install/navigation2_turtle/bin'
[2.736s] INFO:colcon.colcon_core.shell:Creating package script '/home/r3k7/Nauka_ros/src/ros-exercises/install/navigation2_turtle/share/navigation2_turtle/package.ps1'
[2.737s] INFO:colcon.colcon_core.shell:Creating package descriptor '/home/r3k7/Nauka_ros/src/ros-exercises/install/navigation2_turtle/share/navigation2_turtle/package.dsv'
[2.738s] INFO:colcon.colcon_core.shell:Creating package script '/home/r3k7/Nauka_ros/src/ros-exercises/install/navigation2_turtle/share/navigation2_turtle/package.sh'
[2.739s] INFO:colcon.colcon_core.shell:Creating package script '/home/r3k7/Nauka_ros/src/ros-exercises/install/navigation2_turtle/share/navigation2_turtle/package.bash'
[2.740s] INFO:colcon.colcon_core.shell:Creating package script '/home/r3k7/Nauka_ros/src/ros-exercises/install/navigation2_turtle/share/navigation2_turtle/package.zsh'
[2.741s] Level 1:colcon.colcon_core.environment:create_file_with_runtime_dependencies(/home/r3k7/Nauka_ros/src/ros-exercises/install/navigation2_turtle/share/colcon-core/packages/navigation2_turtle)
[2.749s] DEBUG:colcon.colcon_core.event_handler.log_command:Invoking command in '/home/r3k7/Nauka_ros/src/ros-exercises/build/pub_sub': CMAKE_PREFIX_PATH=${CMAKE_PREFIX_PATH}:/home/r3k7/Nauka_ros/src/ros-exercises/install/navigation2_dist:/opt/ros/humble WSLENV=ELECTRON_RUN_AS_NODE/w:WT_SESSION:WT_PROFILE_ID: /usr/bin/cmake --install /home/r3k7/Nauka_ros/src/ros-exercises/build/pub_sub
[2.750s] DEBUG:colcon.colcon_core.event_handler.log_command:Invoking command in '/home/r3k7/Nauka_ros/src/ros-exercises/build/ex_solution': CMAKE_PREFIX_PATH=${CMAKE_PREFIX_PATH}:/home/r3k7/Nauka_ros/src/ros-exercises/install/navigation2_dist:/opt/ros/humble WSLENV=ELECTRON_RUN_AS_NODE/w:WT_SESSION:WT_PROFILE_ID: /usr/bin/cmake --install /home/r3k7/Nauka_ros/src/ros-exercises/build/ex_solution
[2.751s] DEBUG:colcon.colcon_core.event_handler.log_command:Invoking command in '/home/r3k7/Nauka_ros/src/ros-exercises/build/fibonacci_action': CMAKE_PREFIX_PATH=${CMAKE_PREFIX_PATH}:/home/r3k7/Nauka_ros/src/ros-exercises/install/navigation2_dist:/opt/ros/humble WSLENV=ELECTRON_RUN_AS_NODE/w:WT_SESSION:WT_PROFILE_ID: /usr/bin/cmake --install /home/r3k7/Nauka_ros/src/ros-exercises/build/fibonacci_action
[2.759s] Level 1:colcon.colcon_core.environment:create_environment_scripts_only(pub_sub)
[2.776s] DEBUG:colcon.colcon_core.event_handler.log_command:Invoked command in '/home/r3k7/Nauka_ros/src/ros-exercises/build/pub_sub' returned '0': CMAKE_PREFIX_PATH=${CMAKE_PREFIX_PATH}:/home/r3k7/Nauka_ros/src/ros-exercises/install/navigation2_dist:/opt/ros/humble WSLENV=ELECTRON_RUN_AS_NODE/w:WT_SESSION:WT_PROFILE_ID: /usr/bin/cmake --install /home/r3k7/Nauka_ros/src/ros-exercises/build/pub_sub
[2.834s] Level 1:colcon.colcon_core.environment:checking '/home/r3k7/Nauka_ros/src/ros-exercises/install/pub_sub' for CMake module files
[2.841s] Level 1:colcon.colcon_core.environment:checking '/home/r3k7/Nauka_ros/src/ros-exercises/install/pub_sub' for CMake config files
[2.846s] Level 1:colcon.colcon_core.shell:create_environment_hook('pub_sub', 'cmake_prefix_path')
[2.886s] INFO:colcon.colcon_core.shell:Creating environment hook '/home/r3k7/Nauka_ros/src/ros-exercises/install/pub_sub/share/pub_sub/hook/cmake_prefix_path.ps1'
[2.886s] INFO:colcon.colcon_core.shell:Creating environment descriptor '/home/r3k7/Nauka_ros/src/ros-exercises/install/pub_sub/share/pub_sub/hook/cmake_prefix_path.dsv'
[2.887s] INFO:colcon.colcon_core.shell:Creating environment hook '/home/r3k7/Nauka_ros/src/ros-exercises/install/pub_sub/share/pub_sub/hook/cmake_prefix_path.sh'
[2.887s] Level 1:colcon.colcon_core.environment:checking '/home/r3k7/Nauka_ros/src/ros-exercises/install/pub_sub/lib'
[2.888s] Level 1:colcon.colcon_core.environment:checking '/home/r3k7/Nauka_ros/src/ros-exercises/install/pub_sub/bin'
[2.888s] Level 1:colcon.colcon_core.environment:checking '/home/r3k7/Nauka_ros/src/ros-exercises/install/pub_sub/lib/pkgconfig/pub_sub.pc'
[2.888s] Level 1:colcon.colcon_core.environment:checking '/home/r3k7/Nauka_ros/src/ros-exercises/install/pub_sub/lib/python3.10/site-packages'
[2.888s] Level 1:colcon.colcon_core.environment:checking '/home/r3k7/Nauka_ros/src/ros-exercises/install/pub_sub/bin'
[2.907s] INFO:colcon.colcon_core.shell:Creating package script '/home/r3k7/Nauka_ros/src/ros-exercises/install/pub_sub/share/pub_sub/package.ps1'
[2.908s] INFO:colcon.colcon_core.shell:Creating package descriptor '/home/r3k7/Nauka_ros/src/ros-exercises/install/pub_sub/share/pub_sub/package.dsv'
[2.908s] INFO:colcon.colcon_core.shell:Creating package script '/home/r3k7/Nauka_ros/src/ros-exercises/install/pub_sub/share/pub_sub/package.sh'
[2.909s] INFO:colcon.colcon_core.shell:Creating package script '/home/r3k7/Nauka_ros/src/ros-exercises/install/pub_sub/share/pub_sub/package.bash'
[2.910s] INFO:colcon.colcon_core.shell:Creating package script '/home/r3k7/Nauka_ros/src/ros-exercises/install/pub_sub/share/pub_sub/package.zsh'
[2.910s] Level 1:colcon.colcon_core.environment:create_file_with_runtime_dependencies(/home/r3k7/Nauka_ros/src/ros-exercises/install/pub_sub/share/colcon-core/packages/pub_sub)
[2.914s] Level 1:colcon.colcon_core.environment:create_environment_scripts_only(ex_solution)
[2.914s] DEBUG:colcon.colcon_core.event_handler.log_command:Invoked command in '/home/r3k7/Nauka_ros/src/ros-exercises/build/ex_solution' returned '0': CMAKE_PREFIX_PATH=${CMAKE_PREFIX_PATH}:/home/r3k7/Nauka_ros/src/ros-exercises/install/navigation2_dist:/opt/ros/humble WSLENV=ELECTRON_RUN_AS_NODE/w:WT_SESSION:WT_PROFILE_ID: /usr/bin/cmake --install /home/r3k7/Nauka_ros/src/ros-exercises/build/ex_solution
[2.939s] Level 1:colcon.colcon_core.environment:checking '/home/r3k7/Nauka_ros/src/ros-exercises/install/ex_solution' for CMake module files
[2.940s] Level 1:colcon.colcon_core.environment:checking '/home/r3k7/Nauka_ros/src/ros-exercises/install/ex_solution' for CMake config files
[2.941s] Level 1:colcon.colcon_core.shell:create_environment_hook('ex_solution', 'cmake_prefix_path')
[2.962s] INFO:colcon.colcon_core.shell:Creating environment hook '/home/r3k7/Nauka_ros/src/ros-exercises/install/ex_solution/share/ex_solution/hook/cmake_prefix_path.ps1'
[2.962s] INFO:colcon.colcon_core.shell:Creating environment descriptor '/home/r3k7/Nauka_ros/src/ros-exercises/install/ex_solution/share/ex_solution/hook/cmake_prefix_path.dsv'
[2.963s] INFO:colcon.colcon_core.shell:Creating environment hook '/home/r3k7/Nauka_ros/src/ros-exercises/install/ex_solution/share/ex_solution/hook/cmake_prefix_path.sh'
[2.964s] Level 1:colcon.colcon_core.environment:checking '/home/r3k7/Nauka_ros/src/ros-exercises/install/ex_solution/lib'
[2.964s] Level 1:colcon.colcon_core.shell:create_environment_hook('ex_solution', 'ld_library_path_lib')
[2.985s] INFO:colcon.colcon_core.shell:Creating environment hook '/home/r3k7/Nauka_ros/src/ros-exercises/install/ex_solution/share/ex_solution/hook/ld_library_path_lib.ps1'
[2.985s] INFO:colcon.colcon_core.shell:Creating environment descriptor '/home/r3k7/Nauka_ros/src/ros-exercises/install/ex_solution/share/ex_solution/hook/ld_library_path_lib.dsv'
[2.986s] INFO:colcon.colcon_core.shell:Creating environment hook '/home/r3k7/Nauka_ros/src/ros-exercises/install/ex_solution/share/ex_solution/hook/ld_library_path_lib.sh'
[2.986s] Level 1:colcon.colcon_core.environment:checking '/home/r3k7/Nauka_ros/src/ros-exercises/install/ex_solution/bin'
[2.986s] Level 1:colcon.colcon_core.environment:checking '/home/r3k7/Nauka_ros/src/ros-exercises/install/ex_solution/lib/pkgconfig/ex_solution.pc'
[2.987s] Level 1:colcon.colcon_core.environment:checking '/home/r3k7/Nauka_ros/src/ros-exercises/install/ex_solution/lib/python3.10/site-packages'
[2.987s] Level 1:colcon.colcon_core.environment:checking '/home/r3k7/Nauka_ros/src/ros-exercises/install/ex_solution/bin'
[3.006s] INFO:colcon.colcon_core.shell:Creating package script '/home/r3k7/Nauka_ros/src/ros-exercises/install/ex_solution/share/ex_solution/package.ps1'
[3.006s] INFO:colcon.colcon_core.shell:Creating package descriptor '/home/r3k7/Nauka_ros/src/ros-exercises/install/ex_solution/share/ex_solution/package.dsv'
[3.007s] INFO:colcon.colcon_core.shell:Creating package script '/home/r3k7/Nauka_ros/src/ros-exercises/install/ex_solution/share/ex_solution/package.sh'
[3.007s] INFO:colcon.colcon_core.shell:Creating package script '/home/r3k7/Nauka_ros/src/ros-exercises/install/ex_solution/share/ex_solution/package.bash'
[3.008s] INFO:colcon.colcon_core.shell:Creating package script '/home/r3k7/Nauka_ros/src/ros-exercises/install/ex_solution/share/ex_solution/package.zsh'
[3.008s] Level 1:colcon.colcon_core.environment:create_file_with_runtime_dependencies(/home/r3k7/Nauka_ros/src/ros-exercises/install/ex_solution/share/colcon-core/packages/ex_solution)
[3.010s] Level 1:colcon.colcon_core.environment:create_environment_scripts_only(fibonacci_action)
[3.011s] DEBUG:colcon.colcon_core.event_handler.log_command:Invoked command in '/home/r3k7/Nauka_ros/src/ros-exercises/build/fibonacci_action' returned '0': CMAKE_PREFIX_PATH=${CMAKE_PREFIX_PATH}:/home/r3k7/Nauka_ros/src/ros-exercises/install/navigation2_dist:/opt/ros/humble WSLENV=ELECTRON_RUN_AS_NODE/w:WT_SESSION:WT_PROFILE_ID: /usr/bin/cmake --install /home/r3k7/Nauka_ros/src/ros-exercises/build/fibonacci_action
[3.030s] Level 1:colcon.colcon_core.environment:checking '/home/r3k7/Nauka_ros/src/ros-exercises/install/fibonacci_action' for CMake module files
[3.031s] Level 1:colcon.colcon_core.environment:checking '/home/r3k7/Nauka_ros/src/ros-exercises/install/fibonacci_action' for CMake config files
[3.031s] Level 1:colcon.colcon_core.shell:create_environment_hook('fibonacci_action', 'cmake_prefix_path')
[3.056s] INFO:colcon.colcon_core.shell:Creating environment hook '/home/r3k7/Nauka_ros/src/ros-exercises/install/fibonacci_action/share/fibonacci_action/hook/cmake_prefix_path.ps1'
[3.057s] INFO:colcon.colcon_core.shell:Creating environment descriptor '/home/r3k7/Nauka_ros/src/ros-exercises/install/fibonacci_action/share/fibonacci_action/hook/cmake_prefix_path.dsv'
[3.057s] INFO:colcon.colcon_core.shell:Creating environment hook '/home/r3k7/Nauka_ros/src/ros-exercises/install/fibonacci_action/share/fibonacci_action/hook/cmake_prefix_path.sh'
[3.058s] Level 1:colcon.colcon_core.environment:checking '/home/r3k7/Nauka_ros/src/ros-exercises/install/fibonacci_action/lib'
[3.059s] Level 1:colcon.colcon_core.shell:create_environment_hook('fibonacci_action', 'ld_library_path_lib')
[3.073s] INFO:colcon.colcon_core.shell:Creating environment hook '/home/r3k7/Nauka_ros/src/ros-exercises/install/fibonacci_action/share/fibonacci_action/hook/ld_library_path_lib.ps1'
[3.074s] INFO:colcon.colcon_core.shell:Creating environment descriptor '/home/r3k7/Nauka_ros/src/ros-exercises/install/fibonacci_action/share/fibonacci_action/hook/ld_library_path_lib.dsv'
[3.074s] INFO:colcon.colcon_core.shell:Creating environment hook '/home/r3k7/Nauka_ros/src/ros-exercises/install/fibonacci_action/share/fibonacci_action/hook/ld_library_path_lib.sh'
[3.074s] Level 1:colcon.colcon_core.environment:checking '/home/r3k7/Nauka_ros/src/ros-exercises/install/fibonacci_action/bin'
[3.075s] Level 1:colcon.colcon_core.environment:checking '/home/r3k7/Nauka_ros/src/ros-exercises/install/fibonacci_action/lib/pkgconfig/fibonacci_action.pc'
[3.075s] Level 1:colcon.colcon_core.environment:checking '/home/r3k7/Nauka_ros/src/ros-exercises/install/fibonacci_action/lib/python3.10/site-packages'
[3.075s] Level 1:colcon.colcon_core.environment:checking '/home/r3k7/Nauka_ros/src/ros-exercises/install/fibonacci_action/bin'
[3.088s] INFO:colcon.colcon_core.shell:Creating package script '/home/r3k7/Nauka_ros/src/ros-exercises/install/fibonacci_action/share/fibonacci_action/package.ps1'
[3.089s] INFO:colcon.colcon_core.shell:Creating package descriptor '/home/r3k7/Nauka_ros/src/ros-exercises/install/fibonacci_action/share/fibonacci_action/package.dsv'
[3.089s] INFO:colcon.colcon_core.shell:Creating package script '/home/r3k7/Nauka_ros/src/ros-exercises/install/fibonacci_action/share/fibonacci_action/package.sh'
[3.090s] INFO:colcon.colcon_core.shell:Creating package script '/home/r3k7/Nauka_ros/src/ros-exercises/install/fibonacci_action/share/fibonacci_action/package.bash'
[3.090s] INFO:colcon.colcon_core.shell:Creating package script '/home/r3k7/Nauka_ros/src/ros-exercises/install/fibonacci_action/share/fibonacci_action/package.zsh'
[3.090s] Level 1:colcon.colcon_core.environment:create_file_with_runtime_dependencies(/home/r3k7/Nauka_ros/src/ros-exercises/install/fibonacci_action/share/colcon-core/packages/fibonacci_action)
[3.111s] Level 1:colcon.colcon_core.environment:create_environment_scripts_only(pub_sub)
[3.132s] Level 1:colcon.colcon_core.environment:checking '/home/r3k7/Nauka_ros/src/ros-exercises/install/pub_sub' for CMake module files
[3.133s] Level 1:colcon.colcon_core.environment:checking '/home/r3k7/Nauka_ros/src/ros-exercises/install/pub_sub' for CMake config files
[3.134s] Level 1:colcon.colcon_core.shell:create_environment_hook('pub_sub', 'cmake_prefix_path')
[3.155s] INFO:colcon.colcon_core.shell:Creating environment hook '/home/r3k7/Nauka_ros/src/ros-exercises/install/pub_sub/share/pub_sub/hook/cmake_prefix_path.ps1'
[3.156s] INFO:colcon.colcon_core.shell:Creating environment descriptor '/home/r3k7/Nauka_ros/src/ros-exercises/install/pub_sub/share/pub_sub/hook/cmake_prefix_path.dsv'
[3.156s] INFO:colcon.colcon_core.shell:Creating environment hook '/home/r3k7/Nauka_ros/src/ros-exercises/install/pub_sub/share/pub_sub/hook/cmake_prefix_path.sh'
[3.156s] Level 1:colcon.colcon_core.environment:checking '/home/r3k7/Nauka_ros/src/ros-exercises/install/pub_sub/lib'
[3.156s] Level 1:colcon.colcon_core.environment:checking '/home/r3k7/Nauka_ros/src/ros-exercises/install/pub_sub/bin'
[3.157s] Level 1:colcon.colcon_core.environment:checking '/home/r3k7/Nauka_ros/src/ros-exercises/install/pub_sub/lib/pkgconfig/pub_sub.pc'
[3.157s] Level 1:colcon.colcon_core.environment:checking '/home/r3k7/Nauka_ros/src/ros-exercises/install/pub_sub/lib/python3.10/site-packages'
[3.157s] Level 1:colcon.colcon_core.environment:checking '/home/r3k7/Nauka_ros/src/ros-exercises/install/pub_sub/bin'
[3.173s] INFO:colcon.colcon_core.shell:Creating package script '/home/r3k7/Nauka_ros/src/ros-exercises/install/pub_sub/share/pub_sub/package.ps1'
[3.174s] INFO:colcon.colcon_core.shell:Creating package descriptor '/home/r3k7/Nauka_ros/src/ros-exercises/install/pub_sub/share/pub_sub/package.dsv'
[3.174s] INFO:colcon.colcon_core.shell:Creating package script '/home/r3k7/Nauka_ros/src/ros-exercises/install/pub_sub/share/pub_sub/package.sh'
[3.175s] INFO:colcon.colcon_core.shell:Creating package script '/home/r3k7/Nauka_ros/src/ros-exercises/install/pub_sub/share/pub_sub/package.bash'
[3.175s] INFO:colcon.colcon_core.shell:Creating package script '/home/r3k7/Nauka_ros/src/ros-exercises/install/pub_sub/share/pub_sub/package.zsh'
[3.175s] Level 1:colcon.colcon_core.environment:create_file_with_runtime_dependencies(/home/r3k7/Nauka_ros/src/ros-exercises/install/pub_sub/share/colcon-core/packages/pub_sub)
[3.180s] DEBUG:colcon.colcon_core.event_handler.log_command:Invoking command in '/home/r3k7/Nauka_ros/src/ros-exercises/navigation2_planners/navigation2_dist': PYTHONPATH=/home/r3k7/Nauka_ros/src/ros-exercises/build/navigation2_dist/prefix_override:/home/r3k7/Nauka_ros/src/ros-exercises/install/navigation2_dist/lib/python3.10/site-packages:${PYTHONPATH} WSLENV=ELECTRON_RUN_AS_NODE/w:WT_SESSION:WT_PROFILE_ID: /usr/bin/python3 setup.py egg_info --egg-base ../../build/navigation2_dist build --build-base /home/r3k7/Nauka_ros/src/ros-exercises/build/navigation2_dist/build install --record /home/r3k7/Nauka_ros/src/ros-exercises/build/navigation2_dist/install.log --single-version-externally-managed
[3.196s] Level 1:colcon.colcon_core.environment:create_environment_scripts_only(ex_solution)
[3.223s] Level 1:colcon.colcon_core.environment:checking '/home/r3k7/Nauka_ros/src/ros-exercises/install/ex_solution' for CMake module files
[3.224s] Level 1:colcon.colcon_core.environment:checking '/home/r3k7/Nauka_ros/src/ros-exercises/install/ex_solution' for CMake config files
[3.225s] Level 1:colcon.colcon_core.shell:create_environment_hook('ex_solution', 'cmake_prefix_path')
[3.245s] INFO:colcon.colcon_core.shell:Creating environment hook '/home/r3k7/Nauka_ros/src/ros-exercises/install/ex_solution/share/ex_solution/hook/cmake_prefix_path.ps1'
[3.246s] INFO:colcon.colcon_core.shell:Creating environment descriptor '/home/r3k7/Nauka_ros/src/ros-exercises/install/ex_solution/share/ex_solution/hook/cmake_prefix_path.dsv'
[3.247s] INFO:colcon.colcon_core.shell:Creating environment hook '/home/r3k7/Nauka_ros/src/ros-exercises/install/ex_solution/share/ex_solution/hook/cmake_prefix_path.sh'
[3.248s] Level 1:colcon.colcon_core.environment:checking '/home/r3k7/Nauka_ros/src/ros-exercises/install/ex_solution/lib'
[3.248s] Level 1:colcon.colcon_core.shell:create_environment_hook('ex_solution', 'ld_library_path_lib')
[3.270s] INFO:colcon.colcon_core.shell:Creating environment hook '/home/r3k7/Nauka_ros/src/ros-exercises/install/ex_solution/share/ex_solution/hook/ld_library_path_lib.ps1'
[3.271s] INFO:colcon.colcon_core.shell:Creating environment descriptor '/home/r3k7/Nauka_ros/src/ros-exercises/install/ex_solution/share/ex_solution/hook/ld_library_path_lib.dsv'
[3.271s] INFO:colcon.colcon_core.shell:Creating environment hook '/home/r3k7/Nauka_ros/src/ros-exercises/install/ex_solution/share/ex_solution/hook/ld_library_path_lib.sh'
[3.272s] Level 1:colcon.colcon_core.environment:checking '/home/r3k7/Nauka_ros/src/ros-exercises/install/ex_solution/bin'
[3.272s] Level 1:colcon.colcon_core.environment:checking '/home/r3k7/Nauka_ros/src/ros-exercises/install/ex_solution/lib/pkgconfig/ex_solution.pc'
[3.272s] Level 1:colcon.colcon_core.environment:checking '/home/r3k7/Nauka_ros/src/ros-exercises/install/ex_solution/lib/python3.10/site-packages'
[3.272s] Level 1:colcon.colcon_core.environment:checking '/home/r3k7/Nauka_ros/src/ros-exercises/install/ex_solution/bin'
[3.287s] INFO:colcon.colcon_core.shell:Creating package script '/home/r3k7/Nauka_ros/src/ros-exercises/install/ex_solution/share/ex_solution/package.ps1'
[3.288s] INFO:colcon.colcon_core.shell:Creating package descriptor '/home/r3k7/Nauka_ros/src/ros-exercises/install/ex_solution/share/ex_solution/package.dsv'
[3.289s] INFO:colcon.colcon_core.shell:Creating package script '/home/r3k7/Nauka_ros/src/ros-exercises/install/ex_solution/share/ex_solution/package.sh'
[3.290s] INFO:colcon.colcon_core.shell:Creating package script '/home/r3k7/Nauka_ros/src/ros-exercises/install/ex_solution/share/ex_solution/package.bash'
[3.290s] INFO:colcon.colcon_core.shell:Creating package script '/home/r3k7/Nauka_ros/src/ros-exercises/install/ex_solution/share/ex_solution/package.zsh'
[3.291s] Level 1:colcon.colcon_core.environment:create_file_with_runtime_dependencies(/home/r3k7/Nauka_ros/src/ros-exercises/install/ex_solution/share/colcon-core/packages/ex_solution)
[3.332s] Level 1:colcon.colcon_core.environment:create_environment_scripts_only(fibonacci_action)
[3.352s] Level 1:colcon.colcon_core.environment:checking '/home/r3k7/Nauka_ros/src/ros-exercises/install/fibonacci_action' for CMake module files
[3.353s] Level 1:colcon.colcon_core.environment:checking '/home/r3k7/Nauka_ros/src/ros-exercises/install/fibonacci_action' for CMake config files
[3.354s] Level 1:colcon.colcon_core.shell:create_environment_hook('fibonacci_action', 'cmake_prefix_path')
[3.373s] INFO:colcon.colcon_core.shell:Creating environment hook '/home/r3k7/Nauka_ros/src/ros-exercises/install/fibonacci_action/share/fibonacci_action/hook/cmake_prefix_path.ps1'
[3.374s] INFO:colcon.colcon_core.shell:Creating environment descriptor '/home/r3k7/Nauka_ros/src/ros-exercises/install/fibonacci_action/share/fibonacci_action/hook/cmake_prefix_path.dsv'
[3.374s] INFO:colcon.colcon_core.shell:Creating environment hook '/home/r3k7/Nauka_ros/src/ros-exercises/install/fibonacci_action/share/fibonacci_action/hook/cmake_prefix_path.sh'
[3.375s] Level 1:colcon.colcon_core.environment:checking '/home/r3k7/Nauka_ros/src/ros-exercises/install/fibonacci_action/lib'
[3.375s] Level 1:colcon.colcon_core.shell:create_environment_hook('fibonacci_action', 'ld_library_path_lib')
[3.395s] INFO:colcon.colcon_core.shell:Creating environment hook '/home/r3k7/Nauka_ros/src/ros-exercises/install/fibonacci_action/share/fibonacci_action/hook/ld_library_path_lib.ps1'
[3.396s] INFO:colcon.colcon_core.shell:Creating environment descriptor '/home/r3k7/Nauka_ros/src/ros-exercises/install/fibonacci_action/share/fibonacci_action/hook/ld_library_path_lib.dsv'
[3.396s] INFO:colcon.colcon_core.shell:Creating environment hook '/home/r3k7/Nauka_ros/src/ros-exercises/install/fibonacci_action/share/fibonacci_action/hook/ld_library_path_lib.sh'
[3.397s] Level 1:colcon.colcon_core.environment:checking '/home/r3k7/Nauka_ros/src/ros-exercises/install/fibonacci_action/bin'
[3.397s] Level 1:colcon.colcon_core.environment:checking '/home/r3k7/Nauka_ros/src/ros-exercises/install/fibonacci_action/lib/pkgconfig/fibonacci_action.pc'
[3.397s] Level 1:colcon.colcon_core.environment:checking '/home/r3k7/Nauka_ros/src/ros-exercises/install/fibonacci_action/lib/python3.10/site-packages'
[3.398s] Level 1:colcon.colcon_core.environment:checking '/home/r3k7/Nauka_ros/src/ros-exercises/install/fibonacci_action/bin'
[3.417s] INFO:colcon.colcon_core.shell:Creating package script '/home/r3k7/Nauka_ros/src/ros-exercises/install/fibonacci_action/share/fibonacci_action/package.ps1'
[3.418s] INFO:colcon.colcon_core.shell:Creating package descriptor '/home/r3k7/Nauka_ros/src/ros-exercises/install/fibonacci_action/share/fibonacci_action/package.dsv'
[3.419s] INFO:colcon.colcon_core.shell:Creating package script '/home/r3k7/Nauka_ros/src/ros-exercises/install/fibonacci_action/share/fibonacci_action/package.sh'
[3.420s] INFO:colcon.colcon_core.shell:Creating package script '/home/r3k7/Nauka_ros/src/ros-exercises/install/fibonacci_action/share/fibonacci_action/package.bash'
[3.421s] INFO:colcon.colcon_core.shell:Creating package script '/home/r3k7/Nauka_ros/src/ros-exercises/install/fibonacci_action/share/fibonacci_action/package.zsh'
[3.422s] Level 1:colcon.colcon_core.environment:create_file_with_runtime_dependencies(/home/r3k7/Nauka_ros/src/ros-exercises/install/fibonacci_action/share/colcon-core/packages/fibonacci_action)
[3.775s] DEBUG:colcon.colcon_core.event_handler.log_command:Invoked command in '/home/r3k7/Nauka_ros/src/ros-exercises/navigation2_planners/navigation2_dist' returned '0': PYTHONPATH=/home/r3k7/Nauka_ros/src/ros-exercises/build/navigation2_dist/prefix_override:/home/r3k7/Nauka_ros/src/ros-exercises/install/navigation2_dist/lib/python3.10/site-packages:${PYTHONPATH} WSLENV=ELECTRON_RUN_AS_NODE/w:WT_SESSION:WT_PROFILE_ID: /usr/bin/python3 setup.py egg_info --egg-base ../../build/navigation2_dist build --build-base /home/r3k7/Nauka_ros/src/ros-exercises/build/navigation2_dist/build install --record /home/r3k7/Nauka_ros/src/ros-exercises/build/navigation2_dist/install.log --single-version-externally-managed
[3.795s] Level 1:colcon.colcon_core.environment:checking '/home/r3k7/Nauka_ros/src/ros-exercises/install/navigation2_dist' for CMake module files
[3.795s] Level 1:colcon.colcon_core.environment:checking '/home/r3k7/Nauka_ros/src/ros-exercises/install/navigation2_dist' for CMake config files
[3.796s] Level 1:colcon.colcon_core.environment:checking '/home/r3k7/Nauka_ros/src/ros-exercises/install/navigation2_dist/lib'
[3.796s] Level 1:colcon.colcon_core.environment:checking '/home/r3k7/Nauka_ros/src/ros-exercises/install/navigation2_dist/bin'
[3.796s] Level 1:colcon.colcon_core.environment:checking '/home/r3k7/Nauka_ros/src/ros-exercises/install/navigation2_dist/lib/pkgconfig/navigation2_dist.pc'
[3.796s] Level 1:colcon.colcon_core.environment:checking '/home/r3k7/Nauka_ros/src/ros-exercises/install/navigation2_dist/lib/python3.10/site-packages'
[3.796s] Level 1:colcon.colcon_core.shell:create_environment_hook('navigation2_dist', 'pythonpath')
[3.811s] INFO:colcon.colcon_core.shell:Creating environment hook '/home/r3k7/Nauka_ros/src/ros-exercises/install/navigation2_dist/share/navigation2_dist/hook/pythonpath.ps1'
[3.812s] INFO:colcon.colcon_core.shell:Creating environment descriptor '/home/r3k7/Nauka_ros/src/ros-exercises/install/navigation2_dist/share/navigation2_dist/hook/pythonpath.dsv'
[3.812s] INFO:colcon.colcon_core.shell:Creating environment hook '/home/r3k7/Nauka_ros/src/ros-exercises/install/navigation2_dist/share/navigation2_dist/hook/pythonpath.sh'
[3.813s] Level 1:colcon.colcon_core.environment:checking '/home/r3k7/Nauka_ros/src/ros-exercises/install/navigation2_dist/bin'
[3.813s] Level 1:colcon.colcon_core.environment:create_environment_scripts_only(navigation2_dist)
[3.828s] INFO:colcon.colcon_core.shell:Creating package script '/home/r3k7/Nauka_ros/src/ros-exercises/install/navigation2_dist/share/navigation2_dist/package.ps1'
[3.828s] INFO:colcon.colcon_core.shell:Creating package descriptor '/home/r3k7/Nauka_ros/src/ros-exercises/install/navigation2_dist/share/navigation2_dist/package.dsv'
[3.828s] INFO:colcon.colcon_core.shell:Creating package script '/home/r3k7/Nauka_ros/src/ros-exercises/install/navigation2_dist/share/navigation2_dist/package.sh'
[3.829s] INFO:colcon.colcon_core.shell:Creating package script '/home/r3k7/Nauka_ros/src/ros-exercises/install/navigation2_dist/share/navigation2_dist/package.bash'
[3.829s] INFO:colcon.colcon_core.shell:Creating package script '/home/r3k7/Nauka_ros/src/ros-exercises/install/navigation2_dist/share/navigation2_dist/package.zsh'
[3.829s] Level 1:colcon.colcon_core.environment:create_file_with_runtime_dependencies(/home/r3k7/Nauka_ros/src/ros-exercises/install/navigation2_dist/share/colcon-core/packages/navigation2_dist)
[3.830s] DEBUG:colcon.colcon_parallel_executor.executor.parallel:closing loop
[3.830s] DEBUG:colcon.colcon_parallel_executor.executor.parallel:loop closed
[3.830s] DEBUG:colcon.colcon_parallel_executor.executor.parallel:run_until_complete finished with '0'
[3.831s] DEBUG:colcon.colcon_core.event_reactor:joining thread
[3.922s] INFO:colcon.colcon_core.plugin_system:Skipping extension 'colcon_notification.desktop_notification.notify_send': Could not find 'notify-send'
[3.923s] INFO:colcon.colcon_core.plugin_system:Skipping extension 'colcon_notification.desktop_notification.terminal_notifier': Not used on non-Darwin systems
[3.923s] INFO:colcon.colcon_core.plugin_system:Skipping extension 'colcon_notification.desktop_notification.win32': Not used on non-Windows systems
[3.923s] INFO:colcon.colcon_notification.desktop_notification:Sending desktop notification using 'notify2'
[3.923s] DEBUG:colcon.colcon_notification.desktop_notification.notify2:Failed to initialize notify2: org.freedesktop.DBus.Error.FileNotFound: Failed to connect to socket /run/user/1000/bus: No such file or directory
[3.923s] DEBUG:colcon.colcon_core.event_reactor:joined thread
[3.944s] INFO:colcon.colcon_core.shell:Creating prefix script '/home/r3k7/Nauka_ros/src/ros-exercises/install/local_setup.ps1'
[3.945s] INFO:colcon.colcon_core.shell:Creating prefix util module '/home/r3k7/Nauka_ros/src/ros-exercises/install/_local_setup_util_ps1.py'
[3.946s] INFO:colcon.colcon_core.shell:Creating prefix chain script '/home/r3k7/Nauka_ros/src/ros-exercises/install/setup.ps1'
[3.964s] INFO:colcon.colcon_core.shell:Creating prefix script '/home/r3k7/Nauka_ros/src/ros-exercises/install/local_setup.sh'
[3.964s] INFO:colcon.colcon_core.shell:Creating prefix util module '/home/r3k7/Nauka_ros/src/ros-exercises/install/_local_setup_util_sh.py'
[3.965s] INFO:colcon.colcon_core.shell:Creating prefix chain script '/home/r3k7/Nauka_ros/src/ros-exercises/install/setup.sh'
[3.983s] INFO:colcon.colcon_core.shell:Creating prefix script '/home/r3k7/Nauka_ros/src/ros-exercises/install/local_setup.bash'
[3.983s] INFO:colcon.colcon_core.shell:Creating prefix chain script '/home/r3k7/Nauka_ros/src/ros-exercises/install/setup.bash'
[3.999s] INFO:colcon.colcon_core.shell:Creating prefix script '/home/r3k7/Nauka_ros/src/ros-exercises/install/local_setup.zsh'
[3.999s] INFO:colcon.colcon_core.shell:Creating prefix chain script '/home/r3k7/Nauka_ros/src/ros-exercises/install/setup.zsh'
