[0.855s] Invoking command in '/home/mrush/exercise/src/ros-exercises/build/exercise': CMAKE_PREFIX_PATH=${CMAKE_PREFIX_PATH}:/home/mrush/exercise/src/ros-exercises/install/navigation2_dist:/opt/ros/humble WSLENV=ELECTRON_RUN_AS_NODE/w: /usr/bin/cmake --build /home/mrush/exercise/src/ros-exercises/build/exercise -- -j8 -l8
[2.085s] Invoked command in '/home/mrush/exercise/src/ros-exercises/build/exercise' returned '0': CMAKE_PREFIX_PATH=${CMAKE_PREFIX_PATH}:/home/mrush/exercise/src/ros-exercises/install/navigation2_dist:/opt/ros/humble WSLENV=ELECTRON_RUN_AS_NODE/w: /usr/bin/cmake --build /home/mrush/exercise/src/ros-exercises/build/exercise -- -j8 -l8
[2.216s] Invoking command in '/home/mrush/exercise/src/ros-exercises/build/exercise': CMAKE_PREFIX_PATH=${CMAKE_PREFIX_PATH}:/home/mrush/exercise/src/ros-exercises/install/navigation2_dist:/opt/ros/humble WSLENV=ELECTRON_RUN_AS_NODE/w: /usr/bin/cmake --install /home/mrush/exercise/src/ros-exercises/build/exercise
[2.238s] -- Install configuration: ""
[2.240s] -- Up-to-date: /home/mrush/exercise/src/ros-exercises/install/exercise/share/exercise//launch
[2.240s] -- Up-to-date: /home/mrush/exercise/src/ros-exercises/install/exercise/share/exercise//launch/exercise_world.launch.py
[2.241s] -- Up-to-date: /home/mrush/exercise/src/ros-exercises/install/exercise/share/exercise//worlds
[2.241s] -- Up-to-date: /home/mrush/exercise/src/ros-exercises/install/exercise/share/exercise//worlds/exercise.sdf
[2.241s] -- Up-to-date: /home/mrush/exercise/src/ros-exercises/install/exercise/share/exercise//config
[2.241s] -- Up-to-date: /home/mrush/exercise/src/ros-exercises/install/exercise/share/exercise//config/exercise.config
[2.246s] -- Up-to-date: /home/mrush/exercise/src/ros-exercises/install/exercise/share/ament_index/resource_index/package_run_dependencies/exercise
[2.247s] -- Up-to-date: /home/mrush/exercise/src/ros-exercises/install/exercise/share/ament_index/resource_index/parent_prefix_path/exercise
[2.247s] -- Up-to-date: /home/mrush/exercise/src/ros-exercises/install/exercise/share/exercise/environment/ament_prefix_path.sh
[2.247s] -- Up-to-date: /home/mrush/exercise/src/ros-exercises/install/exercise/share/exercise/environment/ament_prefix_path.dsv
[2.247s] -- Up-to-date: /home/mrush/exercise/src/ros-exercises/install/exercise/share/exercise/environment/path.sh
[2.247s] -- Up-to-date: /home/mrush/exercise/src/ros-exercises/install/exercise/share/exercise/environment/path.dsv
[2.247s] -- Up-to-date: /home/mrush/exercise/src/ros-exercises/install/exercise/share/exercise/local_setup.bash
[2.247s] -- Up-to-date: /home/mrush/exercise/src/ros-exercises/install/exercise/share/exercise/local_setup.sh
[2.247s] -- Up-to-date: /home/mrush/exercise/src/ros-exercises/install/exercise/share/exercise/local_setup.zsh
[2.248s] -- Up-to-date: /home/mrush/exercise/src/ros-exercises/install/exercise/share/exercise/local_setup.dsv
[2.248s] -- Installing: /home/mrush/exercise/src/ros-exercises/install/exercise/share/exercise/package.dsv
[2.248s] -- Up-to-date: /home/mrush/exercise/src/ros-exercises/install/exercise/share/ament_index/resource_index/packages/exercise
[2.248s] -- Up-to-date: /home/mrush/exercise/src/ros-exercises/install/exercise/share/exercise/cmake/exerciseConfig.cmake
[2.248s] -- Up-to-date: /home/mrush/exercise/src/ros-exercises/install/exercise/share/exercise/cmake/exerciseConfig-version.cmake
[2.248s] -- Up-to-date: /home/mrush/exercise/src/ros-exercises/install/exercise/share/exercise/package.xml
[2.443s] Invoked command in '/home/mrush/exercise/src/ros-exercises/build/exercise' returned '0': CMAKE_PREFIX_PATH=${CMAKE_PREFIX_PATH}:/home/mrush/exercise/src/ros-exercises/install/navigation2_dist:/opt/ros/humble WSLENV=ELECTRON_RUN_AS_NODE/w: /usr/bin/cmake --install /home/mrush/exercise/src/ros-exercises/build/exercise
