[0.336s] Invoking command in '/home/r3k7/Nauka_ros/src/ros-exercises/build/fibonacci_action': CMAKE_PREFIX_PATH=${CMAKE_PREFIX_PATH}:/home/r3k7/Nauka_ros/src/ros-exercises/install/navigation2_dist:/opt/ros/humble WSLENV=ELECTRON_RUN_AS_NODE/w:WT_SESSION:WT_PROFILE_ID: /usr/bin/cmake --build /home/r3k7/Nauka_ros/src/ros-exercises/build/fibonacci_action -- -j8 -l8
[0.845s] [  3%] Built target fibonacci_action__cpp
[0.846s] [ 12%] Built target fibonacci_action__rosidl_generator_c
[0.846s] [ 12%] Built target ament_cmake_python_copy_fibonacci_action
[0.846s] [ 22%] Built target fibonacci_action__rosidl_typesupport_cpp
[0.846s] [ 32%] Built target fibonacci_action__rosidl_typesupport_fastrtps_cpp
[0.846s] [ 41%] Built target fibonacci_action__rosidl_typesupport_introspection_cpp
[0.846s] [ 51%] Built target fibonacci_action__rosidl_typesupport_fastrtps_c
[0.846s] [ 61%] Built target fibonacci_action__rosidl_typesupport_introspection_c
[0.846s] [ 70%] Built target fibonacci_action__rosidl_typesupport_c
[0.846s] [ 70%] Built target fibonacci_action
[0.847s] [ 74%] Built target fibonacci_action__py
[0.847s] [ 80%] Built target fibonacci_action__rosidl_generator_py
[0.847s] [ 93%] Built target fibonacci_action__rosidl_typesupport_introspection_c__pyext
[0.847s] [ 93%] Built target fibonacci_action__rosidl_typesupport_fastrtps_c__pyext
[0.847s] [100%] Built target fibonacci_action__rosidl_typesupport_c__pyext
[0.847s] running egg_info
[0.860s] writing fibonacci_action.egg-info/PKG-INFO
[0.862s] writing dependency_links to fibonacci_action.egg-info/dependency_links.txt
[0.863s] writing top-level names to fibonacci_action.egg-info/top_level.txt
[0.963s] reading manifest file 'fibonacci_action.egg-info/SOURCES.txt'
[0.964s] writing manifest file 'fibonacci_action.egg-info/SOURCES.txt'
[1.020s] [100%] Built target ament_cmake_python_build_fibonacci_action_egg
[1.055s] Invoked command in '/home/r3k7/Nauka_ros/src/ros-exercises/build/fibonacci_action' returned '0': CMAKE_PREFIX_PATH=${CMAKE_PREFIX_PATH}:/home/r3k7/Nauka_ros/src/ros-exercises/install/navigation2_dist:/opt/ros/humble WSLENV=ELECTRON_RUN_AS_NODE/w:WT_SESSION:WT_PROFILE_ID: /usr/bin/cmake --build /home/r3k7/Nauka_ros/src/ros-exercises/build/fibonacci_action -- -j8 -l8
[1.274s] Invoking command in '/home/r3k7/Nauka_ros/src/ros-exercises/build/fibonacci_action': CMAKE_PREFIX_PATH=${CMAKE_PREFIX_PATH}:/home/r3k7/Nauka_ros/src/ros-exercises/install/navigation2_dist:/opt/ros/humble WSLENV=ELECTRON_RUN_AS_NODE/w:WT_SESSION:WT_PROFILE_ID: /usr/bin/cmake --install /home/r3k7/Nauka_ros/src/ros-exercises/build/fibonacci_action
[1.287s] -- Install configuration: ""
[1.288s] -- Up-to-date: /home/r3k7/Nauka_ros/src/ros-exercises/install/fibonacci_action/share/ament_index/resource_index/rosidl_interfaces/fibonacci_action
[1.288s] -- Up-to-date: /home/r3k7/Nauka_ros/src/ros-exercises/install/fibonacci_action/include/fibonacci_action/fibonacci_action
[1.289s] -- Up-to-date: /home/r3k7/Nauka_ros/src/ros-exercises/install/fibonacci_action/include/fibonacci_action/fibonacci_action/action
[1.291s] -- Up-to-date: /home/r3k7/Nauka_ros/src/ros-exercises/install/fibonacci_action/include/fibonacci_action/fibonacci_action/action/detail
[1.291s] -- Up-to-date: /home/r3k7/Nauka_ros/src/ros-exercises/install/fibonacci_action/include/fibonacci_action/fibonacci_action/action/detail/fibonacci__type_support.h
[1.308s] -- Up-to-date: /home/r3k7/Nauka_ros/src/ros-exercises/install/fibonacci_action/include/fibonacci_action/fibonacci_action/action/detail/fibonacci__functions.h
[1.309s] -- Up-to-date: /home/r3k7/Nauka_ros/src/ros-exercises/install/fibonacci_action/include/fibonacci_action/fibonacci_action/action/detail/fibonacci__struct.h
[1.309s] -- Up-to-date: /home/r3k7/Nauka_ros/src/ros-exercises/install/fibonacci_action/include/fibonacci_action/fibonacci_action/action/detail/fibonacci__functions.c
[1.310s] -- Up-to-date: /home/r3k7/Nauka_ros/src/ros-exercises/install/fibonacci_action/include/fibonacci_action/fibonacci_action/action/fibonacci.h
[1.310s] -- Up-to-date: /home/r3k7/Nauka_ros/src/ros-exercises/install/fibonacci_action/include/fibonacci_action/fibonacci_action/msg
[1.311s] -- Up-to-date: /home/r3k7/Nauka_ros/src/ros-exercises/install/fibonacci_action/include/fibonacci_action/fibonacci_action/msg/rosidl_generator_c__visibility_control.h
[1.311s] -- Up-to-date: /home/r3k7/Nauka_ros/src/ros-exercises/install/fibonacci_action/share/fibonacci_action/environment/library_path.sh
[1.311s] -- Up-to-date: /home/r3k7/Nauka_ros/src/ros-exercises/install/fibonacci_action/share/fibonacci_action/environment/library_path.dsv
[1.312s] -- Up-to-date: /home/r3k7/Nauka_ros/src/ros-exercises/install/fibonacci_action/lib/libfibonacci_action__rosidl_generator_c.so
[1.312s] -- Up-to-date: /home/r3k7/Nauka_ros/src/ros-exercises/install/fibonacci_action/include/fibonacci_action/fibonacci_action
[1.312s] -- Up-to-date: /home/r3k7/Nauka_ros/src/ros-exercises/install/fibonacci_action/include/fibonacci_action/fibonacci_action/action
[1.313s] -- Up-to-date: /home/r3k7/Nauka_ros/src/ros-exercises/install/fibonacci_action/include/fibonacci_action/fibonacci_action/action/detail
[1.313s] -- Up-to-date: /home/r3k7/Nauka_ros/src/ros-exercises/install/fibonacci_action/include/fibonacci_action/fibonacci_action/action/detail/fibonacci__rosidl_typesupport_fastrtps_c.h
[1.314s] -- Up-to-date: /home/r3k7/Nauka_ros/src/ros-exercises/install/fibonacci_action/include/fibonacci_action/fibonacci_action/msg
[1.315s] -- Up-to-date: /home/r3k7/Nauka_ros/src/ros-exercises/install/fibonacci_action/include/fibonacci_action/fibonacci_action/msg/rosidl_typesupport_fastrtps_c__visibility_control.h
[1.315s] -- Up-to-date: /home/r3k7/Nauka_ros/src/ros-exercises/install/fibonacci_action/lib/libfibonacci_action__rosidl_typesupport_fastrtps_c.so
[1.318s] -- Up-to-date: /home/r3k7/Nauka_ros/src/ros-exercises/install/fibonacci_action/include/fibonacci_action/fibonacci_action
[1.319s] -- Up-to-date: /home/r3k7/Nauka_ros/src/ros-exercises/install/fibonacci_action/include/fibonacci_action/fibonacci_action/action
[1.319s] -- Up-to-date: /home/r3k7/Nauka_ros/src/ros-exercises/install/fibonacci_action/include/fibonacci_action/fibonacci_action/action/detail
[1.319s] -- Up-to-date: /home/r3k7/Nauka_ros/src/ros-exercises/install/fibonacci_action/include/fibonacci_action/fibonacci_action/action/detail/fibonacci__rosidl_typesupport_introspection_c.h
[1.319s] -- Up-to-date: /home/r3k7/Nauka_ros/src/ros-exercises/install/fibonacci_action/include/fibonacci_action/fibonacci_action/action/detail/fibonacci__type_support.c
[1.319s] -- Up-to-date: /home/r3k7/Nauka_ros/src/ros-exercises/install/fibonacci_action/include/fibonacci_action/fibonacci_action/msg
[1.319s] -- Up-to-date: /home/r3k7/Nauka_ros/src/ros-exercises/install/fibonacci_action/include/fibonacci_action/fibonacci_action/msg/rosidl_typesupport_introspection_c__visibility_control.h
[1.319s] -- Up-to-date: /home/r3k7/Nauka_ros/src/ros-exercises/install/fibonacci_action/lib/libfibonacci_action__rosidl_typesupport_introspection_c.so
[1.319s] -- Up-to-date: /home/r3k7/Nauka_ros/src/ros-exercises/install/fibonacci_action/lib/libfibonacci_action__rosidl_typesupport_c.so
[1.321s] -- Up-to-date: /home/r3k7/Nauka_ros/src/ros-exercises/install/fibonacci_action/include/fibonacci_action/fibonacci_action
[1.321s] -- Up-to-date: /home/r3k7/Nauka_ros/src/ros-exercises/install/fibonacci_action/include/fibonacci_action/fibonacci_action/action
[1.321s] -- Up-to-date: /home/r3k7/Nauka_ros/src/ros-exercises/install/fibonacci_action/include/fibonacci_action/fibonacci_action/action/fibonacci.hpp
[1.321s] -- Up-to-date: /home/r3k7/Nauka_ros/src/ros-exercises/install/fibonacci_action/include/fibonacci_action/fibonacci_action/action/detail
[1.321s] -- Up-to-date: /home/r3k7/Nauka_ros/src/ros-exercises/install/fibonacci_action/include/fibonacci_action/fibonacci_action/action/detail/fibonacci__struct.hpp
[1.321s] -- Up-to-date: /home/r3k7/Nauka_ros/src/ros-exercises/install/fibonacci_action/include/fibonacci_action/fibonacci_action/action/detail/fibonacci__traits.hpp
[1.322s] -- Up-to-date: /home/r3k7/Nauka_ros/src/ros-exercises/install/fibonacci_action/include/fibonacci_action/fibonacci_action/action/detail/fibonacci__builder.hpp
[1.322s] -- Up-to-date: /home/r3k7/Nauka_ros/src/ros-exercises/install/fibonacci_action/include/fibonacci_action/fibonacci_action
[1.322s] -- Up-to-date: /home/r3k7/Nauka_ros/src/ros-exercises/install/fibonacci_action/include/fibonacci_action/fibonacci_action/action
[1.322s] -- Up-to-date: /home/r3k7/Nauka_ros/src/ros-exercises/install/fibonacci_action/include/fibonacci_action/fibonacci_action/action/detail
[1.322s] -- Up-to-date: /home/r3k7/Nauka_ros/src/ros-exercises/install/fibonacci_action/include/fibonacci_action/fibonacci_action/action/detail/fibonacci__rosidl_typesupport_fastrtps_cpp.hpp
[1.322s] -- Up-to-date: /home/r3k7/Nauka_ros/src/ros-exercises/install/fibonacci_action/include/fibonacci_action/fibonacci_action/action/detail/dds_fastrtps
[1.322s] -- Up-to-date: /home/r3k7/Nauka_ros/src/ros-exercises/install/fibonacci_action/include/fibonacci_action/fibonacci_action/msg
[1.322s] -- Up-to-date: /home/r3k7/Nauka_ros/src/ros-exercises/install/fibonacci_action/include/fibonacci_action/fibonacci_action/msg/rosidl_typesupport_fastrtps_cpp__visibility_control.h
[1.322s] -- Up-to-date: /home/r3k7/Nauka_ros/src/ros-exercises/install/fibonacci_action/lib/libfibonacci_action__rosidl_typesupport_fastrtps_cpp.so
[1.323s] -- Up-to-date: /home/r3k7/Nauka_ros/src/ros-exercises/install/fibonacci_action/include/fibonacci_action/fibonacci_action
[1.323s] -- Up-to-date: /home/r3k7/Nauka_ros/src/ros-exercises/install/fibonacci_action/include/fibonacci_action/fibonacci_action/action
[1.323s] -- Up-to-date: /home/r3k7/Nauka_ros/src/ros-exercises/install/fibonacci_action/include/fibonacci_action/fibonacci_action/action/detail
[1.343s] -- Up-to-date: /home/r3k7/Nauka_ros/src/ros-exercises/install/fibonacci_action/include/fibonacci_action/fibonacci_action/action/detail/fibonacci__rosidl_typesupport_introspection_cpp.hpp
[1.343s] -- Up-to-date: /home/r3k7/Nauka_ros/src/ros-exercises/install/fibonacci_action/include/fibonacci_action/fibonacci_action/action/detail/fibonacci__type_support.cpp
[1.343s] -- Up-to-date: /home/r3k7/Nauka_ros/src/ros-exercises/install/fibonacci_action/lib/libfibonacci_action__rosidl_typesupport_introspection_cpp.so
[1.344s] -- Up-to-date: /home/r3k7/Nauka_ros/src/ros-exercises/install/fibonacci_action/lib/libfibonacci_action__rosidl_typesupport_cpp.so
[1.344s] -- Up-to-date: /home/r3k7/Nauka_ros/src/ros-exercises/install/fibonacci_action/share/fibonacci_action/environment/pythonpath.sh
[1.344s] -- Up-to-date: /home/r3k7/Nauka_ros/src/ros-exercises/install/fibonacci_action/share/fibonacci_action/environment/pythonpath.dsv
[1.344s] -- Up-to-date: /home/r3k7/Nauka_ros/src/ros-exercises/install/fibonacci_action/local/lib/python3.10/dist-packages/fibonacci_action-0.0.0-py3.10.egg-info
[1.344s] -- Installing: /home/r3k7/Nauka_ros/src/ros-exercises/install/fibonacci_action/local/lib/python3.10/dist-packages/fibonacci_action-0.0.0-py3.10.egg-info/dependency_links.txt
[1.344s] -- Installing: /home/r3k7/Nauka_ros/src/ros-exercises/install/fibonacci_action/local/lib/python3.10/dist-packages/fibonacci_action-0.0.0-py3.10.egg-info/PKG-INFO
[1.345s] -- Installing: /home/r3k7/Nauka_ros/src/ros-exercises/install/fibonacci_action/local/lib/python3.10/dist-packages/fibonacci_action-0.0.0-py3.10.egg-info/SOURCES.txt
[1.345s] -- Installing: /home/r3k7/Nauka_ros/src/ros-exercises/install/fibonacci_action/local/lib/python3.10/dist-packages/fibonacci_action-0.0.0-py3.10.egg-info/top_level.txt
[1.359s] -- Up-to-date: /home/r3k7/Nauka_ros/src/ros-exercises/install/fibonacci_action/local/lib/python3.10/dist-packages/fibonacci_action
[1.360s] -- Up-to-date: /home/r3k7/Nauka_ros/src/ros-exercises/install/fibonacci_action/local/lib/python3.10/dist-packages/fibonacci_action/action
[1.360s] -- Up-to-date: /home/r3k7/Nauka_ros/src/ros-exercises/install/fibonacci_action/local/lib/python3.10/dist-packages/fibonacci_action/action/_fibonacci.py
[1.360s] -- Up-to-date: /home/r3k7/Nauka_ros/src/ros-exercises/install/fibonacci_action/local/lib/python3.10/dist-packages/fibonacci_action/action/__init__.py
[1.360s] -- Up-to-date: /home/r3k7/Nauka_ros/src/ros-exercises/install/fibonacci_action/local/lib/python3.10/dist-packages/fibonacci_action/action/_fibonacci_s.c
[1.360s] -- Up-to-date: /home/r3k7/Nauka_ros/src/ros-exercises/install/fibonacci_action/local/lib/python3.10/dist-packages/fibonacci_action/fibonacci_action_s__rosidl_typesupport_introspection_c.cpython-310-x86_64-linux-gnu.so
[1.360s] -- Up-to-date: /home/r3k7/Nauka_ros/src/ros-exercises/install/fibonacci_action/local/lib/python3.10/dist-packages/fibonacci_action/_fibonacci_action_s.ep.rosidl_typesupport_c.c
[1.360s] -- Up-to-date: /home/r3k7/Nauka_ros/src/ros-exercises/install/fibonacci_action/local/lib/python3.10/dist-packages/fibonacci_action/libfibonacci_action__rosidl_generator_py.so
[1.361s] -- Up-to-date: /home/r3k7/Nauka_ros/src/ros-exercises/install/fibonacci_action/local/lib/python3.10/dist-packages/fibonacci_action/_fibonacci_action_s.ep.rosidl_typesupport_fastrtps_c.c
[1.361s] -- Up-to-date: /home/r3k7/Nauka_ros/src/ros-exercises/install/fibonacci_action/local/lib/python3.10/dist-packages/fibonacci_action/fibonacci_action_s__rosidl_typesupport_c.cpython-310-x86_64-linux-gnu.so
[1.361s] -- Up-to-date: /home/r3k7/Nauka_ros/src/ros-exercises/install/fibonacci_action/local/lib/python3.10/dist-packages/fibonacci_action/fibonacci_action_s__rosidl_typesupport_fastrtps_c.cpython-310-x86_64-linux-gnu.so
[1.361s] -- Up-to-date: /home/r3k7/Nauka_ros/src/ros-exercises/install/fibonacci_action/local/lib/python3.10/dist-packages/fibonacci_action/__init__.py
[1.361s] -- Up-to-date: /home/r3k7/Nauka_ros/src/ros-exercises/install/fibonacci_action/local/lib/python3.10/dist-packages/fibonacci_action/_fibonacci_action_s.ep.rosidl_typesupport_introspection_c.c
[1.382s] Listing '/home/r3k7/Nauka_ros/src/ros-exercises/install/fibonacci_action/local/lib/python3.10/dist-packages/fibonacci_action'...
[1.387s] Listing '/home/r3k7/Nauka_ros/src/ros-exercises/install/fibonacci_action/local/lib/python3.10/dist-packages/fibonacci_action/action'...
[1.398s] -- Up-to-date: /home/r3k7/Nauka_ros/src/ros-exercises/install/fibonacci_action/local/lib/python3.10/dist-packages/fibonacci_action/fibonacci_action_s__rosidl_typesupport_fastrtps_c.cpython-310-x86_64-linux-gnu.so
[1.398s] -- Up-to-date: /home/r3k7/Nauka_ros/src/ros-exercises/install/fibonacci_action/local/lib/python3.10/dist-packages/fibonacci_action/fibonacci_action_s__rosidl_typesupport_introspection_c.cpython-310-x86_64-linux-gnu.so
[1.402s] -- Up-to-date: /home/r3k7/Nauka_ros/src/ros-exercises/install/fibonacci_action/local/lib/python3.10/dist-packages/fibonacci_action/fibonacci_action_s__rosidl_typesupport_c.cpython-310-x86_64-linux-gnu.so
[1.406s] -- Up-to-date: /home/r3k7/Nauka_ros/src/ros-exercises/install/fibonacci_action/lib/libfibonacci_action__rosidl_generator_py.so
[1.406s] -- Up-to-date: /home/r3k7/Nauka_ros/src/ros-exercises/install/fibonacci_action/share/fibonacci_action/action/Fibonacci.idl
[1.407s] -- Up-to-date: /home/r3k7/Nauka_ros/src/ros-exercises/install/fibonacci_action/share/fibonacci_action/action/Fibonacci.action
[1.407s] -- Up-to-date: /home/r3k7/Nauka_ros/src/ros-exercises/install/fibonacci_action/lib/fibonacci_action/fibonacci_action_server.py
[1.407s] -- Up-to-date: /home/r3k7/Nauka_ros/src/ros-exercises/install/fibonacci_action/lib/fibonacci_action/fibonacci_action_client.py
[1.407s] -- Up-to-date: /home/r3k7/Nauka_ros/src/ros-exercises/install/fibonacci_action/share/ament_index/resource_index/package_run_dependencies/fibonacci_action
[1.407s] -- Up-to-date: /home/r3k7/Nauka_ros/src/ros-exercises/install/fibonacci_action/share/ament_index/resource_index/parent_prefix_path/fibonacci_action
[1.407s] -- Up-to-date: /home/r3k7/Nauka_ros/src/ros-exercises/install/fibonacci_action/share/fibonacci_action/environment/ament_prefix_path.sh
[1.407s] -- Up-to-date: /home/r3k7/Nauka_ros/src/ros-exercises/install/fibonacci_action/share/fibonacci_action/environment/ament_prefix_path.dsv
[1.407s] -- Up-to-date: /home/r3k7/Nauka_ros/src/ros-exercises/install/fibonacci_action/share/fibonacci_action/environment/path.sh
[1.408s] -- Up-to-date: /home/r3k7/Nauka_ros/src/ros-exercises/install/fibonacci_action/share/fibonacci_action/environment/path.dsv
[1.408s] -- Up-to-date: /home/r3k7/Nauka_ros/src/ros-exercises/install/fibonacci_action/share/fibonacci_action/local_setup.bash
[1.408s] -- Up-to-date: /home/r3k7/Nauka_ros/src/ros-exercises/install/fibonacci_action/share/fibonacci_action/local_setup.sh
[1.408s] -- Up-to-date: /home/r3k7/Nauka_ros/src/ros-exercises/install/fibonacci_action/share/fibonacci_action/local_setup.zsh
[1.408s] -- Up-to-date: /home/r3k7/Nauka_ros/src/ros-exercises/install/fibonacci_action/share/fibonacci_action/local_setup.dsv
[1.408s] -- Installing: /home/r3k7/Nauka_ros/src/ros-exercises/install/fibonacci_action/share/fibonacci_action/package.dsv
[1.408s] -- Up-to-date: /home/r3k7/Nauka_ros/src/ros-exercises/install/fibonacci_action/share/ament_index/resource_index/packages/fibonacci_action
[1.409s] -- Up-to-date: /home/r3k7/Nauka_ros/src/ros-exercises/install/fibonacci_action/share/fibonacci_action/cmake/export_fibonacci_action__rosidl_generator_cExport.cmake
[1.409s] -- Up-to-date: /home/r3k7/Nauka_ros/src/ros-exercises/install/fibonacci_action/share/fibonacci_action/cmake/export_fibonacci_action__rosidl_generator_cExport-noconfig.cmake
[1.409s] -- Up-to-date: /home/r3k7/Nauka_ros/src/ros-exercises/install/fibonacci_action/share/fibonacci_action/cmake/export_fibonacci_action__rosidl_typesupport_fastrtps_cExport.cmake
[1.409s] -- Up-to-date: /home/r3k7/Nauka_ros/src/ros-exercises/install/fibonacci_action/share/fibonacci_action/cmake/export_fibonacci_action__rosidl_typesupport_fastrtps_cExport-noconfig.cmake
[1.409s] -- Up-to-date: /home/r3k7/Nauka_ros/src/ros-exercises/install/fibonacci_action/share/fibonacci_action/cmake/fibonacci_action__rosidl_typesupport_introspection_cExport.cmake
[1.409s] -- Up-to-date: /home/r3k7/Nauka_ros/src/ros-exercises/install/fibonacci_action/share/fibonacci_action/cmake/fibonacci_action__rosidl_typesupport_introspection_cExport-noconfig.cmake
[1.410s] -- Up-to-date: /home/r3k7/Nauka_ros/src/ros-exercises/install/fibonacci_action/share/fibonacci_action/cmake/fibonacci_action__rosidl_typesupport_cExport.cmake
[1.410s] -- Up-to-date: /home/r3k7/Nauka_ros/src/ros-exercises/install/fibonacci_action/share/fibonacci_action/cmake/fibonacci_action__rosidl_typesupport_cExport-noconfig.cmake
[1.410s] -- Up-to-date: /home/r3k7/Nauka_ros/src/ros-exercises/install/fibonacci_action/share/fibonacci_action/cmake/export_fibonacci_action__rosidl_generator_cppExport.cmake
[1.410s] -- Up-to-date: /home/r3k7/Nauka_ros/src/ros-exercises/install/fibonacci_action/share/fibonacci_action/cmake/export_fibonacci_action__rosidl_typesupport_fastrtps_cppExport.cmake
[1.415s] -- Up-to-date: /home/r3k7/Nauka_ros/src/ros-exercises/install/fibonacci_action/share/fibonacci_action/cmake/export_fibonacci_action__rosidl_typesupport_fastrtps_cppExport-noconfig.cmake
[1.415s] -- Up-to-date: /home/r3k7/Nauka_ros/src/ros-exercises/install/fibonacci_action/share/fibonacci_action/cmake/fibonacci_action__rosidl_typesupport_introspection_cppExport.cmake
[1.415s] -- Up-to-date: /home/r3k7/Nauka_ros/src/ros-exercises/install/fibonacci_action/share/fibonacci_action/cmake/fibonacci_action__rosidl_typesupport_introspection_cppExport-noconfig.cmake
[1.415s] -- Up-to-date: /home/r3k7/Nauka_ros/src/ros-exercises/install/fibonacci_action/share/fibonacci_action/cmake/fibonacci_action__rosidl_typesupport_cppExport.cmake
[1.415s] -- Up-to-date: /home/r3k7/Nauka_ros/src/ros-exercises/install/fibonacci_action/share/fibonacci_action/cmake/fibonacci_action__rosidl_typesupport_cppExport-noconfig.cmake
[1.416s] -- Up-to-date: /home/r3k7/Nauka_ros/src/ros-exercises/install/fibonacci_action/share/fibonacci_action/cmake/export_fibonacci_action__rosidl_generator_pyExport.cmake
[1.416s] -- Up-to-date: /home/r3k7/Nauka_ros/src/ros-exercises/install/fibonacci_action/share/fibonacci_action/cmake/export_fibonacci_action__rosidl_generator_pyExport-noconfig.cmake
[1.417s] -- Up-to-date: /home/r3k7/Nauka_ros/src/ros-exercises/install/fibonacci_action/share/fibonacci_action/cmake/rosidl_cmake-extras.cmake
[1.417s] -- Up-to-date: /home/r3k7/Nauka_ros/src/ros-exercises/install/fibonacci_action/share/fibonacci_action/cmake/ament_cmake_export_dependencies-extras.cmake
[1.424s] -- Up-to-date: /home/r3k7/Nauka_ros/src/ros-exercises/install/fibonacci_action/share/fibonacci_action/cmake/ament_cmake_export_include_directories-extras.cmake
[1.424s] -- Up-to-date: /home/r3k7/Nauka_ros/src/ros-exercises/install/fibonacci_action/share/fibonacci_action/cmake/ament_cmake_export_libraries-extras.cmake
[1.425s] -- Up-to-date: /home/r3k7/Nauka_ros/src/ros-exercises/install/fibonacci_action/share/fibonacci_action/cmake/ament_cmake_export_targets-extras.cmake
[1.426s] -- Up-to-date: /home/r3k7/Nauka_ros/src/ros-exercises/install/fibonacci_action/share/fibonacci_action/cmake/rosidl_cmake_export_typesupport_targets-extras.cmake
[1.426s] -- Up-to-date: /home/r3k7/Nauka_ros/src/ros-exercises/install/fibonacci_action/share/fibonacci_action/cmake/rosidl_cmake_export_typesupport_libraries-extras.cmake
[1.427s] -- Up-to-date: /home/r3k7/Nauka_ros/src/ros-exercises/install/fibonacci_action/share/fibonacci_action/cmake/fibonacci_actionConfig.cmake
[1.428s] -- Up-to-date: /home/r3k7/Nauka_ros/src/ros-exercises/install/fibonacci_action/share/fibonacci_action/cmake/fibonacci_actionConfig-version.cmake
[1.429s] -- Up-to-date: /home/r3k7/Nauka_ros/src/ros-exercises/install/fibonacci_action/share/fibonacci_action/package.xml
[1.755s] Invoked command in '/home/r3k7/Nauka_ros/src/ros-exercises/build/fibonacci_action' returned '0': CMAKE_PREFIX_PATH=${CMAKE_PREFIX_PATH}:/home/r3k7/Nauka_ros/src/ros-exercises/install/navigation2_dist:/opt/ros/humble WSLENV=ELECTRON_RUN_AS_NODE/w:WT_SESSION:WT_PROFILE_ID: /usr/bin/cmake --install /home/r3k7/Nauka_ros/src/ros-exercises/build/fibonacci_action
