[0.529s] Invoking command in '/home/r3k7/Nauka_ros/src/ros-exercises/build/pub_sub': CMAKE_PREFIX_PATH=${CMAKE_PREFIX_PATH}:/home/r3k7/Nauka_ros/src/ros-exercises/install/navigation2_dist:/opt/ros/humble WSLENV=ELECTRON_RUN_AS_NODE/w:WT_SESSION:WT_PROFILE_ID: /usr/bin/cmake --build /home/r3k7/Nauka_ros/src/ros-exercises/build/pub_sub -- -j8 -l8
[0.615s] [ 50%] Built target talker
[0.626s] [100%] Built target listener
[0.758s] Invoked command in '/home/r3k7/Nauka_ros/src/ros-exercises/build/pub_sub' returned '0': CMAKE_PREFIX_PATH=${CMAKE_PREFIX_PATH}:/home/r3k7/Nauka_ros/src/ros-exercises/install/navigation2_dist:/opt/ros/humble WSLENV=ELECTRON_RUN_AS_NODE/w:WT_SESSION:WT_PROFILE_ID: /usr/bin/cmake --build /home/r3k7/Nauka_ros/src/ros-exercises/build/pub_sub -- -j8 -l8
[0.997s] Invoking command in '/home/r3k7/Nauka_ros/src/ros-exercises/build/pub_sub': CMAKE_PREFIX_PATH=${CMAKE_PREFIX_PATH}:/home/r3k7/Nauka_ros/src/ros-exercises/install/navigation2_dist:/opt/ros/humble WSLENV=ELECTRON_RUN_AS_NODE/w:WT_SESSION:WT_PROFILE_ID: /usr/bin/cmake --install /home/r3k7/Nauka_ros/src/ros-exercises/build/pub_sub
[1.006s] -- Install configuration: ""
[1.006s] -- Up-to-date: /home/r3k7/Nauka_ros/src/ros-exercises/install/pub_sub/lib/pub_sub/talker
[1.006s] -- Up-to-date: /home/r3k7/Nauka_ros/src/ros-exercises/install/pub_sub/lib/pub_sub/listener
[1.007s] -- Up-to-date: /home/r3k7/Nauka_ros/src/ros-exercises/install/pub_sub/share/ament_index/resource_index/package_run_dependencies/pub_sub
[1.007s] -- Up-to-date: /home/r3k7/Nauka_ros/src/ros-exercises/install/pub_sub/share/ament_index/resource_index/parent_prefix_path/pub_sub
[1.007s] -- Up-to-date: /home/r3k7/Nauka_ros/src/ros-exercises/install/pub_sub/share/pub_sub/environment/ament_prefix_path.sh
[1.007s] -- Up-to-date: /home/r3k7/Nauka_ros/src/ros-exercises/install/pub_sub/share/pub_sub/environment/ament_prefix_path.dsv
[1.007s] -- Up-to-date: /home/r3k7/Nauka_ros/src/ros-exercises/install/pub_sub/share/pub_sub/environment/path.sh
[1.007s] -- Up-to-date: /home/r3k7/Nauka_ros/src/ros-exercises/install/pub_sub/share/pub_sub/environment/path.dsv
[1.008s] -- Up-to-date: /home/r3k7/Nauka_ros/src/ros-exercises/install/pub_sub/share/pub_sub/local_setup.bash
[1.010s] -- Up-to-date: /home/r3k7/Nauka_ros/src/ros-exercises/install/pub_sub/share/pub_sub/local_setup.sh
[1.011s] -- Up-to-date: /home/r3k7/Nauka_ros/src/ros-exercises/install/pub_sub/share/pub_sub/local_setup.zsh
[1.011s] -- Up-to-date: /home/r3k7/Nauka_ros/src/ros-exercises/install/pub_sub/share/pub_sub/local_setup.dsv
[1.012s] -- Installing: /home/r3k7/Nauka_ros/src/ros-exercises/install/pub_sub/share/pub_sub/package.dsv
[1.012s] -- Up-to-date: /home/r3k7/Nauka_ros/src/ros-exercises/install/pub_sub/share/ament_index/resource_index/packages/pub_sub
[1.012s] -- Up-to-date: /home/r3k7/Nauka_ros/src/ros-exercises/install/pub_sub/share/pub_sub/cmake/pub_subConfig.cmake
[1.012s] -- Up-to-date: /home/r3k7/Nauka_ros/src/ros-exercises/install/pub_sub/share/pub_sub/cmake/pub_subConfig-version.cmake
[1.013s] -- Up-to-date: /home/r3k7/Nauka_ros/src/ros-exercises/install/pub_sub/share/pub_sub/package.xml
[1.028s] Invoked command in '/home/r3k7/Nauka_ros/src/ros-exercises/build/pub_sub' returned '0': CMAKE_PREFIX_PATH=${CMAKE_PREFIX_PATH}:/home/r3k7/Nauka_ros/src/ros-exercises/install/navigation2_dist:/opt/ros/humble WSLENV=ELECTRON_RUN_AS_NODE/w:WT_SESSION:WT_PROFILE_ID: /usr/bin/cmake --install /home/r3k7/Nauka_ros/src/ros-exercises/build/pub_sub
