[2.344s] Invoking command in '/home/mrush/exercise/src/ros-exercises/navigation2_planners/navigation2_dist': PYTHONPATH=/home/mrush/exercise/src/ros-exercises/build/navigation2_dist/prefix_override:/home/mrush/exercise/src/ros-exercises/install/navigation2_dist/lib/python3.10/site-packages:${PYTHONPATH} WSLENV=ELECTRON_RUN_AS_NODE/w: /usr/bin/python3 setup.py egg_info --egg-base ../../build/navigation2_dist build --build-base /home/mrush/exercise/src/ros-exercises/build/navigation2_dist/build install --record /home/mrush/exercise/src/ros-exercises/build/navigation2_dist/install.log --single-version-externally-managed
[2.719s] running egg_info
[2.720s] writing ../../build/navigation2_dist/navigation2_dist.egg-info/PKG-INFO
[2.720s] writing dependency_links to ../../build/navigation2_dist/navigation2_dist.egg-info/dependency_links.txt
[2.721s] writing entry points to ../../build/navigation2_dist/navigation2_dist.egg-info/entry_points.txt
[2.721s] writing requirements to ../../build/navigation2_dist/navigation2_dist.egg-info/requires.txt
[2.721s] writing top-level names to ../../build/navigation2_dist/navigation2_dist.egg-info/top_level.txt
[2.723s] reading manifest file '../../build/navigation2_dist/navigation2_dist.egg-info/SOURCES.txt'
[2.727s] writing manifest file '../../build/navigation2_dist/navigation2_dist.egg-info/SOURCES.txt'
[2.727s] running build
[2.727s] running build_py
[2.728s] running install
[2.728s] /usr/lib/python3/dist-packages/setuptools/command/install.py:34: SetuptoolsDeprecationWarning: setup.py install is deprecated. Use build and pip and other standards-based tools.
[2.728s]   warnings.warn(
[2.729s] running install_lib
[2.730s] running install_data
[2.730s] running install_egg_info
[2.732s] removing '/home/mrush/exercise/src/ros-exercises/install/navigation2_dist/lib/python3.10/site-packages/navigation2_dist-0.0.0-py3.10.egg-info' (and everything under it)
[2.732s] Copying ../../build/navigation2_dist/navigation2_dist.egg-info to /home/mrush/exercise/src/ros-exercises/install/navigation2_dist/lib/python3.10/site-packages/navigation2_dist-0.0.0-py3.10.egg-info
[2.733s] running install_scripts
[2.764s] Installing path_len script to /home/mrush/exercise/src/ros-exercises/install/navigation2_dist/lib/navigation2_dist
[2.765s] writing list of installed files to '/home/mrush/exercise/src/ros-exercises/build/navigation2_dist/install.log'
[2.811s] Invoked command in '/home/mrush/exercise/src/ros-exercises/navigation2_planners/navigation2_dist' returned '0': PYTHONPATH=/home/mrush/exercise/src/ros-exercises/build/navigation2_dist/prefix_override:/home/mrush/exercise/src/ros-exercises/install/navigation2_dist/lib/python3.10/site-packages:${PYTHONPATH} WSLENV=ELECTRON_RUN_AS_NODE/w: /usr/bin/python3 setup.py egg_info --egg-base ../../build/navigation2_dist build --build-base /home/mrush/exercise/src/ros-exercises/build/navigation2_dist/build install --record /home/mrush/exercise/src/ros-exercises/build/navigation2_dist/install.log --single-version-externally-managed
