[0.474s] Invoking command in '/home/mrush/exercise/src/ros-exercises/build/exercise': CMAKE_PREFIX_PATH=${CMAKE_PREFIX_PATH}:/home/mrush/exercise/src/ros-exercises/install/navigation2_dist:/opt/ros/humble WSLENV=ELECTRON_RUN_AS_NODE/w: /usr/bin/cmake --build /home/mrush/exercise/src/ros-exercises/build/exercise -- -j8 -l8
[1.057s] Invoked command in '/home/mrush/exercise/src/ros-exercises/build/exercise' returned '0': CMAKE_PREFIX_PATH=${CMAKE_PREFIX_PATH}:/home/mrush/exercise/src/ros-exercises/install/navigation2_dist:/opt/ros/humble WSLENV=ELECTRON_RUN_AS_NODE/w: /usr/bin/cmake --build /home/mrush/exercise/src/ros-exercises/build/exercise -- -j8 -l8
[1.115s] Invoking command in '/home/mrush/exercise/src/ros-exercises/build/exercise': CMAKE_PREFIX_PATH=${CMAKE_PREFIX_PATH}:/home/mrush/exercise/src/ros-exercises/install/navigation2_dist:/opt/ros/humble WSLENV=ELECTRON_RUN_AS_NODE/w: /usr/bin/cmake --install /home/mrush/exercise/src/ros-exercises/build/exercise
[1.125s] -- Install configuration: ""
[1.126s] -- Up-to-date: /home/mrush/exercise/src/ros-exercises/install/exercise/share/exercise//launch
[1.126s] -- Up-to-date: /home/mrush/exercise/src/ros-exercises/install/exercise/share/exercise//launch/exercise_world.launch.py
[1.126s] -- Up-to-date: /home/mrush/exercise/src/ros-exercises/install/exercise/share/exercise//worlds
[1.126s] -- Up-to-date: /home/mrush/exercise/src/ros-exercises/install/exercise/share/exercise//worlds/exercise.sdf
[1.126s] -- Up-to-date: /home/mrush/exercise/src/ros-exercises/install/exercise/share/exercise//config
[1.132s] -- Up-to-date: /home/mrush/exercise/src/ros-exercises/install/exercise/share/exercise//config/exercise.config
[1.133s] -- Up-to-date: /home/mrush/exercise/src/ros-exercises/install/exercise/share/ament_index/resource_index/package_run_dependencies/exercise
[1.133s] -- Up-to-date: /home/mrush/exercise/src/ros-exercises/install/exercise/share/ament_index/resource_index/parent_prefix_path/exercise
[1.133s] -- Up-to-date: /home/mrush/exercise/src/ros-exercises/install/exercise/share/exercise/environment/ament_prefix_path.sh
[1.133s] -- Up-to-date: /home/mrush/exercise/src/ros-exercises/install/exercise/share/exercise/environment/ament_prefix_path.dsv
[1.133s] -- Up-to-date: /home/mrush/exercise/src/ros-exercises/install/exercise/share/exercise/environment/path.sh
[1.133s] -- Up-to-date: /home/mrush/exercise/src/ros-exercises/install/exercise/share/exercise/environment/path.dsv
[1.133s] -- Up-to-date: /home/mrush/exercise/src/ros-exercises/install/exercise/share/exercise/local_setup.bash
[1.133s] -- Up-to-date: /home/mrush/exercise/src/ros-exercises/install/exercise/share/exercise/local_setup.sh
[1.133s] -- Up-to-date: /home/mrush/exercise/src/ros-exercises/install/exercise/share/exercise/local_setup.zsh
[1.133s] -- Up-to-date: /home/mrush/exercise/src/ros-exercises/install/exercise/share/exercise/local_setup.dsv
[1.134s] -- Installing: /home/mrush/exercise/src/ros-exercises/install/exercise/share/exercise/package.dsv
[1.134s] -- Up-to-date: /home/mrush/exercise/src/ros-exercises/install/exercise/share/ament_index/resource_index/packages/exercise
[1.134s] -- Up-to-date: /home/mrush/exercise/src/ros-exercises/install/exercise/share/exercise/cmake/exerciseConfig.cmake
[1.134s] -- Up-to-date: /home/mrush/exercise/src/ros-exercises/install/exercise/share/exercise/cmake/exerciseConfig-version.cmake
[1.134s] -- Up-to-date: /home/mrush/exercise/src/ros-exercises/install/exercise/share/exercise/package.xml
[1.135s] Invoked command in '/home/mrush/exercise/src/ros-exercises/build/exercise' returned '0': CMAKE_PREFIX_PATH=${CMAKE_PREFIX_PATH}:/home/mrush/exercise/src/ros-exercises/install/navigation2_dist:/opt/ros/humble WSLENV=ELECTRON_RUN_AS_NODE/w: /usr/bin/cmake --install /home/mrush/exercise/src/ros-exercises/build/exercise
