[  9%] Built target ex_solution__rosidl_generator_c
[ 12%] Built target ex_solution__cpp
[ 12%] Built target ament_cmake_python_copy_ex_solution
[ 22%] Built target ex_solution__rosidl_typesupport_introspection_c
[ 32%] Built target ex_solution__rosidl_typesupport_c
[ 45%] Built target ex_solution__rosidl_typesupport_fastrtps_c
[ 51%] Built target ex_solution__rosidl_typesupport_introspection_cpp
[ 61%] Built target ex_solution__rosidl_typesupport_fastrtps_cpp
[ 70%] Built target ex_solution__rosidl_typesupport_cpp
[ 70%] Built target ex_solution
[ 74%] Built target ex_solution__py
[ 80%] Built target ex_solution__rosidl_generator_py
[ 87%] Built target ex_solution__rosidl_typesupport_introspection_c__pyext
[ 93%] Built target ex_solution__rosidl_typesupport_fastrtps_c__pyext
[100%] Built target ex_solution__rosidl_typesupport_c__pyext
running egg_info
writing ex_solution.egg-info/PKG-INFO
writing dependency_links to ex_solution.egg-info/dependency_links.txt
writing top-level names to ex_solution.egg-info/top_level.txt
reading manifest file 'ex_solution.egg-info/SOURCES.txt'
writing manifest file 'ex_solution.egg-info/SOURCES.txt'
[100%] Built target ament_cmake_python_build_ex_solution_egg
-- Install configuration: ""
-- Up-to-date: /home/mrush/exercise/src/ros-exercises/install/ex_solution/share/ament_index/resource_index/rosidl_interfaces/ex_solution
-- Up-to-date: /home/mrush/exercise/src/ros-exercises/install/ex_solution/include/ex_solution/ex_solution
-- Up-to-date: /home/mrush/exercise/src/ros-exercises/install/ex_solution/include/ex_solution/ex_solution/msg
-- Up-to-date: /home/mrush/exercise/src/ros-exercises/install/ex_solution/include/ex_solution/ex_solution/msg/rosidl_generator_c__visibility_control.h
-- Up-to-date: /home/mrush/exercise/src/ros-exercises/install/ex_solution/include/ex_solution/ex_solution/action
-- Up-to-date: /home/mrush/exercise/src/ros-exercises/install/ex_solution/include/ex_solution/ex_solution/action/detail
-- Up-to-date: /home/mrush/exercise/src/ros-exercises/install/ex_solution/include/ex_solution/ex_solution/action/detail/exercise_action__struct.h
-- Up-to-date: /home/mrush/exercise/src/ros-exercises/install/ex_solution/include/ex_solution/ex_solution/action/detail/exercise_action__type_support.h
-- Up-to-date: /home/mrush/exercise/src/ros-exercises/install/ex_solution/include/ex_solution/ex_solution/action/detail/exercise_action__functions.c
-- Up-to-date: /home/mrush/exercise/src/ros-exercises/install/ex_solution/include/ex_solution/ex_solution/action/detail/exercise_action__functions.h
-- Up-to-date: /home/mrush/exercise/src/ros-exercises/install/ex_solution/include/ex_solution/ex_solution/action/exercise_action.h
-- Up-to-date: /home/mrush/exercise/src/ros-exercises/install/ex_solution/share/ex_solution/environment/library_path.sh
-- Up-to-date: /home/mrush/exercise/src/ros-exercises/install/ex_solution/share/ex_solution/environment/library_path.dsv
-- Up-to-date: /home/mrush/exercise/src/ros-exercises/install/ex_solution/lib/libex_solution__rosidl_generator_c.so
-- Up-to-date: /home/mrush/exercise/src/ros-exercises/install/ex_solution/include/ex_solution/ex_solution
-- Up-to-date: /home/mrush/exercise/src/ros-exercises/install/ex_solution/include/ex_solution/ex_solution/msg
-- Up-to-date: /home/mrush/exercise/src/ros-exercises/install/ex_solution/include/ex_solution/ex_solution/msg/rosidl_typesupport_fastrtps_c__visibility_control.h
-- Up-to-date: /home/mrush/exercise/src/ros-exercises/install/ex_solution/include/ex_solution/ex_solution/action
-- Up-to-date: /home/mrush/exercise/src/ros-exercises/install/ex_solution/include/ex_solution/ex_solution/action/detail
-- Up-to-date: /home/mrush/exercise/src/ros-exercises/install/ex_solution/include/ex_solution/ex_solution/action/detail/exercise_action__rosidl_typesupport_fastrtps_c.h
-- Up-to-date: /home/mrush/exercise/src/ros-exercises/install/ex_solution/lib/libex_solution__rosidl_typesupport_fastrtps_c.so
-- Up-to-date: /home/mrush/exercise/src/ros-exercises/install/ex_solution/include/ex_solution/ex_solution
-- Up-to-date: /home/mrush/exercise/src/ros-exercises/install/ex_solution/include/ex_solution/ex_solution/action
-- Up-to-date: /home/mrush/exercise/src/ros-exercises/install/ex_solution/include/ex_solution/ex_solution/action/exercise_action.hpp
-- Up-to-date: /home/mrush/exercise/src/ros-exercises/install/ex_solution/include/ex_solution/ex_solution/action/detail
-- Up-to-date: /home/mrush/exercise/src/ros-exercises/install/ex_solution/include/ex_solution/ex_solution/action/detail/exercise_action__traits.hpp
-- Up-to-date: /home/mrush/exercise/src/ros-exercises/install/ex_solution/include/ex_solution/ex_solution/action/detail/exercise_action__builder.hpp
-- Up-to-date: /home/mrush/exercise/src/ros-exercises/install/ex_solution/include/ex_solution/ex_solution/action/detail/exercise_action__struct.hpp
-- Up-to-date: /home/mrush/exercise/src/ros-exercises/install/ex_solution/include/ex_solution/ex_solution
-- Up-to-date: /home/mrush/exercise/src/ros-exercises/install/ex_solution/include/ex_solution/ex_solution/msg
-- Up-to-date: /home/mrush/exercise/src/ros-exercises/install/ex_solution/include/ex_solution/ex_solution/msg/rosidl_typesupport_fastrtps_cpp__visibility_control.h
-- Up-to-date: /home/mrush/exercise/src/ros-exercises/install/ex_solution/include/ex_solution/ex_solution/action
-- Up-to-date: /home/mrush/exercise/src/ros-exercises/install/ex_solution/include/ex_solution/ex_solution/action/detail
-- Up-to-date: /home/mrush/exercise/src/ros-exercises/install/ex_solution/include/ex_solution/ex_solution/action/detail/dds_fastrtps
-- Up-to-date: /home/mrush/exercise/src/ros-exercises/install/ex_solution/include/ex_solution/ex_solution/action/detail/exercise_action__rosidl_typesupport_fastrtps_cpp.hpp
-- Up-to-date: /home/mrush/exercise/src/ros-exercises/install/ex_solution/lib/libex_solution__rosidl_typesupport_fastrtps_cpp.so
-- Up-to-date: /home/mrush/exercise/src/ros-exercises/install/ex_solution/include/ex_solution/ex_solution
-- Up-to-date: /home/mrush/exercise/src/ros-exercises/install/ex_solution/include/ex_solution/ex_solution/msg
-- Up-to-date: /home/mrush/exercise/src/ros-exercises/install/ex_solution/include/ex_solution/ex_solution/msg/rosidl_typesupport_introspection_c__visibility_control.h
-- Up-to-date: /home/mrush/exercise/src/ros-exercises/install/ex_solution/include/ex_solution/ex_solution/action
-- Up-to-date: /home/mrush/exercise/src/ros-exercises/install/ex_solution/include/ex_solution/ex_solution/action/detail
-- Up-to-date: /home/mrush/exercise/src/ros-exercises/install/ex_solution/include/ex_solution/ex_solution/action/detail/exercise_action__rosidl_typesupport_introspection_c.h
-- Up-to-date: /home/mrush/exercise/src/ros-exercises/install/ex_solution/include/ex_solution/ex_solution/action/detail/exercise_action__type_support.c
-- Up-to-date: /home/mrush/exercise/src/ros-exercises/install/ex_solution/lib/libex_solution__rosidl_typesupport_introspection_c.so
-- Up-to-date: /home/mrush/exercise/src/ros-exercises/install/ex_solution/lib/libex_solution__rosidl_typesupport_c.so
-- Up-to-date: /home/mrush/exercise/src/ros-exercises/install/ex_solution/include/ex_solution/ex_solution
-- Up-to-date: /home/mrush/exercise/src/ros-exercises/install/ex_solution/include/ex_solution/ex_solution/action
-- Up-to-date: /home/mrush/exercise/src/ros-exercises/install/ex_solution/include/ex_solution/ex_solution/action/detail
-- Up-to-date: /home/mrush/exercise/src/ros-exercises/install/ex_solution/include/ex_solution/ex_solution/action/detail/exercise_action__type_support.cpp
-- Up-to-date: /home/mrush/exercise/src/ros-exercises/install/ex_solution/include/ex_solution/ex_solution/action/detail/exercise_action__rosidl_typesupport_introspection_cpp.hpp
-- Up-to-date: /home/mrush/exercise/src/ros-exercises/install/ex_solution/lib/libex_solution__rosidl_typesupport_introspection_cpp.so
-- Up-to-date: /home/mrush/exercise/src/ros-exercises/install/ex_solution/lib/libex_solution__rosidl_typesupport_cpp.so
-- Up-to-date: /home/mrush/exercise/src/ros-exercises/install/ex_solution/share/ex_solution/environment/pythonpath.sh
-- Up-to-date: /home/mrush/exercise/src/ros-exercises/install/ex_solution/share/ex_solution/environment/pythonpath.dsv
-- Up-to-date: /home/mrush/exercise/src/ros-exercises/install/ex_solution/local/lib/python3.10/dist-packages/ex_solution-0.0.0-py3.10.egg-info
-- Installing: /home/mrush/exercise/src/ros-exercises/install/ex_solution/local/lib/python3.10/dist-packages/ex_solution-0.0.0-py3.10.egg-info/top_level.txt
-- Installing: /home/mrush/exercise/src/ros-exercises/install/ex_solution/local/lib/python3.10/dist-packages/ex_solution-0.0.0-py3.10.egg-info/PKG-INFO
-- Installing: /home/mrush/exercise/src/ros-exercises/install/ex_solution/local/lib/python3.10/dist-packages/ex_solution-0.0.0-py3.10.egg-info/SOURCES.txt
-- Installing: /home/mrush/exercise/src/ros-exercises/install/ex_solution/local/lib/python3.10/dist-packages/ex_solution-0.0.0-py3.10.egg-info/dependency_links.txt
-- Up-to-date: /home/mrush/exercise/src/ros-exercises/install/ex_solution/local/lib/python3.10/dist-packages/ex_solution
-- Up-to-date: /home/mrush/exercise/src/ros-exercises/install/ex_solution/local/lib/python3.10/dist-packages/ex_solution/libex_solution__rosidl_generator_py.so
-- Up-to-date: /home/mrush/exercise/src/ros-exercises/install/ex_solution/local/lib/python3.10/dist-packages/ex_solution/_ex_solution_s.ep.rosidl_typesupport_c.c
-- Up-to-date: /home/mrush/exercise/src/ros-exercises/install/ex_solution/local/lib/python3.10/dist-packages/ex_solution/ex_solution_s__rosidl_typesupport_c.cpython-310-x86_64-linux-gnu.so
-- Up-to-date: /home/mrush/exercise/src/ros-exercises/install/ex_solution/local/lib/python3.10/dist-packages/ex_solution/_ex_solution_s.ep.rosidl_typesupport_introspection_c.c
-- Up-to-date: /home/mrush/exercise/src/ros-exercises/install/ex_solution/local/lib/python3.10/dist-packages/ex_solution/ex_solution_s__rosidl_typesupport_introspection_c.cpython-310-x86_64-linux-gnu.so
-- Up-to-date: /home/mrush/exercise/src/ros-exercises/install/ex_solution/local/lib/python3.10/dist-packages/ex_solution/_ex_solution_s.ep.rosidl_typesupport_fastrtps_c.c
-- Up-to-date: /home/mrush/exercise/src/ros-exercises/install/ex_solution/local/lib/python3.10/dist-packages/ex_solution/action
-- Up-to-date: /home/mrush/exercise/src/ros-exercises/install/ex_solution/local/lib/python3.10/dist-packages/ex_solution/action/_exercise_action.py
-- Up-to-date: /home/mrush/exercise/src/ros-exercises/install/ex_solution/local/lib/python3.10/dist-packages/ex_solution/action/_exercise_action_s.c
-- Up-to-date: /home/mrush/exercise/src/ros-exercises/install/ex_solution/local/lib/python3.10/dist-packages/ex_solution/action/__init__.py
-- Up-to-date: /home/mrush/exercise/src/ros-exercises/install/ex_solution/local/lib/python3.10/dist-packages/ex_solution/__init__.py
-- Up-to-date: /home/mrush/exercise/src/ros-exercises/install/ex_solution/local/lib/python3.10/dist-packages/ex_solution/ex_solution_s__rosidl_typesupport_fastrtps_c.cpython-310-x86_64-linux-gnu.so
Listing '/home/mrush/exercise/src/ros-exercises/install/ex_solution/local/lib/python3.10/dist-packages/ex_solution'...
Listing '/home/mrush/exercise/src/ros-exercises/install/ex_solution/local/lib/python3.10/dist-packages/ex_solution/action'...
-- Up-to-date: /home/mrush/exercise/src/ros-exercises/install/ex_solution/local/lib/python3.10/dist-packages/ex_solution/ex_solution_s__rosidl_typesupport_fastrtps_c.cpython-310-x86_64-linux-gnu.so
-- Up-to-date: /home/mrush/exercise/src/ros-exercises/install/ex_solution/local/lib/python3.10/dist-packages/ex_solution/ex_solution_s__rosidl_typesupport_introspection_c.cpython-310-x86_64-linux-gnu.so
-- Up-to-date: /home/mrush/exercise/src/ros-exercises/install/ex_solution/local/lib/python3.10/dist-packages/ex_solution/ex_solution_s__rosidl_typesupport_c.cpython-310-x86_64-linux-gnu.so
-- Up-to-date: /home/mrush/exercise/src/ros-exercises/install/ex_solution/lib/libex_solution__rosidl_generator_py.so
-- Up-to-date: /home/mrush/exercise/src/ros-exercises/install/ex_solution/share/ex_solution/action/ExerciseAction.idl
-- Up-to-date: /home/mrush/exercise/src/ros-exercises/install/ex_solution/share/ex_solution/action/ExerciseAction.action
-- Installing: /home/mrush/exercise/src/ros-exercises/install/ex_solution/lib/ex_solution/exercise_action_client.py
-- Up-to-date: /home/mrush/exercise/src/ros-exercises/install/ex_solution/lib/ex_solution/exercise_action_server.py
-- Up-to-date: /home/mrush/exercise/src/ros-exercises/install/ex_solution/share/ament_index/resource_index/package_run_dependencies/ex_solution
-- Up-to-date: /home/mrush/exercise/src/ros-exercises/install/ex_solution/share/ament_index/resource_index/parent_prefix_path/ex_solution
-- Up-to-date: /home/mrush/exercise/src/ros-exercises/install/ex_solution/share/ex_solution/environment/ament_prefix_path.sh
-- Up-to-date: /home/mrush/exercise/src/ros-exercises/install/ex_solution/share/ex_solution/environment/ament_prefix_path.dsv
-- Up-to-date: /home/mrush/exercise/src/ros-exercises/install/ex_solution/share/ex_solution/environment/path.sh
-- Up-to-date: /home/mrush/exercise/src/ros-exercises/install/ex_solution/share/ex_solution/environment/path.dsv
-- Up-to-date: /home/mrush/exercise/src/ros-exercises/install/ex_solution/share/ex_solution/local_setup.bash
-- Up-to-date: /home/mrush/exercise/src/ros-exercises/install/ex_solution/share/ex_solution/local_setup.sh
-- Up-to-date: /home/mrush/exercise/src/ros-exercises/install/ex_solution/share/ex_solution/local_setup.zsh
-- Up-to-date: /home/mrush/exercise/src/ros-exercises/install/ex_solution/share/ex_solution/local_setup.dsv
-- Installing: /home/mrush/exercise/src/ros-exercises/install/ex_solution/share/ex_solution/package.dsv
-- Up-to-date: /home/mrush/exercise/src/ros-exercises/install/ex_solution/share/ament_index/resource_index/packages/ex_solution
-- Up-to-date: /home/mrush/exercise/src/ros-exercises/install/ex_solution/share/ex_solution/cmake/export_ex_solution__rosidl_generator_cExport.cmake
-- Up-to-date: /home/mrush/exercise/src/ros-exercises/install/ex_solution/share/ex_solution/cmake/export_ex_solution__rosidl_generator_cExport-noconfig.cmake
-- Up-to-date: /home/mrush/exercise/src/ros-exercises/install/ex_solution/share/ex_solution/cmake/export_ex_solution__rosidl_typesupport_fastrtps_cExport.cmake
-- Up-to-date: /home/mrush/exercise/src/ros-exercises/install/ex_solution/share/ex_solution/cmake/export_ex_solution__rosidl_typesupport_fastrtps_cExport-noconfig.cmake
-- Up-to-date: /home/mrush/exercise/src/ros-exercises/install/ex_solution/share/ex_solution/cmake/export_ex_solution__rosidl_generator_cppExport.cmake
-- Up-to-date: /home/mrush/exercise/src/ros-exercises/install/ex_solution/share/ex_solution/cmake/export_ex_solution__rosidl_typesupport_fastrtps_cppExport.cmake
-- Up-to-date: /home/mrush/exercise/src/ros-exercises/install/ex_solution/share/ex_solution/cmake/export_ex_solution__rosidl_typesupport_fastrtps_cppExport-noconfig.cmake
-- Up-to-date: /home/mrush/exercise/src/ros-exercises/install/ex_solution/share/ex_solution/cmake/ex_solution__rosidl_typesupport_introspection_cExport.cmake
-- Up-to-date: /home/mrush/exercise/src/ros-exercises/install/ex_solution/share/ex_solution/cmake/ex_solution__rosidl_typesupport_introspection_cExport-noconfig.cmake
-- Up-to-date: /home/mrush/exercise/src/ros-exercises/install/ex_solution/share/ex_solution/cmake/ex_solution__rosidl_typesupport_cExport.cmake
-- Up-to-date: /home/mrush/exercise/src/ros-exercises/install/ex_solution/share/ex_solution/cmake/ex_solution__rosidl_typesupport_cExport-noconfig.cmake
-- Up-to-date: /home/mrush/exercise/src/ros-exercises/install/ex_solution/share/ex_solution/cmake/ex_solution__rosidl_typesupport_introspection_cppExport.cmake
-- Up-to-date: /home/mrush/exercise/src/ros-exercises/install/ex_solution/share/ex_solution/cmake/ex_solution__rosidl_typesupport_introspection_cppExport-noconfig.cmake
-- Up-to-date: /home/mrush/exercise/src/ros-exercises/install/ex_solution/share/ex_solution/cmake/ex_solution__rosidl_typesupport_cppExport.cmake
-- Up-to-date: /home/mrush/exercise/src/ros-exercises/install/ex_solution/share/ex_solution/cmake/ex_solution__rosidl_typesupport_cppExport-noconfig.cmake
-- Up-to-date: /home/mrush/exercise/src/ros-exercises/install/ex_solution/share/ex_solution/cmake/export_ex_solution__rosidl_generator_pyExport.cmake
-- Up-to-date: /home/mrush/exercise/src/ros-exercises/install/ex_solution/share/ex_solution/cmake/export_ex_solution__rosidl_generator_pyExport-noconfig.cmake
-- Up-to-date: /home/mrush/exercise/src/ros-exercises/install/ex_solution/share/ex_solution/cmake/rosidl_cmake-extras.cmake
-- Up-to-date: /home/mrush/exercise/src/ros-exercises/install/ex_solution/share/ex_solution/cmake/ament_cmake_export_dependencies-extras.cmake
-- Up-to-date: /home/mrush/exercise/src/ros-exercises/install/ex_solution/share/ex_solution/cmake/ament_cmake_export_include_directories-extras.cmake
-- Up-to-date: /home/mrush/exercise/src/ros-exercises/install/ex_solution/share/ex_solution/cmake/ament_cmake_export_libraries-extras.cmake
-- Up-to-date: /home/mrush/exercise/src/ros-exercises/install/ex_solution/share/ex_solution/cmake/ament_cmake_export_targets-extras.cmake
-- Up-to-date: /home/mrush/exercise/src/ros-exercises/install/ex_solution/share/ex_solution/cmake/rosidl_cmake_export_typesupport_targets-extras.cmake
-- Up-to-date: /home/mrush/exercise/src/ros-exercises/install/ex_solution/share/ex_solution/cmake/rosidl_cmake_export_typesupport_libraries-extras.cmake
-- Up-to-date: /home/mrush/exercise/src/ros-exercises/install/ex_solution/share/ex_solution/cmake/ex_solutionConfig.cmake
-- Up-to-date: /home/mrush/exercise/src/ros-exercises/install/ex_solution/share/ex_solution/cmake/ex_solutionConfig-version.cmake
-- Up-to-date: /home/mrush/exercise/src/ros-exercises/install/ex_solution/share/ex_solution/package.xml
