[3.990s] Invoking command in '/home/mrush/exercise/src/ros-exercises/navigation2_planners/navigation2_dist': PYTHONPATH=/home/mrush/exercise/src/ros-exercises/build/navigation2_dist/prefix_override:/home/mrush/exercise/src/ros-exercises/install/navigation2_dist/lib/python3.10/site-packages:${PYTHONPATH} WSLENV=ELECTRON_RUN_AS_NODE/w: /usr/bin/python3 setup.py egg_info --egg-base ../../build/navigation2_dist build --build-base /home/mrush/exercise/src/ros-exercises/build/navigation2_dist/build install --record /home/mrush/exercise/src/ros-exercises/build/navigation2_dist/install.log --single-version-externally-managed
[4.924s] running egg_info
[4.926s] writing ../../build/navigation2_dist/navigation2_dist.egg-info/PKG-INFO
[4.928s] writing dependency_links to ../../build/navigation2_dist/navigation2_dist.egg-info/dependency_links.txt
[4.929s] writing entry points to ../../build/navigation2_dist/navigation2_dist.egg-info/entry_points.txt
[4.929s] writing requirements to ../../build/navigation2_dist/navigation2_dist.egg-info/requires.txt
[4.930s] writing top-level names to ../../build/navigation2_dist/navigation2_dist.egg-info/top_level.txt
[4.935s] reading manifest file '../../build/navigation2_dist/navigation2_dist.egg-info/SOURCES.txt'
[4.939s] writing manifest file '../../build/navigation2_dist/navigation2_dist.egg-info/SOURCES.txt'
[4.944s] running build
[4.948s] running build_py
[4.952s] running install
[4.954s] /usr/lib/python3/dist-packages/setuptools/command/install.py:34: SetuptoolsDeprecationWarning: setup.py install is deprecated. Use build and pip and other standards-based tools.
[4.954s]   warnings.warn(
[4.955s] running install_lib
[4.962s] running install_data
[4.965s] running install_egg_info
[4.973s] removing '/home/mrush/exercise/src/ros-exercises/install/navigation2_dist/lib/python3.10/site-packages/navigation2_dist-0.0.0-py3.10.egg-info' (and everything under it)
[4.974s] Copying ../../build/navigation2_dist/navigation2_dist.egg-info to /home/mrush/exercise/src/ros-exercises/install/navigation2_dist/lib/python3.10/site-packages/navigation2_dist-0.0.0-py3.10.egg-info
[4.976s] running install_scripts
[5.043s] Installing path_len script to /home/mrush/exercise/src/ros-exercises/install/navigation2_dist/lib/navigation2_dist
[5.043s] writing list of installed files to '/home/mrush/exercise/src/ros-exercises/build/navigation2_dist/install.log'
[5.188s] Invoked command in '/home/mrush/exercise/src/ros-exercises/navigation2_planners/navigation2_dist' returned '0': PYTHONPATH=/home/mrush/exercise/src/ros-exercises/build/navigation2_dist/prefix_override:/home/mrush/exercise/src/ros-exercises/install/navigation2_dist/lib/python3.10/site-packages:${PYTHONPATH} WSLENV=ELECTRON_RUN_AS_NODE/w: /usr/bin/python3 setup.py egg_info --egg-base ../../build/navigation2_dist build --build-base /home/mrush/exercise/src/ros-exercises/build/navigation2_dist/build install --record /home/mrush/exercise/src/ros-exercises/build/navigation2_dist/install.log --single-version-externally-managed
