[1.102s] Invoking command in '/home/r3k7/Nauka_ros/src/ros-exercises/build/ex_solution': CMAKE_PREFIX_PATH=${CMAKE_PREFIX_PATH}:/home/r3k7/Nauka_ros/src/ros-exercises/install/navigation2_dist:/opt/ros/humble WSLENV=ELECTRON_RUN_AS_NODE/w:WT_SESSION:WT_PROFILE_ID: /usr/bin/cmake --build /home/r3k7/Nauka_ros/src/ros-exercises/build/ex_solution -- -j8 -l8
[2.301s] [  9%] Built target ex_solution__rosidl_generator_c
[2.301s] [  9%] Built target ament_cmake_python_copy_ex_solution
[2.301s] [ 19%] Built target ex_solution__rosidl_typesupport_c
[2.301s] running egg_info
[2.341s] writing ex_solution.egg-info/PKG-INFO
[2.347s] writing dependency_links to ex_solution.egg-info/dependency_links.txt
[2.347s] writing top-level names to ex_solution.egg-info/top_level.txt
[2.731s] reading manifest file 'ex_solution.egg-info/SOURCES.txt'
[2.750s] writing manifest file 'ex_solution.egg-info/SOURCES.txt'
[2.990s] [ 19%] Built target ament_cmake_python_build_ex_solution_egg
[3.073s] [ 29%] Built target ex_solution__rosidl_typesupport_introspection_c
[3.146s] [ 38%] Built target ex_solution__rosidl_typesupport_fastrtps_c
[3.278s] [ 41%] Built target ex_solution__cpp
[3.323s] [ 51%] Built target ex_solution__rosidl_typesupport_fastrtps_cpp
[3.453s] [ 61%] Built target ex_solution__rosidl_typesupport_cpp
[3.628s] [ 70%] Built target ex_solution__rosidl_typesupport_introspection_cpp
[3.754s] [ 70%] Built target ex_solution
[3.872s] [ 74%] Built target ex_solution__py
[3.959s] [ 80%] Built target ex_solution__rosidl_generator_py
[4.095s] [ 87%] Built target ex_solution__rosidl_typesupport_fastrtps_c__pyext
[4.211s] [ 93%] Built target ex_solution__rosidl_typesupport_c__pyext
[4.304s] [100%] Built target ex_solution__rosidl_typesupport_introspection_c__pyext
[4.357s] Invoked command in '/home/r3k7/Nauka_ros/src/ros-exercises/build/ex_solution' returned '0': CMAKE_PREFIX_PATH=${CMAKE_PREFIX_PATH}:/home/r3k7/Nauka_ros/src/ros-exercises/install/navigation2_dist:/opt/ros/humble WSLENV=ELECTRON_RUN_AS_NODE/w:WT_SESSION:WT_PROFILE_ID: /usr/bin/cmake --build /home/r3k7/Nauka_ros/src/ros-exercises/build/ex_solution -- -j8 -l8
[4.949s] Invoking command in '/home/r3k7/Nauka_ros/src/ros-exercises/build/ex_solution': CMAKE_PREFIX_PATH=${CMAKE_PREFIX_PATH}:/home/r3k7/Nauka_ros/src/ros-exercises/install/navigation2_dist:/opt/ros/humble WSLENV=ELECTRON_RUN_AS_NODE/w:WT_SESSION:WT_PROFILE_ID: /usr/bin/cmake --install /home/r3k7/Nauka_ros/src/ros-exercises/build/ex_solution
[5.192s] -- Install configuration: ""
[5.195s] -- Up-to-date: /home/r3k7/Nauka_ros/src/ros-exercises/install/ex_solution/share/ament_index/resource_index/rosidl_interfaces/ex_solution
[5.195s] -- Up-to-date: /home/r3k7/Nauka_ros/src/ros-exercises/install/ex_solution/include/ex_solution/ex_solution
[5.195s] -- Up-to-date: /home/r3k7/Nauka_ros/src/ros-exercises/install/ex_solution/include/ex_solution/ex_solution/action
[5.195s] -- Up-to-date: /home/r3k7/Nauka_ros/src/ros-exercises/install/ex_solution/include/ex_solution/ex_solution/action/detail
[5.195s] -- Up-to-date: /home/r3k7/Nauka_ros/src/ros-exercises/install/ex_solution/include/ex_solution/ex_solution/action/detail/exercise_action__functions.c
[5.196s] -- Up-to-date: /home/r3k7/Nauka_ros/src/ros-exercises/install/ex_solution/include/ex_solution/ex_solution/action/detail/exercise_action__functions.h
[5.196s] -- Up-to-date: /home/r3k7/Nauka_ros/src/ros-exercises/install/ex_solution/include/ex_solution/ex_solution/action/detail/exercise_action__struct.h
[5.196s] -- Up-to-date: /home/r3k7/Nauka_ros/src/ros-exercises/install/ex_solution/include/ex_solution/ex_solution/action/detail/exercise_action__type_support.h
[5.196s] -- Up-to-date: /home/r3k7/Nauka_ros/src/ros-exercises/install/ex_solution/include/ex_solution/ex_solution/action/exercise_action.h
[5.196s] -- Up-to-date: /home/r3k7/Nauka_ros/src/ros-exercises/install/ex_solution/include/ex_solution/ex_solution/msg
[5.196s] -- Up-to-date: /home/r3k7/Nauka_ros/src/ros-exercises/install/ex_solution/include/ex_solution/ex_solution/msg/rosidl_generator_c__visibility_control.h
[5.196s] -- Up-to-date: /home/r3k7/Nauka_ros/src/ros-exercises/install/ex_solution/share/ex_solution/environment/library_path.sh
[5.196s] -- Up-to-date: /home/r3k7/Nauka_ros/src/ros-exercises/install/ex_solution/share/ex_solution/environment/library_path.dsv
[5.196s] -- Up-to-date: /home/r3k7/Nauka_ros/src/ros-exercises/install/ex_solution/lib/libex_solution__rosidl_generator_c.so
[5.196s] -- Up-to-date: /home/r3k7/Nauka_ros/src/ros-exercises/install/ex_solution/include/ex_solution/ex_solution
[5.196s] -- Up-to-date: /home/r3k7/Nauka_ros/src/ros-exercises/install/ex_solution/include/ex_solution/ex_solution/action
[5.197s] -- Up-to-date: /home/r3k7/Nauka_ros/src/ros-exercises/install/ex_solution/include/ex_solution/ex_solution/action/detail
[5.197s] -- Up-to-date: /home/r3k7/Nauka_ros/src/ros-exercises/install/ex_solution/include/ex_solution/ex_solution/action/detail/exercise_action__rosidl_typesupport_fastrtps_c.h
[5.197s] -- Up-to-date: /home/r3k7/Nauka_ros/src/ros-exercises/install/ex_solution/include/ex_solution/ex_solution/msg
[5.197s] -- Up-to-date: /home/r3k7/Nauka_ros/src/ros-exercises/install/ex_solution/include/ex_solution/ex_solution/msg/rosidl_typesupport_fastrtps_c__visibility_control.h
[5.197s] -- Up-to-date: /home/r3k7/Nauka_ros/src/ros-exercises/install/ex_solution/lib/libex_solution__rosidl_typesupport_fastrtps_c.so
[5.197s] -- Up-to-date: /home/r3k7/Nauka_ros/src/ros-exercises/install/ex_solution/include/ex_solution/ex_solution
[5.197s] -- Up-to-date: /home/r3k7/Nauka_ros/src/ros-exercises/install/ex_solution/include/ex_solution/ex_solution/action
[5.197s] -- Up-to-date: /home/r3k7/Nauka_ros/src/ros-exercises/install/ex_solution/include/ex_solution/ex_solution/action/detail
[5.197s] -- Up-to-date: /home/r3k7/Nauka_ros/src/ros-exercises/install/ex_solution/include/ex_solution/ex_solution/action/detail/exercise_action__struct.hpp
[5.198s] -- Up-to-date: /home/r3k7/Nauka_ros/src/ros-exercises/install/ex_solution/include/ex_solution/ex_solution/action/detail/exercise_action__traits.hpp
[5.198s] -- Up-to-date: /home/r3k7/Nauka_ros/src/ros-exercises/install/ex_solution/include/ex_solution/ex_solution/action/detail/exercise_action__builder.hpp
[5.198s] -- Up-to-date: /home/r3k7/Nauka_ros/src/ros-exercises/install/ex_solution/include/ex_solution/ex_solution/action/exercise_action.hpp
[5.198s] -- Up-to-date: /home/r3k7/Nauka_ros/src/ros-exercises/install/ex_solution/include/ex_solution/ex_solution
[5.198s] -- Up-to-date: /home/r3k7/Nauka_ros/src/ros-exercises/install/ex_solution/include/ex_solution/ex_solution/action
[5.198s] -- Up-to-date: /home/r3k7/Nauka_ros/src/ros-exercises/install/ex_solution/include/ex_solution/ex_solution/action/detail
[5.221s] -- Up-to-date: /home/r3k7/Nauka_ros/src/ros-exercises/install/ex_solution/include/ex_solution/ex_solution/action/detail/dds_fastrtps
[5.222s] -- Up-to-date: /home/r3k7/Nauka_ros/src/ros-exercises/install/ex_solution/include/ex_solution/ex_solution/action/detail/exercise_action__rosidl_typesupport_fastrtps_cpp.hpp
[5.222s] -- Up-to-date: /home/r3k7/Nauka_ros/src/ros-exercises/install/ex_solution/include/ex_solution/ex_solution/msg
[5.223s] -- Up-to-date: /home/r3k7/Nauka_ros/src/ros-exercises/install/ex_solution/include/ex_solution/ex_solution/msg/rosidl_typesupport_fastrtps_cpp__visibility_control.h
[5.223s] -- Up-to-date: /home/r3k7/Nauka_ros/src/ros-exercises/install/ex_solution/lib/libex_solution__rosidl_typesupport_fastrtps_cpp.so
[5.224s] -- Up-to-date: /home/r3k7/Nauka_ros/src/ros-exercises/install/ex_solution/include/ex_solution/ex_solution
[5.224s] -- Up-to-date: /home/r3k7/Nauka_ros/src/ros-exercises/install/ex_solution/include/ex_solution/ex_solution/action
[5.224s] -- Up-to-date: /home/r3k7/Nauka_ros/src/ros-exercises/install/ex_solution/include/ex_solution/ex_solution/action/detail
[5.224s] -- Up-to-date: /home/r3k7/Nauka_ros/src/ros-exercises/install/ex_solution/include/ex_solution/ex_solution/action/detail/exercise_action__rosidl_typesupport_introspection_c.h
[5.224s] -- Up-to-date: /home/r3k7/Nauka_ros/src/ros-exercises/install/ex_solution/include/ex_solution/ex_solution/action/detail/exercise_action__type_support.c
[5.225s] -- Up-to-date: /home/r3k7/Nauka_ros/src/ros-exercises/install/ex_solution/include/ex_solution/ex_solution/msg
[5.225s] -- Up-to-date: /home/r3k7/Nauka_ros/src/ros-exercises/install/ex_solution/include/ex_solution/ex_solution/msg/rosidl_typesupport_introspection_c__visibility_control.h
[5.225s] -- Up-to-date: /home/r3k7/Nauka_ros/src/ros-exercises/install/ex_solution/lib/libex_solution__rosidl_typesupport_introspection_c.so
[5.226s] -- Up-to-date: /home/r3k7/Nauka_ros/src/ros-exercises/install/ex_solution/lib/libex_solution__rosidl_typesupport_c.so
[5.226s] -- Up-to-date: /home/r3k7/Nauka_ros/src/ros-exercises/install/ex_solution/include/ex_solution/ex_solution
[5.226s] -- Up-to-date: /home/r3k7/Nauka_ros/src/ros-exercises/install/ex_solution/include/ex_solution/ex_solution/action
[5.226s] -- Up-to-date: /home/r3k7/Nauka_ros/src/ros-exercises/install/ex_solution/include/ex_solution/ex_solution/action/detail
[5.226s] -- Up-to-date: /home/r3k7/Nauka_ros/src/ros-exercises/install/ex_solution/include/ex_solution/ex_solution/action/detail/exercise_action__type_support.cpp
[5.226s] -- Up-to-date: /home/r3k7/Nauka_ros/src/ros-exercises/install/ex_solution/include/ex_solution/ex_solution/action/detail/exercise_action__rosidl_typesupport_introspection_cpp.hpp
[5.226s] -- Up-to-date: /home/r3k7/Nauka_ros/src/ros-exercises/install/ex_solution/lib/libex_solution__rosidl_typesupport_introspection_cpp.so
[5.226s] -- Up-to-date: /home/r3k7/Nauka_ros/src/ros-exercises/install/ex_solution/lib/libex_solution__rosidl_typesupport_cpp.so
[5.226s] -- Up-to-date: /home/r3k7/Nauka_ros/src/ros-exercises/install/ex_solution/share/ex_solution/environment/pythonpath.sh
[5.226s] -- Up-to-date: /home/r3k7/Nauka_ros/src/ros-exercises/install/ex_solution/share/ex_solution/environment/pythonpath.dsv
[5.226s] -- Up-to-date: /home/r3k7/Nauka_ros/src/ros-exercises/install/ex_solution/local/lib/python3.10/dist-packages/ex_solution-0.0.0-py3.10.egg-info
[5.227s] -- Installing: /home/r3k7/Nauka_ros/src/ros-exercises/install/ex_solution/local/lib/python3.10/dist-packages/ex_solution-0.0.0-py3.10.egg-info/dependency_links.txt
[5.227s] -- Installing: /home/r3k7/Nauka_ros/src/ros-exercises/install/ex_solution/local/lib/python3.10/dist-packages/ex_solution-0.0.0-py3.10.egg-info/PKG-INFO
[5.227s] -- Installing: /home/r3k7/Nauka_ros/src/ros-exercises/install/ex_solution/local/lib/python3.10/dist-packages/ex_solution-0.0.0-py3.10.egg-info/SOURCES.txt
[5.227s] -- Installing: /home/r3k7/Nauka_ros/src/ros-exercises/install/ex_solution/local/lib/python3.10/dist-packages/ex_solution-0.0.0-py3.10.egg-info/top_level.txt
[5.227s] -- Up-to-date: /home/r3k7/Nauka_ros/src/ros-exercises/install/ex_solution/local/lib/python3.10/dist-packages/ex_solution
[5.227s] -- Up-to-date: /home/r3k7/Nauka_ros/src/ros-exercises/install/ex_solution/local/lib/python3.10/dist-packages/ex_solution/libex_solution__rosidl_generator_py.so
[5.232s] -- Up-to-date: /home/r3k7/Nauka_ros/src/ros-exercises/install/ex_solution/local/lib/python3.10/dist-packages/ex_solution/action
[5.232s] -- Up-to-date: /home/r3k7/Nauka_ros/src/ros-exercises/install/ex_solution/local/lib/python3.10/dist-packages/ex_solution/action/__init__.py
[5.232s] -- Up-to-date: /home/r3k7/Nauka_ros/src/ros-exercises/install/ex_solution/local/lib/python3.10/dist-packages/ex_solution/action/_exercise_action.py
[5.232s] -- Up-to-date: /home/r3k7/Nauka_ros/src/ros-exercises/install/ex_solution/local/lib/python3.10/dist-packages/ex_solution/action/_exercise_action_s.c
[5.233s] -- Up-to-date: /home/r3k7/Nauka_ros/src/ros-exercises/install/ex_solution/local/lib/python3.10/dist-packages/ex_solution/_ex_solution_s.ep.rosidl_typesupport_fastrtps_c.c
[5.233s] -- Up-to-date: /home/r3k7/Nauka_ros/src/ros-exercises/install/ex_solution/local/lib/python3.10/dist-packages/ex_solution/ex_solution_s__rosidl_typesupport_introspection_c.cpython-310-x86_64-linux-gnu.so
[5.233s] -- Up-to-date: /home/r3k7/Nauka_ros/src/ros-exercises/install/ex_solution/local/lib/python3.10/dist-packages/ex_solution/ex_solution_s__rosidl_typesupport_fastrtps_c.cpython-310-x86_64-linux-gnu.so
[5.233s] -- Up-to-date: /home/r3k7/Nauka_ros/src/ros-exercises/install/ex_solution/local/lib/python3.10/dist-packages/ex_solution/_ex_solution_s.ep.rosidl_typesupport_introspection_c.c
[5.233s] -- Up-to-date: /home/r3k7/Nauka_ros/src/ros-exercises/install/ex_solution/local/lib/python3.10/dist-packages/ex_solution/__init__.py
[5.233s] -- Up-to-date: /home/r3k7/Nauka_ros/src/ros-exercises/install/ex_solution/local/lib/python3.10/dist-packages/ex_solution/ex_solution_s__rosidl_typesupport_c.cpython-310-x86_64-linux-gnu.so
[5.233s] -- Up-to-date: /home/r3k7/Nauka_ros/src/ros-exercises/install/ex_solution/local/lib/python3.10/dist-packages/ex_solution/_ex_solution_s.ep.rosidl_typesupport_c.c
[5.233s] Listing '/home/r3k7/Nauka_ros/src/ros-exercises/install/ex_solution/local/lib/python3.10/dist-packages/ex_solution'...
[5.234s] Listing '/home/r3k7/Nauka_ros/src/ros-exercises/install/ex_solution/local/lib/python3.10/dist-packages/ex_solution/action'...
[5.234s] -- Up-to-date: /home/r3k7/Nauka_ros/src/ros-exercises/install/ex_solution/local/lib/python3.10/dist-packages/ex_solution/ex_solution_s__rosidl_typesupport_fastrtps_c.cpython-310-x86_64-linux-gnu.so
[5.234s] -- Up-to-date: /home/r3k7/Nauka_ros/src/ros-exercises/install/ex_solution/local/lib/python3.10/dist-packages/ex_solution/ex_solution_s__rosidl_typesupport_introspection_c.cpython-310-x86_64-linux-gnu.so
[5.234s] -- Up-to-date: /home/r3k7/Nauka_ros/src/ros-exercises/install/ex_solution/local/lib/python3.10/dist-packages/ex_solution/ex_solution_s__rosidl_typesupport_c.cpython-310-x86_64-linux-gnu.so
[5.234s] -- Up-to-date: /home/r3k7/Nauka_ros/src/ros-exercises/install/ex_solution/lib/libex_solution__rosidl_generator_py.so
[5.235s] -- Up-to-date: /home/r3k7/Nauka_ros/src/ros-exercises/install/ex_solution/share/ex_solution/action/ExerciseAction.idl
[5.235s] -- Up-to-date: /home/r3k7/Nauka_ros/src/ros-exercises/install/ex_solution/share/ex_solution/action/ExerciseAction.action
[5.235s] -- Up-to-date: /home/r3k7/Nauka_ros/src/ros-exercises/install/ex_solution/lib/ex_solution/exercise_action_client.py
[5.235s] -- Installing: /home/r3k7/Nauka_ros/src/ros-exercises/install/ex_solution/lib/ex_solution/exercise_action_server.py
[5.235s] -- Up-to-date: /home/r3k7/Nauka_ros/src/ros-exercises/install/ex_solution/share/ament_index/resource_index/package_run_dependencies/ex_solution
[5.235s] -- Up-to-date: /home/r3k7/Nauka_ros/src/ros-exercises/install/ex_solution/share/ament_index/resource_index/parent_prefix_path/ex_solution
[5.235s] -- Up-to-date: /home/r3k7/Nauka_ros/src/ros-exercises/install/ex_solution/share/ex_solution/environment/ament_prefix_path.sh
[5.235s] -- Up-to-date: /home/r3k7/Nauka_ros/src/ros-exercises/install/ex_solution/share/ex_solution/environment/ament_prefix_path.dsv
[5.235s] -- Up-to-date: /home/r3k7/Nauka_ros/src/ros-exercises/install/ex_solution/share/ex_solution/environment/path.sh
[5.235s] -- Up-to-date: /home/r3k7/Nauka_ros/src/ros-exercises/install/ex_solution/share/ex_solution/environment/path.dsv
[5.237s] -- Up-to-date: /home/r3k7/Nauka_ros/src/ros-exercises/install/ex_solution/share/ex_solution/local_setup.bash
[5.237s] -- Up-to-date: /home/r3k7/Nauka_ros/src/ros-exercises/install/ex_solution/share/ex_solution/local_setup.sh
[5.237s] -- Up-to-date: /home/r3k7/Nauka_ros/src/ros-exercises/install/ex_solution/share/ex_solution/local_setup.zsh
[5.237s] -- Up-to-date: /home/r3k7/Nauka_ros/src/ros-exercises/install/ex_solution/share/ex_solution/local_setup.dsv
[5.237s] -- Installing: /home/r3k7/Nauka_ros/src/ros-exercises/install/ex_solution/share/ex_solution/package.dsv
[5.237s] -- Up-to-date: /home/r3k7/Nauka_ros/src/ros-exercises/install/ex_solution/share/ament_index/resource_index/packages/ex_solution
[5.237s] -- Up-to-date: /home/r3k7/Nauka_ros/src/ros-exercises/install/ex_solution/share/ex_solution/cmake/export_ex_solution__rosidl_generator_cExport.cmake
[5.237s] -- Up-to-date: /home/r3k7/Nauka_ros/src/ros-exercises/install/ex_solution/share/ex_solution/cmake/export_ex_solution__rosidl_generator_cExport-noconfig.cmake
[5.238s] -- Up-to-date: /home/r3k7/Nauka_ros/src/ros-exercises/install/ex_solution/share/ex_solution/cmake/export_ex_solution__rosidl_typesupport_fastrtps_cExport.cmake
[5.238s] -- Up-to-date: /home/r3k7/Nauka_ros/src/ros-exercises/install/ex_solution/share/ex_solution/cmake/export_ex_solution__rosidl_typesupport_fastrtps_cExport-noconfig.cmake
[5.238s] -- Up-to-date: /home/r3k7/Nauka_ros/src/ros-exercises/install/ex_solution/share/ex_solution/cmake/export_ex_solution__rosidl_generator_cppExport.cmake
[5.238s] -- Up-to-date: /home/r3k7/Nauka_ros/src/ros-exercises/install/ex_solution/share/ex_solution/cmake/export_ex_solution__rosidl_typesupport_fastrtps_cppExport.cmake
[5.238s] -- Up-to-date: /home/r3k7/Nauka_ros/src/ros-exercises/install/ex_solution/share/ex_solution/cmake/export_ex_solution__rosidl_typesupport_fastrtps_cppExport-noconfig.cmake
[5.238s] -- Up-to-date: /home/r3k7/Nauka_ros/src/ros-exercises/install/ex_solution/share/ex_solution/cmake/ex_solution__rosidl_typesupport_introspection_cExport.cmake
[5.238s] -- Up-to-date: /home/r3k7/Nauka_ros/src/ros-exercises/install/ex_solution/share/ex_solution/cmake/ex_solution__rosidl_typesupport_introspection_cExport-noconfig.cmake
[5.238s] -- Up-to-date: /home/r3k7/Nauka_ros/src/ros-exercises/install/ex_solution/share/ex_solution/cmake/ex_solution__rosidl_typesupport_cExport.cmake
[5.238s] -- Up-to-date: /home/r3k7/Nauka_ros/src/ros-exercises/install/ex_solution/share/ex_solution/cmake/ex_solution__rosidl_typesupport_cExport-noconfig.cmake
[5.238s] -- Up-to-date: /home/r3k7/Nauka_ros/src/ros-exercises/install/ex_solution/share/ex_solution/cmake/ex_solution__rosidl_typesupport_introspection_cppExport.cmake
[5.239s] -- Up-to-date: /home/r3k7/Nauka_ros/src/ros-exercises/install/ex_solution/share/ex_solution/cmake/ex_solution__rosidl_typesupport_introspection_cppExport-noconfig.cmake
[5.239s] -- Up-to-date: /home/r3k7/Nauka_ros/src/ros-exercises/install/ex_solution/share/ex_solution/cmake/ex_solution__rosidl_typesupport_cppExport.cmake
[5.239s] -- Up-to-date: /home/r3k7/Nauka_ros/src/ros-exercises/install/ex_solution/share/ex_solution/cmake/ex_solution__rosidl_typesupport_cppExport-noconfig.cmake
[5.239s] -- Up-to-date: /home/r3k7/Nauka_ros/src/ros-exercises/install/ex_solution/share/ex_solution/cmake/export_ex_solution__rosidl_generator_pyExport.cmake
[5.239s] -- Up-to-date: /home/r3k7/Nauka_ros/src/ros-exercises/install/ex_solution/share/ex_solution/cmake/export_ex_solution__rosidl_generator_pyExport-noconfig.cmake
[5.239s] -- Up-to-date: /home/r3k7/Nauka_ros/src/ros-exercises/install/ex_solution/share/ex_solution/cmake/rosidl_cmake-extras.cmake
[5.239s] -- Up-to-date: /home/r3k7/Nauka_ros/src/ros-exercises/install/ex_solution/share/ex_solution/cmake/ament_cmake_export_dependencies-extras.cmake
[5.239s] -- Up-to-date: /home/r3k7/Nauka_ros/src/ros-exercises/install/ex_solution/share/ex_solution/cmake/ament_cmake_export_include_directories-extras.cmake
[5.239s] -- Up-to-date: /home/r3k7/Nauka_ros/src/ros-exercises/install/ex_solution/share/ex_solution/cmake/ament_cmake_export_libraries-extras.cmake
[5.239s] -- Up-to-date: /home/r3k7/Nauka_ros/src/ros-exercises/install/ex_solution/share/ex_solution/cmake/ament_cmake_export_targets-extras.cmake
[5.240s] -- Up-to-date: /home/r3k7/Nauka_ros/src/ros-exercises/install/ex_solution/share/ex_solution/cmake/rosidl_cmake_export_typesupport_targets-extras.cmake
[5.240s] -- Up-to-date: /home/r3k7/Nauka_ros/src/ros-exercises/install/ex_solution/share/ex_solution/cmake/rosidl_cmake_export_typesupport_libraries-extras.cmake
[5.240s] -- Up-to-date: /home/r3k7/Nauka_ros/src/ros-exercises/install/ex_solution/share/ex_solution/cmake/ex_solutionConfig.cmake
[5.240s] -- Up-to-date: /home/r3k7/Nauka_ros/src/ros-exercises/install/ex_solution/share/ex_solution/cmake/ex_solutionConfig-version.cmake
[5.240s] -- Up-to-date: /home/r3k7/Nauka_ros/src/ros-exercises/install/ex_solution/share/ex_solution/package.xml
[5.240s] Invoked command in '/home/r3k7/Nauka_ros/src/ros-exercises/build/ex_solution' returned '0': CMAKE_PREFIX_PATH=${CMAKE_PREFIX_PATH}:/home/r3k7/Nauka_ros/src/ros-exercises/install/navigation2_dist:/opt/ros/humble WSLENV=ELECTRON_RUN_AS_NODE/w:WT_SESSION:WT_PROFILE_ID: /usr/bin/cmake --install /home/r3k7/Nauka_ros/src/ros-exercises/build/ex_solution
