[2.546s] Invoking command in '/home/r3k7/Nauka_ros/src/ros-exercises/navigation2_planners/navigation2_dist': PYTHONPATH=/home/r3k7/Nauka_ros/src/ros-exercises/build/navigation2_dist/prefix_override:/home/r3k7/Nauka_ros/src/ros-exercises/install/navigation2_dist/lib/python3.10/site-packages:${PYTHONPATH} WSLENV=ELECTRON_RUN_AS_NODE/w:WT_SESSION:WT_PROFILE_ID: /usr/bin/python3 setup.py egg_info --egg-base ../../build/navigation2_dist build --build-base /home/r3k7/Nauka_ros/src/ros-exercises/build/navigation2_dist/build install --record /home/r3k7/Nauka_ros/src/ros-exercises/build/navigation2_dist/install.log --single-version-externally-managed
[3.216s] running egg_info
[3.244s] writing ../../build/navigation2_dist/navigation2_dist.egg-info/PKG-INFO
[3.246s] writing dependency_links to ../../build/navigation2_dist/navigation2_dist.egg-info/dependency_links.txt
[3.246s] writing entry points to ../../build/navigation2_dist/navigation2_dist.egg-info/entry_points.txt
[3.253s] writing requirements to ../../build/navigation2_dist/navigation2_dist.egg-info/requires.txt
[3.255s] writing top-level names to ../../build/navigation2_dist/navigation2_dist.egg-info/top_level.txt
[3.302s] reading manifest file '../../build/navigation2_dist/navigation2_dist.egg-info/SOURCES.txt'
[3.306s] writing manifest file '../../build/navigation2_dist/navigation2_dist.egg-info/SOURCES.txt'
[3.310s] running build
[3.310s] running build_py
[3.311s] /home/r3k7/.local/lib/python3.10/site-packages/setuptools/_distutils/cmd.py:66: SetuptoolsDeprecationWarning: setup.py install is deprecated.
[3.311s] !!
[3.312s] 
[3.312s]         ********************************************************************************
[3.312s]         Please avoid running ``setup.py`` directly.
[3.312s]         Instead, use pypa/build, pypa/installer or other
[3.312s]         standards-based tools.
[3.312s] 
[3.312s]         See https://blog.ganssle.io/articles/2021/10/setup-py-deprecated.html for details.
[3.312s]         ********************************************************************************
[3.312s] 
[3.313s] !!
[3.313s]   self.initialize_options()
[3.313s] running install
[3.332s] running install_lib
[3.364s] running install_data
[3.409s] running install_egg_info
[3.451s] removing '/home/r3k7/Nauka_ros/src/ros-exercises/install/navigation2_dist/lib/python3.10/site-packages/navigation2_dist-0.0.0-py3.10.egg-info' (and everything under it)
[3.451s] Copying ../../build/navigation2_dist/navigation2_dist.egg-info to /home/r3k7/Nauka_ros/src/ros-exercises/install/navigation2_dist/lib/python3.10/site-packages/navigation2_dist-0.0.0-py3.10.egg-info
[3.453s] running install_scripts
[3.731s] Installing path_len script to /home/r3k7/Nauka_ros/src/ros-exercises/install/navigation2_dist/lib/navigation2_dist
[3.731s] writing list of installed files to '/home/r3k7/Nauka_ros/src/ros-exercises/build/navigation2_dist/install.log'
[3.811s] Invoked command in '/home/r3k7/Nauka_ros/src/ros-exercises/navigation2_planners/navigation2_dist' returned '0': PYTHONPATH=/home/r3k7/Nauka_ros/src/ros-exercises/build/navigation2_dist/prefix_override:/home/r3k7/Nauka_ros/src/ros-exercises/install/navigation2_dist/lib/python3.10/site-packages:${PYTHONPATH} WSLENV=ELECTRON_RUN_AS_NODE/w:WT_SESSION:WT_PROFILE_ID: /usr/bin/python3 setup.py egg_info --egg-base ../../build/navigation2_dist build --build-base /home/r3k7/Nauka_ros/src/ros-exercises/build/navigation2_dist/build install --record /home/r3k7/Nauka_ros/src/ros-exercises/build/navigation2_dist/install.log --single-version-externally-managed
