[0.753s] Invoking command in '/home/r3k7/Nauka_ros/src/ros-exercises/build/fibonacci_action': CMAKE_PREFIX_PATH=${CMAKE_PREFIX_PATH}:/home/r3k7/Nauka_ros/src/ros-exercises/install/navigation2_dist:/opt/ros/humble WSLENV=ELECTRON_RUN_AS_NODE/w:WT_SESSION:WT_PROFILE_ID: /usr/bin/cmake --build /home/r3k7/Nauka_ros/src/ros-exercises/build/fibonacci_action -- -j8 -l8
[1.706s] [  3%] Built target fibonacci_action__cpp
[1.706s] [  3%] Built target ament_cmake_python_copy_fibonacci_action
[1.706s] [ 12%] Built target fibonacci_action__rosidl_typesupport_introspection_cpp
[1.706s] running egg_info
[1.706s] writing fibonacci_action.egg-info/PKG-INFO
[1.706s] writing dependency_links to fibonacci_action.egg-info/dependency_links.txt
[1.707s] writing top-level names to fibonacci_action.egg-info/top_level.txt
[1.877s] reading manifest file 'fibonacci_action.egg-info/SOURCES.txt'
[1.878s] writing manifest file 'fibonacci_action.egg-info/SOURCES.txt'
[1.979s] [ 12%] Built target ament_cmake_python_build_fibonacci_action_egg
[2.080s] [ 22%] Built target fibonacci_action__rosidl_typesupport_fastrtps_cpp
[2.148s] [ 32%] Built target fibonacci_action__rosidl_typesupport_cpp
[2.232s] [ 41%] Built target fibonacci_action__rosidl_generator_c
[2.329s] [ 51%] Built target fibonacci_action__rosidl_typesupport_fastrtps_c
[2.384s] [ 61%] Built target fibonacci_action__rosidl_typesupport_c
[2.437s] [ 70%] Built target fibonacci_action__rosidl_typesupport_introspection_c
[2.487s] [ 70%] Built target fibonacci_action
[2.592s] [ 74%] Built target fibonacci_action__py
[2.666s] [ 80%] Built target fibonacci_action__rosidl_generator_py
[2.774s] [ 87%] Built target fibonacci_action__rosidl_typesupport_fastrtps_c__pyext
[2.831s] [ 93%] Built target fibonacci_action__rosidl_typesupport_c__pyext
[2.867s] [100%] Built target fibonacci_action__rosidl_typesupport_introspection_c__pyext
[3.018s] Invoked command in '/home/r3k7/Nauka_ros/src/ros-exercises/build/fibonacci_action' returned '0': CMAKE_PREFIX_PATH=${CMAKE_PREFIX_PATH}:/home/r3k7/Nauka_ros/src/ros-exercises/install/navigation2_dist:/opt/ros/humble WSLENV=ELECTRON_RUN_AS_NODE/w:WT_SESSION:WT_PROFILE_ID: /usr/bin/cmake --build /home/r3k7/Nauka_ros/src/ros-exercises/build/fibonacci_action -- -j8 -l8
[3.396s] Invoking command in '/home/r3k7/Nauka_ros/src/ros-exercises/build/fibonacci_action': CMAKE_PREFIX_PATH=${CMAKE_PREFIX_PATH}:/home/r3k7/Nauka_ros/src/ros-exercises/install/navigation2_dist:/opt/ros/humble WSLENV=ELECTRON_RUN_AS_NODE/w:WT_SESSION:WT_PROFILE_ID: /usr/bin/cmake --install /home/r3k7/Nauka_ros/src/ros-exercises/build/fibonacci_action
[3.454s] -- Install configuration: ""
[3.455s] -- Up-to-date: /home/r3k7/Nauka_ros/src/ros-exercises/install/fibonacci_action/share/ament_index/resource_index/rosidl_interfaces/fibonacci_action
[3.455s] -- Up-to-date: /home/r3k7/Nauka_ros/src/ros-exercises/install/fibonacci_action/include/fibonacci_action/fibonacci_action
[3.455s] -- Up-to-date: /home/r3k7/Nauka_ros/src/ros-exercises/install/fibonacci_action/include/fibonacci_action/fibonacci_action/action
[3.455s] -- Up-to-date: /home/r3k7/Nauka_ros/src/ros-exercises/install/fibonacci_action/include/fibonacci_action/fibonacci_action/action/detail
[3.455s] -- Up-to-date: /home/r3k7/Nauka_ros/src/ros-exercises/install/fibonacci_action/include/fibonacci_action/fibonacci_action/action/detail/fibonacci__type_support.h
[3.455s] -- Up-to-date: /home/r3k7/Nauka_ros/src/ros-exercises/install/fibonacci_action/include/fibonacci_action/fibonacci_action/action/detail/fibonacci__functions.h
[3.455s] -- Up-to-date: /home/r3k7/Nauka_ros/src/ros-exercises/install/fibonacci_action/include/fibonacci_action/fibonacci_action/action/detail/fibonacci__struct.h
[3.455s] -- Up-to-date: /home/r3k7/Nauka_ros/src/ros-exercises/install/fibonacci_action/include/fibonacci_action/fibonacci_action/action/detail/fibonacci__functions.c
[3.456s] -- Up-to-date: /home/r3k7/Nauka_ros/src/ros-exercises/install/fibonacci_action/include/fibonacci_action/fibonacci_action/action/fibonacci.h
[3.456s] -- Up-to-date: /home/r3k7/Nauka_ros/src/ros-exercises/install/fibonacci_action/include/fibonacci_action/fibonacci_action/msg
[3.456s] -- Up-to-date: /home/r3k7/Nauka_ros/src/ros-exercises/install/fibonacci_action/include/fibonacci_action/fibonacci_action/msg/rosidl_generator_c__visibility_control.h
[3.456s] -- Up-to-date: /home/r3k7/Nauka_ros/src/ros-exercises/install/fibonacci_action/share/fibonacci_action/environment/library_path.sh
[3.456s] -- Up-to-date: /home/r3k7/Nauka_ros/src/ros-exercises/install/fibonacci_action/share/fibonacci_action/environment/library_path.dsv
[3.456s] -- Up-to-date: /home/r3k7/Nauka_ros/src/ros-exercises/install/fibonacci_action/lib/libfibonacci_action__rosidl_generator_c.so
[3.457s] -- Up-to-date: /home/r3k7/Nauka_ros/src/ros-exercises/install/fibonacci_action/include/fibonacci_action/fibonacci_action
[3.457s] -- Up-to-date: /home/r3k7/Nauka_ros/src/ros-exercises/install/fibonacci_action/include/fibonacci_action/fibonacci_action/action
[3.457s] -- Up-to-date: /home/r3k7/Nauka_ros/src/ros-exercises/install/fibonacci_action/include/fibonacci_action/fibonacci_action/action/detail
[3.457s] -- Up-to-date: /home/r3k7/Nauka_ros/src/ros-exercises/install/fibonacci_action/include/fibonacci_action/fibonacci_action/action/detail/fibonacci__rosidl_typesupport_fastrtps_c.h
[3.457s] -- Up-to-date: /home/r3k7/Nauka_ros/src/ros-exercises/install/fibonacci_action/include/fibonacci_action/fibonacci_action/msg
[3.457s] -- Up-to-date: /home/r3k7/Nauka_ros/src/ros-exercises/install/fibonacci_action/include/fibonacci_action/fibonacci_action/msg/rosidl_typesupport_fastrtps_c__visibility_control.h
[3.486s] -- Up-to-date: /home/r3k7/Nauka_ros/src/ros-exercises/install/fibonacci_action/lib/libfibonacci_action__rosidl_typesupport_fastrtps_c.so
[3.486s] -- Up-to-date: /home/r3k7/Nauka_ros/src/ros-exercises/install/fibonacci_action/include/fibonacci_action/fibonacci_action
[3.486s] -- Up-to-date: /home/r3k7/Nauka_ros/src/ros-exercises/install/fibonacci_action/include/fibonacci_action/fibonacci_action/action
[3.486s] -- Up-to-date: /home/r3k7/Nauka_ros/src/ros-exercises/install/fibonacci_action/include/fibonacci_action/fibonacci_action/action/detail
[3.486s] -- Up-to-date: /home/r3k7/Nauka_ros/src/ros-exercises/install/fibonacci_action/include/fibonacci_action/fibonacci_action/action/detail/fibonacci__rosidl_typesupport_introspection_c.h
[3.486s] -- Up-to-date: /home/r3k7/Nauka_ros/src/ros-exercises/install/fibonacci_action/include/fibonacci_action/fibonacci_action/action/detail/fibonacci__type_support.c
[3.486s] -- Up-to-date: /home/r3k7/Nauka_ros/src/ros-exercises/install/fibonacci_action/include/fibonacci_action/fibonacci_action/msg
[3.503s] -- Up-to-date: /home/r3k7/Nauka_ros/src/ros-exercises/install/fibonacci_action/include/fibonacci_action/fibonacci_action/msg/rosidl_typesupport_introspection_c__visibility_control.h
[3.503s] -- Up-to-date: /home/r3k7/Nauka_ros/src/ros-exercises/install/fibonacci_action/lib/libfibonacci_action__rosidl_typesupport_introspection_c.so
[3.503s] -- Up-to-date: /home/r3k7/Nauka_ros/src/ros-exercises/install/fibonacci_action/lib/libfibonacci_action__rosidl_typesupport_c.so
[3.504s] -- Up-to-date: /home/r3k7/Nauka_ros/src/ros-exercises/install/fibonacci_action/include/fibonacci_action/fibonacci_action
[3.504s] -- Up-to-date: /home/r3k7/Nauka_ros/src/ros-exercises/install/fibonacci_action/include/fibonacci_action/fibonacci_action/action
[3.504s] -- Up-to-date: /home/r3k7/Nauka_ros/src/ros-exercises/install/fibonacci_action/include/fibonacci_action/fibonacci_action/action/fibonacci.hpp
[3.504s] -- Up-to-date: /home/r3k7/Nauka_ros/src/ros-exercises/install/fibonacci_action/include/fibonacci_action/fibonacci_action/action/detail
[3.504s] -- Up-to-date: /home/r3k7/Nauka_ros/src/ros-exercises/install/fibonacci_action/include/fibonacci_action/fibonacci_action/action/detail/fibonacci__struct.hpp
[3.504s] -- Up-to-date: /home/r3k7/Nauka_ros/src/ros-exercises/install/fibonacci_action/include/fibonacci_action/fibonacci_action/action/detail/fibonacci__traits.hpp
[3.504s] -- Up-to-date: /home/r3k7/Nauka_ros/src/ros-exercises/install/fibonacci_action/include/fibonacci_action/fibonacci_action/action/detail/fibonacci__builder.hpp
[3.504s] -- Up-to-date: /home/r3k7/Nauka_ros/src/ros-exercises/install/fibonacci_action/include/fibonacci_action/fibonacci_action
[3.504s] -- Up-to-date: /home/r3k7/Nauka_ros/src/ros-exercises/install/fibonacci_action/include/fibonacci_action/fibonacci_action/action
[3.504s] -- Up-to-date: /home/r3k7/Nauka_ros/src/ros-exercises/install/fibonacci_action/include/fibonacci_action/fibonacci_action/action/detail
[3.505s] -- Up-to-date: /home/r3k7/Nauka_ros/src/ros-exercises/install/fibonacci_action/include/fibonacci_action/fibonacci_action/action/detail/fibonacci__rosidl_typesupport_fastrtps_cpp.hpp
[3.505s] -- Up-to-date: /home/r3k7/Nauka_ros/src/ros-exercises/install/fibonacci_action/include/fibonacci_action/fibonacci_action/action/detail/dds_fastrtps
[3.505s] -- Up-to-date: /home/r3k7/Nauka_ros/src/ros-exercises/install/fibonacci_action/include/fibonacci_action/fibonacci_action/msg
[3.505s] -- Up-to-date: /home/r3k7/Nauka_ros/src/ros-exercises/install/fibonacci_action/include/fibonacci_action/fibonacci_action/msg/rosidl_typesupport_fastrtps_cpp__visibility_control.h
[3.505s] -- Up-to-date: /home/r3k7/Nauka_ros/src/ros-exercises/install/fibonacci_action/lib/libfibonacci_action__rosidl_typesupport_fastrtps_cpp.so
[3.505s] -- Up-to-date: /home/r3k7/Nauka_ros/src/ros-exercises/install/fibonacci_action/include/fibonacci_action/fibonacci_action
[3.505s] -- Up-to-date: /home/r3k7/Nauka_ros/src/ros-exercises/install/fibonacci_action/include/fibonacci_action/fibonacci_action/action
[3.505s] -- Up-to-date: /home/r3k7/Nauka_ros/src/ros-exercises/install/fibonacci_action/include/fibonacci_action/fibonacci_action/action/detail
[3.505s] -- Up-to-date: /home/r3k7/Nauka_ros/src/ros-exercises/install/fibonacci_action/include/fibonacci_action/fibonacci_action/action/detail/fibonacci__rosidl_typesupport_introspection_cpp.hpp
[3.505s] -- Up-to-date: /home/r3k7/Nauka_ros/src/ros-exercises/install/fibonacci_action/include/fibonacci_action/fibonacci_action/action/detail/fibonacci__type_support.cpp
[3.506s] -- Up-to-date: /home/r3k7/Nauka_ros/src/ros-exercises/install/fibonacci_action/lib/libfibonacci_action__rosidl_typesupport_introspection_cpp.so
[3.506s] -- Up-to-date: /home/r3k7/Nauka_ros/src/ros-exercises/install/fibonacci_action/lib/libfibonacci_action__rosidl_typesupport_cpp.so
[3.506s] -- Up-to-date: /home/r3k7/Nauka_ros/src/ros-exercises/install/fibonacci_action/share/fibonacci_action/environment/pythonpath.sh
[3.506s] -- Up-to-date: /home/r3k7/Nauka_ros/src/ros-exercises/install/fibonacci_action/share/fibonacci_action/environment/pythonpath.dsv
[3.506s] -- Up-to-date: /home/r3k7/Nauka_ros/src/ros-exercises/install/fibonacci_action/local/lib/python3.10/dist-packages/fibonacci_action-0.0.0-py3.10.egg-info
[3.506s] -- Installing: /home/r3k7/Nauka_ros/src/ros-exercises/install/fibonacci_action/local/lib/python3.10/dist-packages/fibonacci_action-0.0.0-py3.10.egg-info/dependency_links.txt
[3.506s] -- Installing: /home/r3k7/Nauka_ros/src/ros-exercises/install/fibonacci_action/local/lib/python3.10/dist-packages/fibonacci_action-0.0.0-py3.10.egg-info/PKG-INFO
[3.506s] -- Installing: /home/r3k7/Nauka_ros/src/ros-exercises/install/fibonacci_action/local/lib/python3.10/dist-packages/fibonacci_action-0.0.0-py3.10.egg-info/SOURCES.txt
[3.506s] -- Installing: /home/r3k7/Nauka_ros/src/ros-exercises/install/fibonacci_action/local/lib/python3.10/dist-packages/fibonacci_action-0.0.0-py3.10.egg-info/top_level.txt
[3.506s] -- Up-to-date: /home/r3k7/Nauka_ros/src/ros-exercises/install/fibonacci_action/local/lib/python3.10/dist-packages/fibonacci_action
[3.506s] -- Up-to-date: /home/r3k7/Nauka_ros/src/ros-exercises/install/fibonacci_action/local/lib/python3.10/dist-packages/fibonacci_action/action
[3.521s] -- Up-to-date: /home/r3k7/Nauka_ros/src/ros-exercises/install/fibonacci_action/local/lib/python3.10/dist-packages/fibonacci_action/action/_fibonacci.py
[3.522s] -- Up-to-date: /home/r3k7/Nauka_ros/src/ros-exercises/install/fibonacci_action/local/lib/python3.10/dist-packages/fibonacci_action/action/__init__.py
[3.522s] -- Up-to-date: /home/r3k7/Nauka_ros/src/ros-exercises/install/fibonacci_action/local/lib/python3.10/dist-packages/fibonacci_action/action/_fibonacci_s.c
[3.522s] -- Up-to-date: /home/r3k7/Nauka_ros/src/ros-exercises/install/fibonacci_action/local/lib/python3.10/dist-packages/fibonacci_action/fibonacci_action_s__rosidl_typesupport_introspection_c.cpython-310-x86_64-linux-gnu.so
[3.522s] -- Up-to-date: /home/r3k7/Nauka_ros/src/ros-exercises/install/fibonacci_action/local/lib/python3.10/dist-packages/fibonacci_action/_fibonacci_action_s.ep.rosidl_typesupport_c.c
[3.522s] -- Up-to-date: /home/r3k7/Nauka_ros/src/ros-exercises/install/fibonacci_action/local/lib/python3.10/dist-packages/fibonacci_action/libfibonacci_action__rosidl_generator_py.so
[3.522s] -- Up-to-date: /home/r3k7/Nauka_ros/src/ros-exercises/install/fibonacci_action/local/lib/python3.10/dist-packages/fibonacci_action/_fibonacci_action_s.ep.rosidl_typesupport_fastrtps_c.c
[3.522s] -- Up-to-date: /home/r3k7/Nauka_ros/src/ros-exercises/install/fibonacci_action/local/lib/python3.10/dist-packages/fibonacci_action/fibonacci_action_s__rosidl_typesupport_c.cpython-310-x86_64-linux-gnu.so
[3.522s] -- Up-to-date: /home/r3k7/Nauka_ros/src/ros-exercises/install/fibonacci_action/local/lib/python3.10/dist-packages/fibonacci_action/fibonacci_action_s__rosidl_typesupport_fastrtps_c.cpython-310-x86_64-linux-gnu.so
[3.522s] -- Up-to-date: /home/r3k7/Nauka_ros/src/ros-exercises/install/fibonacci_action/local/lib/python3.10/dist-packages/fibonacci_action/__init__.py
[3.523s] -- Up-to-date: /home/r3k7/Nauka_ros/src/ros-exercises/install/fibonacci_action/local/lib/python3.10/dist-packages/fibonacci_action/_fibonacci_action_s.ep.rosidl_typesupport_introspection_c.c
[3.539s] Listing '/home/r3k7/Nauka_ros/src/ros-exercises/install/fibonacci_action/local/lib/python3.10/dist-packages/fibonacci_action'...
[3.539s] Listing '/home/r3k7/Nauka_ros/src/ros-exercises/install/fibonacci_action/local/lib/python3.10/dist-packages/fibonacci_action/action'...
[3.573s] -- Up-to-date: /home/r3k7/Nauka_ros/src/ros-exercises/install/fibonacci_action/local/lib/python3.10/dist-packages/fibonacci_action/fibonacci_action_s__rosidl_typesupport_fastrtps_c.cpython-310-x86_64-linux-gnu.so
[3.573s] -- Up-to-date: /home/r3k7/Nauka_ros/src/ros-exercises/install/fibonacci_action/local/lib/python3.10/dist-packages/fibonacci_action/fibonacci_action_s__rosidl_typesupport_introspection_c.cpython-310-x86_64-linux-gnu.so
[3.573s] -- Up-to-date: /home/r3k7/Nauka_ros/src/ros-exercises/install/fibonacci_action/local/lib/python3.10/dist-packages/fibonacci_action/fibonacci_action_s__rosidl_typesupport_c.cpython-310-x86_64-linux-gnu.so
[3.574s] -- Up-to-date: /home/r3k7/Nauka_ros/src/ros-exercises/install/fibonacci_action/lib/libfibonacci_action__rosidl_generator_py.so
[3.574s] -- Up-to-date: /home/r3k7/Nauka_ros/src/ros-exercises/install/fibonacci_action/share/fibonacci_action/action/Fibonacci.idl
[3.574s] -- Up-to-date: /home/r3k7/Nauka_ros/src/ros-exercises/install/fibonacci_action/share/fibonacci_action/action/Fibonacci.action
[3.574s] -- Up-to-date: /home/r3k7/Nauka_ros/src/ros-exercises/install/fibonacci_action/lib/fibonacci_action/fibonacci_action_server.py
[3.574s] -- Up-to-date: /home/r3k7/Nauka_ros/src/ros-exercises/install/fibonacci_action/lib/fibonacci_action/fibonacci_action_client.py
[3.574s] -- Up-to-date: /home/r3k7/Nauka_ros/src/ros-exercises/install/fibonacci_action/share/ament_index/resource_index/package_run_dependencies/fibonacci_action
[3.574s] -- Up-to-date: /home/r3k7/Nauka_ros/src/ros-exercises/install/fibonacci_action/share/ament_index/resource_index/parent_prefix_path/fibonacci_action
[3.574s] -- Up-to-date: /home/r3k7/Nauka_ros/src/ros-exercises/install/fibonacci_action/share/fibonacci_action/environment/ament_prefix_path.sh
[3.575s] -- Up-to-date: /home/r3k7/Nauka_ros/src/ros-exercises/install/fibonacci_action/share/fibonacci_action/environment/ament_prefix_path.dsv
[3.575s] -- Up-to-date: /home/r3k7/Nauka_ros/src/ros-exercises/install/fibonacci_action/share/fibonacci_action/environment/path.sh
[3.575s] -- Up-to-date: /home/r3k7/Nauka_ros/src/ros-exercises/install/fibonacci_action/share/fibonacci_action/environment/path.dsv
[3.575s] -- Up-to-date: /home/r3k7/Nauka_ros/src/ros-exercises/install/fibonacci_action/share/fibonacci_action/local_setup.bash
[3.575s] -- Up-to-date: /home/r3k7/Nauka_ros/src/ros-exercises/install/fibonacci_action/share/fibonacci_action/local_setup.sh
[3.575s] -- Up-to-date: /home/r3k7/Nauka_ros/src/ros-exercises/install/fibonacci_action/share/fibonacci_action/local_setup.zsh
[3.575s] -- Up-to-date: /home/r3k7/Nauka_ros/src/ros-exercises/install/fibonacci_action/share/fibonacci_action/local_setup.dsv
[3.575s] -- Installing: /home/r3k7/Nauka_ros/src/ros-exercises/install/fibonacci_action/share/fibonacci_action/package.dsv
[3.575s] -- Up-to-date: /home/r3k7/Nauka_ros/src/ros-exercises/install/fibonacci_action/share/ament_index/resource_index/packages/fibonacci_action
[3.575s] -- Up-to-date: /home/r3k7/Nauka_ros/src/ros-exercises/install/fibonacci_action/share/fibonacci_action/cmake/export_fibonacci_action__rosidl_generator_cExport.cmake
[3.576s] -- Up-to-date: /home/r3k7/Nauka_ros/src/ros-exercises/install/fibonacci_action/share/fibonacci_action/cmake/export_fibonacci_action__rosidl_generator_cExport-noconfig.cmake
[3.576s] -- Up-to-date: /home/r3k7/Nauka_ros/src/ros-exercises/install/fibonacci_action/share/fibonacci_action/cmake/export_fibonacci_action__rosidl_typesupport_fastrtps_cExport.cmake
[3.576s] -- Up-to-date: /home/r3k7/Nauka_ros/src/ros-exercises/install/fibonacci_action/share/fibonacci_action/cmake/export_fibonacci_action__rosidl_typesupport_fastrtps_cExport-noconfig.cmake
[3.576s] -- Up-to-date: /home/r3k7/Nauka_ros/src/ros-exercises/install/fibonacci_action/share/fibonacci_action/cmake/fibonacci_action__rosidl_typesupport_introspection_cExport.cmake
[3.576s] -- Up-to-date: /home/r3k7/Nauka_ros/src/ros-exercises/install/fibonacci_action/share/fibonacci_action/cmake/fibonacci_action__rosidl_typesupport_introspection_cExport-noconfig.cmake
[3.576s] -- Up-to-date: /home/r3k7/Nauka_ros/src/ros-exercises/install/fibonacci_action/share/fibonacci_action/cmake/fibonacci_action__rosidl_typesupport_cExport.cmake
[3.576s] -- Up-to-date: /home/r3k7/Nauka_ros/src/ros-exercises/install/fibonacci_action/share/fibonacci_action/cmake/fibonacci_action__rosidl_typesupport_cExport-noconfig.cmake
[3.576s] -- Up-to-date: /home/r3k7/Nauka_ros/src/ros-exercises/install/fibonacci_action/share/fibonacci_action/cmake/export_fibonacci_action__rosidl_generator_cppExport.cmake
[3.577s] -- Up-to-date: /home/r3k7/Nauka_ros/src/ros-exercises/install/fibonacci_action/share/fibonacci_action/cmake/export_fibonacci_action__rosidl_typesupport_fastrtps_cppExport.cmake
[3.577s] -- Up-to-date: /home/r3k7/Nauka_ros/src/ros-exercises/install/fibonacci_action/share/fibonacci_action/cmake/export_fibonacci_action__rosidl_typesupport_fastrtps_cppExport-noconfig.cmake
[3.577s] -- Up-to-date: /home/r3k7/Nauka_ros/src/ros-exercises/install/fibonacci_action/share/fibonacci_action/cmake/fibonacci_action__rosidl_typesupport_introspection_cppExport.cmake
[3.578s] -- Up-to-date: /home/r3k7/Nauka_ros/src/ros-exercises/install/fibonacci_action/share/fibonacci_action/cmake/fibonacci_action__rosidl_typesupport_introspection_cppExport-noconfig.cmake
[3.578s] -- Up-to-date: /home/r3k7/Nauka_ros/src/ros-exercises/install/fibonacci_action/share/fibonacci_action/cmake/fibonacci_action__rosidl_typesupport_cppExport.cmake
[3.578s] -- Up-to-date: /home/r3k7/Nauka_ros/src/ros-exercises/install/fibonacci_action/share/fibonacci_action/cmake/fibonacci_action__rosidl_typesupport_cppExport-noconfig.cmake
[3.578s] -- Up-to-date: /home/r3k7/Nauka_ros/src/ros-exercises/install/fibonacci_action/share/fibonacci_action/cmake/export_fibonacci_action__rosidl_generator_pyExport.cmake
[3.579s] -- Up-to-date: /home/r3k7/Nauka_ros/src/ros-exercises/install/fibonacci_action/share/fibonacci_action/cmake/export_fibonacci_action__rosidl_generator_pyExport-noconfig.cmake
[3.579s] -- Up-to-date: /home/r3k7/Nauka_ros/src/ros-exercises/install/fibonacci_action/share/fibonacci_action/cmake/rosidl_cmake-extras.cmake
[3.579s] -- Up-to-date: /home/r3k7/Nauka_ros/src/ros-exercises/install/fibonacci_action/share/fibonacci_action/cmake/ament_cmake_export_dependencies-extras.cmake
[3.585s] -- Up-to-date: /home/r3k7/Nauka_ros/src/ros-exercises/install/fibonacci_action/share/fibonacci_action/cmake/ament_cmake_export_include_directories-extras.cmake
[3.590s] -- Up-to-date: /home/r3k7/Nauka_ros/src/ros-exercises/install/fibonacci_action/share/fibonacci_action/cmake/ament_cmake_export_libraries-extras.cmake
[3.591s] -- Up-to-date: /home/r3k7/Nauka_ros/src/ros-exercises/install/fibonacci_action/share/fibonacci_action/cmake/ament_cmake_export_targets-extras.cmake
[3.592s] -- Up-to-date: /home/r3k7/Nauka_ros/src/ros-exercises/install/fibonacci_action/share/fibonacci_action/cmake/rosidl_cmake_export_typesupport_targets-extras.cmake
[3.592s] -- Up-to-date: /home/r3k7/Nauka_ros/src/ros-exercises/install/fibonacci_action/share/fibonacci_action/cmake/rosidl_cmake_export_typesupport_libraries-extras.cmake
[3.592s] -- Up-to-date: /home/r3k7/Nauka_ros/src/ros-exercises/install/fibonacci_action/share/fibonacci_action/cmake/fibonacci_actionConfig.cmake
[3.592s] -- Up-to-date: /home/r3k7/Nauka_ros/src/ros-exercises/install/fibonacci_action/share/fibonacci_action/cmake/fibonacci_actionConfig-version.cmake
[3.593s] -- Up-to-date: /home/r3k7/Nauka_ros/src/ros-exercises/install/fibonacci_action/share/fibonacci_action/package.xml
[3.806s] Invoked command in '/home/r3k7/Nauka_ros/src/ros-exercises/build/fibonacci_action' returned '0': CMAKE_PREFIX_PATH=${CMAKE_PREFIX_PATH}:/home/r3k7/Nauka_ros/src/ros-exercises/install/navigation2_dist:/opt/ros/humble WSLENV=ELECTRON_RUN_AS_NODE/w:WT_SESSION:WT_PROFILE_ID: /usr/bin/cmake --install /home/r3k7/Nauka_ros/src/ros-exercises/build/fibonacci_action
