[1.238s] Invoking command in '/home/r3k7/Nauka_ros/src/ros-exercises/build/pub_sub': CMAKE_PREFIX_PATH=${CMAKE_PREFIX_PATH}:/home/r3k7/Nauka_ros/src/ros-exercises/install/navigation2_dist:/opt/ros/humble WSLENV=ELECTRON_RUN_AS_NODE/w:WT_SESSION:WT_PROFILE_ID: /usr/bin/cmake --build /home/r3k7/Nauka_ros/src/ros-exercises/build/pub_sub -- -j8 -l8
[1.411s] [ 50%] Built target talker
[1.594s] [100%] Built target listener
[2.002s] Invoked command in '/home/r3k7/Nauka_ros/src/ros-exercises/build/pub_sub' returned '0': CMAKE_PREFIX_PATH=${CMAKE_PREFIX_PATH}:/home/r3k7/Nauka_ros/src/ros-exercises/install/navigation2_dist:/opt/ros/humble WSLENV=ELECTRON_RUN_AS_NODE/w:WT_SESSION:WT_PROFILE_ID: /usr/bin/cmake --build /home/r3k7/Nauka_ros/src/ros-exercises/build/pub_sub -- -j8 -l8
[2.596s] Invoking command in '/home/r3k7/Nauka_ros/src/ros-exercises/build/pub_sub': CMAKE_PREFIX_PATH=${CMAKE_PREFIX_PATH}:/home/r3k7/Nauka_ros/src/ros-exercises/install/navigation2_dist:/opt/ros/humble WSLENV=ELECTRON_RUN_AS_NODE/w:WT_SESSION:WT_PROFILE_ID: /usr/bin/cmake --install /home/r3k7/Nauka_ros/src/ros-exercises/build/pub_sub
[2.616s] -- Install configuration: ""
[2.617s] -- Up-to-date: /home/r3k7/Nauka_ros/src/ros-exercises/install/pub_sub/lib/pub_sub/talker
[2.618s] -- Up-to-date: /home/r3k7/Nauka_ros/src/ros-exercises/install/pub_sub/lib/pub_sub/listener
[2.620s] -- Up-to-date: /home/r3k7/Nauka_ros/src/ros-exercises/install/pub_sub/share/ament_index/resource_index/package_run_dependencies/pub_sub
[2.624s] -- Up-to-date: /home/r3k7/Nauka_ros/src/ros-exercises/install/pub_sub/share/ament_index/resource_index/parent_prefix_path/pub_sub
[2.627s] -- Up-to-date: /home/r3k7/Nauka_ros/src/ros-exercises/install/pub_sub/share/pub_sub/environment/ament_prefix_path.sh
[2.630s] -- Up-to-date: /home/r3k7/Nauka_ros/src/ros-exercises/install/pub_sub/share/pub_sub/environment/ament_prefix_path.dsv
[2.631s] -- Up-to-date: /home/r3k7/Nauka_ros/src/ros-exercises/install/pub_sub/share/pub_sub/environment/path.sh
[2.632s] -- Up-to-date: /home/r3k7/Nauka_ros/src/ros-exercises/install/pub_sub/share/pub_sub/environment/path.dsv
[2.633s] -- Up-to-date: /home/r3k7/Nauka_ros/src/ros-exercises/install/pub_sub/share/pub_sub/local_setup.bash
[2.634s] -- Up-to-date: /home/r3k7/Nauka_ros/src/ros-exercises/install/pub_sub/share/pub_sub/local_setup.sh
[2.635s] -- Up-to-date: /home/r3k7/Nauka_ros/src/ros-exercises/install/pub_sub/share/pub_sub/local_setup.zsh
[2.637s] -- Up-to-date: /home/r3k7/Nauka_ros/src/ros-exercises/install/pub_sub/share/pub_sub/local_setup.dsv
[2.637s] -- Installing: /home/r3k7/Nauka_ros/src/ros-exercises/install/pub_sub/share/pub_sub/package.dsv
[2.640s] -- Up-to-date: /home/r3k7/Nauka_ros/src/ros-exercises/install/pub_sub/share/ament_index/resource_index/packages/pub_sub
[2.641s] -- Up-to-date: /home/r3k7/Nauka_ros/src/ros-exercises/install/pub_sub/share/pub_sub/cmake/pub_subConfig.cmake
[2.647s] -- Up-to-date: /home/r3k7/Nauka_ros/src/ros-exercises/install/pub_sub/share/pub_sub/cmake/pub_subConfig-version.cmake
[2.648s] -- Up-to-date: /home/r3k7/Nauka_ros/src/ros-exercises/install/pub_sub/share/pub_sub/package.xml
[2.664s] Invoked command in '/home/r3k7/Nauka_ros/src/ros-exercises/build/pub_sub' returned '0': CMAKE_PREFIX_PATH=${CMAKE_PREFIX_PATH}:/home/r3k7/Nauka_ros/src/ros-exercises/install/navigation2_dist:/opt/ros/humble WSLENV=ELECTRON_RUN_AS_NODE/w:WT_SESSION:WT_PROFILE_ID: /usr/bin/cmake --install /home/r3k7/Nauka_ros/src/ros-exercises/build/pub_sub
