[2.922s] DEBUG:colcon:Command line arguments: ['/usr/bin/colcon', 'build']
[2.924s] DEBUG:colcon:Parsed command line arguments: Namespace(log_base=None, log_level=None, verb_name='build', build_base='build', install_base='install', merge_install=False, symlink_install=False, test_result_base=None, continue_on_error=False, executor='parallel', parallel_workers=8, event_handlers=None, ignore_user_meta=False, metas=['./colcon.meta'], base_paths=['.'], packages_ignore=None, packages_ignore_regex=None, paths=None, packages_up_to=None, packages_up_to_regex=None, packages_above=None, packages_above_and_dependencies=None, packages_above_depth=None, packages_select_by_dep=None, packages_skip_by_dep=None, packages_skip_up_to=None, packages_select_build_failed=False, packages_skip_build_finished=False, packages_select_test_failures=False, packages_skip_test_passed=False, packages_select=None, packages_skip=None, packages_select_regex=None, packages_skip_regex=None, packages_start=None, packages_end=None, allow_overriding=[], cmake_args=None, cmake_target=None, cmake_target_skip_unavailable=False, cmake_clean_cache=False, cmake_clean_first=False, cmake_force_configure=False, ament_cmake_args=None, catkin_cmake_args=None, catkin_skip_building_tests=False, verb_parser=<colcon_defaults.argument_parser.defaults.DefaultArgumentsDecorator object at 0x7f2f3af6b790>, verb_extension=<colcon_core.verb.build.BuildVerb object at 0x7f2f3b428520>, main=<bound method BuildVerb.main of <colcon_core.verb.build.BuildVerb object at 0x7f2f3b428520>>)
[3.041s] Level 1:colcon.colcon_core.package_discovery:discover_packages(colcon_meta) check parameters
[3.042s] Level 1:colcon.colcon_core.package_discovery:discover_packages(recursive) check parameters
[3.042s] Level 1:colcon.colcon_core.package_discovery:discover_packages(ignore) check parameters
[3.042s] Level 1:colcon.colcon_core.package_discovery:discover_packages(path) check parameters
[3.042s] Level 1:colcon.colcon_core.package_discovery:discover_packages(colcon_meta) discover
[3.042s] Level 1:colcon.colcon_core.package_discovery:discover_packages(recursive) discover
[3.042s] INFO:colcon.colcon_core.package_discovery:Crawling recursively for packages in '/home/r3k7/Nauka_ros/src/ros-exercises'
[3.042s] Level 1:colcon.colcon_core.package_identification:_identify(.) by extensions ['ignore', 'ignore_ament_install']
[3.043s] Level 1:colcon.colcon_core.package_identification:_identify(.) by extension 'ignore'
[3.043s] Level 1:colcon.colcon_core.package_identification:_identify(.) by extension 'ignore_ament_install'
[3.043s] Level 1:colcon.colcon_core.package_identification:_identify(.) by extensions ['colcon_pkg']
[3.043s] Level 1:colcon.colcon_core.package_identification:_identify(.) by extension 'colcon_pkg'
[3.043s] Level 1:colcon.colcon_core.package_identification:_identify(.) by extensions ['colcon_meta']
[3.044s] Level 1:colcon.colcon_core.package_identification:_identify(.) by extension 'colcon_meta'
[3.044s] Level 1:colcon.colcon_core.package_identification:_identify(.) by extensions ['ros']
[3.044s] Level 1:colcon.colcon_core.package_identification:_identify(.) by extension 'ros'
[3.081s] Level 1:colcon.colcon_core.package_identification:_identify(.) by extensions ['cmake', 'python']
[3.081s] Level 1:colcon.colcon_core.package_identification:_identify(.) by extension 'cmake'
[3.081s] Level 1:colcon.colcon_core.package_identification:_identify(.) by extension 'python'
[3.081s] Level 1:colcon.colcon_core.package_identification:_identify(.) by extensions ['python_setup_py']
[3.081s] Level 1:colcon.colcon_core.package_identification:_identify(.) by extension 'python_setup_py'
[3.082s] Level 1:colcon.colcon_core.package_identification:_identify(build) by extensions ['ignore', 'ignore_ament_install']
[3.082s] Level 1:colcon.colcon_core.package_identification:_identify(build) by extension 'ignore'
[3.082s] Level 1:colcon.colcon_core.package_identification:_identify(build) ignored
[3.083s] Level 1:colcon.colcon_core.package_identification:_identify(ex_solution) by extensions ['ignore', 'ignore_ament_install']
[3.083s] Level 1:colcon.colcon_core.package_identification:_identify(ex_solution) by extension 'ignore'
[3.083s] Level 1:colcon.colcon_core.package_identification:_identify(ex_solution) by extension 'ignore_ament_install'
[3.083s] Level 1:colcon.colcon_core.package_identification:_identify(ex_solution) by extensions ['colcon_pkg']
[3.084s] Level 1:colcon.colcon_core.package_identification:_identify(ex_solution) by extension 'colcon_pkg'
[3.084s] Level 1:colcon.colcon_core.package_identification:_identify(ex_solution) by extensions ['colcon_meta']
[3.084s] Level 1:colcon.colcon_core.package_identification:_identify(ex_solution) by extension 'colcon_meta'
[3.084s] Level 1:colcon.colcon_core.package_identification:_identify(ex_solution) by extensions ['ros']
[3.085s] Level 1:colcon.colcon_core.package_identification:_identify(ex_solution) by extension 'ros'
[3.090s] DEBUG:colcon.colcon_core.package_identification:Package 'ex_solution' with type 'ros.ament_cmake' and name 'ex_solution'
[3.090s] Level 1:colcon.colcon_core.package_identification:_identify(exercise) by extensions ['ignore', 'ignore_ament_install']
[3.091s] Level 1:colcon.colcon_core.package_identification:_identify(exercise) by extension 'ignore'
[3.091s] Level 1:colcon.colcon_core.package_identification:_identify(exercise) by extension 'ignore_ament_install'
[3.092s] Level 1:colcon.colcon_core.package_identification:_identify(exercise) by extensions ['colcon_pkg']
[3.092s] Level 1:colcon.colcon_core.package_identification:_identify(exercise) by extension 'colcon_pkg'
[3.092s] Level 1:colcon.colcon_core.package_identification:_identify(exercise) by extensions ['colcon_meta']
[3.092s] Level 1:colcon.colcon_core.package_identification:_identify(exercise) by extension 'colcon_meta'
[3.092s] Level 1:colcon.colcon_core.package_identification:_identify(exercise) by extensions ['ros']
[3.092s] Level 1:colcon.colcon_core.package_identification:_identify(exercise) by extension 'ros'
[3.093s] DEBUG:colcon.colcon_core.package_identification:Package 'exercise' with type 'ros.ament_cmake' and name 'exercise'
[3.093s] Level 1:colcon.colcon_core.package_identification:_identify(fibonacci_action) by extensions ['ignore', 'ignore_ament_install']
[3.093s] Level 1:colcon.colcon_core.package_identification:_identify(fibonacci_action) by extension 'ignore'
[3.094s] Level 1:colcon.colcon_core.package_identification:_identify(fibonacci_action) by extension 'ignore_ament_install'
[3.094s] Level 1:colcon.colcon_core.package_identification:_identify(fibonacci_action) by extensions ['colcon_pkg']
[3.094s] Level 1:colcon.colcon_core.package_identification:_identify(fibonacci_action) by extension 'colcon_pkg'
[3.094s] Level 1:colcon.colcon_core.package_identification:_identify(fibonacci_action) by extensions ['colcon_meta']
[3.094s] Level 1:colcon.colcon_core.package_identification:_identify(fibonacci_action) by extension 'colcon_meta'
[3.094s] Level 1:colcon.colcon_core.package_identification:_identify(fibonacci_action) by extensions ['ros']
[3.094s] Level 1:colcon.colcon_core.package_identification:_identify(fibonacci_action) by extension 'ros'
[3.095s] DEBUG:colcon.colcon_core.package_identification:Package 'fibonacci_action' with type 'ros.ament_cmake' and name 'fibonacci_action'
[3.095s] Level 1:colcon.colcon_core.package_identification:_identify(install) by extensions ['ignore', 'ignore_ament_install']
[3.095s] Level 1:colcon.colcon_core.package_identification:_identify(install) by extension 'ignore'
[3.096s] Level 1:colcon.colcon_core.package_identification:_identify(install) ignored
[3.096s] Level 1:colcon.colcon_core.package_identification:_identify(log) by extensions ['ignore', 'ignore_ament_install']
[3.096s] Level 1:colcon.colcon_core.package_identification:_identify(log) by extension 'ignore'
[3.096s] Level 1:colcon.colcon_core.package_identification:_identify(log) ignored
[3.096s] Level 1:colcon.colcon_core.package_identification:_identify(navigation2_planners) by extensions ['ignore', 'ignore_ament_install']
[3.096s] Level 1:colcon.colcon_core.package_identification:_identify(navigation2_planners) by extension 'ignore'
[3.097s] Level 1:colcon.colcon_core.package_identification:_identify(navigation2_planners) by extension 'ignore_ament_install'
[3.097s] Level 1:colcon.colcon_core.package_identification:_identify(navigation2_planners) by extensions ['colcon_pkg']
[3.097s] Level 1:colcon.colcon_core.package_identification:_identify(navigation2_planners) by extension 'colcon_pkg'
[3.097s] Level 1:colcon.colcon_core.package_identification:_identify(navigation2_planners) by extensions ['colcon_meta']
[3.097s] Level 1:colcon.colcon_core.package_identification:_identify(navigation2_planners) by extension 'colcon_meta'
[3.097s] Level 1:colcon.colcon_core.package_identification:_identify(navigation2_planners) by extensions ['ros']
[3.097s] Level 1:colcon.colcon_core.package_identification:_identify(navigation2_planners) by extension 'ros'
[3.097s] Level 1:colcon.colcon_core.package_identification:_identify(navigation2_planners) by extensions ['cmake', 'python']
[3.097s] Level 1:colcon.colcon_core.package_identification:_identify(navigation2_planners) by extension 'cmake'
[3.097s] Level 1:colcon.colcon_core.package_identification:_identify(navigation2_planners) by extension 'python'
[3.097s] Level 1:colcon.colcon_core.package_identification:_identify(navigation2_planners) by extensions ['python_setup_py']
[3.097s] Level 1:colcon.colcon_core.package_identification:_identify(navigation2_planners) by extension 'python_setup_py'
[3.098s] Level 1:colcon.colcon_core.package_identification:_identify(navigation2_planners/navigation2_dist) by extensions ['ignore', 'ignore_ament_install']
[3.098s] Level 1:colcon.colcon_core.package_identification:_identify(navigation2_planners/navigation2_dist) by extension 'ignore'
[3.098s] Level 1:colcon.colcon_core.package_identification:_identify(navigation2_planners/navigation2_dist) by extension 'ignore_ament_install'
[3.098s] Level 1:colcon.colcon_core.package_identification:_identify(navigation2_planners/navigation2_dist) by extensions ['colcon_pkg']
[3.098s] Level 1:colcon.colcon_core.package_identification:_identify(navigation2_planners/navigation2_dist) by extension 'colcon_pkg'
[3.099s] Level 1:colcon.colcon_core.package_identification:_identify(navigation2_planners/navigation2_dist) by extensions ['colcon_meta']
[3.099s] Level 1:colcon.colcon_core.package_identification:_identify(navigation2_planners/navigation2_dist) by extension 'colcon_meta'
[3.099s] Level 1:colcon.colcon_core.package_identification:_identify(navigation2_planners/navigation2_dist) by extensions ['ros']
[3.099s] Level 1:colcon.colcon_core.package_identification:_identify(navigation2_planners/navigation2_dist) by extension 'ros'
[3.100s] DEBUG:colcon.colcon_core.package_identification:Package 'navigation2_planners/navigation2_dist' with type 'ros.ament_python' and name 'navigation2_dist'
[3.100s] Level 1:colcon.colcon_core.package_identification:_identify(navigation2_planners/navigation2_turtlebot) by extensions ['ignore', 'ignore_ament_install']
[3.100s] Level 1:colcon.colcon_core.package_identification:_identify(navigation2_planners/navigation2_turtlebot) by extension 'ignore'
[3.100s] Level 1:colcon.colcon_core.package_identification:_identify(navigation2_planners/navigation2_turtlebot) by extension 'ignore_ament_install'
[3.100s] Level 1:colcon.colcon_core.package_identification:_identify(navigation2_planners/navigation2_turtlebot) by extensions ['colcon_pkg']
[3.100s] Level 1:colcon.colcon_core.package_identification:_identify(navigation2_planners/navigation2_turtlebot) by extension 'colcon_pkg'
[3.100s] Level 1:colcon.colcon_core.package_identification:_identify(navigation2_planners/navigation2_turtlebot) by extensions ['colcon_meta']
[3.100s] Level 1:colcon.colcon_core.package_identification:_identify(navigation2_planners/navigation2_turtlebot) by extension 'colcon_meta'
[3.101s] Level 1:colcon.colcon_core.package_identification:_identify(navigation2_planners/navigation2_turtlebot) by extensions ['ros']
[3.101s] Level 1:colcon.colcon_core.package_identification:_identify(navigation2_planners/navigation2_turtlebot) by extension 'ros'
[3.101s] DEBUG:colcon.colcon_core.package_identification:Package 'navigation2_planners/navigation2_turtlebot' with type 'ros.ament_cmake' and name 'navigation2_turtle'
[3.102s] Level 1:colcon.colcon_core.package_identification:_identify(pub_sub) by extensions ['ignore', 'ignore_ament_install']
[3.102s] Level 1:colcon.colcon_core.package_identification:_identify(pub_sub) by extension 'ignore'
[3.102s] Level 1:colcon.colcon_core.package_identification:_identify(pub_sub) by extension 'ignore_ament_install'
[3.102s] Level 1:colcon.colcon_core.package_identification:_identify(pub_sub) by extensions ['colcon_pkg']
[3.102s] Level 1:colcon.colcon_core.package_identification:_identify(pub_sub) by extension 'colcon_pkg'
[3.102s] Level 1:colcon.colcon_core.package_identification:_identify(pub_sub) by extensions ['colcon_meta']
[3.102s] Level 1:colcon.colcon_core.package_identification:_identify(pub_sub) by extension 'colcon_meta'
[3.102s] Level 1:colcon.colcon_core.package_identification:_identify(pub_sub) by extensions ['ros']
[3.102s] Level 1:colcon.colcon_core.package_identification:_identify(pub_sub) by extension 'ros'
[3.103s] DEBUG:colcon.colcon_core.package_identification:Package 'pub_sub' with type 'ros.ament_cmake' and name 'pub_sub'
[3.103s] Level 1:colcon.colcon_core.package_discovery:discover_packages(recursive) using defaults
[3.103s] Level 1:colcon.colcon_core.package_discovery:discover_packages(ignore) discover
[3.103s] Level 1:colcon.colcon_core.package_discovery:discover_packages(ignore) using defaults
[3.103s] Level 1:colcon.colcon_core.package_discovery:discover_packages(path) discover
[3.103s] Level 1:colcon.colcon_core.package_discovery:discover_packages(path) using defaults
[3.295s] Level 1:colcon.colcon_core.package_discovery:discover_packages(prefix_path) check parameters
[3.295s] Level 1:colcon.colcon_core.package_discovery:discover_packages(prefix_path) discover
[3.355s] DEBUG:colcon.colcon_installed_package_information.package_discovery:Found 6 installed packages in /home/r3k7/Nauka_ros/src/ros-exercises/install
[3.386s] DEBUG:colcon.colcon_installed_package_information.package_discovery:Found 328 installed packages in /opt/ros/humble
[3.389s] Level 1:colcon.colcon_core.package_discovery:discover_packages(prefix_path) using defaults
[3.579s] Level 5:colcon.colcon_core.verb:set package 'ex_solution' build argument 'cmake_args' from command line to 'None'
[3.579s] Level 5:colcon.colcon_core.verb:set package 'ex_solution' build argument 'cmake_target' from command line to 'None'
[3.579s] Level 5:colcon.colcon_core.verb:set package 'ex_solution' build argument 'cmake_target_skip_unavailable' from command line to 'False'
[3.580s] Level 5:colcon.colcon_core.verb:set package 'ex_solution' build argument 'cmake_clean_cache' from command line to 'False'
[3.580s] Level 5:colcon.colcon_core.verb:set package 'ex_solution' build argument 'cmake_clean_first' from command line to 'False'
[3.580s] Level 5:colcon.colcon_core.verb:set package 'ex_solution' build argument 'cmake_force_configure' from command line to 'False'
[3.580s] Level 5:colcon.colcon_core.verb:set package 'ex_solution' build argument 'ament_cmake_args' from command line to 'None'
[3.580s] Level 5:colcon.colcon_core.verb:set package 'ex_solution' build argument 'catkin_cmake_args' from command line to 'None'
[3.580s] Level 5:colcon.colcon_core.verb:set package 'ex_solution' build argument 'catkin_skip_building_tests' from command line to 'False'
[3.581s] DEBUG:colcon.colcon_core.verb:Building package 'ex_solution' with the following arguments: {'ament_cmake_args': None, 'build_base': '/home/r3k7/Nauka_ros/src/ros-exercises/build/ex_solution', 'catkin_cmake_args': None, 'catkin_skip_building_tests': False, 'cmake_args': None, 'cmake_clean_cache': False, 'cmake_clean_first': False, 'cmake_force_configure': False, 'cmake_target': None, 'cmake_target_skip_unavailable': False, 'install_base': '/home/r3k7/Nauka_ros/src/ros-exercises/install/ex_solution', 'merge_install': False, 'path': '/home/r3k7/Nauka_ros/src/ros-exercises/ex_solution', 'symlink_install': False, 'test_result_base': None}
[3.623s] Level 5:colcon.colcon_core.verb:set package 'exercise' build argument 'cmake_args' from command line to 'None'
[3.624s] Level 5:colcon.colcon_core.verb:set package 'exercise' build argument 'cmake_target' from command line to 'None'
[3.625s] Level 5:colcon.colcon_core.verb:set package 'exercise' build argument 'cmake_target_skip_unavailable' from command line to 'False'
[3.626s] Level 5:colcon.colcon_core.verb:set package 'exercise' build argument 'cmake_clean_cache' from command line to 'False'
[3.631s] Level 5:colcon.colcon_core.verb:set package 'exercise' build argument 'cmake_clean_first' from command line to 'False'
[3.631s] Level 5:colcon.colcon_core.verb:set package 'exercise' build argument 'cmake_force_configure' from command line to 'False'
[3.631s] Level 5:colcon.colcon_core.verb:set package 'exercise' build argument 'ament_cmake_args' from command line to 'None'
[3.631s] Level 5:colcon.colcon_core.verb:set package 'exercise' build argument 'catkin_cmake_args' from command line to 'None'
[3.631s] Level 5:colcon.colcon_core.verb:set package 'exercise' build argument 'catkin_skip_building_tests' from command line to 'False'
[3.632s] DEBUG:colcon.colcon_core.verb:Building package 'exercise' with the following arguments: {'ament_cmake_args': None, 'build_base': '/home/r3k7/Nauka_ros/src/ros-exercises/build/exercise', 'catkin_cmake_args': None, 'catkin_skip_building_tests': False, 'cmake_args': None, 'cmake_clean_cache': False, 'cmake_clean_first': False, 'cmake_force_configure': False, 'cmake_target': None, 'cmake_target_skip_unavailable': False, 'install_base': '/home/r3k7/Nauka_ros/src/ros-exercises/install/exercise', 'merge_install': False, 'path': '/home/r3k7/Nauka_ros/src/ros-exercises/exercise', 'symlink_install': False, 'test_result_base': None}
[3.700s] Level 5:colcon.colcon_core.verb:set package 'fibonacci_action' build argument 'cmake_args' from command line to 'None'
[3.700s] Level 5:colcon.colcon_core.verb:set package 'fibonacci_action' build argument 'cmake_target' from command line to 'None'
[3.701s] Level 5:colcon.colcon_core.verb:set package 'fibonacci_action' build argument 'cmake_target_skip_unavailable' from command line to 'False'
[3.701s] Level 5:colcon.colcon_core.verb:set package 'fibonacci_action' build argument 'cmake_clean_cache' from command line to 'False'
[3.701s] Level 5:colcon.colcon_core.verb:set package 'fibonacci_action' build argument 'cmake_clean_first' from command line to 'False'
[3.701s] Level 5:colcon.colcon_core.verb:set package 'fibonacci_action' build argument 'cmake_force_configure' from command line to 'False'
[3.701s] Level 5:colcon.colcon_core.verb:set package 'fibonacci_action' build argument 'ament_cmake_args' from command line to 'None'
[3.701s] Level 5:colcon.colcon_core.verb:set package 'fibonacci_action' build argument 'catkin_cmake_args' from command line to 'None'
[3.701s] Level 5:colcon.colcon_core.verb:set package 'fibonacci_action' build argument 'catkin_skip_building_tests' from command line to 'False'
[3.702s] DEBUG:colcon.colcon_core.verb:Building package 'fibonacci_action' with the following arguments: {'ament_cmake_args': None, 'build_base': '/home/r3k7/Nauka_ros/src/ros-exercises/build/fibonacci_action', 'catkin_cmake_args': None, 'catkin_skip_building_tests': False, 'cmake_args': None, 'cmake_clean_cache': False, 'cmake_clean_first': False, 'cmake_force_configure': False, 'cmake_target': None, 'cmake_target_skip_unavailable': False, 'install_base': '/home/r3k7/Nauka_ros/src/ros-exercises/install/fibonacci_action', 'merge_install': False, 'path': '/home/r3k7/Nauka_ros/src/ros-exercises/fibonacci_action', 'symlink_install': False, 'test_result_base': None}
[3.732s] Level 5:colcon.colcon_core.verb:set package 'navigation2_dist' build argument 'cmake_args' from command line to 'None'
[3.732s] Level 5:colcon.colcon_core.verb:set package 'navigation2_dist' build argument 'cmake_target' from command line to 'None'
[3.733s] Level 5:colcon.colcon_core.verb:set package 'navigation2_dist' build argument 'cmake_target_skip_unavailable' from command line to 'False'
[3.733s] Level 5:colcon.colcon_core.verb:set package 'navigation2_dist' build argument 'cmake_clean_cache' from command line to 'False'
[3.733s] Level 5:colcon.colcon_core.verb:set package 'navigation2_dist' build argument 'cmake_clean_first' from command line to 'False'
[3.734s] Level 5:colcon.colcon_core.verb:set package 'navigation2_dist' build argument 'cmake_force_configure' from command line to 'False'
[3.734s] Level 5:colcon.colcon_core.verb:set package 'navigation2_dist' build argument 'ament_cmake_args' from command line to 'None'
[3.734s] Level 5:colcon.colcon_core.verb:set package 'navigation2_dist' build argument 'catkin_cmake_args' from command line to 'None'
[3.734s] Level 5:colcon.colcon_core.verb:set package 'navigation2_dist' build argument 'catkin_skip_building_tests' from command line to 'False'
[3.734s] DEBUG:colcon.colcon_core.verb:Building package 'navigation2_dist' with the following arguments: {'ament_cmake_args': None, 'build_base': '/home/r3k7/Nauka_ros/src/ros-exercises/build/navigation2_dist', 'catkin_cmake_args': None, 'catkin_skip_building_tests': False, 'cmake_args': None, 'cmake_clean_cache': False, 'cmake_clean_first': False, 'cmake_force_configure': False, 'cmake_target': None, 'cmake_target_skip_unavailable': False, 'install_base': '/home/r3k7/Nauka_ros/src/ros-exercises/install/navigation2_dist', 'merge_install': False, 'path': '/home/r3k7/Nauka_ros/src/ros-exercises/navigation2_planners/navigation2_dist', 'symlink_install': False, 'test_result_base': None}
[3.760s] Level 5:colcon.colcon_core.verb:set package 'navigation2_turtle' build argument 'cmake_args' from command line to 'None'
[3.761s] Level 5:colcon.colcon_core.verb:set package 'navigation2_turtle' build argument 'cmake_target' from command line to 'None'
[3.762s] Level 5:colcon.colcon_core.verb:set package 'navigation2_turtle' build argument 'cmake_target_skip_unavailable' from command line to 'False'
[3.762s] Level 5:colcon.colcon_core.verb:set package 'navigation2_turtle' build argument 'cmake_clean_cache' from command line to 'False'
[3.762s] Level 5:colcon.colcon_core.verb:set package 'navigation2_turtle' build argument 'cmake_clean_first' from command line to 'False'
[3.762s] Level 5:colcon.colcon_core.verb:set package 'navigation2_turtle' build argument 'cmake_force_configure' from command line to 'False'
[3.763s] Level 5:colcon.colcon_core.verb:set package 'navigation2_turtle' build argument 'ament_cmake_args' from command line to 'None'
[3.763s] Level 5:colcon.colcon_core.verb:set package 'navigation2_turtle' build argument 'catkin_cmake_args' from command line to 'None'
[3.763s] Level 5:colcon.colcon_core.verb:set package 'navigation2_turtle' build argument 'catkin_skip_building_tests' from command line to 'False'
[3.763s] DEBUG:colcon.colcon_core.verb:Building package 'navigation2_turtle' with the following arguments: {'ament_cmake_args': None, 'build_base': '/home/r3k7/Nauka_ros/src/ros-exercises/build/navigation2_turtle', 'catkin_cmake_args': None, 'catkin_skip_building_tests': False, 'cmake_args': None, 'cmake_clean_cache': False, 'cmake_clean_first': False, 'cmake_force_configure': False, 'cmake_target': None, 'cmake_target_skip_unavailable': False, 'install_base': '/home/r3k7/Nauka_ros/src/ros-exercises/install/navigation2_turtle', 'merge_install': False, 'path': '/home/r3k7/Nauka_ros/src/ros-exercises/navigation2_planners/navigation2_turtlebot', 'symlink_install': False, 'test_result_base': None}
[3.795s] Level 5:colcon.colcon_core.verb:set package 'pub_sub' build argument 'cmake_args' from command line to 'None'
[3.795s] Level 5:colcon.colcon_core.verb:set package 'pub_sub' build argument 'cmake_target' from command line to 'None'
[3.795s] Level 5:colcon.colcon_core.verb:set package 'pub_sub' build argument 'cmake_target_skip_unavailable' from command line to 'False'
[3.795s] Level 5:colcon.colcon_core.verb:set package 'pub_sub' build argument 'cmake_clean_cache' from command line to 'False'
[3.795s] Level 5:colcon.colcon_core.verb:set package 'pub_sub' build argument 'cmake_clean_first' from command line to 'False'
[3.795s] Level 5:colcon.colcon_core.verb:set package 'pub_sub' build argument 'cmake_force_configure' from command line to 'False'
[3.795s] Level 5:colcon.colcon_core.verb:set package 'pub_sub' build argument 'ament_cmake_args' from command line to 'None'
[3.795s] Level 5:colcon.colcon_core.verb:set package 'pub_sub' build argument 'catkin_cmake_args' from command line to 'None'
[3.795s] Level 5:colcon.colcon_core.verb:set package 'pub_sub' build argument 'catkin_skip_building_tests' from command line to 'False'
[3.795s] DEBUG:colcon.colcon_core.verb:Building package 'pub_sub' with the following arguments: {'ament_cmake_args': None, 'build_base': '/home/r3k7/Nauka_ros/src/ros-exercises/build/pub_sub', 'catkin_cmake_args': None, 'catkin_skip_building_tests': False, 'cmake_args': None, 'cmake_clean_cache': False, 'cmake_clean_first': False, 'cmake_force_configure': False, 'cmake_target': None, 'cmake_target_skip_unavailable': False, 'install_base': '/home/r3k7/Nauka_ros/src/ros-exercises/install/pub_sub', 'merge_install': False, 'path': '/home/r3k7/Nauka_ros/src/ros-exercises/pub_sub', 'symlink_install': False, 'test_result_base': None}
[3.825s] INFO:colcon.colcon_core.executor:Executing jobs using 'parallel' executor
[3.867s] DEBUG:colcon.colcon_parallel_executor.executor.parallel:run_until_complete
[3.867s] INFO:colcon.colcon_ros.task.ament_cmake.build:Building ROS package in '/home/r3k7/Nauka_ros/src/ros-exercises/ex_solution' with build type 'ament_cmake'
[3.868s] INFO:colcon.colcon_cmake.task.cmake.build:Building CMake package in '/home/r3k7/Nauka_ros/src/ros-exercises/ex_solution'
[3.925s] INFO:colcon.colcon_core.plugin_system:Skipping extension 'colcon_core.shell.bat': Not used on non-Windows systems
[3.926s] INFO:colcon.colcon_core.shell:Skip shell extension 'powershell' for command environment: Not usable outside of PowerShell
[3.926s] DEBUG:colcon.colcon_core.shell:Skip shell extension 'dsv' for command environment
[4.064s] INFO:colcon.colcon_ros.task.ament_cmake.build:Building ROS package in '/home/r3k7/Nauka_ros/src/ros-exercises/exercise' with build type 'ament_cmake'
[4.066s] INFO:colcon.colcon_cmake.task.cmake.build:Building CMake package in '/home/r3k7/Nauka_ros/src/ros-exercises/exercise'
[4.120s] INFO:colcon.colcon_core.shell:Skip shell extension 'powershell' for command environment: Not usable outside of PowerShell
[4.121s] DEBUG:colcon.colcon_core.shell:Skip shell extension 'dsv' for command environment
[4.261s] INFO:colcon.colcon_ros.task.ament_cmake.build:Building ROS package in '/home/r3k7/Nauka_ros/src/ros-exercises/fibonacci_action' with build type 'ament_cmake'
[4.261s] INFO:colcon.colcon_cmake.task.cmake.build:Building CMake package in '/home/r3k7/Nauka_ros/src/ros-exercises/fibonacci_action'
[4.296s] INFO:colcon.colcon_core.shell:Skip shell extension 'powershell' for command environment: Not usable outside of PowerShell
[4.296s] DEBUG:colcon.colcon_core.shell:Skip shell extension 'dsv' for command environment
[4.395s] INFO:colcon.colcon_ros.task.ament_python.build:Building ROS package in '/home/r3k7/Nauka_ros/src/ros-exercises/navigation2_planners/navigation2_dist' with build type 'ament_python'
[4.396s] Level 1:colcon.colcon_core.shell:create_environment_hook('navigation2_dist', 'ament_prefix_path')
[4.431s] INFO:colcon.colcon_core.shell:Creating environment hook '/home/r3k7/Nauka_ros/src/ros-exercises/install/navigation2_dist/share/navigation2_dist/hook/ament_prefix_path.ps1'
[4.432s] INFO:colcon.colcon_core.shell:Creating environment descriptor '/home/r3k7/Nauka_ros/src/ros-exercises/install/navigation2_dist/share/navigation2_dist/hook/ament_prefix_path.dsv'
[4.433s] INFO:colcon.colcon_core.shell:Creating environment hook '/home/r3k7/Nauka_ros/src/ros-exercises/install/navigation2_dist/share/navigation2_dist/hook/ament_prefix_path.sh'
[4.481s] INFO:colcon.colcon_core.shell:Skip shell extension 'powershell' for command environment: Not usable outside of PowerShell
[4.481s] DEBUG:colcon.colcon_core.shell:Skip shell extension 'dsv' for command environment
[4.601s] INFO:colcon.colcon_ros.task.ament_cmake.build:Building ROS package in '/home/r3k7/Nauka_ros/src/ros-exercises/navigation2_planners/navigation2_turtlebot' with build type 'ament_cmake'
[4.602s] INFO:colcon.colcon_cmake.task.cmake.build:Building CMake package in '/home/r3k7/Nauka_ros/src/ros-exercises/navigation2_planners/navigation2_turtlebot'
[4.657s] INFO:colcon.colcon_core.shell:Skip shell extension 'powershell' for command environment: Not usable outside of PowerShell
[4.658s] DEBUG:colcon.colcon_core.shell:Skip shell extension 'dsv' for command environment
[4.758s] INFO:colcon.colcon_ros.task.ament_cmake.build:Building ROS package in '/home/r3k7/Nauka_ros/src/ros-exercises/pub_sub' with build type 'ament_cmake'
[4.759s] INFO:colcon.colcon_cmake.task.cmake.build:Building CMake package in '/home/r3k7/Nauka_ros/src/ros-exercises/pub_sub'
[4.800s] INFO:colcon.colcon_core.shell:Skip shell extension 'powershell' for command environment: Not usable outside of PowerShell
[4.800s] DEBUG:colcon.colcon_core.shell:Skip shell extension 'dsv' for command environment
[4.927s] DEBUG:colcon.colcon_core.event_handler.log_command:Invoking command in '/home/r3k7/Nauka_ros/src/ros-exercises/build/ex_solution': CMAKE_PREFIX_PATH=${CMAKE_PREFIX_PATH}:/home/r3k7/Nauka_ros/src/ros-exercises/install/navigation2_dist:/opt/ros/humble WSLENV=ELECTRON_RUN_AS_NODE/w:WT_SESSION:WT_PROFILE_ID: /usr/bin/cmake --build /home/r3k7/Nauka_ros/src/ros-exercises/build/ex_solution -- -j8 -l8
[4.945s] DEBUG:colcon.colcon_core.event_handler.log_command:Invoking command in '/home/r3k7/Nauka_ros/src/ros-exercises/build/exercise': CMAKE_PREFIX_PATH=${CMAKE_PREFIX_PATH}:/home/r3k7/Nauka_ros/src/ros-exercises/install/navigation2_dist:/opt/ros/humble WSLENV=ELECTRON_RUN_AS_NODE/w:WT_SESSION:WT_PROFILE_ID: /usr/bin/cmake --build /home/r3k7/Nauka_ros/src/ros-exercises/build/exercise -- -j8 -l8
[4.951s] DEBUG:colcon.colcon_core.event_handler.log_command:Invoking command in '/home/r3k7/Nauka_ros/src/ros-exercises/build/fibonacci_action': CMAKE_PREFIX_PATH=${CMAKE_PREFIX_PATH}:/home/r3k7/Nauka_ros/src/ros-exercises/install/navigation2_dist:/opt/ros/humble WSLENV=ELECTRON_RUN_AS_NODE/w:WT_SESSION:WT_PROFILE_ID: /usr/bin/cmake --build /home/r3k7/Nauka_ros/src/ros-exercises/build/fibonacci_action -- -j8 -l8
[5.502s] INFO:colcon.colcon_core.task.python.build:Building Python package in '/home/r3k7/Nauka_ros/src/ros-exercises/navigation2_planners/navigation2_dist'
[5.538s] INFO:colcon.colcon_core.shell:Skip shell extension 'powershell' for command environment: Not usable outside of PowerShell
[5.538s] DEBUG:colcon.colcon_core.shell:Skip shell extension 'dsv' for command environment
[5.651s] DEBUG:colcon.colcon_core.event_handler.log_command:Invoking command in '/home/r3k7/Nauka_ros/src/ros-exercises/build/navigation2_turtle': CMAKE_PREFIX_PATH=${CMAKE_PREFIX_PATH}:/home/r3k7/Nauka_ros/src/ros-exercises/install/navigation2_dist:/opt/ros/humble WSLENV=ELECTRON_RUN_AS_NODE/w:WT_SESSION:WT_PROFILE_ID: /usr/bin/cmake --build /home/r3k7/Nauka_ros/src/ros-exercises/build/navigation2_turtle -- -j8 -l8
[5.664s] DEBUG:colcon.colcon_core.event_handler.log_command:Invoking command in '/home/r3k7/Nauka_ros/src/ros-exercises/build/pub_sub': CMAKE_PREFIX_PATH=${CMAKE_PREFIX_PATH}:/home/r3k7/Nauka_ros/src/ros-exercises/install/navigation2_dist:/opt/ros/humble WSLENV=ELECTRON_RUN_AS_NODE/w:WT_SESSION:WT_PROFILE_ID: /usr/bin/cmake --build /home/r3k7/Nauka_ros/src/ros-exercises/build/pub_sub -- -j8 -l8
[5.739s] DEBUG:colcon.colcon_core.event_handler.log_command:Invoked command in '/home/r3k7/Nauka_ros/src/ros-exercises/build/exercise' returned '0': CMAKE_PREFIX_PATH=${CMAKE_PREFIX_PATH}:/home/r3k7/Nauka_ros/src/ros-exercises/install/navigation2_dist:/opt/ros/humble WSLENV=ELECTRON_RUN_AS_NODE/w:WT_SESSION:WT_PROFILE_ID: /usr/bin/cmake --build /home/r3k7/Nauka_ros/src/ros-exercises/build/exercise -- -j8 -l8
[5.782s] DEBUG:colcon.colcon_core.event_handler.log_command:Invoked command in '/home/r3k7/Nauka_ros/src/ros-exercises/build/navigation2_turtle' returned '0': CMAKE_PREFIX_PATH=${CMAKE_PREFIX_PATH}:/home/r3k7/Nauka_ros/src/ros-exercises/install/navigation2_dist:/opt/ros/humble WSLENV=ELECTRON_RUN_AS_NODE/w:WT_SESSION:WT_PROFILE_ID: /usr/bin/cmake --build /home/r3k7/Nauka_ros/src/ros-exercises/build/navigation2_turtle -- -j8 -l8
[5.856s] DEBUG:colcon.colcon_core.event_handler.log_command:Invoking command in '/home/r3k7/Nauka_ros/src/ros-exercises/build/navigation2_turtle': CMAKE_PREFIX_PATH=${CMAKE_PREFIX_PATH}:/home/r3k7/Nauka_ros/src/ros-exercises/install/navigation2_dist:/opt/ros/humble WSLENV=ELECTRON_RUN_AS_NODE/w:WT_SESSION:WT_PROFILE_ID: /usr/bin/cmake --install /home/r3k7/Nauka_ros/src/ros-exercises/build/navigation2_turtle
[5.901s] DEBUG:colcon.colcon_core.event_handler.log_command:Invoking command in '/home/r3k7/Nauka_ros/src/ros-exercises/build/exercise': CMAKE_PREFIX_PATH=${CMAKE_PREFIX_PATH}:/home/r3k7/Nauka_ros/src/ros-exercises/install/navigation2_dist:/opt/ros/humble WSLENV=ELECTRON_RUN_AS_NODE/w:WT_SESSION:WT_PROFILE_ID: /usr/bin/cmake --install /home/r3k7/Nauka_ros/src/ros-exercises/build/exercise
[5.912s] DEBUG:colcon.colcon_core.event_handler.log_command:Invoked command in '/home/r3k7/Nauka_ros/src/ros-exercises/build/pub_sub' returned '0': CMAKE_PREFIX_PATH=${CMAKE_PREFIX_PATH}:/home/r3k7/Nauka_ros/src/ros-exercises/install/navigation2_dist:/opt/ros/humble WSLENV=ELECTRON_RUN_AS_NODE/w:WT_SESSION:WT_PROFILE_ID: /usr/bin/cmake --build /home/r3k7/Nauka_ros/src/ros-exercises/build/pub_sub -- -j8 -l8
[5.916s] Level 1:colcon.colcon_core.environment:create_environment_scripts_only(navigation2_turtle)
[5.943s] DEBUG:colcon.colcon_core.event_handler.log_command:Invoked command in '/home/r3k7/Nauka_ros/src/ros-exercises/build/navigation2_turtle' returned '0': CMAKE_PREFIX_PATH=${CMAKE_PREFIX_PATH}:/home/r3k7/Nauka_ros/src/ros-exercises/install/navigation2_dist:/opt/ros/humble WSLENV=ELECTRON_RUN_AS_NODE/w:WT_SESSION:WT_PROFILE_ID: /usr/bin/cmake --install /home/r3k7/Nauka_ros/src/ros-exercises/build/navigation2_turtle
[5.994s] Level 1:colcon.colcon_core.environment:checking '/home/r3k7/Nauka_ros/src/ros-exercises/install/navigation2_turtle' for CMake module files
[5.995s] Level 1:colcon.colcon_core.environment:checking '/home/r3k7/Nauka_ros/src/ros-exercises/install/navigation2_turtle' for CMake config files
[5.995s] Level 1:colcon.colcon_core.shell:create_environment_hook('navigation2_turtle', 'cmake_prefix_path')
[6.070s] INFO:colcon.colcon_core.shell:Creating environment hook '/home/r3k7/Nauka_ros/src/ros-exercises/install/navigation2_turtle/share/navigation2_turtle/hook/cmake_prefix_path.ps1'
[6.071s] INFO:colcon.colcon_core.shell:Creating environment descriptor '/home/r3k7/Nauka_ros/src/ros-exercises/install/navigation2_turtle/share/navigation2_turtle/hook/cmake_prefix_path.dsv'
[6.072s] INFO:colcon.colcon_core.shell:Creating environment hook '/home/r3k7/Nauka_ros/src/ros-exercises/install/navigation2_turtle/share/navigation2_turtle/hook/cmake_prefix_path.sh'
[6.073s] Level 1:colcon.colcon_core.environment:checking '/home/r3k7/Nauka_ros/src/ros-exercises/install/navigation2_turtle/bin'
[6.073s] Level 1:colcon.colcon_core.environment:checking '/home/r3k7/Nauka_ros/src/ros-exercises/install/navigation2_turtle/lib/pkgconfig/navigation2_turtle.pc'
[6.074s] Level 1:colcon.colcon_core.environment:checking '/home/r3k7/Nauka_ros/src/ros-exercises/install/navigation2_turtle/lib/python3.10/site-packages'
[6.087s] Level 1:colcon.colcon_core.environment:checking '/home/r3k7/Nauka_ros/src/ros-exercises/install/navigation2_turtle/bin'
[6.130s] INFO:colcon.colcon_core.shell:Creating package script '/home/r3k7/Nauka_ros/src/ros-exercises/install/navigation2_turtle/share/navigation2_turtle/package.ps1'
[6.131s] INFO:colcon.colcon_core.shell:Creating package descriptor '/home/r3k7/Nauka_ros/src/ros-exercises/install/navigation2_turtle/share/navigation2_turtle/package.dsv'
[6.132s] INFO:colcon.colcon_core.shell:Creating package script '/home/r3k7/Nauka_ros/src/ros-exercises/install/navigation2_turtle/share/navigation2_turtle/package.sh'
[6.134s] INFO:colcon.colcon_core.shell:Creating package script '/home/r3k7/Nauka_ros/src/ros-exercises/install/navigation2_turtle/share/navigation2_turtle/package.bash'
[6.139s] INFO:colcon.colcon_core.shell:Creating package script '/home/r3k7/Nauka_ros/src/ros-exercises/install/navigation2_turtle/share/navigation2_turtle/package.zsh'
[6.142s] Level 1:colcon.colcon_core.environment:create_file_with_runtime_dependencies(/home/r3k7/Nauka_ros/src/ros-exercises/install/navigation2_turtle/share/colcon-core/packages/navigation2_turtle)
[6.157s] DEBUG:colcon.colcon_core.event_handler.log_command:Invoking command in '/home/r3k7/Nauka_ros/src/ros-exercises/build/pub_sub': CMAKE_PREFIX_PATH=${CMAKE_PREFIX_PATH}:/home/r3k7/Nauka_ros/src/ros-exercises/install/navigation2_dist:/opt/ros/humble WSLENV=ELECTRON_RUN_AS_NODE/w:WT_SESSION:WT_PROFILE_ID: /usr/bin/cmake --install /home/r3k7/Nauka_ros/src/ros-exercises/build/pub_sub
[6.160s] Level 1:colcon.colcon_core.environment:create_environment_scripts_only(exercise)
[6.183s] DEBUG:colcon.colcon_core.event_handler.log_command:Invoked command in '/home/r3k7/Nauka_ros/src/ros-exercises/build/exercise' returned '0': CMAKE_PREFIX_PATH=${CMAKE_PREFIX_PATH}:/home/r3k7/Nauka_ros/src/ros-exercises/install/navigation2_dist:/opt/ros/humble WSLENV=ELECTRON_RUN_AS_NODE/w:WT_SESSION:WT_PROFILE_ID: /usr/bin/cmake --install /home/r3k7/Nauka_ros/src/ros-exercises/build/exercise
[6.218s] Level 1:colcon.colcon_core.environment:checking '/home/r3k7/Nauka_ros/src/ros-exercises/install/exercise' for CMake module files
[6.219s] Level 1:colcon.colcon_core.environment:checking '/home/r3k7/Nauka_ros/src/ros-exercises/install/exercise' for CMake config files
[6.219s] Level 1:colcon.colcon_core.shell:create_environment_hook('exercise', 'cmake_prefix_path')
[6.248s] INFO:colcon.colcon_core.shell:Creating environment hook '/home/r3k7/Nauka_ros/src/ros-exercises/install/exercise/share/exercise/hook/cmake_prefix_path.ps1'
[6.249s] INFO:colcon.colcon_core.shell:Creating environment descriptor '/home/r3k7/Nauka_ros/src/ros-exercises/install/exercise/share/exercise/hook/cmake_prefix_path.dsv'
[6.250s] INFO:colcon.colcon_core.shell:Creating environment hook '/home/r3k7/Nauka_ros/src/ros-exercises/install/exercise/share/exercise/hook/cmake_prefix_path.sh'
[6.254s] Level 1:colcon.colcon_core.environment:checking '/home/r3k7/Nauka_ros/src/ros-exercises/install/exercise/bin'
[6.254s] Level 1:colcon.colcon_core.environment:checking '/home/r3k7/Nauka_ros/src/ros-exercises/install/exercise/lib/pkgconfig/exercise.pc'
[6.255s] Level 1:colcon.colcon_core.environment:checking '/home/r3k7/Nauka_ros/src/ros-exercises/install/exercise/lib/python3.10/site-packages'
[6.255s] Level 1:colcon.colcon_core.environment:checking '/home/r3k7/Nauka_ros/src/ros-exercises/install/exercise/bin'
[6.287s] INFO:colcon.colcon_core.shell:Creating package script '/home/r3k7/Nauka_ros/src/ros-exercises/install/exercise/share/exercise/package.ps1'
[6.288s] INFO:colcon.colcon_core.shell:Creating package descriptor '/home/r3k7/Nauka_ros/src/ros-exercises/install/exercise/share/exercise/package.dsv'
[6.295s] INFO:colcon.colcon_core.shell:Creating package script '/home/r3k7/Nauka_ros/src/ros-exercises/install/exercise/share/exercise/package.sh'
[6.296s] INFO:colcon.colcon_core.shell:Creating package script '/home/r3k7/Nauka_ros/src/ros-exercises/install/exercise/share/exercise/package.bash'
[6.296s] INFO:colcon.colcon_core.shell:Creating package script '/home/r3k7/Nauka_ros/src/ros-exercises/install/exercise/share/exercise/package.zsh'
[6.297s] Level 1:colcon.colcon_core.environment:create_file_with_runtime_dependencies(/home/r3k7/Nauka_ros/src/ros-exercises/install/exercise/share/colcon-core/packages/exercise)
[6.369s] Level 1:colcon.colcon_core.environment:create_environment_scripts_only(navigation2_turtle)
[6.421s] Level 1:colcon.colcon_core.environment:checking '/home/r3k7/Nauka_ros/src/ros-exercises/install/navigation2_turtle' for CMake module files
[6.429s] Level 1:colcon.colcon_core.environment:checking '/home/r3k7/Nauka_ros/src/ros-exercises/install/navigation2_turtle' for CMake config files
[6.429s] Level 1:colcon.colcon_core.shell:create_environment_hook('navigation2_turtle', 'cmake_prefix_path')
[6.472s] INFO:colcon.colcon_core.shell:Creating environment hook '/home/r3k7/Nauka_ros/src/ros-exercises/install/navigation2_turtle/share/navigation2_turtle/hook/cmake_prefix_path.ps1'
[6.474s] INFO:colcon.colcon_core.shell:Creating environment descriptor '/home/r3k7/Nauka_ros/src/ros-exercises/install/navigation2_turtle/share/navigation2_turtle/hook/cmake_prefix_path.dsv'
[6.475s] INFO:colcon.colcon_core.shell:Creating environment hook '/home/r3k7/Nauka_ros/src/ros-exercises/install/navigation2_turtle/share/navigation2_turtle/hook/cmake_prefix_path.sh'
[6.476s] Level 1:colcon.colcon_core.environment:checking '/home/r3k7/Nauka_ros/src/ros-exercises/install/navigation2_turtle/bin'
[6.476s] Level 1:colcon.colcon_core.environment:checking '/home/r3k7/Nauka_ros/src/ros-exercises/install/navigation2_turtle/lib/pkgconfig/navigation2_turtle.pc'
[6.476s] Level 1:colcon.colcon_core.environment:checking '/home/r3k7/Nauka_ros/src/ros-exercises/install/navigation2_turtle/lib/python3.10/site-packages'
[6.477s] Level 1:colcon.colcon_core.environment:checking '/home/r3k7/Nauka_ros/src/ros-exercises/install/navigation2_turtle/bin'
[6.509s] INFO:colcon.colcon_core.shell:Creating package script '/home/r3k7/Nauka_ros/src/ros-exercises/install/navigation2_turtle/share/navigation2_turtle/package.ps1'
[6.510s] INFO:colcon.colcon_core.shell:Creating package descriptor '/home/r3k7/Nauka_ros/src/ros-exercises/install/navigation2_turtle/share/navigation2_turtle/package.dsv'
[6.511s] INFO:colcon.colcon_core.shell:Creating package script '/home/r3k7/Nauka_ros/src/ros-exercises/install/navigation2_turtle/share/navigation2_turtle/package.sh'
[6.512s] INFO:colcon.colcon_core.shell:Creating package script '/home/r3k7/Nauka_ros/src/ros-exercises/install/navigation2_turtle/share/navigation2_turtle/package.bash'
[6.513s] INFO:colcon.colcon_core.shell:Creating package script '/home/r3k7/Nauka_ros/src/ros-exercises/install/navigation2_turtle/share/navigation2_turtle/package.zsh'
[6.514s] Level 1:colcon.colcon_core.environment:create_file_with_runtime_dependencies(/home/r3k7/Nauka_ros/src/ros-exercises/install/navigation2_turtle/share/colcon-core/packages/navigation2_turtle)
[6.516s] Level 1:colcon.colcon_core.environment:create_environment_scripts_only(pub_sub)
[6.516s] DEBUG:colcon.colcon_core.event_handler.log_command:Invoked command in '/home/r3k7/Nauka_ros/src/ros-exercises/build/pub_sub' returned '0': CMAKE_PREFIX_PATH=${CMAKE_PREFIX_PATH}:/home/r3k7/Nauka_ros/src/ros-exercises/install/navigation2_dist:/opt/ros/humble WSLENV=ELECTRON_RUN_AS_NODE/w:WT_SESSION:WT_PROFILE_ID: /usr/bin/cmake --install /home/r3k7/Nauka_ros/src/ros-exercises/build/pub_sub
[6.568s] Level 1:colcon.colcon_core.environment:checking '/home/r3k7/Nauka_ros/src/ros-exercises/install/pub_sub' for CMake module files
[6.570s] Level 1:colcon.colcon_core.environment:checking '/home/r3k7/Nauka_ros/src/ros-exercises/install/pub_sub' for CMake config files
[6.572s] Level 1:colcon.colcon_core.shell:create_environment_hook('pub_sub', 'cmake_prefix_path')
[6.618s] INFO:colcon.colcon_core.shell:Creating environment hook '/home/r3k7/Nauka_ros/src/ros-exercises/install/pub_sub/share/pub_sub/hook/cmake_prefix_path.ps1'
[6.619s] INFO:colcon.colcon_core.shell:Creating environment descriptor '/home/r3k7/Nauka_ros/src/ros-exercises/install/pub_sub/share/pub_sub/hook/cmake_prefix_path.dsv'
[6.620s] INFO:colcon.colcon_core.shell:Creating environment hook '/home/r3k7/Nauka_ros/src/ros-exercises/install/pub_sub/share/pub_sub/hook/cmake_prefix_path.sh'
[6.621s] Level 1:colcon.colcon_core.environment:checking '/home/r3k7/Nauka_ros/src/ros-exercises/install/pub_sub/lib'
[6.622s] Level 1:colcon.colcon_core.environment:checking '/home/r3k7/Nauka_ros/src/ros-exercises/install/pub_sub/bin'
[6.623s] Level 1:colcon.colcon_core.environment:checking '/home/r3k7/Nauka_ros/src/ros-exercises/install/pub_sub/lib/pkgconfig/pub_sub.pc'
[6.623s] Level 1:colcon.colcon_core.environment:checking '/home/r3k7/Nauka_ros/src/ros-exercises/install/pub_sub/lib/python3.10/site-packages'
[6.624s] Level 1:colcon.colcon_core.environment:checking '/home/r3k7/Nauka_ros/src/ros-exercises/install/pub_sub/bin'
[6.671s] INFO:colcon.colcon_core.shell:Creating package script '/home/r3k7/Nauka_ros/src/ros-exercises/install/pub_sub/share/pub_sub/package.ps1'
[6.672s] INFO:colcon.colcon_core.shell:Creating package descriptor '/home/r3k7/Nauka_ros/src/ros-exercises/install/pub_sub/share/pub_sub/package.dsv'
[6.674s] INFO:colcon.colcon_core.shell:Creating package script '/home/r3k7/Nauka_ros/src/ros-exercises/install/pub_sub/share/pub_sub/package.sh'
[6.676s] INFO:colcon.colcon_core.shell:Creating package script '/home/r3k7/Nauka_ros/src/ros-exercises/install/pub_sub/share/pub_sub/package.bash'
[6.677s] INFO:colcon.colcon_core.shell:Creating package script '/home/r3k7/Nauka_ros/src/ros-exercises/install/pub_sub/share/pub_sub/package.zsh'
[6.679s] Level 1:colcon.colcon_core.environment:create_file_with_runtime_dependencies(/home/r3k7/Nauka_ros/src/ros-exercises/install/pub_sub/share/colcon-core/packages/pub_sub)
[6.726s] Level 1:colcon.colcon_core.environment:create_environment_scripts_only(exercise)
[6.779s] Level 1:colcon.colcon_core.environment:checking '/home/r3k7/Nauka_ros/src/ros-exercises/install/exercise' for CMake module files
[6.780s] Level 1:colcon.colcon_core.environment:checking '/home/r3k7/Nauka_ros/src/ros-exercises/install/exercise' for CMake config files
[6.785s] Level 1:colcon.colcon_core.shell:create_environment_hook('exercise', 'cmake_prefix_path')
[6.822s] INFO:colcon.colcon_core.shell:Creating environment hook '/home/r3k7/Nauka_ros/src/ros-exercises/install/exercise/share/exercise/hook/cmake_prefix_path.ps1'
[6.825s] INFO:colcon.colcon_core.shell:Creating environment descriptor '/home/r3k7/Nauka_ros/src/ros-exercises/install/exercise/share/exercise/hook/cmake_prefix_path.dsv'
[6.826s] INFO:colcon.colcon_core.shell:Creating environment hook '/home/r3k7/Nauka_ros/src/ros-exercises/install/exercise/share/exercise/hook/cmake_prefix_path.sh'
[6.827s] Level 1:colcon.colcon_core.environment:checking '/home/r3k7/Nauka_ros/src/ros-exercises/install/exercise/bin'
[6.827s] Level 1:colcon.colcon_core.environment:checking '/home/r3k7/Nauka_ros/src/ros-exercises/install/exercise/lib/pkgconfig/exercise.pc'
[6.827s] Level 1:colcon.colcon_core.environment:checking '/home/r3k7/Nauka_ros/src/ros-exercises/install/exercise/lib/python3.10/site-packages'
[6.828s] Level 1:colcon.colcon_core.environment:checking '/home/r3k7/Nauka_ros/src/ros-exercises/install/exercise/bin'
[6.902s] INFO:colcon.colcon_core.shell:Creating package script '/home/r3k7/Nauka_ros/src/ros-exercises/install/exercise/share/exercise/package.ps1'
[6.903s] INFO:colcon.colcon_core.shell:Creating package descriptor '/home/r3k7/Nauka_ros/src/ros-exercises/install/exercise/share/exercise/package.dsv'
[6.903s] INFO:colcon.colcon_core.shell:Creating package script '/home/r3k7/Nauka_ros/src/ros-exercises/install/exercise/share/exercise/package.sh'
[6.904s] INFO:colcon.colcon_core.shell:Creating package script '/home/r3k7/Nauka_ros/src/ros-exercises/install/exercise/share/exercise/package.bash'
[6.905s] INFO:colcon.colcon_core.shell:Creating package script '/home/r3k7/Nauka_ros/src/ros-exercises/install/exercise/share/exercise/package.zsh'
[6.906s] Level 1:colcon.colcon_core.environment:create_file_with_runtime_dependencies(/home/r3k7/Nauka_ros/src/ros-exercises/install/exercise/share/colcon-core/packages/exercise)
[6.956s] Level 1:colcon.colcon_core.environment:create_environment_scripts_only(pub_sub)
[6.998s] Level 1:colcon.colcon_core.environment:checking '/home/r3k7/Nauka_ros/src/ros-exercises/install/pub_sub' for CMake module files
[7.004s] Level 1:colcon.colcon_core.environment:checking '/home/r3k7/Nauka_ros/src/ros-exercises/install/pub_sub' for CMake config files
[7.005s] Level 1:colcon.colcon_core.shell:create_environment_hook('pub_sub', 'cmake_prefix_path')
[7.041s] INFO:colcon.colcon_core.shell:Creating environment hook '/home/r3k7/Nauka_ros/src/ros-exercises/install/pub_sub/share/pub_sub/hook/cmake_prefix_path.ps1'
[7.044s] INFO:colcon.colcon_core.shell:Creating environment descriptor '/home/r3k7/Nauka_ros/src/ros-exercises/install/pub_sub/share/pub_sub/hook/cmake_prefix_path.dsv'
[7.044s] INFO:colcon.colcon_core.shell:Creating environment hook '/home/r3k7/Nauka_ros/src/ros-exercises/install/pub_sub/share/pub_sub/hook/cmake_prefix_path.sh'
[7.045s] Level 1:colcon.colcon_core.environment:checking '/home/r3k7/Nauka_ros/src/ros-exercises/install/pub_sub/lib'
[7.046s] Level 1:colcon.colcon_core.environment:checking '/home/r3k7/Nauka_ros/src/ros-exercises/install/pub_sub/bin'
[7.046s] Level 1:colcon.colcon_core.environment:checking '/home/r3k7/Nauka_ros/src/ros-exercises/install/pub_sub/lib/pkgconfig/pub_sub.pc'
[7.046s] Level 1:colcon.colcon_core.environment:checking '/home/r3k7/Nauka_ros/src/ros-exercises/install/pub_sub/lib/python3.10/site-packages'
[7.047s] Level 1:colcon.colcon_core.environment:checking '/home/r3k7/Nauka_ros/src/ros-exercises/install/pub_sub/bin'
[7.083s] INFO:colcon.colcon_core.shell:Creating package script '/home/r3k7/Nauka_ros/src/ros-exercises/install/pub_sub/share/pub_sub/package.ps1'
[7.085s] INFO:colcon.colcon_core.shell:Creating package descriptor '/home/r3k7/Nauka_ros/src/ros-exercises/install/pub_sub/share/pub_sub/package.dsv'
[7.085s] INFO:colcon.colcon_core.shell:Creating package script '/home/r3k7/Nauka_ros/src/ros-exercises/install/pub_sub/share/pub_sub/package.sh'
[7.086s] INFO:colcon.colcon_core.shell:Creating package script '/home/r3k7/Nauka_ros/src/ros-exercises/install/pub_sub/share/pub_sub/package.bash'
[7.086s] INFO:colcon.colcon_core.shell:Creating package script '/home/r3k7/Nauka_ros/src/ros-exercises/install/pub_sub/share/pub_sub/package.zsh'
[7.087s] Level 1:colcon.colcon_core.environment:create_file_with_runtime_dependencies(/home/r3k7/Nauka_ros/src/ros-exercises/install/pub_sub/share/colcon-core/packages/pub_sub)
[7.089s] DEBUG:colcon.colcon_core.event_handler.log_command:Invoked command in '/home/r3k7/Nauka_ros/src/ros-exercises/build/fibonacci_action' returned '0': CMAKE_PREFIX_PATH=${CMAKE_PREFIX_PATH}:/home/r3k7/Nauka_ros/src/ros-exercises/install/navigation2_dist:/opt/ros/humble WSLENV=ELECTRON_RUN_AS_NODE/w:WT_SESSION:WT_PROFILE_ID: /usr/bin/cmake --build /home/r3k7/Nauka_ros/src/ros-exercises/build/fibonacci_action -- -j8 -l8
[7.122s] DEBUG:colcon.colcon_core.event_handler.log_command:Invoked command in '/home/r3k7/Nauka_ros/src/ros-exercises/build/ex_solution' returned '0': CMAKE_PREFIX_PATH=${CMAKE_PREFIX_PATH}:/home/r3k7/Nauka_ros/src/ros-exercises/install/navigation2_dist:/opt/ros/humble WSLENV=ELECTRON_RUN_AS_NODE/w:WT_SESSION:WT_PROFILE_ID: /usr/bin/cmake --build /home/r3k7/Nauka_ros/src/ros-exercises/build/ex_solution -- -j8 -l8
[7.183s] DEBUG:colcon.colcon_core.event_handler.log_command:Invoking command in '/home/r3k7/Nauka_ros/src/ros-exercises/navigation2_planners/navigation2_dist': PYTHONPATH=/home/r3k7/Nauka_ros/src/ros-exercises/build/navigation2_dist/prefix_override:/home/r3k7/Nauka_ros/src/ros-exercises/install/navigation2_dist/lib/python3.10/site-packages:${PYTHONPATH} WSLENV=ELECTRON_RUN_AS_NODE/w:WT_SESSION:WT_PROFILE_ID: /usr/bin/python3 setup.py egg_info --egg-base ../../build/navigation2_dist build --build-base /home/r3k7/Nauka_ros/src/ros-exercises/build/navigation2_dist/build install --record /home/r3k7/Nauka_ros/src/ros-exercises/build/navigation2_dist/install.log --single-version-externally-managed
[7.386s] DEBUG:colcon.colcon_core.event_handler.log_command:Invoking command in '/home/r3k7/Nauka_ros/src/ros-exercises/build/fibonacci_action': CMAKE_PREFIX_PATH=${CMAKE_PREFIX_PATH}:/home/r3k7/Nauka_ros/src/ros-exercises/install/navigation2_dist:/opt/ros/humble WSLENV=ELECTRON_RUN_AS_NODE/w:WT_SESSION:WT_PROFILE_ID: /usr/bin/cmake --install /home/r3k7/Nauka_ros/src/ros-exercises/build/fibonacci_action
[7.411s] DEBUG:colcon.colcon_core.event_handler.log_command:Invoking command in '/home/r3k7/Nauka_ros/src/ros-exercises/build/ex_solution': CMAKE_PREFIX_PATH=${CMAKE_PREFIX_PATH}:/home/r3k7/Nauka_ros/src/ros-exercises/install/navigation2_dist:/opt/ros/humble WSLENV=ELECTRON_RUN_AS_NODE/w:WT_SESSION:WT_PROFILE_ID: /usr/bin/cmake --install /home/r3k7/Nauka_ros/src/ros-exercises/build/ex_solution
[7.489s] Level 1:colcon.colcon_core.environment:create_environment_scripts_only(fibonacci_action)
[7.499s] DEBUG:colcon.colcon_core.event_handler.log_command:Invoked command in '/home/r3k7/Nauka_ros/src/ros-exercises/build/fibonacci_action' returned '0': CMAKE_PREFIX_PATH=${CMAKE_PREFIX_PATH}:/home/r3k7/Nauka_ros/src/ros-exercises/install/navigation2_dist:/opt/ros/humble WSLENV=ELECTRON_RUN_AS_NODE/w:WT_SESSION:WT_PROFILE_ID: /usr/bin/cmake --install /home/r3k7/Nauka_ros/src/ros-exercises/build/fibonacci_action
[7.535s] Level 1:colcon.colcon_core.environment:checking '/home/r3k7/Nauka_ros/src/ros-exercises/install/fibonacci_action' for CMake module files
[7.536s] Level 1:colcon.colcon_core.environment:checking '/home/r3k7/Nauka_ros/src/ros-exercises/install/fibonacci_action' for CMake config files
[7.536s] Level 1:colcon.colcon_core.shell:create_environment_hook('fibonacci_action', 'cmake_prefix_path')
[7.593s] INFO:colcon.colcon_core.shell:Creating environment hook '/home/r3k7/Nauka_ros/src/ros-exercises/install/fibonacci_action/share/fibonacci_action/hook/cmake_prefix_path.ps1'
[7.594s] INFO:colcon.colcon_core.shell:Creating environment descriptor '/home/r3k7/Nauka_ros/src/ros-exercises/install/fibonacci_action/share/fibonacci_action/hook/cmake_prefix_path.dsv'
[7.594s] INFO:colcon.colcon_core.shell:Creating environment hook '/home/r3k7/Nauka_ros/src/ros-exercises/install/fibonacci_action/share/fibonacci_action/hook/cmake_prefix_path.sh'
[7.595s] Level 1:colcon.colcon_core.environment:checking '/home/r3k7/Nauka_ros/src/ros-exercises/install/fibonacci_action/lib'
[7.596s] Level 1:colcon.colcon_core.shell:create_environment_hook('fibonacci_action', 'ld_library_path_lib')
[7.652s] INFO:colcon.colcon_core.shell:Creating environment hook '/home/r3k7/Nauka_ros/src/ros-exercises/install/fibonacci_action/share/fibonacci_action/hook/ld_library_path_lib.ps1'
[7.653s] INFO:colcon.colcon_core.shell:Creating environment descriptor '/home/r3k7/Nauka_ros/src/ros-exercises/install/fibonacci_action/share/fibonacci_action/hook/ld_library_path_lib.dsv'
[7.654s] INFO:colcon.colcon_core.shell:Creating environment hook '/home/r3k7/Nauka_ros/src/ros-exercises/install/fibonacci_action/share/fibonacci_action/hook/ld_library_path_lib.sh'
[7.655s] Level 1:colcon.colcon_core.environment:checking '/home/r3k7/Nauka_ros/src/ros-exercises/install/fibonacci_action/bin'
[7.655s] Level 1:colcon.colcon_core.environment:checking '/home/r3k7/Nauka_ros/src/ros-exercises/install/fibonacci_action/lib/pkgconfig/fibonacci_action.pc'
[7.655s] Level 1:colcon.colcon_core.environment:checking '/home/r3k7/Nauka_ros/src/ros-exercises/install/fibonacci_action/lib/python3.10/site-packages'
[7.656s] Level 1:colcon.colcon_core.environment:checking '/home/r3k7/Nauka_ros/src/ros-exercises/install/fibonacci_action/bin'
[7.702s] INFO:colcon.colcon_core.shell:Creating package script '/home/r3k7/Nauka_ros/src/ros-exercises/install/fibonacci_action/share/fibonacci_action/package.ps1'
[7.703s] INFO:colcon.colcon_core.shell:Creating package descriptor '/home/r3k7/Nauka_ros/src/ros-exercises/install/fibonacci_action/share/fibonacci_action/package.dsv'
[7.704s] INFO:colcon.colcon_core.shell:Creating package script '/home/r3k7/Nauka_ros/src/ros-exercises/install/fibonacci_action/share/fibonacci_action/package.sh'
[7.705s] INFO:colcon.colcon_core.shell:Creating package script '/home/r3k7/Nauka_ros/src/ros-exercises/install/fibonacci_action/share/fibonacci_action/package.bash'
[7.706s] INFO:colcon.colcon_core.shell:Creating package script '/home/r3k7/Nauka_ros/src/ros-exercises/install/fibonacci_action/share/fibonacci_action/package.zsh'
[7.707s] Level 1:colcon.colcon_core.environment:create_file_with_runtime_dependencies(/home/r3k7/Nauka_ros/src/ros-exercises/install/fibonacci_action/share/colcon-core/packages/fibonacci_action)
[7.715s] Level 1:colcon.colcon_core.environment:create_environment_scripts_only(ex_solution)
[7.716s] DEBUG:colcon.colcon_core.event_handler.log_command:Invoked command in '/home/r3k7/Nauka_ros/src/ros-exercises/build/ex_solution' returned '0': CMAKE_PREFIX_PATH=${CMAKE_PREFIX_PATH}:/home/r3k7/Nauka_ros/src/ros-exercises/install/navigation2_dist:/opt/ros/humble WSLENV=ELECTRON_RUN_AS_NODE/w:WT_SESSION:WT_PROFILE_ID: /usr/bin/cmake --install /home/r3k7/Nauka_ros/src/ros-exercises/build/ex_solution
[7.792s] Level 1:colcon.colcon_core.environment:checking '/home/r3k7/Nauka_ros/src/ros-exercises/install/ex_solution' for CMake module files
[7.799s] Level 1:colcon.colcon_core.environment:checking '/home/r3k7/Nauka_ros/src/ros-exercises/install/ex_solution' for CMake config files
[7.807s] Level 1:colcon.colcon_core.shell:create_environment_hook('ex_solution', 'cmake_prefix_path')
[7.861s] INFO:colcon.colcon_core.shell:Creating environment hook '/home/r3k7/Nauka_ros/src/ros-exercises/install/ex_solution/share/ex_solution/hook/cmake_prefix_path.ps1'
[7.862s] INFO:colcon.colcon_core.shell:Creating environment descriptor '/home/r3k7/Nauka_ros/src/ros-exercises/install/ex_solution/share/ex_solution/hook/cmake_prefix_path.dsv'
[7.863s] INFO:colcon.colcon_core.shell:Creating environment hook '/home/r3k7/Nauka_ros/src/ros-exercises/install/ex_solution/share/ex_solution/hook/cmake_prefix_path.sh'
[7.864s] Level 1:colcon.colcon_core.environment:checking '/home/r3k7/Nauka_ros/src/ros-exercises/install/ex_solution/lib'
[7.864s] Level 1:colcon.colcon_core.shell:create_environment_hook('ex_solution', 'ld_library_path_lib')
[7.920s] INFO:colcon.colcon_core.shell:Creating environment hook '/home/r3k7/Nauka_ros/src/ros-exercises/install/ex_solution/share/ex_solution/hook/ld_library_path_lib.ps1'
[7.924s] INFO:colcon.colcon_core.shell:Creating environment descriptor '/home/r3k7/Nauka_ros/src/ros-exercises/install/ex_solution/share/ex_solution/hook/ld_library_path_lib.dsv'
[7.925s] INFO:colcon.colcon_core.shell:Creating environment hook '/home/r3k7/Nauka_ros/src/ros-exercises/install/ex_solution/share/ex_solution/hook/ld_library_path_lib.sh'
[7.926s] Level 1:colcon.colcon_core.environment:checking '/home/r3k7/Nauka_ros/src/ros-exercises/install/ex_solution/bin'
[7.926s] Level 1:colcon.colcon_core.environment:checking '/home/r3k7/Nauka_ros/src/ros-exercises/install/ex_solution/lib/pkgconfig/ex_solution.pc'
[7.926s] Level 1:colcon.colcon_core.environment:checking '/home/r3k7/Nauka_ros/src/ros-exercises/install/ex_solution/lib/python3.10/site-packages'
[7.927s] Level 1:colcon.colcon_core.environment:checking '/home/r3k7/Nauka_ros/src/ros-exercises/install/ex_solution/bin'
[7.963s] INFO:colcon.colcon_core.shell:Creating package script '/home/r3k7/Nauka_ros/src/ros-exercises/install/ex_solution/share/ex_solution/package.ps1'
[7.965s] INFO:colcon.colcon_core.shell:Creating package descriptor '/home/r3k7/Nauka_ros/src/ros-exercises/install/ex_solution/share/ex_solution/package.dsv'
[7.972s] INFO:colcon.colcon_core.shell:Creating package script '/home/r3k7/Nauka_ros/src/ros-exercises/install/ex_solution/share/ex_solution/package.sh'
[7.973s] INFO:colcon.colcon_core.shell:Creating package script '/home/r3k7/Nauka_ros/src/ros-exercises/install/ex_solution/share/ex_solution/package.bash'
[7.974s] INFO:colcon.colcon_core.shell:Creating package script '/home/r3k7/Nauka_ros/src/ros-exercises/install/ex_solution/share/ex_solution/package.zsh'
[7.975s] Level 1:colcon.colcon_core.environment:create_file_with_runtime_dependencies(/home/r3k7/Nauka_ros/src/ros-exercises/install/ex_solution/share/colcon-core/packages/ex_solution)
[8.011s] Level 1:colcon.colcon_core.environment:create_environment_scripts_only(fibonacci_action)
[8.052s] Level 1:colcon.colcon_core.environment:checking '/home/r3k7/Nauka_ros/src/ros-exercises/install/fibonacci_action' for CMake module files
[8.054s] Level 1:colcon.colcon_core.environment:checking '/home/r3k7/Nauka_ros/src/ros-exercises/install/fibonacci_action' for CMake config files
[8.054s] Level 1:colcon.colcon_core.shell:create_environment_hook('fibonacci_action', 'cmake_prefix_path')
[8.095s] INFO:colcon.colcon_core.shell:Creating environment hook '/home/r3k7/Nauka_ros/src/ros-exercises/install/fibonacci_action/share/fibonacci_action/hook/cmake_prefix_path.ps1'
[8.096s] INFO:colcon.colcon_core.shell:Creating environment descriptor '/home/r3k7/Nauka_ros/src/ros-exercises/install/fibonacci_action/share/fibonacci_action/hook/cmake_prefix_path.dsv'
[8.097s] INFO:colcon.colcon_core.shell:Creating environment hook '/home/r3k7/Nauka_ros/src/ros-exercises/install/fibonacci_action/share/fibonacci_action/hook/cmake_prefix_path.sh'
[8.099s] Level 1:colcon.colcon_core.environment:checking '/home/r3k7/Nauka_ros/src/ros-exercises/install/fibonacci_action/lib'
[8.099s] Level 1:colcon.colcon_core.shell:create_environment_hook('fibonacci_action', 'ld_library_path_lib')
[8.128s] INFO:colcon.colcon_core.shell:Creating environment hook '/home/r3k7/Nauka_ros/src/ros-exercises/install/fibonacci_action/share/fibonacci_action/hook/ld_library_path_lib.ps1'
[8.129s] INFO:colcon.colcon_core.shell:Creating environment descriptor '/home/r3k7/Nauka_ros/src/ros-exercises/install/fibonacci_action/share/fibonacci_action/hook/ld_library_path_lib.dsv'
[8.130s] INFO:colcon.colcon_core.shell:Creating environment hook '/home/r3k7/Nauka_ros/src/ros-exercises/install/fibonacci_action/share/fibonacci_action/hook/ld_library_path_lib.sh'
[8.131s] Level 1:colcon.colcon_core.environment:checking '/home/r3k7/Nauka_ros/src/ros-exercises/install/fibonacci_action/bin'
[8.131s] Level 1:colcon.colcon_core.environment:checking '/home/r3k7/Nauka_ros/src/ros-exercises/install/fibonacci_action/lib/pkgconfig/fibonacci_action.pc'
[8.132s] Level 1:colcon.colcon_core.environment:checking '/home/r3k7/Nauka_ros/src/ros-exercises/install/fibonacci_action/lib/python3.10/site-packages'
[8.132s] Level 1:colcon.colcon_core.environment:checking '/home/r3k7/Nauka_ros/src/ros-exercises/install/fibonacci_action/bin'
[8.216s] INFO:colcon.colcon_core.shell:Creating package script '/home/r3k7/Nauka_ros/src/ros-exercises/install/fibonacci_action/share/fibonacci_action/package.ps1'
[8.219s] INFO:colcon.colcon_core.shell:Creating package descriptor '/home/r3k7/Nauka_ros/src/ros-exercises/install/fibonacci_action/share/fibonacci_action/package.dsv'
[8.220s] INFO:colcon.colcon_core.shell:Creating package script '/home/r3k7/Nauka_ros/src/ros-exercises/install/fibonacci_action/share/fibonacci_action/package.sh'
[8.221s] INFO:colcon.colcon_core.shell:Creating package script '/home/r3k7/Nauka_ros/src/ros-exercises/install/fibonacci_action/share/fibonacci_action/package.bash'
[8.222s] INFO:colcon.colcon_core.shell:Creating package script '/home/r3k7/Nauka_ros/src/ros-exercises/install/fibonacci_action/share/fibonacci_action/package.zsh'
[8.225s] Level 1:colcon.colcon_core.environment:create_file_with_runtime_dependencies(/home/r3k7/Nauka_ros/src/ros-exercises/install/fibonacci_action/share/colcon-core/packages/fibonacci_action)
[8.266s] Level 1:colcon.colcon_core.environment:create_environment_scripts_only(ex_solution)
[8.299s] Level 1:colcon.colcon_core.environment:checking '/home/r3k7/Nauka_ros/src/ros-exercises/install/ex_solution' for CMake module files
[8.300s] Level 1:colcon.colcon_core.environment:checking '/home/r3k7/Nauka_ros/src/ros-exercises/install/ex_solution' for CMake config files
[8.301s] Level 1:colcon.colcon_core.shell:create_environment_hook('ex_solution', 'cmake_prefix_path')
[8.336s] INFO:colcon.colcon_core.shell:Creating environment hook '/home/r3k7/Nauka_ros/src/ros-exercises/install/ex_solution/share/ex_solution/hook/cmake_prefix_path.ps1'
[8.336s] INFO:colcon.colcon_core.shell:Creating environment descriptor '/home/r3k7/Nauka_ros/src/ros-exercises/install/ex_solution/share/ex_solution/hook/cmake_prefix_path.dsv'
[8.337s] INFO:colcon.colcon_core.shell:Creating environment hook '/home/r3k7/Nauka_ros/src/ros-exercises/install/ex_solution/share/ex_solution/hook/cmake_prefix_path.sh'
[8.338s] Level 1:colcon.colcon_core.environment:checking '/home/r3k7/Nauka_ros/src/ros-exercises/install/ex_solution/lib'
[8.338s] Level 1:colcon.colcon_core.shell:create_environment_hook('ex_solution', 'ld_library_path_lib')
[8.370s] INFO:colcon.colcon_core.shell:Creating environment hook '/home/r3k7/Nauka_ros/src/ros-exercises/install/ex_solution/share/ex_solution/hook/ld_library_path_lib.ps1'
[8.372s] INFO:colcon.colcon_core.shell:Creating environment descriptor '/home/r3k7/Nauka_ros/src/ros-exercises/install/ex_solution/share/ex_solution/hook/ld_library_path_lib.dsv'
[8.373s] INFO:colcon.colcon_core.shell:Creating environment hook '/home/r3k7/Nauka_ros/src/ros-exercises/install/ex_solution/share/ex_solution/hook/ld_library_path_lib.sh'
[8.373s] Level 1:colcon.colcon_core.environment:checking '/home/r3k7/Nauka_ros/src/ros-exercises/install/ex_solution/bin'
[8.374s] Level 1:colcon.colcon_core.environment:checking '/home/r3k7/Nauka_ros/src/ros-exercises/install/ex_solution/lib/pkgconfig/ex_solution.pc'
[8.374s] Level 1:colcon.colcon_core.environment:checking '/home/r3k7/Nauka_ros/src/ros-exercises/install/ex_solution/lib/python3.10/site-packages'
[8.375s] Level 1:colcon.colcon_core.environment:checking '/home/r3k7/Nauka_ros/src/ros-exercises/install/ex_solution/bin'
[8.410s] INFO:colcon.colcon_core.shell:Creating package script '/home/r3k7/Nauka_ros/src/ros-exercises/install/ex_solution/share/ex_solution/package.ps1'
[8.411s] INFO:colcon.colcon_core.shell:Creating package descriptor '/home/r3k7/Nauka_ros/src/ros-exercises/install/ex_solution/share/ex_solution/package.dsv'
[8.412s] INFO:colcon.colcon_core.shell:Creating package script '/home/r3k7/Nauka_ros/src/ros-exercises/install/ex_solution/share/ex_solution/package.sh'
[8.413s] INFO:colcon.colcon_core.shell:Creating package script '/home/r3k7/Nauka_ros/src/ros-exercises/install/ex_solution/share/ex_solution/package.bash'
[8.413s] INFO:colcon.colcon_core.shell:Creating package script '/home/r3k7/Nauka_ros/src/ros-exercises/install/ex_solution/share/ex_solution/package.zsh'
[8.414s] Level 1:colcon.colcon_core.environment:create_file_with_runtime_dependencies(/home/r3k7/Nauka_ros/src/ros-exercises/install/ex_solution/share/colcon-core/packages/ex_solution)
[8.502s] DEBUG:colcon.colcon_core.event_handler.log_command:Invoked command in '/home/r3k7/Nauka_ros/src/ros-exercises/navigation2_planners/navigation2_dist' returned '0': PYTHONPATH=/home/r3k7/Nauka_ros/src/ros-exercises/build/navigation2_dist/prefix_override:/home/r3k7/Nauka_ros/src/ros-exercises/install/navigation2_dist/lib/python3.10/site-packages:${PYTHONPATH} WSLENV=ELECTRON_RUN_AS_NODE/w:WT_SESSION:WT_PROFILE_ID: /usr/bin/python3 setup.py egg_info --egg-base ../../build/navigation2_dist build --build-base /home/r3k7/Nauka_ros/src/ros-exercises/build/navigation2_dist/build install --record /home/r3k7/Nauka_ros/src/ros-exercises/build/navigation2_dist/install.log --single-version-externally-managed
[8.535s] Level 1:colcon.colcon_core.environment:checking '/home/r3k7/Nauka_ros/src/ros-exercises/install/navigation2_dist' for CMake module files
[8.535s] Level 1:colcon.colcon_core.environment:checking '/home/r3k7/Nauka_ros/src/ros-exercises/install/navigation2_dist' for CMake config files
[8.536s] Level 1:colcon.colcon_core.environment:checking '/home/r3k7/Nauka_ros/src/ros-exercises/install/navigation2_dist/lib'
[8.537s] Level 1:colcon.colcon_core.environment:checking '/home/r3k7/Nauka_ros/src/ros-exercises/install/navigation2_dist/bin'
[8.537s] Level 1:colcon.colcon_core.environment:checking '/home/r3k7/Nauka_ros/src/ros-exercises/install/navigation2_dist/lib/pkgconfig/navigation2_dist.pc'
[8.538s] Level 1:colcon.colcon_core.environment:checking '/home/r3k7/Nauka_ros/src/ros-exercises/install/navigation2_dist/lib/python3.10/site-packages'
[8.538s] Level 1:colcon.colcon_core.shell:create_environment_hook('navigation2_dist', 'pythonpath')
[8.575s] INFO:colcon.colcon_core.shell:Creating environment hook '/home/r3k7/Nauka_ros/src/ros-exercises/install/navigation2_dist/share/navigation2_dist/hook/pythonpath.ps1'
[8.577s] INFO:colcon.colcon_core.shell:Creating environment descriptor '/home/r3k7/Nauka_ros/src/ros-exercises/install/navigation2_dist/share/navigation2_dist/hook/pythonpath.dsv'
[8.578s] INFO:colcon.colcon_core.shell:Creating environment hook '/home/r3k7/Nauka_ros/src/ros-exercises/install/navigation2_dist/share/navigation2_dist/hook/pythonpath.sh'
[8.579s] Level 1:colcon.colcon_core.environment:checking '/home/r3k7/Nauka_ros/src/ros-exercises/install/navigation2_dist/bin'
[8.580s] Level 1:colcon.colcon_core.environment:create_environment_scripts_only(navigation2_dist)
[8.621s] INFO:colcon.colcon_core.shell:Creating package script '/home/r3k7/Nauka_ros/src/ros-exercises/install/navigation2_dist/share/navigation2_dist/package.ps1'
[8.624s] INFO:colcon.colcon_core.shell:Creating package descriptor '/home/r3k7/Nauka_ros/src/ros-exercises/install/navigation2_dist/share/navigation2_dist/package.dsv'
[8.625s] INFO:colcon.colcon_core.shell:Creating package script '/home/r3k7/Nauka_ros/src/ros-exercises/install/navigation2_dist/share/navigation2_dist/package.sh'
[8.626s] INFO:colcon.colcon_core.shell:Creating package script '/home/r3k7/Nauka_ros/src/ros-exercises/install/navigation2_dist/share/navigation2_dist/package.bash'
[8.627s] INFO:colcon.colcon_core.shell:Creating package script '/home/r3k7/Nauka_ros/src/ros-exercises/install/navigation2_dist/share/navigation2_dist/package.zsh'
[8.628s] Level 1:colcon.colcon_core.environment:create_file_with_runtime_dependencies(/home/r3k7/Nauka_ros/src/ros-exercises/install/navigation2_dist/share/colcon-core/packages/navigation2_dist)
[8.630s] DEBUG:colcon.colcon_parallel_executor.executor.parallel:closing loop
[8.631s] DEBUG:colcon.colcon_parallel_executor.executor.parallel:loop closed
[8.631s] DEBUG:colcon.colcon_parallel_executor.executor.parallel:run_until_complete finished with '0'
[8.631s] DEBUG:colcon.colcon_core.event_reactor:joining thread
[8.813s] INFO:colcon.colcon_core.plugin_system:Skipping extension 'colcon_notification.desktop_notification.notify_send': Could not find 'notify-send'
[8.813s] INFO:colcon.colcon_core.plugin_system:Skipping extension 'colcon_notification.desktop_notification.terminal_notifier': Not used on non-Darwin systems
[8.813s] INFO:colcon.colcon_core.plugin_system:Skipping extension 'colcon_notification.desktop_notification.win32': Not used on non-Windows systems
[8.813s] INFO:colcon.colcon_notification.desktop_notification:Sending desktop notification using 'notify2'
[8.814s] DEBUG:colcon.colcon_notification.desktop_notification.notify2:Failed to initialize notify2: org.freedesktop.DBus.Error.FileNotFound: Failed to connect to socket /run/user/1000/bus: No such file or directory
[8.814s] DEBUG:colcon.colcon_core.event_reactor:joined thread
[8.845s] INFO:colcon.colcon_core.shell:Creating prefix script '/home/r3k7/Nauka_ros/src/ros-exercises/install/local_setup.ps1'
[8.846s] INFO:colcon.colcon_core.shell:Creating prefix util module '/home/r3k7/Nauka_ros/src/ros-exercises/install/_local_setup_util_ps1.py'
[8.851s] INFO:colcon.colcon_core.shell:Creating prefix chain script '/home/r3k7/Nauka_ros/src/ros-exercises/install/setup.ps1'
[8.879s] INFO:colcon.colcon_core.shell:Creating prefix script '/home/r3k7/Nauka_ros/src/ros-exercises/install/local_setup.sh'
[8.881s] INFO:colcon.colcon_core.shell:Creating prefix util module '/home/r3k7/Nauka_ros/src/ros-exercises/install/_local_setup_util_sh.py'
[8.882s] INFO:colcon.colcon_core.shell:Creating prefix chain script '/home/r3k7/Nauka_ros/src/ros-exercises/install/setup.sh'
[8.919s] INFO:colcon.colcon_core.shell:Creating prefix script '/home/r3k7/Nauka_ros/src/ros-exercises/install/local_setup.bash'
[8.920s] INFO:colcon.colcon_core.shell:Creating prefix chain script '/home/r3k7/Nauka_ros/src/ros-exercises/install/setup.bash'
[8.942s] INFO:colcon.colcon_core.shell:Creating prefix script '/home/r3k7/Nauka_ros/src/ros-exercises/install/local_setup.zsh'
[8.944s] INFO:colcon.colcon_core.shell:Creating prefix chain script '/home/r3k7/Nauka_ros/src/ros-exercises/install/setup.zsh'
