[2.067s] DEBUG:colcon:Command line arguments: ['/usr/bin/colcon', 'build']
[2.068s] DEBUG:colcon:Parsed command line arguments: Namespace(log_base=None, log_level=None, verb_name='build', build_base='build', install_base='install', merge_install=False, symlink_install=False, test_result_base=None, continue_on_error=False, executor='parallel', parallel_workers=8, event_handlers=None, ignore_user_meta=False, metas=['./colcon.meta'], base_paths=['.'], packages_ignore=None, packages_ignore_regex=None, paths=None, packages_up_to=None, packages_up_to_regex=None, packages_above=None, packages_above_and_dependencies=None, packages_above_depth=None, packages_select_by_dep=None, packages_skip_by_dep=None, packages_skip_up_to=None, packages_select_build_failed=False, packages_skip_build_finished=False, packages_select_test_failures=False, packages_skip_test_passed=False, packages_select=None, packages_skip=None, packages_select_regex=None, packages_skip_regex=None, packages_start=None, packages_end=None, allow_overriding=[], cmake_args=None, cmake_target=None, cmake_target_skip_unavailable=False, cmake_clean_cache=False, cmake_clean_first=False, cmake_force_configure=False, ament_cmake_args=None, catkin_cmake_args=None, catkin_skip_building_tests=False, verb_parser=<colcon_defaults.argument_parser.defaults.DefaultArgumentsDecorator object at 0x7fe54f388460>, verb_extension=<colcon_core.verb.build.BuildVerb object at 0x7fe54f6cd750>, main=<bound method BuildVerb.main of <colcon_core.verb.build.BuildVerb object at 0x7fe54f6cd750>>)
[2.162s] Level 1:colcon.colcon_core.package_discovery:discover_packages(colcon_meta) check parameters
[2.162s] Level 1:colcon.colcon_core.package_discovery:discover_packages(recursive) check parameters
[2.162s] Level 1:colcon.colcon_core.package_discovery:discover_packages(ignore) check parameters
[2.162s] Level 1:colcon.colcon_core.package_discovery:discover_packages(path) check parameters
[2.162s] Level 1:colcon.colcon_core.package_discovery:discover_packages(colcon_meta) discover
[2.163s] Level 1:colcon.colcon_core.package_discovery:discover_packages(recursive) discover
[2.163s] INFO:colcon.colcon_core.package_discovery:Crawling recursively for packages in '/home/mrush/exercise/src/ros-exercises'
[2.163s] Level 1:colcon.colcon_core.package_identification:_identify(.) by extensions ['ignore', 'ignore_ament_install']
[2.163s] Level 1:colcon.colcon_core.package_identification:_identify(.) by extension 'ignore'
[2.163s] Level 1:colcon.colcon_core.package_identification:_identify(.) by extension 'ignore_ament_install'
[2.163s] Level 1:colcon.colcon_core.package_identification:_identify(.) by extensions ['colcon_pkg']
[2.163s] Level 1:colcon.colcon_core.package_identification:_identify(.) by extension 'colcon_pkg'
[2.163s] Level 1:colcon.colcon_core.package_identification:_identify(.) by extensions ['colcon_meta']
[2.164s] Level 1:colcon.colcon_core.package_identification:_identify(.) by extension 'colcon_meta'
[2.164s] Level 1:colcon.colcon_core.package_identification:_identify(.) by extensions ['ros']
[2.164s] Level 1:colcon.colcon_core.package_identification:_identify(.) by extension 'ros'
[2.191s] Level 1:colcon.colcon_core.package_identification:_identify(.) by extensions ['cmake', 'python']
[2.192s] Level 1:colcon.colcon_core.package_identification:_identify(.) by extension 'cmake'
[2.192s] Level 1:colcon.colcon_core.package_identification:_identify(.) by extension 'python'
[2.192s] Level 1:colcon.colcon_core.package_identification:_identify(.) by extensions ['python_setup_py']
[2.192s] Level 1:colcon.colcon_core.package_identification:_identify(.) by extension 'python_setup_py'
[2.192s] Level 1:colcon.colcon_core.package_identification:_identify(build) by extensions ['ignore', 'ignore_ament_install']
[2.193s] Level 1:colcon.colcon_core.package_identification:_identify(build) by extension 'ignore'
[2.193s] Level 1:colcon.colcon_core.package_identification:_identify(build) ignored
[2.193s] Level 1:colcon.colcon_core.package_identification:_identify(ex_solution) by extensions ['ignore', 'ignore_ament_install']
[2.193s] Level 1:colcon.colcon_core.package_identification:_identify(ex_solution) by extension 'ignore'
[2.193s] Level 1:colcon.colcon_core.package_identification:_identify(ex_solution) by extension 'ignore_ament_install'
[2.194s] Level 1:colcon.colcon_core.package_identification:_identify(ex_solution) by extensions ['colcon_pkg']
[2.194s] Level 1:colcon.colcon_core.package_identification:_identify(ex_solution) by extension 'colcon_pkg'
[2.194s] Level 1:colcon.colcon_core.package_identification:_identify(ex_solution) by extensions ['colcon_meta']
[2.194s] Level 1:colcon.colcon_core.package_identification:_identify(ex_solution) by extension 'colcon_meta'
[2.194s] Level 1:colcon.colcon_core.package_identification:_identify(ex_solution) by extensions ['ros']
[2.194s] Level 1:colcon.colcon_core.package_identification:_identify(ex_solution) by extension 'ros'
[2.198s] DEBUG:colcon.colcon_core.package_identification:Package 'ex_solution' with type 'ros.ament_cmake' and name 'ex_solution'
[2.199s] Level 1:colcon.colcon_core.package_identification:_identify(exercise) by extensions ['ignore', 'ignore_ament_install']
[2.199s] Level 1:colcon.colcon_core.package_identification:_identify(exercise) by extension 'ignore'
[2.199s] Level 1:colcon.colcon_core.package_identification:_identify(exercise) by extension 'ignore_ament_install'
[2.199s] Level 1:colcon.colcon_core.package_identification:_identify(exercise) by extensions ['colcon_pkg']
[2.199s] Level 1:colcon.colcon_core.package_identification:_identify(exercise) by extension 'colcon_pkg'
[2.199s] Level 1:colcon.colcon_core.package_identification:_identify(exercise) by extensions ['colcon_meta']
[2.199s] Level 1:colcon.colcon_core.package_identification:_identify(exercise) by extension 'colcon_meta'
[2.199s] Level 1:colcon.colcon_core.package_identification:_identify(exercise) by extensions ['ros']
[2.199s] Level 1:colcon.colcon_core.package_identification:_identify(exercise) by extension 'ros'
[2.201s] DEBUG:colcon.colcon_core.package_identification:Package 'exercise' with type 'ros.ament_cmake' and name 'exercise'
[2.201s] Level 1:colcon.colcon_core.package_identification:_identify(fibonacci_action) by extensions ['ignore', 'ignore_ament_install']
[2.201s] Level 1:colcon.colcon_core.package_identification:_identify(fibonacci_action) by extension 'ignore'
[2.202s] Level 1:colcon.colcon_core.package_identification:_identify(fibonacci_action) by extension 'ignore_ament_install'
[2.202s] Level 1:colcon.colcon_core.package_identification:_identify(fibonacci_action) by extensions ['colcon_pkg']
[2.202s] Level 1:colcon.colcon_core.package_identification:_identify(fibonacci_action) by extension 'colcon_pkg'
[2.202s] Level 1:colcon.colcon_core.package_identification:_identify(fibonacci_action) by extensions ['colcon_meta']
[2.202s] Level 1:colcon.colcon_core.package_identification:_identify(fibonacci_action) by extension 'colcon_meta'
[2.202s] Level 1:colcon.colcon_core.package_identification:_identify(fibonacci_action) by extensions ['ros']
[2.202s] Level 1:colcon.colcon_core.package_identification:_identify(fibonacci_action) by extension 'ros'
[2.210s] DEBUG:colcon.colcon_core.package_identification:Package 'fibonacci_action' with type 'ros.ament_cmake' and name 'fibonacci_action'
[2.210s] Level 1:colcon.colcon_core.package_identification:_identify(install) by extensions ['ignore', 'ignore_ament_install']
[2.211s] Level 1:colcon.colcon_core.package_identification:_identify(install) by extension 'ignore'
[2.211s] Level 1:colcon.colcon_core.package_identification:_identify(install) ignored
[2.212s] Level 1:colcon.colcon_core.package_identification:_identify(log) by extensions ['ignore', 'ignore_ament_install']
[2.212s] Level 1:colcon.colcon_core.package_identification:_identify(log) by extension 'ignore'
[2.212s] Level 1:colcon.colcon_core.package_identification:_identify(log) ignored
[2.212s] Level 1:colcon.colcon_core.package_identification:_identify(navigation2_planners) by extensions ['ignore', 'ignore_ament_install']
[2.212s] Level 1:colcon.colcon_core.package_identification:_identify(navigation2_planners) by extension 'ignore'
[2.212s] Level 1:colcon.colcon_core.package_identification:_identify(navigation2_planners) by extension 'ignore_ament_install'
[2.212s] Level 1:colcon.colcon_core.package_identification:_identify(navigation2_planners) by extensions ['colcon_pkg']
[2.212s] Level 1:colcon.colcon_core.package_identification:_identify(navigation2_planners) by extension 'colcon_pkg'
[2.213s] Level 1:colcon.colcon_core.package_identification:_identify(navigation2_planners) by extensions ['colcon_meta']
[2.213s] Level 1:colcon.colcon_core.package_identification:_identify(navigation2_planners) by extension 'colcon_meta'
[2.213s] Level 1:colcon.colcon_core.package_identification:_identify(navigation2_planners) by extensions ['ros']
[2.213s] Level 1:colcon.colcon_core.package_identification:_identify(navigation2_planners) by extension 'ros'
[2.213s] Level 1:colcon.colcon_core.package_identification:_identify(navigation2_planners) by extensions ['cmake', 'python']
[2.213s] Level 1:colcon.colcon_core.package_identification:_identify(navigation2_planners) by extension 'cmake'
[2.213s] Level 1:colcon.colcon_core.package_identification:_identify(navigation2_planners) by extension 'python'
[2.213s] Level 1:colcon.colcon_core.package_identification:_identify(navigation2_planners) by extensions ['python_setup_py']
[2.213s] Level 1:colcon.colcon_core.package_identification:_identify(navigation2_planners) by extension 'python_setup_py'
[2.213s] Level 1:colcon.colcon_core.package_identification:_identify(navigation2_planners/navigation2_dist) by extensions ['ignore', 'ignore_ament_install']
[2.214s] Level 1:colcon.colcon_core.package_identification:_identify(navigation2_planners/navigation2_dist) by extension 'ignore'
[2.214s] Level 1:colcon.colcon_core.package_identification:_identify(navigation2_planners/navigation2_dist) by extension 'ignore_ament_install'
[2.214s] Level 1:colcon.colcon_core.package_identification:_identify(navigation2_planners/navigation2_dist) by extensions ['colcon_pkg']
[2.214s] Level 1:colcon.colcon_core.package_identification:_identify(navigation2_planners/navigation2_dist) by extension 'colcon_pkg'
[2.214s] Level 1:colcon.colcon_core.package_identification:_identify(navigation2_planners/navigation2_dist) by extensions ['colcon_meta']
[2.214s] Level 1:colcon.colcon_core.package_identification:_identify(navigation2_planners/navigation2_dist) by extension 'colcon_meta'
[2.214s] Level 1:colcon.colcon_core.package_identification:_identify(navigation2_planners/navigation2_dist) by extensions ['ros']
[2.215s] Level 1:colcon.colcon_core.package_identification:_identify(navigation2_planners/navigation2_dist) by extension 'ros'
[2.216s] DEBUG:colcon.colcon_core.package_identification:Package 'navigation2_planners/navigation2_dist' with type 'ros.ament_python' and name 'navigation2_dist'
[2.216s] Level 1:colcon.colcon_core.package_identification:_identify(navigation2_planners/navigation2_turtlebot) by extensions ['ignore', 'ignore_ament_install']
[2.216s] Level 1:colcon.colcon_core.package_identification:_identify(navigation2_planners/navigation2_turtlebot) by extension 'ignore'
[2.216s] Level 1:colcon.colcon_core.package_identification:_identify(navigation2_planners/navigation2_turtlebot) by extension 'ignore_ament_install'
[2.217s] Level 1:colcon.colcon_core.package_identification:_identify(navigation2_planners/navigation2_turtlebot) by extensions ['colcon_pkg']
[2.217s] Level 1:colcon.colcon_core.package_identification:_identify(navigation2_planners/navigation2_turtlebot) by extension 'colcon_pkg'
[2.217s] Level 1:colcon.colcon_core.package_identification:_identify(navigation2_planners/navigation2_turtlebot) by extensions ['colcon_meta']
[2.217s] Level 1:colcon.colcon_core.package_identification:_identify(navigation2_planners/navigation2_turtlebot) by extension 'colcon_meta'
[2.217s] Level 1:colcon.colcon_core.package_identification:_identify(navigation2_planners/navigation2_turtlebot) by extensions ['ros']
[2.217s] Level 1:colcon.colcon_core.package_identification:_identify(navigation2_planners/navigation2_turtlebot) by extension 'ros'
[2.219s] DEBUG:colcon.colcon_core.package_identification:Package 'navigation2_planners/navigation2_turtlebot' with type 'ros.ament_cmake' and name 'navigation2_turtle'
[2.220s] Level 1:colcon.colcon_core.package_identification:_identify(pub_sub) by extensions ['ignore', 'ignore_ament_install']
[2.221s] Level 1:colcon.colcon_core.package_identification:_identify(pub_sub) by extension 'ignore'
[2.221s] Level 1:colcon.colcon_core.package_identification:_identify(pub_sub) by extension 'ignore_ament_install'
[2.221s] Level 1:colcon.colcon_core.package_identification:_identify(pub_sub) by extensions ['colcon_pkg']
[2.222s] Level 1:colcon.colcon_core.package_identification:_identify(pub_sub) by extension 'colcon_pkg'
[2.222s] Level 1:colcon.colcon_core.package_identification:_identify(pub_sub) by extensions ['colcon_meta']
[2.222s] Level 1:colcon.colcon_core.package_identification:_identify(pub_sub) by extension 'colcon_meta'
[2.222s] Level 1:colcon.colcon_core.package_identification:_identify(pub_sub) by extensions ['ros']
[2.222s] Level 1:colcon.colcon_core.package_identification:_identify(pub_sub) by extension 'ros'
[2.223s] DEBUG:colcon.colcon_core.package_identification:Package 'pub_sub' with type 'ros.ament_cmake' and name 'pub_sub'
[2.223s] Level 1:colcon.colcon_core.package_discovery:discover_packages(recursive) using defaults
[2.223s] Level 1:colcon.colcon_core.package_discovery:discover_packages(ignore) discover
[2.223s] Level 1:colcon.colcon_core.package_discovery:discover_packages(ignore) using defaults
[2.223s] Level 1:colcon.colcon_core.package_discovery:discover_packages(path) discover
[2.223s] Level 1:colcon.colcon_core.package_discovery:discover_packages(path) using defaults
[2.397s] Level 1:colcon.colcon_core.package_discovery:discover_packages(prefix_path) check parameters
[2.397s] Level 1:colcon.colcon_core.package_discovery:discover_packages(prefix_path) discover
[2.455s] DEBUG:colcon.colcon_installed_package_information.package_discovery:Found 6 installed packages in /home/mrush/exercise/src/ros-exercises/install
[2.487s] DEBUG:colcon.colcon_installed_package_information.package_discovery:Found 329 installed packages in /opt/ros/humble
[2.490s] Level 1:colcon.colcon_core.package_discovery:discover_packages(prefix_path) using defaults
[2.723s] Level 5:colcon.colcon_core.verb:set package 'ex_solution' build argument 'cmake_args' from command line to 'None'
[2.725s] Level 5:colcon.colcon_core.verb:set package 'ex_solution' build argument 'cmake_target' from command line to 'None'
[2.725s] Level 5:colcon.colcon_core.verb:set package 'ex_solution' build argument 'cmake_target_skip_unavailable' from command line to 'False'
[2.725s] Level 5:colcon.colcon_core.verb:set package 'ex_solution' build argument 'cmake_clean_cache' from command line to 'False'
[2.725s] Level 5:colcon.colcon_core.verb:set package 'ex_solution' build argument 'cmake_clean_first' from command line to 'False'
[2.725s] Level 5:colcon.colcon_core.verb:set package 'ex_solution' build argument 'cmake_force_configure' from command line to 'False'
[2.726s] Level 5:colcon.colcon_core.verb:set package 'ex_solution' build argument 'ament_cmake_args' from command line to 'None'
[2.726s] Level 5:colcon.colcon_core.verb:set package 'ex_solution' build argument 'catkin_cmake_args' from command line to 'None'
[2.726s] Level 5:colcon.colcon_core.verb:set package 'ex_solution' build argument 'catkin_skip_building_tests' from command line to 'False'
[2.726s] DEBUG:colcon.colcon_core.verb:Building package 'ex_solution' with the following arguments: {'ament_cmake_args': None, 'build_base': '/home/mrush/exercise/src/ros-exercises/build/ex_solution', 'catkin_cmake_args': None, 'catkin_skip_building_tests': False, 'cmake_args': None, 'cmake_clean_cache': False, 'cmake_clean_first': False, 'cmake_force_configure': False, 'cmake_target': None, 'cmake_target_skip_unavailable': False, 'install_base': '/home/mrush/exercise/src/ros-exercises/install/ex_solution', 'merge_install': False, 'path': '/home/mrush/exercise/src/ros-exercises/ex_solution', 'symlink_install': False, 'test_result_base': None}
[2.769s] Level 5:colcon.colcon_core.verb:set package 'exercise' build argument 'cmake_args' from command line to 'None'
[2.769s] Level 5:colcon.colcon_core.verb:set package 'exercise' build argument 'cmake_target' from command line to 'None'
[2.769s] Level 5:colcon.colcon_core.verb:set package 'exercise' build argument 'cmake_target_skip_unavailable' from command line to 'False'
[2.769s] Level 5:colcon.colcon_core.verb:set package 'exercise' build argument 'cmake_clean_cache' from command line to 'False'
[2.769s] Level 5:colcon.colcon_core.verb:set package 'exercise' build argument 'cmake_clean_first' from command line to 'False'
[2.769s] Level 5:colcon.colcon_core.verb:set package 'exercise' build argument 'cmake_force_configure' from command line to 'False'
[2.769s] Level 5:colcon.colcon_core.verb:set package 'exercise' build argument 'ament_cmake_args' from command line to 'None'
[2.769s] Level 5:colcon.colcon_core.verb:set package 'exercise' build argument 'catkin_cmake_args' from command line to 'None'
[2.770s] Level 5:colcon.colcon_core.verb:set package 'exercise' build argument 'catkin_skip_building_tests' from command line to 'False'
[2.770s] DEBUG:colcon.colcon_core.verb:Building package 'exercise' with the following arguments: {'ament_cmake_args': None, 'build_base': '/home/mrush/exercise/src/ros-exercises/build/exercise', 'catkin_cmake_args': None, 'catkin_skip_building_tests': False, 'cmake_args': None, 'cmake_clean_cache': False, 'cmake_clean_first': False, 'cmake_force_configure': False, 'cmake_target': None, 'cmake_target_skip_unavailable': False, 'install_base': '/home/mrush/exercise/src/ros-exercises/install/exercise', 'merge_install': False, 'path': '/home/mrush/exercise/src/ros-exercises/exercise', 'symlink_install': False, 'test_result_base': None}
[2.810s] Level 5:colcon.colcon_core.verb:set package 'fibonacci_action' build argument 'cmake_args' from command line to 'None'
[2.811s] Level 5:colcon.colcon_core.verb:set package 'fibonacci_action' build argument 'cmake_target' from command line to 'None'
[2.811s] Level 5:colcon.colcon_core.verb:set package 'fibonacci_action' build argument 'cmake_target_skip_unavailable' from command line to 'False'
[2.811s] Level 5:colcon.colcon_core.verb:set package 'fibonacci_action' build argument 'cmake_clean_cache' from command line to 'False'
[2.811s] Level 5:colcon.colcon_core.verb:set package 'fibonacci_action' build argument 'cmake_clean_first' from command line to 'False'
[2.811s] Level 5:colcon.colcon_core.verb:set package 'fibonacci_action' build argument 'cmake_force_configure' from command line to 'False'
[2.811s] Level 5:colcon.colcon_core.verb:set package 'fibonacci_action' build argument 'ament_cmake_args' from command line to 'None'
[2.811s] Level 5:colcon.colcon_core.verb:set package 'fibonacci_action' build argument 'catkin_cmake_args' from command line to 'None'
[2.811s] Level 5:colcon.colcon_core.verb:set package 'fibonacci_action' build argument 'catkin_skip_building_tests' from command line to 'False'
[2.812s] DEBUG:colcon.colcon_core.verb:Building package 'fibonacci_action' with the following arguments: {'ament_cmake_args': None, 'build_base': '/home/mrush/exercise/src/ros-exercises/build/fibonacci_action', 'catkin_cmake_args': None, 'catkin_skip_building_tests': False, 'cmake_args': None, 'cmake_clean_cache': False, 'cmake_clean_first': False, 'cmake_force_configure': False, 'cmake_target': None, 'cmake_target_skip_unavailable': False, 'install_base': '/home/mrush/exercise/src/ros-exercises/install/fibonacci_action', 'merge_install': False, 'path': '/home/mrush/exercise/src/ros-exercises/fibonacci_action', 'symlink_install': False, 'test_result_base': None}
[2.863s] Level 5:colcon.colcon_core.verb:set package 'navigation2_dist' build argument 'cmake_args' from command line to 'None'
[2.864s] Level 5:colcon.colcon_core.verb:set package 'navigation2_dist' build argument 'cmake_target' from command line to 'None'
[2.865s] Level 5:colcon.colcon_core.verb:set package 'navigation2_dist' build argument 'cmake_target_skip_unavailable' from command line to 'False'
[2.865s] Level 5:colcon.colcon_core.verb:set package 'navigation2_dist' build argument 'cmake_clean_cache' from command line to 'False'
[2.865s] Level 5:colcon.colcon_core.verb:set package 'navigation2_dist' build argument 'cmake_clean_first' from command line to 'False'
[2.865s] Level 5:colcon.colcon_core.verb:set package 'navigation2_dist' build argument 'cmake_force_configure' from command line to 'False'
[2.865s] Level 5:colcon.colcon_core.verb:set package 'navigation2_dist' build argument 'ament_cmake_args' from command line to 'None'
[2.865s] Level 5:colcon.colcon_core.verb:set package 'navigation2_dist' build argument 'catkin_cmake_args' from command line to 'None'
[2.865s] Level 5:colcon.colcon_core.verb:set package 'navigation2_dist' build argument 'catkin_skip_building_tests' from command line to 'False'
[2.865s] DEBUG:colcon.colcon_core.verb:Building package 'navigation2_dist' with the following arguments: {'ament_cmake_args': None, 'build_base': '/home/mrush/exercise/src/ros-exercises/build/navigation2_dist', 'catkin_cmake_args': None, 'catkin_skip_building_tests': False, 'cmake_args': None, 'cmake_clean_cache': False, 'cmake_clean_first': False, 'cmake_force_configure': False, 'cmake_target': None, 'cmake_target_skip_unavailable': False, 'install_base': '/home/mrush/exercise/src/ros-exercises/install/navigation2_dist', 'merge_install': False, 'path': '/home/mrush/exercise/src/ros-exercises/navigation2_planners/navigation2_dist', 'symlink_install': False, 'test_result_base': None}
[2.899s] Level 5:colcon.colcon_core.verb:set package 'navigation2_turtle' build argument 'cmake_args' from command line to 'None'
[2.899s] Level 5:colcon.colcon_core.verb:set package 'navigation2_turtle' build argument 'cmake_target' from command line to 'None'
[2.899s] Level 5:colcon.colcon_core.verb:set package 'navigation2_turtle' build argument 'cmake_target_skip_unavailable' from command line to 'False'
[2.899s] Level 5:colcon.colcon_core.verb:set package 'navigation2_turtle' build argument 'cmake_clean_cache' from command line to 'False'
[2.899s] Level 5:colcon.colcon_core.verb:set package 'navigation2_turtle' build argument 'cmake_clean_first' from command line to 'False'
[2.899s] Level 5:colcon.colcon_core.verb:set package 'navigation2_turtle' build argument 'cmake_force_configure' from command line to 'False'
[2.899s] Level 5:colcon.colcon_core.verb:set package 'navigation2_turtle' build argument 'ament_cmake_args' from command line to 'None'
[2.899s] Level 5:colcon.colcon_core.verb:set package 'navigation2_turtle' build argument 'catkin_cmake_args' from command line to 'None'
[2.899s] Level 5:colcon.colcon_core.verb:set package 'navigation2_turtle' build argument 'catkin_skip_building_tests' from command line to 'False'
[2.899s] DEBUG:colcon.colcon_core.verb:Building package 'navigation2_turtle' with the following arguments: {'ament_cmake_args': None, 'build_base': '/home/mrush/exercise/src/ros-exercises/build/navigation2_turtle', 'catkin_cmake_args': None, 'catkin_skip_building_tests': False, 'cmake_args': None, 'cmake_clean_cache': False, 'cmake_clean_first': False, 'cmake_force_configure': False, 'cmake_target': None, 'cmake_target_skip_unavailable': False, 'install_base': '/home/mrush/exercise/src/ros-exercises/install/navigation2_turtle', 'merge_install': False, 'path': '/home/mrush/exercise/src/ros-exercises/navigation2_planners/navigation2_turtlebot', 'symlink_install': False, 'test_result_base': None}
[2.930s] Level 5:colcon.colcon_core.verb:set package 'pub_sub' build argument 'cmake_args' from command line to 'None'
[2.930s] Level 5:colcon.colcon_core.verb:set package 'pub_sub' build argument 'cmake_target' from command line to 'None'
[2.930s] Level 5:colcon.colcon_core.verb:set package 'pub_sub' build argument 'cmake_target_skip_unavailable' from command line to 'False'
[2.930s] Level 5:colcon.colcon_core.verb:set package 'pub_sub' build argument 'cmake_clean_cache' from command line to 'False'
[2.930s] Level 5:colcon.colcon_core.verb:set package 'pub_sub' build argument 'cmake_clean_first' from command line to 'False'
[2.930s] Level 5:colcon.colcon_core.verb:set package 'pub_sub' build argument 'cmake_force_configure' from command line to 'False'
[2.931s] Level 5:colcon.colcon_core.verb:set package 'pub_sub' build argument 'ament_cmake_args' from command line to 'None'
[2.931s] Level 5:colcon.colcon_core.verb:set package 'pub_sub' build argument 'catkin_cmake_args' from command line to 'None'
[2.931s] Level 5:colcon.colcon_core.verb:set package 'pub_sub' build argument 'catkin_skip_building_tests' from command line to 'False'
[2.931s] DEBUG:colcon.colcon_core.verb:Building package 'pub_sub' with the following arguments: {'ament_cmake_args': None, 'build_base': '/home/mrush/exercise/src/ros-exercises/build/pub_sub', 'catkin_cmake_args': None, 'catkin_skip_building_tests': False, 'cmake_args': None, 'cmake_clean_cache': False, 'cmake_clean_first': False, 'cmake_force_configure': False, 'cmake_target': None, 'cmake_target_skip_unavailable': False, 'install_base': '/home/mrush/exercise/src/ros-exercises/install/pub_sub', 'merge_install': False, 'path': '/home/mrush/exercise/src/ros-exercises/pub_sub', 'symlink_install': False, 'test_result_base': None}
[2.967s] INFO:colcon.colcon_core.executor:Executing jobs using 'parallel' executor
[3.000s] DEBUG:colcon.colcon_parallel_executor.executor.parallel:run_until_complete
[3.000s] INFO:colcon.colcon_ros.task.ament_cmake.build:Building ROS package in '/home/mrush/exercise/src/ros-exercises/ex_solution' with build type 'ament_cmake'
[3.001s] INFO:colcon.colcon_cmake.task.cmake.build:Building CMake package in '/home/mrush/exercise/src/ros-exercises/ex_solution'
[3.049s] INFO:colcon.colcon_core.plugin_system:Skipping extension 'colcon_core.shell.bat': Not used on non-Windows systems
[3.049s] INFO:colcon.colcon_core.shell:Skip shell extension 'powershell' for command environment: Not usable outside of PowerShell
[3.049s] DEBUG:colcon.colcon_core.shell:Skip shell extension 'dsv' for command environment
[3.165s] INFO:colcon.colcon_ros.task.ament_cmake.build:Building ROS package in '/home/mrush/exercise/src/ros-exercises/exercise' with build type 'ament_cmake'
[3.165s] INFO:colcon.colcon_cmake.task.cmake.build:Building CMake package in '/home/mrush/exercise/src/ros-exercises/exercise'
[3.199s] INFO:colcon.colcon_core.shell:Skip shell extension 'powershell' for command environment: Not usable outside of PowerShell
[3.200s] DEBUG:colcon.colcon_core.shell:Skip shell extension 'dsv' for command environment
[3.353s] INFO:colcon.colcon_ros.task.ament_cmake.build:Building ROS package in '/home/mrush/exercise/src/ros-exercises/fibonacci_action' with build type 'ament_cmake'
[3.358s] INFO:colcon.colcon_cmake.task.cmake.build:Building CMake package in '/home/mrush/exercise/src/ros-exercises/fibonacci_action'
[3.394s] INFO:colcon.colcon_core.shell:Skip shell extension 'powershell' for command environment: Not usable outside of PowerShell
[3.394s] DEBUG:colcon.colcon_core.shell:Skip shell extension 'dsv' for command environment
[3.508s] INFO:colcon.colcon_ros.task.ament_python.build:Building ROS package in '/home/mrush/exercise/src/ros-exercises/navigation2_planners/navigation2_dist' with build type 'ament_python'
[3.508s] Level 1:colcon.colcon_core.shell:create_environment_hook('navigation2_dist', 'ament_prefix_path')
[3.550s] INFO:colcon.colcon_core.shell:Creating environment hook '/home/mrush/exercise/src/ros-exercises/install/navigation2_dist/share/navigation2_dist/hook/ament_prefix_path.ps1'
[3.552s] INFO:colcon.colcon_core.shell:Creating environment descriptor '/home/mrush/exercise/src/ros-exercises/install/navigation2_dist/share/navigation2_dist/hook/ament_prefix_path.dsv'
[3.553s] INFO:colcon.colcon_core.shell:Creating environment hook '/home/mrush/exercise/src/ros-exercises/install/navigation2_dist/share/navigation2_dist/hook/ament_prefix_path.sh'
[3.580s] INFO:colcon.colcon_core.shell:Skip shell extension 'powershell' for command environment: Not usable outside of PowerShell
[3.580s] DEBUG:colcon.colcon_core.shell:Skip shell extension 'dsv' for command environment
[3.690s] INFO:colcon.colcon_ros.task.ament_cmake.build:Building ROS package in '/home/mrush/exercise/src/ros-exercises/navigation2_planners/navigation2_turtlebot' with build type 'ament_cmake'
[3.691s] INFO:colcon.colcon_cmake.task.cmake.build:Building CMake package in '/home/mrush/exercise/src/ros-exercises/navigation2_planners/navigation2_turtlebot'
[3.735s] INFO:colcon.colcon_core.shell:Skip shell extension 'powershell' for command environment: Not usable outside of PowerShell
[3.736s] DEBUG:colcon.colcon_core.shell:Skip shell extension 'dsv' for command environment
[3.860s] INFO:colcon.colcon_ros.task.ament_cmake.build:Building ROS package in '/home/mrush/exercise/src/ros-exercises/pub_sub' with build type 'ament_cmake'
[3.861s] INFO:colcon.colcon_cmake.task.cmake.build:Building CMake package in '/home/mrush/exercise/src/ros-exercises/pub_sub'
[3.895s] INFO:colcon.colcon_core.shell:Skip shell extension 'powershell' for command environment: Not usable outside of PowerShell
[3.896s] DEBUG:colcon.colcon_core.shell:Skip shell extension 'dsv' for command environment
[4.032s] DEBUG:colcon.colcon_core.event_handler.log_command:Invoking command in '/home/mrush/exercise/src/ros-exercises/build/ex_solution': CMAKE_PREFIX_PATH=${CMAKE_PREFIX_PATH}:/home/mrush/exercise/src/ros-exercises/install/navigation2_dist:/opt/ros/humble WSLENV=ELECTRON_RUN_AS_NODE/w: /usr/bin/cmake --build /home/mrush/exercise/src/ros-exercises/build/ex_solution -- -j8 -l8
[4.055s] DEBUG:colcon.colcon_core.event_handler.log_command:Invoking command in '/home/mrush/exercise/src/ros-exercises/build/exercise': CMAKE_PREFIX_PATH=${CMAKE_PREFIX_PATH}:/home/mrush/exercise/src/ros-exercises/install/navigation2_dist:/opt/ros/humble WSLENV=ELECTRON_RUN_AS_NODE/w: /usr/bin/cmake --build /home/mrush/exercise/src/ros-exercises/build/exercise -- -j8 -l8
[4.056s] DEBUG:colcon.colcon_core.event_handler.log_command:Invoking command in '/home/mrush/exercise/src/ros-exercises/build/fibonacci_action': CMAKE_PREFIX_PATH=${CMAKE_PREFIX_PATH}:/home/mrush/exercise/src/ros-exercises/install/navigation2_dist:/opt/ros/humble WSLENV=ELECTRON_RUN_AS_NODE/w: /usr/bin/cmake --build /home/mrush/exercise/src/ros-exercises/build/fibonacci_action -- -j8 -l8
[4.830s] INFO:colcon.colcon_core.task.python.build:Building Python package in '/home/mrush/exercise/src/ros-exercises/navigation2_planners/navigation2_dist'
[4.865s] INFO:colcon.colcon_core.shell:Skip shell extension 'powershell' for command environment: Not usable outside of PowerShell
[4.865s] DEBUG:colcon.colcon_core.shell:Skip shell extension 'dsv' for command environment
[5.031s] DEBUG:colcon.colcon_core.event_handler.log_command:Invoking command in '/home/mrush/exercise/src/ros-exercises/build/navigation2_turtle': CMAKE_PREFIX_PATH=${CMAKE_PREFIX_PATH}:/home/mrush/exercise/src/ros-exercises/install/navigation2_dist:/opt/ros/humble WSLENV=ELECTRON_RUN_AS_NODE/w: /usr/bin/cmake --build /home/mrush/exercise/src/ros-exercises/build/navigation2_turtle -- -j8 -l8
[5.033s] DEBUG:colcon.colcon_core.event_handler.log_command:Invoking command in '/home/mrush/exercise/src/ros-exercises/build/pub_sub': CMAKE_PREFIX_PATH=${CMAKE_PREFIX_PATH}:/home/mrush/exercise/src/ros-exercises/install/navigation2_dist:/opt/ros/humble WSLENV=ELECTRON_RUN_AS_NODE/w: /usr/bin/cmake --build /home/mrush/exercise/src/ros-exercises/build/pub_sub -- -j8 -l8
[5.092s] DEBUG:colcon.colcon_core.event_handler.log_command:Invoked command in '/home/mrush/exercise/src/ros-exercises/build/exercise' returned '0': CMAKE_PREFIX_PATH=${CMAKE_PREFIX_PATH}:/home/mrush/exercise/src/ros-exercises/install/navigation2_dist:/opt/ros/humble WSLENV=ELECTRON_RUN_AS_NODE/w: /usr/bin/cmake --build /home/mrush/exercise/src/ros-exercises/build/exercise -- -j8 -l8
[5.093s] DEBUG:colcon.colcon_core.event_handler.log_command:Invoked command in '/home/mrush/exercise/src/ros-exercises/build/ex_solution' returned '0': CMAKE_PREFIX_PATH=${CMAKE_PREFIX_PATH}:/home/mrush/exercise/src/ros-exercises/install/navigation2_dist:/opt/ros/humble WSLENV=ELECTRON_RUN_AS_NODE/w: /usr/bin/cmake --build /home/mrush/exercise/src/ros-exercises/build/ex_solution -- -j8 -l8
[5.119s] DEBUG:colcon.colcon_core.event_handler.log_command:Invoked command in '/home/mrush/exercise/src/ros-exercises/build/fibonacci_action' returned '0': CMAKE_PREFIX_PATH=${CMAKE_PREFIX_PATH}:/home/mrush/exercise/src/ros-exercises/install/navigation2_dist:/opt/ros/humble WSLENV=ELECTRON_RUN_AS_NODE/w: /usr/bin/cmake --build /home/mrush/exercise/src/ros-exercises/build/fibonacci_action -- -j8 -l8
[5.193s] DEBUG:colcon.colcon_core.event_handler.log_command:Invoking command in '/home/mrush/exercise/src/ros-exercises/build/exercise': CMAKE_PREFIX_PATH=${CMAKE_PREFIX_PATH}:/home/mrush/exercise/src/ros-exercises/install/navigation2_dist:/opt/ros/humble WSLENV=ELECTRON_RUN_AS_NODE/w: /usr/bin/cmake --install /home/mrush/exercise/src/ros-exercises/build/exercise
[5.211s] DEBUG:colcon.colcon_core.event_handler.log_command:Invoked command in '/home/mrush/exercise/src/ros-exercises/build/navigation2_turtle' returned '0': CMAKE_PREFIX_PATH=${CMAKE_PREFIX_PATH}:/home/mrush/exercise/src/ros-exercises/install/navigation2_dist:/opt/ros/humble WSLENV=ELECTRON_RUN_AS_NODE/w: /usr/bin/cmake --build /home/mrush/exercise/src/ros-exercises/build/navigation2_turtle -- -j8 -l8
[5.228s] DEBUG:colcon.colcon_core.event_handler.log_command:Invoked command in '/home/mrush/exercise/src/ros-exercises/build/pub_sub' returned '0': CMAKE_PREFIX_PATH=${CMAKE_PREFIX_PATH}:/home/mrush/exercise/src/ros-exercises/install/navigation2_dist:/opt/ros/humble WSLENV=ELECTRON_RUN_AS_NODE/w: /usr/bin/cmake --build /home/mrush/exercise/src/ros-exercises/build/pub_sub -- -j8 -l8
[5.239s] Level 1:colcon.colcon_core.environment:create_environment_scripts_only(exercise)
[5.243s] DEBUG:colcon.colcon_core.event_handler.log_command:Invoked command in '/home/mrush/exercise/src/ros-exercises/build/exercise' returned '0': CMAKE_PREFIX_PATH=${CMAKE_PREFIX_PATH}:/home/mrush/exercise/src/ros-exercises/install/navigation2_dist:/opt/ros/humble WSLENV=ELECTRON_RUN_AS_NODE/w: /usr/bin/cmake --install /home/mrush/exercise/src/ros-exercises/build/exercise
[5.293s] Level 1:colcon.colcon_core.environment:checking '/home/mrush/exercise/src/ros-exercises/install/exercise' for CMake module files
[5.294s] Level 1:colcon.colcon_core.environment:checking '/home/mrush/exercise/src/ros-exercises/install/exercise' for CMake config files
[5.294s] Level 1:colcon.colcon_core.shell:create_environment_hook('exercise', 'cmake_prefix_path')
[5.328s] INFO:colcon.colcon_core.shell:Creating environment hook '/home/mrush/exercise/src/ros-exercises/install/exercise/share/exercise/hook/cmake_prefix_path.ps1'
[5.329s] INFO:colcon.colcon_core.shell:Creating environment descriptor '/home/mrush/exercise/src/ros-exercises/install/exercise/share/exercise/hook/cmake_prefix_path.dsv'
[5.330s] INFO:colcon.colcon_core.shell:Creating environment hook '/home/mrush/exercise/src/ros-exercises/install/exercise/share/exercise/hook/cmake_prefix_path.sh'
[5.331s] Level 1:colcon.colcon_core.environment:checking '/home/mrush/exercise/src/ros-exercises/install/exercise/bin'
[5.331s] Level 1:colcon.colcon_core.environment:checking '/home/mrush/exercise/src/ros-exercises/install/exercise/lib/pkgconfig/exercise.pc'
[5.332s] Level 1:colcon.colcon_core.environment:checking '/home/mrush/exercise/src/ros-exercises/install/exercise/lib/python3.10/site-packages'
[5.332s] Level 1:colcon.colcon_core.environment:checking '/home/mrush/exercise/src/ros-exercises/install/exercise/bin'
[5.375s] INFO:colcon.colcon_core.shell:Creating package script '/home/mrush/exercise/src/ros-exercises/install/exercise/share/exercise/package.ps1'
[5.377s] INFO:colcon.colcon_core.shell:Creating package descriptor '/home/mrush/exercise/src/ros-exercises/install/exercise/share/exercise/package.dsv'
[5.379s] INFO:colcon.colcon_core.shell:Creating package script '/home/mrush/exercise/src/ros-exercises/install/exercise/share/exercise/package.sh'
[5.383s] INFO:colcon.colcon_core.shell:Creating package script '/home/mrush/exercise/src/ros-exercises/install/exercise/share/exercise/package.bash'
[5.386s] INFO:colcon.colcon_core.shell:Creating package script '/home/mrush/exercise/src/ros-exercises/install/exercise/share/exercise/package.zsh'
[5.391s] Level 1:colcon.colcon_core.environment:create_file_with_runtime_dependencies(/home/mrush/exercise/src/ros-exercises/install/exercise/share/colcon-core/packages/exercise)
[5.396s] DEBUG:colcon.colcon_core.event_handler.log_command:Invoking command in '/home/mrush/exercise/src/ros-exercises/build/navigation2_turtle': CMAKE_PREFIX_PATH=${CMAKE_PREFIX_PATH}:/home/mrush/exercise/src/ros-exercises/install/navigation2_dist:/opt/ros/humble WSLENV=ELECTRON_RUN_AS_NODE/w: /usr/bin/cmake --install /home/mrush/exercise/src/ros-exercises/build/navigation2_turtle
[5.418s] DEBUG:colcon.colcon_core.event_handler.log_command:Invoking command in '/home/mrush/exercise/src/ros-exercises/build/fibonacci_action': CMAKE_PREFIX_PATH=${CMAKE_PREFIX_PATH}:/home/mrush/exercise/src/ros-exercises/install/navigation2_dist:/opt/ros/humble WSLENV=ELECTRON_RUN_AS_NODE/w: /usr/bin/cmake --install /home/mrush/exercise/src/ros-exercises/build/fibonacci_action
[5.439s] DEBUG:colcon.colcon_core.event_handler.log_command:Invoking command in '/home/mrush/exercise/src/ros-exercises/build/ex_solution': CMAKE_PREFIX_PATH=${CMAKE_PREFIX_PATH}:/home/mrush/exercise/src/ros-exercises/install/navigation2_dist:/opt/ros/humble WSLENV=ELECTRON_RUN_AS_NODE/w: /usr/bin/cmake --install /home/mrush/exercise/src/ros-exercises/build/ex_solution
[5.458s] DEBUG:colcon.colcon_core.event_handler.log_command:Invoking command in '/home/mrush/exercise/src/ros-exercises/build/pub_sub': CMAKE_PREFIX_PATH=${CMAKE_PREFIX_PATH}:/home/mrush/exercise/src/ros-exercises/install/navigation2_dist:/opt/ros/humble WSLENV=ELECTRON_RUN_AS_NODE/w: /usr/bin/cmake --install /home/mrush/exercise/src/ros-exercises/build/pub_sub
[5.477s] Level 1:colcon.colcon_core.environment:create_environment_scripts_only(navigation2_turtle)
[5.523s] DEBUG:colcon.colcon_core.event_handler.log_command:Invoked command in '/home/mrush/exercise/src/ros-exercises/build/navigation2_turtle' returned '0': CMAKE_PREFIX_PATH=${CMAKE_PREFIX_PATH}:/home/mrush/exercise/src/ros-exercises/install/navigation2_dist:/opt/ros/humble WSLENV=ELECTRON_RUN_AS_NODE/w: /usr/bin/cmake --install /home/mrush/exercise/src/ros-exercises/build/navigation2_turtle
[5.532s] Level 1:colcon.colcon_core.environment:checking '/home/mrush/exercise/src/ros-exercises/install/navigation2_turtle' for CMake module files
[5.537s] Level 1:colcon.colcon_core.environment:checking '/home/mrush/exercise/src/ros-exercises/install/navigation2_turtle' for CMake config files
[5.538s] Level 1:colcon.colcon_core.shell:create_environment_hook('navigation2_turtle', 'cmake_prefix_path')
[5.588s] INFO:colcon.colcon_core.shell:Creating environment hook '/home/mrush/exercise/src/ros-exercises/install/navigation2_turtle/share/navigation2_turtle/hook/cmake_prefix_path.ps1'
[5.590s] INFO:colcon.colcon_core.shell:Creating environment descriptor '/home/mrush/exercise/src/ros-exercises/install/navigation2_turtle/share/navigation2_turtle/hook/cmake_prefix_path.dsv'
[5.590s] INFO:colcon.colcon_core.shell:Creating environment hook '/home/mrush/exercise/src/ros-exercises/install/navigation2_turtle/share/navigation2_turtle/hook/cmake_prefix_path.sh'
[5.591s] Level 1:colcon.colcon_core.environment:checking '/home/mrush/exercise/src/ros-exercises/install/navigation2_turtle/bin'
[5.591s] Level 1:colcon.colcon_core.environment:checking '/home/mrush/exercise/src/ros-exercises/install/navigation2_turtle/lib/pkgconfig/navigation2_turtle.pc'
[5.591s] Level 1:colcon.colcon_core.environment:checking '/home/mrush/exercise/src/ros-exercises/install/navigation2_turtle/lib/python3.10/site-packages'
[5.592s] Level 1:colcon.colcon_core.environment:checking '/home/mrush/exercise/src/ros-exercises/install/navigation2_turtle/bin'
[5.640s] INFO:colcon.colcon_core.shell:Creating package script '/home/mrush/exercise/src/ros-exercises/install/navigation2_turtle/share/navigation2_turtle/package.ps1'
[5.641s] INFO:colcon.colcon_core.shell:Creating package descriptor '/home/mrush/exercise/src/ros-exercises/install/navigation2_turtle/share/navigation2_turtle/package.dsv'
[5.643s] INFO:colcon.colcon_core.shell:Creating package script '/home/mrush/exercise/src/ros-exercises/install/navigation2_turtle/share/navigation2_turtle/package.sh'
[5.644s] INFO:colcon.colcon_core.shell:Creating package script '/home/mrush/exercise/src/ros-exercises/install/navigation2_turtle/share/navigation2_turtle/package.bash'
[5.646s] INFO:colcon.colcon_core.shell:Creating package script '/home/mrush/exercise/src/ros-exercises/install/navigation2_turtle/share/navigation2_turtle/package.zsh'
[5.646s] Level 1:colcon.colcon_core.environment:create_file_with_runtime_dependencies(/home/mrush/exercise/src/ros-exercises/install/navigation2_turtle/share/colcon-core/packages/navigation2_turtle)
[5.720s] Level 1:colcon.colcon_core.environment:create_environment_scripts_only(exercise)
[5.769s] Level 1:colcon.colcon_core.environment:checking '/home/mrush/exercise/src/ros-exercises/install/exercise' for CMake module files
[5.770s] Level 1:colcon.colcon_core.environment:checking '/home/mrush/exercise/src/ros-exercises/install/exercise' for CMake config files
[5.775s] Level 1:colcon.colcon_core.shell:create_environment_hook('exercise', 'cmake_prefix_path')
[5.812s] INFO:colcon.colcon_core.shell:Creating environment hook '/home/mrush/exercise/src/ros-exercises/install/exercise/share/exercise/hook/cmake_prefix_path.ps1'
[5.813s] INFO:colcon.colcon_core.shell:Creating environment descriptor '/home/mrush/exercise/src/ros-exercises/install/exercise/share/exercise/hook/cmake_prefix_path.dsv'
[5.814s] INFO:colcon.colcon_core.shell:Creating environment hook '/home/mrush/exercise/src/ros-exercises/install/exercise/share/exercise/hook/cmake_prefix_path.sh'
[5.814s] Level 1:colcon.colcon_core.environment:checking '/home/mrush/exercise/src/ros-exercises/install/exercise/bin'
[5.815s] Level 1:colcon.colcon_core.environment:checking '/home/mrush/exercise/src/ros-exercises/install/exercise/lib/pkgconfig/exercise.pc'
[5.815s] Level 1:colcon.colcon_core.environment:checking '/home/mrush/exercise/src/ros-exercises/install/exercise/lib/python3.10/site-packages'
[5.816s] Level 1:colcon.colcon_core.environment:checking '/home/mrush/exercise/src/ros-exercises/install/exercise/bin'
[5.851s] INFO:colcon.colcon_core.shell:Creating package script '/home/mrush/exercise/src/ros-exercises/install/exercise/share/exercise/package.ps1'
[5.854s] INFO:colcon.colcon_core.shell:Creating package descriptor '/home/mrush/exercise/src/ros-exercises/install/exercise/share/exercise/package.dsv'
[5.859s] INFO:colcon.colcon_core.shell:Creating package script '/home/mrush/exercise/src/ros-exercises/install/exercise/share/exercise/package.sh'
[5.860s] INFO:colcon.colcon_core.shell:Creating package script '/home/mrush/exercise/src/ros-exercises/install/exercise/share/exercise/package.bash'
[5.860s] INFO:colcon.colcon_core.shell:Creating package script '/home/mrush/exercise/src/ros-exercises/install/exercise/share/exercise/package.zsh'
[5.861s] Level 1:colcon.colcon_core.environment:create_file_with_runtime_dependencies(/home/mrush/exercise/src/ros-exercises/install/exercise/share/colcon-core/packages/exercise)
[5.863s] Level 1:colcon.colcon_core.environment:create_environment_scripts_only(fibonacci_action)
[5.865s] DEBUG:colcon.colcon_core.event_handler.log_command:Invoked command in '/home/mrush/exercise/src/ros-exercises/build/fibonacci_action' returned '0': CMAKE_PREFIX_PATH=${CMAKE_PREFIX_PATH}:/home/mrush/exercise/src/ros-exercises/install/navigation2_dist:/opt/ros/humble WSLENV=ELECTRON_RUN_AS_NODE/w: /usr/bin/cmake --install /home/mrush/exercise/src/ros-exercises/build/fibonacci_action
[5.904s] Level 1:colcon.colcon_core.environment:checking '/home/mrush/exercise/src/ros-exercises/install/fibonacci_action' for CMake module files
[5.908s] Level 1:colcon.colcon_core.environment:checking '/home/mrush/exercise/src/ros-exercises/install/fibonacci_action' for CMake config files
[5.910s] Level 1:colcon.colcon_core.shell:create_environment_hook('fibonacci_action', 'cmake_prefix_path')
[5.944s] INFO:colcon.colcon_core.shell:Creating environment hook '/home/mrush/exercise/src/ros-exercises/install/fibonacci_action/share/fibonacci_action/hook/cmake_prefix_path.ps1'
[5.947s] INFO:colcon.colcon_core.shell:Creating environment descriptor '/home/mrush/exercise/src/ros-exercises/install/fibonacci_action/share/fibonacci_action/hook/cmake_prefix_path.dsv'
[5.948s] INFO:colcon.colcon_core.shell:Creating environment hook '/home/mrush/exercise/src/ros-exercises/install/fibonacci_action/share/fibonacci_action/hook/cmake_prefix_path.sh'
[5.950s] Level 1:colcon.colcon_core.environment:checking '/home/mrush/exercise/src/ros-exercises/install/fibonacci_action/lib'
[5.958s] Level 1:colcon.colcon_core.shell:create_environment_hook('fibonacci_action', 'ld_library_path_lib')
[5.997s] INFO:colcon.colcon_core.shell:Creating environment hook '/home/mrush/exercise/src/ros-exercises/install/fibonacci_action/share/fibonacci_action/hook/ld_library_path_lib.ps1'
[5.999s] INFO:colcon.colcon_core.shell:Creating environment descriptor '/home/mrush/exercise/src/ros-exercises/install/fibonacci_action/share/fibonacci_action/hook/ld_library_path_lib.dsv'
[6.000s] INFO:colcon.colcon_core.shell:Creating environment hook '/home/mrush/exercise/src/ros-exercises/install/fibonacci_action/share/fibonacci_action/hook/ld_library_path_lib.sh'
[6.007s] Level 1:colcon.colcon_core.environment:checking '/home/mrush/exercise/src/ros-exercises/install/fibonacci_action/bin'
[6.009s] Level 1:colcon.colcon_core.environment:checking '/home/mrush/exercise/src/ros-exercises/install/fibonacci_action/lib/pkgconfig/fibonacci_action.pc'
[6.011s] Level 1:colcon.colcon_core.environment:checking '/home/mrush/exercise/src/ros-exercises/install/fibonacci_action/lib/python3.10/site-packages'
[6.013s] Level 1:colcon.colcon_core.environment:checking '/home/mrush/exercise/src/ros-exercises/install/fibonacci_action/bin'
[6.046s] INFO:colcon.colcon_core.shell:Creating package script '/home/mrush/exercise/src/ros-exercises/install/fibonacci_action/share/fibonacci_action/package.ps1'
[6.048s] INFO:colcon.colcon_core.shell:Creating package descriptor '/home/mrush/exercise/src/ros-exercises/install/fibonacci_action/share/fibonacci_action/package.dsv'
[6.050s] INFO:colcon.colcon_core.shell:Creating package script '/home/mrush/exercise/src/ros-exercises/install/fibonacci_action/share/fibonacci_action/package.sh'
[6.054s] INFO:colcon.colcon_core.shell:Creating package script '/home/mrush/exercise/src/ros-exercises/install/fibonacci_action/share/fibonacci_action/package.bash'
[6.055s] INFO:colcon.colcon_core.shell:Creating package script '/home/mrush/exercise/src/ros-exercises/install/fibonacci_action/share/fibonacci_action/package.zsh'
[6.056s] Level 1:colcon.colcon_core.environment:create_file_with_runtime_dependencies(/home/mrush/exercise/src/ros-exercises/install/fibonacci_action/share/colcon-core/packages/fibonacci_action)
[6.059s] Level 1:colcon.colcon_core.environment:create_environment_scripts_only(pub_sub)
[6.067s] DEBUG:colcon.colcon_core.event_handler.log_command:Invoked command in '/home/mrush/exercise/src/ros-exercises/build/pub_sub' returned '0': CMAKE_PREFIX_PATH=${CMAKE_PREFIX_PATH}:/home/mrush/exercise/src/ros-exercises/install/navigation2_dist:/opt/ros/humble WSLENV=ELECTRON_RUN_AS_NODE/w: /usr/bin/cmake --install /home/mrush/exercise/src/ros-exercises/build/pub_sub
[6.125s] Level 1:colcon.colcon_core.environment:checking '/home/mrush/exercise/src/ros-exercises/install/pub_sub' for CMake module files
[6.128s] Level 1:colcon.colcon_core.environment:checking '/home/mrush/exercise/src/ros-exercises/install/pub_sub' for CMake config files
[6.128s] Level 1:colcon.colcon_core.shell:create_environment_hook('pub_sub', 'cmake_prefix_path')
[6.199s] INFO:colcon.colcon_core.shell:Creating environment hook '/home/mrush/exercise/src/ros-exercises/install/pub_sub/share/pub_sub/hook/cmake_prefix_path.ps1'
[6.201s] INFO:colcon.colcon_core.shell:Creating environment descriptor '/home/mrush/exercise/src/ros-exercises/install/pub_sub/share/pub_sub/hook/cmake_prefix_path.dsv'
[6.203s] INFO:colcon.colcon_core.shell:Creating environment hook '/home/mrush/exercise/src/ros-exercises/install/pub_sub/share/pub_sub/hook/cmake_prefix_path.sh'
[6.206s] Level 1:colcon.colcon_core.environment:checking '/home/mrush/exercise/src/ros-exercises/install/pub_sub/lib'
[6.207s] Level 1:colcon.colcon_core.environment:checking '/home/mrush/exercise/src/ros-exercises/install/pub_sub/bin'
[6.207s] Level 1:colcon.colcon_core.environment:checking '/home/mrush/exercise/src/ros-exercises/install/pub_sub/lib/pkgconfig/pub_sub.pc'
[6.207s] Level 1:colcon.colcon_core.environment:checking '/home/mrush/exercise/src/ros-exercises/install/pub_sub/lib/python3.10/site-packages'
[6.208s] Level 1:colcon.colcon_core.environment:checking '/home/mrush/exercise/src/ros-exercises/install/pub_sub/bin'
[6.249s] INFO:colcon.colcon_core.shell:Creating package script '/home/mrush/exercise/src/ros-exercises/install/pub_sub/share/pub_sub/package.ps1'
[6.250s] INFO:colcon.colcon_core.shell:Creating package descriptor '/home/mrush/exercise/src/ros-exercises/install/pub_sub/share/pub_sub/package.dsv'
[6.251s] INFO:colcon.colcon_core.shell:Creating package script '/home/mrush/exercise/src/ros-exercises/install/pub_sub/share/pub_sub/package.sh'
[6.251s] INFO:colcon.colcon_core.shell:Creating package script '/home/mrush/exercise/src/ros-exercises/install/pub_sub/share/pub_sub/package.bash'
[6.252s] INFO:colcon.colcon_core.shell:Creating package script '/home/mrush/exercise/src/ros-exercises/install/pub_sub/share/pub_sub/package.zsh'
[6.252s] Level 1:colcon.colcon_core.environment:create_file_with_runtime_dependencies(/home/mrush/exercise/src/ros-exercises/install/pub_sub/share/colcon-core/packages/pub_sub)
[6.287s] Level 1:colcon.colcon_core.environment:create_environment_scripts_only(ex_solution)
[6.298s] DEBUG:colcon.colcon_core.event_handler.log_command:Invoked command in '/home/mrush/exercise/src/ros-exercises/build/ex_solution' returned '0': CMAKE_PREFIX_PATH=${CMAKE_PREFIX_PATH}:/home/mrush/exercise/src/ros-exercises/install/navigation2_dist:/opt/ros/humble WSLENV=ELECTRON_RUN_AS_NODE/w: /usr/bin/cmake --install /home/mrush/exercise/src/ros-exercises/build/ex_solution
[6.376s] Level 1:colcon.colcon_core.environment:checking '/home/mrush/exercise/src/ros-exercises/install/ex_solution' for CMake module files
[6.383s] Level 1:colcon.colcon_core.environment:checking '/home/mrush/exercise/src/ros-exercises/install/ex_solution' for CMake config files
[6.384s] Level 1:colcon.colcon_core.shell:create_environment_hook('ex_solution', 'cmake_prefix_path')
[6.418s] INFO:colcon.colcon_core.shell:Creating environment hook '/home/mrush/exercise/src/ros-exercises/install/ex_solution/share/ex_solution/hook/cmake_prefix_path.ps1'
[6.425s] INFO:colcon.colcon_core.shell:Creating environment descriptor '/home/mrush/exercise/src/ros-exercises/install/ex_solution/share/ex_solution/hook/cmake_prefix_path.dsv'
[6.429s] INFO:colcon.colcon_core.shell:Creating environment hook '/home/mrush/exercise/src/ros-exercises/install/ex_solution/share/ex_solution/hook/cmake_prefix_path.sh'
[6.430s] Level 1:colcon.colcon_core.environment:checking '/home/mrush/exercise/src/ros-exercises/install/ex_solution/lib'
[6.430s] Level 1:colcon.colcon_core.shell:create_environment_hook('ex_solution', 'ld_library_path_lib')
[6.462s] INFO:colcon.colcon_core.shell:Creating environment hook '/home/mrush/exercise/src/ros-exercises/install/ex_solution/share/ex_solution/hook/ld_library_path_lib.ps1'
[6.464s] INFO:colcon.colcon_core.shell:Creating environment descriptor '/home/mrush/exercise/src/ros-exercises/install/ex_solution/share/ex_solution/hook/ld_library_path_lib.dsv'
[6.465s] INFO:colcon.colcon_core.shell:Creating environment hook '/home/mrush/exercise/src/ros-exercises/install/ex_solution/share/ex_solution/hook/ld_library_path_lib.sh'
[6.465s] Level 1:colcon.colcon_core.environment:checking '/home/mrush/exercise/src/ros-exercises/install/ex_solution/bin'
[6.465s] Level 1:colcon.colcon_core.environment:checking '/home/mrush/exercise/src/ros-exercises/install/ex_solution/lib/pkgconfig/ex_solution.pc'
[6.466s] Level 1:colcon.colcon_core.environment:checking '/home/mrush/exercise/src/ros-exercises/install/ex_solution/lib/python3.10/site-packages'
[6.467s] Level 1:colcon.colcon_core.environment:checking '/home/mrush/exercise/src/ros-exercises/install/ex_solution/bin'
[6.502s] INFO:colcon.colcon_core.shell:Creating package script '/home/mrush/exercise/src/ros-exercises/install/ex_solution/share/ex_solution/package.ps1'
[6.504s] INFO:colcon.colcon_core.shell:Creating package descriptor '/home/mrush/exercise/src/ros-exercises/install/ex_solution/share/ex_solution/package.dsv'
[6.505s] INFO:colcon.colcon_core.shell:Creating package script '/home/mrush/exercise/src/ros-exercises/install/ex_solution/share/ex_solution/package.sh'
[6.505s] INFO:colcon.colcon_core.shell:Creating package script '/home/mrush/exercise/src/ros-exercises/install/ex_solution/share/ex_solution/package.bash'
[6.506s] INFO:colcon.colcon_core.shell:Creating package script '/home/mrush/exercise/src/ros-exercises/install/ex_solution/share/ex_solution/package.zsh'
[6.507s] Level 1:colcon.colcon_core.environment:create_file_with_runtime_dependencies(/home/mrush/exercise/src/ros-exercises/install/ex_solution/share/colcon-core/packages/ex_solution)
[6.589s] Level 1:colcon.colcon_core.environment:create_environment_scripts_only(navigation2_turtle)
[6.653s] Level 1:colcon.colcon_core.environment:checking '/home/mrush/exercise/src/ros-exercises/install/navigation2_turtle' for CMake module files
[6.654s] Level 1:colcon.colcon_core.environment:checking '/home/mrush/exercise/src/ros-exercises/install/navigation2_turtle' for CMake config files
[6.655s] Level 1:colcon.colcon_core.shell:create_environment_hook('navigation2_turtle', 'cmake_prefix_path')
[6.695s] INFO:colcon.colcon_core.shell:Creating environment hook '/home/mrush/exercise/src/ros-exercises/install/navigation2_turtle/share/navigation2_turtle/hook/cmake_prefix_path.ps1'
[6.697s] INFO:colcon.colcon_core.shell:Creating environment descriptor '/home/mrush/exercise/src/ros-exercises/install/navigation2_turtle/share/navigation2_turtle/hook/cmake_prefix_path.dsv'
[6.698s] INFO:colcon.colcon_core.shell:Creating environment hook '/home/mrush/exercise/src/ros-exercises/install/navigation2_turtle/share/navigation2_turtle/hook/cmake_prefix_path.sh'
[6.700s] Level 1:colcon.colcon_core.environment:checking '/home/mrush/exercise/src/ros-exercises/install/navigation2_turtle/bin'
[6.700s] Level 1:colcon.colcon_core.environment:checking '/home/mrush/exercise/src/ros-exercises/install/navigation2_turtle/lib/pkgconfig/navigation2_turtle.pc'
[6.700s] Level 1:colcon.colcon_core.environment:checking '/home/mrush/exercise/src/ros-exercises/install/navigation2_turtle/lib/python3.10/site-packages'
[6.702s] Level 1:colcon.colcon_core.environment:checking '/home/mrush/exercise/src/ros-exercises/install/navigation2_turtle/bin'
[6.737s] INFO:colcon.colcon_core.shell:Creating package script '/home/mrush/exercise/src/ros-exercises/install/navigation2_turtle/share/navigation2_turtle/package.ps1'
[6.744s] INFO:colcon.colcon_core.shell:Creating package descriptor '/home/mrush/exercise/src/ros-exercises/install/navigation2_turtle/share/navigation2_turtle/package.dsv'
[6.746s] INFO:colcon.colcon_core.shell:Creating package script '/home/mrush/exercise/src/ros-exercises/install/navigation2_turtle/share/navigation2_turtle/package.sh'
[6.746s] INFO:colcon.colcon_core.shell:Creating package script '/home/mrush/exercise/src/ros-exercises/install/navigation2_turtle/share/navigation2_turtle/package.bash'
[6.747s] INFO:colcon.colcon_core.shell:Creating package script '/home/mrush/exercise/src/ros-exercises/install/navigation2_turtle/share/navigation2_turtle/package.zsh'
[6.748s] Level 1:colcon.colcon_core.environment:create_file_with_runtime_dependencies(/home/mrush/exercise/src/ros-exercises/install/navigation2_turtle/share/colcon-core/packages/navigation2_turtle)
[6.787s] Level 1:colcon.colcon_core.environment:create_environment_scripts_only(pub_sub)
[6.845s] Level 1:colcon.colcon_core.environment:checking '/home/mrush/exercise/src/ros-exercises/install/pub_sub' for CMake module files
[6.847s] Level 1:colcon.colcon_core.environment:checking '/home/mrush/exercise/src/ros-exercises/install/pub_sub' for CMake config files
[6.848s] Level 1:colcon.colcon_core.shell:create_environment_hook('pub_sub', 'cmake_prefix_path')
[6.895s] INFO:colcon.colcon_core.shell:Creating environment hook '/home/mrush/exercise/src/ros-exercises/install/pub_sub/share/pub_sub/hook/cmake_prefix_path.ps1'
[6.898s] INFO:colcon.colcon_core.shell:Creating environment descriptor '/home/mrush/exercise/src/ros-exercises/install/pub_sub/share/pub_sub/hook/cmake_prefix_path.dsv'
[6.899s] INFO:colcon.colcon_core.shell:Creating environment hook '/home/mrush/exercise/src/ros-exercises/install/pub_sub/share/pub_sub/hook/cmake_prefix_path.sh'
[6.900s] Level 1:colcon.colcon_core.environment:checking '/home/mrush/exercise/src/ros-exercises/install/pub_sub/lib'
[6.902s] Level 1:colcon.colcon_core.environment:checking '/home/mrush/exercise/src/ros-exercises/install/pub_sub/bin'
[6.906s] Level 1:colcon.colcon_core.environment:checking '/home/mrush/exercise/src/ros-exercises/install/pub_sub/lib/pkgconfig/pub_sub.pc'
[6.907s] Level 1:colcon.colcon_core.environment:checking '/home/mrush/exercise/src/ros-exercises/install/pub_sub/lib/python3.10/site-packages'
[6.909s] Level 1:colcon.colcon_core.environment:checking '/home/mrush/exercise/src/ros-exercises/install/pub_sub/bin'
[6.951s] INFO:colcon.colcon_core.shell:Creating package script '/home/mrush/exercise/src/ros-exercises/install/pub_sub/share/pub_sub/package.ps1'
[6.954s] INFO:colcon.colcon_core.shell:Creating package descriptor '/home/mrush/exercise/src/ros-exercises/install/pub_sub/share/pub_sub/package.dsv'
[6.961s] INFO:colcon.colcon_core.shell:Creating package script '/home/mrush/exercise/src/ros-exercises/install/pub_sub/share/pub_sub/package.sh'
[6.964s] INFO:colcon.colcon_core.shell:Creating package script '/home/mrush/exercise/src/ros-exercises/install/pub_sub/share/pub_sub/package.bash'
[6.965s] INFO:colcon.colcon_core.shell:Creating package script '/home/mrush/exercise/src/ros-exercises/install/pub_sub/share/pub_sub/package.zsh'
[6.967s] Level 1:colcon.colcon_core.environment:create_file_with_runtime_dependencies(/home/mrush/exercise/src/ros-exercises/install/pub_sub/share/colcon-core/packages/pub_sub)
[6.998s] Level 1:colcon.colcon_core.environment:create_environment_scripts_only(fibonacci_action)
[7.046s] Level 1:colcon.colcon_core.environment:checking '/home/mrush/exercise/src/ros-exercises/install/fibonacci_action' for CMake module files
[7.048s] Level 1:colcon.colcon_core.environment:checking '/home/mrush/exercise/src/ros-exercises/install/fibonacci_action' for CMake config files
[7.050s] Level 1:colcon.colcon_core.shell:create_environment_hook('fibonacci_action', 'cmake_prefix_path')
[7.099s] INFO:colcon.colcon_core.shell:Creating environment hook '/home/mrush/exercise/src/ros-exercises/install/fibonacci_action/share/fibonacci_action/hook/cmake_prefix_path.ps1'
[7.104s] INFO:colcon.colcon_core.shell:Creating environment descriptor '/home/mrush/exercise/src/ros-exercises/install/fibonacci_action/share/fibonacci_action/hook/cmake_prefix_path.dsv'
[7.105s] INFO:colcon.colcon_core.shell:Creating environment hook '/home/mrush/exercise/src/ros-exercises/install/fibonacci_action/share/fibonacci_action/hook/cmake_prefix_path.sh'
[7.106s] Level 1:colcon.colcon_core.environment:checking '/home/mrush/exercise/src/ros-exercises/install/fibonacci_action/lib'
[7.106s] Level 1:colcon.colcon_core.shell:create_environment_hook('fibonacci_action', 'ld_library_path_lib')
[7.137s] INFO:colcon.colcon_core.shell:Creating environment hook '/home/mrush/exercise/src/ros-exercises/install/fibonacci_action/share/fibonacci_action/hook/ld_library_path_lib.ps1'
[7.139s] INFO:colcon.colcon_core.shell:Creating environment descriptor '/home/mrush/exercise/src/ros-exercises/install/fibonacci_action/share/fibonacci_action/hook/ld_library_path_lib.dsv'
[7.140s] INFO:colcon.colcon_core.shell:Creating environment hook '/home/mrush/exercise/src/ros-exercises/install/fibonacci_action/share/fibonacci_action/hook/ld_library_path_lib.sh'
[7.143s] Level 1:colcon.colcon_core.environment:checking '/home/mrush/exercise/src/ros-exercises/install/fibonacci_action/bin'
[7.147s] Level 1:colcon.colcon_core.environment:checking '/home/mrush/exercise/src/ros-exercises/install/fibonacci_action/lib/pkgconfig/fibonacci_action.pc'
[7.148s] Level 1:colcon.colcon_core.environment:checking '/home/mrush/exercise/src/ros-exercises/install/fibonacci_action/lib/python3.10/site-packages'
[7.148s] Level 1:colcon.colcon_core.environment:checking '/home/mrush/exercise/src/ros-exercises/install/fibonacci_action/bin'
[7.183s] INFO:colcon.colcon_core.shell:Creating package script '/home/mrush/exercise/src/ros-exercises/install/fibonacci_action/share/fibonacci_action/package.ps1'
[7.184s] INFO:colcon.colcon_core.shell:Creating package descriptor '/home/mrush/exercise/src/ros-exercises/install/fibonacci_action/share/fibonacci_action/package.dsv'
[7.185s] INFO:colcon.colcon_core.shell:Creating package script '/home/mrush/exercise/src/ros-exercises/install/fibonacci_action/share/fibonacci_action/package.sh'
[7.186s] INFO:colcon.colcon_core.shell:Creating package script '/home/mrush/exercise/src/ros-exercises/install/fibonacci_action/share/fibonacci_action/package.bash'
[7.187s] INFO:colcon.colcon_core.shell:Creating package script '/home/mrush/exercise/src/ros-exercises/install/fibonacci_action/share/fibonacci_action/package.zsh'
[7.187s] Level 1:colcon.colcon_core.environment:create_file_with_runtime_dependencies(/home/mrush/exercise/src/ros-exercises/install/fibonacci_action/share/colcon-core/packages/fibonacci_action)
[7.191s] DEBUG:colcon.colcon_core.event_handler.log_command:Invoking command in '/home/mrush/exercise/src/ros-exercises/navigation2_planners/navigation2_dist': PYTHONPATH=/home/mrush/exercise/src/ros-exercises/build/navigation2_dist/prefix_override:/home/mrush/exercise/src/ros-exercises/install/navigation2_dist/lib/python3.10/site-packages:${PYTHONPATH} WSLENV=ELECTRON_RUN_AS_NODE/w: /usr/bin/python3 setup.py egg_info --egg-base ../../build/navigation2_dist build --build-base /home/mrush/exercise/src/ros-exercises/build/navigation2_dist/build install --record /home/mrush/exercise/src/ros-exercises/build/navigation2_dist/install.log --single-version-externally-managed
[7.261s] Level 1:colcon.colcon_core.environment:create_environment_scripts_only(ex_solution)
[7.303s] Level 1:colcon.colcon_core.environment:checking '/home/mrush/exercise/src/ros-exercises/install/ex_solution' for CMake module files
[7.305s] Level 1:colcon.colcon_core.environment:checking '/home/mrush/exercise/src/ros-exercises/install/ex_solution' for CMake config files
[7.305s] Level 1:colcon.colcon_core.shell:create_environment_hook('ex_solution', 'cmake_prefix_path')
[7.361s] INFO:colcon.colcon_core.shell:Creating environment hook '/home/mrush/exercise/src/ros-exercises/install/ex_solution/share/ex_solution/hook/cmake_prefix_path.ps1'
[7.362s] INFO:colcon.colcon_core.shell:Creating environment descriptor '/home/mrush/exercise/src/ros-exercises/install/ex_solution/share/ex_solution/hook/cmake_prefix_path.dsv'
[7.362s] INFO:colcon.colcon_core.shell:Creating environment hook '/home/mrush/exercise/src/ros-exercises/install/ex_solution/share/ex_solution/hook/cmake_prefix_path.sh'
[7.363s] Level 1:colcon.colcon_core.environment:checking '/home/mrush/exercise/src/ros-exercises/install/ex_solution/lib'
[7.364s] Level 1:colcon.colcon_core.shell:create_environment_hook('ex_solution', 'ld_library_path_lib')
[7.421s] INFO:colcon.colcon_core.shell:Creating environment hook '/home/mrush/exercise/src/ros-exercises/install/ex_solution/share/ex_solution/hook/ld_library_path_lib.ps1'
[7.423s] INFO:colcon.colcon_core.shell:Creating environment descriptor '/home/mrush/exercise/src/ros-exercises/install/ex_solution/share/ex_solution/hook/ld_library_path_lib.dsv'
[7.424s] INFO:colcon.colcon_core.shell:Creating environment hook '/home/mrush/exercise/src/ros-exercises/install/ex_solution/share/ex_solution/hook/ld_library_path_lib.sh'
[7.424s] Level 1:colcon.colcon_core.environment:checking '/home/mrush/exercise/src/ros-exercises/install/ex_solution/bin'
[7.424s] Level 1:colcon.colcon_core.environment:checking '/home/mrush/exercise/src/ros-exercises/install/ex_solution/lib/pkgconfig/ex_solution.pc'
[7.425s] Level 1:colcon.colcon_core.environment:checking '/home/mrush/exercise/src/ros-exercises/install/ex_solution/lib/python3.10/site-packages'
[7.425s] Level 1:colcon.colcon_core.environment:checking '/home/mrush/exercise/src/ros-exercises/install/ex_solution/bin'
[7.460s] INFO:colcon.colcon_core.shell:Creating package script '/home/mrush/exercise/src/ros-exercises/install/ex_solution/share/ex_solution/package.ps1'
[7.465s] INFO:colcon.colcon_core.shell:Creating package descriptor '/home/mrush/exercise/src/ros-exercises/install/ex_solution/share/ex_solution/package.dsv'
[7.466s] INFO:colcon.colcon_core.shell:Creating package script '/home/mrush/exercise/src/ros-exercises/install/ex_solution/share/ex_solution/package.sh'
[7.467s] INFO:colcon.colcon_core.shell:Creating package script '/home/mrush/exercise/src/ros-exercises/install/ex_solution/share/ex_solution/package.bash'
[7.467s] INFO:colcon.colcon_core.shell:Creating package script '/home/mrush/exercise/src/ros-exercises/install/ex_solution/share/ex_solution/package.zsh'
[7.468s] Level 1:colcon.colcon_core.environment:create_file_with_runtime_dependencies(/home/mrush/exercise/src/ros-exercises/install/ex_solution/share/colcon-core/packages/ex_solution)
[8.028s] DEBUG:colcon.colcon_core.event_handler.log_command:Invoked command in '/home/mrush/exercise/src/ros-exercises/navigation2_planners/navigation2_dist' returned '0': PYTHONPATH=/home/mrush/exercise/src/ros-exercises/build/navigation2_dist/prefix_override:/home/mrush/exercise/src/ros-exercises/install/navigation2_dist/lib/python3.10/site-packages:${PYTHONPATH} WSLENV=ELECTRON_RUN_AS_NODE/w: /usr/bin/python3 setup.py egg_info --egg-base ../../build/navigation2_dist build --build-base /home/mrush/exercise/src/ros-exercises/build/navigation2_dist/build install --record /home/mrush/exercise/src/ros-exercises/build/navigation2_dist/install.log --single-version-externally-managed
[8.070s] Level 1:colcon.colcon_core.environment:checking '/home/mrush/exercise/src/ros-exercises/install/navigation2_dist' for CMake module files
[8.071s] Level 1:colcon.colcon_core.environment:checking '/home/mrush/exercise/src/ros-exercises/install/navigation2_dist' for CMake config files
[8.075s] Level 1:colcon.colcon_core.environment:checking '/home/mrush/exercise/src/ros-exercises/install/navigation2_dist/lib'
[8.076s] Level 1:colcon.colcon_core.environment:checking '/home/mrush/exercise/src/ros-exercises/install/navigation2_dist/bin'
[8.076s] Level 1:colcon.colcon_core.environment:checking '/home/mrush/exercise/src/ros-exercises/install/navigation2_dist/lib/pkgconfig/navigation2_dist.pc'
[8.077s] Level 1:colcon.colcon_core.environment:checking '/home/mrush/exercise/src/ros-exercises/install/navigation2_dist/lib/python3.10/site-packages'
[8.077s] Level 1:colcon.colcon_core.shell:create_environment_hook('navigation2_dist', 'pythonpath')
[8.118s] INFO:colcon.colcon_core.shell:Creating environment hook '/home/mrush/exercise/src/ros-exercises/install/navigation2_dist/share/navigation2_dist/hook/pythonpath.ps1'
[8.119s] INFO:colcon.colcon_core.shell:Creating environment descriptor '/home/mrush/exercise/src/ros-exercises/install/navigation2_dist/share/navigation2_dist/hook/pythonpath.dsv'
[8.120s] INFO:colcon.colcon_core.shell:Creating environment hook '/home/mrush/exercise/src/ros-exercises/install/navigation2_dist/share/navigation2_dist/hook/pythonpath.sh'
[8.121s] Level 1:colcon.colcon_core.environment:checking '/home/mrush/exercise/src/ros-exercises/install/navigation2_dist/bin'
[8.121s] Level 1:colcon.colcon_core.environment:create_environment_scripts_only(navigation2_dist)
[8.171s] INFO:colcon.colcon_core.shell:Creating package script '/home/mrush/exercise/src/ros-exercises/install/navigation2_dist/share/navigation2_dist/package.ps1'
[8.174s] INFO:colcon.colcon_core.shell:Creating package descriptor '/home/mrush/exercise/src/ros-exercises/install/navigation2_dist/share/navigation2_dist/package.dsv'
[8.176s] INFO:colcon.colcon_core.shell:Creating package script '/home/mrush/exercise/src/ros-exercises/install/navigation2_dist/share/navigation2_dist/package.sh'
[8.180s] INFO:colcon.colcon_core.shell:Creating package script '/home/mrush/exercise/src/ros-exercises/install/navigation2_dist/share/navigation2_dist/package.bash'
[8.182s] INFO:colcon.colcon_core.shell:Creating package script '/home/mrush/exercise/src/ros-exercises/install/navigation2_dist/share/navigation2_dist/package.zsh'
[8.183s] Level 1:colcon.colcon_core.environment:create_file_with_runtime_dependencies(/home/mrush/exercise/src/ros-exercises/install/navigation2_dist/share/colcon-core/packages/navigation2_dist)
[8.184s] DEBUG:colcon.colcon_parallel_executor.executor.parallel:closing loop
[8.186s] DEBUG:colcon.colcon_parallel_executor.executor.parallel:loop closed
[8.186s] DEBUG:colcon.colcon_parallel_executor.executor.parallel:run_until_complete finished with '0'
[8.186s] DEBUG:colcon.colcon_core.event_reactor:joining thread
[8.438s] INFO:colcon.colcon_core.plugin_system:Skipping extension 'colcon_notification.desktop_notification.notify_send': Could not find 'notify-send'
[8.448s] INFO:colcon.colcon_core.plugin_system:Skipping extension 'colcon_notification.desktop_notification.terminal_notifier': Not used on non-Darwin systems
[8.449s] INFO:colcon.colcon_core.plugin_system:Skipping extension 'colcon_notification.desktop_notification.win32': Not used on non-Windows systems
[8.449s] INFO:colcon.colcon_notification.desktop_notification:Sending desktop notification using 'notify2'
[8.449s] DEBUG:colcon.colcon_notification.desktop_notification.notify2:Failed to initialize notify2: org.freedesktop.DBus.Error.FileNotFound: Failed to connect to socket /run/user/1000/bus: No such file or directory
[8.450s] DEBUG:colcon.colcon_core.event_reactor:joined thread
[8.479s] INFO:colcon.colcon_core.shell:Creating prefix script '/home/mrush/exercise/src/ros-exercises/install/local_setup.ps1'
[8.482s] INFO:colcon.colcon_core.shell:Creating prefix util module '/home/mrush/exercise/src/ros-exercises/install/_local_setup_util_ps1.py'
[8.485s] INFO:colcon.colcon_core.shell:Creating prefix chain script '/home/mrush/exercise/src/ros-exercises/install/setup.ps1'
[8.520s] INFO:colcon.colcon_core.shell:Creating prefix script '/home/mrush/exercise/src/ros-exercises/install/local_setup.sh'
[8.521s] INFO:colcon.colcon_core.shell:Creating prefix util module '/home/mrush/exercise/src/ros-exercises/install/_local_setup_util_sh.py'
[8.522s] INFO:colcon.colcon_core.shell:Creating prefix chain script '/home/mrush/exercise/src/ros-exercises/install/setup.sh'
[8.563s] INFO:colcon.colcon_core.shell:Creating prefix script '/home/mrush/exercise/src/ros-exercises/install/local_setup.bash'
[8.564s] INFO:colcon.colcon_core.shell:Creating prefix chain script '/home/mrush/exercise/src/ros-exercises/install/setup.bash'
[8.605s] INFO:colcon.colcon_core.shell:Creating prefix script '/home/mrush/exercise/src/ros-exercises/install/local_setup.zsh'
[8.608s] INFO:colcon.colcon_core.shell:Creating prefix chain script '/home/mrush/exercise/src/ros-exercises/install/setup.zsh'
