[2.426s] Invoking command in '/home/r3k7/Nauka_ros/src/ros-exercises/navigation2_planners/navigation2_dist': PYTHONPATH=/home/r3k7/Nauka_ros/src/ros-exercises/build/navigation2_dist/prefix_override:/home/r3k7/Nauka_ros/src/ros-exercises/install/navigation2_dist/lib/python3.10/site-packages:${PYTHONPATH} WSLENV=ELECTRON_RUN_AS_NODE/w:WT_SESSION:WT_PROFILE_ID: /usr/bin/python3 setup.py egg_info --egg-base ../../build/navigation2_dist build --build-base /home/r3k7/Nauka_ros/src/ros-exercises/build/navigation2_dist/build install --record /home/r3k7/Nauka_ros/src/ros-exercises/build/navigation2_dist/install.log --single-version-externally-managed
[2.896s] running egg_info
[2.897s] creating ../../build/navigation2_dist/navigation2_dist.egg-info
[2.925s] writing ../../build/navigation2_dist/navigation2_dist.egg-info/PKG-INFO
[2.926s] writing dependency_links to ../../build/navigation2_dist/navigation2_dist.egg-info/dependency_links.txt
[2.927s] writing entry points to ../../build/navigation2_dist/navigation2_dist.egg-info/entry_points.txt
[2.929s] writing requirements to ../../build/navigation2_dist/navigation2_dist.egg-info/requires.txt
[2.929s] writing top-level names to ../../build/navigation2_dist/navigation2_dist.egg-info/top_level.txt
[2.929s] writing manifest file '../../build/navigation2_dist/navigation2_dist.egg-info/SOURCES.txt'
[2.992s] reading manifest file '../../build/navigation2_dist/navigation2_dist.egg-info/SOURCES.txt'
[2.994s] writing manifest file '../../build/navigation2_dist/navigation2_dist.egg-info/SOURCES.txt'
[2.995s] running build
[2.995s] running build_py
[3.000s] creating /home/r3k7/Nauka_ros/src/ros-exercises/build/navigation2_dist/build
[3.001s] creating /home/r3k7/Nauka_ros/src/ros-exercises/build/navigation2_dist/build/lib
[3.001s] creating /home/r3k7/Nauka_ros/src/ros-exercises/build/navigation2_dist/build/lib/navigation2_dist
[3.001s] copying navigation2_dist/path_len.py -> /home/r3k7/Nauka_ros/src/ros-exercises/build/navigation2_dist/build/lib/navigation2_dist
[3.001s] copying navigation2_dist/__init__.py -> /home/r3k7/Nauka_ros/src/ros-exercises/build/navigation2_dist/build/lib/navigation2_dist
[3.001s] running install
[3.002s] /home/r3k7/.local/lib/python3.10/site-packages/setuptools/_distutils/cmd.py:66: SetuptoolsDeprecationWarning: setup.py install is deprecated.
[3.002s] !!
[3.002s] 
[3.002s]         ********************************************************************************
[3.002s]         Please avoid running ``setup.py`` directly.
[3.002s]         Instead, use pypa/build, pypa/installer or other
[3.002s]         standards-based tools.
[3.003s] 
[3.003s]         See https://blog.ganssle.io/articles/2021/10/setup-py-deprecated.html for details.
[3.003s]         ********************************************************************************
[3.003s] 
[3.003s] !!
[3.003s]   self.initialize_options()
[3.013s] running install_lib
[3.044s] creating /home/r3k7/Nauka_ros/src/ros-exercises/install/navigation2_dist/lib/python3.10/site-packages/navigation2_dist
[3.044s] copying /home/r3k7/Nauka_ros/src/ros-exercises/build/navigation2_dist/build/lib/navigation2_dist/path_len.py -> /home/r3k7/Nauka_ros/src/ros-exercises/install/navigation2_dist/lib/python3.10/site-packages/navigation2_dist
[3.044s] copying /home/r3k7/Nauka_ros/src/ros-exercises/build/navigation2_dist/build/lib/navigation2_dist/__init__.py -> /home/r3k7/Nauka_ros/src/ros-exercises/install/navigation2_dist/lib/python3.10/site-packages/navigation2_dist
[3.046s] byte-compiling /home/r3k7/Nauka_ros/src/ros-exercises/install/navigation2_dist/lib/python3.10/site-packages/navigation2_dist/path_len.py to path_len.cpython-310.pyc
[3.048s] byte-compiling /home/r3k7/Nauka_ros/src/ros-exercises/install/navigation2_dist/lib/python3.10/site-packages/navigation2_dist/__init__.py to __init__.cpython-310.pyc
[3.050s] running install_data
[3.079s] creating /home/r3k7/Nauka_ros/src/ros-exercises/install/navigation2_dist/share/ament_index
[3.079s] creating /home/r3k7/Nauka_ros/src/ros-exercises/install/navigation2_dist/share/ament_index/resource_index
[3.080s] creating /home/r3k7/Nauka_ros/src/ros-exercises/install/navigation2_dist/share/ament_index/resource_index/packages
[3.080s] copying resource/navigation2_dist -> /home/r3k7/Nauka_ros/src/ros-exercises/install/navigation2_dist/share/ament_index/resource_index/packages
[3.080s] copying package.xml -> /home/r3k7/Nauka_ros/src/ros-exercises/install/navigation2_dist/share/navigation2_dist
[3.081s] running install_egg_info
[3.119s] Copying ../../build/navigation2_dist/navigation2_dist.egg-info to /home/r3k7/Nauka_ros/src/ros-exercises/install/navigation2_dist/lib/python3.10/site-packages/navigation2_dist-0.0.0-py3.10.egg-info
[3.119s] running install_scripts
[3.906s] Installing path_len script to /home/r3k7/Nauka_ros/src/ros-exercises/install/navigation2_dist/lib/navigation2_dist
[3.906s] writing list of installed files to '/home/r3k7/Nauka_ros/src/ros-exercises/build/navigation2_dist/install.log'
[4.074s] Invoked command in '/home/r3k7/Nauka_ros/src/ros-exercises/navigation2_planners/navigation2_dist' returned '0': PYTHONPATH=/home/r3k7/Nauka_ros/src/ros-exercises/build/navigation2_dist/prefix_override:/home/r3k7/Nauka_ros/src/ros-exercises/install/navigation2_dist/lib/python3.10/site-packages:${PYTHONPATH} WSLENV=ELECTRON_RUN_AS_NODE/w:WT_SESSION:WT_PROFILE_ID: /usr/bin/python3 setup.py egg_info --egg-base ../../build/navigation2_dist build --build-base /home/r3k7/Nauka_ros/src/ros-exercises/build/navigation2_dist/build install --record /home/r3k7/Nauka_ros/src/ros-exercises/build/navigation2_dist/install.log --single-version-externally-managed
