[0.388s] Invoking command in '/home/mrush/exercise/src/ros-exercises/build/exercise': CMAKE_PREFIX_PATH=${CMAKE_PREFIX_PATH}:/home/mrush/exercise/src/ros-exercises/install/navigation2_dist:/opt/ros/humble WSLENV=ELECTRON_RUN_AS_NODE/w: /usr/bin/cmake --build /home/mrush/exercise/src/ros-exercises/build/exercise -- -j8 -l8
[0.915s] Invoked command in '/home/mrush/exercise/src/ros-exercises/build/exercise' returned '0': CMAKE_PREFIX_PATH=${CMAKE_PREFIX_PATH}:/home/mrush/exercise/src/ros-exercises/install/navigation2_dist:/opt/ros/humble WSLENV=ELECTRON_RUN_AS_NODE/w: /usr/bin/cmake --build /home/mrush/exercise/src/ros-exercises/build/exercise -- -j8 -l8
[0.953s] Invoking command in '/home/mrush/exercise/src/ros-exercises/build/exercise': CMAKE_PREFIX_PATH=${CMAKE_PREFIX_PATH}:/home/mrush/exercise/src/ros-exercises/install/navigation2_dist:/opt/ros/humble WSLENV=ELECTRON_RUN_AS_NODE/w: /usr/bin/cmake --install /home/mrush/exercise/src/ros-exercises/build/exercise
[0.961s] -- Install configuration: ""
[0.961s] -- Up-to-date: /home/mrush/exercise/src/ros-exercises/install/exercise/share/exercise//launch
[0.961s] -- Up-to-date: /home/mrush/exercise/src/ros-exercises/install/exercise/share/exercise//launch/exercise_world.launch.py
[0.961s] -- Up-to-date: /home/mrush/exercise/src/ros-exercises/install/exercise/share/exercise//worlds
[0.961s] -- Up-to-date: /home/mrush/exercise/src/ros-exercises/install/exercise/share/exercise//worlds/exercise.sdf
[0.961s] -- Up-to-date: /home/mrush/exercise/src/ros-exercises/install/exercise/share/exercise//config
[0.961s] -- Up-to-date: /home/mrush/exercise/src/ros-exercises/install/exercise/share/exercise//config/exercise.config
[0.961s] -- Up-to-date: /home/mrush/exercise/src/ros-exercises/install/exercise/share/ament_index/resource_index/package_run_dependencies/exercise
[0.961s] -- Up-to-date: /home/mrush/exercise/src/ros-exercises/install/exercise/share/ament_index/resource_index/parent_prefix_path/exercise
[0.962s] -- Up-to-date: /home/mrush/exercise/src/ros-exercises/install/exercise/share/exercise/environment/ament_prefix_path.sh
[0.962s] -- Up-to-date: /home/mrush/exercise/src/ros-exercises/install/exercise/share/exercise/environment/ament_prefix_path.dsv
[0.962s] -- Up-to-date: /home/mrush/exercise/src/ros-exercises/install/exercise/share/exercise/environment/path.sh
[0.962s] -- Up-to-date: /home/mrush/exercise/src/ros-exercises/install/exercise/share/exercise/environment/path.dsv
[0.962s] -- Up-to-date: /home/mrush/exercise/src/ros-exercises/install/exercise/share/exercise/local_setup.bash
[0.962s] -- Up-to-date: /home/mrush/exercise/src/ros-exercises/install/exercise/share/exercise/local_setup.sh
[0.963s] -- Up-to-date: /home/mrush/exercise/src/ros-exercises/install/exercise/share/exercise/local_setup.zsh
[0.965s] -- Up-to-date: /home/mrush/exercise/src/ros-exercises/install/exercise/share/exercise/local_setup.dsv
[0.972s] -- Installing: /home/mrush/exercise/src/ros-exercises/install/exercise/share/exercise/package.dsv
[0.973s] -- Up-to-date: /home/mrush/exercise/src/ros-exercises/install/exercise/share/ament_index/resource_index/packages/exercise
[0.973s] -- Up-to-date: /home/mrush/exercise/src/ros-exercises/install/exercise/share/exercise/cmake/exerciseConfig.cmake
[0.973s] -- Up-to-date: /home/mrush/exercise/src/ros-exercises/install/exercise/share/exercise/cmake/exerciseConfig-version.cmake
[0.973s] -- Up-to-date: /home/mrush/exercise/src/ros-exercises/install/exercise/share/exercise/package.xml
[0.974s] Invoked command in '/home/mrush/exercise/src/ros-exercises/build/exercise' returned '0': CMAKE_PREFIX_PATH=${CMAKE_PREFIX_PATH}:/home/mrush/exercise/src/ros-exercises/install/navigation2_dist:/opt/ros/humble WSLENV=ELECTRON_RUN_AS_NODE/w: /usr/bin/cmake --install /home/mrush/exercise/src/ros-exercises/build/exercise
