[2.296s] Invoking command in '/home/mrush/exercise/src/ros-exercises/navigation2_planners/navigation2_dist': PYTHONPATH=/home/mrush/exercise/src/ros-exercises/build/navigation2_dist/prefix_override:/home/mrush/exercise/src/ros-exercises/install/navigation2_dist/lib/python3.10/site-packages:${PYTHONPATH} /usr/bin/python3 setup.py egg_info --egg-base ../../build/navigation2_dist build --build-base /home/mrush/exercise/src/ros-exercises/build/navigation2_dist/build install --record /home/mrush/exercise/src/ros-exercises/build/navigation2_dist/install.log --single-version-externally-managed
[2.714s] running egg_info
[2.716s] writing ../../build/navigation2_dist/navigation2_dist.egg-info/PKG-INFO
[2.716s] writing dependency_links to ../../build/navigation2_dist/navigation2_dist.egg-info/dependency_links.txt
[2.717s] writing entry points to ../../build/navigation2_dist/navigation2_dist.egg-info/entry_points.txt
[2.717s] writing requirements to ../../build/navigation2_dist/navigation2_dist.egg-info/requires.txt
[2.717s] writing top-level names to ../../build/navigation2_dist/navigation2_dist.egg-info/top_level.txt
[2.722s] reading manifest file '../../build/navigation2_dist/navigation2_dist.egg-info/SOURCES.txt'
[2.724s] writing manifest file '../../build/navigation2_dist/navigation2_dist.egg-info/SOURCES.txt'
[2.724s] running build
[2.724s] running build_py
[2.725s] /usr/lib/python3/dist-packages/setuptools/command/install.py:34: SetuptoolsDeprecationWarning: setup.py install is deprecated. Use build and pip and other standards-based tools.
[2.725s]   warnings.warn(
[2.725s] running install
[2.725s] running install_lib
[2.727s] running install_data
[2.729s] running install_egg_info
[2.737s] removing '/home/mrush/exercise/src/ros-exercises/install/navigation2_dist/lib/python3.10/site-packages/navigation2_dist-0.0.0-py3.10.egg-info' (and everything under it)
[2.741s] Copying ../../build/navigation2_dist/navigation2_dist.egg-info to /home/mrush/exercise/src/ros-exercises/install/navigation2_dist/lib/python3.10/site-packages/navigation2_dist-0.0.0-py3.10.egg-info
[2.743s] running install_scripts
[2.782s] Installing path_len script to /home/mrush/exercise/src/ros-exercises/install/navigation2_dist/lib/navigation2_dist
[2.782s] writing list of installed files to '/home/mrush/exercise/src/ros-exercises/build/navigation2_dist/install.log'
[2.863s] Invoked command in '/home/mrush/exercise/src/ros-exercises/navigation2_planners/navigation2_dist' returned '0': PYTHONPATH=/home/mrush/exercise/src/ros-exercises/build/navigation2_dist/prefix_override:/home/mrush/exercise/src/ros-exercises/install/navigation2_dist/lib/python3.10/site-packages:${PYTHONPATH} /usr/bin/python3 setup.py egg_info --egg-base ../../build/navigation2_dist build --build-base /home/mrush/exercise/src/ros-exercises/build/navigation2_dist/build install --record /home/mrush/exercise/src/ros-exercises/build/navigation2_dist/install.log --single-version-externally-managed
