[2.299s] DEBUG:colcon:Command line arguments: ['/usr/bin/colcon', 'build']
[2.300s] DEBUG:colcon:Parsed command line arguments: Namespace(log_base=None, log_level=None, verb_name='build', build_base='build', install_base='install', merge_install=False, symlink_install=False, test_result_base=None, continue_on_error=False, executor='parallel', parallel_workers=8, event_handlers=None, ignore_user_meta=False, metas=['./colcon.meta'], base_paths=['.'], packages_ignore=None, packages_ignore_regex=None, paths=None, packages_up_to=None, packages_up_to_regex=None, packages_above=None, packages_above_and_dependencies=None, packages_above_depth=None, packages_select_by_dep=None, packages_skip_by_dep=None, packages_skip_up_to=None, packages_select_build_failed=False, packages_skip_build_finished=False, packages_select_test_failures=False, packages_skip_test_passed=False, packages_select=None, packages_skip=None, packages_select_regex=None, packages_skip_regex=None, packages_start=None, packages_end=None, allow_overriding=[], cmake_args=None, cmake_target=None, cmake_target_skip_unavailable=False, cmake_clean_cache=False, cmake_clean_first=False, cmake_force_configure=False, ament_cmake_args=None, catkin_cmake_args=None, catkin_skip_building_tests=False, verb_parser=<colcon_defaults.argument_parser.defaults.DefaultArgumentsDecorator object at 0x7f833e768490>, verb_extension=<colcon_core.verb.build.BuildVerb object at 0x7f833eaad750>, main=<bound method BuildVerb.main of <colcon_core.verb.build.BuildVerb object at 0x7f833eaad750>>)
[2.426s] Level 1:colcon.colcon_core.package_discovery:discover_packages(colcon_meta) check parameters
[2.427s] Level 1:colcon.colcon_core.package_discovery:discover_packages(recursive) check parameters
[2.427s] Level 1:colcon.colcon_core.package_discovery:discover_packages(ignore) check parameters
[2.427s] Level 1:colcon.colcon_core.package_discovery:discover_packages(path) check parameters
[2.427s] Level 1:colcon.colcon_core.package_discovery:discover_packages(colcon_meta) discover
[2.428s] Level 1:colcon.colcon_core.package_discovery:discover_packages(recursive) discover
[2.428s] INFO:colcon.colcon_core.package_discovery:Crawling recursively for packages in '/home/mrush/exercise/src/ros-exercises'
[2.428s] Level 1:colcon.colcon_core.package_identification:_identify(.) by extensions ['ignore', 'ignore_ament_install']
[2.428s] Level 1:colcon.colcon_core.package_identification:_identify(.) by extension 'ignore'
[2.428s] Level 1:colcon.colcon_core.package_identification:_identify(.) by extension 'ignore_ament_install'
[2.429s] Level 1:colcon.colcon_core.package_identification:_identify(.) by extensions ['colcon_pkg']
[2.429s] Level 1:colcon.colcon_core.package_identification:_identify(.) by extension 'colcon_pkg'
[2.429s] Level 1:colcon.colcon_core.package_identification:_identify(.) by extensions ['colcon_meta']
[2.429s] Level 1:colcon.colcon_core.package_identification:_identify(.) by extension 'colcon_meta'
[2.429s] Level 1:colcon.colcon_core.package_identification:_identify(.) by extensions ['ros']
[2.429s] Level 1:colcon.colcon_core.package_identification:_identify(.) by extension 'ros'
[2.474s] Level 1:colcon.colcon_core.package_identification:_identify(.) by extensions ['cmake', 'python']
[2.475s] Level 1:colcon.colcon_core.package_identification:_identify(.) by extension 'cmake'
[2.475s] Level 1:colcon.colcon_core.package_identification:_identify(.) by extension 'python'
[2.475s] Level 1:colcon.colcon_core.package_identification:_identify(.) by extensions ['python_setup_py']
[2.475s] Level 1:colcon.colcon_core.package_identification:_identify(.) by extension 'python_setup_py'
[2.476s] Level 1:colcon.colcon_core.package_identification:_identify(build) by extensions ['ignore', 'ignore_ament_install']
[2.476s] Level 1:colcon.colcon_core.package_identification:_identify(build) by extension 'ignore'
[2.476s] Level 1:colcon.colcon_core.package_identification:_identify(build) ignored
[2.477s] Level 1:colcon.colcon_core.package_identification:_identify(ex_solution) by extensions ['ignore', 'ignore_ament_install']
[2.477s] Level 1:colcon.colcon_core.package_identification:_identify(ex_solution) by extension 'ignore'
[2.477s] Level 1:colcon.colcon_core.package_identification:_identify(ex_solution) by extension 'ignore_ament_install'
[2.477s] Level 1:colcon.colcon_core.package_identification:_identify(ex_solution) by extensions ['colcon_pkg']
[2.477s] Level 1:colcon.colcon_core.package_identification:_identify(ex_solution) by extension 'colcon_pkg'
[2.477s] Level 1:colcon.colcon_core.package_identification:_identify(ex_solution) by extensions ['colcon_meta']
[2.477s] Level 1:colcon.colcon_core.package_identification:_identify(ex_solution) by extension 'colcon_meta'
[2.478s] Level 1:colcon.colcon_core.package_identification:_identify(ex_solution) by extensions ['ros']
[2.478s] Level 1:colcon.colcon_core.package_identification:_identify(ex_solution) by extension 'ros'
[2.489s] DEBUG:colcon.colcon_core.package_identification:Package 'ex_solution' with type 'ros.ament_cmake' and name 'ex_solution'
[2.490s] Level 1:colcon.colcon_core.package_identification:_identify(exercise) by extensions ['ignore', 'ignore_ament_install']
[2.491s] Level 1:colcon.colcon_core.package_identification:_identify(exercise) by extension 'ignore'
[2.492s] Level 1:colcon.colcon_core.package_identification:_identify(exercise) by extension 'ignore_ament_install'
[2.492s] Level 1:colcon.colcon_core.package_identification:_identify(exercise) by extensions ['colcon_pkg']
[2.492s] Level 1:colcon.colcon_core.package_identification:_identify(exercise) by extension 'colcon_pkg'
[2.492s] Level 1:colcon.colcon_core.package_identification:_identify(exercise) by extensions ['colcon_meta']
[2.493s] Level 1:colcon.colcon_core.package_identification:_identify(exercise) by extension 'colcon_meta'
[2.493s] Level 1:colcon.colcon_core.package_identification:_identify(exercise) by extensions ['ros']
[2.493s] Level 1:colcon.colcon_core.package_identification:_identify(exercise) by extension 'ros'
[2.497s] DEBUG:colcon.colcon_core.package_identification:Package 'exercise' with type 'ros.ament_cmake' and name 'exercise'
[2.499s] Level 1:colcon.colcon_core.package_identification:_identify(fibonacci_action) by extensions ['ignore', 'ignore_ament_install']
[2.499s] Level 1:colcon.colcon_core.package_identification:_identify(fibonacci_action) by extension 'ignore'
[2.499s] Level 1:colcon.colcon_core.package_identification:_identify(fibonacci_action) by extension 'ignore_ament_install'
[2.500s] Level 1:colcon.colcon_core.package_identification:_identify(fibonacci_action) by extensions ['colcon_pkg']
[2.500s] Level 1:colcon.colcon_core.package_identification:_identify(fibonacci_action) by extension 'colcon_pkg'
[2.500s] Level 1:colcon.colcon_core.package_identification:_identify(fibonacci_action) by extensions ['colcon_meta']
[2.500s] Level 1:colcon.colcon_core.package_identification:_identify(fibonacci_action) by extension 'colcon_meta'
[2.500s] Level 1:colcon.colcon_core.package_identification:_identify(fibonacci_action) by extensions ['ros']
[2.500s] Level 1:colcon.colcon_core.package_identification:_identify(fibonacci_action) by extension 'ros'
[2.502s] DEBUG:colcon.colcon_core.package_identification:Package 'fibonacci_action' with type 'ros.ament_cmake' and name 'fibonacci_action'
[2.502s] Level 1:colcon.colcon_core.package_identification:_identify(install) by extensions ['ignore', 'ignore_ament_install']
[2.502s] Level 1:colcon.colcon_core.package_identification:_identify(install) by extension 'ignore'
[2.502s] Level 1:colcon.colcon_core.package_identification:_identify(install) ignored
[2.503s] Level 1:colcon.colcon_core.package_identification:_identify(log) by extensions ['ignore', 'ignore_ament_install']
[2.503s] Level 1:colcon.colcon_core.package_identification:_identify(log) by extension 'ignore'
[2.503s] Level 1:colcon.colcon_core.package_identification:_identify(log) ignored
[2.503s] Level 1:colcon.colcon_core.package_identification:_identify(navigation2_planners) by extensions ['ignore', 'ignore_ament_install']
[2.503s] Level 1:colcon.colcon_core.package_identification:_identify(navigation2_planners) by extension 'ignore'
[2.503s] Level 1:colcon.colcon_core.package_identification:_identify(navigation2_planners) by extension 'ignore_ament_install'
[2.504s] Level 1:colcon.colcon_core.package_identification:_identify(navigation2_planners) by extensions ['colcon_pkg']
[2.504s] Level 1:colcon.colcon_core.package_identification:_identify(navigation2_planners) by extension 'colcon_pkg'
[2.504s] Level 1:colcon.colcon_core.package_identification:_identify(navigation2_planners) by extensions ['colcon_meta']
[2.504s] Level 1:colcon.colcon_core.package_identification:_identify(navigation2_planners) by extension 'colcon_meta'
[2.504s] Level 1:colcon.colcon_core.package_identification:_identify(navigation2_planners) by extensions ['ros']
[2.504s] Level 1:colcon.colcon_core.package_identification:_identify(navigation2_planners) by extension 'ros'
[2.505s] Level 1:colcon.colcon_core.package_identification:_identify(navigation2_planners) by extensions ['cmake', 'python']
[2.505s] Level 1:colcon.colcon_core.package_identification:_identify(navigation2_planners) by extension 'cmake'
[2.505s] Level 1:colcon.colcon_core.package_identification:_identify(navigation2_planners) by extension 'python'
[2.505s] Level 1:colcon.colcon_core.package_identification:_identify(navigation2_planners) by extensions ['python_setup_py']
[2.506s] Level 1:colcon.colcon_core.package_identification:_identify(navigation2_planners) by extension 'python_setup_py'
[2.514s] Level 1:colcon.colcon_core.package_identification:_identify(navigation2_planners/navigation2_dist) by extensions ['ignore', 'ignore_ament_install']
[2.518s] Level 1:colcon.colcon_core.package_identification:_identify(navigation2_planners/navigation2_dist) by extension 'ignore'
[2.518s] Level 1:colcon.colcon_core.package_identification:_identify(navigation2_planners/navigation2_dist) by extension 'ignore_ament_install'
[2.518s] Level 1:colcon.colcon_core.package_identification:_identify(navigation2_planners/navigation2_dist) by extensions ['colcon_pkg']
[2.518s] Level 1:colcon.colcon_core.package_identification:_identify(navigation2_planners/navigation2_dist) by extension 'colcon_pkg'
[2.518s] Level 1:colcon.colcon_core.package_identification:_identify(navigation2_planners/navigation2_dist) by extensions ['colcon_meta']
[2.518s] Level 1:colcon.colcon_core.package_identification:_identify(navigation2_planners/navigation2_dist) by extension 'colcon_meta'
[2.519s] Level 1:colcon.colcon_core.package_identification:_identify(navigation2_planners/navigation2_dist) by extensions ['ros']
[2.519s] Level 1:colcon.colcon_core.package_identification:_identify(navigation2_planners/navigation2_dist) by extension 'ros'
[2.520s] DEBUG:colcon.colcon_core.package_identification:Package 'navigation2_planners/navigation2_dist' with type 'ros.ament_python' and name 'navigation2_dist'
[2.520s] Level 1:colcon.colcon_core.package_identification:_identify(navigation2_planners/navigation2_turtlebot) by extensions ['ignore', 'ignore_ament_install']
[2.521s] Level 1:colcon.colcon_core.package_identification:_identify(navigation2_planners/navigation2_turtlebot) by extension 'ignore'
[2.521s] Level 1:colcon.colcon_core.package_identification:_identify(navigation2_planners/navigation2_turtlebot) by extension 'ignore_ament_install'
[2.521s] Level 1:colcon.colcon_core.package_identification:_identify(navigation2_planners/navigation2_turtlebot) by extensions ['colcon_pkg']
[2.521s] Level 1:colcon.colcon_core.package_identification:_identify(navigation2_planners/navigation2_turtlebot) by extension 'colcon_pkg'
[2.521s] Level 1:colcon.colcon_core.package_identification:_identify(navigation2_planners/navigation2_turtlebot) by extensions ['colcon_meta']
[2.521s] Level 1:colcon.colcon_core.package_identification:_identify(navigation2_planners/navigation2_turtlebot) by extension 'colcon_meta'
[2.521s] Level 1:colcon.colcon_core.package_identification:_identify(navigation2_planners/navigation2_turtlebot) by extensions ['ros']
[2.521s] Level 1:colcon.colcon_core.package_identification:_identify(navigation2_planners/navigation2_turtlebot) by extension 'ros'
[2.523s] DEBUG:colcon.colcon_core.package_identification:Package 'navigation2_planners/navigation2_turtlebot' with type 'ros.ament_cmake' and name 'navigation2_turtle'
[2.524s] Level 1:colcon.colcon_core.package_identification:_identify(pub_sub) by extensions ['ignore', 'ignore_ament_install']
[2.524s] Level 1:colcon.colcon_core.package_identification:_identify(pub_sub) by extension 'ignore'
[2.524s] Level 1:colcon.colcon_core.package_identification:_identify(pub_sub) by extension 'ignore_ament_install'
[2.524s] Level 1:colcon.colcon_core.package_identification:_identify(pub_sub) by extensions ['colcon_pkg']
[2.524s] Level 1:colcon.colcon_core.package_identification:_identify(pub_sub) by extension 'colcon_pkg'
[2.525s] Level 1:colcon.colcon_core.package_identification:_identify(pub_sub) by extensions ['colcon_meta']
[2.525s] Level 1:colcon.colcon_core.package_identification:_identify(pub_sub) by extension 'colcon_meta'
[2.525s] Level 1:colcon.colcon_core.package_identification:_identify(pub_sub) by extensions ['ros']
[2.525s] Level 1:colcon.colcon_core.package_identification:_identify(pub_sub) by extension 'ros'
[2.526s] DEBUG:colcon.colcon_core.package_identification:Package 'pub_sub' with type 'ros.ament_cmake' and name 'pub_sub'
[2.526s] Level 1:colcon.colcon_core.package_discovery:discover_packages(recursive) using defaults
[2.526s] Level 1:colcon.colcon_core.package_discovery:discover_packages(ignore) discover
[2.526s] Level 1:colcon.colcon_core.package_discovery:discover_packages(ignore) using defaults
[2.526s] Level 1:colcon.colcon_core.package_discovery:discover_packages(path) discover
[2.526s] Level 1:colcon.colcon_core.package_discovery:discover_packages(path) using defaults
[2.824s] Level 1:colcon.colcon_core.package_discovery:discover_packages(prefix_path) check parameters
[2.825s] Level 1:colcon.colcon_core.package_discovery:discover_packages(prefix_path) discover
[2.908s] DEBUG:colcon.colcon_installed_package_information.package_discovery:Found 6 installed packages in /home/mrush/exercise/src/ros-exercises/install
[2.943s] DEBUG:colcon.colcon_installed_package_information.package_discovery:Found 329 installed packages in /opt/ros/humble
[2.947s] Level 1:colcon.colcon_core.package_discovery:discover_packages(prefix_path) using defaults
[3.267s] Level 5:colcon.colcon_core.verb:set package 'ex_solution' build argument 'cmake_args' from command line to 'None'
[3.267s] Level 5:colcon.colcon_core.verb:set package 'ex_solution' build argument 'cmake_target' from command line to 'None'
[3.267s] Level 5:colcon.colcon_core.verb:set package 'ex_solution' build argument 'cmake_target_skip_unavailable' from command line to 'False'
[3.267s] Level 5:colcon.colcon_core.verb:set package 'ex_solution' build argument 'cmake_clean_cache' from command line to 'False'
[3.267s] Level 5:colcon.colcon_core.verb:set package 'ex_solution' build argument 'cmake_clean_first' from command line to 'False'
[3.267s] Level 5:colcon.colcon_core.verb:set package 'ex_solution' build argument 'cmake_force_configure' from command line to 'False'
[3.267s] Level 5:colcon.colcon_core.verb:set package 'ex_solution' build argument 'ament_cmake_args' from command line to 'None'
[3.268s] Level 5:colcon.colcon_core.verb:set package 'ex_solution' build argument 'catkin_cmake_args' from command line to 'None'
[3.268s] Level 5:colcon.colcon_core.verb:set package 'ex_solution' build argument 'catkin_skip_building_tests' from command line to 'False'
[3.268s] DEBUG:colcon.colcon_core.verb:Building package 'ex_solution' with the following arguments: {'ament_cmake_args': None, 'build_base': '/home/mrush/exercise/src/ros-exercises/build/ex_solution', 'catkin_cmake_args': None, 'catkin_skip_building_tests': False, 'cmake_args': None, 'cmake_clean_cache': False, 'cmake_clean_first': False, 'cmake_force_configure': False, 'cmake_target': None, 'cmake_target_skip_unavailable': False, 'install_base': '/home/mrush/exercise/src/ros-exercises/install/ex_solution', 'merge_install': False, 'path': '/home/mrush/exercise/src/ros-exercises/ex_solution', 'symlink_install': False, 'test_result_base': None}
[3.288s] Level 5:colcon.colcon_core.verb:set package 'exercise' build argument 'cmake_args' from command line to 'None'
[3.289s] Level 5:colcon.colcon_core.verb:set package 'exercise' build argument 'cmake_target' from command line to 'None'
[3.289s] Level 5:colcon.colcon_core.verb:set package 'exercise' build argument 'cmake_target_skip_unavailable' from command line to 'False'
[3.289s] Level 5:colcon.colcon_core.verb:set package 'exercise' build argument 'cmake_clean_cache' from command line to 'False'
[3.290s] Level 5:colcon.colcon_core.verb:set package 'exercise' build argument 'cmake_clean_first' from command line to 'False'
[3.290s] Level 5:colcon.colcon_core.verb:set package 'exercise' build argument 'cmake_force_configure' from command line to 'False'
[3.290s] Level 5:colcon.colcon_core.verb:set package 'exercise' build argument 'ament_cmake_args' from command line to 'None'
[3.290s] Level 5:colcon.colcon_core.verb:set package 'exercise' build argument 'catkin_cmake_args' from command line to 'None'
[3.290s] Level 5:colcon.colcon_core.verb:set package 'exercise' build argument 'catkin_skip_building_tests' from command line to 'False'
[3.290s] DEBUG:colcon.colcon_core.verb:Building package 'exercise' with the following arguments: {'ament_cmake_args': None, 'build_base': '/home/mrush/exercise/src/ros-exercises/build/exercise', 'catkin_cmake_args': None, 'catkin_skip_building_tests': False, 'cmake_args': None, 'cmake_clean_cache': False, 'cmake_clean_first': False, 'cmake_force_configure': False, 'cmake_target': None, 'cmake_target_skip_unavailable': False, 'install_base': '/home/mrush/exercise/src/ros-exercises/install/exercise', 'merge_install': False, 'path': '/home/mrush/exercise/src/ros-exercises/exercise', 'symlink_install': False, 'test_result_base': None}
[3.314s] Level 5:colcon.colcon_core.verb:set package 'fibonacci_action' build argument 'cmake_args' from command line to 'None'
[3.315s] Level 5:colcon.colcon_core.verb:set package 'fibonacci_action' build argument 'cmake_target' from command line to 'None'
[3.315s] Level 5:colcon.colcon_core.verb:set package 'fibonacci_action' build argument 'cmake_target_skip_unavailable' from command line to 'False'
[3.315s] Level 5:colcon.colcon_core.verb:set package 'fibonacci_action' build argument 'cmake_clean_cache' from command line to 'False'
[3.315s] Level 5:colcon.colcon_core.verb:set package 'fibonacci_action' build argument 'cmake_clean_first' from command line to 'False'
[3.315s] Level 5:colcon.colcon_core.verb:set package 'fibonacci_action' build argument 'cmake_force_configure' from command line to 'False'
[3.315s] Level 5:colcon.colcon_core.verb:set package 'fibonacci_action' build argument 'ament_cmake_args' from command line to 'None'
[3.315s] Level 5:colcon.colcon_core.verb:set package 'fibonacci_action' build argument 'catkin_cmake_args' from command line to 'None'
[3.315s] Level 5:colcon.colcon_core.verb:set package 'fibonacci_action' build argument 'catkin_skip_building_tests' from command line to 'False'
[3.315s] DEBUG:colcon.colcon_core.verb:Building package 'fibonacci_action' with the following arguments: {'ament_cmake_args': None, 'build_base': '/home/mrush/exercise/src/ros-exercises/build/fibonacci_action', 'catkin_cmake_args': None, 'catkin_skip_building_tests': False, 'cmake_args': None, 'cmake_clean_cache': False, 'cmake_clean_first': False, 'cmake_force_configure': False, 'cmake_target': None, 'cmake_target_skip_unavailable': False, 'install_base': '/home/mrush/exercise/src/ros-exercises/install/fibonacci_action', 'merge_install': False, 'path': '/home/mrush/exercise/src/ros-exercises/fibonacci_action', 'symlink_install': False, 'test_result_base': None}
[3.337s] Level 5:colcon.colcon_core.verb:set package 'navigation2_dist' build argument 'cmake_args' from command line to 'None'
[3.338s] Level 5:colcon.colcon_core.verb:set package 'navigation2_dist' build argument 'cmake_target' from command line to 'None'
[3.338s] Level 5:colcon.colcon_core.verb:set package 'navigation2_dist' build argument 'cmake_target_skip_unavailable' from command line to 'False'
[3.338s] Level 5:colcon.colcon_core.verb:set package 'navigation2_dist' build argument 'cmake_clean_cache' from command line to 'False'
[3.338s] Level 5:colcon.colcon_core.verb:set package 'navigation2_dist' build argument 'cmake_clean_first' from command line to 'False'
[3.338s] Level 5:colcon.colcon_core.verb:set package 'navigation2_dist' build argument 'cmake_force_configure' from command line to 'False'
[3.338s] Level 5:colcon.colcon_core.verb:set package 'navigation2_dist' build argument 'ament_cmake_args' from command line to 'None'
[3.338s] Level 5:colcon.colcon_core.verb:set package 'navigation2_dist' build argument 'catkin_cmake_args' from command line to 'None'
[3.338s] Level 5:colcon.colcon_core.verb:set package 'navigation2_dist' build argument 'catkin_skip_building_tests' from command line to 'False'
[3.338s] DEBUG:colcon.colcon_core.verb:Building package 'navigation2_dist' with the following arguments: {'ament_cmake_args': None, 'build_base': '/home/mrush/exercise/src/ros-exercises/build/navigation2_dist', 'catkin_cmake_args': None, 'catkin_skip_building_tests': False, 'cmake_args': None, 'cmake_clean_cache': False, 'cmake_clean_first': False, 'cmake_force_configure': False, 'cmake_target': None, 'cmake_target_skip_unavailable': False, 'install_base': '/home/mrush/exercise/src/ros-exercises/install/navigation2_dist', 'merge_install': False, 'path': '/home/mrush/exercise/src/ros-exercises/navigation2_planners/navigation2_dist', 'symlink_install': False, 'test_result_base': None}
[3.364s] Level 5:colcon.colcon_core.verb:set package 'navigation2_turtle' build argument 'cmake_args' from command line to 'None'
[3.364s] Level 5:colcon.colcon_core.verb:set package 'navigation2_turtle' build argument 'cmake_target' from command line to 'None'
[3.364s] Level 5:colcon.colcon_core.verb:set package 'navigation2_turtle' build argument 'cmake_target_skip_unavailable' from command line to 'False'
[3.364s] Level 5:colcon.colcon_core.verb:set package 'navigation2_turtle' build argument 'cmake_clean_cache' from command line to 'False'
[3.364s] Level 5:colcon.colcon_core.verb:set package 'navigation2_turtle' build argument 'cmake_clean_first' from command line to 'False'
[3.364s] Level 5:colcon.colcon_core.verb:set package 'navigation2_turtle' build argument 'cmake_force_configure' from command line to 'False'
[3.364s] Level 5:colcon.colcon_core.verb:set package 'navigation2_turtle' build argument 'ament_cmake_args' from command line to 'None'
[3.364s] Level 5:colcon.colcon_core.verb:set package 'navigation2_turtle' build argument 'catkin_cmake_args' from command line to 'None'
[3.364s] Level 5:colcon.colcon_core.verb:set package 'navigation2_turtle' build argument 'catkin_skip_building_tests' from command line to 'False'
[3.365s] DEBUG:colcon.colcon_core.verb:Building package 'navigation2_turtle' with the following arguments: {'ament_cmake_args': None, 'build_base': '/home/mrush/exercise/src/ros-exercises/build/navigation2_turtle', 'catkin_cmake_args': None, 'catkin_skip_building_tests': False, 'cmake_args': None, 'cmake_clean_cache': False, 'cmake_clean_first': False, 'cmake_force_configure': False, 'cmake_target': None, 'cmake_target_skip_unavailable': False, 'install_base': '/home/mrush/exercise/src/ros-exercises/install/navigation2_turtle', 'merge_install': False, 'path': '/home/mrush/exercise/src/ros-exercises/navigation2_planners/navigation2_turtlebot', 'symlink_install': False, 'test_result_base': None}
[3.387s] Level 5:colcon.colcon_core.verb:set package 'pub_sub' build argument 'cmake_args' from command line to 'None'
[3.388s] Level 5:colcon.colcon_core.verb:set package 'pub_sub' build argument 'cmake_target' from command line to 'None'
[3.388s] Level 5:colcon.colcon_core.verb:set package 'pub_sub' build argument 'cmake_target_skip_unavailable' from command line to 'False'
[3.388s] Level 5:colcon.colcon_core.verb:set package 'pub_sub' build argument 'cmake_clean_cache' from command line to 'False'
[3.388s] Level 5:colcon.colcon_core.verb:set package 'pub_sub' build argument 'cmake_clean_first' from command line to 'False'
[3.388s] Level 5:colcon.colcon_core.verb:set package 'pub_sub' build argument 'cmake_force_configure' from command line to 'False'
[3.388s] Level 5:colcon.colcon_core.verb:set package 'pub_sub' build argument 'ament_cmake_args' from command line to 'None'
[3.388s] Level 5:colcon.colcon_core.verb:set package 'pub_sub' build argument 'catkin_cmake_args' from command line to 'None'
[3.389s] Level 5:colcon.colcon_core.verb:set package 'pub_sub' build argument 'catkin_skip_building_tests' from command line to 'False'
[3.389s] DEBUG:colcon.colcon_core.verb:Building package 'pub_sub' with the following arguments: {'ament_cmake_args': None, 'build_base': '/home/mrush/exercise/src/ros-exercises/build/pub_sub', 'catkin_cmake_args': None, 'catkin_skip_building_tests': False, 'cmake_args': None, 'cmake_clean_cache': False, 'cmake_clean_first': False, 'cmake_force_configure': False, 'cmake_target': None, 'cmake_target_skip_unavailable': False, 'install_base': '/home/mrush/exercise/src/ros-exercises/install/pub_sub', 'merge_install': False, 'path': '/home/mrush/exercise/src/ros-exercises/pub_sub', 'symlink_install': False, 'test_result_base': None}
[3.410s] INFO:colcon.colcon_core.executor:Executing jobs using 'parallel' executor
[3.446s] DEBUG:colcon.colcon_parallel_executor.executor.parallel:run_until_complete
[3.447s] INFO:colcon.colcon_ros.task.ament_cmake.build:Building ROS package in '/home/mrush/exercise/src/ros-exercises/ex_solution' with build type 'ament_cmake'
[3.448s] INFO:colcon.colcon_cmake.task.cmake.build:Building CMake package in '/home/mrush/exercise/src/ros-exercises/ex_solution'
[3.499s] INFO:colcon.colcon_core.plugin_system:Skipping extension 'colcon_core.shell.bat': Not used on non-Windows systems
[3.499s] INFO:colcon.colcon_core.shell:Skip shell extension 'powershell' for command environment: Not usable outside of PowerShell
[3.500s] DEBUG:colcon.colcon_core.shell:Skip shell extension 'dsv' for command environment
[3.610s] INFO:colcon.colcon_ros.task.ament_cmake.build:Building ROS package in '/home/mrush/exercise/src/ros-exercises/exercise' with build type 'ament_cmake'
[3.611s] INFO:colcon.colcon_cmake.task.cmake.build:Building CMake package in '/home/mrush/exercise/src/ros-exercises/exercise'
[3.651s] INFO:colcon.colcon_core.shell:Skip shell extension 'powershell' for command environment: Not usable outside of PowerShell
[3.651s] DEBUG:colcon.colcon_core.shell:Skip shell extension 'dsv' for command environment
[3.746s] INFO:colcon.colcon_ros.task.ament_cmake.build:Building ROS package in '/home/mrush/exercise/src/ros-exercises/fibonacci_action' with build type 'ament_cmake'
[3.747s] INFO:colcon.colcon_cmake.task.cmake.build:Building CMake package in '/home/mrush/exercise/src/ros-exercises/fibonacci_action'
[3.785s] INFO:colcon.colcon_core.shell:Skip shell extension 'powershell' for command environment: Not usable outside of PowerShell
[3.785s] DEBUG:colcon.colcon_core.shell:Skip shell extension 'dsv' for command environment
[3.896s] INFO:colcon.colcon_ros.task.ament_python.build:Building ROS package in '/home/mrush/exercise/src/ros-exercises/navigation2_planners/navigation2_dist' with build type 'ament_python'
[3.897s] Level 1:colcon.colcon_core.shell:create_environment_hook('navigation2_dist', 'ament_prefix_path')
[3.947s] INFO:colcon.colcon_core.shell:Creating environment hook '/home/mrush/exercise/src/ros-exercises/install/navigation2_dist/share/navigation2_dist/hook/ament_prefix_path.ps1'
[3.948s] INFO:colcon.colcon_core.shell:Creating environment descriptor '/home/mrush/exercise/src/ros-exercises/install/navigation2_dist/share/navigation2_dist/hook/ament_prefix_path.dsv'
[3.951s] INFO:colcon.colcon_core.shell:Creating environment hook '/home/mrush/exercise/src/ros-exercises/install/navigation2_dist/share/navigation2_dist/hook/ament_prefix_path.sh'
[3.995s] INFO:colcon.colcon_core.shell:Skip shell extension 'powershell' for command environment: Not usable outside of PowerShell
[3.995s] DEBUG:colcon.colcon_core.shell:Skip shell extension 'dsv' for command environment
[4.079s] INFO:colcon.colcon_ros.task.ament_cmake.build:Building ROS package in '/home/mrush/exercise/src/ros-exercises/navigation2_planners/navigation2_turtlebot' with build type 'ament_cmake'
[4.080s] INFO:colcon.colcon_cmake.task.cmake.build:Building CMake package in '/home/mrush/exercise/src/ros-exercises/navigation2_planners/navigation2_turtlebot'
[4.120s] INFO:colcon.colcon_core.shell:Skip shell extension 'powershell' for command environment: Not usable outside of PowerShell
[4.121s] DEBUG:colcon.colcon_core.shell:Skip shell extension 'dsv' for command environment
[4.224s] INFO:colcon.colcon_ros.task.ament_cmake.build:Building ROS package in '/home/mrush/exercise/src/ros-exercises/pub_sub' with build type 'ament_cmake'
[4.225s] INFO:colcon.colcon_cmake.task.cmake.build:Building CMake package in '/home/mrush/exercise/src/ros-exercises/pub_sub'
[4.255s] INFO:colcon.colcon_core.shell:Skip shell extension 'powershell' for command environment: Not usable outside of PowerShell
[4.256s] DEBUG:colcon.colcon_core.shell:Skip shell extension 'dsv' for command environment
[4.380s] DEBUG:colcon.colcon_core.event_handler.log_command:Invoking command in '/home/mrush/exercise/src/ros-exercises/build/ex_solution': CMAKE_PREFIX_PATH=${CMAKE_PREFIX_PATH}:/home/mrush/exercise/src/ros-exercises/install/navigation2_dist:/opt/ros/humble WSLENV=ELECTRON_RUN_AS_NODE/w: /usr/bin/cmake --build /home/mrush/exercise/src/ros-exercises/build/ex_solution -- -j8 -l8
[4.389s] DEBUG:colcon.colcon_core.event_handler.log_command:Invoking command in '/home/mrush/exercise/src/ros-exercises/build/exercise': CMAKE_PREFIX_PATH=${CMAKE_PREFIX_PATH}:/home/mrush/exercise/src/ros-exercises/install/navigation2_dist:/opt/ros/humble WSLENV=ELECTRON_RUN_AS_NODE/w: /usr/bin/cmake --build /home/mrush/exercise/src/ros-exercises/build/exercise -- -j8 -l8
[4.400s] DEBUG:colcon.colcon_core.event_handler.log_command:Invoking command in '/home/mrush/exercise/src/ros-exercises/build/fibonacci_action': CMAKE_PREFIX_PATH=${CMAKE_PREFIX_PATH}:/home/mrush/exercise/src/ros-exercises/install/navigation2_dist:/opt/ros/humble WSLENV=ELECTRON_RUN_AS_NODE/w: /usr/bin/cmake --build /home/mrush/exercise/src/ros-exercises/build/fibonacci_action -- -j8 -l8
[5.023s] INFO:colcon.colcon_core.task.python.build:Building Python package in '/home/mrush/exercise/src/ros-exercises/navigation2_planners/navigation2_dist'
[5.058s] INFO:colcon.colcon_core.shell:Skip shell extension 'powershell' for command environment: Not usable outside of PowerShell
[5.058s] DEBUG:colcon.colcon_core.shell:Skip shell extension 'dsv' for command environment
[5.161s] DEBUG:colcon.colcon_core.event_handler.log_command:Invoking command in '/home/mrush/exercise/src/ros-exercises/build/navigation2_turtle': CMAKE_PREFIX_PATH=${CMAKE_PREFIX_PATH}:/home/mrush/exercise/src/ros-exercises/install/navigation2_dist:/opt/ros/humble WSLENV=ELECTRON_RUN_AS_NODE/w: /usr/bin/cmake --build /home/mrush/exercise/src/ros-exercises/build/navigation2_turtle -- -j8 -l8
[5.262s] DEBUG:colcon.colcon_core.event_handler.log_command:Invoking command in '/home/mrush/exercise/src/ros-exercises/build/pub_sub': CMAKE_PREFIX_PATH=${CMAKE_PREFIX_PATH}:/home/mrush/exercise/src/ros-exercises/install/navigation2_dist:/opt/ros/humble WSLENV=ELECTRON_RUN_AS_NODE/w: /usr/bin/cmake --build /home/mrush/exercise/src/ros-exercises/build/pub_sub -- -j8 -l8
[5.268s] DEBUG:colcon.colcon_core.event_handler.log_command:Invoked command in '/home/mrush/exercise/src/ros-exercises/build/exercise' returned '0': CMAKE_PREFIX_PATH=${CMAKE_PREFIX_PATH}:/home/mrush/exercise/src/ros-exercises/install/navigation2_dist:/opt/ros/humble WSLENV=ELECTRON_RUN_AS_NODE/w: /usr/bin/cmake --build /home/mrush/exercise/src/ros-exercises/build/exercise -- -j8 -l8
[5.318s] DEBUG:colcon.colcon_core.event_handler.log_command:Invoked command in '/home/mrush/exercise/src/ros-exercises/build/navigation2_turtle' returned '0': CMAKE_PREFIX_PATH=${CMAKE_PREFIX_PATH}:/home/mrush/exercise/src/ros-exercises/install/navigation2_dist:/opt/ros/humble WSLENV=ELECTRON_RUN_AS_NODE/w: /usr/bin/cmake --build /home/mrush/exercise/src/ros-exercises/build/navigation2_turtle -- -j8 -l8
[5.339s] DEBUG:colcon.colcon_core.event_handler.log_command:Invoked command in '/home/mrush/exercise/src/ros-exercises/build/ex_solution' returned '0': CMAKE_PREFIX_PATH=${CMAKE_PREFIX_PATH}:/home/mrush/exercise/src/ros-exercises/install/navigation2_dist:/opt/ros/humble WSLENV=ELECTRON_RUN_AS_NODE/w: /usr/bin/cmake --build /home/mrush/exercise/src/ros-exercises/build/ex_solution -- -j8 -l8
[5.382s] DEBUG:colcon.colcon_core.event_handler.log_command:Invoking command in '/home/mrush/exercise/src/ros-exercises/build/exercise': CMAKE_PREFIX_PATH=${CMAKE_PREFIX_PATH}:/home/mrush/exercise/src/ros-exercises/install/navigation2_dist:/opt/ros/humble WSLENV=ELECTRON_RUN_AS_NODE/w: /usr/bin/cmake --install /home/mrush/exercise/src/ros-exercises/build/exercise
[5.413s] Level 1:colcon.colcon_core.environment:create_environment_scripts_only(exercise)
[5.423s] DEBUG:colcon.colcon_core.event_handler.log_command:Invoked command in '/home/mrush/exercise/src/ros-exercises/build/exercise' returned '0': CMAKE_PREFIX_PATH=${CMAKE_PREFIX_PATH}:/home/mrush/exercise/src/ros-exercises/install/navigation2_dist:/opt/ros/humble WSLENV=ELECTRON_RUN_AS_NODE/w: /usr/bin/cmake --install /home/mrush/exercise/src/ros-exercises/build/exercise
[5.453s] Level 1:colcon.colcon_core.environment:checking '/home/mrush/exercise/src/ros-exercises/install/exercise' for CMake module files
[5.455s] Level 1:colcon.colcon_core.environment:checking '/home/mrush/exercise/src/ros-exercises/install/exercise' for CMake config files
[5.455s] Level 1:colcon.colcon_core.shell:create_environment_hook('exercise', 'cmake_prefix_path')
[5.486s] INFO:colcon.colcon_core.shell:Creating environment hook '/home/mrush/exercise/src/ros-exercises/install/exercise/share/exercise/hook/cmake_prefix_path.ps1'
[5.487s] INFO:colcon.colcon_core.shell:Creating environment descriptor '/home/mrush/exercise/src/ros-exercises/install/exercise/share/exercise/hook/cmake_prefix_path.dsv'
[5.489s] INFO:colcon.colcon_core.shell:Creating environment hook '/home/mrush/exercise/src/ros-exercises/install/exercise/share/exercise/hook/cmake_prefix_path.sh'
[5.492s] Level 1:colcon.colcon_core.environment:checking '/home/mrush/exercise/src/ros-exercises/install/exercise/bin'
[5.494s] Level 1:colcon.colcon_core.environment:checking '/home/mrush/exercise/src/ros-exercises/install/exercise/lib/pkgconfig/exercise.pc'
[5.495s] Level 1:colcon.colcon_core.environment:checking '/home/mrush/exercise/src/ros-exercises/install/exercise/lib/python3.10/site-packages'
[5.496s] Level 1:colcon.colcon_core.environment:checking '/home/mrush/exercise/src/ros-exercises/install/exercise/bin'
[5.529s] INFO:colcon.colcon_core.shell:Creating package script '/home/mrush/exercise/src/ros-exercises/install/exercise/share/exercise/package.ps1'
[5.533s] INFO:colcon.colcon_core.shell:Creating package descriptor '/home/mrush/exercise/src/ros-exercises/install/exercise/share/exercise/package.dsv'
[5.534s] INFO:colcon.colcon_core.shell:Creating package script '/home/mrush/exercise/src/ros-exercises/install/exercise/share/exercise/package.sh'
[5.536s] INFO:colcon.colcon_core.shell:Creating package script '/home/mrush/exercise/src/ros-exercises/install/exercise/share/exercise/package.bash'
[5.537s] INFO:colcon.colcon_core.shell:Creating package script '/home/mrush/exercise/src/ros-exercises/install/exercise/share/exercise/package.zsh'
[5.541s] Level 1:colcon.colcon_core.environment:create_file_with_runtime_dependencies(/home/mrush/exercise/src/ros-exercises/install/exercise/share/colcon-core/packages/exercise)
[5.551s] DEBUG:colcon.colcon_core.event_handler.log_command:Invoking command in '/home/mrush/exercise/src/ros-exercises/build/navigation2_turtle': CMAKE_PREFIX_PATH=${CMAKE_PREFIX_PATH}:/home/mrush/exercise/src/ros-exercises/install/navigation2_dist:/opt/ros/humble WSLENV=ELECTRON_RUN_AS_NODE/w: /usr/bin/cmake --install /home/mrush/exercise/src/ros-exercises/build/navigation2_turtle
[5.556s] DEBUG:colcon.colcon_core.event_handler.log_command:Invoked command in '/home/mrush/exercise/src/ros-exercises/build/pub_sub' returned '0': CMAKE_PREFIX_PATH=${CMAKE_PREFIX_PATH}:/home/mrush/exercise/src/ros-exercises/install/navigation2_dist:/opt/ros/humble WSLENV=ELECTRON_RUN_AS_NODE/w: /usr/bin/cmake --build /home/mrush/exercise/src/ros-exercises/build/pub_sub -- -j8 -l8
[5.593s] DEBUG:colcon.colcon_core.event_handler.log_command:Invoked command in '/home/mrush/exercise/src/ros-exercises/build/fibonacci_action' returned '0': CMAKE_PREFIX_PATH=${CMAKE_PREFIX_PATH}:/home/mrush/exercise/src/ros-exercises/install/navigation2_dist:/opt/ros/humble WSLENV=ELECTRON_RUN_AS_NODE/w: /usr/bin/cmake --build /home/mrush/exercise/src/ros-exercises/build/fibonacci_action -- -j8 -l8
[5.649s] Level 1:colcon.colcon_core.environment:create_environment_scripts_only(exercise)
[5.730s] Level 1:colcon.colcon_core.environment:checking '/home/mrush/exercise/src/ros-exercises/install/exercise' for CMake module files
[5.732s] Level 1:colcon.colcon_core.environment:checking '/home/mrush/exercise/src/ros-exercises/install/exercise' for CMake config files
[5.732s] Level 1:colcon.colcon_core.shell:create_environment_hook('exercise', 'cmake_prefix_path')
[5.789s] INFO:colcon.colcon_core.shell:Creating environment hook '/home/mrush/exercise/src/ros-exercises/install/exercise/share/exercise/hook/cmake_prefix_path.ps1'
[5.791s] INFO:colcon.colcon_core.shell:Creating environment descriptor '/home/mrush/exercise/src/ros-exercises/install/exercise/share/exercise/hook/cmake_prefix_path.dsv'
[5.793s] INFO:colcon.colcon_core.shell:Creating environment hook '/home/mrush/exercise/src/ros-exercises/install/exercise/share/exercise/hook/cmake_prefix_path.sh'
[5.794s] Level 1:colcon.colcon_core.environment:checking '/home/mrush/exercise/src/ros-exercises/install/exercise/bin'
[5.795s] Level 1:colcon.colcon_core.environment:checking '/home/mrush/exercise/src/ros-exercises/install/exercise/lib/pkgconfig/exercise.pc'
[5.795s] Level 1:colcon.colcon_core.environment:checking '/home/mrush/exercise/src/ros-exercises/install/exercise/lib/python3.10/site-packages'
[5.796s] Level 1:colcon.colcon_core.environment:checking '/home/mrush/exercise/src/ros-exercises/install/exercise/bin'
[5.836s] INFO:colcon.colcon_core.shell:Creating package script '/home/mrush/exercise/src/ros-exercises/install/exercise/share/exercise/package.ps1'
[5.839s] INFO:colcon.colcon_core.shell:Creating package descriptor '/home/mrush/exercise/src/ros-exercises/install/exercise/share/exercise/package.dsv'
[5.840s] INFO:colcon.colcon_core.shell:Creating package script '/home/mrush/exercise/src/ros-exercises/install/exercise/share/exercise/package.sh'
[5.841s] INFO:colcon.colcon_core.shell:Creating package script '/home/mrush/exercise/src/ros-exercises/install/exercise/share/exercise/package.bash'
[5.842s] INFO:colcon.colcon_core.shell:Creating package script '/home/mrush/exercise/src/ros-exercises/install/exercise/share/exercise/package.zsh'
[5.846s] Level 1:colcon.colcon_core.environment:create_file_with_runtime_dependencies(/home/mrush/exercise/src/ros-exercises/install/exercise/share/colcon-core/packages/exercise)
[5.850s] Level 1:colcon.colcon_core.environment:create_environment_scripts_only(navigation2_turtle)
[5.851s] DEBUG:colcon.colcon_core.event_handler.log_command:Invoked command in '/home/mrush/exercise/src/ros-exercises/build/navigation2_turtle' returned '0': CMAKE_PREFIX_PATH=${CMAKE_PREFIX_PATH}:/home/mrush/exercise/src/ros-exercises/install/navigation2_dist:/opt/ros/humble WSLENV=ELECTRON_RUN_AS_NODE/w: /usr/bin/cmake --install /home/mrush/exercise/src/ros-exercises/build/navigation2_turtle
[5.886s] Level 1:colcon.colcon_core.environment:checking '/home/mrush/exercise/src/ros-exercises/install/navigation2_turtle' for CMake module files
[5.888s] Level 1:colcon.colcon_core.environment:checking '/home/mrush/exercise/src/ros-exercises/install/navigation2_turtle' for CMake config files
[5.888s] Level 1:colcon.colcon_core.shell:create_environment_hook('navigation2_turtle', 'cmake_prefix_path')
[5.945s] INFO:colcon.colcon_core.shell:Creating environment hook '/home/mrush/exercise/src/ros-exercises/install/navigation2_turtle/share/navigation2_turtle/hook/cmake_prefix_path.ps1'
[5.946s] INFO:colcon.colcon_core.shell:Creating environment descriptor '/home/mrush/exercise/src/ros-exercises/install/navigation2_turtle/share/navigation2_turtle/hook/cmake_prefix_path.dsv'
[5.946s] INFO:colcon.colcon_core.shell:Creating environment hook '/home/mrush/exercise/src/ros-exercises/install/navigation2_turtle/share/navigation2_turtle/hook/cmake_prefix_path.sh'
[5.947s] Level 1:colcon.colcon_core.environment:checking '/home/mrush/exercise/src/ros-exercises/install/navigation2_turtle/bin'
[5.947s] Level 1:colcon.colcon_core.environment:checking '/home/mrush/exercise/src/ros-exercises/install/navigation2_turtle/lib/pkgconfig/navigation2_turtle.pc'
[5.948s] Level 1:colcon.colcon_core.environment:checking '/home/mrush/exercise/src/ros-exercises/install/navigation2_turtle/lib/python3.10/site-packages'
[5.948s] Level 1:colcon.colcon_core.environment:checking '/home/mrush/exercise/src/ros-exercises/install/navigation2_turtle/bin'
[5.983s] INFO:colcon.colcon_core.shell:Creating package script '/home/mrush/exercise/src/ros-exercises/install/navigation2_turtle/share/navigation2_turtle/package.ps1'
[5.984s] INFO:colcon.colcon_core.shell:Creating package descriptor '/home/mrush/exercise/src/ros-exercises/install/navigation2_turtle/share/navigation2_turtle/package.dsv'
[5.984s] INFO:colcon.colcon_core.shell:Creating package script '/home/mrush/exercise/src/ros-exercises/install/navigation2_turtle/share/navigation2_turtle/package.sh'
[5.986s] INFO:colcon.colcon_core.shell:Creating package script '/home/mrush/exercise/src/ros-exercises/install/navigation2_turtle/share/navigation2_turtle/package.bash'
[5.988s] INFO:colcon.colcon_core.shell:Creating package script '/home/mrush/exercise/src/ros-exercises/install/navigation2_turtle/share/navigation2_turtle/package.zsh'
[5.988s] Level 1:colcon.colcon_core.environment:create_file_with_runtime_dependencies(/home/mrush/exercise/src/ros-exercises/install/navigation2_turtle/share/colcon-core/packages/navigation2_turtle)
[5.996s] DEBUG:colcon.colcon_core.event_handler.log_command:Invoking command in '/home/mrush/exercise/src/ros-exercises/build/fibonacci_action': CMAKE_PREFIX_PATH=${CMAKE_PREFIX_PATH}:/home/mrush/exercise/src/ros-exercises/install/navigation2_dist:/opt/ros/humble WSLENV=ELECTRON_RUN_AS_NODE/w: /usr/bin/cmake --install /home/mrush/exercise/src/ros-exercises/build/fibonacci_action
[5.998s] DEBUG:colcon.colcon_core.event_handler.log_command:Invoking command in '/home/mrush/exercise/src/ros-exercises/build/pub_sub': CMAKE_PREFIX_PATH=${CMAKE_PREFIX_PATH}:/home/mrush/exercise/src/ros-exercises/install/navigation2_dist:/opt/ros/humble WSLENV=ELECTRON_RUN_AS_NODE/w: /usr/bin/cmake --install /home/mrush/exercise/src/ros-exercises/build/pub_sub
[6.035s] DEBUG:colcon.colcon_core.event_handler.log_command:Invoking command in '/home/mrush/exercise/src/ros-exercises/build/ex_solution': CMAKE_PREFIX_PATH=${CMAKE_PREFIX_PATH}:/home/mrush/exercise/src/ros-exercises/install/navigation2_dist:/opt/ros/humble WSLENV=ELECTRON_RUN_AS_NODE/w: /usr/bin/cmake --install /home/mrush/exercise/src/ros-exercises/build/ex_solution
[6.045s] Level 1:colcon.colcon_core.environment:create_environment_scripts_only(pub_sub)
[6.054s] DEBUG:colcon.colcon_core.event_handler.log_command:Invoked command in '/home/mrush/exercise/src/ros-exercises/build/pub_sub' returned '0': CMAKE_PREFIX_PATH=${CMAKE_PREFIX_PATH}:/home/mrush/exercise/src/ros-exercises/install/navigation2_dist:/opt/ros/humble WSLENV=ELECTRON_RUN_AS_NODE/w: /usr/bin/cmake --install /home/mrush/exercise/src/ros-exercises/build/pub_sub
[6.100s] Level 1:colcon.colcon_core.environment:checking '/home/mrush/exercise/src/ros-exercises/install/pub_sub' for CMake module files
[6.100s] Level 1:colcon.colcon_core.environment:checking '/home/mrush/exercise/src/ros-exercises/install/pub_sub' for CMake config files
[6.101s] Level 1:colcon.colcon_core.shell:create_environment_hook('pub_sub', 'cmake_prefix_path')
[6.144s] INFO:colcon.colcon_core.shell:Creating environment hook '/home/mrush/exercise/src/ros-exercises/install/pub_sub/share/pub_sub/hook/cmake_prefix_path.ps1'
[6.145s] INFO:colcon.colcon_core.shell:Creating environment descriptor '/home/mrush/exercise/src/ros-exercises/install/pub_sub/share/pub_sub/hook/cmake_prefix_path.dsv'
[6.145s] INFO:colcon.colcon_core.shell:Creating environment hook '/home/mrush/exercise/src/ros-exercises/install/pub_sub/share/pub_sub/hook/cmake_prefix_path.sh'
[6.146s] Level 1:colcon.colcon_core.environment:checking '/home/mrush/exercise/src/ros-exercises/install/pub_sub/lib'
[6.148s] Level 1:colcon.colcon_core.environment:checking '/home/mrush/exercise/src/ros-exercises/install/pub_sub/bin'
[6.148s] Level 1:colcon.colcon_core.environment:checking '/home/mrush/exercise/src/ros-exercises/install/pub_sub/lib/pkgconfig/pub_sub.pc'
[6.148s] Level 1:colcon.colcon_core.environment:checking '/home/mrush/exercise/src/ros-exercises/install/pub_sub/lib/python3.10/site-packages'
[6.149s] Level 1:colcon.colcon_core.environment:checking '/home/mrush/exercise/src/ros-exercises/install/pub_sub/bin'
[6.218s] INFO:colcon.colcon_core.shell:Creating package script '/home/mrush/exercise/src/ros-exercises/install/pub_sub/share/pub_sub/package.ps1'
[6.221s] INFO:colcon.colcon_core.shell:Creating package descriptor '/home/mrush/exercise/src/ros-exercises/install/pub_sub/share/pub_sub/package.dsv'
[6.228s] INFO:colcon.colcon_core.shell:Creating package script '/home/mrush/exercise/src/ros-exercises/install/pub_sub/share/pub_sub/package.sh'
[6.229s] INFO:colcon.colcon_core.shell:Creating package script '/home/mrush/exercise/src/ros-exercises/install/pub_sub/share/pub_sub/package.bash'
[6.230s] INFO:colcon.colcon_core.shell:Creating package script '/home/mrush/exercise/src/ros-exercises/install/pub_sub/share/pub_sub/package.zsh'
[6.230s] Level 1:colcon.colcon_core.environment:create_file_with_runtime_dependencies(/home/mrush/exercise/src/ros-exercises/install/pub_sub/share/colcon-core/packages/pub_sub)
[6.271s] Level 1:colcon.colcon_core.environment:create_environment_scripts_only(fibonacci_action)
[6.272s] DEBUG:colcon.colcon_core.event_handler.log_command:Invoked command in '/home/mrush/exercise/src/ros-exercises/build/fibonacci_action' returned '0': CMAKE_PREFIX_PATH=${CMAKE_PREFIX_PATH}:/home/mrush/exercise/src/ros-exercises/install/navigation2_dist:/opt/ros/humble WSLENV=ELECTRON_RUN_AS_NODE/w: /usr/bin/cmake --install /home/mrush/exercise/src/ros-exercises/build/fibonacci_action
[6.311s] Level 1:colcon.colcon_core.environment:checking '/home/mrush/exercise/src/ros-exercises/install/fibonacci_action' for CMake module files
[6.322s] Level 1:colcon.colcon_core.environment:checking '/home/mrush/exercise/src/ros-exercises/install/fibonacci_action' for CMake config files
[6.326s] Level 1:colcon.colcon_core.shell:create_environment_hook('fibonacci_action', 'cmake_prefix_path')
[6.370s] INFO:colcon.colcon_core.shell:Creating environment hook '/home/mrush/exercise/src/ros-exercises/install/fibonacci_action/share/fibonacci_action/hook/cmake_prefix_path.ps1'
[6.371s] INFO:colcon.colcon_core.shell:Creating environment descriptor '/home/mrush/exercise/src/ros-exercises/install/fibonacci_action/share/fibonacci_action/hook/cmake_prefix_path.dsv'
[6.373s] INFO:colcon.colcon_core.shell:Creating environment hook '/home/mrush/exercise/src/ros-exercises/install/fibonacci_action/share/fibonacci_action/hook/cmake_prefix_path.sh'
[6.374s] Level 1:colcon.colcon_core.environment:checking '/home/mrush/exercise/src/ros-exercises/install/fibonacci_action/lib'
[6.374s] Level 1:colcon.colcon_core.shell:create_environment_hook('fibonacci_action', 'ld_library_path_lib')
[6.396s] INFO:colcon.colcon_core.shell:Creating environment hook '/home/mrush/exercise/src/ros-exercises/install/fibonacci_action/share/fibonacci_action/hook/ld_library_path_lib.ps1'
[6.397s] INFO:colcon.colcon_core.shell:Creating environment descriptor '/home/mrush/exercise/src/ros-exercises/install/fibonacci_action/share/fibonacci_action/hook/ld_library_path_lib.dsv'
[6.398s] INFO:colcon.colcon_core.shell:Creating environment hook '/home/mrush/exercise/src/ros-exercises/install/fibonacci_action/share/fibonacci_action/hook/ld_library_path_lib.sh'
[6.398s] Level 1:colcon.colcon_core.environment:checking '/home/mrush/exercise/src/ros-exercises/install/fibonacci_action/bin'
[6.399s] Level 1:colcon.colcon_core.environment:checking '/home/mrush/exercise/src/ros-exercises/install/fibonacci_action/lib/pkgconfig/fibonacci_action.pc'
[6.399s] Level 1:colcon.colcon_core.environment:checking '/home/mrush/exercise/src/ros-exercises/install/fibonacci_action/lib/python3.10/site-packages'
[6.399s] Level 1:colcon.colcon_core.environment:checking '/home/mrush/exercise/src/ros-exercises/install/fibonacci_action/bin'
[6.455s] INFO:colcon.colcon_core.shell:Creating package script '/home/mrush/exercise/src/ros-exercises/install/fibonacci_action/share/fibonacci_action/package.ps1'
[6.458s] INFO:colcon.colcon_core.shell:Creating package descriptor '/home/mrush/exercise/src/ros-exercises/install/fibonacci_action/share/fibonacci_action/package.dsv'
[6.460s] INFO:colcon.colcon_core.shell:Creating package script '/home/mrush/exercise/src/ros-exercises/install/fibonacci_action/share/fibonacci_action/package.sh'
[6.461s] INFO:colcon.colcon_core.shell:Creating package script '/home/mrush/exercise/src/ros-exercises/install/fibonacci_action/share/fibonacci_action/package.bash'
[6.463s] INFO:colcon.colcon_core.shell:Creating package script '/home/mrush/exercise/src/ros-exercises/install/fibonacci_action/share/fibonacci_action/package.zsh'
[6.464s] Level 1:colcon.colcon_core.environment:create_file_with_runtime_dependencies(/home/mrush/exercise/src/ros-exercises/install/fibonacci_action/share/colcon-core/packages/fibonacci_action)
[6.507s] Level 1:colcon.colcon_core.environment:create_environment_scripts_only(navigation2_turtle)
[6.543s] Level 1:colcon.colcon_core.environment:checking '/home/mrush/exercise/src/ros-exercises/install/navigation2_turtle' for CMake module files
[6.545s] Level 1:colcon.colcon_core.environment:checking '/home/mrush/exercise/src/ros-exercises/install/navigation2_turtle' for CMake config files
[6.546s] Level 1:colcon.colcon_core.shell:create_environment_hook('navigation2_turtle', 'cmake_prefix_path')
[6.611s] INFO:colcon.colcon_core.shell:Creating environment hook '/home/mrush/exercise/src/ros-exercises/install/navigation2_turtle/share/navigation2_turtle/hook/cmake_prefix_path.ps1'
[6.613s] INFO:colcon.colcon_core.shell:Creating environment descriptor '/home/mrush/exercise/src/ros-exercises/install/navigation2_turtle/share/navigation2_turtle/hook/cmake_prefix_path.dsv'
[6.617s] INFO:colcon.colcon_core.shell:Creating environment hook '/home/mrush/exercise/src/ros-exercises/install/navigation2_turtle/share/navigation2_turtle/hook/cmake_prefix_path.sh'
[6.619s] Level 1:colcon.colcon_core.environment:checking '/home/mrush/exercise/src/ros-exercises/install/navigation2_turtle/bin'
[6.619s] Level 1:colcon.colcon_core.environment:checking '/home/mrush/exercise/src/ros-exercises/install/navigation2_turtle/lib/pkgconfig/navigation2_turtle.pc'
[6.620s] Level 1:colcon.colcon_core.environment:checking '/home/mrush/exercise/src/ros-exercises/install/navigation2_turtle/lib/python3.10/site-packages'
[6.620s] Level 1:colcon.colcon_core.environment:checking '/home/mrush/exercise/src/ros-exercises/install/navigation2_turtle/bin'
[6.681s] INFO:colcon.colcon_core.shell:Creating package script '/home/mrush/exercise/src/ros-exercises/install/navigation2_turtle/share/navigation2_turtle/package.ps1'
[6.688s] INFO:colcon.colcon_core.shell:Creating package descriptor '/home/mrush/exercise/src/ros-exercises/install/navigation2_turtle/share/navigation2_turtle/package.dsv'
[6.690s] INFO:colcon.colcon_core.shell:Creating package script '/home/mrush/exercise/src/ros-exercises/install/navigation2_turtle/share/navigation2_turtle/package.sh'
[6.691s] INFO:colcon.colcon_core.shell:Creating package script '/home/mrush/exercise/src/ros-exercises/install/navigation2_turtle/share/navigation2_turtle/package.bash'
[6.692s] INFO:colcon.colcon_core.shell:Creating package script '/home/mrush/exercise/src/ros-exercises/install/navigation2_turtle/share/navigation2_turtle/package.zsh'
[6.693s] Level 1:colcon.colcon_core.environment:create_file_with_runtime_dependencies(/home/mrush/exercise/src/ros-exercises/install/navigation2_turtle/share/colcon-core/packages/navigation2_turtle)
[6.693s] Level 1:colcon.colcon_core.environment:create_environment_scripts_only(ex_solution)
[6.694s] DEBUG:colcon.colcon_core.event_handler.log_command:Invoked command in '/home/mrush/exercise/src/ros-exercises/build/ex_solution' returned '0': CMAKE_PREFIX_PATH=${CMAKE_PREFIX_PATH}:/home/mrush/exercise/src/ros-exercises/install/navigation2_dist:/opt/ros/humble WSLENV=ELECTRON_RUN_AS_NODE/w: /usr/bin/cmake --install /home/mrush/exercise/src/ros-exercises/build/ex_solution
[6.741s] Level 1:colcon.colcon_core.environment:checking '/home/mrush/exercise/src/ros-exercises/install/ex_solution' for CMake module files
[6.742s] Level 1:colcon.colcon_core.environment:checking '/home/mrush/exercise/src/ros-exercises/install/ex_solution' for CMake config files
[6.743s] Level 1:colcon.colcon_core.shell:create_environment_hook('ex_solution', 'cmake_prefix_path')
[6.807s] INFO:colcon.colcon_core.shell:Creating environment hook '/home/mrush/exercise/src/ros-exercises/install/ex_solution/share/ex_solution/hook/cmake_prefix_path.ps1'
[6.810s] INFO:colcon.colcon_core.shell:Creating environment descriptor '/home/mrush/exercise/src/ros-exercises/install/ex_solution/share/ex_solution/hook/cmake_prefix_path.dsv'
[6.811s] INFO:colcon.colcon_core.shell:Creating environment hook '/home/mrush/exercise/src/ros-exercises/install/ex_solution/share/ex_solution/hook/cmake_prefix_path.sh'
[6.812s] Level 1:colcon.colcon_core.environment:checking '/home/mrush/exercise/src/ros-exercises/install/ex_solution/lib'
[6.812s] Level 1:colcon.colcon_core.shell:create_environment_hook('ex_solution', 'ld_library_path_lib')
[6.858s] INFO:colcon.colcon_core.shell:Creating environment hook '/home/mrush/exercise/src/ros-exercises/install/ex_solution/share/ex_solution/hook/ld_library_path_lib.ps1'
[6.859s] INFO:colcon.colcon_core.shell:Creating environment descriptor '/home/mrush/exercise/src/ros-exercises/install/ex_solution/share/ex_solution/hook/ld_library_path_lib.dsv'
[6.859s] INFO:colcon.colcon_core.shell:Creating environment hook '/home/mrush/exercise/src/ros-exercises/install/ex_solution/share/ex_solution/hook/ld_library_path_lib.sh'
[6.861s] Level 1:colcon.colcon_core.environment:checking '/home/mrush/exercise/src/ros-exercises/install/ex_solution/bin'
[6.861s] Level 1:colcon.colcon_core.environment:checking '/home/mrush/exercise/src/ros-exercises/install/ex_solution/lib/pkgconfig/ex_solution.pc'
[6.862s] Level 1:colcon.colcon_core.environment:checking '/home/mrush/exercise/src/ros-exercises/install/ex_solution/lib/python3.10/site-packages'
[6.862s] Level 1:colcon.colcon_core.environment:checking '/home/mrush/exercise/src/ros-exercises/install/ex_solution/bin'
[6.905s] INFO:colcon.colcon_core.shell:Creating package script '/home/mrush/exercise/src/ros-exercises/install/ex_solution/share/ex_solution/package.ps1'
[6.906s] INFO:colcon.colcon_core.shell:Creating package descriptor '/home/mrush/exercise/src/ros-exercises/install/ex_solution/share/ex_solution/package.dsv'
[6.907s] INFO:colcon.colcon_core.shell:Creating package script '/home/mrush/exercise/src/ros-exercises/install/ex_solution/share/ex_solution/package.sh'
[6.908s] INFO:colcon.colcon_core.shell:Creating package script '/home/mrush/exercise/src/ros-exercises/install/ex_solution/share/ex_solution/package.bash'
[6.908s] INFO:colcon.colcon_core.shell:Creating package script '/home/mrush/exercise/src/ros-exercises/install/ex_solution/share/ex_solution/package.zsh'
[6.909s] Level 1:colcon.colcon_core.environment:create_file_with_runtime_dependencies(/home/mrush/exercise/src/ros-exercises/install/ex_solution/share/colcon-core/packages/ex_solution)
[6.966s] Level 1:colcon.colcon_core.environment:create_environment_scripts_only(pub_sub)
[7.004s] Level 1:colcon.colcon_core.environment:checking '/home/mrush/exercise/src/ros-exercises/install/pub_sub' for CMake module files
[7.005s] Level 1:colcon.colcon_core.environment:checking '/home/mrush/exercise/src/ros-exercises/install/pub_sub' for CMake config files
[7.006s] Level 1:colcon.colcon_core.shell:create_environment_hook('pub_sub', 'cmake_prefix_path')
[7.045s] INFO:colcon.colcon_core.shell:Creating environment hook '/home/mrush/exercise/src/ros-exercises/install/pub_sub/share/pub_sub/hook/cmake_prefix_path.ps1'
[7.046s] INFO:colcon.colcon_core.shell:Creating environment descriptor '/home/mrush/exercise/src/ros-exercises/install/pub_sub/share/pub_sub/hook/cmake_prefix_path.dsv'
[7.047s] INFO:colcon.colcon_core.shell:Creating environment hook '/home/mrush/exercise/src/ros-exercises/install/pub_sub/share/pub_sub/hook/cmake_prefix_path.sh'
[7.048s] Level 1:colcon.colcon_core.environment:checking '/home/mrush/exercise/src/ros-exercises/install/pub_sub/lib'
[7.049s] Level 1:colcon.colcon_core.environment:checking '/home/mrush/exercise/src/ros-exercises/install/pub_sub/bin'
[7.049s] Level 1:colcon.colcon_core.environment:checking '/home/mrush/exercise/src/ros-exercises/install/pub_sub/lib/pkgconfig/pub_sub.pc'
[7.049s] Level 1:colcon.colcon_core.environment:checking '/home/mrush/exercise/src/ros-exercises/install/pub_sub/lib/python3.10/site-packages'
[7.050s] Level 1:colcon.colcon_core.environment:checking '/home/mrush/exercise/src/ros-exercises/install/pub_sub/bin'
[7.077s] INFO:colcon.colcon_core.shell:Creating package script '/home/mrush/exercise/src/ros-exercises/install/pub_sub/share/pub_sub/package.ps1'
[7.078s] INFO:colcon.colcon_core.shell:Creating package descriptor '/home/mrush/exercise/src/ros-exercises/install/pub_sub/share/pub_sub/package.dsv'
[7.079s] INFO:colcon.colcon_core.shell:Creating package script '/home/mrush/exercise/src/ros-exercises/install/pub_sub/share/pub_sub/package.sh'
[7.080s] INFO:colcon.colcon_core.shell:Creating package script '/home/mrush/exercise/src/ros-exercises/install/pub_sub/share/pub_sub/package.bash'
[7.080s] INFO:colcon.colcon_core.shell:Creating package script '/home/mrush/exercise/src/ros-exercises/install/pub_sub/share/pub_sub/package.zsh'
[7.081s] Level 1:colcon.colcon_core.environment:create_file_with_runtime_dependencies(/home/mrush/exercise/src/ros-exercises/install/pub_sub/share/colcon-core/packages/pub_sub)
[7.088s] DEBUG:colcon.colcon_core.event_handler.log_command:Invoking command in '/home/mrush/exercise/src/ros-exercises/navigation2_planners/navigation2_dist': PYTHONPATH=/home/mrush/exercise/src/ros-exercises/build/navigation2_dist/prefix_override:/home/mrush/exercise/src/ros-exercises/install/navigation2_dist/lib/python3.10/site-packages:${PYTHONPATH} WSLENV=ELECTRON_RUN_AS_NODE/w: /usr/bin/python3 setup.py egg_info --egg-base ../../build/navigation2_dist build --build-base /home/mrush/exercise/src/ros-exercises/build/navigation2_dist/build install --record /home/mrush/exercise/src/ros-exercises/build/navigation2_dist/install.log --single-version-externally-managed
[7.130s] Level 1:colcon.colcon_core.environment:create_environment_scripts_only(fibonacci_action)
[7.169s] Level 1:colcon.colcon_core.environment:checking '/home/mrush/exercise/src/ros-exercises/install/fibonacci_action' for CMake module files
[7.170s] Level 1:colcon.colcon_core.environment:checking '/home/mrush/exercise/src/ros-exercises/install/fibonacci_action' for CMake config files
[7.173s] Level 1:colcon.colcon_core.shell:create_environment_hook('fibonacci_action', 'cmake_prefix_path')
[7.208s] INFO:colcon.colcon_core.shell:Creating environment hook '/home/mrush/exercise/src/ros-exercises/install/fibonacci_action/share/fibonacci_action/hook/cmake_prefix_path.ps1'
[7.209s] INFO:colcon.colcon_core.shell:Creating environment descriptor '/home/mrush/exercise/src/ros-exercises/install/fibonacci_action/share/fibonacci_action/hook/cmake_prefix_path.dsv'
[7.210s] INFO:colcon.colcon_core.shell:Creating environment hook '/home/mrush/exercise/src/ros-exercises/install/fibonacci_action/share/fibonacci_action/hook/cmake_prefix_path.sh'
[7.210s] Level 1:colcon.colcon_core.environment:checking '/home/mrush/exercise/src/ros-exercises/install/fibonacci_action/lib'
[7.211s] Level 1:colcon.colcon_core.shell:create_environment_hook('fibonacci_action', 'ld_library_path_lib')
[7.242s] INFO:colcon.colcon_core.shell:Creating environment hook '/home/mrush/exercise/src/ros-exercises/install/fibonacci_action/share/fibonacci_action/hook/ld_library_path_lib.ps1'
[7.247s] INFO:colcon.colcon_core.shell:Creating environment descriptor '/home/mrush/exercise/src/ros-exercises/install/fibonacci_action/share/fibonacci_action/hook/ld_library_path_lib.dsv'
[7.248s] INFO:colcon.colcon_core.shell:Creating environment hook '/home/mrush/exercise/src/ros-exercises/install/fibonacci_action/share/fibonacci_action/hook/ld_library_path_lib.sh'
[7.249s] Level 1:colcon.colcon_core.environment:checking '/home/mrush/exercise/src/ros-exercises/install/fibonacci_action/bin'
[7.249s] Level 1:colcon.colcon_core.environment:checking '/home/mrush/exercise/src/ros-exercises/install/fibonacci_action/lib/pkgconfig/fibonacci_action.pc'
[7.250s] Level 1:colcon.colcon_core.environment:checking '/home/mrush/exercise/src/ros-exercises/install/fibonacci_action/lib/python3.10/site-packages'
[7.250s] Level 1:colcon.colcon_core.environment:checking '/home/mrush/exercise/src/ros-exercises/install/fibonacci_action/bin'
[7.288s] INFO:colcon.colcon_core.shell:Creating package script '/home/mrush/exercise/src/ros-exercises/install/fibonacci_action/share/fibonacci_action/package.ps1'
[7.298s] INFO:colcon.colcon_core.shell:Creating package descriptor '/home/mrush/exercise/src/ros-exercises/install/fibonacci_action/share/fibonacci_action/package.dsv'
[7.303s] INFO:colcon.colcon_core.shell:Creating package script '/home/mrush/exercise/src/ros-exercises/install/fibonacci_action/share/fibonacci_action/package.sh'
[7.312s] INFO:colcon.colcon_core.shell:Creating package script '/home/mrush/exercise/src/ros-exercises/install/fibonacci_action/share/fibonacci_action/package.bash'
[7.313s] INFO:colcon.colcon_core.shell:Creating package script '/home/mrush/exercise/src/ros-exercises/install/fibonacci_action/share/fibonacci_action/package.zsh'
[7.315s] Level 1:colcon.colcon_core.environment:create_file_with_runtime_dependencies(/home/mrush/exercise/src/ros-exercises/install/fibonacci_action/share/colcon-core/packages/fibonacci_action)
[7.399s] Level 1:colcon.colcon_core.environment:create_environment_scripts_only(ex_solution)
[7.464s] Level 1:colcon.colcon_core.environment:checking '/home/mrush/exercise/src/ros-exercises/install/ex_solution' for CMake module files
[7.466s] Level 1:colcon.colcon_core.environment:checking '/home/mrush/exercise/src/ros-exercises/install/ex_solution' for CMake config files
[7.466s] Level 1:colcon.colcon_core.shell:create_environment_hook('ex_solution', 'cmake_prefix_path')
[7.516s] INFO:colcon.colcon_core.shell:Creating environment hook '/home/mrush/exercise/src/ros-exercises/install/ex_solution/share/ex_solution/hook/cmake_prefix_path.ps1'
[7.517s] INFO:colcon.colcon_core.shell:Creating environment descriptor '/home/mrush/exercise/src/ros-exercises/install/ex_solution/share/ex_solution/hook/cmake_prefix_path.dsv'
[7.517s] INFO:colcon.colcon_core.shell:Creating environment hook '/home/mrush/exercise/src/ros-exercises/install/ex_solution/share/ex_solution/hook/cmake_prefix_path.sh'
[7.518s] Level 1:colcon.colcon_core.environment:checking '/home/mrush/exercise/src/ros-exercises/install/ex_solution/lib'
[7.518s] Level 1:colcon.colcon_core.shell:create_environment_hook('ex_solution', 'ld_library_path_lib')
[7.539s] INFO:colcon.colcon_core.shell:Creating environment hook '/home/mrush/exercise/src/ros-exercises/install/ex_solution/share/ex_solution/hook/ld_library_path_lib.ps1'
[7.540s] INFO:colcon.colcon_core.shell:Creating environment descriptor '/home/mrush/exercise/src/ros-exercises/install/ex_solution/share/ex_solution/hook/ld_library_path_lib.dsv'
[7.541s] INFO:colcon.colcon_core.shell:Creating environment hook '/home/mrush/exercise/src/ros-exercises/install/ex_solution/share/ex_solution/hook/ld_library_path_lib.sh'
[7.543s] Level 1:colcon.colcon_core.environment:checking '/home/mrush/exercise/src/ros-exercises/install/ex_solution/bin'
[7.549s] Level 1:colcon.colcon_core.environment:checking '/home/mrush/exercise/src/ros-exercises/install/ex_solution/lib/pkgconfig/ex_solution.pc'
[7.550s] Level 1:colcon.colcon_core.environment:checking '/home/mrush/exercise/src/ros-exercises/install/ex_solution/lib/python3.10/site-packages'
[7.551s] Level 1:colcon.colcon_core.environment:checking '/home/mrush/exercise/src/ros-exercises/install/ex_solution/bin'
[7.584s] INFO:colcon.colcon_core.shell:Creating package script '/home/mrush/exercise/src/ros-exercises/install/ex_solution/share/ex_solution/package.ps1'
[7.586s] INFO:colcon.colcon_core.shell:Creating package descriptor '/home/mrush/exercise/src/ros-exercises/install/ex_solution/share/ex_solution/package.dsv'
[7.587s] INFO:colcon.colcon_core.shell:Creating package script '/home/mrush/exercise/src/ros-exercises/install/ex_solution/share/ex_solution/package.sh'
[7.590s] INFO:colcon.colcon_core.shell:Creating package script '/home/mrush/exercise/src/ros-exercises/install/ex_solution/share/ex_solution/package.bash'
[7.591s] INFO:colcon.colcon_core.shell:Creating package script '/home/mrush/exercise/src/ros-exercises/install/ex_solution/share/ex_solution/package.zsh'
[7.592s] Level 1:colcon.colcon_core.environment:create_file_with_runtime_dependencies(/home/mrush/exercise/src/ros-exercises/install/ex_solution/share/colcon-core/packages/ex_solution)
[7.867s] DEBUG:colcon.colcon_core.event_handler.log_command:Invoked command in '/home/mrush/exercise/src/ros-exercises/navigation2_planners/navigation2_dist' returned '0': PYTHONPATH=/home/mrush/exercise/src/ros-exercises/build/navigation2_dist/prefix_override:/home/mrush/exercise/src/ros-exercises/install/navigation2_dist/lib/python3.10/site-packages:${PYTHONPATH} WSLENV=ELECTRON_RUN_AS_NODE/w: /usr/bin/python3 setup.py egg_info --egg-base ../../build/navigation2_dist build --build-base /home/mrush/exercise/src/ros-exercises/build/navigation2_dist/build install --record /home/mrush/exercise/src/ros-exercises/build/navigation2_dist/install.log --single-version-externally-managed
[7.903s] Level 1:colcon.colcon_core.environment:checking '/home/mrush/exercise/src/ros-exercises/install/navigation2_dist' for CMake module files
[7.904s] Level 1:colcon.colcon_core.environment:checking '/home/mrush/exercise/src/ros-exercises/install/navigation2_dist' for CMake config files
[7.906s] Level 1:colcon.colcon_core.environment:checking '/home/mrush/exercise/src/ros-exercises/install/navigation2_dist/lib'
[7.906s] Level 1:colcon.colcon_core.environment:checking '/home/mrush/exercise/src/ros-exercises/install/navigation2_dist/bin'
[7.906s] Level 1:colcon.colcon_core.environment:checking '/home/mrush/exercise/src/ros-exercises/install/navigation2_dist/lib/pkgconfig/navigation2_dist.pc'
[7.907s] Level 1:colcon.colcon_core.environment:checking '/home/mrush/exercise/src/ros-exercises/install/navigation2_dist/lib/python3.10/site-packages'
[7.907s] Level 1:colcon.colcon_core.shell:create_environment_hook('navigation2_dist', 'pythonpath')
[7.941s] INFO:colcon.colcon_core.shell:Creating environment hook '/home/mrush/exercise/src/ros-exercises/install/navigation2_dist/share/navigation2_dist/hook/pythonpath.ps1'
[7.943s] INFO:colcon.colcon_core.shell:Creating environment descriptor '/home/mrush/exercise/src/ros-exercises/install/navigation2_dist/share/navigation2_dist/hook/pythonpath.dsv'
[7.943s] INFO:colcon.colcon_core.shell:Creating environment hook '/home/mrush/exercise/src/ros-exercises/install/navigation2_dist/share/navigation2_dist/hook/pythonpath.sh'
[7.947s] Level 1:colcon.colcon_core.environment:checking '/home/mrush/exercise/src/ros-exercises/install/navigation2_dist/bin'
[7.947s] Level 1:colcon.colcon_core.environment:create_environment_scripts_only(navigation2_dist)
[7.979s] INFO:colcon.colcon_core.shell:Creating package script '/home/mrush/exercise/src/ros-exercises/install/navigation2_dist/share/navigation2_dist/package.ps1'
[7.980s] INFO:colcon.colcon_core.shell:Creating package descriptor '/home/mrush/exercise/src/ros-exercises/install/navigation2_dist/share/navigation2_dist/package.dsv'
[7.981s] INFO:colcon.colcon_core.shell:Creating package script '/home/mrush/exercise/src/ros-exercises/install/navigation2_dist/share/navigation2_dist/package.sh'
[7.982s] INFO:colcon.colcon_core.shell:Creating package script '/home/mrush/exercise/src/ros-exercises/install/navigation2_dist/share/navigation2_dist/package.bash'
[7.983s] INFO:colcon.colcon_core.shell:Creating package script '/home/mrush/exercise/src/ros-exercises/install/navigation2_dist/share/navigation2_dist/package.zsh'
[7.983s] Level 1:colcon.colcon_core.environment:create_file_with_runtime_dependencies(/home/mrush/exercise/src/ros-exercises/install/navigation2_dist/share/colcon-core/packages/navigation2_dist)
[7.986s] DEBUG:colcon.colcon_parallel_executor.executor.parallel:closing loop
[7.987s] DEBUG:colcon.colcon_parallel_executor.executor.parallel:loop closed
[7.987s] DEBUG:colcon.colcon_parallel_executor.executor.parallel:run_until_complete finished with '0'
[7.987s] DEBUG:colcon.colcon_core.event_reactor:joining thread
[8.164s] INFO:colcon.colcon_core.plugin_system:Skipping extension 'colcon_notification.desktop_notification.notify_send': Could not find 'notify-send'
[8.165s] INFO:colcon.colcon_core.plugin_system:Skipping extension 'colcon_notification.desktop_notification.terminal_notifier': Not used on non-Darwin systems
[8.165s] INFO:colcon.colcon_core.plugin_system:Skipping extension 'colcon_notification.desktop_notification.win32': Not used on non-Windows systems
[8.165s] INFO:colcon.colcon_notification.desktop_notification:Sending desktop notification using 'notify2'
[8.165s] DEBUG:colcon.colcon_notification.desktop_notification.notify2:Failed to initialize notify2: org.freedesktop.DBus.Error.FileNotFound: Failed to connect to socket /run/user/1000/bus: No such file or directory
[8.165s] DEBUG:colcon.colcon_core.event_reactor:joined thread
[8.197s] INFO:colcon.colcon_core.shell:Creating prefix script '/home/mrush/exercise/src/ros-exercises/install/local_setup.ps1'
[8.199s] INFO:colcon.colcon_core.shell:Creating prefix util module '/home/mrush/exercise/src/ros-exercises/install/_local_setup_util_ps1.py'
[8.203s] INFO:colcon.colcon_core.shell:Creating prefix chain script '/home/mrush/exercise/src/ros-exercises/install/setup.ps1'
[8.241s] INFO:colcon.colcon_core.shell:Creating prefix script '/home/mrush/exercise/src/ros-exercises/install/local_setup.sh'
[8.243s] INFO:colcon.colcon_core.shell:Creating prefix util module '/home/mrush/exercise/src/ros-exercises/install/_local_setup_util_sh.py'
[8.245s] INFO:colcon.colcon_core.shell:Creating prefix chain script '/home/mrush/exercise/src/ros-exercises/install/setup.sh'
[8.296s] INFO:colcon.colcon_core.shell:Creating prefix script '/home/mrush/exercise/src/ros-exercises/install/local_setup.bash'
[8.298s] INFO:colcon.colcon_core.shell:Creating prefix chain script '/home/mrush/exercise/src/ros-exercises/install/setup.bash'
[8.322s] INFO:colcon.colcon_core.shell:Creating prefix script '/home/mrush/exercise/src/ros-exercises/install/local_setup.zsh'
[8.324s] INFO:colcon.colcon_core.shell:Creating prefix chain script '/home/mrush/exercise/src/ros-exercises/install/setup.zsh'
