[0.531s] Invoking command in '/home/r3k7/Nauka_ros/src/ros-exercises/build/exercise': CMAKE_PREFIX_PATH=${CMAKE_PREFIX_PATH}:/home/r3k7/Nauka_ros/src/ros-exercises/install/navigation2_dist:/opt/ros/humble WSLENV=ELECTRON_RUN_AS_NODE/w:WT_SESSION:WT_PROFILE_ID: /usr/bin/cmake --build /home/r3k7/Nauka_ros/src/ros-exercises/build/exercise -- -j8 -l8
[1.265s] Invoked command in '/home/r3k7/Nauka_ros/src/ros-exercises/build/exercise' returned '0': CMAKE_PREFIX_PATH=${CMAKE_PREFIX_PATH}:/home/r3k7/Nauka_ros/src/ros-exercises/install/navigation2_dist:/opt/ros/humble WSLENV=ELECTRON_RUN_AS_NODE/w:WT_SESSION:WT_PROFILE_ID: /usr/bin/cmake --build /home/r3k7/Nauka_ros/src/ros-exercises/build/exercise -- -j8 -l8
[1.327s] Invoking command in '/home/r3k7/Nauka_ros/src/ros-exercises/build/exercise': CMAKE_PREFIX_PATH=${CMAKE_PREFIX_PATH}:/home/r3k7/Nauka_ros/src/ros-exercises/install/navigation2_dist:/opt/ros/humble WSLENV=ELECTRON_RUN_AS_NODE/w:WT_SESSION:WT_PROFILE_ID: /usr/bin/cmake --install /home/r3k7/Nauka_ros/src/ros-exercises/build/exercise
[1.356s] -- Install configuration: ""
[1.357s] -- Up-to-date: /home/r3k7/Nauka_ros/src/ros-exercises/install/exercise/share/exercise//launch
[1.364s] -- Up-to-date: /home/r3k7/Nauka_ros/src/ros-exercises/install/exercise/share/exercise//launch/exercise_world.launch.py
[1.364s] -- Up-to-date: /home/r3k7/Nauka_ros/src/ros-exercises/install/exercise/share/exercise//worlds
[1.364s] -- Up-to-date: /home/r3k7/Nauka_ros/src/ros-exercises/install/exercise/share/exercise//worlds/exercise.sdf
[1.364s] -- Up-to-date: /home/r3k7/Nauka_ros/src/ros-exercises/install/exercise/share/exercise//config
[1.364s] -- Up-to-date: /home/r3k7/Nauka_ros/src/ros-exercises/install/exercise/share/exercise//config/exercise.config
[1.364s] -- Up-to-date: /home/r3k7/Nauka_ros/src/ros-exercises/install/exercise/share/ament_index/resource_index/package_run_dependencies/exercise
[1.364s] -- Up-to-date: /home/r3k7/Nauka_ros/src/ros-exercises/install/exercise/share/ament_index/resource_index/parent_prefix_path/exercise
[1.364s] -- Up-to-date: /home/r3k7/Nauka_ros/src/ros-exercises/install/exercise/share/exercise/environment/ament_prefix_path.sh
[1.365s] -- Up-to-date: /home/r3k7/Nauka_ros/src/ros-exercises/install/exercise/share/exercise/environment/ament_prefix_path.dsv
[1.365s] -- Up-to-date: /home/r3k7/Nauka_ros/src/ros-exercises/install/exercise/share/exercise/environment/path.sh
[1.365s] -- Up-to-date: /home/r3k7/Nauka_ros/src/ros-exercises/install/exercise/share/exercise/environment/path.dsv
[1.365s] -- Up-to-date: /home/r3k7/Nauka_ros/src/ros-exercises/install/exercise/share/exercise/local_setup.bash
[1.365s] -- Up-to-date: /home/r3k7/Nauka_ros/src/ros-exercises/install/exercise/share/exercise/local_setup.sh
[1.365s] -- Up-to-date: /home/r3k7/Nauka_ros/src/ros-exercises/install/exercise/share/exercise/local_setup.zsh
[1.365s] -- Up-to-date: /home/r3k7/Nauka_ros/src/ros-exercises/install/exercise/share/exercise/local_setup.dsv
[1.365s] -- Installing: /home/r3k7/Nauka_ros/src/ros-exercises/install/exercise/share/exercise/package.dsv
[1.383s] -- Up-to-date: /home/r3k7/Nauka_ros/src/ros-exercises/install/exercise/share/ament_index/resource_index/packages/exercise
[1.388s] -- Up-to-date: /home/r3k7/Nauka_ros/src/ros-exercises/install/exercise/share/exercise/cmake/exerciseConfig.cmake
[1.389s] -- Up-to-date: /home/r3k7/Nauka_ros/src/ros-exercises/install/exercise/share/exercise/cmake/exerciseConfig-version.cmake
[1.389s] -- Up-to-date: /home/r3k7/Nauka_ros/src/ros-exercises/install/exercise/share/exercise/package.xml
[1.516s] Invoked command in '/home/r3k7/Nauka_ros/src/ros-exercises/build/exercise' returned '0': CMAKE_PREFIX_PATH=${CMAKE_PREFIX_PATH}:/home/r3k7/Nauka_ros/src/ros-exercises/install/navigation2_dist:/opt/ros/humble WSLENV=ELECTRON_RUN_AS_NODE/w:WT_SESSION:WT_PROFILE_ID: /usr/bin/cmake --install /home/r3k7/Nauka_ros/src/ros-exercises/build/exercise
