[1.169s] Invoking command in '/home/mrush/exercise/src/ros-exercises/build/pub_sub': CMAKE_PREFIX_PATH=${CMAKE_PREFIX_PATH}:/home/mrush/exercise/src/ros-exercises/install/navigation2_dist:/opt/ros/humble WSLENV=ELECTRON_RUN_AS_NODE/w: /usr/bin/cmake --build /home/mrush/exercise/src/ros-exercises/build/pub_sub -- -j8 -l8
[1.350s] [ 50%] Built target talker
[1.387s] [100%] Built target listener
[1.444s] Invoked command in '/home/mrush/exercise/src/ros-exercises/build/pub_sub' returned '0': CMAKE_PREFIX_PATH=${CMAKE_PREFIX_PATH}:/home/mrush/exercise/src/ros-exercises/install/navigation2_dist:/opt/ros/humble WSLENV=ELECTRON_RUN_AS_NODE/w: /usr/bin/cmake --build /home/mrush/exercise/src/ros-exercises/build/pub_sub -- -j8 -l8
[1.865s] Invoking command in '/home/mrush/exercise/src/ros-exercises/build/pub_sub': CMAKE_PREFIX_PATH=${CMAKE_PREFIX_PATH}:/home/mrush/exercise/src/ros-exercises/install/navigation2_dist:/opt/ros/humble WSLENV=ELECTRON_RUN_AS_NODE/w: /usr/bin/cmake --install /home/mrush/exercise/src/ros-exercises/build/pub_sub
[2.187s] -- Install configuration: ""
[2.188s] -- Up-to-date: /home/mrush/exercise/src/ros-exercises/install/pub_sub/lib/pub_sub/talker
[2.188s] -- Up-to-date: /home/mrush/exercise/src/ros-exercises/install/pub_sub/lib/pub_sub/listener
[2.188s] -- Up-to-date: /home/mrush/exercise/src/ros-exercises/install/pub_sub/share/ament_index/resource_index/package_run_dependencies/pub_sub
[2.189s] -- Up-to-date: /home/mrush/exercise/src/ros-exercises/install/pub_sub/share/ament_index/resource_index/parent_prefix_path/pub_sub
[2.189s] -- Up-to-date: /home/mrush/exercise/src/ros-exercises/install/pub_sub/share/pub_sub/environment/ament_prefix_path.sh
[2.189s] -- Up-to-date: /home/mrush/exercise/src/ros-exercises/install/pub_sub/share/pub_sub/environment/ament_prefix_path.dsv
[2.189s] -- Up-to-date: /home/mrush/exercise/src/ros-exercises/install/pub_sub/share/pub_sub/environment/path.sh
[2.189s] -- Up-to-date: /home/mrush/exercise/src/ros-exercises/install/pub_sub/share/pub_sub/environment/path.dsv
[2.189s] -- Up-to-date: /home/mrush/exercise/src/ros-exercises/install/pub_sub/share/pub_sub/local_setup.bash
[2.189s] -- Up-to-date: /home/mrush/exercise/src/ros-exercises/install/pub_sub/share/pub_sub/local_setup.sh
[2.189s] -- Up-to-date: /home/mrush/exercise/src/ros-exercises/install/pub_sub/share/pub_sub/local_setup.zsh
[2.189s] -- Up-to-date: /home/mrush/exercise/src/ros-exercises/install/pub_sub/share/pub_sub/local_setup.dsv
[2.189s] -- Installing: /home/mrush/exercise/src/ros-exercises/install/pub_sub/share/pub_sub/package.dsv
[2.189s] -- Up-to-date: /home/mrush/exercise/src/ros-exercises/install/pub_sub/share/ament_index/resource_index/packages/pub_sub
[2.189s] -- Up-to-date: /home/mrush/exercise/src/ros-exercises/install/pub_sub/share/pub_sub/cmake/pub_subConfig.cmake
[2.190s] -- Up-to-date: /home/mrush/exercise/src/ros-exercises/install/pub_sub/share/pub_sub/cmake/pub_subConfig-version.cmake
[2.191s] -- Up-to-date: /home/mrush/exercise/src/ros-exercises/install/pub_sub/share/pub_sub/package.xml
[2.372s] Invoked command in '/home/mrush/exercise/src/ros-exercises/build/pub_sub' returned '0': CMAKE_PREFIX_PATH=${CMAKE_PREFIX_PATH}:/home/mrush/exercise/src/ros-exercises/install/navigation2_dist:/opt/ros/humble WSLENV=ELECTRON_RUN_AS_NODE/w: /usr/bin/cmake --install /home/mrush/exercise/src/ros-exercises/build/pub_sub
