[0.786s] Invoking command in '/home/r3k7/Nauka_ros/src/ros-exercises/build/fibonacci_action': CMAKE_PREFIX_PATH=${CMAKE_PREFIX_PATH}:/home/r3k7/Nauka_ros/src/ros-exercises/install/navigation2_dist:/opt/ros/humble WSLENV=ELECTRON_RUN_AS_NODE/w:WT_SESSION:WT_PROFILE_ID: /usr/bin/cmake --build /home/r3k7/Nauka_ros/src/ros-exercises/build/fibonacci_action -- -j8 -l8
[1.610s] [  3%] Built target fibonacci_action__cpp
[1.614s] [  3%] Built target ament_cmake_python_copy_fibonacci_action
[1.615s] [ 12%] Built target fibonacci_action__rosidl_typesupport_introspection_cpp
[1.648s] running egg_info
[1.757s] writing fibonacci_action.egg-info/PKG-INFO
[1.771s] writing dependency_links to fibonacci_action.egg-info/dependency_links.txt
[1.771s] writing top-level names to fibonacci_action.egg-info/top_level.txt
[1.914s] reading manifest file 'fibonacci_action.egg-info/SOURCES.txt'
[1.915s] writing manifest file 'fibonacci_action.egg-info/SOURCES.txt'
[2.080s] [ 12%] Built target ament_cmake_python_build_fibonacci_action_egg
[2.166s] [ 22%] Built target fibonacci_action__rosidl_typesupport_fastrtps_cpp
[2.197s] [ 32%] Built target fibonacci_action__rosidl_typesupport_cpp
[2.256s] [ 41%] Built target fibonacci_action__rosidl_generator_c
[2.320s] [ 51%] Built target fibonacci_action__rosidl_typesupport_fastrtps_c
[2.399s] [ 61%] Built target fibonacci_action__rosidl_typesupport_c
[2.506s] [ 70%] Built target fibonacci_action__rosidl_typesupport_introspection_c
[2.577s] [ 70%] Built target fibonacci_action
[2.635s] [ 74%] Built target fibonacci_action__py
[2.757s] [ 80%] Built target fibonacci_action__rosidl_generator_py
[2.832s] [ 87%] Built target fibonacci_action__rosidl_typesupport_fastrtps_c__pyext
[2.891s] [ 93%] Built target fibonacci_action__rosidl_typesupport_c__pyext
[2.923s] [100%] Built target fibonacci_action__rosidl_typesupport_introspection_c__pyext
[3.155s] Invoked command in '/home/r3k7/Nauka_ros/src/ros-exercises/build/fibonacci_action' returned '0': CMAKE_PREFIX_PATH=${CMAKE_PREFIX_PATH}:/home/r3k7/Nauka_ros/src/ros-exercises/install/navigation2_dist:/opt/ros/humble WSLENV=ELECTRON_RUN_AS_NODE/w:WT_SESSION:WT_PROFILE_ID: /usr/bin/cmake --build /home/r3k7/Nauka_ros/src/ros-exercises/build/fibonacci_action -- -j8 -l8
[3.474s] Invoking command in '/home/r3k7/Nauka_ros/src/ros-exercises/build/fibonacci_action': CMAKE_PREFIX_PATH=${CMAKE_PREFIX_PATH}:/home/r3k7/Nauka_ros/src/ros-exercises/install/navigation2_dist:/opt/ros/humble WSLENV=ELECTRON_RUN_AS_NODE/w:WT_SESSION:WT_PROFILE_ID: /usr/bin/cmake --install /home/r3k7/Nauka_ros/src/ros-exercises/build/fibonacci_action
[3.515s] -- Install configuration: ""
[3.515s] -- Up-to-date: /home/r3k7/Nauka_ros/src/ros-exercises/install/fibonacci_action/share/ament_index/resource_index/rosidl_interfaces/fibonacci_action
[3.515s] -- Up-to-date: /home/r3k7/Nauka_ros/src/ros-exercises/install/fibonacci_action/include/fibonacci_action/fibonacci_action
[3.515s] -- Up-to-date: /home/r3k7/Nauka_ros/src/ros-exercises/install/fibonacci_action/include/fibonacci_action/fibonacci_action/action
[3.515s] -- Up-to-date: /home/r3k7/Nauka_ros/src/ros-exercises/install/fibonacci_action/include/fibonacci_action/fibonacci_action/action/detail
[3.515s] -- Up-to-date: /home/r3k7/Nauka_ros/src/ros-exercises/install/fibonacci_action/include/fibonacci_action/fibonacci_action/action/detail/fibonacci__type_support.h
[3.515s] -- Up-to-date: /home/r3k7/Nauka_ros/src/ros-exercises/install/fibonacci_action/include/fibonacci_action/fibonacci_action/action/detail/fibonacci__functions.h
[3.516s] -- Up-to-date: /home/r3k7/Nauka_ros/src/ros-exercises/install/fibonacci_action/include/fibonacci_action/fibonacci_action/action/detail/fibonacci__struct.h
[3.516s] -- Up-to-date: /home/r3k7/Nauka_ros/src/ros-exercises/install/fibonacci_action/include/fibonacci_action/fibonacci_action/action/detail/fibonacci__functions.c
[3.516s] -- Up-to-date: /home/r3k7/Nauka_ros/src/ros-exercises/install/fibonacci_action/include/fibonacci_action/fibonacci_action/action/fibonacci.h
[3.516s] -- Up-to-date: /home/r3k7/Nauka_ros/src/ros-exercises/install/fibonacci_action/include/fibonacci_action/fibonacci_action/msg
[3.516s] -- Up-to-date: /home/r3k7/Nauka_ros/src/ros-exercises/install/fibonacci_action/include/fibonacci_action/fibonacci_action/msg/rosidl_generator_c__visibility_control.h
[3.516s] -- Up-to-date: /home/r3k7/Nauka_ros/src/ros-exercises/install/fibonacci_action/share/fibonacci_action/environment/library_path.sh
[3.516s] -- Up-to-date: /home/r3k7/Nauka_ros/src/ros-exercises/install/fibonacci_action/share/fibonacci_action/environment/library_path.dsv
[3.516s] -- Up-to-date: /home/r3k7/Nauka_ros/src/ros-exercises/install/fibonacci_action/lib/libfibonacci_action__rosidl_generator_c.so
[3.517s] -- Up-to-date: /home/r3k7/Nauka_ros/src/ros-exercises/install/fibonacci_action/include/fibonacci_action/fibonacci_action
[3.517s] -- Up-to-date: /home/r3k7/Nauka_ros/src/ros-exercises/install/fibonacci_action/include/fibonacci_action/fibonacci_action/action
[3.517s] -- Up-to-date: /home/r3k7/Nauka_ros/src/ros-exercises/install/fibonacci_action/include/fibonacci_action/fibonacci_action/action/detail
[3.517s] -- Up-to-date: /home/r3k7/Nauka_ros/src/ros-exercises/install/fibonacci_action/include/fibonacci_action/fibonacci_action/action/detail/fibonacci__rosidl_typesupport_fastrtps_c.h
[3.517s] -- Up-to-date: /home/r3k7/Nauka_ros/src/ros-exercises/install/fibonacci_action/include/fibonacci_action/fibonacci_action/msg
[3.517s] -- Up-to-date: /home/r3k7/Nauka_ros/src/ros-exercises/install/fibonacci_action/include/fibonacci_action/fibonacci_action/msg/rosidl_typesupport_fastrtps_c__visibility_control.h
[3.518s] -- Up-to-date: /home/r3k7/Nauka_ros/src/ros-exercises/install/fibonacci_action/lib/libfibonacci_action__rosidl_typesupport_fastrtps_c.so
[3.518s] -- Up-to-date: /home/r3k7/Nauka_ros/src/ros-exercises/install/fibonacci_action/include/fibonacci_action/fibonacci_action
[3.518s] -- Up-to-date: /home/r3k7/Nauka_ros/src/ros-exercises/install/fibonacci_action/include/fibonacci_action/fibonacci_action/action
[3.518s] -- Up-to-date: /home/r3k7/Nauka_ros/src/ros-exercises/install/fibonacci_action/include/fibonacci_action/fibonacci_action/action/detail
[3.518s] -- Up-to-date: /home/r3k7/Nauka_ros/src/ros-exercises/install/fibonacci_action/include/fibonacci_action/fibonacci_action/action/detail/fibonacci__rosidl_typesupport_introspection_c.h
[3.519s] -- Up-to-date: /home/r3k7/Nauka_ros/src/ros-exercises/install/fibonacci_action/include/fibonacci_action/fibonacci_action/action/detail/fibonacci__type_support.c
[3.519s] -- Up-to-date: /home/r3k7/Nauka_ros/src/ros-exercises/install/fibonacci_action/include/fibonacci_action/fibonacci_action/msg
[3.519s] -- Up-to-date: /home/r3k7/Nauka_ros/src/ros-exercises/install/fibonacci_action/include/fibonacci_action/fibonacci_action/msg/rosidl_typesupport_introspection_c__visibility_control.h
[3.552s] -- Up-to-date: /home/r3k7/Nauka_ros/src/ros-exercises/install/fibonacci_action/lib/libfibonacci_action__rosidl_typesupport_introspection_c.so
[3.552s] -- Up-to-date: /home/r3k7/Nauka_ros/src/ros-exercises/install/fibonacci_action/lib/libfibonacci_action__rosidl_typesupport_c.so
[3.552s] -- Up-to-date: /home/r3k7/Nauka_ros/src/ros-exercises/install/fibonacci_action/include/fibonacci_action/fibonacci_action
[3.552s] -- Up-to-date: /home/r3k7/Nauka_ros/src/ros-exercises/install/fibonacci_action/include/fibonacci_action/fibonacci_action/action
[3.552s] -- Up-to-date: /home/r3k7/Nauka_ros/src/ros-exercises/install/fibonacci_action/include/fibonacci_action/fibonacci_action/action/fibonacci.hpp
[3.552s] -- Up-to-date: /home/r3k7/Nauka_ros/src/ros-exercises/install/fibonacci_action/include/fibonacci_action/fibonacci_action/action/detail
[3.552s] -- Up-to-date: /home/r3k7/Nauka_ros/src/ros-exercises/install/fibonacci_action/include/fibonacci_action/fibonacci_action/action/detail/fibonacci__struct.hpp
[3.553s] -- Up-to-date: /home/r3k7/Nauka_ros/src/ros-exercises/install/fibonacci_action/include/fibonacci_action/fibonacci_action/action/detail/fibonacci__traits.hpp
[3.553s] -- Up-to-date: /home/r3k7/Nauka_ros/src/ros-exercises/install/fibonacci_action/include/fibonacci_action/fibonacci_action/action/detail/fibonacci__builder.hpp
[3.553s] -- Up-to-date: /home/r3k7/Nauka_ros/src/ros-exercises/install/fibonacci_action/include/fibonacci_action/fibonacci_action
[3.553s] -- Up-to-date: /home/r3k7/Nauka_ros/src/ros-exercises/install/fibonacci_action/include/fibonacci_action/fibonacci_action/action
[3.553s] -- Up-to-date: /home/r3k7/Nauka_ros/src/ros-exercises/install/fibonacci_action/include/fibonacci_action/fibonacci_action/action/detail
[3.553s] -- Up-to-date: /home/r3k7/Nauka_ros/src/ros-exercises/install/fibonacci_action/include/fibonacci_action/fibonacci_action/action/detail/fibonacci__rosidl_typesupport_fastrtps_cpp.hpp
[3.553s] -- Up-to-date: /home/r3k7/Nauka_ros/src/ros-exercises/install/fibonacci_action/include/fibonacci_action/fibonacci_action/action/detail/dds_fastrtps
[3.553s] -- Up-to-date: /home/r3k7/Nauka_ros/src/ros-exercises/install/fibonacci_action/include/fibonacci_action/fibonacci_action/msg
[3.559s] -- Up-to-date: /home/r3k7/Nauka_ros/src/ros-exercises/install/fibonacci_action/include/fibonacci_action/fibonacci_action/msg/rosidl_typesupport_fastrtps_cpp__visibility_control.h
[3.559s] -- Up-to-date: /home/r3k7/Nauka_ros/src/ros-exercises/install/fibonacci_action/lib/libfibonacci_action__rosidl_typesupport_fastrtps_cpp.so
[3.559s] -- Up-to-date: /home/r3k7/Nauka_ros/src/ros-exercises/install/fibonacci_action/include/fibonacci_action/fibonacci_action
[3.559s] -- Up-to-date: /home/r3k7/Nauka_ros/src/ros-exercises/install/fibonacci_action/include/fibonacci_action/fibonacci_action/action
[3.559s] -- Up-to-date: /home/r3k7/Nauka_ros/src/ros-exercises/install/fibonacci_action/include/fibonacci_action/fibonacci_action/action/detail
[3.559s] -- Up-to-date: /home/r3k7/Nauka_ros/src/ros-exercises/install/fibonacci_action/include/fibonacci_action/fibonacci_action/action/detail/fibonacci__rosidl_typesupport_introspection_cpp.hpp
[3.560s] -- Up-to-date: /home/r3k7/Nauka_ros/src/ros-exercises/install/fibonacci_action/include/fibonacci_action/fibonacci_action/action/detail/fibonacci__type_support.cpp
[3.560s] -- Up-to-date: /home/r3k7/Nauka_ros/src/ros-exercises/install/fibonacci_action/lib/libfibonacci_action__rosidl_typesupport_introspection_cpp.so
[3.560s] -- Up-to-date: /home/r3k7/Nauka_ros/src/ros-exercises/install/fibonacci_action/lib/libfibonacci_action__rosidl_typesupport_cpp.so
[3.560s] -- Up-to-date: /home/r3k7/Nauka_ros/src/ros-exercises/install/fibonacci_action/share/fibonacci_action/environment/pythonpath.sh
[3.560s] -- Up-to-date: /home/r3k7/Nauka_ros/src/ros-exercises/install/fibonacci_action/share/fibonacci_action/environment/pythonpath.dsv
[3.560s] -- Up-to-date: /home/r3k7/Nauka_ros/src/ros-exercises/install/fibonacci_action/local/lib/python3.10/dist-packages/fibonacci_action-0.0.0-py3.10.egg-info
[3.560s] -- Installing: /home/r3k7/Nauka_ros/src/ros-exercises/install/fibonacci_action/local/lib/python3.10/dist-packages/fibonacci_action-0.0.0-py3.10.egg-info/dependency_links.txt
[3.560s] -- Installing: /home/r3k7/Nauka_ros/src/ros-exercises/install/fibonacci_action/local/lib/python3.10/dist-packages/fibonacci_action-0.0.0-py3.10.egg-info/PKG-INFO
[3.560s] -- Installing: /home/r3k7/Nauka_ros/src/ros-exercises/install/fibonacci_action/local/lib/python3.10/dist-packages/fibonacci_action-0.0.0-py3.10.egg-info/SOURCES.txt
[3.560s] -- Installing: /home/r3k7/Nauka_ros/src/ros-exercises/install/fibonacci_action/local/lib/python3.10/dist-packages/fibonacci_action-0.0.0-py3.10.egg-info/top_level.txt
[3.561s] -- Up-to-date: /home/r3k7/Nauka_ros/src/ros-exercises/install/fibonacci_action/local/lib/python3.10/dist-packages/fibonacci_action
[3.561s] -- Up-to-date: /home/r3k7/Nauka_ros/src/ros-exercises/install/fibonacci_action/local/lib/python3.10/dist-packages/fibonacci_action/action
[3.561s] -- Up-to-date: /home/r3k7/Nauka_ros/src/ros-exercises/install/fibonacci_action/local/lib/python3.10/dist-packages/fibonacci_action/action/_fibonacci.py
[3.561s] -- Up-to-date: /home/r3k7/Nauka_ros/src/ros-exercises/install/fibonacci_action/local/lib/python3.10/dist-packages/fibonacci_action/action/__init__.py
[3.561s] -- Up-to-date: /home/r3k7/Nauka_ros/src/ros-exercises/install/fibonacci_action/local/lib/python3.10/dist-packages/fibonacci_action/action/_fibonacci_s.c
[3.561s] -- Up-to-date: /home/r3k7/Nauka_ros/src/ros-exercises/install/fibonacci_action/local/lib/python3.10/dist-packages/fibonacci_action/fibonacci_action_s__rosidl_typesupport_introspection_c.cpython-310-x86_64-linux-gnu.so
[3.561s] -- Up-to-date: /home/r3k7/Nauka_ros/src/ros-exercises/install/fibonacci_action/local/lib/python3.10/dist-packages/fibonacci_action/_fibonacci_action_s.ep.rosidl_typesupport_c.c
[3.561s] -- Up-to-date: /home/r3k7/Nauka_ros/src/ros-exercises/install/fibonacci_action/local/lib/python3.10/dist-packages/fibonacci_action/libfibonacci_action__rosidl_generator_py.so
[3.561s] -- Up-to-date: /home/r3k7/Nauka_ros/src/ros-exercises/install/fibonacci_action/local/lib/python3.10/dist-packages/fibonacci_action/_fibonacci_action_s.ep.rosidl_typesupport_fastrtps_c.c
[3.561s] -- Up-to-date: /home/r3k7/Nauka_ros/src/ros-exercises/install/fibonacci_action/local/lib/python3.10/dist-packages/fibonacci_action/fibonacci_action_s__rosidl_typesupport_c.cpython-310-x86_64-linux-gnu.so
[3.562s] -- Up-to-date: /home/r3k7/Nauka_ros/src/ros-exercises/install/fibonacci_action/local/lib/python3.10/dist-packages/fibonacci_action/fibonacci_action_s__rosidl_typesupport_fastrtps_c.cpython-310-x86_64-linux-gnu.so
[3.562s] -- Up-to-date: /home/r3k7/Nauka_ros/src/ros-exercises/install/fibonacci_action/local/lib/python3.10/dist-packages/fibonacci_action/__init__.py
[3.562s] -- Up-to-date: /home/r3k7/Nauka_ros/src/ros-exercises/install/fibonacci_action/local/lib/python3.10/dist-packages/fibonacci_action/_fibonacci_action_s.ep.rosidl_typesupport_introspection_c.c
[3.612s] Listing '/home/r3k7/Nauka_ros/src/ros-exercises/install/fibonacci_action/local/lib/python3.10/dist-packages/fibonacci_action'...
[3.612s] Listing '/home/r3k7/Nauka_ros/src/ros-exercises/install/fibonacci_action/local/lib/python3.10/dist-packages/fibonacci_action/action'...
[3.670s] -- Up-to-date: /home/r3k7/Nauka_ros/src/ros-exercises/install/fibonacci_action/local/lib/python3.10/dist-packages/fibonacci_action/fibonacci_action_s__rosidl_typesupport_fastrtps_c.cpython-310-x86_64-linux-gnu.so
[3.670s] -- Up-to-date: /home/r3k7/Nauka_ros/src/ros-exercises/install/fibonacci_action/local/lib/python3.10/dist-packages/fibonacci_action/fibonacci_action_s__rosidl_typesupport_introspection_c.cpython-310-x86_64-linux-gnu.so
[3.671s] -- Up-to-date: /home/r3k7/Nauka_ros/src/ros-exercises/install/fibonacci_action/local/lib/python3.10/dist-packages/fibonacci_action/fibonacci_action_s__rosidl_typesupport_c.cpython-310-x86_64-linux-gnu.so
[3.671s] -- Up-to-date: /home/r3k7/Nauka_ros/src/ros-exercises/install/fibonacci_action/lib/libfibonacci_action__rosidl_generator_py.so
[3.671s] -- Up-to-date: /home/r3k7/Nauka_ros/src/ros-exercises/install/fibonacci_action/share/fibonacci_action/action/Fibonacci.idl
[3.671s] -- Up-to-date: /home/r3k7/Nauka_ros/src/ros-exercises/install/fibonacci_action/share/fibonacci_action/action/Fibonacci.action
[3.671s] -- Up-to-date: /home/r3k7/Nauka_ros/src/ros-exercises/install/fibonacci_action/lib/fibonacci_action/fibonacci_action_server.py
[3.671s] -- Up-to-date: /home/r3k7/Nauka_ros/src/ros-exercises/install/fibonacci_action/lib/fibonacci_action/fibonacci_action_client.py
[3.671s] -- Up-to-date: /home/r3k7/Nauka_ros/src/ros-exercises/install/fibonacci_action/share/ament_index/resource_index/package_run_dependencies/fibonacci_action
[3.671s] -- Up-to-date: /home/r3k7/Nauka_ros/src/ros-exercises/install/fibonacci_action/share/ament_index/resource_index/parent_prefix_path/fibonacci_action
[3.671s] -- Up-to-date: /home/r3k7/Nauka_ros/src/ros-exercises/install/fibonacci_action/share/fibonacci_action/environment/ament_prefix_path.sh
[3.671s] -- Up-to-date: /home/r3k7/Nauka_ros/src/ros-exercises/install/fibonacci_action/share/fibonacci_action/environment/ament_prefix_path.dsv
[3.671s] -- Up-to-date: /home/r3k7/Nauka_ros/src/ros-exercises/install/fibonacci_action/share/fibonacci_action/environment/path.sh
[3.672s] -- Up-to-date: /home/r3k7/Nauka_ros/src/ros-exercises/install/fibonacci_action/share/fibonacci_action/environment/path.dsv
[3.672s] -- Up-to-date: /home/r3k7/Nauka_ros/src/ros-exercises/install/fibonacci_action/share/fibonacci_action/local_setup.bash
[3.672s] -- Up-to-date: /home/r3k7/Nauka_ros/src/ros-exercises/install/fibonacci_action/share/fibonacci_action/local_setup.sh
[3.672s] -- Up-to-date: /home/r3k7/Nauka_ros/src/ros-exercises/install/fibonacci_action/share/fibonacci_action/local_setup.zsh
[3.672s] -- Up-to-date: /home/r3k7/Nauka_ros/src/ros-exercises/install/fibonacci_action/share/fibonacci_action/local_setup.dsv
[3.672s] -- Installing: /home/r3k7/Nauka_ros/src/ros-exercises/install/fibonacci_action/share/fibonacci_action/package.dsv
[3.672s] -- Up-to-date: /home/r3k7/Nauka_ros/src/ros-exercises/install/fibonacci_action/share/ament_index/resource_index/packages/fibonacci_action
[3.672s] -- Up-to-date: /home/r3k7/Nauka_ros/src/ros-exercises/install/fibonacci_action/share/fibonacci_action/cmake/export_fibonacci_action__rosidl_generator_cExport.cmake
[3.673s] -- Up-to-date: /home/r3k7/Nauka_ros/src/ros-exercises/install/fibonacci_action/share/fibonacci_action/cmake/export_fibonacci_action__rosidl_generator_cExport-noconfig.cmake
[3.673s] -- Up-to-date: /home/r3k7/Nauka_ros/src/ros-exercises/install/fibonacci_action/share/fibonacci_action/cmake/export_fibonacci_action__rosidl_typesupport_fastrtps_cExport.cmake
[3.673s] -- Up-to-date: /home/r3k7/Nauka_ros/src/ros-exercises/install/fibonacci_action/share/fibonacci_action/cmake/export_fibonacci_action__rosidl_typesupport_fastrtps_cExport-noconfig.cmake
[3.673s] -- Up-to-date: /home/r3k7/Nauka_ros/src/ros-exercises/install/fibonacci_action/share/fibonacci_action/cmake/fibonacci_action__rosidl_typesupport_introspection_cExport.cmake
[3.673s] -- Up-to-date: /home/r3k7/Nauka_ros/src/ros-exercises/install/fibonacci_action/share/fibonacci_action/cmake/fibonacci_action__rosidl_typesupport_introspection_cExport-noconfig.cmake
[3.673s] -- Up-to-date: /home/r3k7/Nauka_ros/src/ros-exercises/install/fibonacci_action/share/fibonacci_action/cmake/fibonacci_action__rosidl_typesupport_cExport.cmake
[3.673s] -- Up-to-date: /home/r3k7/Nauka_ros/src/ros-exercises/install/fibonacci_action/share/fibonacci_action/cmake/fibonacci_action__rosidl_typesupport_cExport-noconfig.cmake
[3.673s] -- Up-to-date: /home/r3k7/Nauka_ros/src/ros-exercises/install/fibonacci_action/share/fibonacci_action/cmake/export_fibonacci_action__rosidl_generator_cppExport.cmake
[3.673s] -- Up-to-date: /home/r3k7/Nauka_ros/src/ros-exercises/install/fibonacci_action/share/fibonacci_action/cmake/export_fibonacci_action__rosidl_typesupport_fastrtps_cppExport.cmake
[3.673s] -- Up-to-date: /home/r3k7/Nauka_ros/src/ros-exercises/install/fibonacci_action/share/fibonacci_action/cmake/export_fibonacci_action__rosidl_typesupport_fastrtps_cppExport-noconfig.cmake
[3.674s] -- Up-to-date: /home/r3k7/Nauka_ros/src/ros-exercises/install/fibonacci_action/share/fibonacci_action/cmake/fibonacci_action__rosidl_typesupport_introspection_cppExport.cmake
[3.674s] -- Up-to-date: /home/r3k7/Nauka_ros/src/ros-exercises/install/fibonacci_action/share/fibonacci_action/cmake/fibonacci_action__rosidl_typesupport_introspection_cppExport-noconfig.cmake
[3.674s] -- Up-to-date: /home/r3k7/Nauka_ros/src/ros-exercises/install/fibonacci_action/share/fibonacci_action/cmake/fibonacci_action__rosidl_typesupport_cppExport.cmake
[3.674s] -- Up-to-date: /home/r3k7/Nauka_ros/src/ros-exercises/install/fibonacci_action/share/fibonacci_action/cmake/fibonacci_action__rosidl_typesupport_cppExport-noconfig.cmake
[3.674s] -- Up-to-date: /home/r3k7/Nauka_ros/src/ros-exercises/install/fibonacci_action/share/fibonacci_action/cmake/export_fibonacci_action__rosidl_generator_pyExport.cmake
[3.674s] -- Up-to-date: /home/r3k7/Nauka_ros/src/ros-exercises/install/fibonacci_action/share/fibonacci_action/cmake/export_fibonacci_action__rosidl_generator_pyExport-noconfig.cmake
[3.674s] -- Up-to-date: /home/r3k7/Nauka_ros/src/ros-exercises/install/fibonacci_action/share/fibonacci_action/cmake/rosidl_cmake-extras.cmake
[3.674s] -- Up-to-date: /home/r3k7/Nauka_ros/src/ros-exercises/install/fibonacci_action/share/fibonacci_action/cmake/ament_cmake_export_dependencies-extras.cmake
[3.674s] -- Up-to-date: /home/r3k7/Nauka_ros/src/ros-exercises/install/fibonacci_action/share/fibonacci_action/cmake/ament_cmake_export_include_directories-extras.cmake
[3.674s] -- Up-to-date: /home/r3k7/Nauka_ros/src/ros-exercises/install/fibonacci_action/share/fibonacci_action/cmake/ament_cmake_export_libraries-extras.cmake
[3.675s] -- Up-to-date: /home/r3k7/Nauka_ros/src/ros-exercises/install/fibonacci_action/share/fibonacci_action/cmake/ament_cmake_export_targets-extras.cmake
[3.675s] -- Up-to-date: /home/r3k7/Nauka_ros/src/ros-exercises/install/fibonacci_action/share/fibonacci_action/cmake/rosidl_cmake_export_typesupport_targets-extras.cmake
[3.675s] -- Up-to-date: /home/r3k7/Nauka_ros/src/ros-exercises/install/fibonacci_action/share/fibonacci_action/cmake/rosidl_cmake_export_typesupport_libraries-extras.cmake
[3.675s] -- Up-to-date: /home/r3k7/Nauka_ros/src/ros-exercises/install/fibonacci_action/share/fibonacci_action/cmake/fibonacci_actionConfig.cmake
[3.675s] -- Up-to-date: /home/r3k7/Nauka_ros/src/ros-exercises/install/fibonacci_action/share/fibonacci_action/cmake/fibonacci_actionConfig-version.cmake
[3.675s] -- Up-to-date: /home/r3k7/Nauka_ros/src/ros-exercises/install/fibonacci_action/share/fibonacci_action/package.xml
[3.676s] Invoked command in '/home/r3k7/Nauka_ros/src/ros-exercises/build/fibonacci_action' returned '0': CMAKE_PREFIX_PATH=${CMAKE_PREFIX_PATH}:/home/r3k7/Nauka_ros/src/ros-exercises/install/navigation2_dist:/opt/ros/humble WSLENV=ELECTRON_RUN_AS_NODE/w:WT_SESSION:WT_PROFILE_ID: /usr/bin/cmake --install /home/r3k7/Nauka_ros/src/ros-exercises/build/fibonacci_action
