[2.075s] DEBUG:colcon:Command line arguments: ['/usr/bin/colcon', 'build']
[2.075s] DEBUG:colcon:Parsed command line arguments: Namespace(log_base=None, log_level=None, verb_name='build', build_base='build', install_base='install', merge_install=False, symlink_install=False, test_result_base=None, continue_on_error=False, executor='parallel', parallel_workers=8, event_handlers=None, ignore_user_meta=False, metas=['./colcon.meta'], base_paths=['.'], packages_ignore=None, packages_ignore_regex=None, paths=None, packages_up_to=None, packages_up_to_regex=None, packages_above=None, packages_above_and_dependencies=None, packages_above_depth=None, packages_select_by_dep=None, packages_skip_by_dep=None, packages_skip_up_to=None, packages_select_build_failed=False, packages_skip_build_finished=False, packages_select_test_failures=False, packages_skip_test_passed=False, packages_select=None, packages_skip=None, packages_select_regex=None, packages_skip_regex=None, packages_start=None, packages_end=None, allow_overriding=[], cmake_args=None, cmake_target=None, cmake_target_skip_unavailable=False, cmake_clean_cache=False, cmake_clean_first=False, cmake_force_configure=False, ament_cmake_args=None, catkin_cmake_args=None, catkin_skip_building_tests=False, verb_parser=<colcon_defaults.argument_parser.defaults.DefaultArgumentsDecorator object at 0x7f5944598760>, verb_extension=<colcon_core.verb.build.BuildVerb object at 0x7f59448d9750>, main=<bound method BuildVerb.main of <colcon_core.verb.build.BuildVerb object at 0x7f59448d9750>>)
[2.159s] Level 1:colcon.colcon_core.package_discovery:discover_packages(colcon_meta) check parameters
[2.159s] Level 1:colcon.colcon_core.package_discovery:discover_packages(recursive) check parameters
[2.160s] Level 1:colcon.colcon_core.package_discovery:discover_packages(ignore) check parameters
[2.160s] Level 1:colcon.colcon_core.package_discovery:discover_packages(path) check parameters
[2.160s] Level 1:colcon.colcon_core.package_discovery:discover_packages(colcon_meta) discover
[2.160s] Level 1:colcon.colcon_core.package_discovery:discover_packages(recursive) discover
[2.160s] INFO:colcon.colcon_core.package_discovery:Crawling recursively for packages in '/home/mrush/exercise/src/ros-exercises'
[2.161s] Level 1:colcon.colcon_core.package_identification:_identify(.) by extensions ['ignore', 'ignore_ament_install']
[2.161s] Level 1:colcon.colcon_core.package_identification:_identify(.) by extension 'ignore'
[2.162s] Level 1:colcon.colcon_core.package_identification:_identify(.) by extension 'ignore_ament_install'
[2.162s] Level 1:colcon.colcon_core.package_identification:_identify(.) by extensions ['colcon_pkg']
[2.162s] Level 1:colcon.colcon_core.package_identification:_identify(.) by extension 'colcon_pkg'
[2.162s] Level 1:colcon.colcon_core.package_identification:_identify(.) by extensions ['colcon_meta']
[2.162s] Level 1:colcon.colcon_core.package_identification:_identify(.) by extension 'colcon_meta'
[2.162s] Level 1:colcon.colcon_core.package_identification:_identify(.) by extensions ['ros']
[2.162s] Level 1:colcon.colcon_core.package_identification:_identify(.) by extension 'ros'
[2.195s] Level 1:colcon.colcon_core.package_identification:_identify(.) by extensions ['cmake', 'python']
[2.196s] Level 1:colcon.colcon_core.package_identification:_identify(.) by extension 'cmake'
[2.196s] Level 1:colcon.colcon_core.package_identification:_identify(.) by extension 'python'
[2.196s] Level 1:colcon.colcon_core.package_identification:_identify(.) by extensions ['python_setup_py']
[2.196s] Level 1:colcon.colcon_core.package_identification:_identify(.) by extension 'python_setup_py'
[2.196s] Level 1:colcon.colcon_core.package_identification:_identify(build) by extensions ['ignore', 'ignore_ament_install']
[2.196s] Level 1:colcon.colcon_core.package_identification:_identify(build) by extension 'ignore'
[2.196s] Level 1:colcon.colcon_core.package_identification:_identify(build) ignored
[2.196s] Level 1:colcon.colcon_core.package_identification:_identify(ex_solution) by extensions ['ignore', 'ignore_ament_install']
[2.197s] Level 1:colcon.colcon_core.package_identification:_identify(ex_solution) by extension 'ignore'
[2.197s] Level 1:colcon.colcon_core.package_identification:_identify(ex_solution) by extension 'ignore_ament_install'
[2.197s] Level 1:colcon.colcon_core.package_identification:_identify(ex_solution) by extensions ['colcon_pkg']
[2.197s] Level 1:colcon.colcon_core.package_identification:_identify(ex_solution) by extension 'colcon_pkg'
[2.197s] Level 1:colcon.colcon_core.package_identification:_identify(ex_solution) by extensions ['colcon_meta']
[2.197s] Level 1:colcon.colcon_core.package_identification:_identify(ex_solution) by extension 'colcon_meta'
[2.197s] Level 1:colcon.colcon_core.package_identification:_identify(ex_solution) by extensions ['ros']
[2.197s] Level 1:colcon.colcon_core.package_identification:_identify(ex_solution) by extension 'ros'
[2.201s] DEBUG:colcon.colcon_core.package_identification:Package 'ex_solution' with type 'ros.ament_cmake' and name 'ex_solution'
[2.201s] Level 1:colcon.colcon_core.package_identification:_identify(exercise) by extensions ['ignore', 'ignore_ament_install']
[2.202s] Level 1:colcon.colcon_core.package_identification:_identify(exercise) by extension 'ignore'
[2.202s] Level 1:colcon.colcon_core.package_identification:_identify(exercise) by extension 'ignore_ament_install'
[2.202s] Level 1:colcon.colcon_core.package_identification:_identify(exercise) by extensions ['colcon_pkg']
[2.202s] Level 1:colcon.colcon_core.package_identification:_identify(exercise) by extension 'colcon_pkg'
[2.202s] Level 1:colcon.colcon_core.package_identification:_identify(exercise) by extensions ['colcon_meta']
[2.202s] Level 1:colcon.colcon_core.package_identification:_identify(exercise) by extension 'colcon_meta'
[2.202s] Level 1:colcon.colcon_core.package_identification:_identify(exercise) by extensions ['ros']
[2.202s] Level 1:colcon.colcon_core.package_identification:_identify(exercise) by extension 'ros'
[2.203s] DEBUG:colcon.colcon_core.package_identification:Package 'exercise' with type 'ros.ament_cmake' and name 'exercise'
[2.204s] Level 1:colcon.colcon_core.package_identification:_identify(fibonacci_action) by extensions ['ignore', 'ignore_ament_install']
[2.204s] Level 1:colcon.colcon_core.package_identification:_identify(fibonacci_action) by extension 'ignore'
[2.204s] Level 1:colcon.colcon_core.package_identification:_identify(fibonacci_action) by extension 'ignore_ament_install'
[2.204s] Level 1:colcon.colcon_core.package_identification:_identify(fibonacci_action) by extensions ['colcon_pkg']
[2.204s] Level 1:colcon.colcon_core.package_identification:_identify(fibonacci_action) by extension 'colcon_pkg'
[2.204s] Level 1:colcon.colcon_core.package_identification:_identify(fibonacci_action) by extensions ['colcon_meta']
[2.205s] Level 1:colcon.colcon_core.package_identification:_identify(fibonacci_action) by extension 'colcon_meta'
[2.205s] Level 1:colcon.colcon_core.package_identification:_identify(fibonacci_action) by extensions ['ros']
[2.205s] Level 1:colcon.colcon_core.package_identification:_identify(fibonacci_action) by extension 'ros'
[2.207s] DEBUG:colcon.colcon_core.package_identification:Package 'fibonacci_action' with type 'ros.ament_cmake' and name 'fibonacci_action'
[2.209s] Level 1:colcon.colcon_core.package_identification:_identify(install) by extensions ['ignore', 'ignore_ament_install']
[2.209s] Level 1:colcon.colcon_core.package_identification:_identify(install) by extension 'ignore'
[2.210s] Level 1:colcon.colcon_core.package_identification:_identify(install) ignored
[2.210s] Level 1:colcon.colcon_core.package_identification:_identify(log) by extensions ['ignore', 'ignore_ament_install']
[2.211s] Level 1:colcon.colcon_core.package_identification:_identify(log) by extension 'ignore'
[2.211s] Level 1:colcon.colcon_core.package_identification:_identify(log) ignored
[2.211s] Level 1:colcon.colcon_core.package_identification:_identify(navigation2_planners) by extensions ['ignore', 'ignore_ament_install']
[2.211s] Level 1:colcon.colcon_core.package_identification:_identify(navigation2_planners) by extension 'ignore'
[2.211s] Level 1:colcon.colcon_core.package_identification:_identify(navigation2_planners) by extension 'ignore_ament_install'
[2.212s] Level 1:colcon.colcon_core.package_identification:_identify(navigation2_planners) by extensions ['colcon_pkg']
[2.212s] Level 1:colcon.colcon_core.package_identification:_identify(navigation2_planners) by extension 'colcon_pkg'
[2.212s] Level 1:colcon.colcon_core.package_identification:_identify(navigation2_planners) by extensions ['colcon_meta']
[2.212s] Level 1:colcon.colcon_core.package_identification:_identify(navigation2_planners) by extension 'colcon_meta'
[2.212s] Level 1:colcon.colcon_core.package_identification:_identify(navigation2_planners) by extensions ['ros']
[2.212s] Level 1:colcon.colcon_core.package_identification:_identify(navigation2_planners) by extension 'ros'
[2.213s] Level 1:colcon.colcon_core.package_identification:_identify(navigation2_planners) by extensions ['cmake', 'python']
[2.213s] Level 1:colcon.colcon_core.package_identification:_identify(navigation2_planners) by extension 'cmake'
[2.213s] Level 1:colcon.colcon_core.package_identification:_identify(navigation2_planners) by extension 'python'
[2.213s] Level 1:colcon.colcon_core.package_identification:_identify(navigation2_planners) by extensions ['python_setup_py']
[2.213s] Level 1:colcon.colcon_core.package_identification:_identify(navigation2_planners) by extension 'python_setup_py'
[2.214s] Level 1:colcon.colcon_core.package_identification:_identify(navigation2_planners/navigation2_dist) by extensions ['ignore', 'ignore_ament_install']
[2.214s] Level 1:colcon.colcon_core.package_identification:_identify(navigation2_planners/navigation2_dist) by extension 'ignore'
[2.214s] Level 1:colcon.colcon_core.package_identification:_identify(navigation2_planners/navigation2_dist) by extension 'ignore_ament_install'
[2.214s] Level 1:colcon.colcon_core.package_identification:_identify(navigation2_planners/navigation2_dist) by extensions ['colcon_pkg']
[2.214s] Level 1:colcon.colcon_core.package_identification:_identify(navigation2_planners/navigation2_dist) by extension 'colcon_pkg'
[2.215s] Level 1:colcon.colcon_core.package_identification:_identify(navigation2_planners/navigation2_dist) by extensions ['colcon_meta']
[2.215s] Level 1:colcon.colcon_core.package_identification:_identify(navigation2_planners/navigation2_dist) by extension 'colcon_meta'
[2.215s] Level 1:colcon.colcon_core.package_identification:_identify(navigation2_planners/navigation2_dist) by extensions ['ros']
[2.215s] Level 1:colcon.colcon_core.package_identification:_identify(navigation2_planners/navigation2_dist) by extension 'ros'
[2.216s] DEBUG:colcon.colcon_core.package_identification:Package 'navigation2_planners/navigation2_dist' with type 'ros.ament_python' and name 'navigation2_dist'
[2.216s] Level 1:colcon.colcon_core.package_identification:_identify(navigation2_planners/navigation2_turtlebot) by extensions ['ignore', 'ignore_ament_install']
[2.216s] Level 1:colcon.colcon_core.package_identification:_identify(navigation2_planners/navigation2_turtlebot) by extension 'ignore'
[2.216s] Level 1:colcon.colcon_core.package_identification:_identify(navigation2_planners/navigation2_turtlebot) by extension 'ignore_ament_install'
[2.217s] Level 1:colcon.colcon_core.package_identification:_identify(navigation2_planners/navigation2_turtlebot) by extensions ['colcon_pkg']
[2.217s] Level 1:colcon.colcon_core.package_identification:_identify(navigation2_planners/navigation2_turtlebot) by extension 'colcon_pkg'
[2.217s] Level 1:colcon.colcon_core.package_identification:_identify(navigation2_planners/navigation2_turtlebot) by extensions ['colcon_meta']
[2.217s] Level 1:colcon.colcon_core.package_identification:_identify(navigation2_planners/navigation2_turtlebot) by extension 'colcon_meta'
[2.217s] Level 1:colcon.colcon_core.package_identification:_identify(navigation2_planners/navigation2_turtlebot) by extensions ['ros']
[2.217s] Level 1:colcon.colcon_core.package_identification:_identify(navigation2_planners/navigation2_turtlebot) by extension 'ros'
[2.218s] DEBUG:colcon.colcon_core.package_identification:Package 'navigation2_planners/navigation2_turtlebot' with type 'ros.ament_cmake' and name 'navigation2_turtle'
[2.218s] Level 1:colcon.colcon_core.package_identification:_identify(pub_sub) by extensions ['ignore', 'ignore_ament_install']
[2.218s] Level 1:colcon.colcon_core.package_identification:_identify(pub_sub) by extension 'ignore'
[2.218s] Level 1:colcon.colcon_core.package_identification:_identify(pub_sub) by extension 'ignore_ament_install'
[2.218s] Level 1:colcon.colcon_core.package_identification:_identify(pub_sub) by extensions ['colcon_pkg']
[2.218s] Level 1:colcon.colcon_core.package_identification:_identify(pub_sub) by extension 'colcon_pkg'
[2.218s] Level 1:colcon.colcon_core.package_identification:_identify(pub_sub) by extensions ['colcon_meta']
[2.218s] Level 1:colcon.colcon_core.package_identification:_identify(pub_sub) by extension 'colcon_meta'
[2.218s] Level 1:colcon.colcon_core.package_identification:_identify(pub_sub) by extensions ['ros']
[2.218s] Level 1:colcon.colcon_core.package_identification:_identify(pub_sub) by extension 'ros'
[2.219s] DEBUG:colcon.colcon_core.package_identification:Package 'pub_sub' with type 'ros.ament_cmake' and name 'pub_sub'
[2.219s] Level 1:colcon.colcon_core.package_discovery:discover_packages(recursive) using defaults
[2.219s] Level 1:colcon.colcon_core.package_discovery:discover_packages(ignore) discover
[2.219s] Level 1:colcon.colcon_core.package_discovery:discover_packages(ignore) using defaults
[2.219s] Level 1:colcon.colcon_core.package_discovery:discover_packages(path) discover
[2.219s] Level 1:colcon.colcon_core.package_discovery:discover_packages(path) using defaults
[2.412s] Level 1:colcon.colcon_core.package_discovery:discover_packages(prefix_path) check parameters
[2.412s] Level 1:colcon.colcon_core.package_discovery:discover_packages(prefix_path) discover
[2.480s] DEBUG:colcon.colcon_installed_package_information.package_discovery:Found 6 installed packages in /home/mrush/exercise/src/ros-exercises/install
[2.503s] DEBUG:colcon.colcon_installed_package_information.package_discovery:Found 329 installed packages in /opt/ros/humble
[2.507s] Level 1:colcon.colcon_core.package_discovery:discover_packages(prefix_path) using defaults
[2.798s] Level 5:colcon.colcon_core.verb:set package 'ex_solution' build argument 'cmake_args' from command line to 'None'
[2.798s] Level 5:colcon.colcon_core.verb:set package 'ex_solution' build argument 'cmake_target' from command line to 'None'
[2.798s] Level 5:colcon.colcon_core.verb:set package 'ex_solution' build argument 'cmake_target_skip_unavailable' from command line to 'False'
[2.799s] Level 5:colcon.colcon_core.verb:set package 'ex_solution' build argument 'cmake_clean_cache' from command line to 'False'
[2.799s] Level 5:colcon.colcon_core.verb:set package 'ex_solution' build argument 'cmake_clean_first' from command line to 'False'
[2.799s] Level 5:colcon.colcon_core.verb:set package 'ex_solution' build argument 'cmake_force_configure' from command line to 'False'
[2.799s] Level 5:colcon.colcon_core.verb:set package 'ex_solution' build argument 'ament_cmake_args' from command line to 'None'
[2.799s] Level 5:colcon.colcon_core.verb:set package 'ex_solution' build argument 'catkin_cmake_args' from command line to 'None'
[2.799s] Level 5:colcon.colcon_core.verb:set package 'ex_solution' build argument 'catkin_skip_building_tests' from command line to 'False'
[2.799s] DEBUG:colcon.colcon_core.verb:Building package 'ex_solution' with the following arguments: {'ament_cmake_args': None, 'build_base': '/home/mrush/exercise/src/ros-exercises/build/ex_solution', 'catkin_cmake_args': None, 'catkin_skip_building_tests': False, 'cmake_args': None, 'cmake_clean_cache': False, 'cmake_clean_first': False, 'cmake_force_configure': False, 'cmake_target': None, 'cmake_target_skip_unavailable': False, 'install_base': '/home/mrush/exercise/src/ros-exercises/install/ex_solution', 'merge_install': False, 'path': '/home/mrush/exercise/src/ros-exercises/ex_solution', 'symlink_install': False, 'test_result_base': None}
[2.849s] Level 5:colcon.colcon_core.verb:set package 'exercise' build argument 'cmake_args' from command line to 'None'
[2.849s] Level 5:colcon.colcon_core.verb:set package 'exercise' build argument 'cmake_target' from command line to 'None'
[2.849s] Level 5:colcon.colcon_core.verb:set package 'exercise' build argument 'cmake_target_skip_unavailable' from command line to 'False'
[2.849s] Level 5:colcon.colcon_core.verb:set package 'exercise' build argument 'cmake_clean_cache' from command line to 'False'
[2.849s] Level 5:colcon.colcon_core.verb:set package 'exercise' build argument 'cmake_clean_first' from command line to 'False'
[2.849s] Level 5:colcon.colcon_core.verb:set package 'exercise' build argument 'cmake_force_configure' from command line to 'False'
[2.849s] Level 5:colcon.colcon_core.verb:set package 'exercise' build argument 'ament_cmake_args' from command line to 'None'
[2.849s] Level 5:colcon.colcon_core.verb:set package 'exercise' build argument 'catkin_cmake_args' from command line to 'None'
[2.849s] Level 5:colcon.colcon_core.verb:set package 'exercise' build argument 'catkin_skip_building_tests' from command line to 'False'
[2.849s] DEBUG:colcon.colcon_core.verb:Building package 'exercise' with the following arguments: {'ament_cmake_args': None, 'build_base': '/home/mrush/exercise/src/ros-exercises/build/exercise', 'catkin_cmake_args': None, 'catkin_skip_building_tests': False, 'cmake_args': None, 'cmake_clean_cache': False, 'cmake_clean_first': False, 'cmake_force_configure': False, 'cmake_target': None, 'cmake_target_skip_unavailable': False, 'install_base': '/home/mrush/exercise/src/ros-exercises/install/exercise', 'merge_install': False, 'path': '/home/mrush/exercise/src/ros-exercises/exercise', 'symlink_install': False, 'test_result_base': None}
[2.882s] Level 5:colcon.colcon_core.verb:set package 'fibonacci_action' build argument 'cmake_args' from command line to 'None'
[2.882s] Level 5:colcon.colcon_core.verb:set package 'fibonacci_action' build argument 'cmake_target' from command line to 'None'
[2.882s] Level 5:colcon.colcon_core.verb:set package 'fibonacci_action' build argument 'cmake_target_skip_unavailable' from command line to 'False'
[2.882s] Level 5:colcon.colcon_core.verb:set package 'fibonacci_action' build argument 'cmake_clean_cache' from command line to 'False'
[2.882s] Level 5:colcon.colcon_core.verb:set package 'fibonacci_action' build argument 'cmake_clean_first' from command line to 'False'
[2.882s] Level 5:colcon.colcon_core.verb:set package 'fibonacci_action' build argument 'cmake_force_configure' from command line to 'False'
[2.882s] Level 5:colcon.colcon_core.verb:set package 'fibonacci_action' build argument 'ament_cmake_args' from command line to 'None'
[2.882s] Level 5:colcon.colcon_core.verb:set package 'fibonacci_action' build argument 'catkin_cmake_args' from command line to 'None'
[2.882s] Level 5:colcon.colcon_core.verb:set package 'fibonacci_action' build argument 'catkin_skip_building_tests' from command line to 'False'
[2.882s] DEBUG:colcon.colcon_core.verb:Building package 'fibonacci_action' with the following arguments: {'ament_cmake_args': None, 'build_base': '/home/mrush/exercise/src/ros-exercises/build/fibonacci_action', 'catkin_cmake_args': None, 'catkin_skip_building_tests': False, 'cmake_args': None, 'cmake_clean_cache': False, 'cmake_clean_first': False, 'cmake_force_configure': False, 'cmake_target': None, 'cmake_target_skip_unavailable': False, 'install_base': '/home/mrush/exercise/src/ros-exercises/install/fibonacci_action', 'merge_install': False, 'path': '/home/mrush/exercise/src/ros-exercises/fibonacci_action', 'symlink_install': False, 'test_result_base': None}
[2.918s] Level 5:colcon.colcon_core.verb:set package 'navigation2_dist' build argument 'cmake_args' from command line to 'None'
[2.918s] Level 5:colcon.colcon_core.verb:set package 'navigation2_dist' build argument 'cmake_target' from command line to 'None'
[2.918s] Level 5:colcon.colcon_core.verb:set package 'navigation2_dist' build argument 'cmake_target_skip_unavailable' from command line to 'False'
[2.918s] Level 5:colcon.colcon_core.verb:set package 'navigation2_dist' build argument 'cmake_clean_cache' from command line to 'False'
[2.918s] Level 5:colcon.colcon_core.verb:set package 'navigation2_dist' build argument 'cmake_clean_first' from command line to 'False'
[2.918s] Level 5:colcon.colcon_core.verb:set package 'navigation2_dist' build argument 'cmake_force_configure' from command line to 'False'
[2.918s] Level 5:colcon.colcon_core.verb:set package 'navigation2_dist' build argument 'ament_cmake_args' from command line to 'None'
[2.918s] Level 5:colcon.colcon_core.verb:set package 'navigation2_dist' build argument 'catkin_cmake_args' from command line to 'None'
[2.918s] Level 5:colcon.colcon_core.verb:set package 'navigation2_dist' build argument 'catkin_skip_building_tests' from command line to 'False'
[2.918s] DEBUG:colcon.colcon_core.verb:Building package 'navigation2_dist' with the following arguments: {'ament_cmake_args': None, 'build_base': '/home/mrush/exercise/src/ros-exercises/build/navigation2_dist', 'catkin_cmake_args': None, 'catkin_skip_building_tests': False, 'cmake_args': None, 'cmake_clean_cache': False, 'cmake_clean_first': False, 'cmake_force_configure': False, 'cmake_target': None, 'cmake_target_skip_unavailable': False, 'install_base': '/home/mrush/exercise/src/ros-exercises/install/navigation2_dist', 'merge_install': False, 'path': '/home/mrush/exercise/src/ros-exercises/navigation2_planners/navigation2_dist', 'symlink_install': False, 'test_result_base': None}
[2.950s] Level 5:colcon.colcon_core.verb:set package 'navigation2_turtle' build argument 'cmake_args' from command line to 'None'
[2.951s] Level 5:colcon.colcon_core.verb:set package 'navigation2_turtle' build argument 'cmake_target' from command line to 'None'
[2.952s] Level 5:colcon.colcon_core.verb:set package 'navigation2_turtle' build argument 'cmake_target_skip_unavailable' from command line to 'False'
[2.953s] Level 5:colcon.colcon_core.verb:set package 'navigation2_turtle' build argument 'cmake_clean_cache' from command line to 'False'
[2.953s] Level 5:colcon.colcon_core.verb:set package 'navigation2_turtle' build argument 'cmake_clean_first' from command line to 'False'
[2.953s] Level 5:colcon.colcon_core.verb:set package 'navigation2_turtle' build argument 'cmake_force_configure' from command line to 'False'
[2.953s] Level 5:colcon.colcon_core.verb:set package 'navigation2_turtle' build argument 'ament_cmake_args' from command line to 'None'
[2.954s] Level 5:colcon.colcon_core.verb:set package 'navigation2_turtle' build argument 'catkin_cmake_args' from command line to 'None'
[2.954s] Level 5:colcon.colcon_core.verb:set package 'navigation2_turtle' build argument 'catkin_skip_building_tests' from command line to 'False'
[2.954s] DEBUG:colcon.colcon_core.verb:Building package 'navigation2_turtle' with the following arguments: {'ament_cmake_args': None, 'build_base': '/home/mrush/exercise/src/ros-exercises/build/navigation2_turtle', 'catkin_cmake_args': None, 'catkin_skip_building_tests': False, 'cmake_args': None, 'cmake_clean_cache': False, 'cmake_clean_first': False, 'cmake_force_configure': False, 'cmake_target': None, 'cmake_target_skip_unavailable': False, 'install_base': '/home/mrush/exercise/src/ros-exercises/install/navigation2_turtle', 'merge_install': False, 'path': '/home/mrush/exercise/src/ros-exercises/navigation2_planners/navigation2_turtlebot', 'symlink_install': False, 'test_result_base': None}
[2.992s] Level 5:colcon.colcon_core.verb:set package 'pub_sub' build argument 'cmake_args' from command line to 'None'
[2.992s] Level 5:colcon.colcon_core.verb:set package 'pub_sub' build argument 'cmake_target' from command line to 'None'
[2.992s] Level 5:colcon.colcon_core.verb:set package 'pub_sub' build argument 'cmake_target_skip_unavailable' from command line to 'False'
[2.992s] Level 5:colcon.colcon_core.verb:set package 'pub_sub' build argument 'cmake_clean_cache' from command line to 'False'
[2.992s] Level 5:colcon.colcon_core.verb:set package 'pub_sub' build argument 'cmake_clean_first' from command line to 'False'
[2.992s] Level 5:colcon.colcon_core.verb:set package 'pub_sub' build argument 'cmake_force_configure' from command line to 'False'
[2.993s] Level 5:colcon.colcon_core.verb:set package 'pub_sub' build argument 'ament_cmake_args' from command line to 'None'
[2.993s] Level 5:colcon.colcon_core.verb:set package 'pub_sub' build argument 'catkin_cmake_args' from command line to 'None'
[2.993s] Level 5:colcon.colcon_core.verb:set package 'pub_sub' build argument 'catkin_skip_building_tests' from command line to 'False'
[2.993s] DEBUG:colcon.colcon_core.verb:Building package 'pub_sub' with the following arguments: {'ament_cmake_args': None, 'build_base': '/home/mrush/exercise/src/ros-exercises/build/pub_sub', 'catkin_cmake_args': None, 'catkin_skip_building_tests': False, 'cmake_args': None, 'cmake_clean_cache': False, 'cmake_clean_first': False, 'cmake_force_configure': False, 'cmake_target': None, 'cmake_target_skip_unavailable': False, 'install_base': '/home/mrush/exercise/src/ros-exercises/install/pub_sub', 'merge_install': False, 'path': '/home/mrush/exercise/src/ros-exercises/pub_sub', 'symlink_install': False, 'test_result_base': None}
[3.015s] INFO:colcon.colcon_core.executor:Executing jobs using 'parallel' executor
[3.046s] DEBUG:colcon.colcon_parallel_executor.executor.parallel:run_until_complete
[3.047s] INFO:colcon.colcon_ros.task.ament_cmake.build:Building ROS package in '/home/mrush/exercise/src/ros-exercises/ex_solution' with build type 'ament_cmake'
[3.047s] INFO:colcon.colcon_cmake.task.cmake.build:Building CMake package in '/home/mrush/exercise/src/ros-exercises/ex_solution'
[3.088s] INFO:colcon.colcon_core.plugin_system:Skipping extension 'colcon_core.shell.bat': Not used on non-Windows systems
[3.088s] INFO:colcon.colcon_core.shell:Skip shell extension 'powershell' for command environment: Not usable outside of PowerShell
[3.089s] DEBUG:colcon.colcon_core.shell:Skip shell extension 'dsv' for command environment
[3.207s] INFO:colcon.colcon_ros.task.ament_cmake.build:Building ROS package in '/home/mrush/exercise/src/ros-exercises/exercise' with build type 'ament_cmake'
[3.207s] INFO:colcon.colcon_cmake.task.cmake.build:Building CMake package in '/home/mrush/exercise/src/ros-exercises/exercise'
[3.245s] INFO:colcon.colcon_core.shell:Skip shell extension 'powershell' for command environment: Not usable outside of PowerShell
[3.245s] DEBUG:colcon.colcon_core.shell:Skip shell extension 'dsv' for command environment
[3.353s] INFO:colcon.colcon_ros.task.ament_cmake.build:Building ROS package in '/home/mrush/exercise/src/ros-exercises/fibonacci_action' with build type 'ament_cmake'
[3.354s] INFO:colcon.colcon_cmake.task.cmake.build:Building CMake package in '/home/mrush/exercise/src/ros-exercises/fibonacci_action'
[3.384s] INFO:colcon.colcon_core.shell:Skip shell extension 'powershell' for command environment: Not usable outside of PowerShell
[3.384s] DEBUG:colcon.colcon_core.shell:Skip shell extension 'dsv' for command environment
[3.512s] INFO:colcon.colcon_ros.task.ament_python.build:Building ROS package in '/home/mrush/exercise/src/ros-exercises/navigation2_planners/navigation2_dist' with build type 'ament_python'
[3.512s] Level 1:colcon.colcon_core.shell:create_environment_hook('navigation2_dist', 'ament_prefix_path')
[3.541s] INFO:colcon.colcon_core.shell:Creating environment hook '/home/mrush/exercise/src/ros-exercises/install/navigation2_dist/share/navigation2_dist/hook/ament_prefix_path.ps1'
[3.549s] INFO:colcon.colcon_core.shell:Creating environment descriptor '/home/mrush/exercise/src/ros-exercises/install/navigation2_dist/share/navigation2_dist/hook/ament_prefix_path.dsv'
[3.552s] INFO:colcon.colcon_core.shell:Creating environment hook '/home/mrush/exercise/src/ros-exercises/install/navigation2_dist/share/navigation2_dist/hook/ament_prefix_path.sh'
[3.597s] INFO:colcon.colcon_core.shell:Skip shell extension 'powershell' for command environment: Not usable outside of PowerShell
[3.598s] DEBUG:colcon.colcon_core.shell:Skip shell extension 'dsv' for command environment
[3.713s] INFO:colcon.colcon_ros.task.ament_cmake.build:Building ROS package in '/home/mrush/exercise/src/ros-exercises/navigation2_planners/navigation2_turtlebot' with build type 'ament_cmake'
[3.713s] INFO:colcon.colcon_cmake.task.cmake.build:Building CMake package in '/home/mrush/exercise/src/ros-exercises/navigation2_planners/navigation2_turtlebot'
[3.745s] INFO:colcon.colcon_core.shell:Skip shell extension 'powershell' for command environment: Not usable outside of PowerShell
[3.746s] DEBUG:colcon.colcon_core.shell:Skip shell extension 'dsv' for command environment
[3.868s] INFO:colcon.colcon_ros.task.ament_cmake.build:Building ROS package in '/home/mrush/exercise/src/ros-exercises/pub_sub' with build type 'ament_cmake'
[3.869s] INFO:colcon.colcon_cmake.task.cmake.build:Building CMake package in '/home/mrush/exercise/src/ros-exercises/pub_sub'
[3.915s] INFO:colcon.colcon_core.shell:Skip shell extension 'powershell' for command environment: Not usable outside of PowerShell
[3.915s] DEBUG:colcon.colcon_core.shell:Skip shell extension 'dsv' for command environment
[4.068s] DEBUG:colcon.colcon_core.event_handler.log_command:Invoking command in '/home/mrush/exercise/src/ros-exercises/build/ex_solution': CMAKE_PREFIX_PATH=${CMAKE_PREFIX_PATH}:/home/mrush/exercise/src/ros-exercises/install/navigation2_dist:/opt/ros/humble WSLENV=ELECTRON_RUN_AS_NODE/w: /usr/bin/cmake --build /home/mrush/exercise/src/ros-exercises/build/ex_solution -- -j8 -l8
[4.078s] DEBUG:colcon.colcon_core.event_handler.log_command:Invoking command in '/home/mrush/exercise/src/ros-exercises/build/exercise': CMAKE_PREFIX_PATH=${CMAKE_PREFIX_PATH}:/home/mrush/exercise/src/ros-exercises/install/navigation2_dist:/opt/ros/humble WSLENV=ELECTRON_RUN_AS_NODE/w: /usr/bin/cmake --build /home/mrush/exercise/src/ros-exercises/build/exercise -- -j8 -l8
[4.092s] DEBUG:colcon.colcon_core.event_handler.log_command:Invoking command in '/home/mrush/exercise/src/ros-exercises/build/fibonacci_action': CMAKE_PREFIX_PATH=${CMAKE_PREFIX_PATH}:/home/mrush/exercise/src/ros-exercises/install/navigation2_dist:/opt/ros/humble WSLENV=ELECTRON_RUN_AS_NODE/w: /usr/bin/cmake --build /home/mrush/exercise/src/ros-exercises/build/fibonacci_action -- -j8 -l8
[4.838s] INFO:colcon.colcon_core.task.python.build:Building Python package in '/home/mrush/exercise/src/ros-exercises/navigation2_planners/navigation2_dist'
[4.871s] INFO:colcon.colcon_core.shell:Skip shell extension 'powershell' for command environment: Not usable outside of PowerShell
[4.871s] DEBUG:colcon.colcon_core.shell:Skip shell extension 'dsv' for command environment
[5.026s] DEBUG:colcon.colcon_core.event_handler.log_command:Invoking command in '/home/mrush/exercise/src/ros-exercises/build/navigation2_turtle': CMAKE_PREFIX_PATH=${CMAKE_PREFIX_PATH}:/home/mrush/exercise/src/ros-exercises/install/navigation2_dist:/opt/ros/humble WSLENV=ELECTRON_RUN_AS_NODE/w: /usr/bin/cmake --build /home/mrush/exercise/src/ros-exercises/build/navigation2_turtle -- -j8 -l8
[5.045s] DEBUG:colcon.colcon_core.event_handler.log_command:Invoking command in '/home/mrush/exercise/src/ros-exercises/build/pub_sub': CMAKE_PREFIX_PATH=${CMAKE_PREFIX_PATH}:/home/mrush/exercise/src/ros-exercises/install/navigation2_dist:/opt/ros/humble WSLENV=ELECTRON_RUN_AS_NODE/w: /usr/bin/cmake --build /home/mrush/exercise/src/ros-exercises/build/pub_sub -- -j8 -l8
[5.124s] DEBUG:colcon.colcon_core.event_handler.log_command:Invoked command in '/home/mrush/exercise/src/ros-exercises/build/exercise' returned '0': CMAKE_PREFIX_PATH=${CMAKE_PREFIX_PATH}:/home/mrush/exercise/src/ros-exercises/install/navigation2_dist:/opt/ros/humble WSLENV=ELECTRON_RUN_AS_NODE/w: /usr/bin/cmake --build /home/mrush/exercise/src/ros-exercises/build/exercise -- -j8 -l8
[5.201s] DEBUG:colcon.colcon_core.event_handler.log_command:Invoked command in '/home/mrush/exercise/src/ros-exercises/build/navigation2_turtle' returned '0': CMAKE_PREFIX_PATH=${CMAKE_PREFIX_PATH}:/home/mrush/exercise/src/ros-exercises/install/navigation2_dist:/opt/ros/humble WSLENV=ELECTRON_RUN_AS_NODE/w: /usr/bin/cmake --build /home/mrush/exercise/src/ros-exercises/build/navigation2_turtle -- -j8 -l8
[5.256s] DEBUG:colcon.colcon_core.event_handler.log_command:Invoking command in '/home/mrush/exercise/src/ros-exercises/build/exercise': CMAKE_PREFIX_PATH=${CMAKE_PREFIX_PATH}:/home/mrush/exercise/src/ros-exercises/install/navigation2_dist:/opt/ros/humble WSLENV=ELECTRON_RUN_AS_NODE/w: /usr/bin/cmake --install /home/mrush/exercise/src/ros-exercises/build/exercise
[5.268s] DEBUG:colcon.colcon_core.event_handler.log_command:Invoking command in '/home/mrush/exercise/src/ros-exercises/build/navigation2_turtle': CMAKE_PREFIX_PATH=${CMAKE_PREFIX_PATH}:/home/mrush/exercise/src/ros-exercises/install/navigation2_dist:/opt/ros/humble WSLENV=ELECTRON_RUN_AS_NODE/w: /usr/bin/cmake --install /home/mrush/exercise/src/ros-exercises/build/navigation2_turtle
[5.283s] DEBUG:colcon.colcon_core.event_handler.log_command:Invoked command in '/home/mrush/exercise/src/ros-exercises/build/pub_sub' returned '0': CMAKE_PREFIX_PATH=${CMAKE_PREFIX_PATH}:/home/mrush/exercise/src/ros-exercises/install/navigation2_dist:/opt/ros/humble WSLENV=ELECTRON_RUN_AS_NODE/w: /usr/bin/cmake --build /home/mrush/exercise/src/ros-exercises/build/pub_sub -- -j8 -l8
[5.295s] Level 1:colcon.colcon_core.environment:create_environment_scripts_only(exercise)
[5.309s] DEBUG:colcon.colcon_core.event_handler.log_command:Invoked command in '/home/mrush/exercise/src/ros-exercises/build/exercise' returned '0': CMAKE_PREFIX_PATH=${CMAKE_PREFIX_PATH}:/home/mrush/exercise/src/ros-exercises/install/navigation2_dist:/opt/ros/humble WSLENV=ELECTRON_RUN_AS_NODE/w: /usr/bin/cmake --install /home/mrush/exercise/src/ros-exercises/build/exercise
[5.352s] Level 1:colcon.colcon_core.environment:checking '/home/mrush/exercise/src/ros-exercises/install/exercise' for CMake module files
[5.353s] Level 1:colcon.colcon_core.environment:checking '/home/mrush/exercise/src/ros-exercises/install/exercise' for CMake config files
[5.354s] Level 1:colcon.colcon_core.shell:create_environment_hook('exercise', 'cmake_prefix_path')
[5.389s] INFO:colcon.colcon_core.shell:Creating environment hook '/home/mrush/exercise/src/ros-exercises/install/exercise/share/exercise/hook/cmake_prefix_path.ps1'
[5.390s] INFO:colcon.colcon_core.shell:Creating environment descriptor '/home/mrush/exercise/src/ros-exercises/install/exercise/share/exercise/hook/cmake_prefix_path.dsv'
[5.391s] INFO:colcon.colcon_core.shell:Creating environment hook '/home/mrush/exercise/src/ros-exercises/install/exercise/share/exercise/hook/cmake_prefix_path.sh'
[5.393s] Level 1:colcon.colcon_core.environment:checking '/home/mrush/exercise/src/ros-exercises/install/exercise/bin'
[5.393s] Level 1:colcon.colcon_core.environment:checking '/home/mrush/exercise/src/ros-exercises/install/exercise/lib/pkgconfig/exercise.pc'
[5.394s] Level 1:colcon.colcon_core.environment:checking '/home/mrush/exercise/src/ros-exercises/install/exercise/lib/python3.10/site-packages'
[5.394s] Level 1:colcon.colcon_core.environment:checking '/home/mrush/exercise/src/ros-exercises/install/exercise/bin'
[5.462s] INFO:colcon.colcon_core.shell:Creating package script '/home/mrush/exercise/src/ros-exercises/install/exercise/share/exercise/package.ps1'
[5.465s] INFO:colcon.colcon_core.shell:Creating package descriptor '/home/mrush/exercise/src/ros-exercises/install/exercise/share/exercise/package.dsv'
[5.466s] INFO:colcon.colcon_core.shell:Creating package script '/home/mrush/exercise/src/ros-exercises/install/exercise/share/exercise/package.sh'
[5.468s] INFO:colcon.colcon_core.shell:Creating package script '/home/mrush/exercise/src/ros-exercises/install/exercise/share/exercise/package.bash'
[5.469s] INFO:colcon.colcon_core.shell:Creating package script '/home/mrush/exercise/src/ros-exercises/install/exercise/share/exercise/package.zsh'
[5.473s] Level 1:colcon.colcon_core.environment:create_file_with_runtime_dependencies(/home/mrush/exercise/src/ros-exercises/install/exercise/share/colcon-core/packages/exercise)
[5.491s] Level 1:colcon.colcon_core.environment:create_environment_scripts_only(navigation2_turtle)
[5.492s] DEBUG:colcon.colcon_core.event_handler.log_command:Invoked command in '/home/mrush/exercise/src/ros-exercises/build/navigation2_turtle' returned '0': CMAKE_PREFIX_PATH=${CMAKE_PREFIX_PATH}:/home/mrush/exercise/src/ros-exercises/install/navigation2_dist:/opt/ros/humble WSLENV=ELECTRON_RUN_AS_NODE/w: /usr/bin/cmake --install /home/mrush/exercise/src/ros-exercises/build/navigation2_turtle
[5.549s] Level 1:colcon.colcon_core.environment:checking '/home/mrush/exercise/src/ros-exercises/install/navigation2_turtle' for CMake module files
[5.550s] Level 1:colcon.colcon_core.environment:checking '/home/mrush/exercise/src/ros-exercises/install/navigation2_turtle' for CMake config files
[5.550s] Level 1:colcon.colcon_core.shell:create_environment_hook('navigation2_turtle', 'cmake_prefix_path')
[5.591s] INFO:colcon.colcon_core.shell:Creating environment hook '/home/mrush/exercise/src/ros-exercises/install/navigation2_turtle/share/navigation2_turtle/hook/cmake_prefix_path.ps1'
[5.592s] INFO:colcon.colcon_core.shell:Creating environment descriptor '/home/mrush/exercise/src/ros-exercises/install/navigation2_turtle/share/navigation2_turtle/hook/cmake_prefix_path.dsv'
[5.593s] INFO:colcon.colcon_core.shell:Creating environment hook '/home/mrush/exercise/src/ros-exercises/install/navigation2_turtle/share/navigation2_turtle/hook/cmake_prefix_path.sh'
[5.596s] Level 1:colcon.colcon_core.environment:checking '/home/mrush/exercise/src/ros-exercises/install/navigation2_turtle/bin'
[5.598s] Level 1:colcon.colcon_core.environment:checking '/home/mrush/exercise/src/ros-exercises/install/navigation2_turtle/lib/pkgconfig/navigation2_turtle.pc'
[5.604s] Level 1:colcon.colcon_core.environment:checking '/home/mrush/exercise/src/ros-exercises/install/navigation2_turtle/lib/python3.10/site-packages'
[5.605s] Level 1:colcon.colcon_core.environment:checking '/home/mrush/exercise/src/ros-exercises/install/navigation2_turtle/bin'
[5.647s] INFO:colcon.colcon_core.shell:Creating package script '/home/mrush/exercise/src/ros-exercises/install/navigation2_turtle/share/navigation2_turtle/package.ps1'
[5.649s] INFO:colcon.colcon_core.shell:Creating package descriptor '/home/mrush/exercise/src/ros-exercises/install/navigation2_turtle/share/navigation2_turtle/package.dsv'
[5.652s] INFO:colcon.colcon_core.shell:Creating package script '/home/mrush/exercise/src/ros-exercises/install/navigation2_turtle/share/navigation2_turtle/package.sh'
[5.653s] INFO:colcon.colcon_core.shell:Creating package script '/home/mrush/exercise/src/ros-exercises/install/navigation2_turtle/share/navigation2_turtle/package.bash'
[5.654s] INFO:colcon.colcon_core.shell:Creating package script '/home/mrush/exercise/src/ros-exercises/install/navigation2_turtle/share/navigation2_turtle/package.zsh'
[5.655s] Level 1:colcon.colcon_core.environment:create_file_with_runtime_dependencies(/home/mrush/exercise/src/ros-exercises/install/navigation2_turtle/share/colcon-core/packages/navigation2_turtle)
[5.678s] DEBUG:colcon.colcon_core.event_handler.log_command:Invoking command in '/home/mrush/exercise/src/ros-exercises/build/pub_sub': CMAKE_PREFIX_PATH=${CMAKE_PREFIX_PATH}:/home/mrush/exercise/src/ros-exercises/install/navigation2_dist:/opt/ros/humble WSLENV=ELECTRON_RUN_AS_NODE/w: /usr/bin/cmake --install /home/mrush/exercise/src/ros-exercises/build/pub_sub
[5.740s] Level 1:colcon.colcon_core.environment:create_environment_scripts_only(exercise)
[5.769s] Level 1:colcon.colcon_core.environment:checking '/home/mrush/exercise/src/ros-exercises/install/exercise' for CMake module files
[5.770s] Level 1:colcon.colcon_core.environment:checking '/home/mrush/exercise/src/ros-exercises/install/exercise' for CMake config files
[5.771s] Level 1:colcon.colcon_core.shell:create_environment_hook('exercise', 'cmake_prefix_path')
[5.840s] INFO:colcon.colcon_core.shell:Creating environment hook '/home/mrush/exercise/src/ros-exercises/install/exercise/share/exercise/hook/cmake_prefix_path.ps1'
[5.841s] INFO:colcon.colcon_core.shell:Creating environment descriptor '/home/mrush/exercise/src/ros-exercises/install/exercise/share/exercise/hook/cmake_prefix_path.dsv'
[5.851s] INFO:colcon.colcon_core.shell:Creating environment hook '/home/mrush/exercise/src/ros-exercises/install/exercise/share/exercise/hook/cmake_prefix_path.sh'
[5.856s] Level 1:colcon.colcon_core.environment:checking '/home/mrush/exercise/src/ros-exercises/install/exercise/bin'
[5.857s] Level 1:colcon.colcon_core.environment:checking '/home/mrush/exercise/src/ros-exercises/install/exercise/lib/pkgconfig/exercise.pc'
[5.859s] Level 1:colcon.colcon_core.environment:checking '/home/mrush/exercise/src/ros-exercises/install/exercise/lib/python3.10/site-packages'
[5.860s] Level 1:colcon.colcon_core.environment:checking '/home/mrush/exercise/src/ros-exercises/install/exercise/bin'
[5.968s] INFO:colcon.colcon_core.shell:Creating package script '/home/mrush/exercise/src/ros-exercises/install/exercise/share/exercise/package.ps1'
[5.974s] INFO:colcon.colcon_core.shell:Creating package descriptor '/home/mrush/exercise/src/ros-exercises/install/exercise/share/exercise/package.dsv'
[5.983s] INFO:colcon.colcon_core.shell:Creating package script '/home/mrush/exercise/src/ros-exercises/install/exercise/share/exercise/package.sh'
[5.987s] INFO:colcon.colcon_core.shell:Creating package script '/home/mrush/exercise/src/ros-exercises/install/exercise/share/exercise/package.bash'
[5.988s] INFO:colcon.colcon_core.shell:Creating package script '/home/mrush/exercise/src/ros-exercises/install/exercise/share/exercise/package.zsh'
[5.989s] Level 1:colcon.colcon_core.environment:create_file_with_runtime_dependencies(/home/mrush/exercise/src/ros-exercises/install/exercise/share/colcon-core/packages/exercise)
[6.067s] Level 1:colcon.colcon_core.environment:create_environment_scripts_only(navigation2_turtle)
[6.100s] Level 1:colcon.colcon_core.environment:checking '/home/mrush/exercise/src/ros-exercises/install/navigation2_turtle' for CMake module files
[6.107s] Level 1:colcon.colcon_core.environment:checking '/home/mrush/exercise/src/ros-exercises/install/navigation2_turtle' for CMake config files
[6.108s] Level 1:colcon.colcon_core.shell:create_environment_hook('navigation2_turtle', 'cmake_prefix_path')
[6.139s] INFO:colcon.colcon_core.shell:Creating environment hook '/home/mrush/exercise/src/ros-exercises/install/navigation2_turtle/share/navigation2_turtle/hook/cmake_prefix_path.ps1'
[6.149s] INFO:colcon.colcon_core.shell:Creating environment descriptor '/home/mrush/exercise/src/ros-exercises/install/navigation2_turtle/share/navigation2_turtle/hook/cmake_prefix_path.dsv'
[6.152s] INFO:colcon.colcon_core.shell:Creating environment hook '/home/mrush/exercise/src/ros-exercises/install/navigation2_turtle/share/navigation2_turtle/hook/cmake_prefix_path.sh'
[6.166s] Level 1:colcon.colcon_core.environment:checking '/home/mrush/exercise/src/ros-exercises/install/navigation2_turtle/bin'
[6.166s] Level 1:colcon.colcon_core.environment:checking '/home/mrush/exercise/src/ros-exercises/install/navigation2_turtle/lib/pkgconfig/navigation2_turtle.pc'
[6.167s] Level 1:colcon.colcon_core.environment:checking '/home/mrush/exercise/src/ros-exercises/install/navigation2_turtle/lib/python3.10/site-packages'
[6.167s] Level 1:colcon.colcon_core.environment:checking '/home/mrush/exercise/src/ros-exercises/install/navigation2_turtle/bin'
[6.201s] INFO:colcon.colcon_core.shell:Creating package script '/home/mrush/exercise/src/ros-exercises/install/navigation2_turtle/share/navigation2_turtle/package.ps1'
[6.203s] INFO:colcon.colcon_core.shell:Creating package descriptor '/home/mrush/exercise/src/ros-exercises/install/navigation2_turtle/share/navigation2_turtle/package.dsv'
[6.205s] INFO:colcon.colcon_core.shell:Creating package script '/home/mrush/exercise/src/ros-exercises/install/navigation2_turtle/share/navigation2_turtle/package.sh'
[6.206s] INFO:colcon.colcon_core.shell:Creating package script '/home/mrush/exercise/src/ros-exercises/install/navigation2_turtle/share/navigation2_turtle/package.bash'
[6.207s] INFO:colcon.colcon_core.shell:Creating package script '/home/mrush/exercise/src/ros-exercises/install/navigation2_turtle/share/navigation2_turtle/package.zsh'
[6.210s] Level 1:colcon.colcon_core.environment:create_file_with_runtime_dependencies(/home/mrush/exercise/src/ros-exercises/install/navigation2_turtle/share/colcon-core/packages/navigation2_turtle)
[6.212s] Level 1:colcon.colcon_core.environment:create_environment_scripts_only(pub_sub)
[6.212s] DEBUG:colcon.colcon_core.event_handler.log_command:Invoked command in '/home/mrush/exercise/src/ros-exercises/build/pub_sub' returned '0': CMAKE_PREFIX_PATH=${CMAKE_PREFIX_PATH}:/home/mrush/exercise/src/ros-exercises/install/navigation2_dist:/opt/ros/humble WSLENV=ELECTRON_RUN_AS_NODE/w: /usr/bin/cmake --install /home/mrush/exercise/src/ros-exercises/build/pub_sub
[6.250s] Level 1:colcon.colcon_core.environment:checking '/home/mrush/exercise/src/ros-exercises/install/pub_sub' for CMake module files
[6.252s] Level 1:colcon.colcon_core.environment:checking '/home/mrush/exercise/src/ros-exercises/install/pub_sub' for CMake config files
[6.252s] Level 1:colcon.colcon_core.shell:create_environment_hook('pub_sub', 'cmake_prefix_path')
[6.289s] INFO:colcon.colcon_core.shell:Creating environment hook '/home/mrush/exercise/src/ros-exercises/install/pub_sub/share/pub_sub/hook/cmake_prefix_path.ps1'
[6.291s] INFO:colcon.colcon_core.shell:Creating environment descriptor '/home/mrush/exercise/src/ros-exercises/install/pub_sub/share/pub_sub/hook/cmake_prefix_path.dsv'
[6.293s] INFO:colcon.colcon_core.shell:Creating environment hook '/home/mrush/exercise/src/ros-exercises/install/pub_sub/share/pub_sub/hook/cmake_prefix_path.sh'
[6.297s] Level 1:colcon.colcon_core.environment:checking '/home/mrush/exercise/src/ros-exercises/install/pub_sub/lib'
[6.298s] Level 1:colcon.colcon_core.environment:checking '/home/mrush/exercise/src/ros-exercises/install/pub_sub/bin'
[6.298s] Level 1:colcon.colcon_core.environment:checking '/home/mrush/exercise/src/ros-exercises/install/pub_sub/lib/pkgconfig/pub_sub.pc'
[6.299s] Level 1:colcon.colcon_core.environment:checking '/home/mrush/exercise/src/ros-exercises/install/pub_sub/lib/python3.10/site-packages'
[6.300s] Level 1:colcon.colcon_core.environment:checking '/home/mrush/exercise/src/ros-exercises/install/pub_sub/bin'
[6.344s] INFO:colcon.colcon_core.shell:Creating package script '/home/mrush/exercise/src/ros-exercises/install/pub_sub/share/pub_sub/package.ps1'
[6.346s] INFO:colcon.colcon_core.shell:Creating package descriptor '/home/mrush/exercise/src/ros-exercises/install/pub_sub/share/pub_sub/package.dsv'
[6.347s] INFO:colcon.colcon_core.shell:Creating package script '/home/mrush/exercise/src/ros-exercises/install/pub_sub/share/pub_sub/package.sh'
[6.348s] INFO:colcon.colcon_core.shell:Creating package script '/home/mrush/exercise/src/ros-exercises/install/pub_sub/share/pub_sub/package.bash'
[6.349s] INFO:colcon.colcon_core.shell:Creating package script '/home/mrush/exercise/src/ros-exercises/install/pub_sub/share/pub_sub/package.zsh'
[6.351s] Level 1:colcon.colcon_core.environment:create_file_with_runtime_dependencies(/home/mrush/exercise/src/ros-exercises/install/pub_sub/share/colcon-core/packages/pub_sub)
[6.381s] DEBUG:colcon.colcon_core.event_handler.log_command:Invoked command in '/home/mrush/exercise/src/ros-exercises/build/fibonacci_action' returned '0': CMAKE_PREFIX_PATH=${CMAKE_PREFIX_PATH}:/home/mrush/exercise/src/ros-exercises/install/navigation2_dist:/opt/ros/humble WSLENV=ELECTRON_RUN_AS_NODE/w: /usr/bin/cmake --build /home/mrush/exercise/src/ros-exercises/build/fibonacci_action -- -j8 -l8
[6.396s] DEBUG:colcon.colcon_core.event_handler.log_command:Invoked command in '/home/mrush/exercise/src/ros-exercises/build/ex_solution' returned '0': CMAKE_PREFIX_PATH=${CMAKE_PREFIX_PATH}:/home/mrush/exercise/src/ros-exercises/install/navigation2_dist:/opt/ros/humble WSLENV=ELECTRON_RUN_AS_NODE/w: /usr/bin/cmake --build /home/mrush/exercise/src/ros-exercises/build/ex_solution -- -j8 -l8
[6.586s] Level 1:colcon.colcon_core.environment:create_environment_scripts_only(pub_sub)
[6.688s] Level 1:colcon.colcon_core.environment:checking '/home/mrush/exercise/src/ros-exercises/install/pub_sub' for CMake module files
[6.690s] Level 1:colcon.colcon_core.environment:checking '/home/mrush/exercise/src/ros-exercises/install/pub_sub' for CMake config files
[6.690s] Level 1:colcon.colcon_core.shell:create_environment_hook('pub_sub', 'cmake_prefix_path')
[6.734s] INFO:colcon.colcon_core.shell:Creating environment hook '/home/mrush/exercise/src/ros-exercises/install/pub_sub/share/pub_sub/hook/cmake_prefix_path.ps1'
[6.735s] INFO:colcon.colcon_core.shell:Creating environment descriptor '/home/mrush/exercise/src/ros-exercises/install/pub_sub/share/pub_sub/hook/cmake_prefix_path.dsv'
[6.736s] INFO:colcon.colcon_core.shell:Creating environment hook '/home/mrush/exercise/src/ros-exercises/install/pub_sub/share/pub_sub/hook/cmake_prefix_path.sh'
[6.744s] Level 1:colcon.colcon_core.environment:checking '/home/mrush/exercise/src/ros-exercises/install/pub_sub/lib'
[6.744s] Level 1:colcon.colcon_core.environment:checking '/home/mrush/exercise/src/ros-exercises/install/pub_sub/bin'
[6.744s] Level 1:colcon.colcon_core.environment:checking '/home/mrush/exercise/src/ros-exercises/install/pub_sub/lib/pkgconfig/pub_sub.pc'
[6.744s] Level 1:colcon.colcon_core.environment:checking '/home/mrush/exercise/src/ros-exercises/install/pub_sub/lib/python3.10/site-packages'
[6.745s] Level 1:colcon.colcon_core.environment:checking '/home/mrush/exercise/src/ros-exercises/install/pub_sub/bin'
[6.787s] INFO:colcon.colcon_core.shell:Creating package script '/home/mrush/exercise/src/ros-exercises/install/pub_sub/share/pub_sub/package.ps1'
[6.789s] INFO:colcon.colcon_core.shell:Creating package descriptor '/home/mrush/exercise/src/ros-exercises/install/pub_sub/share/pub_sub/package.dsv'
[6.790s] INFO:colcon.colcon_core.shell:Creating package script '/home/mrush/exercise/src/ros-exercises/install/pub_sub/share/pub_sub/package.sh'
[6.794s] INFO:colcon.colcon_core.shell:Creating package script '/home/mrush/exercise/src/ros-exercises/install/pub_sub/share/pub_sub/package.bash'
[6.795s] INFO:colcon.colcon_core.shell:Creating package script '/home/mrush/exercise/src/ros-exercises/install/pub_sub/share/pub_sub/package.zsh'
[6.796s] Level 1:colcon.colcon_core.environment:create_file_with_runtime_dependencies(/home/mrush/exercise/src/ros-exercises/install/pub_sub/share/colcon-core/packages/pub_sub)
[6.809s] DEBUG:colcon.colcon_core.event_handler.log_command:Invoking command in '/home/mrush/exercise/src/ros-exercises/navigation2_planners/navigation2_dist': PYTHONPATH=/home/mrush/exercise/src/ros-exercises/build/navigation2_dist/prefix_override:/home/mrush/exercise/src/ros-exercises/install/navigation2_dist/lib/python3.10/site-packages:${PYTHONPATH} WSLENV=ELECTRON_RUN_AS_NODE/w: /usr/bin/python3 setup.py egg_info --egg-base ../../build/navigation2_dist build --build-base /home/mrush/exercise/src/ros-exercises/build/navigation2_dist/build install --record /home/mrush/exercise/src/ros-exercises/build/navigation2_dist/install.log --single-version-externally-managed
[6.832s] DEBUG:colcon.colcon_core.event_handler.log_command:Invoking command in '/home/mrush/exercise/src/ros-exercises/build/ex_solution': CMAKE_PREFIX_PATH=${CMAKE_PREFIX_PATH}:/home/mrush/exercise/src/ros-exercises/install/navigation2_dist:/opt/ros/humble WSLENV=ELECTRON_RUN_AS_NODE/w: /usr/bin/cmake --install /home/mrush/exercise/src/ros-exercises/build/ex_solution
[6.841s] DEBUG:colcon.colcon_core.event_handler.log_command:Invoking command in '/home/mrush/exercise/src/ros-exercises/build/fibonacci_action': CMAKE_PREFIX_PATH=${CMAKE_PREFIX_PATH}:/home/mrush/exercise/src/ros-exercises/install/navigation2_dist:/opt/ros/humble WSLENV=ELECTRON_RUN_AS_NODE/w: /usr/bin/cmake --install /home/mrush/exercise/src/ros-exercises/build/fibonacci_action
[7.028s] Level 1:colcon.colcon_core.environment:create_environment_scripts_only(fibonacci_action)
[7.040s] DEBUG:colcon.colcon_core.event_handler.log_command:Invoked command in '/home/mrush/exercise/src/ros-exercises/build/fibonacci_action' returned '0': CMAKE_PREFIX_PATH=${CMAKE_PREFIX_PATH}:/home/mrush/exercise/src/ros-exercises/install/navigation2_dist:/opt/ros/humble WSLENV=ELECTRON_RUN_AS_NODE/w: /usr/bin/cmake --install /home/mrush/exercise/src/ros-exercises/build/fibonacci_action
[7.128s] Level 1:colcon.colcon_core.environment:checking '/home/mrush/exercise/src/ros-exercises/install/fibonacci_action' for CMake module files
[7.133s] Level 1:colcon.colcon_core.environment:checking '/home/mrush/exercise/src/ros-exercises/install/fibonacci_action' for CMake config files
[7.134s] Level 1:colcon.colcon_core.shell:create_environment_hook('fibonacci_action', 'cmake_prefix_path')
[7.164s] INFO:colcon.colcon_core.shell:Creating environment hook '/home/mrush/exercise/src/ros-exercises/install/fibonacci_action/share/fibonacci_action/hook/cmake_prefix_path.ps1'
[7.184s] INFO:colcon.colcon_core.shell:Creating environment descriptor '/home/mrush/exercise/src/ros-exercises/install/fibonacci_action/share/fibonacci_action/hook/cmake_prefix_path.dsv'
[7.185s] INFO:colcon.colcon_core.shell:Creating environment hook '/home/mrush/exercise/src/ros-exercises/install/fibonacci_action/share/fibonacci_action/hook/cmake_prefix_path.sh'
[7.187s] Level 1:colcon.colcon_core.environment:checking '/home/mrush/exercise/src/ros-exercises/install/fibonacci_action/lib'
[7.187s] Level 1:colcon.colcon_core.shell:create_environment_hook('fibonacci_action', 'ld_library_path_lib')
[7.279s] INFO:colcon.colcon_core.shell:Creating environment hook '/home/mrush/exercise/src/ros-exercises/install/fibonacci_action/share/fibonacci_action/hook/ld_library_path_lib.ps1'
[7.280s] INFO:colcon.colcon_core.shell:Creating environment descriptor '/home/mrush/exercise/src/ros-exercises/install/fibonacci_action/share/fibonacci_action/hook/ld_library_path_lib.dsv'
[7.281s] INFO:colcon.colcon_core.shell:Creating environment hook '/home/mrush/exercise/src/ros-exercises/install/fibonacci_action/share/fibonacci_action/hook/ld_library_path_lib.sh'
[7.281s] Level 1:colcon.colcon_core.environment:checking '/home/mrush/exercise/src/ros-exercises/install/fibonacci_action/bin'
[7.282s] Level 1:colcon.colcon_core.environment:checking '/home/mrush/exercise/src/ros-exercises/install/fibonacci_action/lib/pkgconfig/fibonacci_action.pc'
[7.282s] Level 1:colcon.colcon_core.environment:checking '/home/mrush/exercise/src/ros-exercises/install/fibonacci_action/lib/python3.10/site-packages'
[7.282s] Level 1:colcon.colcon_core.environment:checking '/home/mrush/exercise/src/ros-exercises/install/fibonacci_action/bin'
[7.333s] INFO:colcon.colcon_core.shell:Creating package script '/home/mrush/exercise/src/ros-exercises/install/fibonacci_action/share/fibonacci_action/package.ps1'
[7.334s] INFO:colcon.colcon_core.shell:Creating package descriptor '/home/mrush/exercise/src/ros-exercises/install/fibonacci_action/share/fibonacci_action/package.dsv'
[7.335s] INFO:colcon.colcon_core.shell:Creating package script '/home/mrush/exercise/src/ros-exercises/install/fibonacci_action/share/fibonacci_action/package.sh'
[7.336s] INFO:colcon.colcon_core.shell:Creating package script '/home/mrush/exercise/src/ros-exercises/install/fibonacci_action/share/fibonacci_action/package.bash'
[7.336s] INFO:colcon.colcon_core.shell:Creating package script '/home/mrush/exercise/src/ros-exercises/install/fibonacci_action/share/fibonacci_action/package.zsh'
[7.336s] Level 1:colcon.colcon_core.environment:create_file_with_runtime_dependencies(/home/mrush/exercise/src/ros-exercises/install/fibonacci_action/share/colcon-core/packages/fibonacci_action)
[7.354s] Level 1:colcon.colcon_core.environment:create_environment_scripts_only(ex_solution)
[7.370s] DEBUG:colcon.colcon_core.event_handler.log_command:Invoked command in '/home/mrush/exercise/src/ros-exercises/build/ex_solution' returned '0': CMAKE_PREFIX_PATH=${CMAKE_PREFIX_PATH}:/home/mrush/exercise/src/ros-exercises/install/navigation2_dist:/opt/ros/humble WSLENV=ELECTRON_RUN_AS_NODE/w: /usr/bin/cmake --install /home/mrush/exercise/src/ros-exercises/build/ex_solution
[7.412s] Level 1:colcon.colcon_core.environment:checking '/home/mrush/exercise/src/ros-exercises/install/ex_solution' for CMake module files
[7.413s] Level 1:colcon.colcon_core.environment:checking '/home/mrush/exercise/src/ros-exercises/install/ex_solution' for CMake config files
[7.414s] Level 1:colcon.colcon_core.shell:create_environment_hook('ex_solution', 'cmake_prefix_path')
[7.460s] INFO:colcon.colcon_core.shell:Creating environment hook '/home/mrush/exercise/src/ros-exercises/install/ex_solution/share/ex_solution/hook/cmake_prefix_path.ps1'
[7.463s] INFO:colcon.colcon_core.shell:Creating environment descriptor '/home/mrush/exercise/src/ros-exercises/install/ex_solution/share/ex_solution/hook/cmake_prefix_path.dsv'
[7.464s] INFO:colcon.colcon_core.shell:Creating environment hook '/home/mrush/exercise/src/ros-exercises/install/ex_solution/share/ex_solution/hook/cmake_prefix_path.sh'
[7.466s] Level 1:colcon.colcon_core.environment:checking '/home/mrush/exercise/src/ros-exercises/install/ex_solution/lib'
[7.466s] Level 1:colcon.colcon_core.shell:create_environment_hook('ex_solution', 'ld_library_path_lib')
[7.502s] INFO:colcon.colcon_core.shell:Creating environment hook '/home/mrush/exercise/src/ros-exercises/install/ex_solution/share/ex_solution/hook/ld_library_path_lib.ps1'
[7.506s] INFO:colcon.colcon_core.shell:Creating environment descriptor '/home/mrush/exercise/src/ros-exercises/install/ex_solution/share/ex_solution/hook/ld_library_path_lib.dsv'
[7.508s] INFO:colcon.colcon_core.shell:Creating environment hook '/home/mrush/exercise/src/ros-exercises/install/ex_solution/share/ex_solution/hook/ld_library_path_lib.sh'
[7.512s] Level 1:colcon.colcon_core.environment:checking '/home/mrush/exercise/src/ros-exercises/install/ex_solution/bin'
[7.513s] Level 1:colcon.colcon_core.environment:checking '/home/mrush/exercise/src/ros-exercises/install/ex_solution/lib/pkgconfig/ex_solution.pc'
[7.513s] Level 1:colcon.colcon_core.environment:checking '/home/mrush/exercise/src/ros-exercises/install/ex_solution/lib/python3.10/site-packages'
[7.513s] Level 1:colcon.colcon_core.environment:checking '/home/mrush/exercise/src/ros-exercises/install/ex_solution/bin'
[7.556s] INFO:colcon.colcon_core.shell:Creating package script '/home/mrush/exercise/src/ros-exercises/install/ex_solution/share/ex_solution/package.ps1'
[7.557s] INFO:colcon.colcon_core.shell:Creating package descriptor '/home/mrush/exercise/src/ros-exercises/install/ex_solution/share/ex_solution/package.dsv'
[7.561s] INFO:colcon.colcon_core.shell:Creating package script '/home/mrush/exercise/src/ros-exercises/install/ex_solution/share/ex_solution/package.sh'
[7.569s] INFO:colcon.colcon_core.shell:Creating package script '/home/mrush/exercise/src/ros-exercises/install/ex_solution/share/ex_solution/package.bash'
[7.570s] INFO:colcon.colcon_core.shell:Creating package script '/home/mrush/exercise/src/ros-exercises/install/ex_solution/share/ex_solution/package.zsh'
[7.571s] Level 1:colcon.colcon_core.environment:create_file_with_runtime_dependencies(/home/mrush/exercise/src/ros-exercises/install/ex_solution/share/colcon-core/packages/ex_solution)
[7.703s] Level 1:colcon.colcon_core.environment:create_environment_scripts_only(fibonacci_action)
[7.764s] Level 1:colcon.colcon_core.environment:checking '/home/mrush/exercise/src/ros-exercises/install/fibonacci_action' for CMake module files
[7.766s] Level 1:colcon.colcon_core.environment:checking '/home/mrush/exercise/src/ros-exercises/install/fibonacci_action' for CMake config files
[7.767s] Level 1:colcon.colcon_core.shell:create_environment_hook('fibonacci_action', 'cmake_prefix_path')
[7.817s] INFO:colcon.colcon_core.shell:Creating environment hook '/home/mrush/exercise/src/ros-exercises/install/fibonacci_action/share/fibonacci_action/hook/cmake_prefix_path.ps1'
[7.825s] INFO:colcon.colcon_core.shell:Creating environment descriptor '/home/mrush/exercise/src/ros-exercises/install/fibonacci_action/share/fibonacci_action/hook/cmake_prefix_path.dsv'
[7.828s] INFO:colcon.colcon_core.shell:Creating environment hook '/home/mrush/exercise/src/ros-exercises/install/fibonacci_action/share/fibonacci_action/hook/cmake_prefix_path.sh'
[7.844s] Level 1:colcon.colcon_core.environment:checking '/home/mrush/exercise/src/ros-exercises/install/fibonacci_action/lib'
[7.844s] Level 1:colcon.colcon_core.shell:create_environment_hook('fibonacci_action', 'ld_library_path_lib')
[7.887s] INFO:colcon.colcon_core.shell:Creating environment hook '/home/mrush/exercise/src/ros-exercises/install/fibonacci_action/share/fibonacci_action/hook/ld_library_path_lib.ps1'
[7.891s] INFO:colcon.colcon_core.shell:Creating environment descriptor '/home/mrush/exercise/src/ros-exercises/install/fibonacci_action/share/fibonacci_action/hook/ld_library_path_lib.dsv'
[7.893s] INFO:colcon.colcon_core.shell:Creating environment hook '/home/mrush/exercise/src/ros-exercises/install/fibonacci_action/share/fibonacci_action/hook/ld_library_path_lib.sh'
[7.897s] Level 1:colcon.colcon_core.environment:checking '/home/mrush/exercise/src/ros-exercises/install/fibonacci_action/bin'
[7.898s] Level 1:colcon.colcon_core.environment:checking '/home/mrush/exercise/src/ros-exercises/install/fibonacci_action/lib/pkgconfig/fibonacci_action.pc'
[7.899s] Level 1:colcon.colcon_core.environment:checking '/home/mrush/exercise/src/ros-exercises/install/fibonacci_action/lib/python3.10/site-packages'
[7.900s] Level 1:colcon.colcon_core.environment:checking '/home/mrush/exercise/src/ros-exercises/install/fibonacci_action/bin'
[7.956s] INFO:colcon.colcon_core.shell:Creating package script '/home/mrush/exercise/src/ros-exercises/install/fibonacci_action/share/fibonacci_action/package.ps1'
[7.957s] INFO:colcon.colcon_core.shell:Creating package descriptor '/home/mrush/exercise/src/ros-exercises/install/fibonacci_action/share/fibonacci_action/package.dsv'
[7.958s] INFO:colcon.colcon_core.shell:Creating package script '/home/mrush/exercise/src/ros-exercises/install/fibonacci_action/share/fibonacci_action/package.sh'
[7.958s] INFO:colcon.colcon_core.shell:Creating package script '/home/mrush/exercise/src/ros-exercises/install/fibonacci_action/share/fibonacci_action/package.bash'
[7.959s] INFO:colcon.colcon_core.shell:Creating package script '/home/mrush/exercise/src/ros-exercises/install/fibonacci_action/share/fibonacci_action/package.zsh'
[7.959s] Level 1:colcon.colcon_core.environment:create_file_with_runtime_dependencies(/home/mrush/exercise/src/ros-exercises/install/fibonacci_action/share/colcon-core/packages/fibonacci_action)
[7.985s] DEBUG:colcon.colcon_core.event_handler.log_command:Invoked command in '/home/mrush/exercise/src/ros-exercises/navigation2_planners/navigation2_dist' returned '0': PYTHONPATH=/home/mrush/exercise/src/ros-exercises/build/navigation2_dist/prefix_override:/home/mrush/exercise/src/ros-exercises/install/navigation2_dist/lib/python3.10/site-packages:${PYTHONPATH} WSLENV=ELECTRON_RUN_AS_NODE/w: /usr/bin/python3 setup.py egg_info --egg-base ../../build/navigation2_dist build --build-base /home/mrush/exercise/src/ros-exercises/build/navigation2_dist/build install --record /home/mrush/exercise/src/ros-exercises/build/navigation2_dist/install.log --single-version-externally-managed
[8.025s] Level 1:colcon.colcon_core.environment:checking '/home/mrush/exercise/src/ros-exercises/install/navigation2_dist' for CMake module files
[8.026s] Level 1:colcon.colcon_core.environment:checking '/home/mrush/exercise/src/ros-exercises/install/navigation2_dist' for CMake config files
[8.027s] Level 1:colcon.colcon_core.environment:checking '/home/mrush/exercise/src/ros-exercises/install/navigation2_dist/lib'
[8.027s] Level 1:colcon.colcon_core.environment:checking '/home/mrush/exercise/src/ros-exercises/install/navigation2_dist/bin'
[8.027s] Level 1:colcon.colcon_core.environment:checking '/home/mrush/exercise/src/ros-exercises/install/navigation2_dist/lib/pkgconfig/navigation2_dist.pc'
[8.028s] Level 1:colcon.colcon_core.environment:checking '/home/mrush/exercise/src/ros-exercises/install/navigation2_dist/lib/python3.10/site-packages'
[8.028s] Level 1:colcon.colcon_core.shell:create_environment_hook('navigation2_dist', 'pythonpath')
[8.082s] INFO:colcon.colcon_core.shell:Creating environment hook '/home/mrush/exercise/src/ros-exercises/install/navigation2_dist/share/navigation2_dist/hook/pythonpath.ps1'
[8.083s] INFO:colcon.colcon_core.shell:Creating environment descriptor '/home/mrush/exercise/src/ros-exercises/install/navigation2_dist/share/navigation2_dist/hook/pythonpath.dsv'
[8.084s] INFO:colcon.colcon_core.shell:Creating environment hook '/home/mrush/exercise/src/ros-exercises/install/navigation2_dist/share/navigation2_dist/hook/pythonpath.sh'
[8.085s] Level 1:colcon.colcon_core.environment:checking '/home/mrush/exercise/src/ros-exercises/install/navigation2_dist/bin'
[8.086s] Level 1:colcon.colcon_core.environment:create_environment_scripts_only(navigation2_dist)
[8.118s] INFO:colcon.colcon_core.shell:Creating package script '/home/mrush/exercise/src/ros-exercises/install/navigation2_dist/share/navigation2_dist/package.ps1'
[8.119s] INFO:colcon.colcon_core.shell:Creating package descriptor '/home/mrush/exercise/src/ros-exercises/install/navigation2_dist/share/navigation2_dist/package.dsv'
[8.121s] INFO:colcon.colcon_core.shell:Creating package script '/home/mrush/exercise/src/ros-exercises/install/navigation2_dist/share/navigation2_dist/package.sh'
[8.128s] INFO:colcon.colcon_core.shell:Creating package script '/home/mrush/exercise/src/ros-exercises/install/navigation2_dist/share/navigation2_dist/package.bash'
[8.131s] INFO:colcon.colcon_core.shell:Creating package script '/home/mrush/exercise/src/ros-exercises/install/navigation2_dist/share/navigation2_dist/package.zsh'
[8.133s] Level 1:colcon.colcon_core.environment:create_file_with_runtime_dependencies(/home/mrush/exercise/src/ros-exercises/install/navigation2_dist/share/colcon-core/packages/navigation2_dist)
[8.183s] Level 1:colcon.colcon_core.environment:create_environment_scripts_only(ex_solution)
[8.238s] Level 1:colcon.colcon_core.environment:checking '/home/mrush/exercise/src/ros-exercises/install/ex_solution' for CMake module files
[8.244s] Level 1:colcon.colcon_core.environment:checking '/home/mrush/exercise/src/ros-exercises/install/ex_solution' for CMake config files
[8.246s] Level 1:colcon.colcon_core.shell:create_environment_hook('ex_solution', 'cmake_prefix_path')
[8.291s] INFO:colcon.colcon_core.shell:Creating environment hook '/home/mrush/exercise/src/ros-exercises/install/ex_solution/share/ex_solution/hook/cmake_prefix_path.ps1'
[8.292s] INFO:colcon.colcon_core.shell:Creating environment descriptor '/home/mrush/exercise/src/ros-exercises/install/ex_solution/share/ex_solution/hook/cmake_prefix_path.dsv'
[8.293s] INFO:colcon.colcon_core.shell:Creating environment hook '/home/mrush/exercise/src/ros-exercises/install/ex_solution/share/ex_solution/hook/cmake_prefix_path.sh'
[8.294s] Level 1:colcon.colcon_core.environment:checking '/home/mrush/exercise/src/ros-exercises/install/ex_solution/lib'
[8.294s] Level 1:colcon.colcon_core.shell:create_environment_hook('ex_solution', 'ld_library_path_lib')
[8.341s] INFO:colcon.colcon_core.shell:Creating environment hook '/home/mrush/exercise/src/ros-exercises/install/ex_solution/share/ex_solution/hook/ld_library_path_lib.ps1'
[8.343s] INFO:colcon.colcon_core.shell:Creating environment descriptor '/home/mrush/exercise/src/ros-exercises/install/ex_solution/share/ex_solution/hook/ld_library_path_lib.dsv'
[8.344s] INFO:colcon.colcon_core.shell:Creating environment hook '/home/mrush/exercise/src/ros-exercises/install/ex_solution/share/ex_solution/hook/ld_library_path_lib.sh'
[8.345s] Level 1:colcon.colcon_core.environment:checking '/home/mrush/exercise/src/ros-exercises/install/ex_solution/bin'
[8.345s] Level 1:colcon.colcon_core.environment:checking '/home/mrush/exercise/src/ros-exercises/install/ex_solution/lib/pkgconfig/ex_solution.pc'
[8.346s] Level 1:colcon.colcon_core.environment:checking '/home/mrush/exercise/src/ros-exercises/install/ex_solution/lib/python3.10/site-packages'
[8.348s] Level 1:colcon.colcon_core.environment:checking '/home/mrush/exercise/src/ros-exercises/install/ex_solution/bin'
[8.389s] INFO:colcon.colcon_core.shell:Creating package script '/home/mrush/exercise/src/ros-exercises/install/ex_solution/share/ex_solution/package.ps1'
[8.391s] INFO:colcon.colcon_core.shell:Creating package descriptor '/home/mrush/exercise/src/ros-exercises/install/ex_solution/share/ex_solution/package.dsv'
[8.394s] INFO:colcon.colcon_core.shell:Creating package script '/home/mrush/exercise/src/ros-exercises/install/ex_solution/share/ex_solution/package.sh'
[8.397s] INFO:colcon.colcon_core.shell:Creating package script '/home/mrush/exercise/src/ros-exercises/install/ex_solution/share/ex_solution/package.bash'
[8.398s] INFO:colcon.colcon_core.shell:Creating package script '/home/mrush/exercise/src/ros-exercises/install/ex_solution/share/ex_solution/package.zsh'
[8.400s] Level 1:colcon.colcon_core.environment:create_file_with_runtime_dependencies(/home/mrush/exercise/src/ros-exercises/install/ex_solution/share/colcon-core/packages/ex_solution)
[8.401s] DEBUG:colcon.colcon_parallel_executor.executor.parallel:closing loop
[8.402s] DEBUG:colcon.colcon_parallel_executor.executor.parallel:loop closed
[8.402s] DEBUG:colcon.colcon_parallel_executor.executor.parallel:run_until_complete finished with '0'
[8.402s] DEBUG:colcon.colcon_core.event_reactor:joining thread
[8.665s] INFO:colcon.colcon_core.plugin_system:Skipping extension 'colcon_notification.desktop_notification.notify_send': Could not find 'notify-send'
[8.665s] INFO:colcon.colcon_core.plugin_system:Skipping extension 'colcon_notification.desktop_notification.terminal_notifier': Not used on non-Darwin systems
[8.665s] INFO:colcon.colcon_core.plugin_system:Skipping extension 'colcon_notification.desktop_notification.win32': Not used on non-Windows systems
[8.666s] INFO:colcon.colcon_notification.desktop_notification:Sending desktop notification using 'notify2'
[8.666s] DEBUG:colcon.colcon_notification.desktop_notification.notify2:Failed to initialize notify2: org.freedesktop.DBus.Error.FileNotFound: Failed to connect to socket /run/user/1000/bus: No such file or directory
[8.666s] DEBUG:colcon.colcon_core.event_reactor:joined thread
[8.726s] INFO:colcon.colcon_core.shell:Creating prefix script '/home/mrush/exercise/src/ros-exercises/install/local_setup.ps1'
[8.728s] INFO:colcon.colcon_core.shell:Creating prefix util module '/home/mrush/exercise/src/ros-exercises/install/_local_setup_util_ps1.py'
[8.730s] INFO:colcon.colcon_core.shell:Creating prefix chain script '/home/mrush/exercise/src/ros-exercises/install/setup.ps1'
[8.769s] INFO:colcon.colcon_core.shell:Creating prefix script '/home/mrush/exercise/src/ros-exercises/install/local_setup.sh'
[8.771s] INFO:colcon.colcon_core.shell:Creating prefix util module '/home/mrush/exercise/src/ros-exercises/install/_local_setup_util_sh.py'
[8.775s] INFO:colcon.colcon_core.shell:Creating prefix chain script '/home/mrush/exercise/src/ros-exercises/install/setup.sh'
[8.812s] INFO:colcon.colcon_core.shell:Creating prefix script '/home/mrush/exercise/src/ros-exercises/install/local_setup.bash'
[8.815s] INFO:colcon.colcon_core.shell:Creating prefix chain script '/home/mrush/exercise/src/ros-exercises/install/setup.bash'
[8.842s] INFO:colcon.colcon_core.shell:Creating prefix script '/home/mrush/exercise/src/ros-exercises/install/local_setup.zsh'
[8.843s] INFO:colcon.colcon_core.shell:Creating prefix chain script '/home/mrush/exercise/src/ros-exercises/install/setup.zsh'
