[1.442s] Invoking command in '/home/mrush/exercise/src/ros-exercises/build/ex_solution': CMAKE_PREFIX_PATH=${CMAKE_PREFIX_PATH}:/home/mrush/exercise/src/ros-exercises/install/navigation2_dist:/opt/ros/humble WSLENV=ELECTRON_RUN_AS_NODE/w: /usr/bin/cmake --build /home/mrush/exercise/src/ros-exercises/build/ex_solution -- -j8 -l8
[2.642s] [  3%] Built target ex_solution__cpp
[2.642s] [  3%] Built target ament_cmake_python_copy_ex_solution
[2.644s] [ 12%] Built target ex_solution__rosidl_typesupport_fastrtps_cpp
[2.644s] [ 22%] Built target ex_solution__rosidl_generator_c
[2.645s] [ 32%] Built target ex_solution__rosidl_typesupport_introspection_cpp
[2.646s] [ 41%] Built target ex_solution__rosidl_typesupport_cpp
[2.646s] [ 51%] Built target ex_solution__rosidl_typesupport_c
[2.646s] [ 61%] Built target ex_solution__rosidl_typesupport_fastrtps_c
[2.647s] [ 70%] Built target ex_solution__rosidl_typesupport_introspection_c
[2.647s] [ 70%] Built target ex_solution
[2.647s] [ 74%] Built target ex_solution__py
[2.647s] [ 80%] Built target ex_solution__rosidl_generator_py
[2.647s] [ 87%] Built target ex_solution__rosidl_typesupport_fastrtps_c__pyext
[2.647s] [ 93%] Built target ex_solution__rosidl_typesupport_introspection_c__pyext
[2.647s] [100%] Built target ex_solution__rosidl_typesupport_c__pyext
[2.647s] running egg_info
[2.647s] writing ex_solution.egg-info/PKG-INFO
[2.647s] writing dependency_links to ex_solution.egg-info/dependency_links.txt
[2.647s] writing top-level names to ex_solution.egg-info/top_level.txt
[2.674s] reading manifest file 'ex_solution.egg-info/SOURCES.txt'
[2.723s] writing manifest file 'ex_solution.egg-info/SOURCES.txt'
[2.825s] [100%] Built target ament_cmake_python_build_ex_solution_egg
[2.904s] Invoked command in '/home/mrush/exercise/src/ros-exercises/build/ex_solution' returned '0': CMAKE_PREFIX_PATH=${CMAKE_PREFIX_PATH}:/home/mrush/exercise/src/ros-exercises/install/navigation2_dist:/opt/ros/humble WSLENV=ELECTRON_RUN_AS_NODE/w: /usr/bin/cmake --build /home/mrush/exercise/src/ros-exercises/build/ex_solution -- -j8 -l8
[3.431s] Invoking command in '/home/mrush/exercise/src/ros-exercises/build/ex_solution': CMAKE_PREFIX_PATH=${CMAKE_PREFIX_PATH}:/home/mrush/exercise/src/ros-exercises/install/navigation2_dist:/opt/ros/humble WSLENV=ELECTRON_RUN_AS_NODE/w: /usr/bin/cmake --install /home/mrush/exercise/src/ros-exercises/build/ex_solution
[3.492s] -- Install configuration: ""
[3.492s] -- Up-to-date: /home/mrush/exercise/src/ros-exercises/install/ex_solution/share/ament_index/resource_index/rosidl_interfaces/ex_solution
[3.493s] -- Up-to-date: /home/mrush/exercise/src/ros-exercises/install/ex_solution/include/ex_solution/ex_solution
[3.493s] -- Up-to-date: /home/mrush/exercise/src/ros-exercises/install/ex_solution/include/ex_solution/ex_solution/msg
[3.494s] -- Up-to-date: /home/mrush/exercise/src/ros-exercises/install/ex_solution/include/ex_solution/ex_solution/msg/rosidl_generator_c__visibility_control.h
[3.494s] -- Up-to-date: /home/mrush/exercise/src/ros-exercises/install/ex_solution/include/ex_solution/ex_solution/action
[3.494s] -- Up-to-date: /home/mrush/exercise/src/ros-exercises/install/ex_solution/include/ex_solution/ex_solution/action/detail
[3.494s] -- Up-to-date: /home/mrush/exercise/src/ros-exercises/install/ex_solution/include/ex_solution/ex_solution/action/detail/exercise_action__struct.h
[3.494s] -- Up-to-date: /home/mrush/exercise/src/ros-exercises/install/ex_solution/include/ex_solution/ex_solution/action/detail/exercise_action__type_support.h
[3.494s] -- Up-to-date: /home/mrush/exercise/src/ros-exercises/install/ex_solution/include/ex_solution/ex_solution/action/detail/exercise_action__functions.c
[3.495s] -- Up-to-date: /home/mrush/exercise/src/ros-exercises/install/ex_solution/include/ex_solution/ex_solution/action/detail/exercise_action__functions.h
[3.495s] -- Up-to-date: /home/mrush/exercise/src/ros-exercises/install/ex_solution/include/ex_solution/ex_solution/action/exercise_action.h
[3.495s] -- Up-to-date: /home/mrush/exercise/src/ros-exercises/install/ex_solution/share/ex_solution/environment/library_path.sh
[3.495s] -- Up-to-date: /home/mrush/exercise/src/ros-exercises/install/ex_solution/share/ex_solution/environment/library_path.dsv
[3.495s] -- Up-to-date: /home/mrush/exercise/src/ros-exercises/install/ex_solution/lib/libex_solution__rosidl_generator_c.so
[3.495s] -- Up-to-date: /home/mrush/exercise/src/ros-exercises/install/ex_solution/include/ex_solution/ex_solution
[3.495s] -- Up-to-date: /home/mrush/exercise/src/ros-exercises/install/ex_solution/include/ex_solution/ex_solution/msg
[3.495s] -- Up-to-date: /home/mrush/exercise/src/ros-exercises/install/ex_solution/include/ex_solution/ex_solution/msg/rosidl_typesupport_fastrtps_c__visibility_control.h
[3.495s] -- Up-to-date: /home/mrush/exercise/src/ros-exercises/install/ex_solution/include/ex_solution/ex_solution/action
[3.496s] -- Up-to-date: /home/mrush/exercise/src/ros-exercises/install/ex_solution/include/ex_solution/ex_solution/action/detail
[3.496s] -- Up-to-date: /home/mrush/exercise/src/ros-exercises/install/ex_solution/include/ex_solution/ex_solution/action/detail/exercise_action__rosidl_typesupport_fastrtps_c.h
[3.502s] -- Up-to-date: /home/mrush/exercise/src/ros-exercises/install/ex_solution/lib/libex_solution__rosidl_typesupport_fastrtps_c.so
[3.503s] -- Up-to-date: /home/mrush/exercise/src/ros-exercises/install/ex_solution/include/ex_solution/ex_solution
[3.503s] -- Up-to-date: /home/mrush/exercise/src/ros-exercises/install/ex_solution/include/ex_solution/ex_solution/action
[3.503s] -- Up-to-date: /home/mrush/exercise/src/ros-exercises/install/ex_solution/include/ex_solution/ex_solution/action/exercise_action.hpp
[3.510s] -- Up-to-date: /home/mrush/exercise/src/ros-exercises/install/ex_solution/include/ex_solution/ex_solution/action/detail
[3.510s] -- Up-to-date: /home/mrush/exercise/src/ros-exercises/install/ex_solution/include/ex_solution/ex_solution/action/detail/exercise_action__traits.hpp
[3.510s] -- Up-to-date: /home/mrush/exercise/src/ros-exercises/install/ex_solution/include/ex_solution/ex_solution/action/detail/exercise_action__builder.hpp
[3.511s] -- Up-to-date: /home/mrush/exercise/src/ros-exercises/install/ex_solution/include/ex_solution/ex_solution/action/detail/exercise_action__struct.hpp
[3.511s] -- Up-to-date: /home/mrush/exercise/src/ros-exercises/install/ex_solution/include/ex_solution/ex_solution
[3.511s] -- Up-to-date: /home/mrush/exercise/src/ros-exercises/install/ex_solution/include/ex_solution/ex_solution/msg
[3.511s] -- Up-to-date: /home/mrush/exercise/src/ros-exercises/install/ex_solution/include/ex_solution/ex_solution/msg/rosidl_typesupport_fastrtps_cpp__visibility_control.h
[3.511s] -- Up-to-date: /home/mrush/exercise/src/ros-exercises/install/ex_solution/include/ex_solution/ex_solution/action
[3.511s] -- Up-to-date: /home/mrush/exercise/src/ros-exercises/install/ex_solution/include/ex_solution/ex_solution/action/detail
[3.512s] -- Up-to-date: /home/mrush/exercise/src/ros-exercises/install/ex_solution/include/ex_solution/ex_solution/action/detail/dds_fastrtps
[3.512s] -- Up-to-date: /home/mrush/exercise/src/ros-exercises/install/ex_solution/include/ex_solution/ex_solution/action/detail/exercise_action__rosidl_typesupport_fastrtps_cpp.hpp
[3.512s] -- Up-to-date: /home/mrush/exercise/src/ros-exercises/install/ex_solution/lib/libex_solution__rosidl_typesupport_fastrtps_cpp.so
[3.512s] -- Up-to-date: /home/mrush/exercise/src/ros-exercises/install/ex_solution/include/ex_solution/ex_solution
[3.512s] -- Up-to-date: /home/mrush/exercise/src/ros-exercises/install/ex_solution/include/ex_solution/ex_solution/msg
[3.512s] -- Up-to-date: /home/mrush/exercise/src/ros-exercises/install/ex_solution/include/ex_solution/ex_solution/msg/rosidl_typesupport_introspection_c__visibility_control.h
[3.513s] -- Up-to-date: /home/mrush/exercise/src/ros-exercises/install/ex_solution/include/ex_solution/ex_solution/action
[3.513s] -- Up-to-date: /home/mrush/exercise/src/ros-exercises/install/ex_solution/include/ex_solution/ex_solution/action/detail
[3.513s] -- Up-to-date: /home/mrush/exercise/src/ros-exercises/install/ex_solution/include/ex_solution/ex_solution/action/detail/exercise_action__rosidl_typesupport_introspection_c.h
[3.513s] -- Up-to-date: /home/mrush/exercise/src/ros-exercises/install/ex_solution/include/ex_solution/ex_solution/action/detail/exercise_action__type_support.c
[3.513s] -- Up-to-date: /home/mrush/exercise/src/ros-exercises/install/ex_solution/lib/libex_solution__rosidl_typesupport_introspection_c.so
[3.513s] -- Up-to-date: /home/mrush/exercise/src/ros-exercises/install/ex_solution/lib/libex_solution__rosidl_typesupport_c.so
[3.513s] -- Up-to-date: /home/mrush/exercise/src/ros-exercises/install/ex_solution/include/ex_solution/ex_solution
[3.514s] -- Up-to-date: /home/mrush/exercise/src/ros-exercises/install/ex_solution/include/ex_solution/ex_solution/action
[3.514s] -- Up-to-date: /home/mrush/exercise/src/ros-exercises/install/ex_solution/include/ex_solution/ex_solution/action/detail
[3.514s] -- Up-to-date: /home/mrush/exercise/src/ros-exercises/install/ex_solution/include/ex_solution/ex_solution/action/detail/exercise_action__type_support.cpp
[3.514s] -- Up-to-date: /home/mrush/exercise/src/ros-exercises/install/ex_solution/include/ex_solution/ex_solution/action/detail/exercise_action__rosidl_typesupport_introspection_cpp.hpp
[3.514s] -- Up-to-date: /home/mrush/exercise/src/ros-exercises/install/ex_solution/lib/libex_solution__rosidl_typesupport_introspection_cpp.so
[3.514s] -- Up-to-date: /home/mrush/exercise/src/ros-exercises/install/ex_solution/lib/libex_solution__rosidl_typesupport_cpp.so
[3.514s] -- Up-to-date: /home/mrush/exercise/src/ros-exercises/install/ex_solution/share/ex_solution/environment/pythonpath.sh
[3.515s] -- Up-to-date: /home/mrush/exercise/src/ros-exercises/install/ex_solution/share/ex_solution/environment/pythonpath.dsv
[3.515s] -- Up-to-date: /home/mrush/exercise/src/ros-exercises/install/ex_solution/local/lib/python3.10/dist-packages/ex_solution-0.0.0-py3.10.egg-info
[3.515s] -- Installing: /home/mrush/exercise/src/ros-exercises/install/ex_solution/local/lib/python3.10/dist-packages/ex_solution-0.0.0-py3.10.egg-info/top_level.txt
[3.515s] -- Installing: /home/mrush/exercise/src/ros-exercises/install/ex_solution/local/lib/python3.10/dist-packages/ex_solution-0.0.0-py3.10.egg-info/PKG-INFO
[3.515s] -- Installing: /home/mrush/exercise/src/ros-exercises/install/ex_solution/local/lib/python3.10/dist-packages/ex_solution-0.0.0-py3.10.egg-info/SOURCES.txt
[3.515s] -- Installing: /home/mrush/exercise/src/ros-exercises/install/ex_solution/local/lib/python3.10/dist-packages/ex_solution-0.0.0-py3.10.egg-info/dependency_links.txt
[3.515s] -- Up-to-date: /home/mrush/exercise/src/ros-exercises/install/ex_solution/local/lib/python3.10/dist-packages/ex_solution
[3.515s] -- Up-to-date: /home/mrush/exercise/src/ros-exercises/install/ex_solution/local/lib/python3.10/dist-packages/ex_solution/libex_solution__rosidl_generator_py.so
[3.515s] -- Up-to-date: /home/mrush/exercise/src/ros-exercises/install/ex_solution/local/lib/python3.10/dist-packages/ex_solution/_ex_solution_s.ep.rosidl_typesupport_c.c
[3.515s] -- Up-to-date: /home/mrush/exercise/src/ros-exercises/install/ex_solution/local/lib/python3.10/dist-packages/ex_solution/ex_solution_s__rosidl_typesupport_c.cpython-310-x86_64-linux-gnu.so
[3.516s] -- Up-to-date: /home/mrush/exercise/src/ros-exercises/install/ex_solution/local/lib/python3.10/dist-packages/ex_solution/_ex_solution_s.ep.rosidl_typesupport_introspection_c.c
[3.516s] -- Up-to-date: /home/mrush/exercise/src/ros-exercises/install/ex_solution/local/lib/python3.10/dist-packages/ex_solution/ex_solution_s__rosidl_typesupport_introspection_c.cpython-310-x86_64-linux-gnu.so
[3.516s] -- Up-to-date: /home/mrush/exercise/src/ros-exercises/install/ex_solution/local/lib/python3.10/dist-packages/ex_solution/_ex_solution_s.ep.rosidl_typesupport_fastrtps_c.c
[3.516s] -- Up-to-date: /home/mrush/exercise/src/ros-exercises/install/ex_solution/local/lib/python3.10/dist-packages/ex_solution/action
[3.516s] -- Up-to-date: /home/mrush/exercise/src/ros-exercises/install/ex_solution/local/lib/python3.10/dist-packages/ex_solution/action/_exercise_action.py
[3.516s] -- Up-to-date: /home/mrush/exercise/src/ros-exercises/install/ex_solution/local/lib/python3.10/dist-packages/ex_solution/action/_exercise_action_s.c
[3.516s] -- Up-to-date: /home/mrush/exercise/src/ros-exercises/install/ex_solution/local/lib/python3.10/dist-packages/ex_solution/action/__init__.py
[3.516s] -- Up-to-date: /home/mrush/exercise/src/ros-exercises/install/ex_solution/local/lib/python3.10/dist-packages/ex_solution/__init__.py
[3.517s] -- Up-to-date: /home/mrush/exercise/src/ros-exercises/install/ex_solution/local/lib/python3.10/dist-packages/ex_solution/ex_solution_s__rosidl_typesupport_fastrtps_c.cpython-310-x86_64-linux-gnu.so
[3.562s] Listing '/home/mrush/exercise/src/ros-exercises/install/ex_solution/local/lib/python3.10/dist-packages/ex_solution'...
[3.562s] Listing '/home/mrush/exercise/src/ros-exercises/install/ex_solution/local/lib/python3.10/dist-packages/ex_solution/action'...
[3.577s] -- Up-to-date: /home/mrush/exercise/src/ros-exercises/install/ex_solution/local/lib/python3.10/dist-packages/ex_solution/ex_solution_s__rosidl_typesupport_fastrtps_c.cpython-310-x86_64-linux-gnu.so
[3.577s] -- Up-to-date: /home/mrush/exercise/src/ros-exercises/install/ex_solution/local/lib/python3.10/dist-packages/ex_solution/ex_solution_s__rosidl_typesupport_introspection_c.cpython-310-x86_64-linux-gnu.so
[3.577s] -- Up-to-date: /home/mrush/exercise/src/ros-exercises/install/ex_solution/local/lib/python3.10/dist-packages/ex_solution/ex_solution_s__rosidl_typesupport_c.cpython-310-x86_64-linux-gnu.so
[3.578s] -- Up-to-date: /home/mrush/exercise/src/ros-exercises/install/ex_solution/lib/libex_solution__rosidl_generator_py.so
[3.578s] -- Up-to-date: /home/mrush/exercise/src/ros-exercises/install/ex_solution/share/ex_solution/action/ExerciseAction.idl
[3.580s] -- Up-to-date: /home/mrush/exercise/src/ros-exercises/install/ex_solution/share/ex_solution/action/ExerciseAction.action
[3.580s] -- Installing: /home/mrush/exercise/src/ros-exercises/install/ex_solution/lib/ex_solution/exercise_action_client.py
[3.580s] -- Up-to-date: /home/mrush/exercise/src/ros-exercises/install/ex_solution/lib/ex_solution/exercise_action_server.py
[3.581s] -- Up-to-date: /home/mrush/exercise/src/ros-exercises/install/ex_solution/share/ament_index/resource_index/package_run_dependencies/ex_solution
[3.581s] -- Up-to-date: /home/mrush/exercise/src/ros-exercises/install/ex_solution/share/ament_index/resource_index/parent_prefix_path/ex_solution
[3.581s] -- Up-to-date: /home/mrush/exercise/src/ros-exercises/install/ex_solution/share/ex_solution/environment/ament_prefix_path.sh
[3.582s] -- Up-to-date: /home/mrush/exercise/src/ros-exercises/install/ex_solution/share/ex_solution/environment/ament_prefix_path.dsv
[3.582s] -- Up-to-date: /home/mrush/exercise/src/ros-exercises/install/ex_solution/share/ex_solution/environment/path.sh
[3.582s] -- Up-to-date: /home/mrush/exercise/src/ros-exercises/install/ex_solution/share/ex_solution/environment/path.dsv
[3.582s] -- Up-to-date: /home/mrush/exercise/src/ros-exercises/install/ex_solution/share/ex_solution/local_setup.bash
[3.583s] -- Up-to-date: /home/mrush/exercise/src/ros-exercises/install/ex_solution/share/ex_solution/local_setup.sh
[3.583s] -- Up-to-date: /home/mrush/exercise/src/ros-exercises/install/ex_solution/share/ex_solution/local_setup.zsh
[3.583s] -- Up-to-date: /home/mrush/exercise/src/ros-exercises/install/ex_solution/share/ex_solution/local_setup.dsv
[3.583s] -- Installing: /home/mrush/exercise/src/ros-exercises/install/ex_solution/share/ex_solution/package.dsv
[3.594s] -- Up-to-date: /home/mrush/exercise/src/ros-exercises/install/ex_solution/share/ament_index/resource_index/packages/ex_solution
[3.595s] -- Up-to-date: /home/mrush/exercise/src/ros-exercises/install/ex_solution/share/ex_solution/cmake/export_ex_solution__rosidl_generator_cExport.cmake
[3.595s] -- Up-to-date: /home/mrush/exercise/src/ros-exercises/install/ex_solution/share/ex_solution/cmake/export_ex_solution__rosidl_generator_cExport-noconfig.cmake
[3.595s] -- Up-to-date: /home/mrush/exercise/src/ros-exercises/install/ex_solution/share/ex_solution/cmake/export_ex_solution__rosidl_typesupport_fastrtps_cExport.cmake
[3.606s] -- Up-to-date: /home/mrush/exercise/src/ros-exercises/install/ex_solution/share/ex_solution/cmake/export_ex_solution__rosidl_typesupport_fastrtps_cExport-noconfig.cmake
[3.606s] -- Up-to-date: /home/mrush/exercise/src/ros-exercises/install/ex_solution/share/ex_solution/cmake/export_ex_solution__rosidl_generator_cppExport.cmake
[3.637s] -- Up-to-date: /home/mrush/exercise/src/ros-exercises/install/ex_solution/share/ex_solution/cmake/export_ex_solution__rosidl_typesupport_fastrtps_cppExport.cmake
[3.638s] -- Up-to-date: /home/mrush/exercise/src/ros-exercises/install/ex_solution/share/ex_solution/cmake/export_ex_solution__rosidl_typesupport_fastrtps_cppExport-noconfig.cmake
[3.638s] -- Up-to-date: /home/mrush/exercise/src/ros-exercises/install/ex_solution/share/ex_solution/cmake/ex_solution__rosidl_typesupport_introspection_cExport.cmake
[3.638s] -- Up-to-date: /home/mrush/exercise/src/ros-exercises/install/ex_solution/share/ex_solution/cmake/ex_solution__rosidl_typesupport_introspection_cExport-noconfig.cmake
[3.639s] -- Up-to-date: /home/mrush/exercise/src/ros-exercises/install/ex_solution/share/ex_solution/cmake/ex_solution__rosidl_typesupport_cExport.cmake
[3.639s] -- Up-to-date: /home/mrush/exercise/src/ros-exercises/install/ex_solution/share/ex_solution/cmake/ex_solution__rosidl_typesupport_cExport-noconfig.cmake
[3.639s] -- Up-to-date: /home/mrush/exercise/src/ros-exercises/install/ex_solution/share/ex_solution/cmake/ex_solution__rosidl_typesupport_introspection_cppExport.cmake
[3.639s] -- Up-to-date: /home/mrush/exercise/src/ros-exercises/install/ex_solution/share/ex_solution/cmake/ex_solution__rosidl_typesupport_introspection_cppExport-noconfig.cmake
[3.639s] -- Up-to-date: /home/mrush/exercise/src/ros-exercises/install/ex_solution/share/ex_solution/cmake/ex_solution__rosidl_typesupport_cppExport.cmake
[3.639s] -- Up-to-date: /home/mrush/exercise/src/ros-exercises/install/ex_solution/share/ex_solution/cmake/ex_solution__rosidl_typesupport_cppExport-noconfig.cmake
[3.639s] -- Up-to-date: /home/mrush/exercise/src/ros-exercises/install/ex_solution/share/ex_solution/cmake/export_ex_solution__rosidl_generator_pyExport.cmake
[3.639s] -- Up-to-date: /home/mrush/exercise/src/ros-exercises/install/ex_solution/share/ex_solution/cmake/export_ex_solution__rosidl_generator_pyExport-noconfig.cmake
[3.639s] -- Up-to-date: /home/mrush/exercise/src/ros-exercises/install/ex_solution/share/ex_solution/cmake/rosidl_cmake-extras.cmake
[3.640s] -- Up-to-date: /home/mrush/exercise/src/ros-exercises/install/ex_solution/share/ex_solution/cmake/ament_cmake_export_dependencies-extras.cmake
[3.640s] -- Up-to-date: /home/mrush/exercise/src/ros-exercises/install/ex_solution/share/ex_solution/cmake/ament_cmake_export_include_directories-extras.cmake
[3.640s] -- Up-to-date: /home/mrush/exercise/src/ros-exercises/install/ex_solution/share/ex_solution/cmake/ament_cmake_export_libraries-extras.cmake
[3.641s] -- Up-to-date: /home/mrush/exercise/src/ros-exercises/install/ex_solution/share/ex_solution/cmake/ament_cmake_export_targets-extras.cmake
[3.641s] -- Up-to-date: /home/mrush/exercise/src/ros-exercises/install/ex_solution/share/ex_solution/cmake/rosidl_cmake_export_typesupport_targets-extras.cmake
[3.641s] -- Up-to-date: /home/mrush/exercise/src/ros-exercises/install/ex_solution/share/ex_solution/cmake/rosidl_cmake_export_typesupport_libraries-extras.cmake
[3.641s] -- Up-to-date: /home/mrush/exercise/src/ros-exercises/install/ex_solution/share/ex_solution/cmake/ex_solutionConfig.cmake
[3.641s] -- Up-to-date: /home/mrush/exercise/src/ros-exercises/install/ex_solution/share/ex_solution/cmake/ex_solutionConfig-version.cmake
[3.641s] -- Up-to-date: /home/mrush/exercise/src/ros-exercises/install/ex_solution/share/ex_solution/package.xml
[4.479s] Invoked command in '/home/mrush/exercise/src/ros-exercises/build/ex_solution' returned '0': CMAKE_PREFIX_PATH=${CMAKE_PREFIX_PATH}:/home/mrush/exercise/src/ros-exercises/install/navigation2_dist:/opt/ros/humble WSLENV=ELECTRON_RUN_AS_NODE/w: /usr/bin/cmake --install /home/mrush/exercise/src/ros-exercises/build/ex_solution
