[0.367s] Invoking command in '/home/r3k7/Nauka_ros/src/ros-exercises/build/exercise': CMAKE_PREFIX_PATH=${CMAKE_PREFIX_PATH}:/home/r3k7/Nauka_ros/src/ros-exercises/install/navigation2_dist:/opt/ros/humble WSLENV=ELECTRON_RUN_AS_NODE/w:WT_SESSION:WT_PROFILE_ID: /usr/bin/cmake --build /home/r3k7/Nauka_ros/src/ros-exercises/build/exercise -- -j8 -l8
[0.757s] Invoked command in '/home/r3k7/Nauka_ros/src/ros-exercises/build/exercise' returned '0': CMAKE_PREFIX_PATH=${CMAKE_PREFIX_PATH}:/home/r3k7/Nauka_ros/src/ros-exercises/install/navigation2_dist:/opt/ros/humble WSLENV=ELECTRON_RUN_AS_NODE/w:WT_SESSION:WT_PROFILE_ID: /usr/bin/cmake --build /home/r3k7/Nauka_ros/src/ros-exercises/build/exercise -- -j8 -l8
[0.792s] Invoking command in '/home/r3k7/Nauka_ros/src/ros-exercises/build/exercise': CMAKE_PREFIX_PATH=${CMAKE_PREFIX_PATH}:/home/r3k7/Nauka_ros/src/ros-exercises/install/navigation2_dist:/opt/ros/humble WSLENV=ELECTRON_RUN_AS_NODE/w:WT_SESSION:WT_PROFILE_ID: /usr/bin/cmake --install /home/r3k7/Nauka_ros/src/ros-exercises/build/exercise
[0.802s] -- Install configuration: ""
[0.803s] -- Up-to-date: /home/r3k7/Nauka_ros/src/ros-exercises/install/exercise/share/exercise//launch
[0.803s] -- Up-to-date: /home/r3k7/Nauka_ros/src/ros-exercises/install/exercise/share/exercise//launch/exercise_world.launch.py
[0.803s] -- Up-to-date: /home/r3k7/Nauka_ros/src/ros-exercises/install/exercise/share/exercise//worlds
[0.803s] -- Up-to-date: /home/r3k7/Nauka_ros/src/ros-exercises/install/exercise/share/exercise//worlds/exercise.sdf
[0.803s] -- Up-to-date: /home/r3k7/Nauka_ros/src/ros-exercises/install/exercise/share/exercise//config
[0.804s] -- Up-to-date: /home/r3k7/Nauka_ros/src/ros-exercises/install/exercise/share/exercise//config/exercise.config
[0.804s] -- Up-to-date: /home/r3k7/Nauka_ros/src/ros-exercises/install/exercise/share/ament_index/resource_index/package_run_dependencies/exercise
[0.804s] -- Up-to-date: /home/r3k7/Nauka_ros/src/ros-exercises/install/exercise/share/ament_index/resource_index/parent_prefix_path/exercise
[0.804s] -- Up-to-date: /home/r3k7/Nauka_ros/src/ros-exercises/install/exercise/share/exercise/environment/ament_prefix_path.sh
[0.804s] -- Up-to-date: /home/r3k7/Nauka_ros/src/ros-exercises/install/exercise/share/exercise/environment/ament_prefix_path.dsv
[0.804s] -- Up-to-date: /home/r3k7/Nauka_ros/src/ros-exercises/install/exercise/share/exercise/environment/path.sh
[0.804s] -- Up-to-date: /home/r3k7/Nauka_ros/src/ros-exercises/install/exercise/share/exercise/environment/path.dsv
[0.804s] -- Up-to-date: /home/r3k7/Nauka_ros/src/ros-exercises/install/exercise/share/exercise/local_setup.bash
[0.804s] -- Up-to-date: /home/r3k7/Nauka_ros/src/ros-exercises/install/exercise/share/exercise/local_setup.sh
[0.805s] -- Up-to-date: /home/r3k7/Nauka_ros/src/ros-exercises/install/exercise/share/exercise/local_setup.zsh
[0.805s] -- Up-to-date: /home/r3k7/Nauka_ros/src/ros-exercises/install/exercise/share/exercise/local_setup.dsv
[0.805s] -- Installing: /home/r3k7/Nauka_ros/src/ros-exercises/install/exercise/share/exercise/package.dsv
[0.805s] -- Up-to-date: /home/r3k7/Nauka_ros/src/ros-exercises/install/exercise/share/ament_index/resource_index/packages/exercise
[0.805s] -- Up-to-date: /home/r3k7/Nauka_ros/src/ros-exercises/install/exercise/share/exercise/cmake/exerciseConfig.cmake
[0.805s] -- Up-to-date: /home/r3k7/Nauka_ros/src/ros-exercises/install/exercise/share/exercise/cmake/exerciseConfig-version.cmake
[0.807s] -- Up-to-date: /home/r3k7/Nauka_ros/src/ros-exercises/install/exercise/share/exercise/package.xml
[0.823s] Invoked command in '/home/r3k7/Nauka_ros/src/ros-exercises/build/exercise' returned '0': CMAKE_PREFIX_PATH=${CMAKE_PREFIX_PATH}:/home/r3k7/Nauka_ros/src/ros-exercises/install/navigation2_dist:/opt/ros/humble WSLENV=ELECTRON_RUN_AS_NODE/w:WT_SESSION:WT_PROFILE_ID: /usr/bin/cmake --install /home/r3k7/Nauka_ros/src/ros-exercises/build/exercise
