[1.023s] Invoking command in '/home/mrush/exercise/src/ros-exercises/build/ex_solution': CMAKE_PREFIX_PATH=${CMAKE_PREFIX_PATH}:/home/mrush/exercise/src/ros-exercises/install/navigation2_dist:/opt/ros/humble WSLENV=ELECTRON_RUN_AS_NODE/w: /usr/bin/cmake --build /home/mrush/exercise/src/ros-exercises/build/ex_solution -- -j8 -l8
[2.169s] [  3%] Built target ex_solution__cpp
[2.170s] [  3%] Built target ament_cmake_python_copy_ex_solution
[2.170s] [ 12%] Built target ex_solution__rosidl_typesupport_introspection_cpp
[2.170s] running egg_info
[2.170s] writing ex_solution.egg-info/PKG-INFO
[2.170s] writing dependency_links to ex_solution.egg-info/dependency_links.txt
[2.171s] writing top-level names to ex_solution.egg-info/top_level.txt
[2.171s] reading manifest file 'ex_solution.egg-info/SOURCES.txt'
[2.171s] writing manifest file 'ex_solution.egg-info/SOURCES.txt'
[2.171s] [ 12%] Built target ament_cmake_python_build_ex_solution_egg
[2.263s] [ 22%] Built target ex_solution__rosidl_typesupport_fastrtps_cpp
[2.306s] [ 32%] Built target ex_solution__rosidl_typesupport_cpp
[2.401s] [ 41%] Built target ex_solution__rosidl_generator_c
[2.471s] [ 51%] Built target ex_solution__rosidl_typesupport_fastrtps_c
[2.553s] [ 61%] Built target ex_solution__rosidl_typesupport_c
[2.649s] [ 70%] Built target ex_solution__rosidl_typesupport_introspection_c
[2.704s] [ 70%] Built target ex_solution
[2.798s] [ 74%] Built target ex_solution__py
[2.855s] [ 80%] Built target ex_solution__rosidl_generator_py
[2.941s] [ 87%] Built target ex_solution__rosidl_typesupport_fastrtps_c__pyext
[2.999s] [ 93%] Built target ex_solution__rosidl_typesupport_c__pyext
[3.142s] [100%] Built target ex_solution__rosidl_typesupport_introspection_c__pyext
[3.305s] Invoked command in '/home/mrush/exercise/src/ros-exercises/build/ex_solution' returned '0': CMAKE_PREFIX_PATH=${CMAKE_PREFIX_PATH}:/home/mrush/exercise/src/ros-exercises/install/navigation2_dist:/opt/ros/humble WSLENV=ELECTRON_RUN_AS_NODE/w: /usr/bin/cmake --build /home/mrush/exercise/src/ros-exercises/build/ex_solution -- -j8 -l8
[3.628s] Invoking command in '/home/mrush/exercise/src/ros-exercises/build/ex_solution': CMAKE_PREFIX_PATH=${CMAKE_PREFIX_PATH}:/home/mrush/exercise/src/ros-exercises/install/navigation2_dist:/opt/ros/humble WSLENV=ELECTRON_RUN_AS_NODE/w: /usr/bin/cmake --install /home/mrush/exercise/src/ros-exercises/build/ex_solution
[3.651s] -- Install configuration: ""
[3.651s] -- Up-to-date: /home/mrush/exercise/src/ros-exercises/install/ex_solution/share/ament_index/resource_index/rosidl_interfaces/ex_solution
[3.656s] -- Up-to-date: /home/mrush/exercise/src/ros-exercises/install/ex_solution/include/ex_solution/ex_solution
[3.656s] -- Up-to-date: /home/mrush/exercise/src/ros-exercises/install/ex_solution/include/ex_solution/ex_solution/msg
[3.656s] -- Up-to-date: /home/mrush/exercise/src/ros-exercises/install/ex_solution/include/ex_solution/ex_solution/msg/rosidl_generator_c__visibility_control.h
[3.657s] -- Up-to-date: /home/mrush/exercise/src/ros-exercises/install/ex_solution/include/ex_solution/ex_solution/action
[3.657s] -- Up-to-date: /home/mrush/exercise/src/ros-exercises/install/ex_solution/include/ex_solution/ex_solution/action/detail
[3.657s] -- Up-to-date: /home/mrush/exercise/src/ros-exercises/install/ex_solution/include/ex_solution/ex_solution/action/detail/exercise_action__struct.h
[3.657s] -- Up-to-date: /home/mrush/exercise/src/ros-exercises/install/ex_solution/include/ex_solution/ex_solution/action/detail/exercise_action__type_support.h
[3.657s] -- Up-to-date: /home/mrush/exercise/src/ros-exercises/install/ex_solution/include/ex_solution/ex_solution/action/detail/exercise_action__functions.c
[3.657s] -- Up-to-date: /home/mrush/exercise/src/ros-exercises/install/ex_solution/include/ex_solution/ex_solution/action/detail/exercise_action__functions.h
[3.657s] -- Up-to-date: /home/mrush/exercise/src/ros-exercises/install/ex_solution/include/ex_solution/ex_solution/action/exercise_action.h
[3.658s] -- Up-to-date: /home/mrush/exercise/src/ros-exercises/install/ex_solution/share/ex_solution/environment/library_path.sh
[3.658s] -- Up-to-date: /home/mrush/exercise/src/ros-exercises/install/ex_solution/share/ex_solution/environment/library_path.dsv
[3.658s] -- Up-to-date: /home/mrush/exercise/src/ros-exercises/install/ex_solution/lib/libex_solution__rosidl_generator_c.so
[3.658s] -- Up-to-date: /home/mrush/exercise/src/ros-exercises/install/ex_solution/include/ex_solution/ex_solution
[3.658s] -- Up-to-date: /home/mrush/exercise/src/ros-exercises/install/ex_solution/include/ex_solution/ex_solution/msg
[3.658s] -- Up-to-date: /home/mrush/exercise/src/ros-exercises/install/ex_solution/include/ex_solution/ex_solution/msg/rosidl_typesupport_fastrtps_c__visibility_control.h
[3.658s] -- Up-to-date: /home/mrush/exercise/src/ros-exercises/install/ex_solution/include/ex_solution/ex_solution/action
[3.658s] -- Up-to-date: /home/mrush/exercise/src/ros-exercises/install/ex_solution/include/ex_solution/ex_solution/action/detail
[3.659s] -- Up-to-date: /home/mrush/exercise/src/ros-exercises/install/ex_solution/include/ex_solution/ex_solution/action/detail/exercise_action__rosidl_typesupport_fastrtps_c.h
[3.659s] -- Up-to-date: /home/mrush/exercise/src/ros-exercises/install/ex_solution/lib/libex_solution__rosidl_typesupport_fastrtps_c.so
[3.659s] -- Up-to-date: /home/mrush/exercise/src/ros-exercises/install/ex_solution/include/ex_solution/ex_solution
[3.659s] -- Up-to-date: /home/mrush/exercise/src/ros-exercises/install/ex_solution/include/ex_solution/ex_solution/action
[3.659s] -- Up-to-date: /home/mrush/exercise/src/ros-exercises/install/ex_solution/include/ex_solution/ex_solution/action/exercise_action.hpp
[3.659s] -- Up-to-date: /home/mrush/exercise/src/ros-exercises/install/ex_solution/include/ex_solution/ex_solution/action/detail
[3.659s] -- Up-to-date: /home/mrush/exercise/src/ros-exercises/install/ex_solution/include/ex_solution/ex_solution/action/detail/exercise_action__traits.hpp
[3.659s] -- Up-to-date: /home/mrush/exercise/src/ros-exercises/install/ex_solution/include/ex_solution/ex_solution/action/detail/exercise_action__builder.hpp
[3.659s] -- Up-to-date: /home/mrush/exercise/src/ros-exercises/install/ex_solution/include/ex_solution/ex_solution/action/detail/exercise_action__struct.hpp
[3.659s] -- Up-to-date: /home/mrush/exercise/src/ros-exercises/install/ex_solution/include/ex_solution/ex_solution
[3.659s] -- Up-to-date: /home/mrush/exercise/src/ros-exercises/install/ex_solution/include/ex_solution/ex_solution/msg
[3.659s] -- Up-to-date: /home/mrush/exercise/src/ros-exercises/install/ex_solution/include/ex_solution/ex_solution/msg/rosidl_typesupport_fastrtps_cpp__visibility_control.h
[3.659s] -- Up-to-date: /home/mrush/exercise/src/ros-exercises/install/ex_solution/include/ex_solution/ex_solution/action
[3.660s] -- Up-to-date: /home/mrush/exercise/src/ros-exercises/install/ex_solution/include/ex_solution/ex_solution/action/detail
[3.660s] -- Up-to-date: /home/mrush/exercise/src/ros-exercises/install/ex_solution/include/ex_solution/ex_solution/action/detail/dds_fastrtps
[3.660s] -- Up-to-date: /home/mrush/exercise/src/ros-exercises/install/ex_solution/include/ex_solution/ex_solution/action/detail/exercise_action__rosidl_typesupport_fastrtps_cpp.hpp
[3.660s] -- Up-to-date: /home/mrush/exercise/src/ros-exercises/install/ex_solution/lib/libex_solution__rosidl_typesupport_fastrtps_cpp.so
[3.660s] -- Up-to-date: /home/mrush/exercise/src/ros-exercises/install/ex_solution/include/ex_solution/ex_solution
[3.660s] -- Up-to-date: /home/mrush/exercise/src/ros-exercises/install/ex_solution/include/ex_solution/ex_solution/msg
[3.660s] -- Up-to-date: /home/mrush/exercise/src/ros-exercises/install/ex_solution/include/ex_solution/ex_solution/msg/rosidl_typesupport_introspection_c__visibility_control.h
[3.660s] -- Up-to-date: /home/mrush/exercise/src/ros-exercises/install/ex_solution/include/ex_solution/ex_solution/action
[3.660s] -- Up-to-date: /home/mrush/exercise/src/ros-exercises/install/ex_solution/include/ex_solution/ex_solution/action/detail
[3.660s] -- Up-to-date: /home/mrush/exercise/src/ros-exercises/install/ex_solution/include/ex_solution/ex_solution/action/detail/exercise_action__rosidl_typesupport_introspection_c.h
[3.660s] -- Up-to-date: /home/mrush/exercise/src/ros-exercises/install/ex_solution/include/ex_solution/ex_solution/action/detail/exercise_action__type_support.c
[3.660s] -- Up-to-date: /home/mrush/exercise/src/ros-exercises/install/ex_solution/lib/libex_solution__rosidl_typesupport_introspection_c.so
[3.687s] -- Up-to-date: /home/mrush/exercise/src/ros-exercises/install/ex_solution/lib/libex_solution__rosidl_typesupport_c.so
[3.687s] -- Up-to-date: /home/mrush/exercise/src/ros-exercises/install/ex_solution/include/ex_solution/ex_solution
[3.689s] -- Up-to-date: /home/mrush/exercise/src/ros-exercises/install/ex_solution/include/ex_solution/ex_solution/action
[3.689s] -- Up-to-date: /home/mrush/exercise/src/ros-exercises/install/ex_solution/include/ex_solution/ex_solution/action/detail
[3.689s] -- Up-to-date: /home/mrush/exercise/src/ros-exercises/install/ex_solution/include/ex_solution/ex_solution/action/detail/exercise_action__type_support.cpp
[3.689s] -- Up-to-date: /home/mrush/exercise/src/ros-exercises/install/ex_solution/include/ex_solution/ex_solution/action/detail/exercise_action__rosidl_typesupport_introspection_cpp.hpp
[3.689s] -- Up-to-date: /home/mrush/exercise/src/ros-exercises/install/ex_solution/lib/libex_solution__rosidl_typesupport_introspection_cpp.so
[3.690s] -- Up-to-date: /home/mrush/exercise/src/ros-exercises/install/ex_solution/lib/libex_solution__rosidl_typesupport_cpp.so
[3.690s] -- Up-to-date: /home/mrush/exercise/src/ros-exercises/install/ex_solution/share/ex_solution/environment/pythonpath.sh
[3.690s] -- Up-to-date: /home/mrush/exercise/src/ros-exercises/install/ex_solution/share/ex_solution/environment/pythonpath.dsv
[3.690s] -- Up-to-date: /home/mrush/exercise/src/ros-exercises/install/ex_solution/local/lib/python3.10/dist-packages/ex_solution-0.0.0-py3.10.egg-info
[3.690s] -- Installing: /home/mrush/exercise/src/ros-exercises/install/ex_solution/local/lib/python3.10/dist-packages/ex_solution-0.0.0-py3.10.egg-info/top_level.txt
[3.690s] -- Installing: /home/mrush/exercise/src/ros-exercises/install/ex_solution/local/lib/python3.10/dist-packages/ex_solution-0.0.0-py3.10.egg-info/PKG-INFO
[3.690s] -- Installing: /home/mrush/exercise/src/ros-exercises/install/ex_solution/local/lib/python3.10/dist-packages/ex_solution-0.0.0-py3.10.egg-info/SOURCES.txt
[3.690s] -- Installing: /home/mrush/exercise/src/ros-exercises/install/ex_solution/local/lib/python3.10/dist-packages/ex_solution-0.0.0-py3.10.egg-info/dependency_links.txt
[3.690s] -- Up-to-date: /home/mrush/exercise/src/ros-exercises/install/ex_solution/local/lib/python3.10/dist-packages/ex_solution
[3.690s] -- Up-to-date: /home/mrush/exercise/src/ros-exercises/install/ex_solution/local/lib/python3.10/dist-packages/ex_solution/libex_solution__rosidl_generator_py.so
[3.691s] -- Up-to-date: /home/mrush/exercise/src/ros-exercises/install/ex_solution/local/lib/python3.10/dist-packages/ex_solution/_ex_solution_s.ep.rosidl_typesupport_c.c
[3.691s] -- Up-to-date: /home/mrush/exercise/src/ros-exercises/install/ex_solution/local/lib/python3.10/dist-packages/ex_solution/ex_solution_s__rosidl_typesupport_c.cpython-310-x86_64-linux-gnu.so
[3.691s] -- Up-to-date: /home/mrush/exercise/src/ros-exercises/install/ex_solution/local/lib/python3.10/dist-packages/ex_solution/_ex_solution_s.ep.rosidl_typesupport_introspection_c.c
[3.691s] -- Up-to-date: /home/mrush/exercise/src/ros-exercises/install/ex_solution/local/lib/python3.10/dist-packages/ex_solution/ex_solution_s__rosidl_typesupport_introspection_c.cpython-310-x86_64-linux-gnu.so
[3.691s] -- Up-to-date: /home/mrush/exercise/src/ros-exercises/install/ex_solution/local/lib/python3.10/dist-packages/ex_solution/_ex_solution_s.ep.rosidl_typesupport_fastrtps_c.c
[3.691s] -- Up-to-date: /home/mrush/exercise/src/ros-exercises/install/ex_solution/local/lib/python3.10/dist-packages/ex_solution/action
[3.691s] -- Up-to-date: /home/mrush/exercise/src/ros-exercises/install/ex_solution/local/lib/python3.10/dist-packages/ex_solution/action/_exercise_action.py
[3.691s] -- Up-to-date: /home/mrush/exercise/src/ros-exercises/install/ex_solution/local/lib/python3.10/dist-packages/ex_solution/action/_exercise_action_s.c
[3.692s] -- Up-to-date: /home/mrush/exercise/src/ros-exercises/install/ex_solution/local/lib/python3.10/dist-packages/ex_solution/action/__init__.py
[3.692s] -- Up-to-date: /home/mrush/exercise/src/ros-exercises/install/ex_solution/local/lib/python3.10/dist-packages/ex_solution/__init__.py
[3.692s] -- Up-to-date: /home/mrush/exercise/src/ros-exercises/install/ex_solution/local/lib/python3.10/dist-packages/ex_solution/ex_solution_s__rosidl_typesupport_fastrtps_c.cpython-310-x86_64-linux-gnu.so
[3.863s] Listing '/home/mrush/exercise/src/ros-exercises/install/ex_solution/local/lib/python3.10/dist-packages/ex_solution'...
[3.864s] Listing '/home/mrush/exercise/src/ros-exercises/install/ex_solution/local/lib/python3.10/dist-packages/ex_solution/action'...
[3.864s] -- Up-to-date: /home/mrush/exercise/src/ros-exercises/install/ex_solution/local/lib/python3.10/dist-packages/ex_solution/ex_solution_s__rosidl_typesupport_fastrtps_c.cpython-310-x86_64-linux-gnu.so
[3.864s] -- Up-to-date: /home/mrush/exercise/src/ros-exercises/install/ex_solution/local/lib/python3.10/dist-packages/ex_solution/ex_solution_s__rosidl_typesupport_introspection_c.cpython-310-x86_64-linux-gnu.so
[3.864s] -- Up-to-date: /home/mrush/exercise/src/ros-exercises/install/ex_solution/local/lib/python3.10/dist-packages/ex_solution/ex_solution_s__rosidl_typesupport_c.cpython-310-x86_64-linux-gnu.so
[3.864s] -- Up-to-date: /home/mrush/exercise/src/ros-exercises/install/ex_solution/lib/libex_solution__rosidl_generator_py.so
[3.864s] -- Up-to-date: /home/mrush/exercise/src/ros-exercises/install/ex_solution/share/ex_solution/action/ExerciseAction.idl
[3.864s] -- Up-to-date: /home/mrush/exercise/src/ros-exercises/install/ex_solution/share/ex_solution/action/ExerciseAction.action
[3.864s] -- Installing: /home/mrush/exercise/src/ros-exercises/install/ex_solution/lib/ex_solution/exercise_action_client.py
[3.865s] -- Up-to-date: /home/mrush/exercise/src/ros-exercises/install/ex_solution/lib/ex_solution/exercise_action_server.py
[3.865s] -- Up-to-date: /home/mrush/exercise/src/ros-exercises/install/ex_solution/share/ament_index/resource_index/package_run_dependencies/ex_solution
[3.865s] -- Up-to-date: /home/mrush/exercise/src/ros-exercises/install/ex_solution/share/ament_index/resource_index/parent_prefix_path/ex_solution
[3.865s] -- Up-to-date: /home/mrush/exercise/src/ros-exercises/install/ex_solution/share/ex_solution/environment/ament_prefix_path.sh
[3.865s] -- Up-to-date: /home/mrush/exercise/src/ros-exercises/install/ex_solution/share/ex_solution/environment/ament_prefix_path.dsv
[3.865s] -- Up-to-date: /home/mrush/exercise/src/ros-exercises/install/ex_solution/share/ex_solution/environment/path.sh
[3.866s] -- Up-to-date: /home/mrush/exercise/src/ros-exercises/install/ex_solution/share/ex_solution/environment/path.dsv
[3.866s] -- Up-to-date: /home/mrush/exercise/src/ros-exercises/install/ex_solution/share/ex_solution/local_setup.bash
[3.866s] -- Up-to-date: /home/mrush/exercise/src/ros-exercises/install/ex_solution/share/ex_solution/local_setup.sh
[3.866s] -- Up-to-date: /home/mrush/exercise/src/ros-exercises/install/ex_solution/share/ex_solution/local_setup.zsh
[3.866s] -- Up-to-date: /home/mrush/exercise/src/ros-exercises/install/ex_solution/share/ex_solution/local_setup.dsv
[3.866s] -- Installing: /home/mrush/exercise/src/ros-exercises/install/ex_solution/share/ex_solution/package.dsv
[3.866s] -- Up-to-date: /home/mrush/exercise/src/ros-exercises/install/ex_solution/share/ament_index/resource_index/packages/ex_solution
[3.867s] -- Up-to-date: /home/mrush/exercise/src/ros-exercises/install/ex_solution/share/ex_solution/cmake/export_ex_solution__rosidl_generator_cExport.cmake
[3.867s] -- Up-to-date: /home/mrush/exercise/src/ros-exercises/install/ex_solution/share/ex_solution/cmake/export_ex_solution__rosidl_generator_cExport-noconfig.cmake
[3.867s] -- Up-to-date: /home/mrush/exercise/src/ros-exercises/install/ex_solution/share/ex_solution/cmake/export_ex_solution__rosidl_typesupport_fastrtps_cExport.cmake
[3.867s] -- Up-to-date: /home/mrush/exercise/src/ros-exercises/install/ex_solution/share/ex_solution/cmake/export_ex_solution__rosidl_typesupport_fastrtps_cExport-noconfig.cmake
[3.867s] -- Up-to-date: /home/mrush/exercise/src/ros-exercises/install/ex_solution/share/ex_solution/cmake/export_ex_solution__rosidl_generator_cppExport.cmake
[3.867s] -- Up-to-date: /home/mrush/exercise/src/ros-exercises/install/ex_solution/share/ex_solution/cmake/export_ex_solution__rosidl_typesupport_fastrtps_cppExport.cmake
[3.880s] -- Up-to-date: /home/mrush/exercise/src/ros-exercises/install/ex_solution/share/ex_solution/cmake/export_ex_solution__rosidl_typesupport_fastrtps_cppExport-noconfig.cmake
[3.884s] -- Up-to-date: /home/mrush/exercise/src/ros-exercises/install/ex_solution/share/ex_solution/cmake/ex_solution__rosidl_typesupport_introspection_cExport.cmake
[3.884s] -- Up-to-date: /home/mrush/exercise/src/ros-exercises/install/ex_solution/share/ex_solution/cmake/ex_solution__rosidl_typesupport_introspection_cExport-noconfig.cmake
[3.884s] -- Up-to-date: /home/mrush/exercise/src/ros-exercises/install/ex_solution/share/ex_solution/cmake/ex_solution__rosidl_typesupport_cExport.cmake
[3.884s] -- Up-to-date: /home/mrush/exercise/src/ros-exercises/install/ex_solution/share/ex_solution/cmake/ex_solution__rosidl_typesupport_cExport-noconfig.cmake
[3.884s] -- Up-to-date: /home/mrush/exercise/src/ros-exercises/install/ex_solution/share/ex_solution/cmake/ex_solution__rosidl_typesupport_introspection_cppExport.cmake
[3.885s] -- Up-to-date: /home/mrush/exercise/src/ros-exercises/install/ex_solution/share/ex_solution/cmake/ex_solution__rosidl_typesupport_introspection_cppExport-noconfig.cmake
[3.885s] -- Up-to-date: /home/mrush/exercise/src/ros-exercises/install/ex_solution/share/ex_solution/cmake/ex_solution__rosidl_typesupport_cppExport.cmake
[3.885s] -- Up-to-date: /home/mrush/exercise/src/ros-exercises/install/ex_solution/share/ex_solution/cmake/ex_solution__rosidl_typesupport_cppExport-noconfig.cmake
[3.885s] -- Up-to-date: /home/mrush/exercise/src/ros-exercises/install/ex_solution/share/ex_solution/cmake/export_ex_solution__rosidl_generator_pyExport.cmake
[3.885s] -- Up-to-date: /home/mrush/exercise/src/ros-exercises/install/ex_solution/share/ex_solution/cmake/export_ex_solution__rosidl_generator_pyExport-noconfig.cmake
[3.885s] -- Up-to-date: /home/mrush/exercise/src/ros-exercises/install/ex_solution/share/ex_solution/cmake/rosidl_cmake-extras.cmake
[3.885s] -- Up-to-date: /home/mrush/exercise/src/ros-exercises/install/ex_solution/share/ex_solution/cmake/ament_cmake_export_dependencies-extras.cmake
[3.886s] -- Up-to-date: /home/mrush/exercise/src/ros-exercises/install/ex_solution/share/ex_solution/cmake/ament_cmake_export_include_directories-extras.cmake
[3.886s] -- Up-to-date: /home/mrush/exercise/src/ros-exercises/install/ex_solution/share/ex_solution/cmake/ament_cmake_export_libraries-extras.cmake
[3.886s] -- Up-to-date: /home/mrush/exercise/src/ros-exercises/install/ex_solution/share/ex_solution/cmake/ament_cmake_export_targets-extras.cmake
[3.886s] -- Up-to-date: /home/mrush/exercise/src/ros-exercises/install/ex_solution/share/ex_solution/cmake/rosidl_cmake_export_typesupport_targets-extras.cmake
[3.886s] -- Up-to-date: /home/mrush/exercise/src/ros-exercises/install/ex_solution/share/ex_solution/cmake/rosidl_cmake_export_typesupport_libraries-extras.cmake
[3.886s] -- Up-to-date: /home/mrush/exercise/src/ros-exercises/install/ex_solution/share/ex_solution/cmake/ex_solutionConfig.cmake
[3.886s] -- Up-to-date: /home/mrush/exercise/src/ros-exercises/install/ex_solution/share/ex_solution/cmake/ex_solutionConfig-version.cmake
[3.886s] -- Up-to-date: /home/mrush/exercise/src/ros-exercises/install/ex_solution/share/ex_solution/package.xml
[4.041s] Invoked command in '/home/mrush/exercise/src/ros-exercises/build/ex_solution' returned '0': CMAKE_PREFIX_PATH=${CMAKE_PREFIX_PATH}:/home/mrush/exercise/src/ros-exercises/install/navigation2_dist:/opt/ros/humble WSLENV=ELECTRON_RUN_AS_NODE/w: /usr/bin/cmake --install /home/mrush/exercise/src/ros-exercises/build/ex_solution
