[2.039s] Invoking command in '/home/mrush/exercise/src/ros-exercises/build/navigation2_turtle': CMAKE_PREFIX_PATH=${CMAKE_PREFIX_PATH}:/home/mrush/exercise/src/ros-exercises/install/navigation2_dist:/opt/ros/humble WSLENV=ELECTRON_RUN_AS_NODE/w: /usr/bin/cmake --build /home/mrush/exercise/src/ros-exercises/build/navigation2_turtle -- -j8 -l8
[2.200s] Invoked command in '/home/mrush/exercise/src/ros-exercises/build/navigation2_turtle' returned '0': CMAKE_PREFIX_PATH=${CMAKE_PREFIX_PATH}:/home/mrush/exercise/src/ros-exercises/install/navigation2_dist:/opt/ros/humble WSLENV=ELECTRON_RUN_AS_NODE/w: /usr/bin/cmake --build /home/mrush/exercise/src/ros-exercises/build/navigation2_turtle -- -j8 -l8
[2.501s] Invoking command in '/home/mrush/exercise/src/ros-exercises/build/navigation2_turtle': CMAKE_PREFIX_PATH=${CMAKE_PREFIX_PATH}:/home/mrush/exercise/src/ros-exercises/install/navigation2_dist:/opt/ros/humble WSLENV=ELECTRON_RUN_AS_NODE/w: /usr/bin/cmake --install /home/mrush/exercise/src/ros-exercises/build/navigation2_turtle
[2.537s] -- Install configuration: ""
[2.540s] -- Up-to-date: /home/mrush/exercise/src/ros-exercises/install/navigation2_turtle/share/navigation2_turtle/launch
[2.547s] -- Up-to-date: /home/mrush/exercise/src/ros-exercises/install/navigation2_turtle/share/navigation2_turtle/launch/navigation2_smac2d.launch.py
[2.547s] -- Up-to-date: /home/mrush/exercise/src/ros-exercises/install/navigation2_turtle/share/navigation2_turtle/launch/navigation2_navfn.launch.py
[2.547s] -- Up-to-date: /home/mrush/exercise/src/ros-exercises/install/navigation2_turtle/share/navigation2_turtle/launch/navigation2_theta_star.launch.py
[2.547s] -- Up-to-date: /home/mrush/exercise/src/ros-exercises/install/navigation2_turtle/share/navigation2_turtle/map
[2.548s] -- Up-to-date: /home/mrush/exercise/src/ros-exercises/install/navigation2_turtle/share/navigation2_turtle/map/turtlebot3_world.pgm
[2.548s] -- Up-to-date: /home/mrush/exercise/src/ros-exercises/install/navigation2_turtle/share/navigation2_turtle/map/turtlebot3_world.yaml
[2.548s] -- Up-to-date: /home/mrush/exercise/src/ros-exercises/install/navigation2_turtle/share/navigation2_turtle/map/house_map.yaml
[2.548s] -- Up-to-date: /home/mrush/exercise/src/ros-exercises/install/navigation2_turtle/share/navigation2_turtle/map/house_map.pgm
[2.548s] -- Up-to-date: /home/mrush/exercise/src/ros-exercises/install/navigation2_turtle/share/navigation2_turtle/param
[2.548s] -- Up-to-date: /home/mrush/exercise/src/ros-exercises/install/navigation2_turtle/share/navigation2_turtle/param/waffle_smac2d.yaml
[2.548s] -- Up-to-date: /home/mrush/exercise/src/ros-exercises/install/navigation2_turtle/share/navigation2_turtle/param/waffle_navfn.yaml
[2.548s] -- Up-to-date: /home/mrush/exercise/src/ros-exercises/install/navigation2_turtle/share/navigation2_turtle/param/waffle_theta_star.yaml
[2.548s] -- Up-to-date: /home/mrush/exercise/src/ros-exercises/install/navigation2_turtle/share/navigation2_turtle/rviz
[2.548s] -- Up-to-date: /home/mrush/exercise/src/ros-exercises/install/navigation2_turtle/share/navigation2_turtle/rviz/tb3_navigation2.rviz
[2.549s] -- Up-to-date: /home/mrush/exercise/src/ros-exercises/install/navigation2_turtle/share/ament_index/resource_index/package_run_dependencies/navigation2_turtle
[2.549s] -- Up-to-date: /home/mrush/exercise/src/ros-exercises/install/navigation2_turtle/share/ament_index/resource_index/parent_prefix_path/navigation2_turtle
[2.549s] -- Up-to-date: /home/mrush/exercise/src/ros-exercises/install/navigation2_turtle/share/navigation2_turtle/environment/ament_prefix_path.sh
[2.549s] -- Up-to-date: /home/mrush/exercise/src/ros-exercises/install/navigation2_turtle/share/navigation2_turtle/environment/ament_prefix_path.dsv
[2.549s] -- Up-to-date: /home/mrush/exercise/src/ros-exercises/install/navigation2_turtle/share/navigation2_turtle/environment/path.sh
[2.549s] -- Up-to-date: /home/mrush/exercise/src/ros-exercises/install/navigation2_turtle/share/navigation2_turtle/environment/path.dsv
[2.549s] -- Up-to-date: /home/mrush/exercise/src/ros-exercises/install/navigation2_turtle/share/navigation2_turtle/local_setup.bash
[2.549s] -- Up-to-date: /home/mrush/exercise/src/ros-exercises/install/navigation2_turtle/share/navigation2_turtle/local_setup.sh
[2.550s] -- Up-to-date: /home/mrush/exercise/src/ros-exercises/install/navigation2_turtle/share/navigation2_turtle/local_setup.zsh
[2.550s] -- Up-to-date: /home/mrush/exercise/src/ros-exercises/install/navigation2_turtle/share/navigation2_turtle/local_setup.dsv
[2.550s] -- Installing: /home/mrush/exercise/src/ros-exercises/install/navigation2_turtle/share/navigation2_turtle/package.dsv
[2.551s] -- Up-to-date: /home/mrush/exercise/src/ros-exercises/install/navigation2_turtle/share/ament_index/resource_index/packages/navigation2_turtle
[2.551s] -- Up-to-date: /home/mrush/exercise/src/ros-exercises/install/navigation2_turtle/share/navigation2_turtle/cmake/navigation2_turtleConfig.cmake
[2.551s] -- Up-to-date: /home/mrush/exercise/src/ros-exercises/install/navigation2_turtle/share/navigation2_turtle/cmake/navigation2_turtleConfig-version.cmake
[2.551s] -- Up-to-date: /home/mrush/exercise/src/ros-exercises/install/navigation2_turtle/share/navigation2_turtle/package.xml
[2.575s] Invoked command in '/home/mrush/exercise/src/ros-exercises/build/navigation2_turtle' returned '0': CMAKE_PREFIX_PATH=${CMAKE_PREFIX_PATH}:/home/mrush/exercise/src/ros-exercises/install/navigation2_dist:/opt/ros/humble WSLENV=ELECTRON_RUN_AS_NODE/w: /usr/bin/cmake --install /home/mrush/exercise/src/ros-exercises/build/navigation2_turtle
