[0.356s] Invoking command in '/home/mrush/exercise/src/ros-exercises/build/fibonacci_action': CMAKE_PREFIX_PATH=${CMAKE_PREFIX_PATH}:/home/mrush/exercise/src/ros-exercises/install/navigation2_dist:/opt/ros/humble WSLENV=ELECTRON_RUN_AS_NODE/w: /usr/bin/cmake --build /home/mrush/exercise/src/ros-exercises/build/fibonacci_action -- -j8 -l8
[0.928s] [  9%] Built target fibonacci_action__rosidl_generator_c
[0.934s] [ 12%] Built target fibonacci_action__cpp
[0.935s] [ 12%] Built target ament_cmake_python_copy_fibonacci_action
[0.935s] [ 22%] Built target fibonacci_action__rosidl_typesupport_introspection_c
[0.935s] [ 32%] Built target fibonacci_action__rosidl_typesupport_fastrtps_c
[0.935s] [ 41%] Built target fibonacci_action__rosidl_typesupport_introspection_cpp
[0.935s] [ 51%] Built target fibonacci_action__rosidl_typesupport_fastrtps_cpp
[0.935s] [ 61%] Built target fibonacci_action__rosidl_typesupport_c
[0.936s] [ 70%] Built target fibonacci_action__rosidl_typesupport_cpp
[0.936s] [ 70%] Built target fibonacci_action
[0.936s] [ 74%] Built target fibonacci_action__py
[0.936s] [ 80%] Built target fibonacci_action__rosidl_generator_py
[0.936s] [ 87%] Built target fibonacci_action__rosidl_typesupport_fastrtps_c__pyext
[0.936s] [ 93%] Built target fibonacci_action__rosidl_typesupport_c__pyext
[0.960s] [100%] Built target fibonacci_action__rosidl_typesupport_introspection_c__pyext
[0.961s] running egg_info
[0.961s] writing fibonacci_action.egg-info/PKG-INFO
[0.962s] writing dependency_links to fibonacci_action.egg-info/dependency_links.txt
[0.962s] writing top-level names to fibonacci_action.egg-info/top_level.txt
[0.963s] reading manifest file 'fibonacci_action.egg-info/SOURCES.txt'
[0.963s] writing manifest file 'fibonacci_action.egg-info/SOURCES.txt'
[1.031s] [100%] Built target ament_cmake_python_build_fibonacci_action_egg
[1.083s] Invoked command in '/home/mrush/exercise/src/ros-exercises/build/fibonacci_action' returned '0': CMAKE_PREFIX_PATH=${CMAKE_PREFIX_PATH}:/home/mrush/exercise/src/ros-exercises/install/navigation2_dist:/opt/ros/humble WSLENV=ELECTRON_RUN_AS_NODE/w: /usr/bin/cmake --build /home/mrush/exercise/src/ros-exercises/build/fibonacci_action -- -j8 -l8
[1.265s] Invoking command in '/home/mrush/exercise/src/ros-exercises/build/fibonacci_action': CMAKE_PREFIX_PATH=${CMAKE_PREFIX_PATH}:/home/mrush/exercise/src/ros-exercises/install/navigation2_dist:/opt/ros/humble WSLENV=ELECTRON_RUN_AS_NODE/w: /usr/bin/cmake --install /home/mrush/exercise/src/ros-exercises/build/fibonacci_action
[1.292s] -- Install configuration: ""
[1.292s] -- Up-to-date: /home/mrush/exercise/src/ros-exercises/install/fibonacci_action/share/ament_index/resource_index/rosidl_interfaces/fibonacci_action
[1.292s] -- Up-to-date: /home/mrush/exercise/src/ros-exercises/install/fibonacci_action/include/fibonacci_action/fibonacci_action
[1.292s] -- Up-to-date: /home/mrush/exercise/src/ros-exercises/install/fibonacci_action/include/fibonacci_action/fibonacci_action/msg
[1.292s] -- Up-to-date: /home/mrush/exercise/src/ros-exercises/install/fibonacci_action/include/fibonacci_action/fibonacci_action/msg/rosidl_generator_c__visibility_control.h
[1.292s] -- Up-to-date: /home/mrush/exercise/src/ros-exercises/install/fibonacci_action/include/fibonacci_action/fibonacci_action/action
[1.293s] -- Up-to-date: /home/mrush/exercise/src/ros-exercises/install/fibonacci_action/include/fibonacci_action/fibonacci_action/action/fibonacci.h
[1.293s] -- Up-to-date: /home/mrush/exercise/src/ros-exercises/install/fibonacci_action/include/fibonacci_action/fibonacci_action/action/detail
[1.293s] -- Up-to-date: /home/mrush/exercise/src/ros-exercises/install/fibonacci_action/include/fibonacci_action/fibonacci_action/action/detail/fibonacci__functions.c
[1.293s] -- Up-to-date: /home/mrush/exercise/src/ros-exercises/install/fibonacci_action/include/fibonacci_action/fibonacci_action/action/detail/fibonacci__struct.h
[1.293s] -- Up-to-date: /home/mrush/exercise/src/ros-exercises/install/fibonacci_action/include/fibonacci_action/fibonacci_action/action/detail/fibonacci__type_support.h
[1.293s] -- Up-to-date: /home/mrush/exercise/src/ros-exercises/install/fibonacci_action/include/fibonacci_action/fibonacci_action/action/detail/fibonacci__functions.h
[1.293s] -- Up-to-date: /home/mrush/exercise/src/ros-exercises/install/fibonacci_action/share/fibonacci_action/environment/library_path.sh
[1.293s] -- Up-to-date: /home/mrush/exercise/src/ros-exercises/install/fibonacci_action/share/fibonacci_action/environment/library_path.dsv
[1.293s] -- Up-to-date: /home/mrush/exercise/src/ros-exercises/install/fibonacci_action/lib/libfibonacci_action__rosidl_generator_c.so
[1.293s] -- Up-to-date: /home/mrush/exercise/src/ros-exercises/install/fibonacci_action/include/fibonacci_action/fibonacci_action
[1.293s] -- Up-to-date: /home/mrush/exercise/src/ros-exercises/install/fibonacci_action/include/fibonacci_action/fibonacci_action/msg
[1.293s] -- Up-to-date: /home/mrush/exercise/src/ros-exercises/install/fibonacci_action/include/fibonacci_action/fibonacci_action/msg/rosidl_typesupport_fastrtps_c__visibility_control.h
[1.293s] -- Up-to-date: /home/mrush/exercise/src/ros-exercises/install/fibonacci_action/include/fibonacci_action/fibonacci_action/action
[1.293s] -- Up-to-date: /home/mrush/exercise/src/ros-exercises/install/fibonacci_action/include/fibonacci_action/fibonacci_action/action/detail
[1.294s] -- Up-to-date: /home/mrush/exercise/src/ros-exercises/install/fibonacci_action/include/fibonacci_action/fibonacci_action/action/detail/fibonacci__rosidl_typesupport_fastrtps_c.h
[1.296s] -- Up-to-date: /home/mrush/exercise/src/ros-exercises/install/fibonacci_action/lib/libfibonacci_action__rosidl_typesupport_fastrtps_c.so
[1.296s] -- Up-to-date: /home/mrush/exercise/src/ros-exercises/install/fibonacci_action/include/fibonacci_action/fibonacci_action
[1.296s] -- Up-to-date: /home/mrush/exercise/src/ros-exercises/install/fibonacci_action/include/fibonacci_action/fibonacci_action/msg
[1.296s] -- Up-to-date: /home/mrush/exercise/src/ros-exercises/install/fibonacci_action/include/fibonacci_action/fibonacci_action/msg/rosidl_typesupport_introspection_c__visibility_control.h
[1.296s] -- Up-to-date: /home/mrush/exercise/src/ros-exercises/install/fibonacci_action/include/fibonacci_action/fibonacci_action/action
[1.296s] -- Up-to-date: /home/mrush/exercise/src/ros-exercises/install/fibonacci_action/include/fibonacci_action/fibonacci_action/action/detail
[1.296s] -- Up-to-date: /home/mrush/exercise/src/ros-exercises/install/fibonacci_action/include/fibonacci_action/fibonacci_action/action/detail/fibonacci__rosidl_typesupport_introspection_c.h
[1.297s] -- Up-to-date: /home/mrush/exercise/src/ros-exercises/install/fibonacci_action/include/fibonacci_action/fibonacci_action/action/detail/fibonacci__type_support.c
[1.297s] -- Up-to-date: /home/mrush/exercise/src/ros-exercises/install/fibonacci_action/lib/libfibonacci_action__rosidl_typesupport_introspection_c.so
[1.297s] -- Up-to-date: /home/mrush/exercise/src/ros-exercises/install/fibonacci_action/lib/libfibonacci_action__rosidl_typesupport_c.so
[1.297s] -- Up-to-date: /home/mrush/exercise/src/ros-exercises/install/fibonacci_action/include/fibonacci_action/fibonacci_action
[1.297s] -- Up-to-date: /home/mrush/exercise/src/ros-exercises/install/fibonacci_action/include/fibonacci_action/fibonacci_action/action
[1.297s] -- Up-to-date: /home/mrush/exercise/src/ros-exercises/install/fibonacci_action/include/fibonacci_action/fibonacci_action/action/fibonacci.hpp
[1.297s] -- Up-to-date: /home/mrush/exercise/src/ros-exercises/install/fibonacci_action/include/fibonacci_action/fibonacci_action/action/detail
[1.297s] -- Up-to-date: /home/mrush/exercise/src/ros-exercises/install/fibonacci_action/include/fibonacci_action/fibonacci_action/action/detail/fibonacci__builder.hpp
[1.297s] -- Up-to-date: /home/mrush/exercise/src/ros-exercises/install/fibonacci_action/include/fibonacci_action/fibonacci_action/action/detail/fibonacci__traits.hpp
[1.298s] -- Up-to-date: /home/mrush/exercise/src/ros-exercises/install/fibonacci_action/include/fibonacci_action/fibonacci_action/action/detail/fibonacci__struct.hpp
[1.298s] -- Up-to-date: /home/mrush/exercise/src/ros-exercises/install/fibonacci_action/include/fibonacci_action/fibonacci_action
[1.298s] -- Up-to-date: /home/mrush/exercise/src/ros-exercises/install/fibonacci_action/include/fibonacci_action/fibonacci_action/msg
[1.298s] -- Up-to-date: /home/mrush/exercise/src/ros-exercises/install/fibonacci_action/include/fibonacci_action/fibonacci_action/msg/rosidl_typesupport_fastrtps_cpp__visibility_control.h
[1.298s] -- Up-to-date: /home/mrush/exercise/src/ros-exercises/install/fibonacci_action/include/fibonacci_action/fibonacci_action/action
[1.298s] -- Up-to-date: /home/mrush/exercise/src/ros-exercises/install/fibonacci_action/include/fibonacci_action/fibonacci_action/action/detail
[1.298s] -- Up-to-date: /home/mrush/exercise/src/ros-exercises/install/fibonacci_action/include/fibonacci_action/fibonacci_action/action/detail/dds_fastrtps
[1.298s] -- Up-to-date: /home/mrush/exercise/src/ros-exercises/install/fibonacci_action/include/fibonacci_action/fibonacci_action/action/detail/fibonacci__rosidl_typesupport_fastrtps_cpp.hpp
[1.298s] -- Up-to-date: /home/mrush/exercise/src/ros-exercises/install/fibonacci_action/lib/libfibonacci_action__rosidl_typesupport_fastrtps_cpp.so
[1.298s] -- Up-to-date: /home/mrush/exercise/src/ros-exercises/install/fibonacci_action/include/fibonacci_action/fibonacci_action
[1.298s] -- Up-to-date: /home/mrush/exercise/src/ros-exercises/install/fibonacci_action/include/fibonacci_action/fibonacci_action/action
[1.298s] -- Up-to-date: /home/mrush/exercise/src/ros-exercises/install/fibonacci_action/include/fibonacci_action/fibonacci_action/action/detail
[1.299s] -- Up-to-date: /home/mrush/exercise/src/ros-exercises/install/fibonacci_action/include/fibonacci_action/fibonacci_action/action/detail/fibonacci__type_support.cpp
[1.299s] -- Up-to-date: /home/mrush/exercise/src/ros-exercises/install/fibonacci_action/include/fibonacci_action/fibonacci_action/action/detail/fibonacci__rosidl_typesupport_introspection_cpp.hpp
[1.299s] -- Up-to-date: /home/mrush/exercise/src/ros-exercises/install/fibonacci_action/lib/libfibonacci_action__rosidl_typesupport_introspection_cpp.so
[1.299s] -- Up-to-date: /home/mrush/exercise/src/ros-exercises/install/fibonacci_action/lib/libfibonacci_action__rosidl_typesupport_cpp.so
[1.299s] -- Up-to-date: /home/mrush/exercise/src/ros-exercises/install/fibonacci_action/share/fibonacci_action/environment/pythonpath.sh
[1.299s] -- Up-to-date: /home/mrush/exercise/src/ros-exercises/install/fibonacci_action/share/fibonacci_action/environment/pythonpath.dsv
[1.299s] -- Up-to-date: /home/mrush/exercise/src/ros-exercises/install/fibonacci_action/local/lib/python3.10/dist-packages/fibonacci_action-0.0.0-py3.10.egg-info
[1.299s] -- Installing: /home/mrush/exercise/src/ros-exercises/install/fibonacci_action/local/lib/python3.10/dist-packages/fibonacci_action-0.0.0-py3.10.egg-info/top_level.txt
[1.299s] -- Installing: /home/mrush/exercise/src/ros-exercises/install/fibonacci_action/local/lib/python3.10/dist-packages/fibonacci_action-0.0.0-py3.10.egg-info/PKG-INFO
[1.299s] -- Installing: /home/mrush/exercise/src/ros-exercises/install/fibonacci_action/local/lib/python3.10/dist-packages/fibonacci_action-0.0.0-py3.10.egg-info/SOURCES.txt
[1.299s] -- Installing: /home/mrush/exercise/src/ros-exercises/install/fibonacci_action/local/lib/python3.10/dist-packages/fibonacci_action-0.0.0-py3.10.egg-info/dependency_links.txt
[1.299s] -- Up-to-date: /home/mrush/exercise/src/ros-exercises/install/fibonacci_action/local/lib/python3.10/dist-packages/fibonacci_action
[1.299s] -- Up-to-date: /home/mrush/exercise/src/ros-exercises/install/fibonacci_action/local/lib/python3.10/dist-packages/fibonacci_action/fibonacci_action_s__rosidl_typesupport_fastrtps_c.cpython-310-x86_64-linux-gnu.so
[1.300s] -- Up-to-date: /home/mrush/exercise/src/ros-exercises/install/fibonacci_action/local/lib/python3.10/dist-packages/fibonacci_action/_fibonacci_action_s.ep.rosidl_typesupport_c.c
[1.300s] -- Up-to-date: /home/mrush/exercise/src/ros-exercises/install/fibonacci_action/local/lib/python3.10/dist-packages/fibonacci_action/_fibonacci_action_s.ep.rosidl_typesupport_introspection_c.c
[1.300s] -- Up-to-date: /home/mrush/exercise/src/ros-exercises/install/fibonacci_action/local/lib/python3.10/dist-packages/fibonacci_action/fibonacci_action_s__rosidl_typesupport_c.cpython-310-x86_64-linux-gnu.so
[1.300s] -- Up-to-date: /home/mrush/exercise/src/ros-exercises/install/fibonacci_action/local/lib/python3.10/dist-packages/fibonacci_action/fibonacci_action_s__rosidl_typesupport_introspection_c.cpython-310-x86_64-linux-gnu.so
[1.300s] -- Up-to-date: /home/mrush/exercise/src/ros-exercises/install/fibonacci_action/local/lib/python3.10/dist-packages/fibonacci_action/action
[1.300s] -- Up-to-date: /home/mrush/exercise/src/ros-exercises/install/fibonacci_action/local/lib/python3.10/dist-packages/fibonacci_action/action/_fibonacci.py
[1.300s] -- Up-to-date: /home/mrush/exercise/src/ros-exercises/install/fibonacci_action/local/lib/python3.10/dist-packages/fibonacci_action/action/__init__.py
[1.301s] -- Up-to-date: /home/mrush/exercise/src/ros-exercises/install/fibonacci_action/local/lib/python3.10/dist-packages/fibonacci_action/action/_fibonacci_s.c
[1.301s] -- Up-to-date: /home/mrush/exercise/src/ros-exercises/install/fibonacci_action/local/lib/python3.10/dist-packages/fibonacci_action/__init__.py
[1.301s] -- Up-to-date: /home/mrush/exercise/src/ros-exercises/install/fibonacci_action/local/lib/python3.10/dist-packages/fibonacci_action/_fibonacci_action_s.ep.rosidl_typesupport_fastrtps_c.c
[1.301s] -- Up-to-date: /home/mrush/exercise/src/ros-exercises/install/fibonacci_action/local/lib/python3.10/dist-packages/fibonacci_action/libfibonacci_action__rosidl_generator_py.so
[1.346s] Listing '/home/mrush/exercise/src/ros-exercises/install/fibonacci_action/local/lib/python3.10/dist-packages/fibonacci_action'...
[1.346s] Listing '/home/mrush/exercise/src/ros-exercises/install/fibonacci_action/local/lib/python3.10/dist-packages/fibonacci_action/action'...
[1.352s] -- Up-to-date: /home/mrush/exercise/src/ros-exercises/install/fibonacci_action/local/lib/python3.10/dist-packages/fibonacci_action/fibonacci_action_s__rosidl_typesupport_fastrtps_c.cpython-310-x86_64-linux-gnu.so
[1.352s] -- Up-to-date: /home/mrush/exercise/src/ros-exercises/install/fibonacci_action/local/lib/python3.10/dist-packages/fibonacci_action/fibonacci_action_s__rosidl_typesupport_introspection_c.cpython-310-x86_64-linux-gnu.so
[1.353s] -- Up-to-date: /home/mrush/exercise/src/ros-exercises/install/fibonacci_action/local/lib/python3.10/dist-packages/fibonacci_action/fibonacci_action_s__rosidl_typesupport_c.cpython-310-x86_64-linux-gnu.so
[1.353s] -- Up-to-date: /home/mrush/exercise/src/ros-exercises/install/fibonacci_action/lib/libfibonacci_action__rosidl_generator_py.so
[1.357s] -- Up-to-date: /home/mrush/exercise/src/ros-exercises/install/fibonacci_action/share/fibonacci_action/action/Fibonacci.idl
[1.359s] -- Up-to-date: /home/mrush/exercise/src/ros-exercises/install/fibonacci_action/share/fibonacci_action/action/Fibonacci.action
[1.359s] -- Up-to-date: /home/mrush/exercise/src/ros-exercises/install/fibonacci_action/lib/fibonacci_action/fibonacci_action_server.py
[1.359s] -- Installing: /home/mrush/exercise/src/ros-exercises/install/fibonacci_action/lib/fibonacci_action/fibonacci_action_client.py
[1.359s] -- Up-to-date: /home/mrush/exercise/src/ros-exercises/install/fibonacci_action/share/ament_index/resource_index/package_run_dependencies/fibonacci_action
[1.359s] -- Up-to-date: /home/mrush/exercise/src/ros-exercises/install/fibonacci_action/share/ament_index/resource_index/parent_prefix_path/fibonacci_action
[1.359s] -- Up-to-date: /home/mrush/exercise/src/ros-exercises/install/fibonacci_action/share/fibonacci_action/environment/ament_prefix_path.sh
[1.359s] -- Up-to-date: /home/mrush/exercise/src/ros-exercises/install/fibonacci_action/share/fibonacci_action/environment/ament_prefix_path.dsv
[1.359s] -- Up-to-date: /home/mrush/exercise/src/ros-exercises/install/fibonacci_action/share/fibonacci_action/environment/path.sh
[1.359s] -- Up-to-date: /home/mrush/exercise/src/ros-exercises/install/fibonacci_action/share/fibonacci_action/environment/path.dsv
[1.359s] -- Up-to-date: /home/mrush/exercise/src/ros-exercises/install/fibonacci_action/share/fibonacci_action/local_setup.bash
[1.360s] -- Up-to-date: /home/mrush/exercise/src/ros-exercises/install/fibonacci_action/share/fibonacci_action/local_setup.sh
[1.360s] -- Up-to-date: /home/mrush/exercise/src/ros-exercises/install/fibonacci_action/share/fibonacci_action/local_setup.zsh
[1.360s] -- Up-to-date: /home/mrush/exercise/src/ros-exercises/install/fibonacci_action/share/fibonacci_action/local_setup.dsv
[1.360s] -- Installing: /home/mrush/exercise/src/ros-exercises/install/fibonacci_action/share/fibonacci_action/package.dsv
[1.360s] -- Up-to-date: /home/mrush/exercise/src/ros-exercises/install/fibonacci_action/share/ament_index/resource_index/packages/fibonacci_action
[1.361s] -- Up-to-date: /home/mrush/exercise/src/ros-exercises/install/fibonacci_action/share/fibonacci_action/cmake/export_fibonacci_action__rosidl_generator_cExport.cmake
[1.361s] -- Up-to-date: /home/mrush/exercise/src/ros-exercises/install/fibonacci_action/share/fibonacci_action/cmake/export_fibonacci_action__rosidl_generator_cExport-noconfig.cmake
[1.361s] -- Up-to-date: /home/mrush/exercise/src/ros-exercises/install/fibonacci_action/share/fibonacci_action/cmake/export_fibonacci_action__rosidl_typesupport_fastrtps_cExport.cmake
[1.361s] -- Up-to-date: /home/mrush/exercise/src/ros-exercises/install/fibonacci_action/share/fibonacci_action/cmake/export_fibonacci_action__rosidl_typesupport_fastrtps_cExport-noconfig.cmake
[1.361s] -- Up-to-date: /home/mrush/exercise/src/ros-exercises/install/fibonacci_action/share/fibonacci_action/cmake/fibonacci_action__rosidl_typesupport_introspection_cExport.cmake
[1.361s] -- Up-to-date: /home/mrush/exercise/src/ros-exercises/install/fibonacci_action/share/fibonacci_action/cmake/fibonacci_action__rosidl_typesupport_introspection_cExport-noconfig.cmake
[1.361s] -- Up-to-date: /home/mrush/exercise/src/ros-exercises/install/fibonacci_action/share/fibonacci_action/cmake/fibonacci_action__rosidl_typesupport_cExport.cmake
[1.361s] -- Up-to-date: /home/mrush/exercise/src/ros-exercises/install/fibonacci_action/share/fibonacci_action/cmake/fibonacci_action__rosidl_typesupport_cExport-noconfig.cmake
[1.361s] -- Up-to-date: /home/mrush/exercise/src/ros-exercises/install/fibonacci_action/share/fibonacci_action/cmake/export_fibonacci_action__rosidl_generator_cppExport.cmake
[1.362s] -- Up-to-date: /home/mrush/exercise/src/ros-exercises/install/fibonacci_action/share/fibonacci_action/cmake/export_fibonacci_action__rosidl_typesupport_fastrtps_cppExport.cmake
[1.362s] -- Up-to-date: /home/mrush/exercise/src/ros-exercises/install/fibonacci_action/share/fibonacci_action/cmake/export_fibonacci_action__rosidl_typesupport_fastrtps_cppExport-noconfig.cmake
[1.362s] -- Up-to-date: /home/mrush/exercise/src/ros-exercises/install/fibonacci_action/share/fibonacci_action/cmake/fibonacci_action__rosidl_typesupport_introspection_cppExport.cmake
[1.362s] -- Up-to-date: /home/mrush/exercise/src/ros-exercises/install/fibonacci_action/share/fibonacci_action/cmake/fibonacci_action__rosidl_typesupport_introspection_cppExport-noconfig.cmake
[1.362s] -- Up-to-date: /home/mrush/exercise/src/ros-exercises/install/fibonacci_action/share/fibonacci_action/cmake/fibonacci_action__rosidl_typesupport_cppExport.cmake
[1.362s] -- Up-to-date: /home/mrush/exercise/src/ros-exercises/install/fibonacci_action/share/fibonacci_action/cmake/fibonacci_action__rosidl_typesupport_cppExport-noconfig.cmake
[1.362s] -- Up-to-date: /home/mrush/exercise/src/ros-exercises/install/fibonacci_action/share/fibonacci_action/cmake/export_fibonacci_action__rosidl_generator_pyExport.cmake
[1.362s] -- Up-to-date: /home/mrush/exercise/src/ros-exercises/install/fibonacci_action/share/fibonacci_action/cmake/export_fibonacci_action__rosidl_generator_pyExport-noconfig.cmake
[1.362s] -- Up-to-date: /home/mrush/exercise/src/ros-exercises/install/fibonacci_action/share/fibonacci_action/cmake/rosidl_cmake-extras.cmake
[1.363s] -- Up-to-date: /home/mrush/exercise/src/ros-exercises/install/fibonacci_action/share/fibonacci_action/cmake/ament_cmake_export_dependencies-extras.cmake
[1.363s] -- Up-to-date: /home/mrush/exercise/src/ros-exercises/install/fibonacci_action/share/fibonacci_action/cmake/ament_cmake_export_include_directories-extras.cmake
[1.363s] -- Up-to-date: /home/mrush/exercise/src/ros-exercises/install/fibonacci_action/share/fibonacci_action/cmake/ament_cmake_export_libraries-extras.cmake
[1.363s] -- Up-to-date: /home/mrush/exercise/src/ros-exercises/install/fibonacci_action/share/fibonacci_action/cmake/ament_cmake_export_targets-extras.cmake
[1.363s] -- Up-to-date: /home/mrush/exercise/src/ros-exercises/install/fibonacci_action/share/fibonacci_action/cmake/rosidl_cmake_export_typesupport_targets-extras.cmake
[1.365s] -- Up-to-date: /home/mrush/exercise/src/ros-exercises/install/fibonacci_action/share/fibonacci_action/cmake/rosidl_cmake_export_typesupport_libraries-extras.cmake
[1.366s] -- Up-to-date: /home/mrush/exercise/src/ros-exercises/install/fibonacci_action/share/fibonacci_action/cmake/fibonacci_actionConfig.cmake
[1.368s] -- Up-to-date: /home/mrush/exercise/src/ros-exercises/install/fibonacci_action/share/fibonacci_action/cmake/fibonacci_actionConfig-version.cmake
[1.369s] -- Up-to-date: /home/mrush/exercise/src/ros-exercises/install/fibonacci_action/share/fibonacci_action/package.xml
[1.438s] Invoked command in '/home/mrush/exercise/src/ros-exercises/build/fibonacci_action' returned '0': CMAKE_PREFIX_PATH=${CMAKE_PREFIX_PATH}:/home/mrush/exercise/src/ros-exercises/install/navigation2_dist:/opt/ros/humble WSLENV=ELECTRON_RUN_AS_NODE/w: /usr/bin/cmake --install /home/mrush/exercise/src/ros-exercises/build/fibonacci_action
