[0.530s] Invoking command in '/home/r3k7/Nauka_ros/src/ros-exercises/build/ex_solution': CMAKE_PREFIX_PATH=${CMAKE_PREFIX_PATH}:/home/r3k7/Nauka_ros/src/ros-exercises/install/navigation2_dist:/opt/ros/humble WSLENV=ELECTRON_RUN_AS_NODE/w:WT_SESSION:WT_PROFILE_ID: /usr/bin/cmake --build /home/r3k7/Nauka_ros/src/ros-exercises/build/ex_solution -- -j8 -l8
[1.067s] -- Found ament_cmake: 1.3.5 (/opt/ros/humble/share/ament_cmake/cmake)
[1.068s] -- Found action_msgs: 1.2.1 (/opt/ros/humble/share/action_msgs/cmake)
[1.212s] -- Found rosidl_generator_c: 3.1.5 (/opt/ros/humble/share/rosidl_generator_c/cmake)
[1.213s] -- Found rosidl_adapter: 3.1.5 (/opt/ros/humble/share/rosidl_adapter/cmake)
[1.230s] -- Found rosidl_generator_cpp: 3.1.5 (/opt/ros/humble/share/rosidl_generator_cpp/cmake)
[1.258s] -- Using all available rosidl_typesupport_c: rosidl_typesupport_fastrtps_c;rosidl_typesupport_introspection_c
[1.307s] -- Using all available rosidl_typesupport_cpp: rosidl_typesupport_fastrtps_cpp;rosidl_typesupport_introspection_cpp
[1.519s] -- Found std_msgs: 4.2.3 (/opt/ros/humble/share/std_msgs/cmake)
[1.585s] -- Found rosidl_default_generators: 1.2.0 (/opt/ros/humble/share/rosidl_default_generators/cmake)
[1.595s] -- Found ament_lint_auto: 0.12.8 (/opt/ros/humble/share/ament_lint_auto/cmake)
[1.788s] -- Added test 'flake8' to check Python code syntax and style conventions
[1.788s] -- Added test 'lint_cmake' to check CMake code style
[1.789s] -- Added test 'pep257' to check Python code against some of the docstring style conventions in PEP 257
[1.790s] -- Added test 'xmllint' to check XML markup files
[1.795s] -- Configuring done
[1.807s] -- Generating done
[1.820s] -- Build files have been written to: /home/r3k7/Nauka_ros/src/ros-exercises/build/ex_solution
[2.247s] Invoked command in '/home/r3k7/Nauka_ros/src/ros-exercises/build/ex_solution' returned '0': CMAKE_PREFIX_PATH=${CMAKE_PREFIX_PATH}:/home/r3k7/Nauka_ros/src/ros-exercises/install/navigation2_dist:/opt/ros/humble WSLENV=ELECTRON_RUN_AS_NODE/w:WT_SESSION:WT_PROFILE_ID: /usr/bin/cmake --build /home/r3k7/Nauka_ros/src/ros-exercises/build/ex_solution -- -j8 -l8
[2.409s] Invoking command in '/home/r3k7/Nauka_ros/src/ros-exercises/build/ex_solution': CMAKE_PREFIX_PATH=${CMAKE_PREFIX_PATH}:/home/r3k7/Nauka_ros/src/ros-exercises/install/navigation2_dist:/opt/ros/humble WSLENV=ELECTRON_RUN_AS_NODE/w:WT_SESSION:WT_PROFILE_ID: /usr/bin/cmake --install /home/r3k7/Nauka_ros/src/ros-exercises/build/ex_solution
[2.414s] -- Install configuration: ""
[2.415s] -- Up-to-date: /home/r3k7/Nauka_ros/src/ros-exercises/install/ex_solution/lib/ex_solution/exercise_action_server.py
[2.415s] -- Up-to-date: /home/r3k7/Nauka_ros/src/ros-exercises/install/ex_solution/lib/ex_solution/exercise_action_client.py
[2.415s] -- Up-to-date: /home/r3k7/Nauka_ros/src/ros-exercises/install/ex_solution/share/ament_index/resource_index/package_run_dependencies/ex_solution
[2.415s] -- Up-to-date: /home/r3k7/Nauka_ros/src/ros-exercises/install/ex_solution/share/ament_index/resource_index/parent_prefix_path/ex_solution
[2.416s] -- Up-to-date: /home/r3k7/Nauka_ros/src/ros-exercises/install/ex_solution/share/ex_solution/environment/ament_prefix_path.sh
[2.416s] -- Installing: /home/r3k7/Nauka_ros/src/ros-exercises/install/ex_solution/share/ex_solution/environment/ament_prefix_path.dsv
[2.416s] -- Up-to-date: /home/r3k7/Nauka_ros/src/ros-exercises/install/ex_solution/share/ex_solution/environment/path.sh
[2.416s] -- Installing: /home/r3k7/Nauka_ros/src/ros-exercises/install/ex_solution/share/ex_solution/environment/path.dsv
[2.416s] -- Up-to-date: /home/r3k7/Nauka_ros/src/ros-exercises/install/ex_solution/share/ex_solution/local_setup.bash
[2.417s] -- Up-to-date: /home/r3k7/Nauka_ros/src/ros-exercises/install/ex_solution/share/ex_solution/local_setup.sh
[2.417s] -- Up-to-date: /home/r3k7/Nauka_ros/src/ros-exercises/install/ex_solution/share/ex_solution/local_setup.zsh
[2.417s] -- Installing: /home/r3k7/Nauka_ros/src/ros-exercises/install/ex_solution/share/ex_solution/local_setup.dsv
[2.417s] -- Installing: /home/r3k7/Nauka_ros/src/ros-exercises/install/ex_solution/share/ex_solution/package.dsv
[2.418s] -- Up-to-date: /home/r3k7/Nauka_ros/src/ros-exercises/install/ex_solution/share/ament_index/resource_index/packages/ex_solution
[2.418s] -- Up-to-date: /home/r3k7/Nauka_ros/src/ros-exercises/install/ex_solution/share/ex_solution/cmake/ex_solutionConfig.cmake
[2.419s] -- Up-to-date: /home/r3k7/Nauka_ros/src/ros-exercises/install/ex_solution/share/ex_solution/cmake/ex_solutionConfig-version.cmake
[2.419s] -- Installing: /home/r3k7/Nauka_ros/src/ros-exercises/install/ex_solution/share/ex_solution/package.xml
[2.421s] Invoked command in '/home/r3k7/Nauka_ros/src/ros-exercises/build/ex_solution' returned '0': CMAKE_PREFIX_PATH=${CMAKE_PREFIX_PATH}:/home/r3k7/Nauka_ros/src/ros-exercises/install/navigation2_dist:/opt/ros/humble WSLENV=ELECTRON_RUN_AS_NODE/w:WT_SESSION:WT_PROFILE_ID: /usr/bin/cmake --install /home/r3k7/Nauka_ros/src/ros-exercises/build/ex_solution
