[2.592s] DEBUG:colcon:Command line arguments: ['/usr/bin/colcon', 'build']
[2.592s] DEBUG:colcon:Parsed command line arguments: Namespace(log_base=None, log_level=None, verb_name='build', build_base='build', install_base='install', merge_install=False, symlink_install=False, test_result_base=None, continue_on_error=False, executor='parallel', parallel_workers=8, event_handlers=None, ignore_user_meta=False, metas=['./colcon.meta'], base_paths=['.'], packages_ignore=None, packages_ignore_regex=None, paths=None, packages_up_to=None, packages_up_to_regex=None, packages_above=None, packages_above_and_dependencies=None, packages_above_depth=None, packages_select_by_dep=None, packages_skip_by_dep=None, packages_skip_up_to=None, packages_select_build_failed=False, packages_skip_build_finished=False, packages_select_test_failures=False, packages_skip_test_passed=False, packages_select=None, packages_skip=None, packages_select_regex=None, packages_skip_regex=None, packages_start=None, packages_end=None, allow_overriding=[], cmake_args=None, cmake_target=None, cmake_target_skip_unavailable=False, cmake_clean_cache=False, cmake_clean_first=False, cmake_force_configure=False, ament_cmake_args=None, catkin_cmake_args=None, catkin_skip_building_tests=False, verb_parser=<colcon_defaults.argument_parser.defaults.DefaultArgumentsDecorator object at 0x7fd6da39d6c0>, verb_extension=<colcon_core.verb.build.BuildVerb object at 0x7fd6da83c520>, main=<bound method BuildVerb.main of <colcon_core.verb.build.BuildVerb object at 0x7fd6da83c520>>)
[2.710s] Level 1:colcon.colcon_core.package_discovery:discover_packages(colcon_meta) check parameters
[2.710s] Level 1:colcon.colcon_core.package_discovery:discover_packages(recursive) check parameters
[2.711s] Level 1:colcon.colcon_core.package_discovery:discover_packages(ignore) check parameters
[2.711s] Level 1:colcon.colcon_core.package_discovery:discover_packages(path) check parameters
[2.711s] Level 1:colcon.colcon_core.package_discovery:discover_packages(colcon_meta) discover
[2.711s] Level 1:colcon.colcon_core.package_discovery:discover_packages(recursive) discover
[2.711s] INFO:colcon.colcon_core.package_discovery:Crawling recursively for packages in '/home/r3k7/Nauka_ros/src/ros-exercises'
[2.711s] Level 1:colcon.colcon_core.package_identification:_identify(.) by extensions ['ignore', 'ignore_ament_install']
[2.711s] Level 1:colcon.colcon_core.package_identification:_identify(.) by extension 'ignore'
[2.712s] Level 1:colcon.colcon_core.package_identification:_identify(.) by extension 'ignore_ament_install'
[2.712s] Level 1:colcon.colcon_core.package_identification:_identify(.) by extensions ['colcon_pkg']
[2.712s] Level 1:colcon.colcon_core.package_identification:_identify(.) by extension 'colcon_pkg'
[2.712s] Level 1:colcon.colcon_core.package_identification:_identify(.) by extensions ['colcon_meta']
[2.712s] Level 1:colcon.colcon_core.package_identification:_identify(.) by extension 'colcon_meta'
[2.712s] Level 1:colcon.colcon_core.package_identification:_identify(.) by extensions ['ros']
[2.712s] Level 1:colcon.colcon_core.package_identification:_identify(.) by extension 'ros'
[2.738s] Level 1:colcon.colcon_core.package_identification:_identify(.) by extensions ['cmake', 'python']
[2.738s] Level 1:colcon.colcon_core.package_identification:_identify(.) by extension 'cmake'
[2.739s] Level 1:colcon.colcon_core.package_identification:_identify(.) by extension 'python'
[2.739s] Level 1:colcon.colcon_core.package_identification:_identify(.) by extensions ['python_setup_py']
[2.739s] Level 1:colcon.colcon_core.package_identification:_identify(.) by extension 'python_setup_py'
[2.739s] Level 1:colcon.colcon_core.package_identification:_identify(build) by extensions ['ignore', 'ignore_ament_install']
[2.739s] Level 1:colcon.colcon_core.package_identification:_identify(build) by extension 'ignore'
[2.740s] Level 1:colcon.colcon_core.package_identification:_identify(build) ignored
[2.740s] Level 1:colcon.colcon_core.package_identification:_identify(ex_solution) by extensions ['ignore', 'ignore_ament_install']
[2.740s] Level 1:colcon.colcon_core.package_identification:_identify(ex_solution) by extension 'ignore'
[2.740s] Level 1:colcon.colcon_core.package_identification:_identify(ex_solution) by extension 'ignore_ament_install'
[2.741s] Level 1:colcon.colcon_core.package_identification:_identify(ex_solution) by extensions ['colcon_pkg']
[2.741s] Level 1:colcon.colcon_core.package_identification:_identify(ex_solution) by extension 'colcon_pkg'
[2.742s] Level 1:colcon.colcon_core.package_identification:_identify(ex_solution) by extensions ['colcon_meta']
[2.742s] Level 1:colcon.colcon_core.package_identification:_identify(ex_solution) by extension 'colcon_meta'
[2.742s] Level 1:colcon.colcon_core.package_identification:_identify(ex_solution) by extensions ['ros']
[2.742s] Level 1:colcon.colcon_core.package_identification:_identify(ex_solution) by extension 'ros'
[2.748s] DEBUG:colcon.colcon_core.package_identification:Package 'ex_solution' with type 'ros.ament_cmake' and name 'ex_solution'
[2.749s] Level 1:colcon.colcon_core.package_identification:_identify(exercise) by extensions ['ignore', 'ignore_ament_install']
[2.749s] Level 1:colcon.colcon_core.package_identification:_identify(exercise) by extension 'ignore'
[2.749s] Level 1:colcon.colcon_core.package_identification:_identify(exercise) by extension 'ignore_ament_install'
[2.749s] Level 1:colcon.colcon_core.package_identification:_identify(exercise) by extensions ['colcon_pkg']
[2.750s] Level 1:colcon.colcon_core.package_identification:_identify(exercise) by extension 'colcon_pkg'
[2.750s] Level 1:colcon.colcon_core.package_identification:_identify(exercise) by extensions ['colcon_meta']
[2.750s] Level 1:colcon.colcon_core.package_identification:_identify(exercise) by extension 'colcon_meta'
[2.750s] Level 1:colcon.colcon_core.package_identification:_identify(exercise) by extensions ['ros']
[2.750s] Level 1:colcon.colcon_core.package_identification:_identify(exercise) by extension 'ros'
[2.752s] DEBUG:colcon.colcon_core.package_identification:Package 'exercise' with type 'ros.ament_cmake' and name 'exercise'
[2.752s] Level 1:colcon.colcon_core.package_identification:_identify(fibonacci_action) by extensions ['ignore', 'ignore_ament_install']
[2.752s] Level 1:colcon.colcon_core.package_identification:_identify(fibonacci_action) by extension 'ignore'
[2.753s] Level 1:colcon.colcon_core.package_identification:_identify(fibonacci_action) by extension 'ignore_ament_install'
[2.753s] Level 1:colcon.colcon_core.package_identification:_identify(fibonacci_action) by extensions ['colcon_pkg']
[2.753s] Level 1:colcon.colcon_core.package_identification:_identify(fibonacci_action) by extension 'colcon_pkg'
[2.753s] Level 1:colcon.colcon_core.package_identification:_identify(fibonacci_action) by extensions ['colcon_meta']
[2.753s] Level 1:colcon.colcon_core.package_identification:_identify(fibonacci_action) by extension 'colcon_meta'
[2.753s] Level 1:colcon.colcon_core.package_identification:_identify(fibonacci_action) by extensions ['ros']
[2.754s] Level 1:colcon.colcon_core.package_identification:_identify(fibonacci_action) by extension 'ros'
[2.755s] DEBUG:colcon.colcon_core.package_identification:Package 'fibonacci_action' with type 'ros.ament_cmake' and name 'fibonacci_action'
[2.755s] Level 1:colcon.colcon_core.package_identification:_identify(install) by extensions ['ignore', 'ignore_ament_install']
[2.755s] Level 1:colcon.colcon_core.package_identification:_identify(install) by extension 'ignore'
[2.756s] Level 1:colcon.colcon_core.package_identification:_identify(install) ignored
[2.756s] Level 1:colcon.colcon_core.package_identification:_identify(log) by extensions ['ignore', 'ignore_ament_install']
[2.756s] Level 1:colcon.colcon_core.package_identification:_identify(log) by extension 'ignore'
[2.756s] Level 1:colcon.colcon_core.package_identification:_identify(log) ignored
[2.756s] Level 1:colcon.colcon_core.package_identification:_identify(navigation2_planners) by extensions ['ignore', 'ignore_ament_install']
[2.757s] Level 1:colcon.colcon_core.package_identification:_identify(navigation2_planners) by extension 'ignore'
[2.757s] Level 1:colcon.colcon_core.package_identification:_identify(navigation2_planners) by extension 'ignore_ament_install'
[2.757s] Level 1:colcon.colcon_core.package_identification:_identify(navigation2_planners) by extensions ['colcon_pkg']
[2.757s] Level 1:colcon.colcon_core.package_identification:_identify(navigation2_planners) by extension 'colcon_pkg'
[2.757s] Level 1:colcon.colcon_core.package_identification:_identify(navigation2_planners) by extensions ['colcon_meta']
[2.757s] Level 1:colcon.colcon_core.package_identification:_identify(navigation2_planners) by extension 'colcon_meta'
[2.758s] Level 1:colcon.colcon_core.package_identification:_identify(navigation2_planners) by extensions ['ros']
[2.758s] Level 1:colcon.colcon_core.package_identification:_identify(navigation2_planners) by extension 'ros'
[2.758s] Level 1:colcon.colcon_core.package_identification:_identify(navigation2_planners) by extensions ['cmake', 'python']
[2.758s] Level 1:colcon.colcon_core.package_identification:_identify(navigation2_planners) by extension 'cmake'
[2.758s] Level 1:colcon.colcon_core.package_identification:_identify(navigation2_planners) by extension 'python'
[2.758s] Level 1:colcon.colcon_core.package_identification:_identify(navigation2_planners) by extensions ['python_setup_py']
[2.759s] Level 1:colcon.colcon_core.package_identification:_identify(navigation2_planners) by extension 'python_setup_py'
[2.759s] Level 1:colcon.colcon_core.package_identification:_identify(navigation2_planners/navigation2_dist) by extensions ['ignore', 'ignore_ament_install']
[2.760s] Level 1:colcon.colcon_core.package_identification:_identify(navigation2_planners/navigation2_dist) by extension 'ignore'
[2.760s] Level 1:colcon.colcon_core.package_identification:_identify(navigation2_planners/navigation2_dist) by extension 'ignore_ament_install'
[2.760s] Level 1:colcon.colcon_core.package_identification:_identify(navigation2_planners/navigation2_dist) by extensions ['colcon_pkg']
[2.760s] Level 1:colcon.colcon_core.package_identification:_identify(navigation2_planners/navigation2_dist) by extension 'colcon_pkg'
[2.760s] Level 1:colcon.colcon_core.package_identification:_identify(navigation2_planners/navigation2_dist) by extensions ['colcon_meta']
[2.761s] Level 1:colcon.colcon_core.package_identification:_identify(navigation2_planners/navigation2_dist) by extension 'colcon_meta'
[2.761s] Level 1:colcon.colcon_core.package_identification:_identify(navigation2_planners/navigation2_dist) by extensions ['ros']
[2.761s] Level 1:colcon.colcon_core.package_identification:_identify(navigation2_planners/navigation2_dist) by extension 'ros'
[2.764s] DEBUG:colcon.colcon_core.package_identification:Package 'navigation2_planners/navigation2_dist' with type 'ros.ament_python' and name 'navigation2_dist'
[2.765s] Level 1:colcon.colcon_core.package_identification:_identify(navigation2_planners/navigation2_turtlebot) by extensions ['ignore', 'ignore_ament_install']
[2.765s] Level 1:colcon.colcon_core.package_identification:_identify(navigation2_planners/navigation2_turtlebot) by extension 'ignore'
[2.766s] Level 1:colcon.colcon_core.package_identification:_identify(navigation2_planners/navigation2_turtlebot) by extension 'ignore_ament_install'
[2.766s] Level 1:colcon.colcon_core.package_identification:_identify(navigation2_planners/navigation2_turtlebot) by extensions ['colcon_pkg']
[2.766s] Level 1:colcon.colcon_core.package_identification:_identify(navigation2_planners/navigation2_turtlebot) by extension 'colcon_pkg'
[2.766s] Level 1:colcon.colcon_core.package_identification:_identify(navigation2_planners/navigation2_turtlebot) by extensions ['colcon_meta']
[2.766s] Level 1:colcon.colcon_core.package_identification:_identify(navigation2_planners/navigation2_turtlebot) by extension 'colcon_meta'
[2.766s] Level 1:colcon.colcon_core.package_identification:_identify(navigation2_planners/navigation2_turtlebot) by extensions ['ros']
[2.767s] Level 1:colcon.colcon_core.package_identification:_identify(navigation2_planners/navigation2_turtlebot) by extension 'ros'
[2.768s] DEBUG:colcon.colcon_core.package_identification:Package 'navigation2_planners/navigation2_turtlebot' with type 'ros.ament_cmake' and name 'navigation2_turtle'
[2.768s] Level 1:colcon.colcon_core.package_identification:_identify(pub_sub) by extensions ['ignore', 'ignore_ament_install']
[2.769s] Level 1:colcon.colcon_core.package_identification:_identify(pub_sub) by extension 'ignore'
[2.769s] Level 1:colcon.colcon_core.package_identification:_identify(pub_sub) by extension 'ignore_ament_install'
[2.769s] Level 1:colcon.colcon_core.package_identification:_identify(pub_sub) by extensions ['colcon_pkg']
[2.770s] Level 1:colcon.colcon_core.package_identification:_identify(pub_sub) by extension 'colcon_pkg'
[2.770s] Level 1:colcon.colcon_core.package_identification:_identify(pub_sub) by extensions ['colcon_meta']
[2.770s] Level 1:colcon.colcon_core.package_identification:_identify(pub_sub) by extension 'colcon_meta'
[2.770s] Level 1:colcon.colcon_core.package_identification:_identify(pub_sub) by extensions ['ros']
[2.770s] Level 1:colcon.colcon_core.package_identification:_identify(pub_sub) by extension 'ros'
[2.771s] DEBUG:colcon.colcon_core.package_identification:Package 'pub_sub' with type 'ros.ament_cmake' and name 'pub_sub'
[2.771s] Level 1:colcon.colcon_core.package_discovery:discover_packages(recursive) using defaults
[2.771s] Level 1:colcon.colcon_core.package_discovery:discover_packages(ignore) discover
[2.772s] Level 1:colcon.colcon_core.package_discovery:discover_packages(ignore) using defaults
[2.772s] Level 1:colcon.colcon_core.package_discovery:discover_packages(path) discover
[2.772s] Level 1:colcon.colcon_core.package_discovery:discover_packages(path) using defaults
[2.950s] Level 1:colcon.colcon_core.package_discovery:discover_packages(prefix_path) check parameters
[2.951s] Level 1:colcon.colcon_core.package_discovery:discover_packages(prefix_path) discover
[3.014s] DEBUG:colcon.colcon_installed_package_information.package_discovery:Found 6 installed packages in /home/r3k7/Nauka_ros/src/ros-exercises/install
[3.049s] DEBUG:colcon.colcon_installed_package_information.package_discovery:Found 328 installed packages in /opt/ros/humble
[3.054s] Level 1:colcon.colcon_core.package_discovery:discover_packages(prefix_path) using defaults
[3.225s] Level 5:colcon.colcon_core.verb:set package 'ex_solution' build argument 'cmake_args' from command line to 'None'
[3.226s] Level 5:colcon.colcon_core.verb:set package 'ex_solution' build argument 'cmake_target' from command line to 'None'
[3.226s] Level 5:colcon.colcon_core.verb:set package 'ex_solution' build argument 'cmake_target_skip_unavailable' from command line to 'False'
[3.226s] Level 5:colcon.colcon_core.verb:set package 'ex_solution' build argument 'cmake_clean_cache' from command line to 'False'
[3.226s] Level 5:colcon.colcon_core.verb:set package 'ex_solution' build argument 'cmake_clean_first' from command line to 'False'
[3.226s] Level 5:colcon.colcon_core.verb:set package 'ex_solution' build argument 'cmake_force_configure' from command line to 'False'
[3.226s] Level 5:colcon.colcon_core.verb:set package 'ex_solution' build argument 'ament_cmake_args' from command line to 'None'
[3.226s] Level 5:colcon.colcon_core.verb:set package 'ex_solution' build argument 'catkin_cmake_args' from command line to 'None'
[3.227s] Level 5:colcon.colcon_core.verb:set package 'ex_solution' build argument 'catkin_skip_building_tests' from command line to 'False'
[3.227s] DEBUG:colcon.colcon_core.verb:Building package 'ex_solution' with the following arguments: {'ament_cmake_args': None, 'build_base': '/home/r3k7/Nauka_ros/src/ros-exercises/build/ex_solution', 'catkin_cmake_args': None, 'catkin_skip_building_tests': False, 'cmake_args': None, 'cmake_clean_cache': False, 'cmake_clean_first': False, 'cmake_force_configure': False, 'cmake_target': None, 'cmake_target_skip_unavailable': False, 'install_base': '/home/r3k7/Nauka_ros/src/ros-exercises/install/ex_solution', 'merge_install': False, 'path': '/home/r3k7/Nauka_ros/src/ros-exercises/ex_solution', 'symlink_install': False, 'test_result_base': None}
[3.261s] Level 5:colcon.colcon_core.verb:set package 'exercise' build argument 'cmake_args' from command line to 'None'
[3.262s] Level 5:colcon.colcon_core.verb:set package 'exercise' build argument 'cmake_target' from command line to 'None'
[3.262s] Level 5:colcon.colcon_core.verb:set package 'exercise' build argument 'cmake_target_skip_unavailable' from command line to 'False'
[3.262s] Level 5:colcon.colcon_core.verb:set package 'exercise' build argument 'cmake_clean_cache' from command line to 'False'
[3.262s] Level 5:colcon.colcon_core.verb:set package 'exercise' build argument 'cmake_clean_first' from command line to 'False'
[3.263s] Level 5:colcon.colcon_core.verb:set package 'exercise' build argument 'cmake_force_configure' from command line to 'False'
[3.263s] Level 5:colcon.colcon_core.verb:set package 'exercise' build argument 'ament_cmake_args' from command line to 'None'
[3.263s] Level 5:colcon.colcon_core.verb:set package 'exercise' build argument 'catkin_cmake_args' from command line to 'None'
[3.264s] Level 5:colcon.colcon_core.verb:set package 'exercise' build argument 'catkin_skip_building_tests' from command line to 'False'
[3.264s] DEBUG:colcon.colcon_core.verb:Building package 'exercise' with the following arguments: {'ament_cmake_args': None, 'build_base': '/home/r3k7/Nauka_ros/src/ros-exercises/build/exercise', 'catkin_cmake_args': None, 'catkin_skip_building_tests': False, 'cmake_args': None, 'cmake_clean_cache': False, 'cmake_clean_first': False, 'cmake_force_configure': False, 'cmake_target': None, 'cmake_target_skip_unavailable': False, 'install_base': '/home/r3k7/Nauka_ros/src/ros-exercises/install/exercise', 'merge_install': False, 'path': '/home/r3k7/Nauka_ros/src/ros-exercises/exercise', 'symlink_install': False, 'test_result_base': None}
[3.333s] Level 5:colcon.colcon_core.verb:set package 'fibonacci_action' build argument 'cmake_args' from command line to 'None'
[3.333s] Level 5:colcon.colcon_core.verb:set package 'fibonacci_action' build argument 'cmake_target' from command line to 'None'
[3.333s] Level 5:colcon.colcon_core.verb:set package 'fibonacci_action' build argument 'cmake_target_skip_unavailable' from command line to 'False'
[3.333s] Level 5:colcon.colcon_core.verb:set package 'fibonacci_action' build argument 'cmake_clean_cache' from command line to 'False'
[3.333s] Level 5:colcon.colcon_core.verb:set package 'fibonacci_action' build argument 'cmake_clean_first' from command line to 'False'
[3.333s] Level 5:colcon.colcon_core.verb:set package 'fibonacci_action' build argument 'cmake_force_configure' from command line to 'False'
[3.334s] Level 5:colcon.colcon_core.verb:set package 'fibonacci_action' build argument 'ament_cmake_args' from command line to 'None'
[3.334s] Level 5:colcon.colcon_core.verb:set package 'fibonacci_action' build argument 'catkin_cmake_args' from command line to 'None'
[3.334s] Level 5:colcon.colcon_core.verb:set package 'fibonacci_action' build argument 'catkin_skip_building_tests' from command line to 'False'
[3.334s] DEBUG:colcon.colcon_core.verb:Building package 'fibonacci_action' with the following arguments: {'ament_cmake_args': None, 'build_base': '/home/r3k7/Nauka_ros/src/ros-exercises/build/fibonacci_action', 'catkin_cmake_args': None, 'catkin_skip_building_tests': False, 'cmake_args': None, 'cmake_clean_cache': False, 'cmake_clean_first': False, 'cmake_force_configure': False, 'cmake_target': None, 'cmake_target_skip_unavailable': False, 'install_base': '/home/r3k7/Nauka_ros/src/ros-exercises/install/fibonacci_action', 'merge_install': False, 'path': '/home/r3k7/Nauka_ros/src/ros-exercises/fibonacci_action', 'symlink_install': False, 'test_result_base': None}
[3.363s] Level 5:colcon.colcon_core.verb:set package 'navigation2_dist' build argument 'cmake_args' from command line to 'None'
[3.363s] Level 5:colcon.colcon_core.verb:set package 'navigation2_dist' build argument 'cmake_target' from command line to 'None'
[3.363s] Level 5:colcon.colcon_core.verb:set package 'navigation2_dist' build argument 'cmake_target_skip_unavailable' from command line to 'False'
[3.363s] Level 5:colcon.colcon_core.verb:set package 'navigation2_dist' build argument 'cmake_clean_cache' from command line to 'False'
[3.363s] Level 5:colcon.colcon_core.verb:set package 'navigation2_dist' build argument 'cmake_clean_first' from command line to 'False'
[3.363s] Level 5:colcon.colcon_core.verb:set package 'navigation2_dist' build argument 'cmake_force_configure' from command line to 'False'
[3.363s] Level 5:colcon.colcon_core.verb:set package 'navigation2_dist' build argument 'ament_cmake_args' from command line to 'None'
[3.363s] Level 5:colcon.colcon_core.verb:set package 'navigation2_dist' build argument 'catkin_cmake_args' from command line to 'None'
[3.363s] Level 5:colcon.colcon_core.verb:set package 'navigation2_dist' build argument 'catkin_skip_building_tests' from command line to 'False'
[3.363s] DEBUG:colcon.colcon_core.verb:Building package 'navigation2_dist' with the following arguments: {'ament_cmake_args': None, 'build_base': '/home/r3k7/Nauka_ros/src/ros-exercises/build/navigation2_dist', 'catkin_cmake_args': None, 'catkin_skip_building_tests': False, 'cmake_args': None, 'cmake_clean_cache': False, 'cmake_clean_first': False, 'cmake_force_configure': False, 'cmake_target': None, 'cmake_target_skip_unavailable': False, 'install_base': '/home/r3k7/Nauka_ros/src/ros-exercises/install/navigation2_dist', 'merge_install': False, 'path': '/home/r3k7/Nauka_ros/src/ros-exercises/navigation2_planners/navigation2_dist', 'symlink_install': False, 'test_result_base': None}
[3.403s] Level 5:colcon.colcon_core.verb:set package 'navigation2_turtle' build argument 'cmake_args' from command line to 'None'
[3.403s] Level 5:colcon.colcon_core.verb:set package 'navigation2_turtle' build argument 'cmake_target' from command line to 'None'
[3.403s] Level 5:colcon.colcon_core.verb:set package 'navigation2_turtle' build argument 'cmake_target_skip_unavailable' from command line to 'False'
[3.403s] Level 5:colcon.colcon_core.verb:set package 'navigation2_turtle' build argument 'cmake_clean_cache' from command line to 'False'
[3.403s] Level 5:colcon.colcon_core.verb:set package 'navigation2_turtle' build argument 'cmake_clean_first' from command line to 'False'
[3.403s] Level 5:colcon.colcon_core.verb:set package 'navigation2_turtle' build argument 'cmake_force_configure' from command line to 'False'
[3.404s] Level 5:colcon.colcon_core.verb:set package 'navigation2_turtle' build argument 'ament_cmake_args' from command line to 'None'
[3.404s] Level 5:colcon.colcon_core.verb:set package 'navigation2_turtle' build argument 'catkin_cmake_args' from command line to 'None'
[3.404s] Level 5:colcon.colcon_core.verb:set package 'navigation2_turtle' build argument 'catkin_skip_building_tests' from command line to 'False'
[3.404s] DEBUG:colcon.colcon_core.verb:Building package 'navigation2_turtle' with the following arguments: {'ament_cmake_args': None, 'build_base': '/home/r3k7/Nauka_ros/src/ros-exercises/build/navigation2_turtle', 'catkin_cmake_args': None, 'catkin_skip_building_tests': False, 'cmake_args': None, 'cmake_clean_cache': False, 'cmake_clean_first': False, 'cmake_force_configure': False, 'cmake_target': None, 'cmake_target_skip_unavailable': False, 'install_base': '/home/r3k7/Nauka_ros/src/ros-exercises/install/navigation2_turtle', 'merge_install': False, 'path': '/home/r3k7/Nauka_ros/src/ros-exercises/navigation2_planners/navigation2_turtlebot', 'symlink_install': False, 'test_result_base': None}
[3.448s] Level 5:colcon.colcon_core.verb:set package 'pub_sub' build argument 'cmake_args' from command line to 'None'
[3.448s] Level 5:colcon.colcon_core.verb:set package 'pub_sub' build argument 'cmake_target' from command line to 'None'
[3.449s] Level 5:colcon.colcon_core.verb:set package 'pub_sub' build argument 'cmake_target_skip_unavailable' from command line to 'False'
[3.449s] Level 5:colcon.colcon_core.verb:set package 'pub_sub' build argument 'cmake_clean_cache' from command line to 'False'
[3.449s] Level 5:colcon.colcon_core.verb:set package 'pub_sub' build argument 'cmake_clean_first' from command line to 'False'
[3.449s] Level 5:colcon.colcon_core.verb:set package 'pub_sub' build argument 'cmake_force_configure' from command line to 'False'
[3.449s] Level 5:colcon.colcon_core.verb:set package 'pub_sub' build argument 'ament_cmake_args' from command line to 'None'
[3.449s] Level 5:colcon.colcon_core.verb:set package 'pub_sub' build argument 'catkin_cmake_args' from command line to 'None'
[3.449s] Level 5:colcon.colcon_core.verb:set package 'pub_sub' build argument 'catkin_skip_building_tests' from command line to 'False'
[3.449s] DEBUG:colcon.colcon_core.verb:Building package 'pub_sub' with the following arguments: {'ament_cmake_args': None, 'build_base': '/home/r3k7/Nauka_ros/src/ros-exercises/build/pub_sub', 'catkin_cmake_args': None, 'catkin_skip_building_tests': False, 'cmake_args': None, 'cmake_clean_cache': False, 'cmake_clean_first': False, 'cmake_force_configure': False, 'cmake_target': None, 'cmake_target_skip_unavailable': False, 'install_base': '/home/r3k7/Nauka_ros/src/ros-exercises/install/pub_sub', 'merge_install': False, 'path': '/home/r3k7/Nauka_ros/src/ros-exercises/pub_sub', 'symlink_install': False, 'test_result_base': None}
[3.485s] INFO:colcon.colcon_core.executor:Executing jobs using 'parallel' executor
[3.522s] DEBUG:colcon.colcon_parallel_executor.executor.parallel:run_until_complete
[3.523s] INFO:colcon.colcon_ros.task.ament_cmake.build:Building ROS package in '/home/r3k7/Nauka_ros/src/ros-exercises/ex_solution' with build type 'ament_cmake'
[3.524s] INFO:colcon.colcon_cmake.task.cmake.build:Building CMake package in '/home/r3k7/Nauka_ros/src/ros-exercises/ex_solution'
[3.566s] INFO:colcon.colcon_core.plugin_system:Skipping extension 'colcon_core.shell.bat': Not used on non-Windows systems
[3.567s] INFO:colcon.colcon_core.shell:Skip shell extension 'powershell' for command environment: Not usable outside of PowerShell
[3.567s] DEBUG:colcon.colcon_core.shell:Skip shell extension 'dsv' for command environment
[3.686s] INFO:colcon.colcon_ros.task.ament_cmake.build:Building ROS package in '/home/r3k7/Nauka_ros/src/ros-exercises/exercise' with build type 'ament_cmake'
[3.686s] INFO:colcon.colcon_cmake.task.cmake.build:Building CMake package in '/home/r3k7/Nauka_ros/src/ros-exercises/exercise'
[3.738s] INFO:colcon.colcon_core.shell:Skip shell extension 'powershell' for command environment: Not usable outside of PowerShell
[3.738s] DEBUG:colcon.colcon_core.shell:Skip shell extension 'dsv' for command environment
[3.942s] INFO:colcon.colcon_ros.task.ament_cmake.build:Building ROS package in '/home/r3k7/Nauka_ros/src/ros-exercises/fibonacci_action' with build type 'ament_cmake'
[3.942s] INFO:colcon.colcon_cmake.task.cmake.build:Building CMake package in '/home/r3k7/Nauka_ros/src/ros-exercises/fibonacci_action'
[3.989s] INFO:colcon.colcon_core.shell:Skip shell extension 'powershell' for command environment: Not usable outside of PowerShell
[3.990s] DEBUG:colcon.colcon_core.shell:Skip shell extension 'dsv' for command environment
[4.160s] INFO:colcon.colcon_ros.task.ament_python.build:Building ROS package in '/home/r3k7/Nauka_ros/src/ros-exercises/navigation2_planners/navigation2_dist' with build type 'ament_python'
[4.161s] Level 1:colcon.colcon_core.shell:create_environment_hook('navigation2_dist', 'ament_prefix_path')
[4.202s] INFO:colcon.colcon_core.shell:Creating environment hook '/home/r3k7/Nauka_ros/src/ros-exercises/install/navigation2_dist/share/navigation2_dist/hook/ament_prefix_path.ps1'
[4.204s] INFO:colcon.colcon_core.shell:Creating environment descriptor '/home/r3k7/Nauka_ros/src/ros-exercises/install/navigation2_dist/share/navigation2_dist/hook/ament_prefix_path.dsv'
[4.207s] INFO:colcon.colcon_core.shell:Creating environment hook '/home/r3k7/Nauka_ros/src/ros-exercises/install/navigation2_dist/share/navigation2_dist/hook/ament_prefix_path.sh'
[4.270s] INFO:colcon.colcon_core.shell:Skip shell extension 'powershell' for command environment: Not usable outside of PowerShell
[4.270s] DEBUG:colcon.colcon_core.shell:Skip shell extension 'dsv' for command environment
[4.417s] INFO:colcon.colcon_ros.task.ament_cmake.build:Building ROS package in '/home/r3k7/Nauka_ros/src/ros-exercises/navigation2_planners/navigation2_turtlebot' with build type 'ament_cmake'
[4.417s] INFO:colcon.colcon_cmake.task.cmake.build:Building CMake package in '/home/r3k7/Nauka_ros/src/ros-exercises/navigation2_planners/navigation2_turtlebot'
[4.459s] INFO:colcon.colcon_core.shell:Skip shell extension 'powershell' for command environment: Not usable outside of PowerShell
[4.459s] DEBUG:colcon.colcon_core.shell:Skip shell extension 'dsv' for command environment
[4.599s] INFO:colcon.colcon_ros.task.ament_cmake.build:Building ROS package in '/home/r3k7/Nauka_ros/src/ros-exercises/pub_sub' with build type 'ament_cmake'
[4.600s] INFO:colcon.colcon_cmake.task.cmake.build:Building CMake package in '/home/r3k7/Nauka_ros/src/ros-exercises/pub_sub'
[4.642s] INFO:colcon.colcon_core.shell:Skip shell extension 'powershell' for command environment: Not usable outside of PowerShell
[4.643s] DEBUG:colcon.colcon_core.shell:Skip shell extension 'dsv' for command environment
[4.815s] DEBUG:colcon.colcon_core.event_handler.log_command:Invoking command in '/home/r3k7/Nauka_ros/src/ros-exercises/build/ex_solution': CMAKE_PREFIX_PATH=${CMAKE_PREFIX_PATH}:/home/r3k7/Nauka_ros/src/ros-exercises/install/navigation2_dist:/opt/ros/humble WSLENV=ELECTRON_RUN_AS_NODE/w:WT_SESSION:WT_PROFILE_ID: /usr/bin/cmake --build /home/r3k7/Nauka_ros/src/ros-exercises/build/ex_solution -- -j8 -l8
[4.831s] DEBUG:colcon.colcon_core.event_handler.log_command:Invoking command in '/home/r3k7/Nauka_ros/src/ros-exercises/build/exercise': CMAKE_PREFIX_PATH=${CMAKE_PREFIX_PATH}:/home/r3k7/Nauka_ros/src/ros-exercises/install/navigation2_dist:/opt/ros/humble WSLENV=ELECTRON_RUN_AS_NODE/w:WT_SESSION:WT_PROFILE_ID: /usr/bin/cmake --build /home/r3k7/Nauka_ros/src/ros-exercises/build/exercise -- -j8 -l8
[4.850s] DEBUG:colcon.colcon_core.event_handler.log_command:Invoking command in '/home/r3k7/Nauka_ros/src/ros-exercises/build/fibonacci_action': CMAKE_PREFIX_PATH=${CMAKE_PREFIX_PATH}:/home/r3k7/Nauka_ros/src/ros-exercises/install/navigation2_dist:/opt/ros/humble WSLENV=ELECTRON_RUN_AS_NODE/w:WT_SESSION:WT_PROFILE_ID: /usr/bin/cmake --build /home/r3k7/Nauka_ros/src/ros-exercises/build/fibonacci_action -- -j8 -l8
[5.530s] INFO:colcon.colcon_core.task.python.build:Building Python package in '/home/r3k7/Nauka_ros/src/ros-exercises/navigation2_planners/navigation2_dist'
[5.587s] INFO:colcon.colcon_core.shell:Skip shell extension 'powershell' for command environment: Not usable outside of PowerShell
[5.589s] DEBUG:colcon.colcon_core.shell:Skip shell extension 'dsv' for command environment
[5.809s] DEBUG:colcon.colcon_core.event_handler.log_command:Invoking command in '/home/r3k7/Nauka_ros/src/ros-exercises/build/navigation2_turtle': CMAKE_PREFIX_PATH=${CMAKE_PREFIX_PATH}:/home/r3k7/Nauka_ros/src/ros-exercises/install/navigation2_dist:/opt/ros/humble WSLENV=ELECTRON_RUN_AS_NODE/w:WT_SESSION:WT_PROFILE_ID: /usr/bin/cmake --build /home/r3k7/Nauka_ros/src/ros-exercises/build/navigation2_turtle -- -j8 -l8
[5.838s] DEBUG:colcon.colcon_core.event_handler.log_command:Invoking command in '/home/r3k7/Nauka_ros/src/ros-exercises/build/pub_sub': CMAKE_PREFIX_PATH=${CMAKE_PREFIX_PATH}:/home/r3k7/Nauka_ros/src/ros-exercises/install/navigation2_dist:/opt/ros/humble WSLENV=ELECTRON_RUN_AS_NODE/w:WT_SESSION:WT_PROFILE_ID: /usr/bin/cmake --build /home/r3k7/Nauka_ros/src/ros-exercises/build/pub_sub -- -j8 -l8
[5.920s] DEBUG:colcon.colcon_core.event_handler.log_command:Invoked command in '/home/r3k7/Nauka_ros/src/ros-exercises/build/exercise' returned '0': CMAKE_PREFIX_PATH=${CMAKE_PREFIX_PATH}:/home/r3k7/Nauka_ros/src/ros-exercises/install/navigation2_dist:/opt/ros/humble WSLENV=ELECTRON_RUN_AS_NODE/w:WT_SESSION:WT_PROFILE_ID: /usr/bin/cmake --build /home/r3k7/Nauka_ros/src/ros-exercises/build/exercise -- -j8 -l8
[5.975s] DEBUG:colcon.colcon_core.event_handler.log_command:Invoked command in '/home/r3k7/Nauka_ros/src/ros-exercises/build/navigation2_turtle' returned '0': CMAKE_PREFIX_PATH=${CMAKE_PREFIX_PATH}:/home/r3k7/Nauka_ros/src/ros-exercises/install/navigation2_dist:/opt/ros/humble WSLENV=ELECTRON_RUN_AS_NODE/w:WT_SESSION:WT_PROFILE_ID: /usr/bin/cmake --build /home/r3k7/Nauka_ros/src/ros-exercises/build/navigation2_turtle -- -j8 -l8
[6.067s] DEBUG:colcon.colcon_core.event_handler.log_command:Invoking command in '/home/r3k7/Nauka_ros/src/ros-exercises/build/exercise': CMAKE_PREFIX_PATH=${CMAKE_PREFIX_PATH}:/home/r3k7/Nauka_ros/src/ros-exercises/install/navigation2_dist:/opt/ros/humble WSLENV=ELECTRON_RUN_AS_NODE/w:WT_SESSION:WT_PROFILE_ID: /usr/bin/cmake --install /home/r3k7/Nauka_ros/src/ros-exercises/build/exercise
[6.091s] Level 1:colcon.colcon_core.environment:create_environment_scripts_only(exercise)
[6.105s] DEBUG:colcon.colcon_core.event_handler.log_command:Invoked command in '/home/r3k7/Nauka_ros/src/ros-exercises/build/exercise' returned '0': CMAKE_PREFIX_PATH=${CMAKE_PREFIX_PATH}:/home/r3k7/Nauka_ros/src/ros-exercises/install/navigation2_dist:/opt/ros/humble WSLENV=ELECTRON_RUN_AS_NODE/w:WT_SESSION:WT_PROFILE_ID: /usr/bin/cmake --install /home/r3k7/Nauka_ros/src/ros-exercises/build/exercise
[6.266s] Level 1:colcon.colcon_core.environment:checking '/home/r3k7/Nauka_ros/src/ros-exercises/install/exercise' for CMake module files
[6.267s] Level 1:colcon.colcon_core.environment:checking '/home/r3k7/Nauka_ros/src/ros-exercises/install/exercise' for CMake config files
[6.267s] Level 1:colcon.colcon_core.shell:create_environment_hook('exercise', 'cmake_prefix_path')
[6.417s] INFO:colcon.colcon_core.shell:Creating environment hook '/home/r3k7/Nauka_ros/src/ros-exercises/install/exercise/share/exercise/hook/cmake_prefix_path.ps1'
[6.419s] INFO:colcon.colcon_core.shell:Creating environment descriptor '/home/r3k7/Nauka_ros/src/ros-exercises/install/exercise/share/exercise/hook/cmake_prefix_path.dsv'
[6.419s] INFO:colcon.colcon_core.shell:Creating environment hook '/home/r3k7/Nauka_ros/src/ros-exercises/install/exercise/share/exercise/hook/cmake_prefix_path.sh'
[6.421s] Level 1:colcon.colcon_core.environment:checking '/home/r3k7/Nauka_ros/src/ros-exercises/install/exercise/bin'
[6.423s] Level 1:colcon.colcon_core.environment:checking '/home/r3k7/Nauka_ros/src/ros-exercises/install/exercise/lib/pkgconfig/exercise.pc'
[6.424s] Level 1:colcon.colcon_core.environment:checking '/home/r3k7/Nauka_ros/src/ros-exercises/install/exercise/lib/python3.10/site-packages'
[6.424s] Level 1:colcon.colcon_core.environment:checking '/home/r3k7/Nauka_ros/src/ros-exercises/install/exercise/bin'
[6.489s] INFO:colcon.colcon_core.shell:Creating package script '/home/r3k7/Nauka_ros/src/ros-exercises/install/exercise/share/exercise/package.ps1'
[6.490s] INFO:colcon.colcon_core.shell:Creating package descriptor '/home/r3k7/Nauka_ros/src/ros-exercises/install/exercise/share/exercise/package.dsv'
[6.492s] INFO:colcon.colcon_core.shell:Creating package script '/home/r3k7/Nauka_ros/src/ros-exercises/install/exercise/share/exercise/package.sh'
[6.506s] INFO:colcon.colcon_core.shell:Creating package script '/home/r3k7/Nauka_ros/src/ros-exercises/install/exercise/share/exercise/package.bash'
[6.507s] INFO:colcon.colcon_core.shell:Creating package script '/home/r3k7/Nauka_ros/src/ros-exercises/install/exercise/share/exercise/package.zsh'
[6.509s] Level 1:colcon.colcon_core.environment:create_file_with_runtime_dependencies(/home/r3k7/Nauka_ros/src/ros-exercises/install/exercise/share/colcon-core/packages/exercise)
[6.539s] DEBUG:colcon.colcon_core.event_handler.log_command:Invoking command in '/home/r3k7/Nauka_ros/src/ros-exercises/build/navigation2_turtle': CMAKE_PREFIX_PATH=${CMAKE_PREFIX_PATH}:/home/r3k7/Nauka_ros/src/ros-exercises/install/navigation2_dist:/opt/ros/humble WSLENV=ELECTRON_RUN_AS_NODE/w:WT_SESSION:WT_PROFILE_ID: /usr/bin/cmake --install /home/r3k7/Nauka_ros/src/ros-exercises/build/navigation2_turtle
[6.603s] DEBUG:colcon.colcon_core.event_handler.log_command:Invoked command in '/home/r3k7/Nauka_ros/src/ros-exercises/build/pub_sub' returned '0': CMAKE_PREFIX_PATH=${CMAKE_PREFIX_PATH}:/home/r3k7/Nauka_ros/src/ros-exercises/install/navigation2_dist:/opt/ros/humble WSLENV=ELECTRON_RUN_AS_NODE/w:WT_SESSION:WT_PROFILE_ID: /usr/bin/cmake --build /home/r3k7/Nauka_ros/src/ros-exercises/build/pub_sub -- -j8 -l8
[6.659s] Level 1:colcon.colcon_core.environment:create_environment_scripts_only(exercise)
[6.702s] Level 1:colcon.colcon_core.environment:checking '/home/r3k7/Nauka_ros/src/ros-exercises/install/exercise' for CMake module files
[6.703s] Level 1:colcon.colcon_core.environment:checking '/home/r3k7/Nauka_ros/src/ros-exercises/install/exercise' for CMake config files
[6.703s] Level 1:colcon.colcon_core.shell:create_environment_hook('exercise', 'cmake_prefix_path')
[6.753s] INFO:colcon.colcon_core.shell:Creating environment hook '/home/r3k7/Nauka_ros/src/ros-exercises/install/exercise/share/exercise/hook/cmake_prefix_path.ps1'
[6.754s] INFO:colcon.colcon_core.shell:Creating environment descriptor '/home/r3k7/Nauka_ros/src/ros-exercises/install/exercise/share/exercise/hook/cmake_prefix_path.dsv'
[6.755s] INFO:colcon.colcon_core.shell:Creating environment hook '/home/r3k7/Nauka_ros/src/ros-exercises/install/exercise/share/exercise/hook/cmake_prefix_path.sh'
[6.757s] Level 1:colcon.colcon_core.environment:checking '/home/r3k7/Nauka_ros/src/ros-exercises/install/exercise/bin'
[6.757s] Level 1:colcon.colcon_core.environment:checking '/home/r3k7/Nauka_ros/src/ros-exercises/install/exercise/lib/pkgconfig/exercise.pc'
[6.758s] Level 1:colcon.colcon_core.environment:checking '/home/r3k7/Nauka_ros/src/ros-exercises/install/exercise/lib/python3.10/site-packages'
[6.758s] Level 1:colcon.colcon_core.environment:checking '/home/r3k7/Nauka_ros/src/ros-exercises/install/exercise/bin'
[6.800s] INFO:colcon.colcon_core.shell:Creating package script '/home/r3k7/Nauka_ros/src/ros-exercises/install/exercise/share/exercise/package.ps1'
[6.801s] INFO:colcon.colcon_core.shell:Creating package descriptor '/home/r3k7/Nauka_ros/src/ros-exercises/install/exercise/share/exercise/package.dsv'
[6.802s] INFO:colcon.colcon_core.shell:Creating package script '/home/r3k7/Nauka_ros/src/ros-exercises/install/exercise/share/exercise/package.sh'
[6.803s] INFO:colcon.colcon_core.shell:Creating package script '/home/r3k7/Nauka_ros/src/ros-exercises/install/exercise/share/exercise/package.bash'
[6.804s] INFO:colcon.colcon_core.shell:Creating package script '/home/r3k7/Nauka_ros/src/ros-exercises/install/exercise/share/exercise/package.zsh'
[6.807s] Level 1:colcon.colcon_core.environment:create_file_with_runtime_dependencies(/home/r3k7/Nauka_ros/src/ros-exercises/install/exercise/share/colcon-core/packages/exercise)
[6.808s] Level 1:colcon.colcon_core.environment:create_environment_scripts_only(navigation2_turtle)
[6.809s] DEBUG:colcon.colcon_core.event_handler.log_command:Invoked command in '/home/r3k7/Nauka_ros/src/ros-exercises/build/navigation2_turtle' returned '0': CMAKE_PREFIX_PATH=${CMAKE_PREFIX_PATH}:/home/r3k7/Nauka_ros/src/ros-exercises/install/navigation2_dist:/opt/ros/humble WSLENV=ELECTRON_RUN_AS_NODE/w:WT_SESSION:WT_PROFILE_ID: /usr/bin/cmake --install /home/r3k7/Nauka_ros/src/ros-exercises/build/navigation2_turtle
[6.924s] Level 1:colcon.colcon_core.environment:checking '/home/r3k7/Nauka_ros/src/ros-exercises/install/navigation2_turtle' for CMake module files
[6.925s] Level 1:colcon.colcon_core.environment:checking '/home/r3k7/Nauka_ros/src/ros-exercises/install/navigation2_turtle' for CMake config files
[6.925s] Level 1:colcon.colcon_core.shell:create_environment_hook('navigation2_turtle', 'cmake_prefix_path')
[7.024s] INFO:colcon.colcon_core.shell:Creating environment hook '/home/r3k7/Nauka_ros/src/ros-exercises/install/navigation2_turtle/share/navigation2_turtle/hook/cmake_prefix_path.ps1'
[7.040s] INFO:colcon.colcon_core.shell:Creating environment descriptor '/home/r3k7/Nauka_ros/src/ros-exercises/install/navigation2_turtle/share/navigation2_turtle/hook/cmake_prefix_path.dsv'
[7.047s] INFO:colcon.colcon_core.shell:Creating environment hook '/home/r3k7/Nauka_ros/src/ros-exercises/install/navigation2_turtle/share/navigation2_turtle/hook/cmake_prefix_path.sh'
[7.056s] Level 1:colcon.colcon_core.environment:checking '/home/r3k7/Nauka_ros/src/ros-exercises/install/navigation2_turtle/bin'
[7.058s] Level 1:colcon.colcon_core.environment:checking '/home/r3k7/Nauka_ros/src/ros-exercises/install/navigation2_turtle/lib/pkgconfig/navigation2_turtle.pc'
[7.061s] Level 1:colcon.colcon_core.environment:checking '/home/r3k7/Nauka_ros/src/ros-exercises/install/navigation2_turtle/lib/python3.10/site-packages'
[7.062s] Level 1:colcon.colcon_core.environment:checking '/home/r3k7/Nauka_ros/src/ros-exercises/install/navigation2_turtle/bin'
[7.144s] INFO:colcon.colcon_core.shell:Creating package script '/home/r3k7/Nauka_ros/src/ros-exercises/install/navigation2_turtle/share/navigation2_turtle/package.ps1'
[7.145s] INFO:colcon.colcon_core.shell:Creating package descriptor '/home/r3k7/Nauka_ros/src/ros-exercises/install/navigation2_turtle/share/navigation2_turtle/package.dsv'
[7.146s] INFO:colcon.colcon_core.shell:Creating package script '/home/r3k7/Nauka_ros/src/ros-exercises/install/navigation2_turtle/share/navigation2_turtle/package.sh'
[7.147s] INFO:colcon.colcon_core.shell:Creating package script '/home/r3k7/Nauka_ros/src/ros-exercises/install/navigation2_turtle/share/navigation2_turtle/package.bash'
[7.156s] INFO:colcon.colcon_core.shell:Creating package script '/home/r3k7/Nauka_ros/src/ros-exercises/install/navigation2_turtle/share/navigation2_turtle/package.zsh'
[7.160s] Level 1:colcon.colcon_core.environment:create_file_with_runtime_dependencies(/home/r3k7/Nauka_ros/src/ros-exercises/install/navigation2_turtle/share/colcon-core/packages/navigation2_turtle)
[7.196s] DEBUG:colcon.colcon_core.event_handler.log_command:Invoking command in '/home/r3k7/Nauka_ros/src/ros-exercises/build/pub_sub': CMAKE_PREFIX_PATH=${CMAKE_PREFIX_PATH}:/home/r3k7/Nauka_ros/src/ros-exercises/install/navigation2_dist:/opt/ros/humble WSLENV=ELECTRON_RUN_AS_NODE/w:WT_SESSION:WT_PROFILE_ID: /usr/bin/cmake --install /home/r3k7/Nauka_ros/src/ros-exercises/build/pub_sub
[7.253s] Level 1:colcon.colcon_core.environment:create_environment_scripts_only(pub_sub)
[7.264s] DEBUG:colcon.colcon_core.event_handler.log_command:Invoked command in '/home/r3k7/Nauka_ros/src/ros-exercises/build/pub_sub' returned '0': CMAKE_PREFIX_PATH=${CMAKE_PREFIX_PATH}:/home/r3k7/Nauka_ros/src/ros-exercises/install/navigation2_dist:/opt/ros/humble WSLENV=ELECTRON_RUN_AS_NODE/w:WT_SESSION:WT_PROFILE_ID: /usr/bin/cmake --install /home/r3k7/Nauka_ros/src/ros-exercises/build/pub_sub
[7.304s] Level 1:colcon.colcon_core.environment:checking '/home/r3k7/Nauka_ros/src/ros-exercises/install/pub_sub' for CMake module files
[7.305s] Level 1:colcon.colcon_core.environment:checking '/home/r3k7/Nauka_ros/src/ros-exercises/install/pub_sub' for CMake config files
[7.305s] Level 1:colcon.colcon_core.shell:create_environment_hook('pub_sub', 'cmake_prefix_path')
[7.343s] INFO:colcon.colcon_core.shell:Creating environment hook '/home/r3k7/Nauka_ros/src/ros-exercises/install/pub_sub/share/pub_sub/hook/cmake_prefix_path.ps1'
[7.344s] INFO:colcon.colcon_core.shell:Creating environment descriptor '/home/r3k7/Nauka_ros/src/ros-exercises/install/pub_sub/share/pub_sub/hook/cmake_prefix_path.dsv'
[7.345s] INFO:colcon.colcon_core.shell:Creating environment hook '/home/r3k7/Nauka_ros/src/ros-exercises/install/pub_sub/share/pub_sub/hook/cmake_prefix_path.sh'
[7.347s] Level 1:colcon.colcon_core.environment:checking '/home/r3k7/Nauka_ros/src/ros-exercises/install/pub_sub/lib'
[7.348s] Level 1:colcon.colcon_core.environment:checking '/home/r3k7/Nauka_ros/src/ros-exercises/install/pub_sub/bin'
[7.348s] Level 1:colcon.colcon_core.environment:checking '/home/r3k7/Nauka_ros/src/ros-exercises/install/pub_sub/lib/pkgconfig/pub_sub.pc'
[7.349s] Level 1:colcon.colcon_core.environment:checking '/home/r3k7/Nauka_ros/src/ros-exercises/install/pub_sub/lib/python3.10/site-packages'
[7.351s] Level 1:colcon.colcon_core.environment:checking '/home/r3k7/Nauka_ros/src/ros-exercises/install/pub_sub/bin'
[7.397s] INFO:colcon.colcon_core.shell:Creating package script '/home/r3k7/Nauka_ros/src/ros-exercises/install/pub_sub/share/pub_sub/package.ps1'
[7.401s] INFO:colcon.colcon_core.shell:Creating package descriptor '/home/r3k7/Nauka_ros/src/ros-exercises/install/pub_sub/share/pub_sub/package.dsv'
[7.404s] INFO:colcon.colcon_core.shell:Creating package script '/home/r3k7/Nauka_ros/src/ros-exercises/install/pub_sub/share/pub_sub/package.sh'
[7.405s] INFO:colcon.colcon_core.shell:Creating package script '/home/r3k7/Nauka_ros/src/ros-exercises/install/pub_sub/share/pub_sub/package.bash'
[7.406s] INFO:colcon.colcon_core.shell:Creating package script '/home/r3k7/Nauka_ros/src/ros-exercises/install/pub_sub/share/pub_sub/package.zsh'
[7.407s] Level 1:colcon.colcon_core.environment:create_file_with_runtime_dependencies(/home/r3k7/Nauka_ros/src/ros-exercises/install/pub_sub/share/colcon-core/packages/pub_sub)
[7.469s] Level 1:colcon.colcon_core.environment:create_environment_scripts_only(navigation2_turtle)
[7.501s] Level 1:colcon.colcon_core.environment:checking '/home/r3k7/Nauka_ros/src/ros-exercises/install/navigation2_turtle' for CMake module files
[7.502s] Level 1:colcon.colcon_core.environment:checking '/home/r3k7/Nauka_ros/src/ros-exercises/install/navigation2_turtle' for CMake config files
[7.503s] Level 1:colcon.colcon_core.shell:create_environment_hook('navigation2_turtle', 'cmake_prefix_path')
[7.538s] INFO:colcon.colcon_core.shell:Creating environment hook '/home/r3k7/Nauka_ros/src/ros-exercises/install/navigation2_turtle/share/navigation2_turtle/hook/cmake_prefix_path.ps1'
[7.546s] INFO:colcon.colcon_core.shell:Creating environment descriptor '/home/r3k7/Nauka_ros/src/ros-exercises/install/navigation2_turtle/share/navigation2_turtle/hook/cmake_prefix_path.dsv'
[7.551s] INFO:colcon.colcon_core.shell:Creating environment hook '/home/r3k7/Nauka_ros/src/ros-exercises/install/navigation2_turtle/share/navigation2_turtle/hook/cmake_prefix_path.sh'
[7.554s] Level 1:colcon.colcon_core.environment:checking '/home/r3k7/Nauka_ros/src/ros-exercises/install/navigation2_turtle/bin'
[7.554s] Level 1:colcon.colcon_core.environment:checking '/home/r3k7/Nauka_ros/src/ros-exercises/install/navigation2_turtle/lib/pkgconfig/navigation2_turtle.pc'
[7.555s] Level 1:colcon.colcon_core.environment:checking '/home/r3k7/Nauka_ros/src/ros-exercises/install/navigation2_turtle/lib/python3.10/site-packages'
[7.555s] Level 1:colcon.colcon_core.environment:checking '/home/r3k7/Nauka_ros/src/ros-exercises/install/navigation2_turtle/bin'
[7.592s] INFO:colcon.colcon_core.shell:Creating package script '/home/r3k7/Nauka_ros/src/ros-exercises/install/navigation2_turtle/share/navigation2_turtle/package.ps1'
[7.594s] INFO:colcon.colcon_core.shell:Creating package descriptor '/home/r3k7/Nauka_ros/src/ros-exercises/install/navigation2_turtle/share/navigation2_turtle/package.dsv'
[7.595s] INFO:colcon.colcon_core.shell:Creating package script '/home/r3k7/Nauka_ros/src/ros-exercises/install/navigation2_turtle/share/navigation2_turtle/package.sh'
[7.596s] INFO:colcon.colcon_core.shell:Creating package script '/home/r3k7/Nauka_ros/src/ros-exercises/install/navigation2_turtle/share/navigation2_turtle/package.bash'
[7.597s] INFO:colcon.colcon_core.shell:Creating package script '/home/r3k7/Nauka_ros/src/ros-exercises/install/navigation2_turtle/share/navigation2_turtle/package.zsh'
[7.598s] Level 1:colcon.colcon_core.environment:create_file_with_runtime_dependencies(/home/r3k7/Nauka_ros/src/ros-exercises/install/navigation2_turtle/share/colcon-core/packages/navigation2_turtle)
[7.603s] DEBUG:colcon.colcon_core.event_handler.log_command:Invoked command in '/home/r3k7/Nauka_ros/src/ros-exercises/build/fibonacci_action' returned '0': CMAKE_PREFIX_PATH=${CMAKE_PREFIX_PATH}:/home/r3k7/Nauka_ros/src/ros-exercises/install/navigation2_dist:/opt/ros/humble WSLENV=ELECTRON_RUN_AS_NODE/w:WT_SESSION:WT_PROFILE_ID: /usr/bin/cmake --build /home/r3k7/Nauka_ros/src/ros-exercises/build/fibonacci_action -- -j8 -l8
[7.670s] Level 1:colcon.colcon_core.environment:create_environment_scripts_only(pub_sub)
[7.706s] Level 1:colcon.colcon_core.environment:checking '/home/r3k7/Nauka_ros/src/ros-exercises/install/pub_sub' for CMake module files
[7.706s] Level 1:colcon.colcon_core.environment:checking '/home/r3k7/Nauka_ros/src/ros-exercises/install/pub_sub' for CMake config files
[7.707s] Level 1:colcon.colcon_core.shell:create_environment_hook('pub_sub', 'cmake_prefix_path')
[7.757s] INFO:colcon.colcon_core.shell:Creating environment hook '/home/r3k7/Nauka_ros/src/ros-exercises/install/pub_sub/share/pub_sub/hook/cmake_prefix_path.ps1'
[7.758s] INFO:colcon.colcon_core.shell:Creating environment descriptor '/home/r3k7/Nauka_ros/src/ros-exercises/install/pub_sub/share/pub_sub/hook/cmake_prefix_path.dsv'
[7.758s] INFO:colcon.colcon_core.shell:Creating environment hook '/home/r3k7/Nauka_ros/src/ros-exercises/install/pub_sub/share/pub_sub/hook/cmake_prefix_path.sh'
[7.759s] Level 1:colcon.colcon_core.environment:checking '/home/r3k7/Nauka_ros/src/ros-exercises/install/pub_sub/lib'
[7.759s] Level 1:colcon.colcon_core.environment:checking '/home/r3k7/Nauka_ros/src/ros-exercises/install/pub_sub/bin'
[7.759s] Level 1:colcon.colcon_core.environment:checking '/home/r3k7/Nauka_ros/src/ros-exercises/install/pub_sub/lib/pkgconfig/pub_sub.pc'
[7.759s] Level 1:colcon.colcon_core.environment:checking '/home/r3k7/Nauka_ros/src/ros-exercises/install/pub_sub/lib/python3.10/site-packages'
[7.760s] Level 1:colcon.colcon_core.environment:checking '/home/r3k7/Nauka_ros/src/ros-exercises/install/pub_sub/bin'
[7.806s] INFO:colcon.colcon_core.shell:Creating package script '/home/r3k7/Nauka_ros/src/ros-exercises/install/pub_sub/share/pub_sub/package.ps1'
[7.807s] INFO:colcon.colcon_core.shell:Creating package descriptor '/home/r3k7/Nauka_ros/src/ros-exercises/install/pub_sub/share/pub_sub/package.dsv'
[7.809s] INFO:colcon.colcon_core.shell:Creating package script '/home/r3k7/Nauka_ros/src/ros-exercises/install/pub_sub/share/pub_sub/package.sh'
[7.810s] INFO:colcon.colcon_core.shell:Creating package script '/home/r3k7/Nauka_ros/src/ros-exercises/install/pub_sub/share/pub_sub/package.bash'
[7.811s] INFO:colcon.colcon_core.shell:Creating package script '/home/r3k7/Nauka_ros/src/ros-exercises/install/pub_sub/share/pub_sub/package.zsh'
[7.812s] Level 1:colcon.colcon_core.environment:create_file_with_runtime_dependencies(/home/r3k7/Nauka_ros/src/ros-exercises/install/pub_sub/share/colcon-core/packages/pub_sub)
[7.836s] DEBUG:colcon.colcon_core.event_handler.log_command:Invoking command in '/home/r3k7/Nauka_ros/src/ros-exercises/build/fibonacci_action': CMAKE_PREFIX_PATH=${CMAKE_PREFIX_PATH}:/home/r3k7/Nauka_ros/src/ros-exercises/install/navigation2_dist:/opt/ros/humble WSLENV=ELECTRON_RUN_AS_NODE/w:WT_SESSION:WT_PROFILE_ID: /usr/bin/cmake --install /home/r3k7/Nauka_ros/src/ros-exercises/build/fibonacci_action
[7.843s] DEBUG:colcon.colcon_core.event_handler.log_command:Invoking command in '/home/r3k7/Nauka_ros/src/ros-exercises/navigation2_planners/navigation2_dist': PYTHONPATH=/home/r3k7/Nauka_ros/src/ros-exercises/build/navigation2_dist/prefix_override:/home/r3k7/Nauka_ros/src/ros-exercises/install/navigation2_dist/lib/python3.10/site-packages:${PYTHONPATH} WSLENV=ELECTRON_RUN_AS_NODE/w:WT_SESSION:WT_PROFILE_ID: /usr/bin/python3 setup.py egg_info --egg-base ../../build/navigation2_dist build --build-base /home/r3k7/Nauka_ros/src/ros-exercises/build/navigation2_dist/build install --record /home/r3k7/Nauka_ros/src/ros-exercises/build/navigation2_dist/install.log --single-version-externally-managed
[7.962s] Level 1:colcon.colcon_core.environment:create_environment_scripts_only(fibonacci_action)
[8.005s] DEBUG:colcon.colcon_core.event_handler.log_command:Invoked command in '/home/r3k7/Nauka_ros/src/ros-exercises/build/fibonacci_action' returned '0': CMAKE_PREFIX_PATH=${CMAKE_PREFIX_PATH}:/home/r3k7/Nauka_ros/src/ros-exercises/install/navigation2_dist:/opt/ros/humble WSLENV=ELECTRON_RUN_AS_NODE/w:WT_SESSION:WT_PROFILE_ID: /usr/bin/cmake --install /home/r3k7/Nauka_ros/src/ros-exercises/build/fibonacci_action
[8.056s] Level 1:colcon.colcon_core.environment:checking '/home/r3k7/Nauka_ros/src/ros-exercises/install/fibonacci_action' for CMake module files
[8.061s] Level 1:colcon.colcon_core.environment:checking '/home/r3k7/Nauka_ros/src/ros-exercises/install/fibonacci_action' for CMake config files
[8.062s] Level 1:colcon.colcon_core.shell:create_environment_hook('fibonacci_action', 'cmake_prefix_path')
[8.110s] INFO:colcon.colcon_core.shell:Creating environment hook '/home/r3k7/Nauka_ros/src/ros-exercises/install/fibonacci_action/share/fibonacci_action/hook/cmake_prefix_path.ps1'
[8.111s] INFO:colcon.colcon_core.shell:Creating environment descriptor '/home/r3k7/Nauka_ros/src/ros-exercises/install/fibonacci_action/share/fibonacci_action/hook/cmake_prefix_path.dsv'
[8.112s] INFO:colcon.colcon_core.shell:Creating environment hook '/home/r3k7/Nauka_ros/src/ros-exercises/install/fibonacci_action/share/fibonacci_action/hook/cmake_prefix_path.sh'
[8.112s] Level 1:colcon.colcon_core.environment:checking '/home/r3k7/Nauka_ros/src/ros-exercises/install/fibonacci_action/lib'
[8.113s] Level 1:colcon.colcon_core.shell:create_environment_hook('fibonacci_action', 'ld_library_path_lib')
[8.143s] INFO:colcon.colcon_core.shell:Creating environment hook '/home/r3k7/Nauka_ros/src/ros-exercises/install/fibonacci_action/share/fibonacci_action/hook/ld_library_path_lib.ps1'
[8.147s] INFO:colcon.colcon_core.shell:Creating environment descriptor '/home/r3k7/Nauka_ros/src/ros-exercises/install/fibonacci_action/share/fibonacci_action/hook/ld_library_path_lib.dsv'
[8.148s] INFO:colcon.colcon_core.shell:Creating environment hook '/home/r3k7/Nauka_ros/src/ros-exercises/install/fibonacci_action/share/fibonacci_action/hook/ld_library_path_lib.sh'
[8.154s] Level 1:colcon.colcon_core.environment:checking '/home/r3k7/Nauka_ros/src/ros-exercises/install/fibonacci_action/bin'
[8.154s] Level 1:colcon.colcon_core.environment:checking '/home/r3k7/Nauka_ros/src/ros-exercises/install/fibonacci_action/lib/pkgconfig/fibonacci_action.pc'
[8.154s] Level 1:colcon.colcon_core.environment:checking '/home/r3k7/Nauka_ros/src/ros-exercises/install/fibonacci_action/lib/python3.10/site-packages'
[8.155s] Level 1:colcon.colcon_core.environment:checking '/home/r3k7/Nauka_ros/src/ros-exercises/install/fibonacci_action/bin'
[8.204s] INFO:colcon.colcon_core.shell:Creating package script '/home/r3k7/Nauka_ros/src/ros-exercises/install/fibonacci_action/share/fibonacci_action/package.ps1'
[8.205s] INFO:colcon.colcon_core.shell:Creating package descriptor '/home/r3k7/Nauka_ros/src/ros-exercises/install/fibonacci_action/share/fibonacci_action/package.dsv'
[8.205s] INFO:colcon.colcon_core.shell:Creating package script '/home/r3k7/Nauka_ros/src/ros-exercises/install/fibonacci_action/share/fibonacci_action/package.sh'
[8.207s] INFO:colcon.colcon_core.shell:Creating package script '/home/r3k7/Nauka_ros/src/ros-exercises/install/fibonacci_action/share/fibonacci_action/package.bash'
[8.208s] INFO:colcon.colcon_core.shell:Creating package script '/home/r3k7/Nauka_ros/src/ros-exercises/install/fibonacci_action/share/fibonacci_action/package.zsh'
[8.209s] Level 1:colcon.colcon_core.environment:create_file_with_runtime_dependencies(/home/r3k7/Nauka_ros/src/ros-exercises/install/fibonacci_action/share/colcon-core/packages/fibonacci_action)
[8.430s] Level 1:colcon.colcon_core.environment:create_environment_scripts_only(fibonacci_action)
[8.462s] Level 1:colcon.colcon_core.environment:checking '/home/r3k7/Nauka_ros/src/ros-exercises/install/fibonacci_action' for CMake module files
[8.465s] Level 1:colcon.colcon_core.environment:checking '/home/r3k7/Nauka_ros/src/ros-exercises/install/fibonacci_action' for CMake config files
[8.471s] Level 1:colcon.colcon_core.shell:create_environment_hook('fibonacci_action', 'cmake_prefix_path')
[8.510s] INFO:colcon.colcon_core.shell:Creating environment hook '/home/r3k7/Nauka_ros/src/ros-exercises/install/fibonacci_action/share/fibonacci_action/hook/cmake_prefix_path.ps1'
[8.511s] INFO:colcon.colcon_core.shell:Creating environment descriptor '/home/r3k7/Nauka_ros/src/ros-exercises/install/fibonacci_action/share/fibonacci_action/hook/cmake_prefix_path.dsv'
[8.512s] INFO:colcon.colcon_core.shell:Creating environment hook '/home/r3k7/Nauka_ros/src/ros-exercises/install/fibonacci_action/share/fibonacci_action/hook/cmake_prefix_path.sh'
[8.514s] Level 1:colcon.colcon_core.environment:checking '/home/r3k7/Nauka_ros/src/ros-exercises/install/fibonacci_action/lib'
[8.514s] Level 1:colcon.colcon_core.shell:create_environment_hook('fibonacci_action', 'ld_library_path_lib')
[8.550s] INFO:colcon.colcon_core.shell:Creating environment hook '/home/r3k7/Nauka_ros/src/ros-exercises/install/fibonacci_action/share/fibonacci_action/hook/ld_library_path_lib.ps1'
[8.552s] INFO:colcon.colcon_core.shell:Creating environment descriptor '/home/r3k7/Nauka_ros/src/ros-exercises/install/fibonacci_action/share/fibonacci_action/hook/ld_library_path_lib.dsv'
[8.553s] INFO:colcon.colcon_core.shell:Creating environment hook '/home/r3k7/Nauka_ros/src/ros-exercises/install/fibonacci_action/share/fibonacci_action/hook/ld_library_path_lib.sh'
[8.554s] Level 1:colcon.colcon_core.environment:checking '/home/r3k7/Nauka_ros/src/ros-exercises/install/fibonacci_action/bin'
[8.556s] Level 1:colcon.colcon_core.environment:checking '/home/r3k7/Nauka_ros/src/ros-exercises/install/fibonacci_action/lib/pkgconfig/fibonacci_action.pc'
[8.556s] Level 1:colcon.colcon_core.environment:checking '/home/r3k7/Nauka_ros/src/ros-exercises/install/fibonacci_action/lib/python3.10/site-packages'
[8.557s] Level 1:colcon.colcon_core.environment:checking '/home/r3k7/Nauka_ros/src/ros-exercises/install/fibonacci_action/bin'
[8.601s] INFO:colcon.colcon_core.shell:Creating package script '/home/r3k7/Nauka_ros/src/ros-exercises/install/fibonacci_action/share/fibonacci_action/package.ps1'
[8.602s] INFO:colcon.colcon_core.shell:Creating package descriptor '/home/r3k7/Nauka_ros/src/ros-exercises/install/fibonacci_action/share/fibonacci_action/package.dsv'
[8.604s] INFO:colcon.colcon_core.shell:Creating package script '/home/r3k7/Nauka_ros/src/ros-exercises/install/fibonacci_action/share/fibonacci_action/package.sh'
[8.605s] INFO:colcon.colcon_core.shell:Creating package script '/home/r3k7/Nauka_ros/src/ros-exercises/install/fibonacci_action/share/fibonacci_action/package.bash'
[8.606s] INFO:colcon.colcon_core.shell:Creating package script '/home/r3k7/Nauka_ros/src/ros-exercises/install/fibonacci_action/share/fibonacci_action/package.zsh'
[8.606s] Level 1:colcon.colcon_core.environment:create_file_with_runtime_dependencies(/home/r3k7/Nauka_ros/src/ros-exercises/install/fibonacci_action/share/colcon-core/packages/fibonacci_action)
[9.234s] DEBUG:colcon.colcon_core.event_handler.log_command:Invoked command in '/home/r3k7/Nauka_ros/src/ros-exercises/navigation2_planners/navigation2_dist' returned '0': PYTHONPATH=/home/r3k7/Nauka_ros/src/ros-exercises/build/navigation2_dist/prefix_override:/home/r3k7/Nauka_ros/src/ros-exercises/install/navigation2_dist/lib/python3.10/site-packages:${PYTHONPATH} WSLENV=ELECTRON_RUN_AS_NODE/w:WT_SESSION:WT_PROFILE_ID: /usr/bin/python3 setup.py egg_info --egg-base ../../build/navigation2_dist build --build-base /home/r3k7/Nauka_ros/src/ros-exercises/build/navigation2_dist/build install --record /home/r3k7/Nauka_ros/src/ros-exercises/build/navigation2_dist/install.log --single-version-externally-managed
[9.259s] Level 1:colcon.colcon_core.environment:checking '/home/r3k7/Nauka_ros/src/ros-exercises/install/navigation2_dist' for CMake module files
[9.264s] Level 1:colcon.colcon_core.environment:checking '/home/r3k7/Nauka_ros/src/ros-exercises/install/navigation2_dist' for CMake config files
[9.265s] Level 1:colcon.colcon_core.environment:checking '/home/r3k7/Nauka_ros/src/ros-exercises/install/navigation2_dist/lib'
[9.266s] Level 1:colcon.colcon_core.environment:checking '/home/r3k7/Nauka_ros/src/ros-exercises/install/navigation2_dist/bin'
[9.266s] Level 1:colcon.colcon_core.environment:checking '/home/r3k7/Nauka_ros/src/ros-exercises/install/navigation2_dist/lib/pkgconfig/navigation2_dist.pc'
[9.267s] Level 1:colcon.colcon_core.environment:checking '/home/r3k7/Nauka_ros/src/ros-exercises/install/navigation2_dist/lib/python3.10/site-packages'
[9.267s] Level 1:colcon.colcon_core.shell:create_environment_hook('navigation2_dist', 'pythonpath')
[9.319s] INFO:colcon.colcon_core.shell:Creating environment hook '/home/r3k7/Nauka_ros/src/ros-exercises/install/navigation2_dist/share/navigation2_dist/hook/pythonpath.ps1'
[9.320s] INFO:colcon.colcon_core.shell:Creating environment descriptor '/home/r3k7/Nauka_ros/src/ros-exercises/install/navigation2_dist/share/navigation2_dist/hook/pythonpath.dsv'
[9.321s] INFO:colcon.colcon_core.shell:Creating environment hook '/home/r3k7/Nauka_ros/src/ros-exercises/install/navigation2_dist/share/navigation2_dist/hook/pythonpath.sh'
[9.322s] Level 1:colcon.colcon_core.environment:checking '/home/r3k7/Nauka_ros/src/ros-exercises/install/navigation2_dist/bin'
[9.322s] Level 1:colcon.colcon_core.environment:create_environment_scripts_only(navigation2_dist)
[9.371s] INFO:colcon.colcon_core.shell:Creating package script '/home/r3k7/Nauka_ros/src/ros-exercises/install/navigation2_dist/share/navigation2_dist/package.ps1'
[9.372s] INFO:colcon.colcon_core.shell:Creating package descriptor '/home/r3k7/Nauka_ros/src/ros-exercises/install/navigation2_dist/share/navigation2_dist/package.dsv'
[9.373s] INFO:colcon.colcon_core.shell:Creating package script '/home/r3k7/Nauka_ros/src/ros-exercises/install/navigation2_dist/share/navigation2_dist/package.sh'
[9.374s] INFO:colcon.colcon_core.shell:Creating package script '/home/r3k7/Nauka_ros/src/ros-exercises/install/navigation2_dist/share/navigation2_dist/package.bash'
[9.374s] INFO:colcon.colcon_core.shell:Creating package script '/home/r3k7/Nauka_ros/src/ros-exercises/install/navigation2_dist/share/navigation2_dist/package.zsh'
[9.375s] Level 1:colcon.colcon_core.environment:create_file_with_runtime_dependencies(/home/r3k7/Nauka_ros/src/ros-exercises/install/navigation2_dist/share/colcon-core/packages/navigation2_dist)
[10.923s] DEBUG:colcon.colcon_core.event_handler.log_command:Invoked command in '/home/r3k7/Nauka_ros/src/ros-exercises/build/ex_solution' returned '0': CMAKE_PREFIX_PATH=${CMAKE_PREFIX_PATH}:/home/r3k7/Nauka_ros/src/ros-exercises/install/navigation2_dist:/opt/ros/humble WSLENV=ELECTRON_RUN_AS_NODE/w:WT_SESSION:WT_PROFILE_ID: /usr/bin/cmake --build /home/r3k7/Nauka_ros/src/ros-exercises/build/ex_solution -- -j8 -l8
[11.167s] DEBUG:colcon.colcon_core.event_handler.log_command:Invoking command in '/home/r3k7/Nauka_ros/src/ros-exercises/build/ex_solution': CMAKE_PREFIX_PATH=${CMAKE_PREFIX_PATH}:/home/r3k7/Nauka_ros/src/ros-exercises/install/navigation2_dist:/opt/ros/humble WSLENV=ELECTRON_RUN_AS_NODE/w:WT_SESSION:WT_PROFILE_ID: /usr/bin/cmake --install /home/r3k7/Nauka_ros/src/ros-exercises/build/ex_solution
[11.365s] Level 1:colcon.colcon_core.environment:create_environment_scripts_only(ex_solution)
[11.381s] DEBUG:colcon.colcon_core.event_handler.log_command:Invoked command in '/home/r3k7/Nauka_ros/src/ros-exercises/build/ex_solution' returned '0': CMAKE_PREFIX_PATH=${CMAKE_PREFIX_PATH}:/home/r3k7/Nauka_ros/src/ros-exercises/install/navigation2_dist:/opt/ros/humble WSLENV=ELECTRON_RUN_AS_NODE/w:WT_SESSION:WT_PROFILE_ID: /usr/bin/cmake --install /home/r3k7/Nauka_ros/src/ros-exercises/build/ex_solution
[11.500s] Level 1:colcon.colcon_core.environment:checking '/home/r3k7/Nauka_ros/src/ros-exercises/install/ex_solution' for CMake module files
[11.501s] Level 1:colcon.colcon_core.environment:checking '/home/r3k7/Nauka_ros/src/ros-exercises/install/ex_solution' for CMake config files
[11.502s] Level 1:colcon.colcon_core.shell:create_environment_hook('ex_solution', 'cmake_prefix_path')
[11.564s] INFO:colcon.colcon_core.shell:Creating environment hook '/home/r3k7/Nauka_ros/src/ros-exercises/install/ex_solution/share/ex_solution/hook/cmake_prefix_path.ps1'
[11.566s] INFO:colcon.colcon_core.shell:Creating environment descriptor '/home/r3k7/Nauka_ros/src/ros-exercises/install/ex_solution/share/ex_solution/hook/cmake_prefix_path.dsv'
[11.568s] INFO:colcon.colcon_core.shell:Creating environment hook '/home/r3k7/Nauka_ros/src/ros-exercises/install/ex_solution/share/ex_solution/hook/cmake_prefix_path.sh'
[11.570s] Level 1:colcon.colcon_core.environment:checking '/home/r3k7/Nauka_ros/src/ros-exercises/install/ex_solution/lib'
[11.576s] Level 1:colcon.colcon_core.shell:create_environment_hook('ex_solution', 'ld_library_path_lib')
[11.635s] INFO:colcon.colcon_core.shell:Creating environment hook '/home/r3k7/Nauka_ros/src/ros-exercises/install/ex_solution/share/ex_solution/hook/ld_library_path_lib.ps1'
[11.636s] INFO:colcon.colcon_core.shell:Creating environment descriptor '/home/r3k7/Nauka_ros/src/ros-exercises/install/ex_solution/share/ex_solution/hook/ld_library_path_lib.dsv'
[11.639s] INFO:colcon.colcon_core.shell:Creating environment hook '/home/r3k7/Nauka_ros/src/ros-exercises/install/ex_solution/share/ex_solution/hook/ld_library_path_lib.sh'
[11.640s] Level 1:colcon.colcon_core.environment:checking '/home/r3k7/Nauka_ros/src/ros-exercises/install/ex_solution/bin'
[11.642s] Level 1:colcon.colcon_core.environment:checking '/home/r3k7/Nauka_ros/src/ros-exercises/install/ex_solution/lib/pkgconfig/ex_solution.pc'
[11.647s] Level 1:colcon.colcon_core.environment:checking '/home/r3k7/Nauka_ros/src/ros-exercises/install/ex_solution/lib/python3.10/site-packages'
[11.647s] Level 1:colcon.colcon_core.environment:checking '/home/r3k7/Nauka_ros/src/ros-exercises/install/ex_solution/bin'
[11.701s] INFO:colcon.colcon_core.shell:Creating package script '/home/r3k7/Nauka_ros/src/ros-exercises/install/ex_solution/share/ex_solution/package.ps1'
[11.704s] INFO:colcon.colcon_core.shell:Creating package descriptor '/home/r3k7/Nauka_ros/src/ros-exercises/install/ex_solution/share/ex_solution/package.dsv'
[11.705s] INFO:colcon.colcon_core.shell:Creating package script '/home/r3k7/Nauka_ros/src/ros-exercises/install/ex_solution/share/ex_solution/package.sh'
[11.713s] INFO:colcon.colcon_core.shell:Creating package script '/home/r3k7/Nauka_ros/src/ros-exercises/install/ex_solution/share/ex_solution/package.bash'
[11.717s] INFO:colcon.colcon_core.shell:Creating package script '/home/r3k7/Nauka_ros/src/ros-exercises/install/ex_solution/share/ex_solution/package.zsh'
[11.718s] Level 1:colcon.colcon_core.environment:create_file_with_runtime_dependencies(/home/r3k7/Nauka_ros/src/ros-exercises/install/ex_solution/share/colcon-core/packages/ex_solution)
[12.061s] Level 1:colcon.colcon_core.environment:create_environment_scripts_only(ex_solution)
[12.098s] Level 1:colcon.colcon_core.environment:checking '/home/r3k7/Nauka_ros/src/ros-exercises/install/ex_solution' for CMake module files
[12.100s] Level 1:colcon.colcon_core.environment:checking '/home/r3k7/Nauka_ros/src/ros-exercises/install/ex_solution' for CMake config files
[12.100s] Level 1:colcon.colcon_core.shell:create_environment_hook('ex_solution', 'cmake_prefix_path')
[12.144s] INFO:colcon.colcon_core.shell:Creating environment hook '/home/r3k7/Nauka_ros/src/ros-exercises/install/ex_solution/share/ex_solution/hook/cmake_prefix_path.ps1'
[12.146s] INFO:colcon.colcon_core.shell:Creating environment descriptor '/home/r3k7/Nauka_ros/src/ros-exercises/install/ex_solution/share/ex_solution/hook/cmake_prefix_path.dsv'
[12.146s] INFO:colcon.colcon_core.shell:Creating environment hook '/home/r3k7/Nauka_ros/src/ros-exercises/install/ex_solution/share/ex_solution/hook/cmake_prefix_path.sh'
[12.147s] Level 1:colcon.colcon_core.environment:checking '/home/r3k7/Nauka_ros/src/ros-exercises/install/ex_solution/lib'
[12.148s] Level 1:colcon.colcon_core.shell:create_environment_hook('ex_solution', 'ld_library_path_lib')
[12.192s] INFO:colcon.colcon_core.shell:Creating environment hook '/home/r3k7/Nauka_ros/src/ros-exercises/install/ex_solution/share/ex_solution/hook/ld_library_path_lib.ps1'
[12.193s] INFO:colcon.colcon_core.shell:Creating environment descriptor '/home/r3k7/Nauka_ros/src/ros-exercises/install/ex_solution/share/ex_solution/hook/ld_library_path_lib.dsv'
[12.194s] INFO:colcon.colcon_core.shell:Creating environment hook '/home/r3k7/Nauka_ros/src/ros-exercises/install/ex_solution/share/ex_solution/hook/ld_library_path_lib.sh'
[12.195s] Level 1:colcon.colcon_core.environment:checking '/home/r3k7/Nauka_ros/src/ros-exercises/install/ex_solution/bin'
[12.195s] Level 1:colcon.colcon_core.environment:checking '/home/r3k7/Nauka_ros/src/ros-exercises/install/ex_solution/lib/pkgconfig/ex_solution.pc'
[12.196s] Level 1:colcon.colcon_core.environment:checking '/home/r3k7/Nauka_ros/src/ros-exercises/install/ex_solution/lib/python3.10/site-packages'
[12.197s] Level 1:colcon.colcon_core.environment:checking '/home/r3k7/Nauka_ros/src/ros-exercises/install/ex_solution/bin'
[12.235s] INFO:colcon.colcon_core.shell:Creating package script '/home/r3k7/Nauka_ros/src/ros-exercises/install/ex_solution/share/ex_solution/package.ps1'
[12.236s] INFO:colcon.colcon_core.shell:Creating package descriptor '/home/r3k7/Nauka_ros/src/ros-exercises/install/ex_solution/share/ex_solution/package.dsv'
[12.238s] INFO:colcon.colcon_core.shell:Creating package script '/home/r3k7/Nauka_ros/src/ros-exercises/install/ex_solution/share/ex_solution/package.sh'
[12.239s] INFO:colcon.colcon_core.shell:Creating package script '/home/r3k7/Nauka_ros/src/ros-exercises/install/ex_solution/share/ex_solution/package.bash'
[12.239s] INFO:colcon.colcon_core.shell:Creating package script '/home/r3k7/Nauka_ros/src/ros-exercises/install/ex_solution/share/ex_solution/package.zsh'
[12.240s] Level 1:colcon.colcon_core.environment:create_file_with_runtime_dependencies(/home/r3k7/Nauka_ros/src/ros-exercises/install/ex_solution/share/colcon-core/packages/ex_solution)
[12.242s] DEBUG:colcon.colcon_parallel_executor.executor.parallel:closing loop
[12.243s] DEBUG:colcon.colcon_parallel_executor.executor.parallel:loop closed
[12.244s] DEBUG:colcon.colcon_parallel_executor.executor.parallel:run_until_complete finished with '0'
[12.244s] DEBUG:colcon.colcon_core.event_reactor:joining thread
[12.591s] INFO:colcon.colcon_core.plugin_system:Skipping extension 'colcon_notification.desktop_notification.notify_send': Could not find 'notify-send'
[12.592s] INFO:colcon.colcon_core.plugin_system:Skipping extension 'colcon_notification.desktop_notification.terminal_notifier': Not used on non-Darwin systems
[12.592s] INFO:colcon.colcon_core.plugin_system:Skipping extension 'colcon_notification.desktop_notification.win32': Not used on non-Windows systems
[12.592s] INFO:colcon.colcon_notification.desktop_notification:Sending desktop notification using 'notify2'
[12.592s] DEBUG:colcon.colcon_notification.desktop_notification.notify2:Failed to initialize notify2: org.freedesktop.DBus.Error.FileNotFound: Failed to connect to socket /run/user/1000/bus: No such file or directory
[12.593s] DEBUG:colcon.colcon_core.event_reactor:joined thread
[12.676s] INFO:colcon.colcon_core.shell:Creating prefix script '/home/r3k7/Nauka_ros/src/ros-exercises/install/local_setup.ps1'
[12.680s] INFO:colcon.colcon_core.shell:Creating prefix util module '/home/r3k7/Nauka_ros/src/ros-exercises/install/_local_setup_util_ps1.py'
[12.682s] INFO:colcon.colcon_core.shell:Creating prefix chain script '/home/r3k7/Nauka_ros/src/ros-exercises/install/setup.ps1'
[12.735s] INFO:colcon.colcon_core.shell:Creating prefix script '/home/r3k7/Nauka_ros/src/ros-exercises/install/local_setup.sh'
[12.736s] INFO:colcon.colcon_core.shell:Creating prefix util module '/home/r3k7/Nauka_ros/src/ros-exercises/install/_local_setup_util_sh.py'
[12.738s] INFO:colcon.colcon_core.shell:Creating prefix chain script '/home/r3k7/Nauka_ros/src/ros-exercises/install/setup.sh'
[12.772s] INFO:colcon.colcon_core.shell:Creating prefix script '/home/r3k7/Nauka_ros/src/ros-exercises/install/local_setup.bash'
[12.773s] INFO:colcon.colcon_core.shell:Creating prefix chain script '/home/r3k7/Nauka_ros/src/ros-exercises/install/setup.bash'
[12.836s] INFO:colcon.colcon_core.shell:Creating prefix script '/home/r3k7/Nauka_ros/src/ros-exercises/install/local_setup.zsh'
[12.837s] INFO:colcon.colcon_core.shell:Creating prefix chain script '/home/r3k7/Nauka_ros/src/ros-exercises/install/setup.zsh'
