[0.774s] Invoking command in '/home/mrush/exercise/src/ros-exercises/build/fibonacci_action': CMAKE_PREFIX_PATH=${CMAKE_PREFIX_PATH}:/home/mrush/exercise/src/ros-exercises/install/navigation2_dist:/opt/ros/humble WSLENV=ELECTRON_RUN_AS_NODE/w: /usr/bin/cmake --build /home/mrush/exercise/src/ros-exercises/build/fibonacci_action -- -j8 -l8
[1.970s] [  9%] Built target fibonacci_action__rosidl_generator_c
[1.971s] [ 12%] Built target fibonacci_action__cpp
[1.971s] [ 22%] Built target fibonacci_action__rosidl_typesupport_c
[1.971s] [ 22%] Built target ament_cmake_python_copy_fibonacci_action
[1.971s] [ 32%] Built target fibonacci_action__rosidl_typesupport_fastrtps_c
[1.971s] [ 41%] Built target fibonacci_action__rosidl_typesupport_introspection_c
[1.971s] [ 51%] Built target fibonacci_action__rosidl_typesupport_cpp
[1.971s] [ 61%] Built target fibonacci_action__rosidl_typesupport_fastrtps_cpp
[1.972s] [ 70%] Built target fibonacci_action__rosidl_typesupport_introspection_cpp
[1.972s] [ 70%] Built target fibonacci_action
[1.972s] [ 74%] Built target fibonacci_action__py
[1.972s] [ 80%] Built target fibonacci_action__rosidl_generator_py
[1.972s] [ 87%] Built target fibonacci_action__rosidl_typesupport_introspection_c__pyext
[1.972s] [ 93%] Built target fibonacci_action__rosidl_typesupport_fastrtps_c__pyext
[1.972s] [100%] Built target fibonacci_action__rosidl_typesupport_c__pyext
[1.972s] running egg_info
[1.972s] writing fibonacci_action.egg-info/PKG-INFO
[1.972s] writing dependency_links to fibonacci_action.egg-info/dependency_links.txt
[1.972s] writing top-level names to fibonacci_action.egg-info/top_level.txt
[1.972s] reading manifest file 'fibonacci_action.egg-info/SOURCES.txt'
[1.973s] writing manifest file 'fibonacci_action.egg-info/SOURCES.txt'
[2.035s] [100%] Built target ament_cmake_python_build_fibonacci_action_egg
[2.151s] Invoked command in '/home/mrush/exercise/src/ros-exercises/build/fibonacci_action' returned '0': CMAKE_PREFIX_PATH=${CMAKE_PREFIX_PATH}:/home/mrush/exercise/src/ros-exercises/install/navigation2_dist:/opt/ros/humble WSLENV=ELECTRON_RUN_AS_NODE/w: /usr/bin/cmake --build /home/mrush/exercise/src/ros-exercises/build/fibonacci_action -- -j8 -l8
[2.633s] Invoking command in '/home/mrush/exercise/src/ros-exercises/build/fibonacci_action': CMAKE_PREFIX_PATH=${CMAKE_PREFIX_PATH}:/home/mrush/exercise/src/ros-exercises/install/navigation2_dist:/opt/ros/humble WSLENV=ELECTRON_RUN_AS_NODE/w: /usr/bin/cmake --install /home/mrush/exercise/src/ros-exercises/build/fibonacci_action
[2.681s] -- Install configuration: ""
[2.682s] -- Up-to-date: /home/mrush/exercise/src/ros-exercises/install/fibonacci_action/share/ament_index/resource_index/rosidl_interfaces/fibonacci_action
[2.682s] -- Up-to-date: /home/mrush/exercise/src/ros-exercises/install/fibonacci_action/include/fibonacci_action/fibonacci_action
[2.682s] -- Up-to-date: /home/mrush/exercise/src/ros-exercises/install/fibonacci_action/include/fibonacci_action/fibonacci_action/msg
[2.682s] -- Up-to-date: /home/mrush/exercise/src/ros-exercises/install/fibonacci_action/include/fibonacci_action/fibonacci_action/msg/rosidl_generator_c__visibility_control.h
[2.682s] -- Up-to-date: /home/mrush/exercise/src/ros-exercises/install/fibonacci_action/include/fibonacci_action/fibonacci_action/action
[2.682s] -- Up-to-date: /home/mrush/exercise/src/ros-exercises/install/fibonacci_action/include/fibonacci_action/fibonacci_action/action/fibonacci.h
[2.682s] -- Up-to-date: /home/mrush/exercise/src/ros-exercises/install/fibonacci_action/include/fibonacci_action/fibonacci_action/action/detail
[2.682s] -- Up-to-date: /home/mrush/exercise/src/ros-exercises/install/fibonacci_action/include/fibonacci_action/fibonacci_action/action/detail/fibonacci__functions.c
[2.682s] -- Up-to-date: /home/mrush/exercise/src/ros-exercises/install/fibonacci_action/include/fibonacci_action/fibonacci_action/action/detail/fibonacci__struct.h
[2.682s] -- Up-to-date: /home/mrush/exercise/src/ros-exercises/install/fibonacci_action/include/fibonacci_action/fibonacci_action/action/detail/fibonacci__type_support.h
[2.683s] -- Up-to-date: /home/mrush/exercise/src/ros-exercises/install/fibonacci_action/include/fibonacci_action/fibonacci_action/action/detail/fibonacci__functions.h
[2.683s] -- Up-to-date: /home/mrush/exercise/src/ros-exercises/install/fibonacci_action/share/fibonacci_action/environment/library_path.sh
[2.683s] -- Up-to-date: /home/mrush/exercise/src/ros-exercises/install/fibonacci_action/share/fibonacci_action/environment/library_path.dsv
[2.683s] -- Up-to-date: /home/mrush/exercise/src/ros-exercises/install/fibonacci_action/lib/libfibonacci_action__rosidl_generator_c.so
[2.683s] -- Up-to-date: /home/mrush/exercise/src/ros-exercises/install/fibonacci_action/include/fibonacci_action/fibonacci_action
[2.683s] -- Up-to-date: /home/mrush/exercise/src/ros-exercises/install/fibonacci_action/include/fibonacci_action/fibonacci_action/msg
[2.683s] -- Up-to-date: /home/mrush/exercise/src/ros-exercises/install/fibonacci_action/include/fibonacci_action/fibonacci_action/msg/rosidl_typesupport_fastrtps_c__visibility_control.h
[2.683s] -- Up-to-date: /home/mrush/exercise/src/ros-exercises/install/fibonacci_action/include/fibonacci_action/fibonacci_action/action
[2.683s] -- Up-to-date: /home/mrush/exercise/src/ros-exercises/install/fibonacci_action/include/fibonacci_action/fibonacci_action/action/detail
[2.683s] -- Up-to-date: /home/mrush/exercise/src/ros-exercises/install/fibonacci_action/include/fibonacci_action/fibonacci_action/action/detail/fibonacci__rosidl_typesupport_fastrtps_c.h
[2.683s] -- Up-to-date: /home/mrush/exercise/src/ros-exercises/install/fibonacci_action/lib/libfibonacci_action__rosidl_typesupport_fastrtps_c.so
[2.683s] -- Up-to-date: /home/mrush/exercise/src/ros-exercises/install/fibonacci_action/include/fibonacci_action/fibonacci_action
[2.684s] -- Up-to-date: /home/mrush/exercise/src/ros-exercises/install/fibonacci_action/include/fibonacci_action/fibonacci_action/msg
[2.684s] -- Up-to-date: /home/mrush/exercise/src/ros-exercises/install/fibonacci_action/include/fibonacci_action/fibonacci_action/msg/rosidl_typesupport_introspection_c__visibility_control.h
[2.684s] -- Up-to-date: /home/mrush/exercise/src/ros-exercises/install/fibonacci_action/include/fibonacci_action/fibonacci_action/action
[2.684s] -- Up-to-date: /home/mrush/exercise/src/ros-exercises/install/fibonacci_action/include/fibonacci_action/fibonacci_action/action/detail
[2.684s] -- Up-to-date: /home/mrush/exercise/src/ros-exercises/install/fibonacci_action/include/fibonacci_action/fibonacci_action/action/detail/fibonacci__rosidl_typesupport_introspection_c.h
[2.684s] -- Up-to-date: /home/mrush/exercise/src/ros-exercises/install/fibonacci_action/include/fibonacci_action/fibonacci_action/action/detail/fibonacci__type_support.c
[2.684s] -- Up-to-date: /home/mrush/exercise/src/ros-exercises/install/fibonacci_action/lib/libfibonacci_action__rosidl_typesupport_introspection_c.so
[2.684s] -- Up-to-date: /home/mrush/exercise/src/ros-exercises/install/fibonacci_action/lib/libfibonacci_action__rosidl_typesupport_c.so
[2.684s] -- Up-to-date: /home/mrush/exercise/src/ros-exercises/install/fibonacci_action/include/fibonacci_action/fibonacci_action
[2.685s] -- Up-to-date: /home/mrush/exercise/src/ros-exercises/install/fibonacci_action/include/fibonacci_action/fibonacci_action/action
[2.685s] -- Up-to-date: /home/mrush/exercise/src/ros-exercises/install/fibonacci_action/include/fibonacci_action/fibonacci_action/action/fibonacci.hpp
[2.685s] -- Up-to-date: /home/mrush/exercise/src/ros-exercises/install/fibonacci_action/include/fibonacci_action/fibonacci_action/action/detail
[2.685s] -- Up-to-date: /home/mrush/exercise/src/ros-exercises/install/fibonacci_action/include/fibonacci_action/fibonacci_action/action/detail/fibonacci__builder.hpp
[2.685s] -- Up-to-date: /home/mrush/exercise/src/ros-exercises/install/fibonacci_action/include/fibonacci_action/fibonacci_action/action/detail/fibonacci__traits.hpp
[2.685s] -- Up-to-date: /home/mrush/exercise/src/ros-exercises/install/fibonacci_action/include/fibonacci_action/fibonacci_action/action/detail/fibonacci__struct.hpp
[2.685s] -- Up-to-date: /home/mrush/exercise/src/ros-exercises/install/fibonacci_action/include/fibonacci_action/fibonacci_action
[2.685s] -- Up-to-date: /home/mrush/exercise/src/ros-exercises/install/fibonacci_action/include/fibonacci_action/fibonacci_action/msg
[2.685s] -- Up-to-date: /home/mrush/exercise/src/ros-exercises/install/fibonacci_action/include/fibonacci_action/fibonacci_action/msg/rosidl_typesupport_fastrtps_cpp__visibility_control.h
[2.685s] -- Up-to-date: /home/mrush/exercise/src/ros-exercises/install/fibonacci_action/include/fibonacci_action/fibonacci_action/action
[2.686s] -- Up-to-date: /home/mrush/exercise/src/ros-exercises/install/fibonacci_action/include/fibonacci_action/fibonacci_action/action/detail
[2.686s] -- Up-to-date: /home/mrush/exercise/src/ros-exercises/install/fibonacci_action/include/fibonacci_action/fibonacci_action/action/detail/dds_fastrtps
[2.687s] -- Up-to-date: /home/mrush/exercise/src/ros-exercises/install/fibonacci_action/include/fibonacci_action/fibonacci_action/action/detail/fibonacci__rosidl_typesupport_fastrtps_cpp.hpp
[2.687s] -- Up-to-date: /home/mrush/exercise/src/ros-exercises/install/fibonacci_action/lib/libfibonacci_action__rosidl_typesupport_fastrtps_cpp.so
[2.687s] -- Up-to-date: /home/mrush/exercise/src/ros-exercises/install/fibonacci_action/include/fibonacci_action/fibonacci_action
[2.687s] -- Up-to-date: /home/mrush/exercise/src/ros-exercises/install/fibonacci_action/include/fibonacci_action/fibonacci_action/action
[2.687s] -- Up-to-date: /home/mrush/exercise/src/ros-exercises/install/fibonacci_action/include/fibonacci_action/fibonacci_action/action/detail
[2.688s] -- Up-to-date: /home/mrush/exercise/src/ros-exercises/install/fibonacci_action/include/fibonacci_action/fibonacci_action/action/detail/fibonacci__type_support.cpp
[2.688s] -- Up-to-date: /home/mrush/exercise/src/ros-exercises/install/fibonacci_action/include/fibonacci_action/fibonacci_action/action/detail/fibonacci__rosidl_typesupport_introspection_cpp.hpp
[2.688s] -- Up-to-date: /home/mrush/exercise/src/ros-exercises/install/fibonacci_action/lib/libfibonacci_action__rosidl_typesupport_introspection_cpp.so
[2.688s] -- Up-to-date: /home/mrush/exercise/src/ros-exercises/install/fibonacci_action/lib/libfibonacci_action__rosidl_typesupport_cpp.so
[2.688s] -- Up-to-date: /home/mrush/exercise/src/ros-exercises/install/fibonacci_action/share/fibonacci_action/environment/pythonpath.sh
[2.698s] -- Up-to-date: /home/mrush/exercise/src/ros-exercises/install/fibonacci_action/share/fibonacci_action/environment/pythonpath.dsv
[2.699s] -- Up-to-date: /home/mrush/exercise/src/ros-exercises/install/fibonacci_action/local/lib/python3.10/dist-packages/fibonacci_action-0.0.0-py3.10.egg-info
[2.699s] -- Installing: /home/mrush/exercise/src/ros-exercises/install/fibonacci_action/local/lib/python3.10/dist-packages/fibonacci_action-0.0.0-py3.10.egg-info/top_level.txt
[2.700s] -- Installing: /home/mrush/exercise/src/ros-exercises/install/fibonacci_action/local/lib/python3.10/dist-packages/fibonacci_action-0.0.0-py3.10.egg-info/PKG-INFO
[2.700s] -- Installing: /home/mrush/exercise/src/ros-exercises/install/fibonacci_action/local/lib/python3.10/dist-packages/fibonacci_action-0.0.0-py3.10.egg-info/SOURCES.txt
[2.700s] -- Installing: /home/mrush/exercise/src/ros-exercises/install/fibonacci_action/local/lib/python3.10/dist-packages/fibonacci_action-0.0.0-py3.10.egg-info/dependency_links.txt
[2.700s] -- Up-to-date: /home/mrush/exercise/src/ros-exercises/install/fibonacci_action/local/lib/python3.10/dist-packages/fibonacci_action
[2.701s] -- Up-to-date: /home/mrush/exercise/src/ros-exercises/install/fibonacci_action/local/lib/python3.10/dist-packages/fibonacci_action/fibonacci_action_s__rosidl_typesupport_fastrtps_c.cpython-310-x86_64-linux-gnu.so
[2.701s] -- Up-to-date: /home/mrush/exercise/src/ros-exercises/install/fibonacci_action/local/lib/python3.10/dist-packages/fibonacci_action/_fibonacci_action_s.ep.rosidl_typesupport_c.c
[2.701s] -- Up-to-date: /home/mrush/exercise/src/ros-exercises/install/fibonacci_action/local/lib/python3.10/dist-packages/fibonacci_action/_fibonacci_action_s.ep.rosidl_typesupport_introspection_c.c
[2.701s] -- Up-to-date: /home/mrush/exercise/src/ros-exercises/install/fibonacci_action/local/lib/python3.10/dist-packages/fibonacci_action/fibonacci_action_s__rosidl_typesupport_c.cpython-310-x86_64-linux-gnu.so
[2.701s] -- Up-to-date: /home/mrush/exercise/src/ros-exercises/install/fibonacci_action/local/lib/python3.10/dist-packages/fibonacci_action/fibonacci_action_s__rosidl_typesupport_introspection_c.cpython-310-x86_64-linux-gnu.so
[2.701s] -- Up-to-date: /home/mrush/exercise/src/ros-exercises/install/fibonacci_action/local/lib/python3.10/dist-packages/fibonacci_action/action
[2.701s] -- Up-to-date: /home/mrush/exercise/src/ros-exercises/install/fibonacci_action/local/lib/python3.10/dist-packages/fibonacci_action/action/_fibonacci.py
[2.702s] -- Up-to-date: /home/mrush/exercise/src/ros-exercises/install/fibonacci_action/local/lib/python3.10/dist-packages/fibonacci_action/action/__init__.py
[2.702s] -- Up-to-date: /home/mrush/exercise/src/ros-exercises/install/fibonacci_action/local/lib/python3.10/dist-packages/fibonacci_action/action/_fibonacci_s.c
[2.702s] -- Up-to-date: /home/mrush/exercise/src/ros-exercises/install/fibonacci_action/local/lib/python3.10/dist-packages/fibonacci_action/__init__.py
[2.702s] -- Up-to-date: /home/mrush/exercise/src/ros-exercises/install/fibonacci_action/local/lib/python3.10/dist-packages/fibonacci_action/_fibonacci_action_s.ep.rosidl_typesupport_fastrtps_c.c
[2.702s] -- Up-to-date: /home/mrush/exercise/src/ros-exercises/install/fibonacci_action/local/lib/python3.10/dist-packages/fibonacci_action/libfibonacci_action__rosidl_generator_py.so
[2.839s] Listing '/home/mrush/exercise/src/ros-exercises/install/fibonacci_action/local/lib/python3.10/dist-packages/fibonacci_action'...
[2.839s] Listing '/home/mrush/exercise/src/ros-exercises/install/fibonacci_action/local/lib/python3.10/dist-packages/fibonacci_action/action'...
[2.850s] -- Up-to-date: /home/mrush/exercise/src/ros-exercises/install/fibonacci_action/local/lib/python3.10/dist-packages/fibonacci_action/fibonacci_action_s__rosidl_typesupport_fastrtps_c.cpython-310-x86_64-linux-gnu.so
[2.850s] -- Up-to-date: /home/mrush/exercise/src/ros-exercises/install/fibonacci_action/local/lib/python3.10/dist-packages/fibonacci_action/fibonacci_action_s__rosidl_typesupport_introspection_c.cpython-310-x86_64-linux-gnu.so
[2.850s] -- Up-to-date: /home/mrush/exercise/src/ros-exercises/install/fibonacci_action/local/lib/python3.10/dist-packages/fibonacci_action/fibonacci_action_s__rosidl_typesupport_c.cpython-310-x86_64-linux-gnu.so
[2.850s] -- Up-to-date: /home/mrush/exercise/src/ros-exercises/install/fibonacci_action/lib/libfibonacci_action__rosidl_generator_py.so
[2.850s] -- Up-to-date: /home/mrush/exercise/src/ros-exercises/install/fibonacci_action/share/fibonacci_action/action/Fibonacci.idl
[2.850s] -- Up-to-date: /home/mrush/exercise/src/ros-exercises/install/fibonacci_action/share/fibonacci_action/action/Fibonacci.action
[2.850s] -- Up-to-date: /home/mrush/exercise/src/ros-exercises/install/fibonacci_action/lib/fibonacci_action/fibonacci_action_server.py
[2.850s] -- Up-to-date: /home/mrush/exercise/src/ros-exercises/install/fibonacci_action/lib/fibonacci_action/fibonacci_action_client.py
[2.851s] -- Up-to-date: /home/mrush/exercise/src/ros-exercises/install/fibonacci_action/share/ament_index/resource_index/package_run_dependencies/fibonacci_action
[2.866s] -- Up-to-date: /home/mrush/exercise/src/ros-exercises/install/fibonacci_action/share/ament_index/resource_index/parent_prefix_path/fibonacci_action
[2.866s] -- Up-to-date: /home/mrush/exercise/src/ros-exercises/install/fibonacci_action/share/fibonacci_action/environment/ament_prefix_path.sh
[2.866s] -- Up-to-date: /home/mrush/exercise/src/ros-exercises/install/fibonacci_action/share/fibonacci_action/environment/ament_prefix_path.dsv
[2.866s] -- Up-to-date: /home/mrush/exercise/src/ros-exercises/install/fibonacci_action/share/fibonacci_action/environment/path.sh
[2.866s] -- Up-to-date: /home/mrush/exercise/src/ros-exercises/install/fibonacci_action/share/fibonacci_action/environment/path.dsv
[2.866s] -- Up-to-date: /home/mrush/exercise/src/ros-exercises/install/fibonacci_action/share/fibonacci_action/local_setup.bash
[2.866s] -- Up-to-date: /home/mrush/exercise/src/ros-exercises/install/fibonacci_action/share/fibonacci_action/local_setup.sh
[2.867s] -- Up-to-date: /home/mrush/exercise/src/ros-exercises/install/fibonacci_action/share/fibonacci_action/local_setup.zsh
[2.867s] -- Up-to-date: /home/mrush/exercise/src/ros-exercises/install/fibonacci_action/share/fibonacci_action/local_setup.dsv
[2.867s] -- Installing: /home/mrush/exercise/src/ros-exercises/install/fibonacci_action/share/fibonacci_action/package.dsv
[2.867s] -- Up-to-date: /home/mrush/exercise/src/ros-exercises/install/fibonacci_action/share/ament_index/resource_index/packages/fibonacci_action
[2.867s] -- Up-to-date: /home/mrush/exercise/src/ros-exercises/install/fibonacci_action/share/fibonacci_action/cmake/export_fibonacci_action__rosidl_generator_cExport.cmake
[2.867s] -- Up-to-date: /home/mrush/exercise/src/ros-exercises/install/fibonacci_action/share/fibonacci_action/cmake/export_fibonacci_action__rosidl_generator_cExport-noconfig.cmake
[2.867s] -- Up-to-date: /home/mrush/exercise/src/ros-exercises/install/fibonacci_action/share/fibonacci_action/cmake/export_fibonacci_action__rosidl_typesupport_fastrtps_cExport.cmake
[2.867s] -- Up-to-date: /home/mrush/exercise/src/ros-exercises/install/fibonacci_action/share/fibonacci_action/cmake/export_fibonacci_action__rosidl_typesupport_fastrtps_cExport-noconfig.cmake
[2.867s] -- Up-to-date: /home/mrush/exercise/src/ros-exercises/install/fibonacci_action/share/fibonacci_action/cmake/fibonacci_action__rosidl_typesupport_introspection_cExport.cmake
[2.867s] -- Up-to-date: /home/mrush/exercise/src/ros-exercises/install/fibonacci_action/share/fibonacci_action/cmake/fibonacci_action__rosidl_typesupport_introspection_cExport-noconfig.cmake
[2.868s] -- Up-to-date: /home/mrush/exercise/src/ros-exercises/install/fibonacci_action/share/fibonacci_action/cmake/fibonacci_action__rosidl_typesupport_cExport.cmake
[2.868s] -- Up-to-date: /home/mrush/exercise/src/ros-exercises/install/fibonacci_action/share/fibonacci_action/cmake/fibonacci_action__rosidl_typesupport_cExport-noconfig.cmake
[2.868s] -- Up-to-date: /home/mrush/exercise/src/ros-exercises/install/fibonacci_action/share/fibonacci_action/cmake/export_fibonacci_action__rosidl_generator_cppExport.cmake
[2.868s] -- Up-to-date: /home/mrush/exercise/src/ros-exercises/install/fibonacci_action/share/fibonacci_action/cmake/export_fibonacci_action__rosidl_typesupport_fastrtps_cppExport.cmake
[2.868s] -- Up-to-date: /home/mrush/exercise/src/ros-exercises/install/fibonacci_action/share/fibonacci_action/cmake/export_fibonacci_action__rosidl_typesupport_fastrtps_cppExport-noconfig.cmake
[2.868s] -- Up-to-date: /home/mrush/exercise/src/ros-exercises/install/fibonacci_action/share/fibonacci_action/cmake/fibonacci_action__rosidl_typesupport_introspection_cppExport.cmake
[2.868s] -- Up-to-date: /home/mrush/exercise/src/ros-exercises/install/fibonacci_action/share/fibonacci_action/cmake/fibonacci_action__rosidl_typesupport_introspection_cppExport-noconfig.cmake
[2.868s] -- Up-to-date: /home/mrush/exercise/src/ros-exercises/install/fibonacci_action/share/fibonacci_action/cmake/fibonacci_action__rosidl_typesupport_cppExport.cmake
[2.868s] -- Up-to-date: /home/mrush/exercise/src/ros-exercises/install/fibonacci_action/share/fibonacci_action/cmake/fibonacci_action__rosidl_typesupport_cppExport-noconfig.cmake
[2.868s] -- Up-to-date: /home/mrush/exercise/src/ros-exercises/install/fibonacci_action/share/fibonacci_action/cmake/export_fibonacci_action__rosidl_generator_pyExport.cmake
[2.868s] -- Up-to-date: /home/mrush/exercise/src/ros-exercises/install/fibonacci_action/share/fibonacci_action/cmake/export_fibonacci_action__rosidl_generator_pyExport-noconfig.cmake
[2.869s] -- Up-to-date: /home/mrush/exercise/src/ros-exercises/install/fibonacci_action/share/fibonacci_action/cmake/rosidl_cmake-extras.cmake
[2.869s] -- Up-to-date: /home/mrush/exercise/src/ros-exercises/install/fibonacci_action/share/fibonacci_action/cmake/ament_cmake_export_dependencies-extras.cmake
[2.869s] -- Up-to-date: /home/mrush/exercise/src/ros-exercises/install/fibonacci_action/share/fibonacci_action/cmake/ament_cmake_export_include_directories-extras.cmake
[2.869s] -- Up-to-date: /home/mrush/exercise/src/ros-exercises/install/fibonacci_action/share/fibonacci_action/cmake/ament_cmake_export_libraries-extras.cmake
[2.869s] -- Up-to-date: /home/mrush/exercise/src/ros-exercises/install/fibonacci_action/share/fibonacci_action/cmake/ament_cmake_export_targets-extras.cmake
[2.869s] -- Up-to-date: /home/mrush/exercise/src/ros-exercises/install/fibonacci_action/share/fibonacci_action/cmake/rosidl_cmake_export_typesupport_targets-extras.cmake
[2.869s] -- Up-to-date: /home/mrush/exercise/src/ros-exercises/install/fibonacci_action/share/fibonacci_action/cmake/rosidl_cmake_export_typesupport_libraries-extras.cmake
[2.869s] -- Up-to-date: /home/mrush/exercise/src/ros-exercises/install/fibonacci_action/share/fibonacci_action/cmake/fibonacci_actionConfig.cmake
[2.869s] -- Up-to-date: /home/mrush/exercise/src/ros-exercises/install/fibonacci_action/share/fibonacci_action/cmake/fibonacci_actionConfig-version.cmake
[2.869s] -- Up-to-date: /home/mrush/exercise/src/ros-exercises/install/fibonacci_action/share/fibonacci_action/package.xml
[3.424s] Invoked command in '/home/mrush/exercise/src/ros-exercises/build/fibonacci_action' returned '0': CMAKE_PREFIX_PATH=${CMAKE_PREFIX_PATH}:/home/mrush/exercise/src/ros-exercises/install/navigation2_dist:/opt/ros/humble WSLENV=ELECTRON_RUN_AS_NODE/w: /usr/bin/cmake --install /home/mrush/exercise/src/ros-exercises/build/fibonacci_action
