[1.515s] Invoking command in '/home/r3k7/Nauka_ros/src/ros-exercises/navigation2_planners/navigation2_dist': PYTHONPATH=/home/r3k7/Nauka_ros/src/ros-exercises/build/navigation2_dist/prefix_override:/home/r3k7/Nauka_ros/src/ros-exercises/install/navigation2_dist/lib/python3.10/site-packages:${PYTHONPATH} WSLENV=ELECTRON_RUN_AS_NODE/w:WT_SESSION:WT_PROFILE_ID: /usr/bin/python3 setup.py egg_info --egg-base ../../build/navigation2_dist build --build-base /home/r3k7/Nauka_ros/src/ros-exercises/build/navigation2_dist/build install --record /home/r3k7/Nauka_ros/src/ros-exercises/build/navigation2_dist/install.log --single-version-externally-managed
[1.777s] running egg_info
[1.794s] writing ../../build/navigation2_dist/navigation2_dist.egg-info/PKG-INFO
[1.794s] writing dependency_links to ../../build/navigation2_dist/navigation2_dist.egg-info/dependency_links.txt
[1.794s] writing entry points to ../../build/navigation2_dist/navigation2_dist.egg-info/entry_points.txt
[1.795s] writing requirements to ../../build/navigation2_dist/navigation2_dist.egg-info/requires.txt
[1.795s] writing top-level names to ../../build/navigation2_dist/navigation2_dist.egg-info/top_level.txt
[1.829s] reading manifest file '../../build/navigation2_dist/navigation2_dist.egg-info/SOURCES.txt'
[1.830s] writing manifest file '../../build/navigation2_dist/navigation2_dist.egg-info/SOURCES.txt'
[1.831s] running build
[1.831s] running build_py
[1.831s] running install
[1.832s] /home/r3k7/.local/lib/python3.10/site-packages/setuptools/_distutils/cmd.py:66: SetuptoolsDeprecationWarning: setup.py install is deprecated.
[1.832s] !!
[1.832s] 
[1.832s]         ********************************************************************************
[1.832s]         Please avoid running ``setup.py`` directly.
[1.833s]         Instead, use pypa/build, pypa/installer or other
[1.833s]         standards-based tools.
[1.833s] 
[1.833s]         See https://blog.ganssle.io/articles/2021/10/setup-py-deprecated.html for details.
[1.833s]         ********************************************************************************
[1.833s] 
[1.833s] !!
[1.833s]   self.initialize_options()
[1.841s] running install_lib
[1.860s] running install_data
[1.876s] running install_egg_info
[1.890s] removing '/home/r3k7/Nauka_ros/src/ros-exercises/install/navigation2_dist/lib/python3.10/site-packages/navigation2_dist-0.0.0-py3.10.egg-info' (and everything under it)
[1.890s] Copying ../../build/navigation2_dist/navigation2_dist.egg-info to /home/r3k7/Nauka_ros/src/ros-exercises/install/navigation2_dist/lib/python3.10/site-packages/navigation2_dist-0.0.0-py3.10.egg-info
[1.892s] running install_scripts
[2.038s] Installing path_len script to /home/r3k7/Nauka_ros/src/ros-exercises/install/navigation2_dist/lib/navigation2_dist
[2.038s] writing list of installed files to '/home/r3k7/Nauka_ros/src/ros-exercises/build/navigation2_dist/install.log'
[2.082s] Invoked command in '/home/r3k7/Nauka_ros/src/ros-exercises/navigation2_planners/navigation2_dist' returned '0': PYTHONPATH=/home/r3k7/Nauka_ros/src/ros-exercises/build/navigation2_dist/prefix_override:/home/r3k7/Nauka_ros/src/ros-exercises/install/navigation2_dist/lib/python3.10/site-packages:${PYTHONPATH} WSLENV=ELECTRON_RUN_AS_NODE/w:WT_SESSION:WT_PROFILE_ID: /usr/bin/python3 setup.py egg_info --egg-base ../../build/navigation2_dist build --build-base /home/r3k7/Nauka_ros/src/ros-exercises/build/navigation2_dist/build install --record /home/r3k7/Nauka_ros/src/ros-exercises/build/navigation2_dist/install.log --single-version-externally-managed
