[ 50%] Built target listener
[100%] Built target talker
-- Install configuration: ""
-- Up-to-date: /home/mrush/exercise/src/ros-exercises/install/pub_sub/lib/pub_sub/talker
-- Up-to-date: /home/mrush/exercise/src/ros-exercises/install/pub_sub/lib/pub_sub/listener
-- Up-to-date: /home/mrush/exercise/src/ros-exercises/install/pub_sub/share/ament_index/resource_index/package_run_dependencies/pub_sub
-- Up-to-date: /home/mrush/exercise/src/ros-exercises/install/pub_sub/share/ament_index/resource_index/parent_prefix_path/pub_sub
-- Up-to-date: /home/mrush/exercise/src/ros-exercises/install/pub_sub/share/pub_sub/environment/ament_prefix_path.sh
-- Up-to-date: /home/mrush/exercise/src/ros-exercises/install/pub_sub/share/pub_sub/environment/ament_prefix_path.dsv
-- Up-to-date: /home/mrush/exercise/src/ros-exercises/install/pub_sub/share/pub_sub/environment/path.sh
-- Up-to-date: /home/mrush/exercise/src/ros-exercises/install/pub_sub/share/pub_sub/environment/path.dsv
-- Up-to-date: /home/mrush/exercise/src/ros-exercises/install/pub_sub/share/pub_sub/local_setup.bash
-- Up-to-date: /home/mrush/exercise/src/ros-exercises/install/pub_sub/share/pub_sub/local_setup.sh
-- Up-to-date: /home/mrush/exercise/src/ros-exercises/install/pub_sub/share/pub_sub/local_setup.zsh
-- Up-to-date: /home/mrush/exercise/src/ros-exercises/install/pub_sub/share/pub_sub/local_setup.dsv
-- Installing: /home/mrush/exercise/src/ros-exercises/install/pub_sub/share/pub_sub/package.dsv
-- Up-to-date: /home/mrush/exercise/src/ros-exercises/install/pub_sub/share/ament_index/resource_index/packages/pub_sub
-- Up-to-date: /home/mrush/exercise/src/ros-exercises/install/pub_sub/share/pub_sub/cmake/pub_subConfig.cmake
-- Up-to-date: /home/mrush/exercise/src/ros-exercises/install/pub_sub/share/pub_sub/cmake/pub_subConfig-version.cmake
-- Up-to-date: /home/mrush/exercise/src/ros-exercises/install/pub_sub/share/pub_sub/package.xml
