[0.404s] Invoking command in '/home/mrush/exercise/src/ros-exercises/build/exercise': CMAKE_PREFIX_PATH=${CMAKE_PREFIX_PATH}:/home/mrush/exercise/src/ros-exercises/install/navigation2_dist:/opt/ros/humble WSLENV=ELECTRON_RUN_AS_NODE/w: /usr/bin/cmake --build /home/mrush/exercise/src/ros-exercises/build/exercise -- -j8 -l8
[0.845s] Invoked command in '/home/mrush/exercise/src/ros-exercises/build/exercise' returned '0': CMAKE_PREFIX_PATH=${CMAKE_PREFIX_PATH}:/home/mrush/exercise/src/ros-exercises/install/navigation2_dist:/opt/ros/humble WSLENV=ELECTRON_RUN_AS_NODE/w: /usr/bin/cmake --build /home/mrush/exercise/src/ros-exercises/build/exercise -- -j8 -l8
[0.916s] Invoking command in '/home/mrush/exercise/src/ros-exercises/build/exercise': CMAKE_PREFIX_PATH=${CMAKE_PREFIX_PATH}:/home/mrush/exercise/src/ros-exercises/install/navigation2_dist:/opt/ros/humble WSLENV=ELECTRON_RUN_AS_NODE/w: /usr/bin/cmake --install /home/mrush/exercise/src/ros-exercises/build/exercise
[0.924s] -- Install configuration: ""
[0.924s] -- Up-to-date: /home/mrush/exercise/src/ros-exercises/install/exercise/share/exercise//launch
[0.924s] -- Up-to-date: /home/mrush/exercise/src/ros-exercises/install/exercise/share/exercise//launch/exercise_world.launch.py
[0.925s] -- Up-to-date: /home/mrush/exercise/src/ros-exercises/install/exercise/share/exercise//worlds
[0.936s] -- Up-to-date: /home/mrush/exercise/src/ros-exercises/install/exercise/share/exercise//worlds/exercise.sdf
[0.938s] -- Up-to-date: /home/mrush/exercise/src/ros-exercises/install/exercise/share/exercise//config
[0.946s] -- Up-to-date: /home/mrush/exercise/src/ros-exercises/install/exercise/share/exercise//config/exercise.config
[0.946s] -- Up-to-date: /home/mrush/exercise/src/ros-exercises/install/exercise/share/ament_index/resource_index/package_run_dependencies/exercise
[0.947s] -- Up-to-date: /home/mrush/exercise/src/ros-exercises/install/exercise/share/ament_index/resource_index/parent_prefix_path/exercise
[0.947s] -- Up-to-date: /home/mrush/exercise/src/ros-exercises/install/exercise/share/exercise/environment/ament_prefix_path.sh
[0.947s] -- Up-to-date: /home/mrush/exercise/src/ros-exercises/install/exercise/share/exercise/environment/ament_prefix_path.dsv
[0.947s] -- Up-to-date: /home/mrush/exercise/src/ros-exercises/install/exercise/share/exercise/environment/path.sh
[0.947s] -- Up-to-date: /home/mrush/exercise/src/ros-exercises/install/exercise/share/exercise/environment/path.dsv
[0.947s] -- Up-to-date: /home/mrush/exercise/src/ros-exercises/install/exercise/share/exercise/local_setup.bash
[0.947s] -- Up-to-date: /home/mrush/exercise/src/ros-exercises/install/exercise/share/exercise/local_setup.sh
[0.947s] -- Up-to-date: /home/mrush/exercise/src/ros-exercises/install/exercise/share/exercise/local_setup.zsh
[0.947s] -- Up-to-date: /home/mrush/exercise/src/ros-exercises/install/exercise/share/exercise/local_setup.dsv
[0.947s] -- Installing: /home/mrush/exercise/src/ros-exercises/install/exercise/share/exercise/package.dsv
[0.947s] -- Up-to-date: /home/mrush/exercise/src/ros-exercises/install/exercise/share/ament_index/resource_index/packages/exercise
[0.947s] -- Up-to-date: /home/mrush/exercise/src/ros-exercises/install/exercise/share/exercise/cmake/exerciseConfig.cmake
[0.947s] -- Up-to-date: /home/mrush/exercise/src/ros-exercises/install/exercise/share/exercise/cmake/exerciseConfig-version.cmake
[0.948s] -- Up-to-date: /home/mrush/exercise/src/ros-exercises/install/exercise/share/exercise/package.xml
[0.953s] Invoked command in '/home/mrush/exercise/src/ros-exercises/build/exercise' returned '0': CMAKE_PREFIX_PATH=${CMAKE_PREFIX_PATH}:/home/mrush/exercise/src/ros-exercises/install/navigation2_dist:/opt/ros/humble WSLENV=ELECTRON_RUN_AS_NODE/w: /usr/bin/cmake --install /home/mrush/exercise/src/ros-exercises/build/exercise
