[1.815s] Invoking command in '/home/mrush/exercise/src/ros-exercises/build/ex_solution': CMAKE_PREFIX_PATH=${CMAKE_PREFIX_PATH}:/home/mrush/exercise/src/ros-exercises/install/navigation2_dist:/opt/ros/humble WSLENV=ELECTRON_RUN_AS_NODE/w: /usr/bin/cmake --build /home/mrush/exercise/src/ros-exercises/build/ex_solution -- -j8 -l8
[2.922s] [  3%] Built target ex_solution__cpp
[2.922s] [  3%] Built target ament_cmake_python_copy_ex_solution
[2.922s] [ 12%] Built target ex_solution__rosidl_typesupport_introspection_cpp
[2.922s] running egg_info
[2.922s] writing ex_solution.egg-info/PKG-INFO
[2.923s] writing dependency_links to ex_solution.egg-info/dependency_links.txt
[2.923s] writing top-level names to ex_solution.egg-info/top_level.txt
[2.923s] reading manifest file 'ex_solution.egg-info/SOURCES.txt'
[2.923s] writing manifest file 'ex_solution.egg-info/SOURCES.txt'
[2.969s] [ 12%] Built target ament_cmake_python_build_ex_solution_egg
[3.082s] [ 22%] Built target ex_solution__rosidl_typesupport_fastrtps_cpp
[3.152s] [ 32%] Built target ex_solution__rosidl_typesupport_cpp
[3.238s] [ 41%] Built target ex_solution__rosidl_generator_c
[3.349s] [ 51%] Built target ex_solution__rosidl_typesupport_fastrtps_c
[3.483s] [ 61%] Built target ex_solution__rosidl_typesupport_c
[3.600s] [ 70%] Built target ex_solution__rosidl_typesupport_introspection_c
[3.673s] [ 70%] Built target ex_solution
[3.758s] [ 74%] Built target ex_solution__py
[3.795s] [ 80%] Built target ex_solution__rosidl_generator_py
[3.904s] [ 87%] Built target ex_solution__rosidl_typesupport_fastrtps_c__pyext
[3.954s] [ 93%] Built target ex_solution__rosidl_typesupport_c__pyext
[4.113s] [100%] Built target ex_solution__rosidl_typesupport_introspection_c__pyext
[4.648s] Invoked command in '/home/mrush/exercise/src/ros-exercises/build/ex_solution' returned '0': CMAKE_PREFIX_PATH=${CMAKE_PREFIX_PATH}:/home/mrush/exercise/src/ros-exercises/install/navigation2_dist:/opt/ros/humble WSLENV=ELECTRON_RUN_AS_NODE/w: /usr/bin/cmake --build /home/mrush/exercise/src/ros-exercises/build/ex_solution -- -j8 -l8
[4.957s] Invoking command in '/home/mrush/exercise/src/ros-exercises/build/ex_solution': CMAKE_PREFIX_PATH=${CMAKE_PREFIX_PATH}:/home/mrush/exercise/src/ros-exercises/install/navigation2_dist:/opt/ros/humble WSLENV=ELECTRON_RUN_AS_NODE/w: /usr/bin/cmake --install /home/mrush/exercise/src/ros-exercises/build/ex_solution
[4.983s] -- Install configuration: ""
[4.984s] -- Up-to-date: /home/mrush/exercise/src/ros-exercises/install/ex_solution/share/ament_index/resource_index/rosidl_interfaces/ex_solution
[4.985s] -- Up-to-date: /home/mrush/exercise/src/ros-exercises/install/ex_solution/include/ex_solution/ex_solution
[4.985s] -- Up-to-date: /home/mrush/exercise/src/ros-exercises/install/ex_solution/include/ex_solution/ex_solution/msg
[4.985s] -- Up-to-date: /home/mrush/exercise/src/ros-exercises/install/ex_solution/include/ex_solution/ex_solution/msg/rosidl_generator_c__visibility_control.h
[4.986s] -- Up-to-date: /home/mrush/exercise/src/ros-exercises/install/ex_solution/include/ex_solution/ex_solution/action
[4.988s] -- Up-to-date: /home/mrush/exercise/src/ros-exercises/install/ex_solution/include/ex_solution/ex_solution/action/detail
[4.988s] -- Up-to-date: /home/mrush/exercise/src/ros-exercises/install/ex_solution/include/ex_solution/ex_solution/action/detail/exercise_action__struct.h
[4.988s] -- Up-to-date: /home/mrush/exercise/src/ros-exercises/install/ex_solution/include/ex_solution/ex_solution/action/detail/exercise_action__type_support.h
[4.988s] -- Up-to-date: /home/mrush/exercise/src/ros-exercises/install/ex_solution/include/ex_solution/ex_solution/action/detail/exercise_action__functions.c
[4.988s] -- Up-to-date: /home/mrush/exercise/src/ros-exercises/install/ex_solution/include/ex_solution/ex_solution/action/detail/exercise_action__functions.h
[4.989s] -- Up-to-date: /home/mrush/exercise/src/ros-exercises/install/ex_solution/include/ex_solution/ex_solution/action/exercise_action.h
[4.989s] -- Up-to-date: /home/mrush/exercise/src/ros-exercises/install/ex_solution/share/ex_solution/environment/library_path.sh
[4.989s] -- Up-to-date: /home/mrush/exercise/src/ros-exercises/install/ex_solution/share/ex_solution/environment/library_path.dsv
[4.989s] -- Up-to-date: /home/mrush/exercise/src/ros-exercises/install/ex_solution/lib/libex_solution__rosidl_generator_c.so
[4.989s] -- Up-to-date: /home/mrush/exercise/src/ros-exercises/install/ex_solution/include/ex_solution/ex_solution
[4.989s] -- Up-to-date: /home/mrush/exercise/src/ros-exercises/install/ex_solution/include/ex_solution/ex_solution/msg
[4.989s] -- Up-to-date: /home/mrush/exercise/src/ros-exercises/install/ex_solution/include/ex_solution/ex_solution/msg/rosidl_typesupport_fastrtps_c__visibility_control.h
[4.989s] -- Up-to-date: /home/mrush/exercise/src/ros-exercises/install/ex_solution/include/ex_solution/ex_solution/action
[4.990s] -- Up-to-date: /home/mrush/exercise/src/ros-exercises/install/ex_solution/include/ex_solution/ex_solution/action/detail
[4.990s] -- Up-to-date: /home/mrush/exercise/src/ros-exercises/install/ex_solution/include/ex_solution/ex_solution/action/detail/exercise_action__rosidl_typesupport_fastrtps_c.h
[4.991s] -- Up-to-date: /home/mrush/exercise/src/ros-exercises/install/ex_solution/lib/libex_solution__rosidl_typesupport_fastrtps_c.so
[4.992s] -- Up-to-date: /home/mrush/exercise/src/ros-exercises/install/ex_solution/include/ex_solution/ex_solution
[4.992s] -- Up-to-date: /home/mrush/exercise/src/ros-exercises/install/ex_solution/include/ex_solution/ex_solution/action
[4.992s] -- Up-to-date: /home/mrush/exercise/src/ros-exercises/install/ex_solution/include/ex_solution/ex_solution/action/exercise_action.hpp
[4.992s] -- Up-to-date: /home/mrush/exercise/src/ros-exercises/install/ex_solution/include/ex_solution/ex_solution/action/detail
[4.997s] -- Up-to-date: /home/mrush/exercise/src/ros-exercises/install/ex_solution/include/ex_solution/ex_solution/action/detail/exercise_action__traits.hpp
[4.998s] -- Up-to-date: /home/mrush/exercise/src/ros-exercises/install/ex_solution/include/ex_solution/ex_solution/action/detail/exercise_action__builder.hpp
[5.002s] -- Up-to-date: /home/mrush/exercise/src/ros-exercises/install/ex_solution/include/ex_solution/ex_solution/action/detail/exercise_action__struct.hpp
[5.006s] -- Up-to-date: /home/mrush/exercise/src/ros-exercises/install/ex_solution/include/ex_solution/ex_solution
[5.006s] -- Up-to-date: /home/mrush/exercise/src/ros-exercises/install/ex_solution/include/ex_solution/ex_solution/msg
[5.007s] -- Up-to-date: /home/mrush/exercise/src/ros-exercises/install/ex_solution/include/ex_solution/ex_solution/msg/rosidl_typesupport_fastrtps_cpp__visibility_control.h
[5.013s] -- Up-to-date: /home/mrush/exercise/src/ros-exercises/install/ex_solution/include/ex_solution/ex_solution/action
[5.013s] -- Up-to-date: /home/mrush/exercise/src/ros-exercises/install/ex_solution/include/ex_solution/ex_solution/action/detail
[5.014s] -- Up-to-date: /home/mrush/exercise/src/ros-exercises/install/ex_solution/include/ex_solution/ex_solution/action/detail/dds_fastrtps
[5.014s] -- Up-to-date: /home/mrush/exercise/src/ros-exercises/install/ex_solution/include/ex_solution/ex_solution/action/detail/exercise_action__rosidl_typesupport_fastrtps_cpp.hpp
[5.014s] -- Up-to-date: /home/mrush/exercise/src/ros-exercises/install/ex_solution/lib/libex_solution__rosidl_typesupport_fastrtps_cpp.so
[5.015s] -- Up-to-date: /home/mrush/exercise/src/ros-exercises/install/ex_solution/include/ex_solution/ex_solution
[5.015s] -- Up-to-date: /home/mrush/exercise/src/ros-exercises/install/ex_solution/include/ex_solution/ex_solution/msg
[5.015s] -- Up-to-date: /home/mrush/exercise/src/ros-exercises/install/ex_solution/include/ex_solution/ex_solution/msg/rosidl_typesupport_introspection_c__visibility_control.h
[5.015s] -- Up-to-date: /home/mrush/exercise/src/ros-exercises/install/ex_solution/include/ex_solution/ex_solution/action
[5.016s] -- Up-to-date: /home/mrush/exercise/src/ros-exercises/install/ex_solution/include/ex_solution/ex_solution/action/detail
[5.016s] -- Up-to-date: /home/mrush/exercise/src/ros-exercises/install/ex_solution/include/ex_solution/ex_solution/action/detail/exercise_action__rosidl_typesupport_introspection_c.h
[5.016s] -- Up-to-date: /home/mrush/exercise/src/ros-exercises/install/ex_solution/include/ex_solution/ex_solution/action/detail/exercise_action__type_support.c
[5.016s] -- Up-to-date: /home/mrush/exercise/src/ros-exercises/install/ex_solution/lib/libex_solution__rosidl_typesupport_introspection_c.so
[5.017s] -- Up-to-date: /home/mrush/exercise/src/ros-exercises/install/ex_solution/lib/libex_solution__rosidl_typesupport_c.so
[5.017s] -- Up-to-date: /home/mrush/exercise/src/ros-exercises/install/ex_solution/include/ex_solution/ex_solution
[5.017s] -- Up-to-date: /home/mrush/exercise/src/ros-exercises/install/ex_solution/include/ex_solution/ex_solution/action
[5.019s] -- Up-to-date: /home/mrush/exercise/src/ros-exercises/install/ex_solution/include/ex_solution/ex_solution/action/detail
[5.019s] -- Up-to-date: /home/mrush/exercise/src/ros-exercises/install/ex_solution/include/ex_solution/ex_solution/action/detail/exercise_action__type_support.cpp
[5.019s] -- Up-to-date: /home/mrush/exercise/src/ros-exercises/install/ex_solution/include/ex_solution/ex_solution/action/detail/exercise_action__rosidl_typesupport_introspection_cpp.hpp
[5.019s] -- Up-to-date: /home/mrush/exercise/src/ros-exercises/install/ex_solution/lib/libex_solution__rosidl_typesupport_introspection_cpp.so
[5.019s] -- Up-to-date: /home/mrush/exercise/src/ros-exercises/install/ex_solution/lib/libex_solution__rosidl_typesupport_cpp.so
[5.021s] -- Up-to-date: /home/mrush/exercise/src/ros-exercises/install/ex_solution/share/ex_solution/environment/pythonpath.sh
[5.021s] -- Up-to-date: /home/mrush/exercise/src/ros-exercises/install/ex_solution/share/ex_solution/environment/pythonpath.dsv
[5.021s] -- Up-to-date: /home/mrush/exercise/src/ros-exercises/install/ex_solution/local/lib/python3.10/dist-packages/ex_solution-0.0.0-py3.10.egg-info
[5.021s] -- Installing: /home/mrush/exercise/src/ros-exercises/install/ex_solution/local/lib/python3.10/dist-packages/ex_solution-0.0.0-py3.10.egg-info/top_level.txt
[5.021s] -- Installing: /home/mrush/exercise/src/ros-exercises/install/ex_solution/local/lib/python3.10/dist-packages/ex_solution-0.0.0-py3.10.egg-info/PKG-INFO
[5.050s] -- Installing: /home/mrush/exercise/src/ros-exercises/install/ex_solution/local/lib/python3.10/dist-packages/ex_solution-0.0.0-py3.10.egg-info/SOURCES.txt
[5.050s] -- Installing: /home/mrush/exercise/src/ros-exercises/install/ex_solution/local/lib/python3.10/dist-packages/ex_solution-0.0.0-py3.10.egg-info/dependency_links.txt
[5.050s] -- Up-to-date: /home/mrush/exercise/src/ros-exercises/install/ex_solution/local/lib/python3.10/dist-packages/ex_solution
[5.050s] -- Up-to-date: /home/mrush/exercise/src/ros-exercises/install/ex_solution/local/lib/python3.10/dist-packages/ex_solution/libex_solution__rosidl_generator_py.so
[5.050s] -- Up-to-date: /home/mrush/exercise/src/ros-exercises/install/ex_solution/local/lib/python3.10/dist-packages/ex_solution/_ex_solution_s.ep.rosidl_typesupport_c.c
[5.050s] -- Up-to-date: /home/mrush/exercise/src/ros-exercises/install/ex_solution/local/lib/python3.10/dist-packages/ex_solution/ex_solution_s__rosidl_typesupport_c.cpython-310-x86_64-linux-gnu.so
[5.051s] -- Up-to-date: /home/mrush/exercise/src/ros-exercises/install/ex_solution/local/lib/python3.10/dist-packages/ex_solution/_ex_solution_s.ep.rosidl_typesupport_introspection_c.c
[5.051s] -- Up-to-date: /home/mrush/exercise/src/ros-exercises/install/ex_solution/local/lib/python3.10/dist-packages/ex_solution/ex_solution_s__rosidl_typesupport_introspection_c.cpython-310-x86_64-linux-gnu.so
[5.051s] -- Up-to-date: /home/mrush/exercise/src/ros-exercises/install/ex_solution/local/lib/python3.10/dist-packages/ex_solution/_ex_solution_s.ep.rosidl_typesupport_fastrtps_c.c
[5.052s] -- Up-to-date: /home/mrush/exercise/src/ros-exercises/install/ex_solution/local/lib/python3.10/dist-packages/ex_solution/action
[5.052s] -- Up-to-date: /home/mrush/exercise/src/ros-exercises/install/ex_solution/local/lib/python3.10/dist-packages/ex_solution/action/_exercise_action.py
[5.052s] -- Up-to-date: /home/mrush/exercise/src/ros-exercises/install/ex_solution/local/lib/python3.10/dist-packages/ex_solution/action/_exercise_action_s.c
[5.052s] -- Up-to-date: /home/mrush/exercise/src/ros-exercises/install/ex_solution/local/lib/python3.10/dist-packages/ex_solution/action/__init__.py
[5.052s] -- Up-to-date: /home/mrush/exercise/src/ros-exercises/install/ex_solution/local/lib/python3.10/dist-packages/ex_solution/__init__.py
[5.052s] -- Up-to-date: /home/mrush/exercise/src/ros-exercises/install/ex_solution/local/lib/python3.10/dist-packages/ex_solution/ex_solution_s__rosidl_typesupport_fastrtps_c.cpython-310-x86_64-linux-gnu.so
[5.164s] Listing '/home/mrush/exercise/src/ros-exercises/install/ex_solution/local/lib/python3.10/dist-packages/ex_solution'...
[5.165s] Listing '/home/mrush/exercise/src/ros-exercises/install/ex_solution/local/lib/python3.10/dist-packages/ex_solution/action'...
[5.203s] -- Up-to-date: /home/mrush/exercise/src/ros-exercises/install/ex_solution/local/lib/python3.10/dist-packages/ex_solution/ex_solution_s__rosidl_typesupport_fastrtps_c.cpython-310-x86_64-linux-gnu.so
[5.203s] -- Up-to-date: /home/mrush/exercise/src/ros-exercises/install/ex_solution/local/lib/python3.10/dist-packages/ex_solution/ex_solution_s__rosidl_typesupport_introspection_c.cpython-310-x86_64-linux-gnu.so
[5.204s] -- Up-to-date: /home/mrush/exercise/src/ros-exercises/install/ex_solution/local/lib/python3.10/dist-packages/ex_solution/ex_solution_s__rosidl_typesupport_c.cpython-310-x86_64-linux-gnu.so
[5.204s] -- Up-to-date: /home/mrush/exercise/src/ros-exercises/install/ex_solution/lib/libex_solution__rosidl_generator_py.so
[5.204s] -- Up-to-date: /home/mrush/exercise/src/ros-exercises/install/ex_solution/share/ex_solution/action/ExerciseAction.idl
[5.204s] -- Up-to-date: /home/mrush/exercise/src/ros-exercises/install/ex_solution/share/ex_solution/action/ExerciseAction.action
[5.204s] -- Installing: /home/mrush/exercise/src/ros-exercises/install/ex_solution/lib/ex_solution/exercise_action_client.py
[5.204s] -- Installing: /home/mrush/exercise/src/ros-exercises/install/ex_solution/lib/ex_solution/exercise_action_server.py
[5.204s] -- Up-to-date: /home/mrush/exercise/src/ros-exercises/install/ex_solution/share/ament_index/resource_index/package_run_dependencies/ex_solution
[5.207s] -- Up-to-date: /home/mrush/exercise/src/ros-exercises/install/ex_solution/share/ament_index/resource_index/parent_prefix_path/ex_solution
[5.208s] -- Up-to-date: /home/mrush/exercise/src/ros-exercises/install/ex_solution/share/ex_solution/environment/ament_prefix_path.sh
[5.208s] -- Up-to-date: /home/mrush/exercise/src/ros-exercises/install/ex_solution/share/ex_solution/environment/ament_prefix_path.dsv
[5.208s] -- Up-to-date: /home/mrush/exercise/src/ros-exercises/install/ex_solution/share/ex_solution/environment/path.sh
[5.208s] -- Up-to-date: /home/mrush/exercise/src/ros-exercises/install/ex_solution/share/ex_solution/environment/path.dsv
[5.208s] -- Up-to-date: /home/mrush/exercise/src/ros-exercises/install/ex_solution/share/ex_solution/local_setup.bash
[5.208s] -- Up-to-date: /home/mrush/exercise/src/ros-exercises/install/ex_solution/share/ex_solution/local_setup.sh
[5.208s] -- Up-to-date: /home/mrush/exercise/src/ros-exercises/install/ex_solution/share/ex_solution/local_setup.zsh
[5.208s] -- Up-to-date: /home/mrush/exercise/src/ros-exercises/install/ex_solution/share/ex_solution/local_setup.dsv
[5.209s] -- Installing: /home/mrush/exercise/src/ros-exercises/install/ex_solution/share/ex_solution/package.dsv
[5.209s] -- Up-to-date: /home/mrush/exercise/src/ros-exercises/install/ex_solution/share/ament_index/resource_index/packages/ex_solution
[5.209s] -- Up-to-date: /home/mrush/exercise/src/ros-exercises/install/ex_solution/share/ex_solution/cmake/export_ex_solution__rosidl_generator_cExport.cmake
[5.209s] -- Up-to-date: /home/mrush/exercise/src/ros-exercises/install/ex_solution/share/ex_solution/cmake/export_ex_solution__rosidl_generator_cExport-noconfig.cmake
[5.209s] -- Up-to-date: /home/mrush/exercise/src/ros-exercises/install/ex_solution/share/ex_solution/cmake/export_ex_solution__rosidl_typesupport_fastrtps_cExport.cmake
[5.209s] -- Up-to-date: /home/mrush/exercise/src/ros-exercises/install/ex_solution/share/ex_solution/cmake/export_ex_solution__rosidl_typesupport_fastrtps_cExport-noconfig.cmake
[5.209s] -- Up-to-date: /home/mrush/exercise/src/ros-exercises/install/ex_solution/share/ex_solution/cmake/export_ex_solution__rosidl_generator_cppExport.cmake
[5.209s] -- Up-to-date: /home/mrush/exercise/src/ros-exercises/install/ex_solution/share/ex_solution/cmake/export_ex_solution__rosidl_typesupport_fastrtps_cppExport.cmake
[5.209s] -- Up-to-date: /home/mrush/exercise/src/ros-exercises/install/ex_solution/share/ex_solution/cmake/export_ex_solution__rosidl_typesupport_fastrtps_cppExport-noconfig.cmake
[5.209s] -- Up-to-date: /home/mrush/exercise/src/ros-exercises/install/ex_solution/share/ex_solution/cmake/ex_solution__rosidl_typesupport_introspection_cExport.cmake
[5.209s] -- Up-to-date: /home/mrush/exercise/src/ros-exercises/install/ex_solution/share/ex_solution/cmake/ex_solution__rosidl_typesupport_introspection_cExport-noconfig.cmake
[5.210s] -- Up-to-date: /home/mrush/exercise/src/ros-exercises/install/ex_solution/share/ex_solution/cmake/ex_solution__rosidl_typesupport_cExport.cmake
[5.210s] -- Up-to-date: /home/mrush/exercise/src/ros-exercises/install/ex_solution/share/ex_solution/cmake/ex_solution__rosidl_typesupport_cExport-noconfig.cmake
[5.210s] -- Up-to-date: /home/mrush/exercise/src/ros-exercises/install/ex_solution/share/ex_solution/cmake/ex_solution__rosidl_typesupport_introspection_cppExport.cmake
[5.210s] -- Up-to-date: /home/mrush/exercise/src/ros-exercises/install/ex_solution/share/ex_solution/cmake/ex_solution__rosidl_typesupport_introspection_cppExport-noconfig.cmake
[5.210s] -- Up-to-date: /home/mrush/exercise/src/ros-exercises/install/ex_solution/share/ex_solution/cmake/ex_solution__rosidl_typesupport_cppExport.cmake
[5.210s] -- Up-to-date: /home/mrush/exercise/src/ros-exercises/install/ex_solution/share/ex_solution/cmake/ex_solution__rosidl_typesupport_cppExport-noconfig.cmake
[5.210s] -- Up-to-date: /home/mrush/exercise/src/ros-exercises/install/ex_solution/share/ex_solution/cmake/export_ex_solution__rosidl_generator_pyExport.cmake
[5.210s] -- Up-to-date: /home/mrush/exercise/src/ros-exercises/install/ex_solution/share/ex_solution/cmake/export_ex_solution__rosidl_generator_pyExport-noconfig.cmake
[5.210s] -- Up-to-date: /home/mrush/exercise/src/ros-exercises/install/ex_solution/share/ex_solution/cmake/rosidl_cmake-extras.cmake
[5.211s] -- Up-to-date: /home/mrush/exercise/src/ros-exercises/install/ex_solution/share/ex_solution/cmake/ament_cmake_export_dependencies-extras.cmake
[5.211s] -- Up-to-date: /home/mrush/exercise/src/ros-exercises/install/ex_solution/share/ex_solution/cmake/ament_cmake_export_include_directories-extras.cmake
[5.211s] -- Up-to-date: /home/mrush/exercise/src/ros-exercises/install/ex_solution/share/ex_solution/cmake/ament_cmake_export_libraries-extras.cmake
[5.211s] -- Up-to-date: /home/mrush/exercise/src/ros-exercises/install/ex_solution/share/ex_solution/cmake/ament_cmake_export_targets-extras.cmake
[5.211s] -- Up-to-date: /home/mrush/exercise/src/ros-exercises/install/ex_solution/share/ex_solution/cmake/rosidl_cmake_export_typesupport_targets-extras.cmake
[5.211s] -- Up-to-date: /home/mrush/exercise/src/ros-exercises/install/ex_solution/share/ex_solution/cmake/rosidl_cmake_export_typesupport_libraries-extras.cmake
[5.211s] -- Up-to-date: /home/mrush/exercise/src/ros-exercises/install/ex_solution/share/ex_solution/cmake/ex_solutionConfig.cmake
[5.211s] -- Up-to-date: /home/mrush/exercise/src/ros-exercises/install/ex_solution/share/ex_solution/cmake/ex_solutionConfig-version.cmake
[5.211s] -- Up-to-date: /home/mrush/exercise/src/ros-exercises/install/ex_solution/share/ex_solution/package.xml
[5.239s] Invoked command in '/home/mrush/exercise/src/ros-exercises/build/ex_solution' returned '0': CMAKE_PREFIX_PATH=${CMAKE_PREFIX_PATH}:/home/mrush/exercise/src/ros-exercises/install/navigation2_dist:/opt/ros/humble WSLENV=ELECTRON_RUN_AS_NODE/w: /usr/bin/cmake --install /home/mrush/exercise/src/ros-exercises/build/ex_solution
