running egg_info
writing ../../build/navigation2_dist/navigation2_dist.egg-info/PKG-INFO
writing dependency_links to ../../build/navigation2_dist/navigation2_dist.egg-info/dependency_links.txt
writing entry points to ../../build/navigation2_dist/navigation2_dist.egg-info/entry_points.txt
writing requirements to ../../build/navigation2_dist/navigation2_dist.egg-info/requires.txt
writing top-level names to ../../build/navigation2_dist/navigation2_dist.egg-info/top_level.txt
reading manifest file '../../build/navigation2_dist/navigation2_dist.egg-info/SOURCES.txt'
writing manifest file '../../build/navigation2_dist/navigation2_dist.egg-info/SOURCES.txt'
running build
running build_py
running install
running install_lib
running install_data
running install_egg_info
/usr/lib/python3/dist-packages/setuptools/command/install.py:34: SetuptoolsDeprecationWarning: setup.py install is deprecated. Use build and pip and other standards-based tools.
  warnings.warn(
removing '/home/mrush/exercise/src/ros-exercises/install/navigation2_dist/lib/python3.10/site-packages/navigation2_dist-0.0.0-py3.10.egg-info' (and everything under it)
Copying ../../build/navigation2_dist/navigation2_dist.egg-info to /home/mrush/exercise/src/ros-exercises/install/navigation2_dist/lib/python3.10/site-packages/navigation2_dist-0.0.0-py3.10.egg-info
running install_scripts
Installing path_len script to /home/mrush/exercise/src/ros-exercises/install/navigation2_dist/lib/navigation2_dist
writing list of installed files to '/home/mrush/exercise/src/ros-exercises/build/navigation2_dist/install.log'
