[0.442s] Invoking command in '/home/r3k7/Nauka_ros/src/ros-exercises/build/pub_sub': CMAKE_PREFIX_PATH=${CMAKE_PREFIX_PATH}:/home/r3k7/Nauka_ros/src/ros-exercises/install/navigation2_dist:/opt/ros/humble WSLENV=ELECTRON_RUN_AS_NODE/w:WT_SESSION:WT_PROFILE_ID: /usr/bin/cmake --build /home/r3k7/Nauka_ros/src/ros-exercises/build/pub_sub -- -j8 -l8
[0.515s] [100%] Built target listener
[0.515s] [100%] Built target talker
[0.538s] Invoked command in '/home/r3k7/Nauka_ros/src/ros-exercises/build/pub_sub' returned '0': CMAKE_PREFIX_PATH=${CMAKE_PREFIX_PATH}:/home/r3k7/Nauka_ros/src/ros-exercises/install/navigation2_dist:/opt/ros/humble WSLENV=ELECTRON_RUN_AS_NODE/w:WT_SESSION:WT_PROFILE_ID: /usr/bin/cmake --build /home/r3k7/Nauka_ros/src/ros-exercises/build/pub_sub -- -j8 -l8
[0.700s] Invoking command in '/home/r3k7/Nauka_ros/src/ros-exercises/build/pub_sub': CMAKE_PREFIX_PATH=${CMAKE_PREFIX_PATH}:/home/r3k7/Nauka_ros/src/ros-exercises/install/navigation2_dist:/opt/ros/humble WSLENV=ELECTRON_RUN_AS_NODE/w:WT_SESSION:WT_PROFILE_ID: /usr/bin/cmake --install /home/r3k7/Nauka_ros/src/ros-exercises/build/pub_sub
[0.710s] -- Install configuration: ""
[0.711s] -- Up-to-date: /home/r3k7/Nauka_ros/src/ros-exercises/install/pub_sub/lib/pub_sub/talker
[0.711s] -- Up-to-date: /home/r3k7/Nauka_ros/src/ros-exercises/install/pub_sub/lib/pub_sub/listener
[0.711s] -- Up-to-date: /home/r3k7/Nauka_ros/src/ros-exercises/install/pub_sub/share/ament_index/resource_index/package_run_dependencies/pub_sub
[0.711s] -- Up-to-date: /home/r3k7/Nauka_ros/src/ros-exercises/install/pub_sub/share/ament_index/resource_index/parent_prefix_path/pub_sub
[0.711s] -- Up-to-date: /home/r3k7/Nauka_ros/src/ros-exercises/install/pub_sub/share/pub_sub/environment/ament_prefix_path.sh
[0.711s] -- Up-to-date: /home/r3k7/Nauka_ros/src/ros-exercises/install/pub_sub/share/pub_sub/environment/ament_prefix_path.dsv
[0.711s] -- Up-to-date: /home/r3k7/Nauka_ros/src/ros-exercises/install/pub_sub/share/pub_sub/environment/path.sh
[0.712s] -- Up-to-date: /home/r3k7/Nauka_ros/src/ros-exercises/install/pub_sub/share/pub_sub/environment/path.dsv
[0.712s] -- Up-to-date: /home/r3k7/Nauka_ros/src/ros-exercises/install/pub_sub/share/pub_sub/local_setup.bash
[0.712s] -- Up-to-date: /home/r3k7/Nauka_ros/src/ros-exercises/install/pub_sub/share/pub_sub/local_setup.sh
[0.712s] -- Up-to-date: /home/r3k7/Nauka_ros/src/ros-exercises/install/pub_sub/share/pub_sub/local_setup.zsh
[0.712s] -- Up-to-date: /home/r3k7/Nauka_ros/src/ros-exercises/install/pub_sub/share/pub_sub/local_setup.dsv
[0.712s] -- Installing: /home/r3k7/Nauka_ros/src/ros-exercises/install/pub_sub/share/pub_sub/package.dsv
[0.715s] -- Up-to-date: /home/r3k7/Nauka_ros/src/ros-exercises/install/pub_sub/share/ament_index/resource_index/packages/pub_sub
[0.716s] -- Up-to-date: /home/r3k7/Nauka_ros/src/ros-exercises/install/pub_sub/share/pub_sub/cmake/pub_subConfig.cmake
[0.717s] -- Up-to-date: /home/r3k7/Nauka_ros/src/ros-exercises/install/pub_sub/share/pub_sub/cmake/pub_subConfig-version.cmake
[0.718s] -- Up-to-date: /home/r3k7/Nauka_ros/src/ros-exercises/install/pub_sub/share/pub_sub/package.xml
[0.938s] Invoked command in '/home/r3k7/Nauka_ros/src/ros-exercises/build/pub_sub' returned '0': CMAKE_PREFIX_PATH=${CMAKE_PREFIX_PATH}:/home/r3k7/Nauka_ros/src/ros-exercises/install/navigation2_dist:/opt/ros/humble WSLENV=ELECTRON_RUN_AS_NODE/w:WT_SESSION:WT_PROFILE_ID: /usr/bin/cmake --install /home/r3k7/Nauka_ros/src/ros-exercises/build/pub_sub
