[2.195s] DEBUG:colcon:Command line arguments: ['/usr/bin/colcon', 'build']
[2.196s] DEBUG:colcon:Parsed command line arguments: Namespace(log_base=None, log_level=None, verb_name='build', build_base='build', install_base='install', merge_install=False, symlink_install=False, test_result_base=None, continue_on_error=False, executor='parallel', parallel_workers=8, event_handlers=None, ignore_user_meta=False, metas=['./colcon.meta'], base_paths=['.'], packages_ignore=None, packages_ignore_regex=None, paths=None, packages_up_to=None, packages_up_to_regex=None, packages_above=None, packages_above_and_dependencies=None, packages_above_depth=None, packages_select_by_dep=None, packages_skip_by_dep=None, packages_skip_up_to=None, packages_select_build_failed=False, packages_skip_build_finished=False, packages_select_test_failures=False, packages_skip_test_passed=False, packages_select=None, packages_skip=None, packages_select_regex=None, packages_skip_regex=None, packages_start=None, packages_end=None, allow_overriding=[], cmake_args=None, cmake_target=None, cmake_target_skip_unavailable=False, cmake_clean_cache=False, cmake_clean_first=False, cmake_force_configure=False, ament_cmake_args=None, catkin_cmake_args=None, catkin_skip_building_tests=False, verb_parser=<colcon_defaults.argument_parser.defaults.DefaultArgumentsDecorator object at 0x7f789716f0d0>, verb_extension=<colcon_core.verb.build.BuildVerb object at 0x7f78974b9750>, main=<bound method BuildVerb.main of <colcon_core.verb.build.BuildVerb object at 0x7f78974b9750>>)
[2.291s] Level 1:colcon.colcon_core.package_discovery:discover_packages(colcon_meta) check parameters
[2.291s] Level 1:colcon.colcon_core.package_discovery:discover_packages(recursive) check parameters
[2.291s] Level 1:colcon.colcon_core.package_discovery:discover_packages(ignore) check parameters
[2.291s] Level 1:colcon.colcon_core.package_discovery:discover_packages(path) check parameters
[2.291s] Level 1:colcon.colcon_core.package_discovery:discover_packages(colcon_meta) discover
[2.291s] Level 1:colcon.colcon_core.package_discovery:discover_packages(recursive) discover
[2.291s] INFO:colcon.colcon_core.package_discovery:Crawling recursively for packages in '/home/mrush/exercise/src/ros-exercises'
[2.292s] Level 1:colcon.colcon_core.package_identification:_identify(.) by extensions ['ignore', 'ignore_ament_install']
[2.292s] Level 1:colcon.colcon_core.package_identification:_identify(.) by extension 'ignore'
[2.292s] Level 1:colcon.colcon_core.package_identification:_identify(.) by extension 'ignore_ament_install'
[2.292s] Level 1:colcon.colcon_core.package_identification:_identify(.) by extensions ['colcon_pkg']
[2.292s] Level 1:colcon.colcon_core.package_identification:_identify(.) by extension 'colcon_pkg'
[2.292s] Level 1:colcon.colcon_core.package_identification:_identify(.) by extensions ['colcon_meta']
[2.292s] Level 1:colcon.colcon_core.package_identification:_identify(.) by extension 'colcon_meta'
[2.292s] Level 1:colcon.colcon_core.package_identification:_identify(.) by extensions ['ros']
[2.292s] Level 1:colcon.colcon_core.package_identification:_identify(.) by extension 'ros'
[2.321s] Level 1:colcon.colcon_core.package_identification:_identify(.) by extensions ['cmake', 'python']
[2.321s] Level 1:colcon.colcon_core.package_identification:_identify(.) by extension 'cmake'
[2.321s] Level 1:colcon.colcon_core.package_identification:_identify(.) by extension 'python'
[2.322s] Level 1:colcon.colcon_core.package_identification:_identify(.) by extensions ['python_setup_py']
[2.322s] Level 1:colcon.colcon_core.package_identification:_identify(.) by extension 'python_setup_py'
[2.322s] Level 1:colcon.colcon_core.package_identification:_identify(build) by extensions ['ignore', 'ignore_ament_install']
[2.322s] Level 1:colcon.colcon_core.package_identification:_identify(build) by extension 'ignore'
[2.322s] Level 1:colcon.colcon_core.package_identification:_identify(build) ignored
[2.322s] Level 1:colcon.colcon_core.package_identification:_identify(ex_solution) by extensions ['ignore', 'ignore_ament_install']
[2.322s] Level 1:colcon.colcon_core.package_identification:_identify(ex_solution) by extension 'ignore'
[2.322s] Level 1:colcon.colcon_core.package_identification:_identify(ex_solution) by extension 'ignore_ament_install'
[2.323s] Level 1:colcon.colcon_core.package_identification:_identify(ex_solution) by extensions ['colcon_pkg']
[2.323s] Level 1:colcon.colcon_core.package_identification:_identify(ex_solution) by extension 'colcon_pkg'
[2.323s] Level 1:colcon.colcon_core.package_identification:_identify(ex_solution) by extensions ['colcon_meta']
[2.323s] Level 1:colcon.colcon_core.package_identification:_identify(ex_solution) by extension 'colcon_meta'
[2.323s] Level 1:colcon.colcon_core.package_identification:_identify(ex_solution) by extensions ['ros']
[2.323s] Level 1:colcon.colcon_core.package_identification:_identify(ex_solution) by extension 'ros'
[2.327s] DEBUG:colcon.colcon_core.package_identification:Package 'ex_solution' with type 'ros.ament_cmake' and name 'ex_solution'
[2.328s] Level 1:colcon.colcon_core.package_identification:_identify(exercise) by extensions ['ignore', 'ignore_ament_install']
[2.328s] Level 1:colcon.colcon_core.package_identification:_identify(exercise) by extension 'ignore'
[2.328s] Level 1:colcon.colcon_core.package_identification:_identify(exercise) by extension 'ignore_ament_install'
[2.328s] Level 1:colcon.colcon_core.package_identification:_identify(exercise) by extensions ['colcon_pkg']
[2.328s] Level 1:colcon.colcon_core.package_identification:_identify(exercise) by extension 'colcon_pkg'
[2.328s] Level 1:colcon.colcon_core.package_identification:_identify(exercise) by extensions ['colcon_meta']
[2.328s] Level 1:colcon.colcon_core.package_identification:_identify(exercise) by extension 'colcon_meta'
[2.328s] Level 1:colcon.colcon_core.package_identification:_identify(exercise) by extensions ['ros']
[2.329s] Level 1:colcon.colcon_core.package_identification:_identify(exercise) by extension 'ros'
[2.330s] DEBUG:colcon.colcon_core.package_identification:Package 'exercise' with type 'ros.ament_cmake' and name 'exercise'
[2.330s] Level 1:colcon.colcon_core.package_identification:_identify(fibonacci_action) by extensions ['ignore', 'ignore_ament_install']
[2.330s] Level 1:colcon.colcon_core.package_identification:_identify(fibonacci_action) by extension 'ignore'
[2.330s] Level 1:colcon.colcon_core.package_identification:_identify(fibonacci_action) by extension 'ignore_ament_install'
[2.330s] Level 1:colcon.colcon_core.package_identification:_identify(fibonacci_action) by extensions ['colcon_pkg']
[2.330s] Level 1:colcon.colcon_core.package_identification:_identify(fibonacci_action) by extension 'colcon_pkg'
[2.330s] Level 1:colcon.colcon_core.package_identification:_identify(fibonacci_action) by extensions ['colcon_meta']
[2.330s] Level 1:colcon.colcon_core.package_identification:_identify(fibonacci_action) by extension 'colcon_meta'
[2.331s] Level 1:colcon.colcon_core.package_identification:_identify(fibonacci_action) by extensions ['ros']
[2.331s] Level 1:colcon.colcon_core.package_identification:_identify(fibonacci_action) by extension 'ros'
[2.331s] DEBUG:colcon.colcon_core.package_identification:Package 'fibonacci_action' with type 'ros.ament_cmake' and name 'fibonacci_action'
[2.332s] Level 1:colcon.colcon_core.package_identification:_identify(install) by extensions ['ignore', 'ignore_ament_install']
[2.332s] Level 1:colcon.colcon_core.package_identification:_identify(install) by extension 'ignore'
[2.332s] Level 1:colcon.colcon_core.package_identification:_identify(install) ignored
[2.332s] Level 1:colcon.colcon_core.package_identification:_identify(log) by extensions ['ignore', 'ignore_ament_install']
[2.332s] Level 1:colcon.colcon_core.package_identification:_identify(log) by extension 'ignore'
[2.332s] Level 1:colcon.colcon_core.package_identification:_identify(log) ignored
[2.332s] Level 1:colcon.colcon_core.package_identification:_identify(navigation2_planners) by extensions ['ignore', 'ignore_ament_install']
[2.332s] Level 1:colcon.colcon_core.package_identification:_identify(navigation2_planners) by extension 'ignore'
[2.332s] Level 1:colcon.colcon_core.package_identification:_identify(navigation2_planners) by extension 'ignore_ament_install'
[2.332s] Level 1:colcon.colcon_core.package_identification:_identify(navigation2_planners) by extensions ['colcon_pkg']
[2.332s] Level 1:colcon.colcon_core.package_identification:_identify(navigation2_planners) by extension 'colcon_pkg'
[2.333s] Level 1:colcon.colcon_core.package_identification:_identify(navigation2_planners) by extensions ['colcon_meta']
[2.333s] Level 1:colcon.colcon_core.package_identification:_identify(navigation2_planners) by extension 'colcon_meta'
[2.333s] Level 1:colcon.colcon_core.package_identification:_identify(navigation2_planners) by extensions ['ros']
[2.333s] Level 1:colcon.colcon_core.package_identification:_identify(navigation2_planners) by extension 'ros'
[2.333s] Level 1:colcon.colcon_core.package_identification:_identify(navigation2_planners) by extensions ['cmake', 'python']
[2.333s] Level 1:colcon.colcon_core.package_identification:_identify(navigation2_planners) by extension 'cmake'
[2.333s] Level 1:colcon.colcon_core.package_identification:_identify(navigation2_planners) by extension 'python'
[2.333s] Level 1:colcon.colcon_core.package_identification:_identify(navigation2_planners) by extensions ['python_setup_py']
[2.333s] Level 1:colcon.colcon_core.package_identification:_identify(navigation2_planners) by extension 'python_setup_py'
[2.333s] Level 1:colcon.colcon_core.package_identification:_identify(navigation2_planners/navigation2_dist) by extensions ['ignore', 'ignore_ament_install']
[2.333s] Level 1:colcon.colcon_core.package_identification:_identify(navigation2_planners/navigation2_dist) by extension 'ignore'
[2.333s] Level 1:colcon.colcon_core.package_identification:_identify(navigation2_planners/navigation2_dist) by extension 'ignore_ament_install'
[2.333s] Level 1:colcon.colcon_core.package_identification:_identify(navigation2_planners/navigation2_dist) by extensions ['colcon_pkg']
[2.333s] Level 1:colcon.colcon_core.package_identification:_identify(navigation2_planners/navigation2_dist) by extension 'colcon_pkg'
[2.333s] Level 1:colcon.colcon_core.package_identification:_identify(navigation2_planners/navigation2_dist) by extensions ['colcon_meta']
[2.333s] Level 1:colcon.colcon_core.package_identification:_identify(navigation2_planners/navigation2_dist) by extension 'colcon_meta'
[2.333s] Level 1:colcon.colcon_core.package_identification:_identify(navigation2_planners/navigation2_dist) by extensions ['ros']
[2.334s] Level 1:colcon.colcon_core.package_identification:_identify(navigation2_planners/navigation2_dist) by extension 'ros'
[2.334s] DEBUG:colcon.colcon_core.package_identification:Package 'navigation2_planners/navigation2_dist' with type 'ros.ament_python' and name 'navigation2_dist'
[2.335s] Level 1:colcon.colcon_core.package_identification:_identify(navigation2_planners/navigation2_turtlebot) by extensions ['ignore', 'ignore_ament_install']
[2.335s] Level 1:colcon.colcon_core.package_identification:_identify(navigation2_planners/navigation2_turtlebot) by extension 'ignore'
[2.335s] Level 1:colcon.colcon_core.package_identification:_identify(navigation2_planners/navigation2_turtlebot) by extension 'ignore_ament_install'
[2.335s] Level 1:colcon.colcon_core.package_identification:_identify(navigation2_planners/navigation2_turtlebot) by extensions ['colcon_pkg']
[2.335s] Level 1:colcon.colcon_core.package_identification:_identify(navigation2_planners/navigation2_turtlebot) by extension 'colcon_pkg'
[2.336s] Level 1:colcon.colcon_core.package_identification:_identify(navigation2_planners/navigation2_turtlebot) by extensions ['colcon_meta']
[2.336s] Level 1:colcon.colcon_core.package_identification:_identify(navigation2_planners/navigation2_turtlebot) by extension 'colcon_meta'
[2.336s] Level 1:colcon.colcon_core.package_identification:_identify(navigation2_planners/navigation2_turtlebot) by extensions ['ros']
[2.336s] Level 1:colcon.colcon_core.package_identification:_identify(navigation2_planners/navigation2_turtlebot) by extension 'ros'
[2.337s] DEBUG:colcon.colcon_core.package_identification:Package 'navigation2_planners/navigation2_turtlebot' with type 'ros.ament_cmake' and name 'navigation2_turtle'
[2.338s] Level 1:colcon.colcon_core.package_identification:_identify(pub_sub) by extensions ['ignore', 'ignore_ament_install']
[2.338s] Level 1:colcon.colcon_core.package_identification:_identify(pub_sub) by extension 'ignore'
[2.339s] Level 1:colcon.colcon_core.package_identification:_identify(pub_sub) by extension 'ignore_ament_install'
[2.340s] Level 1:colcon.colcon_core.package_identification:_identify(pub_sub) by extensions ['colcon_pkg']
[2.340s] Level 1:colcon.colcon_core.package_identification:_identify(pub_sub) by extension 'colcon_pkg'
[2.340s] Level 1:colcon.colcon_core.package_identification:_identify(pub_sub) by extensions ['colcon_meta']
[2.340s] Level 1:colcon.colcon_core.package_identification:_identify(pub_sub) by extension 'colcon_meta'
[2.340s] Level 1:colcon.colcon_core.package_identification:_identify(pub_sub) by extensions ['ros']
[2.340s] Level 1:colcon.colcon_core.package_identification:_identify(pub_sub) by extension 'ros'
[2.341s] DEBUG:colcon.colcon_core.package_identification:Package 'pub_sub' with type 'ros.ament_cmake' and name 'pub_sub'
[2.341s] Level 1:colcon.colcon_core.package_discovery:discover_packages(recursive) using defaults
[2.341s] Level 1:colcon.colcon_core.package_discovery:discover_packages(ignore) discover
[2.341s] Level 1:colcon.colcon_core.package_discovery:discover_packages(ignore) using defaults
[2.341s] Level 1:colcon.colcon_core.package_discovery:discover_packages(path) discover
[2.341s] Level 1:colcon.colcon_core.package_discovery:discover_packages(path) using defaults
[2.537s] Level 1:colcon.colcon_core.package_discovery:discover_packages(prefix_path) check parameters
[2.537s] Level 1:colcon.colcon_core.package_discovery:discover_packages(prefix_path) discover
[2.610s] DEBUG:colcon.colcon_installed_package_information.package_discovery:Found 6 installed packages in /home/mrush/exercise/src/ros-exercises/install
[2.654s] DEBUG:colcon.colcon_installed_package_information.package_discovery:Found 329 installed packages in /opt/ros/humble
[2.657s] Level 1:colcon.colcon_core.package_discovery:discover_packages(prefix_path) using defaults
[2.938s] Level 5:colcon.colcon_core.verb:set package 'ex_solution' build argument 'cmake_args' from command line to 'None'
[2.938s] Level 5:colcon.colcon_core.verb:set package 'ex_solution' build argument 'cmake_target' from command line to 'None'
[2.938s] Level 5:colcon.colcon_core.verb:set package 'ex_solution' build argument 'cmake_target_skip_unavailable' from command line to 'False'
[2.943s] Level 5:colcon.colcon_core.verb:set package 'ex_solution' build argument 'cmake_clean_cache' from command line to 'False'
[2.944s] Level 5:colcon.colcon_core.verb:set package 'ex_solution' build argument 'cmake_clean_first' from command line to 'False'
[2.944s] Level 5:colcon.colcon_core.verb:set package 'ex_solution' build argument 'cmake_force_configure' from command line to 'False'
[2.944s] Level 5:colcon.colcon_core.verb:set package 'ex_solution' build argument 'ament_cmake_args' from command line to 'None'
[2.944s] Level 5:colcon.colcon_core.verb:set package 'ex_solution' build argument 'catkin_cmake_args' from command line to 'None'
[2.944s] Level 5:colcon.colcon_core.verb:set package 'ex_solution' build argument 'catkin_skip_building_tests' from command line to 'False'
[2.946s] DEBUG:colcon.colcon_core.verb:Building package 'ex_solution' with the following arguments: {'ament_cmake_args': None, 'build_base': '/home/mrush/exercise/src/ros-exercises/build/ex_solution', 'catkin_cmake_args': None, 'catkin_skip_building_tests': False, 'cmake_args': None, 'cmake_clean_cache': False, 'cmake_clean_first': False, 'cmake_force_configure': False, 'cmake_target': None, 'cmake_target_skip_unavailable': False, 'install_base': '/home/mrush/exercise/src/ros-exercises/install/ex_solution', 'merge_install': False, 'path': '/home/mrush/exercise/src/ros-exercises/ex_solution', 'symlink_install': False, 'test_result_base': None}
[3.017s] Level 5:colcon.colcon_core.verb:set package 'exercise' build argument 'cmake_args' from command line to 'None'
[3.017s] Level 5:colcon.colcon_core.verb:set package 'exercise' build argument 'cmake_target' from command line to 'None'
[3.018s] Level 5:colcon.colcon_core.verb:set package 'exercise' build argument 'cmake_target_skip_unavailable' from command line to 'False'
[3.018s] Level 5:colcon.colcon_core.verb:set package 'exercise' build argument 'cmake_clean_cache' from command line to 'False'
[3.018s] Level 5:colcon.colcon_core.verb:set package 'exercise' build argument 'cmake_clean_first' from command line to 'False'
[3.018s] Level 5:colcon.colcon_core.verb:set package 'exercise' build argument 'cmake_force_configure' from command line to 'False'
[3.018s] Level 5:colcon.colcon_core.verb:set package 'exercise' build argument 'ament_cmake_args' from command line to 'None'
[3.018s] Level 5:colcon.colcon_core.verb:set package 'exercise' build argument 'catkin_cmake_args' from command line to 'None'
[3.018s] Level 5:colcon.colcon_core.verb:set package 'exercise' build argument 'catkin_skip_building_tests' from command line to 'False'
[3.018s] DEBUG:colcon.colcon_core.verb:Building package 'exercise' with the following arguments: {'ament_cmake_args': None, 'build_base': '/home/mrush/exercise/src/ros-exercises/build/exercise', 'catkin_cmake_args': None, 'catkin_skip_building_tests': False, 'cmake_args': None, 'cmake_clean_cache': False, 'cmake_clean_first': False, 'cmake_force_configure': False, 'cmake_target': None, 'cmake_target_skip_unavailable': False, 'install_base': '/home/mrush/exercise/src/ros-exercises/install/exercise', 'merge_install': False, 'path': '/home/mrush/exercise/src/ros-exercises/exercise', 'symlink_install': False, 'test_result_base': None}
[3.065s] Level 5:colcon.colcon_core.verb:set package 'fibonacci_action' build argument 'cmake_args' from command line to 'None'
[3.065s] Level 5:colcon.colcon_core.verb:set package 'fibonacci_action' build argument 'cmake_target' from command line to 'None'
[3.065s] Level 5:colcon.colcon_core.verb:set package 'fibonacci_action' build argument 'cmake_target_skip_unavailable' from command line to 'False'
[3.065s] Level 5:colcon.colcon_core.verb:set package 'fibonacci_action' build argument 'cmake_clean_cache' from command line to 'False'
[3.065s] Level 5:colcon.colcon_core.verb:set package 'fibonacci_action' build argument 'cmake_clean_first' from command line to 'False'
[3.065s] Level 5:colcon.colcon_core.verb:set package 'fibonacci_action' build argument 'cmake_force_configure' from command line to 'False'
[3.065s] Level 5:colcon.colcon_core.verb:set package 'fibonacci_action' build argument 'ament_cmake_args' from command line to 'None'
[3.065s] Level 5:colcon.colcon_core.verb:set package 'fibonacci_action' build argument 'catkin_cmake_args' from command line to 'None'
[3.065s] Level 5:colcon.colcon_core.verb:set package 'fibonacci_action' build argument 'catkin_skip_building_tests' from command line to 'False'
[3.065s] DEBUG:colcon.colcon_core.verb:Building package 'fibonacci_action' with the following arguments: {'ament_cmake_args': None, 'build_base': '/home/mrush/exercise/src/ros-exercises/build/fibonacci_action', 'catkin_cmake_args': None, 'catkin_skip_building_tests': False, 'cmake_args': None, 'cmake_clean_cache': False, 'cmake_clean_first': False, 'cmake_force_configure': False, 'cmake_target': None, 'cmake_target_skip_unavailable': False, 'install_base': '/home/mrush/exercise/src/ros-exercises/install/fibonacci_action', 'merge_install': False, 'path': '/home/mrush/exercise/src/ros-exercises/fibonacci_action', 'symlink_install': False, 'test_result_base': None}
[3.113s] Level 5:colcon.colcon_core.verb:set package 'navigation2_dist' build argument 'cmake_args' from command line to 'None'
[3.113s] Level 5:colcon.colcon_core.verb:set package 'navigation2_dist' build argument 'cmake_target' from command line to 'None'
[3.113s] Level 5:colcon.colcon_core.verb:set package 'navigation2_dist' build argument 'cmake_target_skip_unavailable' from command line to 'False'
[3.113s] Level 5:colcon.colcon_core.verb:set package 'navigation2_dist' build argument 'cmake_clean_cache' from command line to 'False'
[3.113s] Level 5:colcon.colcon_core.verb:set package 'navigation2_dist' build argument 'cmake_clean_first' from command line to 'False'
[3.113s] Level 5:colcon.colcon_core.verb:set package 'navigation2_dist' build argument 'cmake_force_configure' from command line to 'False'
[3.114s] Level 5:colcon.colcon_core.verb:set package 'navigation2_dist' build argument 'ament_cmake_args' from command line to 'None'
[3.114s] Level 5:colcon.colcon_core.verb:set package 'navigation2_dist' build argument 'catkin_cmake_args' from command line to 'None'
[3.114s] Level 5:colcon.colcon_core.verb:set package 'navigation2_dist' build argument 'catkin_skip_building_tests' from command line to 'False'
[3.114s] DEBUG:colcon.colcon_core.verb:Building package 'navigation2_dist' with the following arguments: {'ament_cmake_args': None, 'build_base': '/home/mrush/exercise/src/ros-exercises/build/navigation2_dist', 'catkin_cmake_args': None, 'catkin_skip_building_tests': False, 'cmake_args': None, 'cmake_clean_cache': False, 'cmake_clean_first': False, 'cmake_force_configure': False, 'cmake_target': None, 'cmake_target_skip_unavailable': False, 'install_base': '/home/mrush/exercise/src/ros-exercises/install/navigation2_dist', 'merge_install': False, 'path': '/home/mrush/exercise/src/ros-exercises/navigation2_planners/navigation2_dist', 'symlink_install': False, 'test_result_base': None}
[3.138s] Level 5:colcon.colcon_core.verb:set package 'navigation2_turtle' build argument 'cmake_args' from command line to 'None'
[3.138s] Level 5:colcon.colcon_core.verb:set package 'navigation2_turtle' build argument 'cmake_target' from command line to 'None'
[3.138s] Level 5:colcon.colcon_core.verb:set package 'navigation2_turtle' build argument 'cmake_target_skip_unavailable' from command line to 'False'
[3.138s] Level 5:colcon.colcon_core.verb:set package 'navigation2_turtle' build argument 'cmake_clean_cache' from command line to 'False'
[3.138s] Level 5:colcon.colcon_core.verb:set package 'navigation2_turtle' build argument 'cmake_clean_first' from command line to 'False'
[3.138s] Level 5:colcon.colcon_core.verb:set package 'navigation2_turtle' build argument 'cmake_force_configure' from command line to 'False'
[3.138s] Level 5:colcon.colcon_core.verb:set package 'navigation2_turtle' build argument 'ament_cmake_args' from command line to 'None'
[3.139s] Level 5:colcon.colcon_core.verb:set package 'navigation2_turtle' build argument 'catkin_cmake_args' from command line to 'None'
[3.139s] Level 5:colcon.colcon_core.verb:set package 'navigation2_turtle' build argument 'catkin_skip_building_tests' from command line to 'False'
[3.139s] DEBUG:colcon.colcon_core.verb:Building package 'navigation2_turtle' with the following arguments: {'ament_cmake_args': None, 'build_base': '/home/mrush/exercise/src/ros-exercises/build/navigation2_turtle', 'catkin_cmake_args': None, 'catkin_skip_building_tests': False, 'cmake_args': None, 'cmake_clean_cache': False, 'cmake_clean_first': False, 'cmake_force_configure': False, 'cmake_target': None, 'cmake_target_skip_unavailable': False, 'install_base': '/home/mrush/exercise/src/ros-exercises/install/navigation2_turtle', 'merge_install': False, 'path': '/home/mrush/exercise/src/ros-exercises/navigation2_planners/navigation2_turtlebot', 'symlink_install': False, 'test_result_base': None}
[3.172s] Level 5:colcon.colcon_core.verb:set package 'pub_sub' build argument 'cmake_args' from command line to 'None'
[3.172s] Level 5:colcon.colcon_core.verb:set package 'pub_sub' build argument 'cmake_target' from command line to 'None'
[3.172s] Level 5:colcon.colcon_core.verb:set package 'pub_sub' build argument 'cmake_target_skip_unavailable' from command line to 'False'
[3.172s] Level 5:colcon.colcon_core.verb:set package 'pub_sub' build argument 'cmake_clean_cache' from command line to 'False'
[3.172s] Level 5:colcon.colcon_core.verb:set package 'pub_sub' build argument 'cmake_clean_first' from command line to 'False'
[3.172s] Level 5:colcon.colcon_core.verb:set package 'pub_sub' build argument 'cmake_force_configure' from command line to 'False'
[3.172s] Level 5:colcon.colcon_core.verb:set package 'pub_sub' build argument 'ament_cmake_args' from command line to 'None'
[3.172s] Level 5:colcon.colcon_core.verb:set package 'pub_sub' build argument 'catkin_cmake_args' from command line to 'None'
[3.172s] Level 5:colcon.colcon_core.verb:set package 'pub_sub' build argument 'catkin_skip_building_tests' from command line to 'False'
[3.172s] DEBUG:colcon.colcon_core.verb:Building package 'pub_sub' with the following arguments: {'ament_cmake_args': None, 'build_base': '/home/mrush/exercise/src/ros-exercises/build/pub_sub', 'catkin_cmake_args': None, 'catkin_skip_building_tests': False, 'cmake_args': None, 'cmake_clean_cache': False, 'cmake_clean_first': False, 'cmake_force_configure': False, 'cmake_target': None, 'cmake_target_skip_unavailable': False, 'install_base': '/home/mrush/exercise/src/ros-exercises/install/pub_sub', 'merge_install': False, 'path': '/home/mrush/exercise/src/ros-exercises/pub_sub', 'symlink_install': False, 'test_result_base': None}
[3.197s] INFO:colcon.colcon_core.executor:Executing jobs using 'parallel' executor
[3.230s] DEBUG:colcon.colcon_parallel_executor.executor.parallel:run_until_complete
[3.231s] INFO:colcon.colcon_ros.task.ament_cmake.build:Building ROS package in '/home/mrush/exercise/src/ros-exercises/ex_solution' with build type 'ament_cmake'
[3.231s] INFO:colcon.colcon_cmake.task.cmake.build:Building CMake package in '/home/mrush/exercise/src/ros-exercises/ex_solution'
[3.267s] INFO:colcon.colcon_core.plugin_system:Skipping extension 'colcon_core.shell.bat': Not used on non-Windows systems
[3.267s] INFO:colcon.colcon_core.shell:Skip shell extension 'powershell' for command environment: Not usable outside of PowerShell
[3.268s] DEBUG:colcon.colcon_core.shell:Skip shell extension 'dsv' for command environment
[3.384s] INFO:colcon.colcon_ros.task.ament_cmake.build:Building ROS package in '/home/mrush/exercise/src/ros-exercises/exercise' with build type 'ament_cmake'
[3.385s] INFO:colcon.colcon_cmake.task.cmake.build:Building CMake package in '/home/mrush/exercise/src/ros-exercises/exercise'
[3.421s] INFO:colcon.colcon_core.shell:Skip shell extension 'powershell' for command environment: Not usable outside of PowerShell
[3.423s] DEBUG:colcon.colcon_core.shell:Skip shell extension 'dsv' for command environment
[3.524s] INFO:colcon.colcon_ros.task.ament_cmake.build:Building ROS package in '/home/mrush/exercise/src/ros-exercises/fibonacci_action' with build type 'ament_cmake'
[3.525s] INFO:colcon.colcon_cmake.task.cmake.build:Building CMake package in '/home/mrush/exercise/src/ros-exercises/fibonacci_action'
[3.573s] INFO:colcon.colcon_core.shell:Skip shell extension 'powershell' for command environment: Not usable outside of PowerShell
[3.573s] DEBUG:colcon.colcon_core.shell:Skip shell extension 'dsv' for command environment
[3.702s] INFO:colcon.colcon_ros.task.ament_python.build:Building ROS package in '/home/mrush/exercise/src/ros-exercises/navigation2_planners/navigation2_dist' with build type 'ament_python'
[3.703s] Level 1:colcon.colcon_core.shell:create_environment_hook('navigation2_dist', 'ament_prefix_path')
[3.732s] INFO:colcon.colcon_core.shell:Creating environment hook '/home/mrush/exercise/src/ros-exercises/install/navigation2_dist/share/navigation2_dist/hook/ament_prefix_path.ps1'
[3.733s] INFO:colcon.colcon_core.shell:Creating environment descriptor '/home/mrush/exercise/src/ros-exercises/install/navigation2_dist/share/navigation2_dist/hook/ament_prefix_path.dsv'
[3.734s] INFO:colcon.colcon_core.shell:Creating environment hook '/home/mrush/exercise/src/ros-exercises/install/navigation2_dist/share/navigation2_dist/hook/ament_prefix_path.sh'
[3.783s] INFO:colcon.colcon_core.shell:Skip shell extension 'powershell' for command environment: Not usable outside of PowerShell
[3.783s] DEBUG:colcon.colcon_core.shell:Skip shell extension 'dsv' for command environment
[3.917s] INFO:colcon.colcon_ros.task.ament_cmake.build:Building ROS package in '/home/mrush/exercise/src/ros-exercises/navigation2_planners/navigation2_turtlebot' with build type 'ament_cmake'
[3.918s] INFO:colcon.colcon_cmake.task.cmake.build:Building CMake package in '/home/mrush/exercise/src/ros-exercises/navigation2_planners/navigation2_turtlebot'
[3.953s] INFO:colcon.colcon_core.shell:Skip shell extension 'powershell' for command environment: Not usable outside of PowerShell
[3.955s] DEBUG:colcon.colcon_core.shell:Skip shell extension 'dsv' for command environment
[4.071s] INFO:colcon.colcon_ros.task.ament_cmake.build:Building ROS package in '/home/mrush/exercise/src/ros-exercises/pub_sub' with build type 'ament_cmake'
[4.072s] INFO:colcon.colcon_cmake.task.cmake.build:Building CMake package in '/home/mrush/exercise/src/ros-exercises/pub_sub'
[4.110s] INFO:colcon.colcon_core.shell:Skip shell extension 'powershell' for command environment: Not usable outside of PowerShell
[4.110s] DEBUG:colcon.colcon_core.shell:Skip shell extension 'dsv' for command environment
[4.265s] DEBUG:colcon.colcon_core.event_handler.log_command:Invoking command in '/home/mrush/exercise/src/ros-exercises/build/ex_solution': CMAKE_PREFIX_PATH=${CMAKE_PREFIX_PATH}:/home/mrush/exercise/src/ros-exercises/install/navigation2_dist:/opt/ros/humble WSLENV=ELECTRON_RUN_AS_NODE/w: /usr/bin/cmake --build /home/mrush/exercise/src/ros-exercises/build/ex_solution -- -j8 -l8
[4.269s] DEBUG:colcon.colcon_core.event_handler.log_command:Invoking command in '/home/mrush/exercise/src/ros-exercises/build/exercise': CMAKE_PREFIX_PATH=${CMAKE_PREFIX_PATH}:/home/mrush/exercise/src/ros-exercises/install/navigation2_dist:/opt/ros/humble WSLENV=ELECTRON_RUN_AS_NODE/w: /usr/bin/cmake --build /home/mrush/exercise/src/ros-exercises/build/exercise -- -j8 -l8
[4.291s] DEBUG:colcon.colcon_core.event_handler.log_command:Invoking command in '/home/mrush/exercise/src/ros-exercises/build/fibonacci_action': CMAKE_PREFIX_PATH=${CMAKE_PREFIX_PATH}:/home/mrush/exercise/src/ros-exercises/install/navigation2_dist:/opt/ros/humble WSLENV=ELECTRON_RUN_AS_NODE/w: /usr/bin/cmake --build /home/mrush/exercise/src/ros-exercises/build/fibonacci_action -- -j8 -l8
[5.134s] INFO:colcon.colcon_core.task.python.build:Building Python package in '/home/mrush/exercise/src/ros-exercises/navigation2_planners/navigation2_dist'
[5.187s] INFO:colcon.colcon_core.shell:Skip shell extension 'powershell' for command environment: Not usable outside of PowerShell
[5.187s] DEBUG:colcon.colcon_core.shell:Skip shell extension 'dsv' for command environment
[5.402s] DEBUG:colcon.colcon_core.event_handler.log_command:Invoking command in '/home/mrush/exercise/src/ros-exercises/build/navigation2_turtle': CMAKE_PREFIX_PATH=${CMAKE_PREFIX_PATH}:/home/mrush/exercise/src/ros-exercises/install/navigation2_dist:/opt/ros/humble WSLENV=ELECTRON_RUN_AS_NODE/w: /usr/bin/cmake --build /home/mrush/exercise/src/ros-exercises/build/navigation2_turtle -- -j8 -l8
[5.451s] DEBUG:colcon.colcon_core.event_handler.log_command:Invoking command in '/home/mrush/exercise/src/ros-exercises/build/pub_sub': CMAKE_PREFIX_PATH=${CMAKE_PREFIX_PATH}:/home/mrush/exercise/src/ros-exercises/install/navigation2_dist:/opt/ros/humble WSLENV=ELECTRON_RUN_AS_NODE/w: /usr/bin/cmake --build /home/mrush/exercise/src/ros-exercises/build/pub_sub -- -j8 -l8
[5.467s] DEBUG:colcon.colcon_core.event_handler.log_command:Invoked command in '/home/mrush/exercise/src/ros-exercises/build/exercise' returned '0': CMAKE_PREFIX_PATH=${CMAKE_PREFIX_PATH}:/home/mrush/exercise/src/ros-exercises/install/navigation2_dist:/opt/ros/humble WSLENV=ELECTRON_RUN_AS_NODE/w: /usr/bin/cmake --build /home/mrush/exercise/src/ros-exercises/build/exercise -- -j8 -l8
[5.533s] DEBUG:colcon.colcon_core.event_handler.log_command:Invoked command in '/home/mrush/exercise/src/ros-exercises/build/navigation2_turtle' returned '0': CMAKE_PREFIX_PATH=${CMAKE_PREFIX_PATH}:/home/mrush/exercise/src/ros-exercises/install/navigation2_dist:/opt/ros/humble WSLENV=ELECTRON_RUN_AS_NODE/w: /usr/bin/cmake --build /home/mrush/exercise/src/ros-exercises/build/navigation2_turtle -- -j8 -l8
[5.602s] DEBUG:colcon.colcon_core.event_handler.log_command:Invoking command in '/home/mrush/exercise/src/ros-exercises/build/exercise': CMAKE_PREFIX_PATH=${CMAKE_PREFIX_PATH}:/home/mrush/exercise/src/ros-exercises/install/navigation2_dist:/opt/ros/humble WSLENV=ELECTRON_RUN_AS_NODE/w: /usr/bin/cmake --install /home/mrush/exercise/src/ros-exercises/build/exercise
[5.638s] DEBUG:colcon.colcon_core.event_handler.log_command:Invoking command in '/home/mrush/exercise/src/ros-exercises/build/navigation2_turtle': CMAKE_PREFIX_PATH=${CMAKE_PREFIX_PATH}:/home/mrush/exercise/src/ros-exercises/install/navigation2_dist:/opt/ros/humble WSLENV=ELECTRON_RUN_AS_NODE/w: /usr/bin/cmake --install /home/mrush/exercise/src/ros-exercises/build/navigation2_turtle
[5.645s] Level 1:colcon.colcon_core.environment:create_environment_scripts_only(exercise)
[5.647s] DEBUG:colcon.colcon_core.event_handler.log_command:Invoked command in '/home/mrush/exercise/src/ros-exercises/build/exercise' returned '0': CMAKE_PREFIX_PATH=${CMAKE_PREFIX_PATH}:/home/mrush/exercise/src/ros-exercises/install/navigation2_dist:/opt/ros/humble WSLENV=ELECTRON_RUN_AS_NODE/w: /usr/bin/cmake --install /home/mrush/exercise/src/ros-exercises/build/exercise
[5.724s] Level 1:colcon.colcon_core.environment:checking '/home/mrush/exercise/src/ros-exercises/install/exercise' for CMake module files
[5.725s] Level 1:colcon.colcon_core.environment:checking '/home/mrush/exercise/src/ros-exercises/install/exercise' for CMake config files
[5.725s] Level 1:colcon.colcon_core.shell:create_environment_hook('exercise', 'cmake_prefix_path')
[5.767s] INFO:colcon.colcon_core.shell:Creating environment hook '/home/mrush/exercise/src/ros-exercises/install/exercise/share/exercise/hook/cmake_prefix_path.ps1'
[5.769s] INFO:colcon.colcon_core.shell:Creating environment descriptor '/home/mrush/exercise/src/ros-exercises/install/exercise/share/exercise/hook/cmake_prefix_path.dsv'
[5.770s] INFO:colcon.colcon_core.shell:Creating environment hook '/home/mrush/exercise/src/ros-exercises/install/exercise/share/exercise/hook/cmake_prefix_path.sh'
[5.771s] Level 1:colcon.colcon_core.environment:checking '/home/mrush/exercise/src/ros-exercises/install/exercise/bin'
[5.771s] Level 1:colcon.colcon_core.environment:checking '/home/mrush/exercise/src/ros-exercises/install/exercise/lib/pkgconfig/exercise.pc'
[5.772s] Level 1:colcon.colcon_core.environment:checking '/home/mrush/exercise/src/ros-exercises/install/exercise/lib/python3.10/site-packages'
[5.772s] Level 1:colcon.colcon_core.environment:checking '/home/mrush/exercise/src/ros-exercises/install/exercise/bin'
[5.867s] INFO:colcon.colcon_core.shell:Creating package script '/home/mrush/exercise/src/ros-exercises/install/exercise/share/exercise/package.ps1'
[5.872s] INFO:colcon.colcon_core.shell:Creating package descriptor '/home/mrush/exercise/src/ros-exercises/install/exercise/share/exercise/package.dsv'
[5.883s] INFO:colcon.colcon_core.shell:Creating package script '/home/mrush/exercise/src/ros-exercises/install/exercise/share/exercise/package.sh'
[5.887s] INFO:colcon.colcon_core.shell:Creating package script '/home/mrush/exercise/src/ros-exercises/install/exercise/share/exercise/package.bash'
[5.888s] INFO:colcon.colcon_core.shell:Creating package script '/home/mrush/exercise/src/ros-exercises/install/exercise/share/exercise/package.zsh'
[5.891s] Level 1:colcon.colcon_core.environment:create_file_with_runtime_dependencies(/home/mrush/exercise/src/ros-exercises/install/exercise/share/colcon-core/packages/exercise)
[5.934s] DEBUG:colcon.colcon_core.event_handler.log_command:Invoked command in '/home/mrush/exercise/src/ros-exercises/build/pub_sub' returned '0': CMAKE_PREFIX_PATH=${CMAKE_PREFIX_PATH}:/home/mrush/exercise/src/ros-exercises/install/navigation2_dist:/opt/ros/humble WSLENV=ELECTRON_RUN_AS_NODE/w: /usr/bin/cmake --build /home/mrush/exercise/src/ros-exercises/build/pub_sub -- -j8 -l8
[5.935s] Level 1:colcon.colcon_core.environment:create_environment_scripts_only(navigation2_turtle)
[5.936s] DEBUG:colcon.colcon_core.event_handler.log_command:Invoked command in '/home/mrush/exercise/src/ros-exercises/build/navigation2_turtle' returned '0': CMAKE_PREFIX_PATH=${CMAKE_PREFIX_PATH}:/home/mrush/exercise/src/ros-exercises/install/navigation2_dist:/opt/ros/humble WSLENV=ELECTRON_RUN_AS_NODE/w: /usr/bin/cmake --install /home/mrush/exercise/src/ros-exercises/build/navigation2_turtle
[5.963s] Level 1:colcon.colcon_core.environment:checking '/home/mrush/exercise/src/ros-exercises/install/navigation2_turtle' for CMake module files
[5.965s] Level 1:colcon.colcon_core.environment:checking '/home/mrush/exercise/src/ros-exercises/install/navigation2_turtle' for CMake config files
[5.965s] Level 1:colcon.colcon_core.shell:create_environment_hook('navigation2_turtle', 'cmake_prefix_path')
[6.001s] INFO:colcon.colcon_core.shell:Creating environment hook '/home/mrush/exercise/src/ros-exercises/install/navigation2_turtle/share/navigation2_turtle/hook/cmake_prefix_path.ps1'
[6.002s] INFO:colcon.colcon_core.shell:Creating environment descriptor '/home/mrush/exercise/src/ros-exercises/install/navigation2_turtle/share/navigation2_turtle/hook/cmake_prefix_path.dsv'
[6.002s] INFO:colcon.colcon_core.shell:Creating environment hook '/home/mrush/exercise/src/ros-exercises/install/navigation2_turtle/share/navigation2_turtle/hook/cmake_prefix_path.sh'
[6.003s] Level 1:colcon.colcon_core.environment:checking '/home/mrush/exercise/src/ros-exercises/install/navigation2_turtle/bin'
[6.003s] Level 1:colcon.colcon_core.environment:checking '/home/mrush/exercise/src/ros-exercises/install/navigation2_turtle/lib/pkgconfig/navigation2_turtle.pc'
[6.004s] Level 1:colcon.colcon_core.environment:checking '/home/mrush/exercise/src/ros-exercises/install/navigation2_turtle/lib/python3.10/site-packages'
[6.004s] Level 1:colcon.colcon_core.environment:checking '/home/mrush/exercise/src/ros-exercises/install/navigation2_turtle/bin'
[6.054s] INFO:colcon.colcon_core.shell:Creating package script '/home/mrush/exercise/src/ros-exercises/install/navigation2_turtle/share/navigation2_turtle/package.ps1'
[6.055s] INFO:colcon.colcon_core.shell:Creating package descriptor '/home/mrush/exercise/src/ros-exercises/install/navigation2_turtle/share/navigation2_turtle/package.dsv'
[6.055s] INFO:colcon.colcon_core.shell:Creating package script '/home/mrush/exercise/src/ros-exercises/install/navigation2_turtle/share/navigation2_turtle/package.sh'
[6.056s] INFO:colcon.colcon_core.shell:Creating package script '/home/mrush/exercise/src/ros-exercises/install/navigation2_turtle/share/navigation2_turtle/package.bash'
[6.056s] INFO:colcon.colcon_core.shell:Creating package script '/home/mrush/exercise/src/ros-exercises/install/navigation2_turtle/share/navigation2_turtle/package.zsh'
[6.056s] Level 1:colcon.colcon_core.environment:create_file_with_runtime_dependencies(/home/mrush/exercise/src/ros-exercises/install/navigation2_turtle/share/colcon-core/packages/navigation2_turtle)
[6.121s] Level 1:colcon.colcon_core.environment:create_environment_scripts_only(exercise)
[6.192s] Level 1:colcon.colcon_core.environment:checking '/home/mrush/exercise/src/ros-exercises/install/exercise' for CMake module files
[6.194s] Level 1:colcon.colcon_core.environment:checking '/home/mrush/exercise/src/ros-exercises/install/exercise' for CMake config files
[6.195s] Level 1:colcon.colcon_core.shell:create_environment_hook('exercise', 'cmake_prefix_path')
[6.237s] INFO:colcon.colcon_core.shell:Creating environment hook '/home/mrush/exercise/src/ros-exercises/install/exercise/share/exercise/hook/cmake_prefix_path.ps1'
[6.238s] INFO:colcon.colcon_core.shell:Creating environment descriptor '/home/mrush/exercise/src/ros-exercises/install/exercise/share/exercise/hook/cmake_prefix_path.dsv'
[6.238s] INFO:colcon.colcon_core.shell:Creating environment hook '/home/mrush/exercise/src/ros-exercises/install/exercise/share/exercise/hook/cmake_prefix_path.sh'
[6.239s] Level 1:colcon.colcon_core.environment:checking '/home/mrush/exercise/src/ros-exercises/install/exercise/bin'
[6.239s] Level 1:colcon.colcon_core.environment:checking '/home/mrush/exercise/src/ros-exercises/install/exercise/lib/pkgconfig/exercise.pc'
[6.240s] Level 1:colcon.colcon_core.environment:checking '/home/mrush/exercise/src/ros-exercises/install/exercise/lib/python3.10/site-packages'
[6.240s] Level 1:colcon.colcon_core.environment:checking '/home/mrush/exercise/src/ros-exercises/install/exercise/bin'
[6.271s] INFO:colcon.colcon_core.shell:Creating package script '/home/mrush/exercise/src/ros-exercises/install/exercise/share/exercise/package.ps1'
[6.273s] INFO:colcon.colcon_core.shell:Creating package descriptor '/home/mrush/exercise/src/ros-exercises/install/exercise/share/exercise/package.dsv'
[6.275s] INFO:colcon.colcon_core.shell:Creating package script '/home/mrush/exercise/src/ros-exercises/install/exercise/share/exercise/package.sh'
[6.284s] INFO:colcon.colcon_core.shell:Creating package script '/home/mrush/exercise/src/ros-exercises/install/exercise/share/exercise/package.bash'
[6.289s] INFO:colcon.colcon_core.shell:Creating package script '/home/mrush/exercise/src/ros-exercises/install/exercise/share/exercise/package.zsh'
[6.291s] Level 1:colcon.colcon_core.environment:create_file_with_runtime_dependencies(/home/mrush/exercise/src/ros-exercises/install/exercise/share/colcon-core/packages/exercise)
[6.294s] DEBUG:colcon.colcon_core.event_handler.log_command:Invoking command in '/home/mrush/exercise/src/ros-exercises/build/pub_sub': CMAKE_PREFIX_PATH=${CMAKE_PREFIX_PATH}:/home/mrush/exercise/src/ros-exercises/install/navigation2_dist:/opt/ros/humble WSLENV=ELECTRON_RUN_AS_NODE/w: /usr/bin/cmake --install /home/mrush/exercise/src/ros-exercises/build/pub_sub
[6.367s] Level 1:colcon.colcon_core.environment:create_environment_scripts_only(navigation2_turtle)
[6.440s] Level 1:colcon.colcon_core.environment:checking '/home/mrush/exercise/src/ros-exercises/install/navigation2_turtle' for CMake module files
[6.441s] Level 1:colcon.colcon_core.environment:checking '/home/mrush/exercise/src/ros-exercises/install/navigation2_turtle' for CMake config files
[6.441s] Level 1:colcon.colcon_core.shell:create_environment_hook('navigation2_turtle', 'cmake_prefix_path')
[6.487s] INFO:colcon.colcon_core.shell:Creating environment hook '/home/mrush/exercise/src/ros-exercises/install/navigation2_turtle/share/navigation2_turtle/hook/cmake_prefix_path.ps1'
[6.488s] INFO:colcon.colcon_core.shell:Creating environment descriptor '/home/mrush/exercise/src/ros-exercises/install/navigation2_turtle/share/navigation2_turtle/hook/cmake_prefix_path.dsv'
[6.489s] INFO:colcon.colcon_core.shell:Creating environment hook '/home/mrush/exercise/src/ros-exercises/install/navigation2_turtle/share/navigation2_turtle/hook/cmake_prefix_path.sh'
[6.491s] Level 1:colcon.colcon_core.environment:checking '/home/mrush/exercise/src/ros-exercises/install/navigation2_turtle/bin'
[6.492s] Level 1:colcon.colcon_core.environment:checking '/home/mrush/exercise/src/ros-exercises/install/navigation2_turtle/lib/pkgconfig/navigation2_turtle.pc'
[6.493s] Level 1:colcon.colcon_core.environment:checking '/home/mrush/exercise/src/ros-exercises/install/navigation2_turtle/lib/python3.10/site-packages'
[6.494s] Level 1:colcon.colcon_core.environment:checking '/home/mrush/exercise/src/ros-exercises/install/navigation2_turtle/bin'
[6.538s] INFO:colcon.colcon_core.shell:Creating package script '/home/mrush/exercise/src/ros-exercises/install/navigation2_turtle/share/navigation2_turtle/package.ps1'
[6.539s] INFO:colcon.colcon_core.shell:Creating package descriptor '/home/mrush/exercise/src/ros-exercises/install/navigation2_turtle/share/navigation2_turtle/package.dsv'
[6.540s] INFO:colcon.colcon_core.shell:Creating package script '/home/mrush/exercise/src/ros-exercises/install/navigation2_turtle/share/navigation2_turtle/package.sh'
[6.541s] INFO:colcon.colcon_core.shell:Creating package script '/home/mrush/exercise/src/ros-exercises/install/navigation2_turtle/share/navigation2_turtle/package.bash'
[6.541s] INFO:colcon.colcon_core.shell:Creating package script '/home/mrush/exercise/src/ros-exercises/install/navigation2_turtle/share/navigation2_turtle/package.zsh'
[6.542s] Level 1:colcon.colcon_core.environment:create_file_with_runtime_dependencies(/home/mrush/exercise/src/ros-exercises/install/navigation2_turtle/share/colcon-core/packages/navigation2_turtle)
[6.547s] DEBUG:colcon.colcon_core.event_handler.log_command:Invoked command in '/home/mrush/exercise/src/ros-exercises/build/ex_solution' returned '0': CMAKE_PREFIX_PATH=${CMAKE_PREFIX_PATH}:/home/mrush/exercise/src/ros-exercises/install/navigation2_dist:/opt/ros/humble WSLENV=ELECTRON_RUN_AS_NODE/w: /usr/bin/cmake --build /home/mrush/exercise/src/ros-exercises/build/ex_solution -- -j8 -l8
[6.560s] Level 1:colcon.colcon_core.environment:create_environment_scripts_only(pub_sub)
[6.562s] DEBUG:colcon.colcon_core.event_handler.log_command:Invoked command in '/home/mrush/exercise/src/ros-exercises/build/pub_sub' returned '0': CMAKE_PREFIX_PATH=${CMAKE_PREFIX_PATH}:/home/mrush/exercise/src/ros-exercises/install/navigation2_dist:/opt/ros/humble WSLENV=ELECTRON_RUN_AS_NODE/w: /usr/bin/cmake --install /home/mrush/exercise/src/ros-exercises/build/pub_sub
[6.627s] Level 1:colcon.colcon_core.environment:checking '/home/mrush/exercise/src/ros-exercises/install/pub_sub' for CMake module files
[6.628s] Level 1:colcon.colcon_core.environment:checking '/home/mrush/exercise/src/ros-exercises/install/pub_sub' for CMake config files
[6.628s] Level 1:colcon.colcon_core.shell:create_environment_hook('pub_sub', 'cmake_prefix_path')
[6.672s] INFO:colcon.colcon_core.shell:Creating environment hook '/home/mrush/exercise/src/ros-exercises/install/pub_sub/share/pub_sub/hook/cmake_prefix_path.ps1'
[6.673s] INFO:colcon.colcon_core.shell:Creating environment descriptor '/home/mrush/exercise/src/ros-exercises/install/pub_sub/share/pub_sub/hook/cmake_prefix_path.dsv'
[6.674s] INFO:colcon.colcon_core.shell:Creating environment hook '/home/mrush/exercise/src/ros-exercises/install/pub_sub/share/pub_sub/hook/cmake_prefix_path.sh'
[6.675s] Level 1:colcon.colcon_core.environment:checking '/home/mrush/exercise/src/ros-exercises/install/pub_sub/lib'
[6.676s] Level 1:colcon.colcon_core.environment:checking '/home/mrush/exercise/src/ros-exercises/install/pub_sub/bin'
[6.677s] Level 1:colcon.colcon_core.environment:checking '/home/mrush/exercise/src/ros-exercises/install/pub_sub/lib/pkgconfig/pub_sub.pc'
[6.678s] Level 1:colcon.colcon_core.environment:checking '/home/mrush/exercise/src/ros-exercises/install/pub_sub/lib/python3.10/site-packages'
[6.682s] Level 1:colcon.colcon_core.environment:checking '/home/mrush/exercise/src/ros-exercises/install/pub_sub/bin'
[6.713s] INFO:colcon.colcon_core.shell:Creating package script '/home/mrush/exercise/src/ros-exercises/install/pub_sub/share/pub_sub/package.ps1'
[6.714s] INFO:colcon.colcon_core.shell:Creating package descriptor '/home/mrush/exercise/src/ros-exercises/install/pub_sub/share/pub_sub/package.dsv'
[6.717s] INFO:colcon.colcon_core.shell:Creating package script '/home/mrush/exercise/src/ros-exercises/install/pub_sub/share/pub_sub/package.sh'
[6.718s] INFO:colcon.colcon_core.shell:Creating package script '/home/mrush/exercise/src/ros-exercises/install/pub_sub/share/pub_sub/package.bash'
[6.725s] INFO:colcon.colcon_core.shell:Creating package script '/home/mrush/exercise/src/ros-exercises/install/pub_sub/share/pub_sub/package.zsh'
[6.726s] Level 1:colcon.colcon_core.environment:create_file_with_runtime_dependencies(/home/mrush/exercise/src/ros-exercises/install/pub_sub/share/colcon-core/packages/pub_sub)
[6.743s] DEBUG:colcon.colcon_core.event_handler.log_command:Invoked command in '/home/mrush/exercise/src/ros-exercises/build/fibonacci_action' returned '0': CMAKE_PREFIX_PATH=${CMAKE_PREFIX_PATH}:/home/mrush/exercise/src/ros-exercises/install/navigation2_dist:/opt/ros/humble WSLENV=ELECTRON_RUN_AS_NODE/w: /usr/bin/cmake --build /home/mrush/exercise/src/ros-exercises/build/fibonacci_action -- -j8 -l8
[6.870s] DEBUG:colcon.colcon_core.event_handler.log_command:Invoking command in '/home/mrush/exercise/src/ros-exercises/build/ex_solution': CMAKE_PREFIX_PATH=${CMAKE_PREFIX_PATH}:/home/mrush/exercise/src/ros-exercises/install/navigation2_dist:/opt/ros/humble WSLENV=ELECTRON_RUN_AS_NODE/w: /usr/bin/cmake --install /home/mrush/exercise/src/ros-exercises/build/ex_solution
[6.960s] Level 1:colcon.colcon_core.environment:create_environment_scripts_only(pub_sub)
[7.104s] Level 1:colcon.colcon_core.environment:checking '/home/mrush/exercise/src/ros-exercises/install/pub_sub' for CMake module files
[7.135s] Level 1:colcon.colcon_core.environment:checking '/home/mrush/exercise/src/ros-exercises/install/pub_sub' for CMake config files
[7.135s] Level 1:colcon.colcon_core.shell:create_environment_hook('pub_sub', 'cmake_prefix_path')
[7.166s] INFO:colcon.colcon_core.shell:Creating environment hook '/home/mrush/exercise/src/ros-exercises/install/pub_sub/share/pub_sub/hook/cmake_prefix_path.ps1'
[7.168s] INFO:colcon.colcon_core.shell:Creating environment descriptor '/home/mrush/exercise/src/ros-exercises/install/pub_sub/share/pub_sub/hook/cmake_prefix_path.dsv'
[7.169s] INFO:colcon.colcon_core.shell:Creating environment hook '/home/mrush/exercise/src/ros-exercises/install/pub_sub/share/pub_sub/hook/cmake_prefix_path.sh'
[7.171s] Level 1:colcon.colcon_core.environment:checking '/home/mrush/exercise/src/ros-exercises/install/pub_sub/lib'
[7.171s] Level 1:colcon.colcon_core.environment:checking '/home/mrush/exercise/src/ros-exercises/install/pub_sub/bin'
[7.171s] Level 1:colcon.colcon_core.environment:checking '/home/mrush/exercise/src/ros-exercises/install/pub_sub/lib/pkgconfig/pub_sub.pc'
[7.171s] Level 1:colcon.colcon_core.environment:checking '/home/mrush/exercise/src/ros-exercises/install/pub_sub/lib/python3.10/site-packages'
[7.172s] Level 1:colcon.colcon_core.environment:checking '/home/mrush/exercise/src/ros-exercises/install/pub_sub/bin'
[7.204s] INFO:colcon.colcon_core.shell:Creating package script '/home/mrush/exercise/src/ros-exercises/install/pub_sub/share/pub_sub/package.ps1'
[7.208s] INFO:colcon.colcon_core.shell:Creating package descriptor '/home/mrush/exercise/src/ros-exercises/install/pub_sub/share/pub_sub/package.dsv'
[7.210s] INFO:colcon.colcon_core.shell:Creating package script '/home/mrush/exercise/src/ros-exercises/install/pub_sub/share/pub_sub/package.sh'
[7.211s] INFO:colcon.colcon_core.shell:Creating package script '/home/mrush/exercise/src/ros-exercises/install/pub_sub/share/pub_sub/package.bash'
[7.212s] INFO:colcon.colcon_core.shell:Creating package script '/home/mrush/exercise/src/ros-exercises/install/pub_sub/share/pub_sub/package.zsh'
[7.213s] Level 1:colcon.colcon_core.environment:create_file_with_runtime_dependencies(/home/mrush/exercise/src/ros-exercises/install/pub_sub/share/colcon-core/packages/pub_sub)
[7.227s] DEBUG:colcon.colcon_core.event_handler.log_command:Invoking command in '/home/mrush/exercise/src/ros-exercises/navigation2_planners/navigation2_dist': PYTHONPATH=/home/mrush/exercise/src/ros-exercises/build/navigation2_dist/prefix_override:/home/mrush/exercise/src/ros-exercises/install/navigation2_dist/lib/python3.10/site-packages:${PYTHONPATH} WSLENV=ELECTRON_RUN_AS_NODE/w: /usr/bin/python3 setup.py egg_info --egg-base ../../build/navigation2_dist build --build-base /home/mrush/exercise/src/ros-exercises/build/navigation2_dist/build install --record /home/mrush/exercise/src/ros-exercises/build/navigation2_dist/install.log --single-version-externally-managed
[7.249s] DEBUG:colcon.colcon_core.event_handler.log_command:Invoking command in '/home/mrush/exercise/src/ros-exercises/build/fibonacci_action': CMAKE_PREFIX_PATH=${CMAKE_PREFIX_PATH}:/home/mrush/exercise/src/ros-exercises/install/navigation2_dist:/opt/ros/humble WSLENV=ELECTRON_RUN_AS_NODE/w: /usr/bin/cmake --install /home/mrush/exercise/src/ros-exercises/build/fibonacci_action
[7.284s] DEBUG:colcon.colcon_core.event_handler.log_command:Invoked command in '/home/mrush/exercise/src/ros-exercises/build/ex_solution' returned '0': CMAKE_PREFIX_PATH=${CMAKE_PREFIX_PATH}:/home/mrush/exercise/src/ros-exercises/install/navigation2_dist:/opt/ros/humble WSLENV=ELECTRON_RUN_AS_NODE/w: /usr/bin/cmake --install /home/mrush/exercise/src/ros-exercises/build/ex_solution
[7.305s] Level 1:colcon.colcon_core.environment:create_environment_scripts_only(ex_solution)
[7.359s] Level 1:colcon.colcon_core.environment:checking '/home/mrush/exercise/src/ros-exercises/install/ex_solution' for CMake module files
[7.379s] Level 1:colcon.colcon_core.environment:checking '/home/mrush/exercise/src/ros-exercises/install/ex_solution' for CMake config files
[7.381s] Level 1:colcon.colcon_core.shell:create_environment_hook('ex_solution', 'cmake_prefix_path')
[7.474s] INFO:colcon.colcon_core.shell:Creating environment hook '/home/mrush/exercise/src/ros-exercises/install/ex_solution/share/ex_solution/hook/cmake_prefix_path.ps1'
[7.477s] INFO:colcon.colcon_core.shell:Creating environment descriptor '/home/mrush/exercise/src/ros-exercises/install/ex_solution/share/ex_solution/hook/cmake_prefix_path.dsv'
[7.477s] INFO:colcon.colcon_core.shell:Creating environment hook '/home/mrush/exercise/src/ros-exercises/install/ex_solution/share/ex_solution/hook/cmake_prefix_path.sh'
[7.478s] Level 1:colcon.colcon_core.environment:checking '/home/mrush/exercise/src/ros-exercises/install/ex_solution/lib'
[7.478s] Level 1:colcon.colcon_core.shell:create_environment_hook('ex_solution', 'ld_library_path_lib')
[7.515s] INFO:colcon.colcon_core.shell:Creating environment hook '/home/mrush/exercise/src/ros-exercises/install/ex_solution/share/ex_solution/hook/ld_library_path_lib.ps1'
[7.516s] INFO:colcon.colcon_core.shell:Creating environment descriptor '/home/mrush/exercise/src/ros-exercises/install/ex_solution/share/ex_solution/hook/ld_library_path_lib.dsv'
[7.517s] INFO:colcon.colcon_core.shell:Creating environment hook '/home/mrush/exercise/src/ros-exercises/install/ex_solution/share/ex_solution/hook/ld_library_path_lib.sh'
[7.518s] Level 1:colcon.colcon_core.environment:checking '/home/mrush/exercise/src/ros-exercises/install/ex_solution/bin'
[7.518s] Level 1:colcon.colcon_core.environment:checking '/home/mrush/exercise/src/ros-exercises/install/ex_solution/lib/pkgconfig/ex_solution.pc'
[7.522s] Level 1:colcon.colcon_core.environment:checking '/home/mrush/exercise/src/ros-exercises/install/ex_solution/lib/python3.10/site-packages'
[7.522s] Level 1:colcon.colcon_core.environment:checking '/home/mrush/exercise/src/ros-exercises/install/ex_solution/bin'
[7.571s] INFO:colcon.colcon_core.shell:Creating package script '/home/mrush/exercise/src/ros-exercises/install/ex_solution/share/ex_solution/package.ps1'
[7.578s] INFO:colcon.colcon_core.shell:Creating package descriptor '/home/mrush/exercise/src/ros-exercises/install/ex_solution/share/ex_solution/package.dsv'
[7.580s] INFO:colcon.colcon_core.shell:Creating package script '/home/mrush/exercise/src/ros-exercises/install/ex_solution/share/ex_solution/package.sh'
[7.581s] INFO:colcon.colcon_core.shell:Creating package script '/home/mrush/exercise/src/ros-exercises/install/ex_solution/share/ex_solution/package.bash'
[7.581s] INFO:colcon.colcon_core.shell:Creating package script '/home/mrush/exercise/src/ros-exercises/install/ex_solution/share/ex_solution/package.zsh'
[7.582s] Level 1:colcon.colcon_core.environment:create_file_with_runtime_dependencies(/home/mrush/exercise/src/ros-exercises/install/ex_solution/share/colcon-core/packages/ex_solution)
[7.606s] Level 1:colcon.colcon_core.environment:create_environment_scripts_only(fibonacci_action)
[7.613s] DEBUG:colcon.colcon_core.event_handler.log_command:Invoked command in '/home/mrush/exercise/src/ros-exercises/build/fibonacci_action' returned '0': CMAKE_PREFIX_PATH=${CMAKE_PREFIX_PATH}:/home/mrush/exercise/src/ros-exercises/install/navigation2_dist:/opt/ros/humble WSLENV=ELECTRON_RUN_AS_NODE/w: /usr/bin/cmake --install /home/mrush/exercise/src/ros-exercises/build/fibonacci_action
[7.675s] Level 1:colcon.colcon_core.environment:checking '/home/mrush/exercise/src/ros-exercises/install/fibonacci_action' for CMake module files
[7.676s] Level 1:colcon.colcon_core.environment:checking '/home/mrush/exercise/src/ros-exercises/install/fibonacci_action' for CMake config files
[7.678s] Level 1:colcon.colcon_core.shell:create_environment_hook('fibonacci_action', 'cmake_prefix_path')
[7.739s] INFO:colcon.colcon_core.shell:Creating environment hook '/home/mrush/exercise/src/ros-exercises/install/fibonacci_action/share/fibonacci_action/hook/cmake_prefix_path.ps1'
[7.741s] INFO:colcon.colcon_core.shell:Creating environment descriptor '/home/mrush/exercise/src/ros-exercises/install/fibonacci_action/share/fibonacci_action/hook/cmake_prefix_path.dsv'
[7.741s] INFO:colcon.colcon_core.shell:Creating environment hook '/home/mrush/exercise/src/ros-exercises/install/fibonacci_action/share/fibonacci_action/hook/cmake_prefix_path.sh'
[7.742s] Level 1:colcon.colcon_core.environment:checking '/home/mrush/exercise/src/ros-exercises/install/fibonacci_action/lib'
[7.742s] Level 1:colcon.colcon_core.shell:create_environment_hook('fibonacci_action', 'ld_library_path_lib')
[7.795s] INFO:colcon.colcon_core.shell:Creating environment hook '/home/mrush/exercise/src/ros-exercises/install/fibonacci_action/share/fibonacci_action/hook/ld_library_path_lib.ps1'
[7.797s] INFO:colcon.colcon_core.shell:Creating environment descriptor '/home/mrush/exercise/src/ros-exercises/install/fibonacci_action/share/fibonacci_action/hook/ld_library_path_lib.dsv'
[7.798s] INFO:colcon.colcon_core.shell:Creating environment hook '/home/mrush/exercise/src/ros-exercises/install/fibonacci_action/share/fibonacci_action/hook/ld_library_path_lib.sh'
[7.799s] Level 1:colcon.colcon_core.environment:checking '/home/mrush/exercise/src/ros-exercises/install/fibonacci_action/bin'
[7.799s] Level 1:colcon.colcon_core.environment:checking '/home/mrush/exercise/src/ros-exercises/install/fibonacci_action/lib/pkgconfig/fibonacci_action.pc'
[7.799s] Level 1:colcon.colcon_core.environment:checking '/home/mrush/exercise/src/ros-exercises/install/fibonacci_action/lib/python3.10/site-packages'
[7.800s] Level 1:colcon.colcon_core.environment:checking '/home/mrush/exercise/src/ros-exercises/install/fibonacci_action/bin'
[7.867s] INFO:colcon.colcon_core.shell:Creating package script '/home/mrush/exercise/src/ros-exercises/install/fibonacci_action/share/fibonacci_action/package.ps1'
[7.869s] INFO:colcon.colcon_core.shell:Creating package descriptor '/home/mrush/exercise/src/ros-exercises/install/fibonacci_action/share/fibonacci_action/package.dsv'
[7.876s] INFO:colcon.colcon_core.shell:Creating package script '/home/mrush/exercise/src/ros-exercises/install/fibonacci_action/share/fibonacci_action/package.sh'
[7.877s] INFO:colcon.colcon_core.shell:Creating package script '/home/mrush/exercise/src/ros-exercises/install/fibonacci_action/share/fibonacci_action/package.bash'
[7.878s] INFO:colcon.colcon_core.shell:Creating package script '/home/mrush/exercise/src/ros-exercises/install/fibonacci_action/share/fibonacci_action/package.zsh'
[7.879s] Level 1:colcon.colcon_core.environment:create_file_with_runtime_dependencies(/home/mrush/exercise/src/ros-exercises/install/fibonacci_action/share/colcon-core/packages/fibonacci_action)
[7.959s] Level 1:colcon.colcon_core.environment:create_environment_scripts_only(ex_solution)
[8.007s] Level 1:colcon.colcon_core.environment:checking '/home/mrush/exercise/src/ros-exercises/install/ex_solution' for CMake module files
[8.008s] Level 1:colcon.colcon_core.environment:checking '/home/mrush/exercise/src/ros-exercises/install/ex_solution' for CMake config files
[8.010s] Level 1:colcon.colcon_core.shell:create_environment_hook('ex_solution', 'cmake_prefix_path')
[8.063s] INFO:colcon.colcon_core.shell:Creating environment hook '/home/mrush/exercise/src/ros-exercises/install/ex_solution/share/ex_solution/hook/cmake_prefix_path.ps1'
[8.064s] INFO:colcon.colcon_core.shell:Creating environment descriptor '/home/mrush/exercise/src/ros-exercises/install/ex_solution/share/ex_solution/hook/cmake_prefix_path.dsv'
[8.065s] INFO:colcon.colcon_core.shell:Creating environment hook '/home/mrush/exercise/src/ros-exercises/install/ex_solution/share/ex_solution/hook/cmake_prefix_path.sh'
[8.065s] Level 1:colcon.colcon_core.environment:checking '/home/mrush/exercise/src/ros-exercises/install/ex_solution/lib'
[8.065s] Level 1:colcon.colcon_core.shell:create_environment_hook('ex_solution', 'ld_library_path_lib')
[8.119s] INFO:colcon.colcon_core.shell:Creating environment hook '/home/mrush/exercise/src/ros-exercises/install/ex_solution/share/ex_solution/hook/ld_library_path_lib.ps1'
[8.121s] INFO:colcon.colcon_core.shell:Creating environment descriptor '/home/mrush/exercise/src/ros-exercises/install/ex_solution/share/ex_solution/hook/ld_library_path_lib.dsv'
[8.132s] INFO:colcon.colcon_core.shell:Creating environment hook '/home/mrush/exercise/src/ros-exercises/install/ex_solution/share/ex_solution/hook/ld_library_path_lib.sh'
[8.134s] Level 1:colcon.colcon_core.environment:checking '/home/mrush/exercise/src/ros-exercises/install/ex_solution/bin'
[8.134s] Level 1:colcon.colcon_core.environment:checking '/home/mrush/exercise/src/ros-exercises/install/ex_solution/lib/pkgconfig/ex_solution.pc'
[8.135s] Level 1:colcon.colcon_core.environment:checking '/home/mrush/exercise/src/ros-exercises/install/ex_solution/lib/python3.10/site-packages'
[8.135s] Level 1:colcon.colcon_core.environment:checking '/home/mrush/exercise/src/ros-exercises/install/ex_solution/bin'
[8.226s] INFO:colcon.colcon_core.shell:Creating package script '/home/mrush/exercise/src/ros-exercises/install/ex_solution/share/ex_solution/package.ps1'
[8.227s] INFO:colcon.colcon_core.shell:Creating package descriptor '/home/mrush/exercise/src/ros-exercises/install/ex_solution/share/ex_solution/package.dsv'
[8.228s] INFO:colcon.colcon_core.shell:Creating package script '/home/mrush/exercise/src/ros-exercises/install/ex_solution/share/ex_solution/package.sh'
[8.229s] INFO:colcon.colcon_core.shell:Creating package script '/home/mrush/exercise/src/ros-exercises/install/ex_solution/share/ex_solution/package.bash'
[8.230s] INFO:colcon.colcon_core.shell:Creating package script '/home/mrush/exercise/src/ros-exercises/install/ex_solution/share/ex_solution/package.zsh'
[8.231s] Level 1:colcon.colcon_core.environment:create_file_with_runtime_dependencies(/home/mrush/exercise/src/ros-exercises/install/ex_solution/share/colcon-core/packages/ex_solution)
[8.321s] Level 1:colcon.colcon_core.environment:create_environment_scripts_only(fibonacci_action)
[8.369s] Level 1:colcon.colcon_core.environment:checking '/home/mrush/exercise/src/ros-exercises/install/fibonacci_action' for CMake module files
[8.370s] Level 1:colcon.colcon_core.environment:checking '/home/mrush/exercise/src/ros-exercises/install/fibonacci_action' for CMake config files
[8.371s] Level 1:colcon.colcon_core.shell:create_environment_hook('fibonacci_action', 'cmake_prefix_path')
[8.431s] INFO:colcon.colcon_core.shell:Creating environment hook '/home/mrush/exercise/src/ros-exercises/install/fibonacci_action/share/fibonacci_action/hook/cmake_prefix_path.ps1'
[8.433s] INFO:colcon.colcon_core.shell:Creating environment descriptor '/home/mrush/exercise/src/ros-exercises/install/fibonacci_action/share/fibonacci_action/hook/cmake_prefix_path.dsv'
[8.436s] INFO:colcon.colcon_core.shell:Creating environment hook '/home/mrush/exercise/src/ros-exercises/install/fibonacci_action/share/fibonacci_action/hook/cmake_prefix_path.sh'
[8.443s] Level 1:colcon.colcon_core.environment:checking '/home/mrush/exercise/src/ros-exercises/install/fibonacci_action/lib'
[8.443s] Level 1:colcon.colcon_core.shell:create_environment_hook('fibonacci_action', 'ld_library_path_lib')
[8.515s] INFO:colcon.colcon_core.shell:Creating environment hook '/home/mrush/exercise/src/ros-exercises/install/fibonacci_action/share/fibonacci_action/hook/ld_library_path_lib.ps1'
[8.518s] INFO:colcon.colcon_core.shell:Creating environment descriptor '/home/mrush/exercise/src/ros-exercises/install/fibonacci_action/share/fibonacci_action/hook/ld_library_path_lib.dsv'
[8.519s] INFO:colcon.colcon_core.shell:Creating environment hook '/home/mrush/exercise/src/ros-exercises/install/fibonacci_action/share/fibonacci_action/hook/ld_library_path_lib.sh'
[8.522s] Level 1:colcon.colcon_core.environment:checking '/home/mrush/exercise/src/ros-exercises/install/fibonacci_action/bin'
[8.522s] Level 1:colcon.colcon_core.environment:checking '/home/mrush/exercise/src/ros-exercises/install/fibonacci_action/lib/pkgconfig/fibonacci_action.pc'
[8.523s] Level 1:colcon.colcon_core.environment:checking '/home/mrush/exercise/src/ros-exercises/install/fibonacci_action/lib/python3.10/site-packages'
[8.524s] Level 1:colcon.colcon_core.environment:checking '/home/mrush/exercise/src/ros-exercises/install/fibonacci_action/bin'
[8.566s] INFO:colcon.colcon_core.shell:Creating package script '/home/mrush/exercise/src/ros-exercises/install/fibonacci_action/share/fibonacci_action/package.ps1'
[8.568s] INFO:colcon.colcon_core.shell:Creating package descriptor '/home/mrush/exercise/src/ros-exercises/install/fibonacci_action/share/fibonacci_action/package.dsv'
[8.569s] INFO:colcon.colcon_core.shell:Creating package script '/home/mrush/exercise/src/ros-exercises/install/fibonacci_action/share/fibonacci_action/package.sh'
[8.570s] INFO:colcon.colcon_core.shell:Creating package script '/home/mrush/exercise/src/ros-exercises/install/fibonacci_action/share/fibonacci_action/package.bash'
[8.570s] INFO:colcon.colcon_core.shell:Creating package script '/home/mrush/exercise/src/ros-exercises/install/fibonacci_action/share/fibonacci_action/package.zsh'
[8.571s] Level 1:colcon.colcon_core.environment:create_file_with_runtime_dependencies(/home/mrush/exercise/src/ros-exercises/install/fibonacci_action/share/colcon-core/packages/fibonacci_action)
[8.578s] DEBUG:colcon.colcon_core.event_handler.log_command:Invoked command in '/home/mrush/exercise/src/ros-exercises/navigation2_planners/navigation2_dist' returned '0': PYTHONPATH=/home/mrush/exercise/src/ros-exercises/build/navigation2_dist/prefix_override:/home/mrush/exercise/src/ros-exercises/install/navigation2_dist/lib/python3.10/site-packages:${PYTHONPATH} WSLENV=ELECTRON_RUN_AS_NODE/w: /usr/bin/python3 setup.py egg_info --egg-base ../../build/navigation2_dist build --build-base /home/mrush/exercise/src/ros-exercises/build/navigation2_dist/build install --record /home/mrush/exercise/src/ros-exercises/build/navigation2_dist/install.log --single-version-externally-managed
[8.632s] Level 1:colcon.colcon_core.environment:checking '/home/mrush/exercise/src/ros-exercises/install/navigation2_dist' for CMake module files
[8.635s] Level 1:colcon.colcon_core.environment:checking '/home/mrush/exercise/src/ros-exercises/install/navigation2_dist' for CMake config files
[8.637s] Level 1:colcon.colcon_core.environment:checking '/home/mrush/exercise/src/ros-exercises/install/navigation2_dist/lib'
[8.638s] Level 1:colcon.colcon_core.environment:checking '/home/mrush/exercise/src/ros-exercises/install/navigation2_dist/bin'
[8.638s] Level 1:colcon.colcon_core.environment:checking '/home/mrush/exercise/src/ros-exercises/install/navigation2_dist/lib/pkgconfig/navigation2_dist.pc'
[8.638s] Level 1:colcon.colcon_core.environment:checking '/home/mrush/exercise/src/ros-exercises/install/navigation2_dist/lib/python3.10/site-packages'
[8.638s] Level 1:colcon.colcon_core.shell:create_environment_hook('navigation2_dist', 'pythonpath')
[8.708s] INFO:colcon.colcon_core.shell:Creating environment hook '/home/mrush/exercise/src/ros-exercises/install/navigation2_dist/share/navigation2_dist/hook/pythonpath.ps1'
[8.709s] INFO:colcon.colcon_core.shell:Creating environment descriptor '/home/mrush/exercise/src/ros-exercises/install/navigation2_dist/share/navigation2_dist/hook/pythonpath.dsv'
[8.710s] INFO:colcon.colcon_core.shell:Creating environment hook '/home/mrush/exercise/src/ros-exercises/install/navigation2_dist/share/navigation2_dist/hook/pythonpath.sh'
[8.716s] Level 1:colcon.colcon_core.environment:checking '/home/mrush/exercise/src/ros-exercises/install/navigation2_dist/bin'
[8.720s] Level 1:colcon.colcon_core.environment:create_environment_scripts_only(navigation2_dist)
[8.763s] INFO:colcon.colcon_core.shell:Creating package script '/home/mrush/exercise/src/ros-exercises/install/navigation2_dist/share/navigation2_dist/package.ps1'
[8.765s] INFO:colcon.colcon_core.shell:Creating package descriptor '/home/mrush/exercise/src/ros-exercises/install/navigation2_dist/share/navigation2_dist/package.dsv'
[8.766s] INFO:colcon.colcon_core.shell:Creating package script '/home/mrush/exercise/src/ros-exercises/install/navigation2_dist/share/navigation2_dist/package.sh'
[8.767s] INFO:colcon.colcon_core.shell:Creating package script '/home/mrush/exercise/src/ros-exercises/install/navigation2_dist/share/navigation2_dist/package.bash'
[8.768s] INFO:colcon.colcon_core.shell:Creating package script '/home/mrush/exercise/src/ros-exercises/install/navigation2_dist/share/navigation2_dist/package.zsh'
[8.769s] Level 1:colcon.colcon_core.environment:create_file_with_runtime_dependencies(/home/mrush/exercise/src/ros-exercises/install/navigation2_dist/share/colcon-core/packages/navigation2_dist)
[8.773s] DEBUG:colcon.colcon_parallel_executor.executor.parallel:closing loop
[8.773s] DEBUG:colcon.colcon_parallel_executor.executor.parallel:loop closed
[8.774s] DEBUG:colcon.colcon_parallel_executor.executor.parallel:run_until_complete finished with '0'
[8.774s] DEBUG:colcon.colcon_core.event_reactor:joining thread
[9.056s] INFO:colcon.colcon_core.plugin_system:Skipping extension 'colcon_notification.desktop_notification.notify_send': Could not find 'notify-send'
[9.056s] INFO:colcon.colcon_core.plugin_system:Skipping extension 'colcon_notification.desktop_notification.terminal_notifier': Not used on non-Darwin systems
[9.057s] INFO:colcon.colcon_core.plugin_system:Skipping extension 'colcon_notification.desktop_notification.win32': Not used on non-Windows systems
[9.057s] INFO:colcon.colcon_notification.desktop_notification:Sending desktop notification using 'notify2'
[9.057s] DEBUG:colcon.colcon_notification.desktop_notification.notify2:Failed to initialize notify2: org.freedesktop.DBus.Error.FileNotFound: Failed to connect to socket /run/user/1000/bus: No such file or directory
[9.057s] DEBUG:colcon.colcon_core.event_reactor:joined thread
[9.091s] INFO:colcon.colcon_core.shell:Creating prefix script '/home/mrush/exercise/src/ros-exercises/install/local_setup.ps1'
[9.094s] INFO:colcon.colcon_core.shell:Creating prefix util module '/home/mrush/exercise/src/ros-exercises/install/_local_setup_util_ps1.py'
[9.096s] INFO:colcon.colcon_core.shell:Creating prefix chain script '/home/mrush/exercise/src/ros-exercises/install/setup.ps1'
[9.151s] INFO:colcon.colcon_core.shell:Creating prefix script '/home/mrush/exercise/src/ros-exercises/install/local_setup.sh'
[9.155s] INFO:colcon.colcon_core.shell:Creating prefix util module '/home/mrush/exercise/src/ros-exercises/install/_local_setup_util_sh.py'
[9.157s] INFO:colcon.colcon_core.shell:Creating prefix chain script '/home/mrush/exercise/src/ros-exercises/install/setup.sh'
[9.192s] INFO:colcon.colcon_core.shell:Creating prefix script '/home/mrush/exercise/src/ros-exercises/install/local_setup.bash'
[9.193s] INFO:colcon.colcon_core.shell:Creating prefix chain script '/home/mrush/exercise/src/ros-exercises/install/setup.bash'
[9.232s] INFO:colcon.colcon_core.shell:Creating prefix script '/home/mrush/exercise/src/ros-exercises/install/local_setup.zsh'
[9.234s] INFO:colcon.colcon_core.shell:Creating prefix chain script '/home/mrush/exercise/src/ros-exercises/install/setup.zsh'
