[2.348s] DEBUG:colcon:Command line arguments: ['/usr/bin/colcon', 'build']
[2.348s] DEBUG:colcon:Parsed command line arguments: Namespace(log_base=None, log_level=None, verb_name='build', build_base='build', install_base='install', merge_install=False, symlink_install=False, test_result_base=None, continue_on_error=False, executor='parallel', parallel_workers=8, event_handlers=None, ignore_user_meta=False, metas=['./colcon.meta'], base_paths=['.'], packages_ignore=None, packages_ignore_regex=None, paths=None, packages_up_to=None, packages_up_to_regex=None, packages_above=None, packages_above_and_dependencies=None, packages_above_depth=None, packages_select_by_dep=None, packages_skip_by_dep=None, packages_skip_up_to=None, packages_select_build_failed=False, packages_skip_build_finished=False, packages_select_test_failures=False, packages_skip_test_passed=False, packages_select=None, packages_skip=None, packages_select_regex=None, packages_skip_regex=None, packages_start=None, packages_end=None, allow_overriding=[], cmake_args=None, cmake_target=None, cmake_target_skip_unavailable=False, cmake_clean_cache=False, cmake_clean_first=False, cmake_force_configure=False, ament_cmake_args=None, catkin_cmake_args=None, catkin_skip_building_tests=False, verb_parser=<colcon_defaults.argument_parser.defaults.DefaultArgumentsDecorator object at 0x7fad41823a60>, verb_extension=<colcon_core.verb.build.BuildVerb object at 0x7fad41cd0520>, main=<bound method BuildVerb.main of <colcon_core.verb.build.BuildVerb object at 0x7fad41cd0520>>)
[2.459s] Level 1:colcon.colcon_core.package_discovery:discover_packages(colcon_meta) check parameters
[2.459s] Level 1:colcon.colcon_core.package_discovery:discover_packages(recursive) check parameters
[2.459s] Level 1:colcon.colcon_core.package_discovery:discover_packages(ignore) check parameters
[2.460s] Level 1:colcon.colcon_core.package_discovery:discover_packages(path) check parameters
[2.460s] Level 1:colcon.colcon_core.package_discovery:discover_packages(colcon_meta) discover
[2.460s] Level 1:colcon.colcon_core.package_discovery:discover_packages(recursive) discover
[2.460s] INFO:colcon.colcon_core.package_discovery:Crawling recursively for packages in '/home/r3k7/Nauka_ros/src/ros-exercises'
[2.460s] Level 1:colcon.colcon_core.package_identification:_identify(.) by extensions ['ignore', 'ignore_ament_install']
[2.461s] Level 1:colcon.colcon_core.package_identification:_identify(.) by extension 'ignore'
[2.461s] Level 1:colcon.colcon_core.package_identification:_identify(.) by extension 'ignore_ament_install'
[2.461s] Level 1:colcon.colcon_core.package_identification:_identify(.) by extensions ['colcon_pkg']
[2.461s] Level 1:colcon.colcon_core.package_identification:_identify(.) by extension 'colcon_pkg'
[2.462s] Level 1:colcon.colcon_core.package_identification:_identify(.) by extensions ['colcon_meta']
[2.462s] Level 1:colcon.colcon_core.package_identification:_identify(.) by extension 'colcon_meta'
[2.462s] Level 1:colcon.colcon_core.package_identification:_identify(.) by extensions ['ros']
[2.462s] Level 1:colcon.colcon_core.package_identification:_identify(.) by extension 'ros'
[2.500s] Level 1:colcon.colcon_core.package_identification:_identify(.) by extensions ['cmake', 'python']
[2.500s] Level 1:colcon.colcon_core.package_identification:_identify(.) by extension 'cmake'
[2.501s] Level 1:colcon.colcon_core.package_identification:_identify(.) by extension 'python'
[2.501s] Level 1:colcon.colcon_core.package_identification:_identify(.) by extensions ['python_setup_py']
[2.501s] Level 1:colcon.colcon_core.package_identification:_identify(.) by extension 'python_setup_py'
[2.501s] Level 1:colcon.colcon_core.package_identification:_identify(build) by extensions ['ignore', 'ignore_ament_install']
[2.502s] Level 1:colcon.colcon_core.package_identification:_identify(build) by extension 'ignore'
[2.502s] Level 1:colcon.colcon_core.package_identification:_identify(build) ignored
[2.502s] Level 1:colcon.colcon_core.package_identification:_identify(ex_solution) by extensions ['ignore', 'ignore_ament_install']
[2.503s] Level 1:colcon.colcon_core.package_identification:_identify(ex_solution) by extension 'ignore'
[2.503s] Level 1:colcon.colcon_core.package_identification:_identify(ex_solution) by extension 'ignore_ament_install'
[2.503s] Level 1:colcon.colcon_core.package_identification:_identify(ex_solution) by extensions ['colcon_pkg']
[2.503s] Level 1:colcon.colcon_core.package_identification:_identify(ex_solution) by extension 'colcon_pkg'
[2.503s] Level 1:colcon.colcon_core.package_identification:_identify(ex_solution) by extensions ['colcon_meta']
[2.504s] Level 1:colcon.colcon_core.package_identification:_identify(ex_solution) by extension 'colcon_meta'
[2.504s] Level 1:colcon.colcon_core.package_identification:_identify(ex_solution) by extensions ['ros']
[2.504s] Level 1:colcon.colcon_core.package_identification:_identify(ex_solution) by extension 'ros'
[2.508s] DEBUG:colcon.colcon_core.package_identification:Package 'ex_solution' with type 'ros.ament_cmake' and name 'ex_solution'
[2.509s] Level 1:colcon.colcon_core.package_identification:_identify(exercise) by extensions ['ignore', 'ignore_ament_install']
[2.509s] Level 1:colcon.colcon_core.package_identification:_identify(exercise) by extension 'ignore'
[2.509s] Level 1:colcon.colcon_core.package_identification:_identify(exercise) by extension 'ignore_ament_install'
[2.509s] Level 1:colcon.colcon_core.package_identification:_identify(exercise) by extensions ['colcon_pkg']
[2.509s] Level 1:colcon.colcon_core.package_identification:_identify(exercise) by extension 'colcon_pkg'
[2.510s] Level 1:colcon.colcon_core.package_identification:_identify(exercise) by extensions ['colcon_meta']
[2.510s] Level 1:colcon.colcon_core.package_identification:_identify(exercise) by extension 'colcon_meta'
[2.510s] Level 1:colcon.colcon_core.package_identification:_identify(exercise) by extensions ['ros']
[2.510s] Level 1:colcon.colcon_core.package_identification:_identify(exercise) by extension 'ros'
[2.512s] DEBUG:colcon.colcon_core.package_identification:Package 'exercise' with type 'ros.ament_cmake' and name 'exercise'
[2.512s] Level 1:colcon.colcon_core.package_identification:_identify(fibonacci_action) by extensions ['ignore', 'ignore_ament_install']
[2.512s] Level 1:colcon.colcon_core.package_identification:_identify(fibonacci_action) by extension 'ignore'
[2.512s] Level 1:colcon.colcon_core.package_identification:_identify(fibonacci_action) by extension 'ignore_ament_install'
[2.513s] Level 1:colcon.colcon_core.package_identification:_identify(fibonacci_action) by extensions ['colcon_pkg']
[2.513s] Level 1:colcon.colcon_core.package_identification:_identify(fibonacci_action) by extension 'colcon_pkg'
[2.513s] Level 1:colcon.colcon_core.package_identification:_identify(fibonacci_action) by extensions ['colcon_meta']
[2.513s] Level 1:colcon.colcon_core.package_identification:_identify(fibonacci_action) by extension 'colcon_meta'
[2.513s] Level 1:colcon.colcon_core.package_identification:_identify(fibonacci_action) by extensions ['ros']
[2.513s] Level 1:colcon.colcon_core.package_identification:_identify(fibonacci_action) by extension 'ros'
[2.514s] DEBUG:colcon.colcon_core.package_identification:Package 'fibonacci_action' with type 'ros.ament_cmake' and name 'fibonacci_action'
[2.515s] Level 1:colcon.colcon_core.package_identification:_identify(install) by extensions ['ignore', 'ignore_ament_install']
[2.515s] Level 1:colcon.colcon_core.package_identification:_identify(install) by extension 'ignore'
[2.515s] Level 1:colcon.colcon_core.package_identification:_identify(install) ignored
[2.516s] Level 1:colcon.colcon_core.package_identification:_identify(log) by extensions ['ignore', 'ignore_ament_install']
[2.516s] Level 1:colcon.colcon_core.package_identification:_identify(log) by extension 'ignore'
[2.516s] Level 1:colcon.colcon_core.package_identification:_identify(log) ignored
[2.516s] Level 1:colcon.colcon_core.package_identification:_identify(navigation2_planners) by extensions ['ignore', 'ignore_ament_install']
[2.519s] Level 1:colcon.colcon_core.package_identification:_identify(navigation2_planners) by extension 'ignore'
[2.520s] Level 1:colcon.colcon_core.package_identification:_identify(navigation2_planners) by extension 'ignore_ament_install'
[2.521s] Level 1:colcon.colcon_core.package_identification:_identify(navigation2_planners) by extensions ['colcon_pkg']
[2.521s] Level 1:colcon.colcon_core.package_identification:_identify(navigation2_planners) by extension 'colcon_pkg'
[2.522s] Level 1:colcon.colcon_core.package_identification:_identify(navigation2_planners) by extensions ['colcon_meta']
[2.523s] Level 1:colcon.colcon_core.package_identification:_identify(navigation2_planners) by extension 'colcon_meta'
[2.523s] Level 1:colcon.colcon_core.package_identification:_identify(navigation2_planners) by extensions ['ros']
[2.523s] Level 1:colcon.colcon_core.package_identification:_identify(navigation2_planners) by extension 'ros'
[2.523s] Level 1:colcon.colcon_core.package_identification:_identify(navigation2_planners) by extensions ['cmake', 'python']
[2.523s] Level 1:colcon.colcon_core.package_identification:_identify(navigation2_planners) by extension 'cmake'
[2.523s] Level 1:colcon.colcon_core.package_identification:_identify(navigation2_planners) by extension 'python'
[2.523s] Level 1:colcon.colcon_core.package_identification:_identify(navigation2_planners) by extensions ['python_setup_py']
[2.523s] Level 1:colcon.colcon_core.package_identification:_identify(navigation2_planners) by extension 'python_setup_py'
[2.524s] Level 1:colcon.colcon_core.package_identification:_identify(navigation2_planners/navigation2_dist) by extensions ['ignore', 'ignore_ament_install']
[2.524s] Level 1:colcon.colcon_core.package_identification:_identify(navigation2_planners/navigation2_dist) by extension 'ignore'
[2.524s] Level 1:colcon.colcon_core.package_identification:_identify(navigation2_planners/navigation2_dist) by extension 'ignore_ament_install'
[2.524s] Level 1:colcon.colcon_core.package_identification:_identify(navigation2_planners/navigation2_dist) by extensions ['colcon_pkg']
[2.524s] Level 1:colcon.colcon_core.package_identification:_identify(navigation2_planners/navigation2_dist) by extension 'colcon_pkg'
[2.524s] Level 1:colcon.colcon_core.package_identification:_identify(navigation2_planners/navigation2_dist) by extensions ['colcon_meta']
[2.524s] Level 1:colcon.colcon_core.package_identification:_identify(navigation2_planners/navigation2_dist) by extension 'colcon_meta'
[2.524s] Level 1:colcon.colcon_core.package_identification:_identify(navigation2_planners/navigation2_dist) by extensions ['ros']
[2.524s] Level 1:colcon.colcon_core.package_identification:_identify(navigation2_planners/navigation2_dist) by extension 'ros'
[2.527s] DEBUG:colcon.colcon_core.package_identification:Package 'navigation2_planners/navigation2_dist' with type 'ros.ament_python' and name 'navigation2_dist'
[2.528s] Level 1:colcon.colcon_core.package_identification:_identify(navigation2_planners/navigation2_turtlebot) by extensions ['ignore', 'ignore_ament_install']
[2.528s] Level 1:colcon.colcon_core.package_identification:_identify(navigation2_planners/navigation2_turtlebot) by extension 'ignore'
[2.528s] Level 1:colcon.colcon_core.package_identification:_identify(navigation2_planners/navigation2_turtlebot) by extension 'ignore_ament_install'
[2.528s] Level 1:colcon.colcon_core.package_identification:_identify(navigation2_planners/navigation2_turtlebot) by extensions ['colcon_pkg']
[2.528s] Level 1:colcon.colcon_core.package_identification:_identify(navigation2_planners/navigation2_turtlebot) by extension 'colcon_pkg'
[2.528s] Level 1:colcon.colcon_core.package_identification:_identify(navigation2_planners/navigation2_turtlebot) by extensions ['colcon_meta']
[2.528s] Level 1:colcon.colcon_core.package_identification:_identify(navigation2_planners/navigation2_turtlebot) by extension 'colcon_meta'
[2.529s] Level 1:colcon.colcon_core.package_identification:_identify(navigation2_planners/navigation2_turtlebot) by extensions ['ros']
[2.529s] Level 1:colcon.colcon_core.package_identification:_identify(navigation2_planners/navigation2_turtlebot) by extension 'ros'
[2.530s] DEBUG:colcon.colcon_core.package_identification:Package 'navigation2_planners/navigation2_turtlebot' with type 'ros.ament_cmake' and name 'navigation2_turtle'
[2.530s] Level 1:colcon.colcon_core.package_identification:_identify(pub_sub) by extensions ['ignore', 'ignore_ament_install']
[2.530s] Level 1:colcon.colcon_core.package_identification:_identify(pub_sub) by extension 'ignore'
[2.530s] Level 1:colcon.colcon_core.package_identification:_identify(pub_sub) by extension 'ignore_ament_install'
[2.530s] Level 1:colcon.colcon_core.package_identification:_identify(pub_sub) by extensions ['colcon_pkg']
[2.531s] Level 1:colcon.colcon_core.package_identification:_identify(pub_sub) by extension 'colcon_pkg'
[2.531s] Level 1:colcon.colcon_core.package_identification:_identify(pub_sub) by extensions ['colcon_meta']
[2.531s] Level 1:colcon.colcon_core.package_identification:_identify(pub_sub) by extension 'colcon_meta'
[2.531s] Level 1:colcon.colcon_core.package_identification:_identify(pub_sub) by extensions ['ros']
[2.531s] Level 1:colcon.colcon_core.package_identification:_identify(pub_sub) by extension 'ros'
[2.531s] DEBUG:colcon.colcon_core.package_identification:Package 'pub_sub' with type 'ros.ament_cmake' and name 'pub_sub'
[2.532s] Level 1:colcon.colcon_core.package_discovery:discover_packages(recursive) using defaults
[2.532s] Level 1:colcon.colcon_core.package_discovery:discover_packages(ignore) discover
[2.532s] Level 1:colcon.colcon_core.package_discovery:discover_packages(ignore) using defaults
[2.532s] Level 1:colcon.colcon_core.package_discovery:discover_packages(path) discover
[2.532s] Level 1:colcon.colcon_core.package_discovery:discover_packages(path) using defaults
[2.721s] Level 1:colcon.colcon_core.package_discovery:discover_packages(prefix_path) check parameters
[2.721s] Level 1:colcon.colcon_core.package_discovery:discover_packages(prefix_path) discover
[2.793s] DEBUG:colcon.colcon_installed_package_information.package_discovery:Found 6 installed packages in /home/r3k7/Nauka_ros/src/ros-exercises/install
[2.825s] DEBUG:colcon.colcon_installed_package_information.package_discovery:Found 328 installed packages in /opt/ros/humble
[2.828s] Level 1:colcon.colcon_core.package_discovery:discover_packages(prefix_path) using defaults
[3.007s] Level 5:colcon.colcon_core.verb:set package 'ex_solution' build argument 'cmake_args' from command line to 'None'
[3.007s] Level 5:colcon.colcon_core.verb:set package 'ex_solution' build argument 'cmake_target' from command line to 'None'
[3.013s] Level 5:colcon.colcon_core.verb:set package 'ex_solution' build argument 'cmake_target_skip_unavailable' from command line to 'False'
[3.014s] Level 5:colcon.colcon_core.verb:set package 'ex_solution' build argument 'cmake_clean_cache' from command line to 'False'
[3.014s] Level 5:colcon.colcon_core.verb:set package 'ex_solution' build argument 'cmake_clean_first' from command line to 'False'
[3.014s] Level 5:colcon.colcon_core.verb:set package 'ex_solution' build argument 'cmake_force_configure' from command line to 'False'
[3.014s] Level 5:colcon.colcon_core.verb:set package 'ex_solution' build argument 'ament_cmake_args' from command line to 'None'
[3.015s] Level 5:colcon.colcon_core.verb:set package 'ex_solution' build argument 'catkin_cmake_args' from command line to 'None'
[3.016s] Level 5:colcon.colcon_core.verb:set package 'ex_solution' build argument 'catkin_skip_building_tests' from command line to 'False'
[3.016s] DEBUG:colcon.colcon_core.verb:Building package 'ex_solution' with the following arguments: {'ament_cmake_args': None, 'build_base': '/home/r3k7/Nauka_ros/src/ros-exercises/build/ex_solution', 'catkin_cmake_args': None, 'catkin_skip_building_tests': False, 'cmake_args': None, 'cmake_clean_cache': False, 'cmake_clean_first': False, 'cmake_force_configure': False, 'cmake_target': None, 'cmake_target_skip_unavailable': False, 'install_base': '/home/r3k7/Nauka_ros/src/ros-exercises/install/ex_solution', 'merge_install': False, 'path': '/home/r3k7/Nauka_ros/src/ros-exercises/ex_solution', 'symlink_install': False, 'test_result_base': None}
[3.044s] Level 5:colcon.colcon_core.verb:set package 'exercise' build argument 'cmake_args' from command line to 'None'
[3.045s] Level 5:colcon.colcon_core.verb:set package 'exercise' build argument 'cmake_target' from command line to 'None'
[3.045s] Level 5:colcon.colcon_core.verb:set package 'exercise' build argument 'cmake_target_skip_unavailable' from command line to 'False'
[3.045s] Level 5:colcon.colcon_core.verb:set package 'exercise' build argument 'cmake_clean_cache' from command line to 'False'
[3.045s] Level 5:colcon.colcon_core.verb:set package 'exercise' build argument 'cmake_clean_first' from command line to 'False'
[3.045s] Level 5:colcon.colcon_core.verb:set package 'exercise' build argument 'cmake_force_configure' from command line to 'False'
[3.045s] Level 5:colcon.colcon_core.verb:set package 'exercise' build argument 'ament_cmake_args' from command line to 'None'
[3.045s] Level 5:colcon.colcon_core.verb:set package 'exercise' build argument 'catkin_cmake_args' from command line to 'None'
[3.045s] Level 5:colcon.colcon_core.verb:set package 'exercise' build argument 'catkin_skip_building_tests' from command line to 'False'
[3.045s] DEBUG:colcon.colcon_core.verb:Building package 'exercise' with the following arguments: {'ament_cmake_args': None, 'build_base': '/home/r3k7/Nauka_ros/src/ros-exercises/build/exercise', 'catkin_cmake_args': None, 'catkin_skip_building_tests': False, 'cmake_args': None, 'cmake_clean_cache': False, 'cmake_clean_first': False, 'cmake_force_configure': False, 'cmake_target': None, 'cmake_target_skip_unavailable': False, 'install_base': '/home/r3k7/Nauka_ros/src/ros-exercises/install/exercise', 'merge_install': False, 'path': '/home/r3k7/Nauka_ros/src/ros-exercises/exercise', 'symlink_install': False, 'test_result_base': None}
[3.119s] Level 5:colcon.colcon_core.verb:set package 'fibonacci_action' build argument 'cmake_args' from command line to 'None'
[3.120s] Level 5:colcon.colcon_core.verb:set package 'fibonacci_action' build argument 'cmake_target' from command line to 'None'
[3.120s] Level 5:colcon.colcon_core.verb:set package 'fibonacci_action' build argument 'cmake_target_skip_unavailable' from command line to 'False'
[3.120s] Level 5:colcon.colcon_core.verb:set package 'fibonacci_action' build argument 'cmake_clean_cache' from command line to 'False'
[3.120s] Level 5:colcon.colcon_core.verb:set package 'fibonacci_action' build argument 'cmake_clean_first' from command line to 'False'
[3.120s] Level 5:colcon.colcon_core.verb:set package 'fibonacci_action' build argument 'cmake_force_configure' from command line to 'False'
[3.120s] Level 5:colcon.colcon_core.verb:set package 'fibonacci_action' build argument 'ament_cmake_args' from command line to 'None'
[3.120s] Level 5:colcon.colcon_core.verb:set package 'fibonacci_action' build argument 'catkin_cmake_args' from command line to 'None'
[3.120s] Level 5:colcon.colcon_core.verb:set package 'fibonacci_action' build argument 'catkin_skip_building_tests' from command line to 'False'
[3.120s] DEBUG:colcon.colcon_core.verb:Building package 'fibonacci_action' with the following arguments: {'ament_cmake_args': None, 'build_base': '/home/r3k7/Nauka_ros/src/ros-exercises/build/fibonacci_action', 'catkin_cmake_args': None, 'catkin_skip_building_tests': False, 'cmake_args': None, 'cmake_clean_cache': False, 'cmake_clean_first': False, 'cmake_force_configure': False, 'cmake_target': None, 'cmake_target_skip_unavailable': False, 'install_base': '/home/r3k7/Nauka_ros/src/ros-exercises/install/fibonacci_action', 'merge_install': False, 'path': '/home/r3k7/Nauka_ros/src/ros-exercises/fibonacci_action', 'symlink_install': False, 'test_result_base': None}
[3.151s] Level 5:colcon.colcon_core.verb:set package 'navigation2_dist' build argument 'cmake_args' from command line to 'None'
[3.152s] Level 5:colcon.colcon_core.verb:set package 'navigation2_dist' build argument 'cmake_target' from command line to 'None'
[3.152s] Level 5:colcon.colcon_core.verb:set package 'navigation2_dist' build argument 'cmake_target_skip_unavailable' from command line to 'False'
[3.152s] Level 5:colcon.colcon_core.verb:set package 'navigation2_dist' build argument 'cmake_clean_cache' from command line to 'False'
[3.153s] Level 5:colcon.colcon_core.verb:set package 'navigation2_dist' build argument 'cmake_clean_first' from command line to 'False'
[3.153s] Level 5:colcon.colcon_core.verb:set package 'navigation2_dist' build argument 'cmake_force_configure' from command line to 'False'
[3.153s] Level 5:colcon.colcon_core.verb:set package 'navigation2_dist' build argument 'ament_cmake_args' from command line to 'None'
[3.153s] Level 5:colcon.colcon_core.verb:set package 'navigation2_dist' build argument 'catkin_cmake_args' from command line to 'None'
[3.153s] Level 5:colcon.colcon_core.verb:set package 'navigation2_dist' build argument 'catkin_skip_building_tests' from command line to 'False'
[3.154s] DEBUG:colcon.colcon_core.verb:Building package 'navigation2_dist' with the following arguments: {'ament_cmake_args': None, 'build_base': '/home/r3k7/Nauka_ros/src/ros-exercises/build/navigation2_dist', 'catkin_cmake_args': None, 'catkin_skip_building_tests': False, 'cmake_args': None, 'cmake_clean_cache': False, 'cmake_clean_first': False, 'cmake_force_configure': False, 'cmake_target': None, 'cmake_target_skip_unavailable': False, 'install_base': '/home/r3k7/Nauka_ros/src/ros-exercises/install/navigation2_dist', 'merge_install': False, 'path': '/home/r3k7/Nauka_ros/src/ros-exercises/navigation2_planners/navigation2_dist', 'symlink_install': False, 'test_result_base': None}
[3.183s] Level 5:colcon.colcon_core.verb:set package 'navigation2_turtle' build argument 'cmake_args' from command line to 'None'
[3.183s] Level 5:colcon.colcon_core.verb:set package 'navigation2_turtle' build argument 'cmake_target' from command line to 'None'
[3.183s] Level 5:colcon.colcon_core.verb:set package 'navigation2_turtle' build argument 'cmake_target_skip_unavailable' from command line to 'False'
[3.183s] Level 5:colcon.colcon_core.verb:set package 'navigation2_turtle' build argument 'cmake_clean_cache' from command line to 'False'
[3.183s] Level 5:colcon.colcon_core.verb:set package 'navigation2_turtle' build argument 'cmake_clean_first' from command line to 'False'
[3.183s] Level 5:colcon.colcon_core.verb:set package 'navigation2_turtle' build argument 'cmake_force_configure' from command line to 'False'
[3.183s] Level 5:colcon.colcon_core.verb:set package 'navigation2_turtle' build argument 'ament_cmake_args' from command line to 'None'
[3.183s] Level 5:colcon.colcon_core.verb:set package 'navigation2_turtle' build argument 'catkin_cmake_args' from command line to 'None'
[3.183s] Level 5:colcon.colcon_core.verb:set package 'navigation2_turtle' build argument 'catkin_skip_building_tests' from command line to 'False'
[3.184s] DEBUG:colcon.colcon_core.verb:Building package 'navigation2_turtle' with the following arguments: {'ament_cmake_args': None, 'build_base': '/home/r3k7/Nauka_ros/src/ros-exercises/build/navigation2_turtle', 'catkin_cmake_args': None, 'catkin_skip_building_tests': False, 'cmake_args': None, 'cmake_clean_cache': False, 'cmake_clean_first': False, 'cmake_force_configure': False, 'cmake_target': None, 'cmake_target_skip_unavailable': False, 'install_base': '/home/r3k7/Nauka_ros/src/ros-exercises/install/navigation2_turtle', 'merge_install': False, 'path': '/home/r3k7/Nauka_ros/src/ros-exercises/navigation2_planners/navigation2_turtlebot', 'symlink_install': False, 'test_result_base': None}
[3.221s] Level 5:colcon.colcon_core.verb:set package 'pub_sub' build argument 'cmake_args' from command line to 'None'
[3.222s] Level 5:colcon.colcon_core.verb:set package 'pub_sub' build argument 'cmake_target' from command line to 'None'
[3.222s] Level 5:colcon.colcon_core.verb:set package 'pub_sub' build argument 'cmake_target_skip_unavailable' from command line to 'False'
[3.222s] Level 5:colcon.colcon_core.verb:set package 'pub_sub' build argument 'cmake_clean_cache' from command line to 'False'
[3.222s] Level 5:colcon.colcon_core.verb:set package 'pub_sub' build argument 'cmake_clean_first' from command line to 'False'
[3.222s] Level 5:colcon.colcon_core.verb:set package 'pub_sub' build argument 'cmake_force_configure' from command line to 'False'
[3.222s] Level 5:colcon.colcon_core.verb:set package 'pub_sub' build argument 'ament_cmake_args' from command line to 'None'
[3.223s] Level 5:colcon.colcon_core.verb:set package 'pub_sub' build argument 'catkin_cmake_args' from command line to 'None'
[3.223s] Level 5:colcon.colcon_core.verb:set package 'pub_sub' build argument 'catkin_skip_building_tests' from command line to 'False'
[3.223s] DEBUG:colcon.colcon_core.verb:Building package 'pub_sub' with the following arguments: {'ament_cmake_args': None, 'build_base': '/home/r3k7/Nauka_ros/src/ros-exercises/build/pub_sub', 'catkin_cmake_args': None, 'catkin_skip_building_tests': False, 'cmake_args': None, 'cmake_clean_cache': False, 'cmake_clean_first': False, 'cmake_force_configure': False, 'cmake_target': None, 'cmake_target_skip_unavailable': False, 'install_base': '/home/r3k7/Nauka_ros/src/ros-exercises/install/pub_sub', 'merge_install': False, 'path': '/home/r3k7/Nauka_ros/src/ros-exercises/pub_sub', 'symlink_install': False, 'test_result_base': None}
[3.248s] INFO:colcon.colcon_core.executor:Executing jobs using 'parallel' executor
[3.285s] DEBUG:colcon.colcon_parallel_executor.executor.parallel:run_until_complete
[3.286s] INFO:colcon.colcon_ros.task.ament_cmake.build:Building ROS package in '/home/r3k7/Nauka_ros/src/ros-exercises/ex_solution' with build type 'ament_cmake'
[3.287s] INFO:colcon.colcon_cmake.task.cmake.build:Building CMake package in '/home/r3k7/Nauka_ros/src/ros-exercises/ex_solution'
[3.331s] INFO:colcon.colcon_core.plugin_system:Skipping extension 'colcon_core.shell.bat': Not used on non-Windows systems
[3.331s] INFO:colcon.colcon_core.shell:Skip shell extension 'powershell' for command environment: Not usable outside of PowerShell
[3.331s] DEBUG:colcon.colcon_core.shell:Skip shell extension 'dsv' for command environment
[3.447s] INFO:colcon.colcon_ros.task.ament_cmake.build:Building ROS package in '/home/r3k7/Nauka_ros/src/ros-exercises/exercise' with build type 'ament_cmake'
[3.448s] INFO:colcon.colcon_cmake.task.cmake.build:Building CMake package in '/home/r3k7/Nauka_ros/src/ros-exercises/exercise'
[3.497s] INFO:colcon.colcon_core.shell:Skip shell extension 'powershell' for command environment: Not usable outside of PowerShell
[3.498s] DEBUG:colcon.colcon_core.shell:Skip shell extension 'dsv' for command environment
[3.632s] INFO:colcon.colcon_ros.task.ament_cmake.build:Building ROS package in '/home/r3k7/Nauka_ros/src/ros-exercises/fibonacci_action' with build type 'ament_cmake'
[3.632s] INFO:colcon.colcon_cmake.task.cmake.build:Building CMake package in '/home/r3k7/Nauka_ros/src/ros-exercises/fibonacci_action'
[3.665s] INFO:colcon.colcon_core.shell:Skip shell extension 'powershell' for command environment: Not usable outside of PowerShell
[3.665s] DEBUG:colcon.colcon_core.shell:Skip shell extension 'dsv' for command environment
[3.782s] INFO:colcon.colcon_ros.task.ament_python.build:Building ROS package in '/home/r3k7/Nauka_ros/src/ros-exercises/navigation2_planners/navigation2_dist' with build type 'ament_python'
[3.783s] Level 1:colcon.colcon_core.shell:create_environment_hook('navigation2_dist', 'ament_prefix_path')
[3.822s] INFO:colcon.colcon_core.shell:Creating environment hook '/home/r3k7/Nauka_ros/src/ros-exercises/install/navigation2_dist/share/navigation2_dist/hook/ament_prefix_path.ps1'
[3.823s] INFO:colcon.colcon_core.shell:Creating environment descriptor '/home/r3k7/Nauka_ros/src/ros-exercises/install/navigation2_dist/share/navigation2_dist/hook/ament_prefix_path.dsv'
[3.824s] INFO:colcon.colcon_core.shell:Creating environment hook '/home/r3k7/Nauka_ros/src/ros-exercises/install/navigation2_dist/share/navigation2_dist/hook/ament_prefix_path.sh'
[3.865s] INFO:colcon.colcon_core.shell:Skip shell extension 'powershell' for command environment: Not usable outside of PowerShell
[3.865s] DEBUG:colcon.colcon_core.shell:Skip shell extension 'dsv' for command environment
[3.972s] INFO:colcon.colcon_ros.task.ament_cmake.build:Building ROS package in '/home/r3k7/Nauka_ros/src/ros-exercises/navigation2_planners/navigation2_turtlebot' with build type 'ament_cmake'
[3.973s] INFO:colcon.colcon_cmake.task.cmake.build:Building CMake package in '/home/r3k7/Nauka_ros/src/ros-exercises/navigation2_planners/navigation2_turtlebot'
[4.012s] INFO:colcon.colcon_core.shell:Skip shell extension 'powershell' for command environment: Not usable outside of PowerShell
[4.012s] DEBUG:colcon.colcon_core.shell:Skip shell extension 'dsv' for command environment
[4.131s] INFO:colcon.colcon_ros.task.ament_cmake.build:Building ROS package in '/home/r3k7/Nauka_ros/src/ros-exercises/pub_sub' with build type 'ament_cmake'
[4.132s] INFO:colcon.colcon_cmake.task.cmake.build:Building CMake package in '/home/r3k7/Nauka_ros/src/ros-exercises/pub_sub'
[4.171s] INFO:colcon.colcon_core.shell:Skip shell extension 'powershell' for command environment: Not usable outside of PowerShell
[4.172s] DEBUG:colcon.colcon_core.shell:Skip shell extension 'dsv' for command environment
[4.290s] DEBUG:colcon.colcon_core.event_handler.log_command:Invoking command in '/home/r3k7/Nauka_ros/src/ros-exercises/build/ex_solution': CMAKE_PREFIX_PATH=${CMAKE_PREFIX_PATH}:/home/r3k7/Nauka_ros/src/ros-exercises/install/navigation2_dist:/opt/ros/humble WSLENV=ELECTRON_RUN_AS_NODE/w:WT_SESSION:WT_PROFILE_ID: /usr/bin/cmake --build /home/r3k7/Nauka_ros/src/ros-exercises/build/ex_solution -- -j8 -l8
[4.297s] DEBUG:colcon.colcon_core.event_handler.log_command:Invoking command in '/home/r3k7/Nauka_ros/src/ros-exercises/build/exercise': CMAKE_PREFIX_PATH=${CMAKE_PREFIX_PATH}:/home/r3k7/Nauka_ros/src/ros-exercises/install/navigation2_dist:/opt/ros/humble WSLENV=ELECTRON_RUN_AS_NODE/w:WT_SESSION:WT_PROFILE_ID: /usr/bin/cmake --build /home/r3k7/Nauka_ros/src/ros-exercises/build/exercise -- -j8 -l8
[4.329s] DEBUG:colcon.colcon_core.event_handler.log_command:Invoking command in '/home/r3k7/Nauka_ros/src/ros-exercises/build/fibonacci_action': CMAKE_PREFIX_PATH=${CMAKE_PREFIX_PATH}:/home/r3k7/Nauka_ros/src/ros-exercises/install/navigation2_dist:/opt/ros/humble WSLENV=ELECTRON_RUN_AS_NODE/w:WT_SESSION:WT_PROFILE_ID: /usr/bin/cmake --build /home/r3k7/Nauka_ros/src/ros-exercises/build/fibonacci_action -- -j8 -l8
[4.797s] INFO:colcon.colcon_core.task.python.build:Building Python package in '/home/r3k7/Nauka_ros/src/ros-exercises/navigation2_planners/navigation2_dist'
[4.836s] INFO:colcon.colcon_core.shell:Skip shell extension 'powershell' for command environment: Not usable outside of PowerShell
[4.836s] DEBUG:colcon.colcon_core.shell:Skip shell extension 'dsv' for command environment
[4.976s] DEBUG:colcon.colcon_core.event_handler.log_command:Invoking command in '/home/r3k7/Nauka_ros/src/ros-exercises/build/navigation2_turtle': CMAKE_PREFIX_PATH=${CMAKE_PREFIX_PATH}:/home/r3k7/Nauka_ros/src/ros-exercises/install/navigation2_dist:/opt/ros/humble WSLENV=ELECTRON_RUN_AS_NODE/w:WT_SESSION:WT_PROFILE_ID: /usr/bin/cmake --build /home/r3k7/Nauka_ros/src/ros-exercises/build/navigation2_turtle -- -j8 -l8
[5.054s] DEBUG:colcon.colcon_core.event_handler.log_command:Invoking command in '/home/r3k7/Nauka_ros/src/ros-exercises/build/pub_sub': CMAKE_PREFIX_PATH=${CMAKE_PREFIX_PATH}:/home/r3k7/Nauka_ros/src/ros-exercises/install/navigation2_dist:/opt/ros/humble WSLENV=ELECTRON_RUN_AS_NODE/w:WT_SESSION:WT_PROFILE_ID: /usr/bin/cmake --build /home/r3k7/Nauka_ros/src/ros-exercises/build/pub_sub -- -j8 -l8
[5.068s] DEBUG:colcon.colcon_core.event_handler.log_command:Invoked command in '/home/r3k7/Nauka_ros/src/ros-exercises/build/exercise' returned '0': CMAKE_PREFIX_PATH=${CMAKE_PREFIX_PATH}:/home/r3k7/Nauka_ros/src/ros-exercises/install/navigation2_dist:/opt/ros/humble WSLENV=ELECTRON_RUN_AS_NODE/w:WT_SESSION:WT_PROFILE_ID: /usr/bin/cmake --build /home/r3k7/Nauka_ros/src/ros-exercises/build/exercise -- -j8 -l8
[5.098s] DEBUG:colcon.colcon_core.event_handler.log_command:Invoked command in '/home/r3k7/Nauka_ros/src/ros-exercises/build/navigation2_turtle' returned '0': CMAKE_PREFIX_PATH=${CMAKE_PREFIX_PATH}:/home/r3k7/Nauka_ros/src/ros-exercises/install/navigation2_dist:/opt/ros/humble WSLENV=ELECTRON_RUN_AS_NODE/w:WT_SESSION:WT_PROFILE_ID: /usr/bin/cmake --build /home/r3k7/Nauka_ros/src/ros-exercises/build/navigation2_turtle -- -j8 -l8
[5.227s] DEBUG:colcon.colcon_core.event_handler.log_command:Invoking command in '/home/r3k7/Nauka_ros/src/ros-exercises/build/exercise': CMAKE_PREFIX_PATH=${CMAKE_PREFIX_PATH}:/home/r3k7/Nauka_ros/src/ros-exercises/install/navigation2_dist:/opt/ros/humble WSLENV=ELECTRON_RUN_AS_NODE/w:WT_SESSION:WT_PROFILE_ID: /usr/bin/cmake --install /home/r3k7/Nauka_ros/src/ros-exercises/build/exercise
[5.289s] DEBUG:colcon.colcon_core.event_handler.log_command:Invoking command in '/home/r3k7/Nauka_ros/src/ros-exercises/build/navigation2_turtle': CMAKE_PREFIX_PATH=${CMAKE_PREFIX_PATH}:/home/r3k7/Nauka_ros/src/ros-exercises/install/navigation2_dist:/opt/ros/humble WSLENV=ELECTRON_RUN_AS_NODE/w:WT_SESSION:WT_PROFILE_ID: /usr/bin/cmake --install /home/r3k7/Nauka_ros/src/ros-exercises/build/navigation2_turtle
[5.307s] Level 1:colcon.colcon_core.environment:create_environment_scripts_only(exercise)
[5.341s] DEBUG:colcon.colcon_core.event_handler.log_command:Invoked command in '/home/r3k7/Nauka_ros/src/ros-exercises/build/exercise' returned '0': CMAKE_PREFIX_PATH=${CMAKE_PREFIX_PATH}:/home/r3k7/Nauka_ros/src/ros-exercises/install/navigation2_dist:/opt/ros/humble WSLENV=ELECTRON_RUN_AS_NODE/w:WT_SESSION:WT_PROFILE_ID: /usr/bin/cmake --install /home/r3k7/Nauka_ros/src/ros-exercises/build/exercise
[5.414s] Level 1:colcon.colcon_core.environment:checking '/home/r3k7/Nauka_ros/src/ros-exercises/install/exercise' for CMake module files
[5.415s] Level 1:colcon.colcon_core.environment:checking '/home/r3k7/Nauka_ros/src/ros-exercises/install/exercise' for CMake config files
[5.416s] Level 1:colcon.colcon_core.shell:create_environment_hook('exercise', 'cmake_prefix_path')
[5.473s] INFO:colcon.colcon_core.shell:Creating environment hook '/home/r3k7/Nauka_ros/src/ros-exercises/install/exercise/share/exercise/hook/cmake_prefix_path.ps1'
[5.474s] INFO:colcon.colcon_core.shell:Creating environment descriptor '/home/r3k7/Nauka_ros/src/ros-exercises/install/exercise/share/exercise/hook/cmake_prefix_path.dsv'
[5.475s] INFO:colcon.colcon_core.shell:Creating environment hook '/home/r3k7/Nauka_ros/src/ros-exercises/install/exercise/share/exercise/hook/cmake_prefix_path.sh'
[5.476s] Level 1:colcon.colcon_core.environment:checking '/home/r3k7/Nauka_ros/src/ros-exercises/install/exercise/bin'
[5.476s] Level 1:colcon.colcon_core.environment:checking '/home/r3k7/Nauka_ros/src/ros-exercises/install/exercise/lib/pkgconfig/exercise.pc'
[5.477s] Level 1:colcon.colcon_core.environment:checking '/home/r3k7/Nauka_ros/src/ros-exercises/install/exercise/lib/python3.10/site-packages'
[5.478s] Level 1:colcon.colcon_core.environment:checking '/home/r3k7/Nauka_ros/src/ros-exercises/install/exercise/bin'
[5.521s] INFO:colcon.colcon_core.shell:Creating package script '/home/r3k7/Nauka_ros/src/ros-exercises/install/exercise/share/exercise/package.ps1'
[5.523s] INFO:colcon.colcon_core.shell:Creating package descriptor '/home/r3k7/Nauka_ros/src/ros-exercises/install/exercise/share/exercise/package.dsv'
[5.526s] INFO:colcon.colcon_core.shell:Creating package script '/home/r3k7/Nauka_ros/src/ros-exercises/install/exercise/share/exercise/package.sh'
[5.527s] INFO:colcon.colcon_core.shell:Creating package script '/home/r3k7/Nauka_ros/src/ros-exercises/install/exercise/share/exercise/package.bash'
[5.530s] INFO:colcon.colcon_core.shell:Creating package script '/home/r3k7/Nauka_ros/src/ros-exercises/install/exercise/share/exercise/package.zsh'
[5.531s] Level 1:colcon.colcon_core.environment:create_file_with_runtime_dependencies(/home/r3k7/Nauka_ros/src/ros-exercises/install/exercise/share/colcon-core/packages/exercise)
[5.557s] Level 1:colcon.colcon_core.environment:create_environment_scripts_only(navigation2_turtle)
[5.564s] DEBUG:colcon.colcon_core.event_handler.log_command:Invoked command in '/home/r3k7/Nauka_ros/src/ros-exercises/build/navigation2_turtle' returned '0': CMAKE_PREFIX_PATH=${CMAKE_PREFIX_PATH}:/home/r3k7/Nauka_ros/src/ros-exercises/install/navigation2_dist:/opt/ros/humble WSLENV=ELECTRON_RUN_AS_NODE/w:WT_SESSION:WT_PROFILE_ID: /usr/bin/cmake --install /home/r3k7/Nauka_ros/src/ros-exercises/build/navigation2_turtle
[5.616s] Level 1:colcon.colcon_core.environment:checking '/home/r3k7/Nauka_ros/src/ros-exercises/install/navigation2_turtle' for CMake module files
[5.618s] Level 1:colcon.colcon_core.environment:checking '/home/r3k7/Nauka_ros/src/ros-exercises/install/navigation2_turtle' for CMake config files
[5.619s] Level 1:colcon.colcon_core.shell:create_environment_hook('navigation2_turtle', 'cmake_prefix_path')
[5.692s] INFO:colcon.colcon_core.shell:Creating environment hook '/home/r3k7/Nauka_ros/src/ros-exercises/install/navigation2_turtle/share/navigation2_turtle/hook/cmake_prefix_path.ps1'
[5.693s] INFO:colcon.colcon_core.shell:Creating environment descriptor '/home/r3k7/Nauka_ros/src/ros-exercises/install/navigation2_turtle/share/navigation2_turtle/hook/cmake_prefix_path.dsv'
[5.694s] INFO:colcon.colcon_core.shell:Creating environment hook '/home/r3k7/Nauka_ros/src/ros-exercises/install/navigation2_turtle/share/navigation2_turtle/hook/cmake_prefix_path.sh'
[5.695s] Level 1:colcon.colcon_core.environment:checking '/home/r3k7/Nauka_ros/src/ros-exercises/install/navigation2_turtle/bin'
[5.695s] Level 1:colcon.colcon_core.environment:checking '/home/r3k7/Nauka_ros/src/ros-exercises/install/navigation2_turtle/lib/pkgconfig/navigation2_turtle.pc'
[5.696s] Level 1:colcon.colcon_core.environment:checking '/home/r3k7/Nauka_ros/src/ros-exercises/install/navigation2_turtle/lib/python3.10/site-packages'
[5.696s] Level 1:colcon.colcon_core.environment:checking '/home/r3k7/Nauka_ros/src/ros-exercises/install/navigation2_turtle/bin'
[5.745s] INFO:colcon.colcon_core.shell:Creating package script '/home/r3k7/Nauka_ros/src/ros-exercises/install/navigation2_turtle/share/navigation2_turtle/package.ps1'
[5.746s] INFO:colcon.colcon_core.shell:Creating package descriptor '/home/r3k7/Nauka_ros/src/ros-exercises/install/navigation2_turtle/share/navigation2_turtle/package.dsv'
[5.747s] INFO:colcon.colcon_core.shell:Creating package script '/home/r3k7/Nauka_ros/src/ros-exercises/install/navigation2_turtle/share/navigation2_turtle/package.sh'
[5.748s] INFO:colcon.colcon_core.shell:Creating package script '/home/r3k7/Nauka_ros/src/ros-exercises/install/navigation2_turtle/share/navigation2_turtle/package.bash'
[5.749s] INFO:colcon.colcon_core.shell:Creating package script '/home/r3k7/Nauka_ros/src/ros-exercises/install/navigation2_turtle/share/navigation2_turtle/package.zsh'
[5.749s] Level 1:colcon.colcon_core.environment:create_file_with_runtime_dependencies(/home/r3k7/Nauka_ros/src/ros-exercises/install/navigation2_turtle/share/colcon-core/packages/navigation2_turtle)
[5.771s] DEBUG:colcon.colcon_core.event_handler.log_command:Invoked command in '/home/r3k7/Nauka_ros/src/ros-exercises/build/pub_sub' returned '0': CMAKE_PREFIX_PATH=${CMAKE_PREFIX_PATH}:/home/r3k7/Nauka_ros/src/ros-exercises/install/navigation2_dist:/opt/ros/humble WSLENV=ELECTRON_RUN_AS_NODE/w:WT_SESSION:WT_PROFILE_ID: /usr/bin/cmake --build /home/r3k7/Nauka_ros/src/ros-exercises/build/pub_sub -- -j8 -l8
[5.810s] Level 1:colcon.colcon_core.environment:create_environment_scripts_only(exercise)
[5.863s] Level 1:colcon.colcon_core.environment:checking '/home/r3k7/Nauka_ros/src/ros-exercises/install/exercise' for CMake module files
[5.864s] Level 1:colcon.colcon_core.environment:checking '/home/r3k7/Nauka_ros/src/ros-exercises/install/exercise' for CMake config files
[5.865s] Level 1:colcon.colcon_core.shell:create_environment_hook('exercise', 'cmake_prefix_path')
[5.909s] INFO:colcon.colcon_core.shell:Creating environment hook '/home/r3k7/Nauka_ros/src/ros-exercises/install/exercise/share/exercise/hook/cmake_prefix_path.ps1'
[5.912s] INFO:colcon.colcon_core.shell:Creating environment descriptor '/home/r3k7/Nauka_ros/src/ros-exercises/install/exercise/share/exercise/hook/cmake_prefix_path.dsv'
[5.914s] INFO:colcon.colcon_core.shell:Creating environment hook '/home/r3k7/Nauka_ros/src/ros-exercises/install/exercise/share/exercise/hook/cmake_prefix_path.sh'
[5.915s] Level 1:colcon.colcon_core.environment:checking '/home/r3k7/Nauka_ros/src/ros-exercises/install/exercise/bin'
[5.915s] Level 1:colcon.colcon_core.environment:checking '/home/r3k7/Nauka_ros/src/ros-exercises/install/exercise/lib/pkgconfig/exercise.pc'
[5.916s] Level 1:colcon.colcon_core.environment:checking '/home/r3k7/Nauka_ros/src/ros-exercises/install/exercise/lib/python3.10/site-packages'
[5.918s] Level 1:colcon.colcon_core.environment:checking '/home/r3k7/Nauka_ros/src/ros-exercises/install/exercise/bin'
[5.963s] INFO:colcon.colcon_core.shell:Creating package script '/home/r3k7/Nauka_ros/src/ros-exercises/install/exercise/share/exercise/package.ps1'
[5.964s] INFO:colcon.colcon_core.shell:Creating package descriptor '/home/r3k7/Nauka_ros/src/ros-exercises/install/exercise/share/exercise/package.dsv'
[5.966s] INFO:colcon.colcon_core.shell:Creating package script '/home/r3k7/Nauka_ros/src/ros-exercises/install/exercise/share/exercise/package.sh'
[5.967s] INFO:colcon.colcon_core.shell:Creating package script '/home/r3k7/Nauka_ros/src/ros-exercises/install/exercise/share/exercise/package.bash'
[5.970s] INFO:colcon.colcon_core.shell:Creating package script '/home/r3k7/Nauka_ros/src/ros-exercises/install/exercise/share/exercise/package.zsh'
[5.973s] Level 1:colcon.colcon_core.environment:create_file_with_runtime_dependencies(/home/r3k7/Nauka_ros/src/ros-exercises/install/exercise/share/colcon-core/packages/exercise)
[6.051s] Level 1:colcon.colcon_core.environment:create_environment_scripts_only(navigation2_turtle)
[6.101s] Level 1:colcon.colcon_core.environment:checking '/home/r3k7/Nauka_ros/src/ros-exercises/install/navigation2_turtle' for CMake module files
[6.102s] Level 1:colcon.colcon_core.environment:checking '/home/r3k7/Nauka_ros/src/ros-exercises/install/navigation2_turtle' for CMake config files
[6.103s] Level 1:colcon.colcon_core.shell:create_environment_hook('navigation2_turtle', 'cmake_prefix_path')
[6.138s] INFO:colcon.colcon_core.shell:Creating environment hook '/home/r3k7/Nauka_ros/src/ros-exercises/install/navigation2_turtle/share/navigation2_turtle/hook/cmake_prefix_path.ps1'
[6.139s] INFO:colcon.colcon_core.shell:Creating environment descriptor '/home/r3k7/Nauka_ros/src/ros-exercises/install/navigation2_turtle/share/navigation2_turtle/hook/cmake_prefix_path.dsv'
[6.140s] INFO:colcon.colcon_core.shell:Creating environment hook '/home/r3k7/Nauka_ros/src/ros-exercises/install/navigation2_turtle/share/navigation2_turtle/hook/cmake_prefix_path.sh'
[6.141s] Level 1:colcon.colcon_core.environment:checking '/home/r3k7/Nauka_ros/src/ros-exercises/install/navigation2_turtle/bin'
[6.141s] Level 1:colcon.colcon_core.environment:checking '/home/r3k7/Nauka_ros/src/ros-exercises/install/navigation2_turtle/lib/pkgconfig/navigation2_turtle.pc'
[6.141s] Level 1:colcon.colcon_core.environment:checking '/home/r3k7/Nauka_ros/src/ros-exercises/install/navigation2_turtle/lib/python3.10/site-packages'
[6.142s] Level 1:colcon.colcon_core.environment:checking '/home/r3k7/Nauka_ros/src/ros-exercises/install/navigation2_turtle/bin'
[6.183s] INFO:colcon.colcon_core.shell:Creating package script '/home/r3k7/Nauka_ros/src/ros-exercises/install/navigation2_turtle/share/navigation2_turtle/package.ps1'
[6.187s] INFO:colcon.colcon_core.shell:Creating package descriptor '/home/r3k7/Nauka_ros/src/ros-exercises/install/navigation2_turtle/share/navigation2_turtle/package.dsv'
[6.189s] INFO:colcon.colcon_core.shell:Creating package script '/home/r3k7/Nauka_ros/src/ros-exercises/install/navigation2_turtle/share/navigation2_turtle/package.sh'
[6.190s] INFO:colcon.colcon_core.shell:Creating package script '/home/r3k7/Nauka_ros/src/ros-exercises/install/navigation2_turtle/share/navigation2_turtle/package.bash'
[6.191s] INFO:colcon.colcon_core.shell:Creating package script '/home/r3k7/Nauka_ros/src/ros-exercises/install/navigation2_turtle/share/navigation2_turtle/package.zsh'
[6.191s] Level 1:colcon.colcon_core.environment:create_file_with_runtime_dependencies(/home/r3k7/Nauka_ros/src/ros-exercises/install/navigation2_turtle/share/colcon-core/packages/navigation2_turtle)
[6.196s] DEBUG:colcon.colcon_core.event_handler.log_command:Invoking command in '/home/r3k7/Nauka_ros/src/ros-exercises/build/pub_sub': CMAKE_PREFIX_PATH=${CMAKE_PREFIX_PATH}:/home/r3k7/Nauka_ros/src/ros-exercises/install/navigation2_dist:/opt/ros/humble WSLENV=ELECTRON_RUN_AS_NODE/w:WT_SESSION:WT_PROFILE_ID: /usr/bin/cmake --install /home/r3k7/Nauka_ros/src/ros-exercises/build/pub_sub
[6.251s] Level 1:colcon.colcon_core.environment:create_environment_scripts_only(pub_sub)
[6.262s] DEBUG:colcon.colcon_core.event_handler.log_command:Invoked command in '/home/r3k7/Nauka_ros/src/ros-exercises/build/pub_sub' returned '0': CMAKE_PREFIX_PATH=${CMAKE_PREFIX_PATH}:/home/r3k7/Nauka_ros/src/ros-exercises/install/navigation2_dist:/opt/ros/humble WSLENV=ELECTRON_RUN_AS_NODE/w:WT_SESSION:WT_PROFILE_ID: /usr/bin/cmake --install /home/r3k7/Nauka_ros/src/ros-exercises/build/pub_sub
[6.301s] Level 1:colcon.colcon_core.environment:checking '/home/r3k7/Nauka_ros/src/ros-exercises/install/pub_sub' for CMake module files
[6.302s] Level 1:colcon.colcon_core.environment:checking '/home/r3k7/Nauka_ros/src/ros-exercises/install/pub_sub' for CMake config files
[6.303s] Level 1:colcon.colcon_core.shell:create_environment_hook('pub_sub', 'cmake_prefix_path')
[6.341s] INFO:colcon.colcon_core.shell:Creating environment hook '/home/r3k7/Nauka_ros/src/ros-exercises/install/pub_sub/share/pub_sub/hook/cmake_prefix_path.ps1'
[6.341s] INFO:colcon.colcon_core.shell:Creating environment descriptor '/home/r3k7/Nauka_ros/src/ros-exercises/install/pub_sub/share/pub_sub/hook/cmake_prefix_path.dsv'
[6.342s] INFO:colcon.colcon_core.shell:Creating environment hook '/home/r3k7/Nauka_ros/src/ros-exercises/install/pub_sub/share/pub_sub/hook/cmake_prefix_path.sh'
[6.342s] Level 1:colcon.colcon_core.environment:checking '/home/r3k7/Nauka_ros/src/ros-exercises/install/pub_sub/lib'
[6.343s] Level 1:colcon.colcon_core.environment:checking '/home/r3k7/Nauka_ros/src/ros-exercises/install/pub_sub/bin'
[6.343s] Level 1:colcon.colcon_core.environment:checking '/home/r3k7/Nauka_ros/src/ros-exercises/install/pub_sub/lib/pkgconfig/pub_sub.pc'
[6.343s] Level 1:colcon.colcon_core.environment:checking '/home/r3k7/Nauka_ros/src/ros-exercises/install/pub_sub/lib/python3.10/site-packages'
[6.344s] Level 1:colcon.colcon_core.environment:checking '/home/r3k7/Nauka_ros/src/ros-exercises/install/pub_sub/bin'
[6.378s] INFO:colcon.colcon_core.shell:Creating package script '/home/r3k7/Nauka_ros/src/ros-exercises/install/pub_sub/share/pub_sub/package.ps1'
[6.379s] INFO:colcon.colcon_core.shell:Creating package descriptor '/home/r3k7/Nauka_ros/src/ros-exercises/install/pub_sub/share/pub_sub/package.dsv'
[6.380s] INFO:colcon.colcon_core.shell:Creating package script '/home/r3k7/Nauka_ros/src/ros-exercises/install/pub_sub/share/pub_sub/package.sh'
[6.381s] INFO:colcon.colcon_core.shell:Creating package script '/home/r3k7/Nauka_ros/src/ros-exercises/install/pub_sub/share/pub_sub/package.bash'
[6.382s] INFO:colcon.colcon_core.shell:Creating package script '/home/r3k7/Nauka_ros/src/ros-exercises/install/pub_sub/share/pub_sub/package.zsh'
[6.382s] Level 1:colcon.colcon_core.environment:create_file_with_runtime_dependencies(/home/r3k7/Nauka_ros/src/ros-exercises/install/pub_sub/share/colcon-core/packages/pub_sub)
[6.388s] DEBUG:colcon.colcon_core.event_handler.log_command:Invoked command in '/home/r3k7/Nauka_ros/src/ros-exercises/build/ex_solution' returned '0': CMAKE_PREFIX_PATH=${CMAKE_PREFIX_PATH}:/home/r3k7/Nauka_ros/src/ros-exercises/install/navigation2_dist:/opt/ros/humble WSLENV=ELECTRON_RUN_AS_NODE/w:WT_SESSION:WT_PROFILE_ID: /usr/bin/cmake --build /home/r3k7/Nauka_ros/src/ros-exercises/build/ex_solution -- -j8 -l8
[6.401s] DEBUG:colcon.colcon_core.event_handler.log_command:Invoked command in '/home/r3k7/Nauka_ros/src/ros-exercises/build/fibonacci_action' returned '0': CMAKE_PREFIX_PATH=${CMAKE_PREFIX_PATH}:/home/r3k7/Nauka_ros/src/ros-exercises/install/navigation2_dist:/opt/ros/humble WSLENV=ELECTRON_RUN_AS_NODE/w:WT_SESSION:WT_PROFILE_ID: /usr/bin/cmake --build /home/r3k7/Nauka_ros/src/ros-exercises/build/fibonacci_action -- -j8 -l8
[6.565s] Level 1:colcon.colcon_core.environment:create_environment_scripts_only(pub_sub)
[6.606s] Level 1:colcon.colcon_core.environment:checking '/home/r3k7/Nauka_ros/src/ros-exercises/install/pub_sub' for CMake module files
[6.607s] Level 1:colcon.colcon_core.environment:checking '/home/r3k7/Nauka_ros/src/ros-exercises/install/pub_sub' for CMake config files
[6.607s] Level 1:colcon.colcon_core.shell:create_environment_hook('pub_sub', 'cmake_prefix_path')
[6.648s] INFO:colcon.colcon_core.shell:Creating environment hook '/home/r3k7/Nauka_ros/src/ros-exercises/install/pub_sub/share/pub_sub/hook/cmake_prefix_path.ps1'
[6.650s] INFO:colcon.colcon_core.shell:Creating environment descriptor '/home/r3k7/Nauka_ros/src/ros-exercises/install/pub_sub/share/pub_sub/hook/cmake_prefix_path.dsv'
[6.651s] INFO:colcon.colcon_core.shell:Creating environment hook '/home/r3k7/Nauka_ros/src/ros-exercises/install/pub_sub/share/pub_sub/hook/cmake_prefix_path.sh'
[6.652s] Level 1:colcon.colcon_core.environment:checking '/home/r3k7/Nauka_ros/src/ros-exercises/install/pub_sub/lib'
[6.652s] Level 1:colcon.colcon_core.environment:checking '/home/r3k7/Nauka_ros/src/ros-exercises/install/pub_sub/bin'
[6.652s] Level 1:colcon.colcon_core.environment:checking '/home/r3k7/Nauka_ros/src/ros-exercises/install/pub_sub/lib/pkgconfig/pub_sub.pc'
[6.652s] Level 1:colcon.colcon_core.environment:checking '/home/r3k7/Nauka_ros/src/ros-exercises/install/pub_sub/lib/python3.10/site-packages'
[6.653s] Level 1:colcon.colcon_core.environment:checking '/home/r3k7/Nauka_ros/src/ros-exercises/install/pub_sub/bin'
[6.693s] INFO:colcon.colcon_core.shell:Creating package script '/home/r3k7/Nauka_ros/src/ros-exercises/install/pub_sub/share/pub_sub/package.ps1'
[6.695s] INFO:colcon.colcon_core.shell:Creating package descriptor '/home/r3k7/Nauka_ros/src/ros-exercises/install/pub_sub/share/pub_sub/package.dsv'
[6.696s] INFO:colcon.colcon_core.shell:Creating package script '/home/r3k7/Nauka_ros/src/ros-exercises/install/pub_sub/share/pub_sub/package.sh'
[6.697s] INFO:colcon.colcon_core.shell:Creating package script '/home/r3k7/Nauka_ros/src/ros-exercises/install/pub_sub/share/pub_sub/package.bash'
[6.699s] INFO:colcon.colcon_core.shell:Creating package script '/home/r3k7/Nauka_ros/src/ros-exercises/install/pub_sub/share/pub_sub/package.zsh'
[6.700s] Level 1:colcon.colcon_core.environment:create_file_with_runtime_dependencies(/home/r3k7/Nauka_ros/src/ros-exercises/install/pub_sub/share/colcon-core/packages/pub_sub)
[6.712s] DEBUG:colcon.colcon_core.event_handler.log_command:Invoking command in '/home/r3k7/Nauka_ros/src/ros-exercises/navigation2_planners/navigation2_dist': PYTHONPATH=/home/r3k7/Nauka_ros/src/ros-exercises/build/navigation2_dist/prefix_override:/home/r3k7/Nauka_ros/src/ros-exercises/install/navigation2_dist/lib/python3.10/site-packages:${PYTHONPATH} WSLENV=ELECTRON_RUN_AS_NODE/w:WT_SESSION:WT_PROFILE_ID: /usr/bin/python3 setup.py egg_info --egg-base ../../build/navigation2_dist build --build-base /home/r3k7/Nauka_ros/src/ros-exercises/build/navigation2_dist/build install --record /home/r3k7/Nauka_ros/src/ros-exercises/build/navigation2_dist/install.log --single-version-externally-managed
[6.732s] DEBUG:colcon.colcon_core.event_handler.log_command:Invoking command in '/home/r3k7/Nauka_ros/src/ros-exercises/build/ex_solution': CMAKE_PREFIX_PATH=${CMAKE_PREFIX_PATH}:/home/r3k7/Nauka_ros/src/ros-exercises/install/navigation2_dist:/opt/ros/humble WSLENV=ELECTRON_RUN_AS_NODE/w:WT_SESSION:WT_PROFILE_ID: /usr/bin/cmake --install /home/r3k7/Nauka_ros/src/ros-exercises/build/ex_solution
[6.736s] DEBUG:colcon.colcon_core.event_handler.log_command:Invoking command in '/home/r3k7/Nauka_ros/src/ros-exercises/build/fibonacci_action': CMAKE_PREFIX_PATH=${CMAKE_PREFIX_PATH}:/home/r3k7/Nauka_ros/src/ros-exercises/install/navigation2_dist:/opt/ros/humble WSLENV=ELECTRON_RUN_AS_NODE/w:WT_SESSION:WT_PROFILE_ID: /usr/bin/cmake --install /home/r3k7/Nauka_ros/src/ros-exercises/build/fibonacci_action
[6.853s] Level 1:colcon.colcon_core.environment:create_environment_scripts_only(ex_solution)
[6.887s] DEBUG:colcon.colcon_core.event_handler.log_command:Invoked command in '/home/r3k7/Nauka_ros/src/ros-exercises/build/ex_solution' returned '0': CMAKE_PREFIX_PATH=${CMAKE_PREFIX_PATH}:/home/r3k7/Nauka_ros/src/ros-exercises/install/navigation2_dist:/opt/ros/humble WSLENV=ELECTRON_RUN_AS_NODE/w:WT_SESSION:WT_PROFILE_ID: /usr/bin/cmake --install /home/r3k7/Nauka_ros/src/ros-exercises/build/ex_solution
[6.926s] Level 1:colcon.colcon_core.environment:checking '/home/r3k7/Nauka_ros/src/ros-exercises/install/ex_solution' for CMake module files
[6.927s] Level 1:colcon.colcon_core.environment:checking '/home/r3k7/Nauka_ros/src/ros-exercises/install/ex_solution' for CMake config files
[6.927s] Level 1:colcon.colcon_core.shell:create_environment_hook('ex_solution', 'cmake_prefix_path')
[6.962s] INFO:colcon.colcon_core.shell:Creating environment hook '/home/r3k7/Nauka_ros/src/ros-exercises/install/ex_solution/share/ex_solution/hook/cmake_prefix_path.ps1'
[6.963s] INFO:colcon.colcon_core.shell:Creating environment descriptor '/home/r3k7/Nauka_ros/src/ros-exercises/install/ex_solution/share/ex_solution/hook/cmake_prefix_path.dsv'
[6.963s] INFO:colcon.colcon_core.shell:Creating environment hook '/home/r3k7/Nauka_ros/src/ros-exercises/install/ex_solution/share/ex_solution/hook/cmake_prefix_path.sh'
[6.964s] Level 1:colcon.colcon_core.environment:checking '/home/r3k7/Nauka_ros/src/ros-exercises/install/ex_solution/lib'
[6.964s] Level 1:colcon.colcon_core.shell:create_environment_hook('ex_solution', 'ld_library_path_lib')
[6.995s] INFO:colcon.colcon_core.shell:Creating environment hook '/home/r3k7/Nauka_ros/src/ros-exercises/install/ex_solution/share/ex_solution/hook/ld_library_path_lib.ps1'
[6.996s] INFO:colcon.colcon_core.shell:Creating environment descriptor '/home/r3k7/Nauka_ros/src/ros-exercises/install/ex_solution/share/ex_solution/hook/ld_library_path_lib.dsv'
[6.997s] INFO:colcon.colcon_core.shell:Creating environment hook '/home/r3k7/Nauka_ros/src/ros-exercises/install/ex_solution/share/ex_solution/hook/ld_library_path_lib.sh'
[6.998s] Level 1:colcon.colcon_core.environment:checking '/home/r3k7/Nauka_ros/src/ros-exercises/install/ex_solution/bin'
[6.999s] Level 1:colcon.colcon_core.environment:checking '/home/r3k7/Nauka_ros/src/ros-exercises/install/ex_solution/lib/pkgconfig/ex_solution.pc'
[6.999s] Level 1:colcon.colcon_core.environment:checking '/home/r3k7/Nauka_ros/src/ros-exercises/install/ex_solution/lib/python3.10/site-packages'
[7.000s] Level 1:colcon.colcon_core.environment:checking '/home/r3k7/Nauka_ros/src/ros-exercises/install/ex_solution/bin'
[7.049s] INFO:colcon.colcon_core.shell:Creating package script '/home/r3k7/Nauka_ros/src/ros-exercises/install/ex_solution/share/ex_solution/package.ps1'
[7.050s] INFO:colcon.colcon_core.shell:Creating package descriptor '/home/r3k7/Nauka_ros/src/ros-exercises/install/ex_solution/share/ex_solution/package.dsv'
[7.051s] INFO:colcon.colcon_core.shell:Creating package script '/home/r3k7/Nauka_ros/src/ros-exercises/install/ex_solution/share/ex_solution/package.sh'
[7.051s] INFO:colcon.colcon_core.shell:Creating package script '/home/r3k7/Nauka_ros/src/ros-exercises/install/ex_solution/share/ex_solution/package.bash'
[7.052s] INFO:colcon.colcon_core.shell:Creating package script '/home/r3k7/Nauka_ros/src/ros-exercises/install/ex_solution/share/ex_solution/package.zsh'
[7.052s] Level 1:colcon.colcon_core.environment:create_file_with_runtime_dependencies(/home/r3k7/Nauka_ros/src/ros-exercises/install/ex_solution/share/colcon-core/packages/ex_solution)
[7.060s] Level 1:colcon.colcon_core.environment:create_environment_scripts_only(fibonacci_action)
[7.060s] DEBUG:colcon.colcon_core.event_handler.log_command:Invoked command in '/home/r3k7/Nauka_ros/src/ros-exercises/build/fibonacci_action' returned '0': CMAKE_PREFIX_PATH=${CMAKE_PREFIX_PATH}:/home/r3k7/Nauka_ros/src/ros-exercises/install/navigation2_dist:/opt/ros/humble WSLENV=ELECTRON_RUN_AS_NODE/w:WT_SESSION:WT_PROFILE_ID: /usr/bin/cmake --install /home/r3k7/Nauka_ros/src/ros-exercises/build/fibonacci_action
[7.105s] Level 1:colcon.colcon_core.environment:checking '/home/r3k7/Nauka_ros/src/ros-exercises/install/fibonacci_action' for CMake module files
[7.107s] Level 1:colcon.colcon_core.environment:checking '/home/r3k7/Nauka_ros/src/ros-exercises/install/fibonacci_action' for CMake config files
[7.107s] Level 1:colcon.colcon_core.shell:create_environment_hook('fibonacci_action', 'cmake_prefix_path')
[7.143s] INFO:colcon.colcon_core.shell:Creating environment hook '/home/r3k7/Nauka_ros/src/ros-exercises/install/fibonacci_action/share/fibonacci_action/hook/cmake_prefix_path.ps1'
[7.144s] INFO:colcon.colcon_core.shell:Creating environment descriptor '/home/r3k7/Nauka_ros/src/ros-exercises/install/fibonacci_action/share/fibonacci_action/hook/cmake_prefix_path.dsv'
[7.144s] INFO:colcon.colcon_core.shell:Creating environment hook '/home/r3k7/Nauka_ros/src/ros-exercises/install/fibonacci_action/share/fibonacci_action/hook/cmake_prefix_path.sh'
[7.145s] Level 1:colcon.colcon_core.environment:checking '/home/r3k7/Nauka_ros/src/ros-exercises/install/fibonacci_action/lib'
[7.145s] Level 1:colcon.colcon_core.shell:create_environment_hook('fibonacci_action', 'ld_library_path_lib')
[7.178s] INFO:colcon.colcon_core.shell:Creating environment hook '/home/r3k7/Nauka_ros/src/ros-exercises/install/fibonacci_action/share/fibonacci_action/hook/ld_library_path_lib.ps1'
[7.179s] INFO:colcon.colcon_core.shell:Creating environment descriptor '/home/r3k7/Nauka_ros/src/ros-exercises/install/fibonacci_action/share/fibonacci_action/hook/ld_library_path_lib.dsv'
[7.180s] INFO:colcon.colcon_core.shell:Creating environment hook '/home/r3k7/Nauka_ros/src/ros-exercises/install/fibonacci_action/share/fibonacci_action/hook/ld_library_path_lib.sh'
[7.184s] Level 1:colcon.colcon_core.environment:checking '/home/r3k7/Nauka_ros/src/ros-exercises/install/fibonacci_action/bin'
[7.184s] Level 1:colcon.colcon_core.environment:checking '/home/r3k7/Nauka_ros/src/ros-exercises/install/fibonacci_action/lib/pkgconfig/fibonacci_action.pc'
[7.185s] Level 1:colcon.colcon_core.environment:checking '/home/r3k7/Nauka_ros/src/ros-exercises/install/fibonacci_action/lib/python3.10/site-packages'
[7.186s] Level 1:colcon.colcon_core.environment:checking '/home/r3k7/Nauka_ros/src/ros-exercises/install/fibonacci_action/bin'
[7.233s] INFO:colcon.colcon_core.shell:Creating package script '/home/r3k7/Nauka_ros/src/ros-exercises/install/fibonacci_action/share/fibonacci_action/package.ps1'
[7.234s] INFO:colcon.colcon_core.shell:Creating package descriptor '/home/r3k7/Nauka_ros/src/ros-exercises/install/fibonacci_action/share/fibonacci_action/package.dsv'
[7.235s] INFO:colcon.colcon_core.shell:Creating package script '/home/r3k7/Nauka_ros/src/ros-exercises/install/fibonacci_action/share/fibonacci_action/package.sh'
[7.236s] INFO:colcon.colcon_core.shell:Creating package script '/home/r3k7/Nauka_ros/src/ros-exercises/install/fibonacci_action/share/fibonacci_action/package.bash'
[7.240s] INFO:colcon.colcon_core.shell:Creating package script '/home/r3k7/Nauka_ros/src/ros-exercises/install/fibonacci_action/share/fibonacci_action/package.zsh'
[7.241s] Level 1:colcon.colcon_core.environment:create_file_with_runtime_dependencies(/home/r3k7/Nauka_ros/src/ros-exercises/install/fibonacci_action/share/colcon-core/packages/fibonacci_action)
[7.313s] Level 1:colcon.colcon_core.environment:create_environment_scripts_only(ex_solution)
[7.367s] Level 1:colcon.colcon_core.environment:checking '/home/r3k7/Nauka_ros/src/ros-exercises/install/ex_solution' for CMake module files
[7.371s] Level 1:colcon.colcon_core.environment:checking '/home/r3k7/Nauka_ros/src/ros-exercises/install/ex_solution' for CMake config files
[7.371s] Level 1:colcon.colcon_core.shell:create_environment_hook('ex_solution', 'cmake_prefix_path')
[7.409s] INFO:colcon.colcon_core.shell:Creating environment hook '/home/r3k7/Nauka_ros/src/ros-exercises/install/ex_solution/share/ex_solution/hook/cmake_prefix_path.ps1'
[7.420s] INFO:colcon.colcon_core.shell:Creating environment descriptor '/home/r3k7/Nauka_ros/src/ros-exercises/install/ex_solution/share/ex_solution/hook/cmake_prefix_path.dsv'
[7.421s] INFO:colcon.colcon_core.shell:Creating environment hook '/home/r3k7/Nauka_ros/src/ros-exercises/install/ex_solution/share/ex_solution/hook/cmake_prefix_path.sh'
[7.423s] Level 1:colcon.colcon_core.environment:checking '/home/r3k7/Nauka_ros/src/ros-exercises/install/ex_solution/lib'
[7.423s] Level 1:colcon.colcon_core.shell:create_environment_hook('ex_solution', 'ld_library_path_lib')
[7.456s] INFO:colcon.colcon_core.shell:Creating environment hook '/home/r3k7/Nauka_ros/src/ros-exercises/install/ex_solution/share/ex_solution/hook/ld_library_path_lib.ps1'
[7.458s] INFO:colcon.colcon_core.shell:Creating environment descriptor '/home/r3k7/Nauka_ros/src/ros-exercises/install/ex_solution/share/ex_solution/hook/ld_library_path_lib.dsv'
[7.459s] INFO:colcon.colcon_core.shell:Creating environment hook '/home/r3k7/Nauka_ros/src/ros-exercises/install/ex_solution/share/ex_solution/hook/ld_library_path_lib.sh'
[7.460s] Level 1:colcon.colcon_core.environment:checking '/home/r3k7/Nauka_ros/src/ros-exercises/install/ex_solution/bin'
[7.460s] Level 1:colcon.colcon_core.environment:checking '/home/r3k7/Nauka_ros/src/ros-exercises/install/ex_solution/lib/pkgconfig/ex_solution.pc'
[7.461s] Level 1:colcon.colcon_core.environment:checking '/home/r3k7/Nauka_ros/src/ros-exercises/install/ex_solution/lib/python3.10/site-packages'
[7.462s] Level 1:colcon.colcon_core.environment:checking '/home/r3k7/Nauka_ros/src/ros-exercises/install/ex_solution/bin'
[7.492s] INFO:colcon.colcon_core.shell:Creating package script '/home/r3k7/Nauka_ros/src/ros-exercises/install/ex_solution/share/ex_solution/package.ps1'
[7.493s] INFO:colcon.colcon_core.shell:Creating package descriptor '/home/r3k7/Nauka_ros/src/ros-exercises/install/ex_solution/share/ex_solution/package.dsv'
[7.495s] INFO:colcon.colcon_core.shell:Creating package script '/home/r3k7/Nauka_ros/src/ros-exercises/install/ex_solution/share/ex_solution/package.sh'
[7.501s] INFO:colcon.colcon_core.shell:Creating package script '/home/r3k7/Nauka_ros/src/ros-exercises/install/ex_solution/share/ex_solution/package.bash'
[7.503s] INFO:colcon.colcon_core.shell:Creating package script '/home/r3k7/Nauka_ros/src/ros-exercises/install/ex_solution/share/ex_solution/package.zsh'
[7.505s] Level 1:colcon.colcon_core.environment:create_file_with_runtime_dependencies(/home/r3k7/Nauka_ros/src/ros-exercises/install/ex_solution/share/colcon-core/packages/ex_solution)
[7.550s] Level 1:colcon.colcon_core.environment:create_environment_scripts_only(fibonacci_action)
[7.623s] Level 1:colcon.colcon_core.environment:checking '/home/r3k7/Nauka_ros/src/ros-exercises/install/fibonacci_action' for CMake module files
[7.625s] Level 1:colcon.colcon_core.environment:checking '/home/r3k7/Nauka_ros/src/ros-exercises/install/fibonacci_action' for CMake config files
[7.625s] Level 1:colcon.colcon_core.shell:create_environment_hook('fibonacci_action', 'cmake_prefix_path')
[7.662s] INFO:colcon.colcon_core.shell:Creating environment hook '/home/r3k7/Nauka_ros/src/ros-exercises/install/fibonacci_action/share/fibonacci_action/hook/cmake_prefix_path.ps1'
[7.663s] INFO:colcon.colcon_core.shell:Creating environment descriptor '/home/r3k7/Nauka_ros/src/ros-exercises/install/fibonacci_action/share/fibonacci_action/hook/cmake_prefix_path.dsv'
[7.663s] INFO:colcon.colcon_core.shell:Creating environment hook '/home/r3k7/Nauka_ros/src/ros-exercises/install/fibonacci_action/share/fibonacci_action/hook/cmake_prefix_path.sh'
[7.664s] Level 1:colcon.colcon_core.environment:checking '/home/r3k7/Nauka_ros/src/ros-exercises/install/fibonacci_action/lib'
[7.664s] Level 1:colcon.colcon_core.shell:create_environment_hook('fibonacci_action', 'ld_library_path_lib')
[7.697s] INFO:colcon.colcon_core.shell:Creating environment hook '/home/r3k7/Nauka_ros/src/ros-exercises/install/fibonacci_action/share/fibonacci_action/hook/ld_library_path_lib.ps1'
[7.697s] INFO:colcon.colcon_core.shell:Creating environment descriptor '/home/r3k7/Nauka_ros/src/ros-exercises/install/fibonacci_action/share/fibonacci_action/hook/ld_library_path_lib.dsv'
[7.698s] INFO:colcon.colcon_core.shell:Creating environment hook '/home/r3k7/Nauka_ros/src/ros-exercises/install/fibonacci_action/share/fibonacci_action/hook/ld_library_path_lib.sh'
[7.698s] Level 1:colcon.colcon_core.environment:checking '/home/r3k7/Nauka_ros/src/ros-exercises/install/fibonacci_action/bin'
[7.698s] Level 1:colcon.colcon_core.environment:checking '/home/r3k7/Nauka_ros/src/ros-exercises/install/fibonacci_action/lib/pkgconfig/fibonacci_action.pc'
[7.699s] Level 1:colcon.colcon_core.environment:checking '/home/r3k7/Nauka_ros/src/ros-exercises/install/fibonacci_action/lib/python3.10/site-packages'
[7.699s] Level 1:colcon.colcon_core.environment:checking '/home/r3k7/Nauka_ros/src/ros-exercises/install/fibonacci_action/bin'
[7.741s] INFO:colcon.colcon_core.shell:Creating package script '/home/r3k7/Nauka_ros/src/ros-exercises/install/fibonacci_action/share/fibonacci_action/package.ps1'
[7.742s] INFO:colcon.colcon_core.shell:Creating package descriptor '/home/r3k7/Nauka_ros/src/ros-exercises/install/fibonacci_action/share/fibonacci_action/package.dsv'
[7.743s] INFO:colcon.colcon_core.shell:Creating package script '/home/r3k7/Nauka_ros/src/ros-exercises/install/fibonacci_action/share/fibonacci_action/package.sh'
[7.744s] INFO:colcon.colcon_core.shell:Creating package script '/home/r3k7/Nauka_ros/src/ros-exercises/install/fibonacci_action/share/fibonacci_action/package.bash'
[7.745s] INFO:colcon.colcon_core.shell:Creating package script '/home/r3k7/Nauka_ros/src/ros-exercises/install/fibonacci_action/share/fibonacci_action/package.zsh'
[7.746s] Level 1:colcon.colcon_core.environment:create_file_with_runtime_dependencies(/home/r3k7/Nauka_ros/src/ros-exercises/install/fibonacci_action/share/colcon-core/packages/fibonacci_action)
[7.973s] DEBUG:colcon.colcon_core.event_handler.log_command:Invoked command in '/home/r3k7/Nauka_ros/src/ros-exercises/navigation2_planners/navigation2_dist' returned '0': PYTHONPATH=/home/r3k7/Nauka_ros/src/ros-exercises/build/navigation2_dist/prefix_override:/home/r3k7/Nauka_ros/src/ros-exercises/install/navigation2_dist/lib/python3.10/site-packages:${PYTHONPATH} WSLENV=ELECTRON_RUN_AS_NODE/w:WT_SESSION:WT_PROFILE_ID: /usr/bin/python3 setup.py egg_info --egg-base ../../build/navigation2_dist build --build-base /home/r3k7/Nauka_ros/src/ros-exercises/build/navigation2_dist/build install --record /home/r3k7/Nauka_ros/src/ros-exercises/build/navigation2_dist/install.log --single-version-externally-managed
[7.992s] Level 1:colcon.colcon_core.environment:checking '/home/r3k7/Nauka_ros/src/ros-exercises/install/navigation2_dist' for CMake module files
[7.993s] Level 1:colcon.colcon_core.environment:checking '/home/r3k7/Nauka_ros/src/ros-exercises/install/navigation2_dist' for CMake config files
[7.995s] Level 1:colcon.colcon_core.environment:checking '/home/r3k7/Nauka_ros/src/ros-exercises/install/navigation2_dist/lib'
[7.995s] Level 1:colcon.colcon_core.environment:checking '/home/r3k7/Nauka_ros/src/ros-exercises/install/navigation2_dist/bin'
[7.995s] Level 1:colcon.colcon_core.environment:checking '/home/r3k7/Nauka_ros/src/ros-exercises/install/navigation2_dist/lib/pkgconfig/navigation2_dist.pc'
[7.996s] Level 1:colcon.colcon_core.environment:checking '/home/r3k7/Nauka_ros/src/ros-exercises/install/navigation2_dist/lib/python3.10/site-packages'
[7.996s] Level 1:colcon.colcon_core.shell:create_environment_hook('navigation2_dist', 'pythonpath')
[8.031s] INFO:colcon.colcon_core.shell:Creating environment hook '/home/r3k7/Nauka_ros/src/ros-exercises/install/navigation2_dist/share/navigation2_dist/hook/pythonpath.ps1'
[8.032s] INFO:colcon.colcon_core.shell:Creating environment descriptor '/home/r3k7/Nauka_ros/src/ros-exercises/install/navigation2_dist/share/navigation2_dist/hook/pythonpath.dsv'
[8.033s] INFO:colcon.colcon_core.shell:Creating environment hook '/home/r3k7/Nauka_ros/src/ros-exercises/install/navigation2_dist/share/navigation2_dist/hook/pythonpath.sh'
[8.034s] Level 1:colcon.colcon_core.environment:checking '/home/r3k7/Nauka_ros/src/ros-exercises/install/navigation2_dist/bin'
[8.034s] Level 1:colcon.colcon_core.environment:create_environment_scripts_only(navigation2_dist)
[8.072s] INFO:colcon.colcon_core.shell:Creating package script '/home/r3k7/Nauka_ros/src/ros-exercises/install/navigation2_dist/share/navigation2_dist/package.ps1'
[8.073s] INFO:colcon.colcon_core.shell:Creating package descriptor '/home/r3k7/Nauka_ros/src/ros-exercises/install/navigation2_dist/share/navigation2_dist/package.dsv'
[8.074s] INFO:colcon.colcon_core.shell:Creating package script '/home/r3k7/Nauka_ros/src/ros-exercises/install/navigation2_dist/share/navigation2_dist/package.sh'
[8.082s] INFO:colcon.colcon_core.shell:Creating package script '/home/r3k7/Nauka_ros/src/ros-exercises/install/navigation2_dist/share/navigation2_dist/package.bash'
[8.084s] INFO:colcon.colcon_core.shell:Creating package script '/home/r3k7/Nauka_ros/src/ros-exercises/install/navigation2_dist/share/navigation2_dist/package.zsh'
[8.085s] Level 1:colcon.colcon_core.environment:create_file_with_runtime_dependencies(/home/r3k7/Nauka_ros/src/ros-exercises/install/navigation2_dist/share/colcon-core/packages/navigation2_dist)
[8.086s] DEBUG:colcon.colcon_parallel_executor.executor.parallel:closing loop
[8.087s] DEBUG:colcon.colcon_parallel_executor.executor.parallel:loop closed
[8.087s] DEBUG:colcon.colcon_parallel_executor.executor.parallel:run_until_complete finished with '0'
[8.087s] DEBUG:colcon.colcon_core.event_reactor:joining thread
[8.343s] INFO:colcon.colcon_core.plugin_system:Skipping extension 'colcon_notification.desktop_notification.notify_send': Could not find 'notify-send'
[8.343s] INFO:colcon.colcon_core.plugin_system:Skipping extension 'colcon_notification.desktop_notification.terminal_notifier': Not used on non-Darwin systems
[8.343s] INFO:colcon.colcon_core.plugin_system:Skipping extension 'colcon_notification.desktop_notification.win32': Not used on non-Windows systems
[8.343s] INFO:colcon.colcon_notification.desktop_notification:Sending desktop notification using 'notify2'
[8.343s] DEBUG:colcon.colcon_notification.desktop_notification.notify2:Failed to initialize notify2: org.freedesktop.DBus.Error.FileNotFound: Failed to connect to socket /run/user/1000/bus: No such file or directory
[8.344s] DEBUG:colcon.colcon_core.event_reactor:joined thread
[8.382s] INFO:colcon.colcon_core.shell:Creating prefix script '/home/r3k7/Nauka_ros/src/ros-exercises/install/local_setup.ps1'
[8.386s] INFO:colcon.colcon_core.shell:Creating prefix util module '/home/r3k7/Nauka_ros/src/ros-exercises/install/_local_setup_util_ps1.py'
[8.390s] INFO:colcon.colcon_core.shell:Creating prefix chain script '/home/r3k7/Nauka_ros/src/ros-exercises/install/setup.ps1'
[8.442s] INFO:colcon.colcon_core.shell:Creating prefix script '/home/r3k7/Nauka_ros/src/ros-exercises/install/local_setup.sh'
[8.443s] INFO:colcon.colcon_core.shell:Creating prefix util module '/home/r3k7/Nauka_ros/src/ros-exercises/install/_local_setup_util_sh.py'
[8.444s] INFO:colcon.colcon_core.shell:Creating prefix chain script '/home/r3k7/Nauka_ros/src/ros-exercises/install/setup.sh'
[8.483s] INFO:colcon.colcon_core.shell:Creating prefix script '/home/r3k7/Nauka_ros/src/ros-exercises/install/local_setup.bash'
[8.484s] INFO:colcon.colcon_core.shell:Creating prefix chain script '/home/r3k7/Nauka_ros/src/ros-exercises/install/setup.bash'
[8.514s] INFO:colcon.colcon_core.shell:Creating prefix script '/home/r3k7/Nauka_ros/src/ros-exercises/install/local_setup.zsh'
[8.514s] INFO:colcon.colcon_core.shell:Creating prefix chain script '/home/r3k7/Nauka_ros/src/ros-exercises/install/setup.zsh'
