[0.670s] Invoking command in '/home/mrush/exercise/src/ros-exercises/build/fibonacci_action': CMAKE_PREFIX_PATH=${CMAKE_PREFIX_PATH}:/home/mrush/exercise/src/ros-exercises/install/navigation2_dist:/opt/ros/humble WSLENV=ELECTRON_RUN_AS_NODE/w: /usr/bin/cmake --build /home/mrush/exercise/src/ros-exercises/build/fibonacci_action -- -j8 -l8
[1.594s] [  3%] Built target fibonacci_action__cpp
[1.597s] [  3%] Built target ament_cmake_python_copy_fibonacci_action
[1.597s] [ 12%] Built target fibonacci_action__rosidl_typesupport_introspection_cpp
[1.598s] running egg_info
[1.598s] writing fibonacci_action.egg-info/PKG-INFO
[1.598s] writing dependency_links to fibonacci_action.egg-info/dependency_links.txt
[1.598s] writing top-level names to fibonacci_action.egg-info/top_level.txt
[1.598s] reading manifest file 'fibonacci_action.egg-info/SOURCES.txt'
[1.598s] writing manifest file 'fibonacci_action.egg-info/SOURCES.txt'
[1.757s] [ 12%] Built target ament_cmake_python_build_fibonacci_action_egg
[1.886s] [ 22%] Built target fibonacci_action__rosidl_typesupport_fastrtps_cpp
[1.978s] [ 32%] Built target fibonacci_action__rosidl_typesupport_cpp
[2.013s] [ 41%] Built target fibonacci_action__rosidl_generator_c
[2.129s] [ 51%] Built target fibonacci_action__rosidl_typesupport_fastrtps_c
[2.194s] [ 61%] Built target fibonacci_action__rosidl_typesupport_c
[2.308s] [ 70%] Built target fibonacci_action__rosidl_typesupport_introspection_c
[2.395s] [ 70%] Built target fibonacci_action
[2.541s] [ 74%] Built target fibonacci_action__py
[2.655s] [ 80%] Built target fibonacci_action__rosidl_generator_py
[2.703s] [ 87%] Built target fibonacci_action__rosidl_typesupport_fastrtps_c__pyext
[2.744s] [ 93%] Built target fibonacci_action__rosidl_typesupport_c__pyext
[2.812s] [100%] Built target fibonacci_action__rosidl_typesupport_introspection_c__pyext
[3.039s] Invoked command in '/home/mrush/exercise/src/ros-exercises/build/fibonacci_action' returned '0': CMAKE_PREFIX_PATH=${CMAKE_PREFIX_PATH}:/home/mrush/exercise/src/ros-exercises/install/navigation2_dist:/opt/ros/humble WSLENV=ELECTRON_RUN_AS_NODE/w: /usr/bin/cmake --build /home/mrush/exercise/src/ros-exercises/build/fibonacci_action -- -j8 -l8
[3.417s] Invoking command in '/home/mrush/exercise/src/ros-exercises/build/fibonacci_action': CMAKE_PREFIX_PATH=${CMAKE_PREFIX_PATH}:/home/mrush/exercise/src/ros-exercises/install/navigation2_dist:/opt/ros/humble WSLENV=ELECTRON_RUN_AS_NODE/w: /usr/bin/cmake --install /home/mrush/exercise/src/ros-exercises/build/fibonacci_action
[3.473s] -- Install configuration: ""
[3.473s] -- Up-to-date: /home/mrush/exercise/src/ros-exercises/install/fibonacci_action/share/ament_index/resource_index/rosidl_interfaces/fibonacci_action
[3.474s] -- Up-to-date: /home/mrush/exercise/src/ros-exercises/install/fibonacci_action/include/fibonacci_action/fibonacci_action
[3.474s] -- Up-to-date: /home/mrush/exercise/src/ros-exercises/install/fibonacci_action/include/fibonacci_action/fibonacci_action/msg
[3.474s] -- Up-to-date: /home/mrush/exercise/src/ros-exercises/install/fibonacci_action/include/fibonacci_action/fibonacci_action/msg/rosidl_generator_c__visibility_control.h
[3.474s] -- Up-to-date: /home/mrush/exercise/src/ros-exercises/install/fibonacci_action/include/fibonacci_action/fibonacci_action/action
[3.474s] -- Up-to-date: /home/mrush/exercise/src/ros-exercises/install/fibonacci_action/include/fibonacci_action/fibonacci_action/action/fibonacci.h
[3.474s] -- Up-to-date: /home/mrush/exercise/src/ros-exercises/install/fibonacci_action/include/fibonacci_action/fibonacci_action/action/detail
[3.474s] -- Up-to-date: /home/mrush/exercise/src/ros-exercises/install/fibonacci_action/include/fibonacci_action/fibonacci_action/action/detail/fibonacci__functions.c
[3.476s] -- Up-to-date: /home/mrush/exercise/src/ros-exercises/install/fibonacci_action/include/fibonacci_action/fibonacci_action/action/detail/fibonacci__struct.h
[3.478s] -- Up-to-date: /home/mrush/exercise/src/ros-exercises/install/fibonacci_action/include/fibonacci_action/fibonacci_action/action/detail/fibonacci__type_support.h
[3.479s] -- Up-to-date: /home/mrush/exercise/src/ros-exercises/install/fibonacci_action/include/fibonacci_action/fibonacci_action/action/detail/fibonacci__functions.h
[3.480s] -- Up-to-date: /home/mrush/exercise/src/ros-exercises/install/fibonacci_action/share/fibonacci_action/environment/library_path.sh
[3.480s] -- Up-to-date: /home/mrush/exercise/src/ros-exercises/install/fibonacci_action/share/fibonacci_action/environment/library_path.dsv
[3.481s] -- Up-to-date: /home/mrush/exercise/src/ros-exercises/install/fibonacci_action/lib/libfibonacci_action__rosidl_generator_c.so
[3.481s] -- Up-to-date: /home/mrush/exercise/src/ros-exercises/install/fibonacci_action/include/fibonacci_action/fibonacci_action
[3.481s] -- Up-to-date: /home/mrush/exercise/src/ros-exercises/install/fibonacci_action/include/fibonacci_action/fibonacci_action/msg
[3.481s] -- Up-to-date: /home/mrush/exercise/src/ros-exercises/install/fibonacci_action/include/fibonacci_action/fibonacci_action/msg/rosidl_typesupport_fastrtps_c__visibility_control.h
[3.481s] -- Up-to-date: /home/mrush/exercise/src/ros-exercises/install/fibonacci_action/include/fibonacci_action/fibonacci_action/action
[3.482s] -- Up-to-date: /home/mrush/exercise/src/ros-exercises/install/fibonacci_action/include/fibonacci_action/fibonacci_action/action/detail
[3.482s] -- Up-to-date: /home/mrush/exercise/src/ros-exercises/install/fibonacci_action/include/fibonacci_action/fibonacci_action/action/detail/fibonacci__rosidl_typesupport_fastrtps_c.h
[3.490s] -- Up-to-date: /home/mrush/exercise/src/ros-exercises/install/fibonacci_action/lib/libfibonacci_action__rosidl_typesupport_fastrtps_c.so
[3.493s] -- Up-to-date: /home/mrush/exercise/src/ros-exercises/install/fibonacci_action/include/fibonacci_action/fibonacci_action
[3.494s] -- Up-to-date: /home/mrush/exercise/src/ros-exercises/install/fibonacci_action/include/fibonacci_action/fibonacci_action/msg
[3.494s] -- Up-to-date: /home/mrush/exercise/src/ros-exercises/install/fibonacci_action/include/fibonacci_action/fibonacci_action/msg/rosidl_typesupport_introspection_c__visibility_control.h
[3.494s] -- Up-to-date: /home/mrush/exercise/src/ros-exercises/install/fibonacci_action/include/fibonacci_action/fibonacci_action/action
[3.494s] -- Up-to-date: /home/mrush/exercise/src/ros-exercises/install/fibonacci_action/include/fibonacci_action/fibonacci_action/action/detail
[3.494s] -- Up-to-date: /home/mrush/exercise/src/ros-exercises/install/fibonacci_action/include/fibonacci_action/fibonacci_action/action/detail/fibonacci__rosidl_typesupport_introspection_c.h
[3.494s] -- Up-to-date: /home/mrush/exercise/src/ros-exercises/install/fibonacci_action/include/fibonacci_action/fibonacci_action/action/detail/fibonacci__type_support.c
[3.494s] -- Up-to-date: /home/mrush/exercise/src/ros-exercises/install/fibonacci_action/lib/libfibonacci_action__rosidl_typesupport_introspection_c.so
[3.494s] -- Up-to-date: /home/mrush/exercise/src/ros-exercises/install/fibonacci_action/lib/libfibonacci_action__rosidl_typesupport_c.so
[3.495s] -- Up-to-date: /home/mrush/exercise/src/ros-exercises/install/fibonacci_action/include/fibonacci_action/fibonacci_action
[3.495s] -- Up-to-date: /home/mrush/exercise/src/ros-exercises/install/fibonacci_action/include/fibonacci_action/fibonacci_action/action
[3.495s] -- Up-to-date: /home/mrush/exercise/src/ros-exercises/install/fibonacci_action/include/fibonacci_action/fibonacci_action/action/fibonacci.hpp
[3.500s] -- Up-to-date: /home/mrush/exercise/src/ros-exercises/install/fibonacci_action/include/fibonacci_action/fibonacci_action/action/detail
[3.501s] -- Up-to-date: /home/mrush/exercise/src/ros-exercises/install/fibonacci_action/include/fibonacci_action/fibonacci_action/action/detail/fibonacci__builder.hpp
[3.501s] -- Up-to-date: /home/mrush/exercise/src/ros-exercises/install/fibonacci_action/include/fibonacci_action/fibonacci_action/action/detail/fibonacci__traits.hpp
[3.501s] -- Up-to-date: /home/mrush/exercise/src/ros-exercises/install/fibonacci_action/include/fibonacci_action/fibonacci_action/action/detail/fibonacci__struct.hpp
[3.501s] -- Up-to-date: /home/mrush/exercise/src/ros-exercises/install/fibonacci_action/include/fibonacci_action/fibonacci_action
[3.501s] -- Up-to-date: /home/mrush/exercise/src/ros-exercises/install/fibonacci_action/include/fibonacci_action/fibonacci_action/msg
[3.501s] -- Up-to-date: /home/mrush/exercise/src/ros-exercises/install/fibonacci_action/include/fibonacci_action/fibonacci_action/msg/rosidl_typesupport_fastrtps_cpp__visibility_control.h
[3.501s] -- Up-to-date: /home/mrush/exercise/src/ros-exercises/install/fibonacci_action/include/fibonacci_action/fibonacci_action/action
[3.501s] -- Up-to-date: /home/mrush/exercise/src/ros-exercises/install/fibonacci_action/include/fibonacci_action/fibonacci_action/action/detail
[3.501s] -- Up-to-date: /home/mrush/exercise/src/ros-exercises/install/fibonacci_action/include/fibonacci_action/fibonacci_action/action/detail/dds_fastrtps
[3.503s] -- Up-to-date: /home/mrush/exercise/src/ros-exercises/install/fibonacci_action/include/fibonacci_action/fibonacci_action/action/detail/fibonacci__rosidl_typesupport_fastrtps_cpp.hpp
[3.503s] -- Up-to-date: /home/mrush/exercise/src/ros-exercises/install/fibonacci_action/lib/libfibonacci_action__rosidl_typesupport_fastrtps_cpp.so
[3.503s] -- Up-to-date: /home/mrush/exercise/src/ros-exercises/install/fibonacci_action/include/fibonacci_action/fibonacci_action
[3.503s] -- Up-to-date: /home/mrush/exercise/src/ros-exercises/install/fibonacci_action/include/fibonacci_action/fibonacci_action/action
[3.503s] -- Up-to-date: /home/mrush/exercise/src/ros-exercises/install/fibonacci_action/include/fibonacci_action/fibonacci_action/action/detail
[3.503s] -- Up-to-date: /home/mrush/exercise/src/ros-exercises/install/fibonacci_action/include/fibonacci_action/fibonacci_action/action/detail/fibonacci__type_support.cpp
[3.503s] -- Up-to-date: /home/mrush/exercise/src/ros-exercises/install/fibonacci_action/include/fibonacci_action/fibonacci_action/action/detail/fibonacci__rosidl_typesupport_introspection_cpp.hpp
[3.503s] -- Up-to-date: /home/mrush/exercise/src/ros-exercises/install/fibonacci_action/lib/libfibonacci_action__rosidl_typesupport_introspection_cpp.so
[3.503s] -- Up-to-date: /home/mrush/exercise/src/ros-exercises/install/fibonacci_action/lib/libfibonacci_action__rosidl_typesupport_cpp.so
[3.503s] -- Up-to-date: /home/mrush/exercise/src/ros-exercises/install/fibonacci_action/share/fibonacci_action/environment/pythonpath.sh
[3.503s] -- Up-to-date: /home/mrush/exercise/src/ros-exercises/install/fibonacci_action/share/fibonacci_action/environment/pythonpath.dsv
[3.504s] -- Up-to-date: /home/mrush/exercise/src/ros-exercises/install/fibonacci_action/local/lib/python3.10/dist-packages/fibonacci_action-0.0.0-py3.10.egg-info
[3.504s] -- Installing: /home/mrush/exercise/src/ros-exercises/install/fibonacci_action/local/lib/python3.10/dist-packages/fibonacci_action-0.0.0-py3.10.egg-info/top_level.txt
[3.504s] -- Installing: /home/mrush/exercise/src/ros-exercises/install/fibonacci_action/local/lib/python3.10/dist-packages/fibonacci_action-0.0.0-py3.10.egg-info/PKG-INFO
[3.504s] -- Installing: /home/mrush/exercise/src/ros-exercises/install/fibonacci_action/local/lib/python3.10/dist-packages/fibonacci_action-0.0.0-py3.10.egg-info/SOURCES.txt
[3.504s] -- Installing: /home/mrush/exercise/src/ros-exercises/install/fibonacci_action/local/lib/python3.10/dist-packages/fibonacci_action-0.0.0-py3.10.egg-info/dependency_links.txt
[3.504s] -- Up-to-date: /home/mrush/exercise/src/ros-exercises/install/fibonacci_action/local/lib/python3.10/dist-packages/fibonacci_action
[3.504s] -- Up-to-date: /home/mrush/exercise/src/ros-exercises/install/fibonacci_action/local/lib/python3.10/dist-packages/fibonacci_action/fibonacci_action_s__rosidl_typesupport_fastrtps_c.cpython-310-x86_64-linux-gnu.so
[3.504s] -- Up-to-date: /home/mrush/exercise/src/ros-exercises/install/fibonacci_action/local/lib/python3.10/dist-packages/fibonacci_action/_fibonacci_action_s.ep.rosidl_typesupport_c.c
[3.515s] -- Up-to-date: /home/mrush/exercise/src/ros-exercises/install/fibonacci_action/local/lib/python3.10/dist-packages/fibonacci_action/_fibonacci_action_s.ep.rosidl_typesupport_introspection_c.c
[3.516s] -- Up-to-date: /home/mrush/exercise/src/ros-exercises/install/fibonacci_action/local/lib/python3.10/dist-packages/fibonacci_action/fibonacci_action_s__rosidl_typesupport_c.cpython-310-x86_64-linux-gnu.so
[3.516s] -- Up-to-date: /home/mrush/exercise/src/ros-exercises/install/fibonacci_action/local/lib/python3.10/dist-packages/fibonacci_action/fibonacci_action_s__rosidl_typesupport_introspection_c.cpython-310-x86_64-linux-gnu.so
[3.517s] -- Up-to-date: /home/mrush/exercise/src/ros-exercises/install/fibonacci_action/local/lib/python3.10/dist-packages/fibonacci_action/action
[3.532s] -- Up-to-date: /home/mrush/exercise/src/ros-exercises/install/fibonacci_action/local/lib/python3.10/dist-packages/fibonacci_action/action/_fibonacci.py
[3.533s] -- Up-to-date: /home/mrush/exercise/src/ros-exercises/install/fibonacci_action/local/lib/python3.10/dist-packages/fibonacci_action/action/__init__.py
[3.533s] -- Up-to-date: /home/mrush/exercise/src/ros-exercises/install/fibonacci_action/local/lib/python3.10/dist-packages/fibonacci_action/action/_fibonacci_s.c
[3.533s] -- Up-to-date: /home/mrush/exercise/src/ros-exercises/install/fibonacci_action/local/lib/python3.10/dist-packages/fibonacci_action/__init__.py
[3.533s] -- Up-to-date: /home/mrush/exercise/src/ros-exercises/install/fibonacci_action/local/lib/python3.10/dist-packages/fibonacci_action/_fibonacci_action_s.ep.rosidl_typesupport_fastrtps_c.c
[3.533s] -- Up-to-date: /home/mrush/exercise/src/ros-exercises/install/fibonacci_action/local/lib/python3.10/dist-packages/fibonacci_action/libfibonacci_action__rosidl_generator_py.so
[3.672s] Listing '/home/mrush/exercise/src/ros-exercises/install/fibonacci_action/local/lib/python3.10/dist-packages/fibonacci_action'...
[3.672s] Listing '/home/mrush/exercise/src/ros-exercises/install/fibonacci_action/local/lib/python3.10/dist-packages/fibonacci_action/action'...
[3.714s] -- Up-to-date: /home/mrush/exercise/src/ros-exercises/install/fibonacci_action/local/lib/python3.10/dist-packages/fibonacci_action/fibonacci_action_s__rosidl_typesupport_fastrtps_c.cpython-310-x86_64-linux-gnu.so
[3.714s] -- Up-to-date: /home/mrush/exercise/src/ros-exercises/install/fibonacci_action/local/lib/python3.10/dist-packages/fibonacci_action/fibonacci_action_s__rosidl_typesupport_introspection_c.cpython-310-x86_64-linux-gnu.so
[3.717s] -- Up-to-date: /home/mrush/exercise/src/ros-exercises/install/fibonacci_action/local/lib/python3.10/dist-packages/fibonacci_action/fibonacci_action_s__rosidl_typesupport_c.cpython-310-x86_64-linux-gnu.so
[3.720s] -- Up-to-date: /home/mrush/exercise/src/ros-exercises/install/fibonacci_action/lib/libfibonacci_action__rosidl_generator_py.so
[3.733s] -- Up-to-date: /home/mrush/exercise/src/ros-exercises/install/fibonacci_action/share/fibonacci_action/action/Fibonacci.idl
[3.755s] -- Up-to-date: /home/mrush/exercise/src/ros-exercises/install/fibonacci_action/share/fibonacci_action/action/Fibonacci.action
[3.755s] -- Up-to-date: /home/mrush/exercise/src/ros-exercises/install/fibonacci_action/lib/fibonacci_action/fibonacci_action_server.py
[3.756s] -- Up-to-date: /home/mrush/exercise/src/ros-exercises/install/fibonacci_action/lib/fibonacci_action/fibonacci_action_client.py
[3.756s] -- Up-to-date: /home/mrush/exercise/src/ros-exercises/install/fibonacci_action/share/ament_index/resource_index/package_run_dependencies/fibonacci_action
[3.756s] -- Up-to-date: /home/mrush/exercise/src/ros-exercises/install/fibonacci_action/share/ament_index/resource_index/parent_prefix_path/fibonacci_action
[3.756s] -- Up-to-date: /home/mrush/exercise/src/ros-exercises/install/fibonacci_action/share/fibonacci_action/environment/ament_prefix_path.sh
[3.756s] -- Up-to-date: /home/mrush/exercise/src/ros-exercises/install/fibonacci_action/share/fibonacci_action/environment/ament_prefix_path.dsv
[3.756s] -- Up-to-date: /home/mrush/exercise/src/ros-exercises/install/fibonacci_action/share/fibonacci_action/environment/path.sh
[3.756s] -- Up-to-date: /home/mrush/exercise/src/ros-exercises/install/fibonacci_action/share/fibonacci_action/environment/path.dsv
[3.757s] -- Up-to-date: /home/mrush/exercise/src/ros-exercises/install/fibonacci_action/share/fibonacci_action/local_setup.bash
[3.783s] -- Up-to-date: /home/mrush/exercise/src/ros-exercises/install/fibonacci_action/share/fibonacci_action/local_setup.sh
[3.783s] -- Up-to-date: /home/mrush/exercise/src/ros-exercises/install/fibonacci_action/share/fibonacci_action/local_setup.zsh
[3.783s] -- Up-to-date: /home/mrush/exercise/src/ros-exercises/install/fibonacci_action/share/fibonacci_action/local_setup.dsv
[3.784s] -- Installing: /home/mrush/exercise/src/ros-exercises/install/fibonacci_action/share/fibonacci_action/package.dsv
[3.784s] -- Up-to-date: /home/mrush/exercise/src/ros-exercises/install/fibonacci_action/share/ament_index/resource_index/packages/fibonacci_action
[3.784s] -- Up-to-date: /home/mrush/exercise/src/ros-exercises/install/fibonacci_action/share/fibonacci_action/cmake/export_fibonacci_action__rosidl_generator_cExport.cmake
[3.784s] -- Up-to-date: /home/mrush/exercise/src/ros-exercises/install/fibonacci_action/share/fibonacci_action/cmake/export_fibonacci_action__rosidl_generator_cExport-noconfig.cmake
[3.784s] -- Up-to-date: /home/mrush/exercise/src/ros-exercises/install/fibonacci_action/share/fibonacci_action/cmake/export_fibonacci_action__rosidl_typesupport_fastrtps_cExport.cmake
[3.784s] -- Up-to-date: /home/mrush/exercise/src/ros-exercises/install/fibonacci_action/share/fibonacci_action/cmake/export_fibonacci_action__rosidl_typesupport_fastrtps_cExport-noconfig.cmake
[3.784s] -- Up-to-date: /home/mrush/exercise/src/ros-exercises/install/fibonacci_action/share/fibonacci_action/cmake/fibonacci_action__rosidl_typesupport_introspection_cExport.cmake
[3.784s] -- Up-to-date: /home/mrush/exercise/src/ros-exercises/install/fibonacci_action/share/fibonacci_action/cmake/fibonacci_action__rosidl_typesupport_introspection_cExport-noconfig.cmake
[3.784s] -- Up-to-date: /home/mrush/exercise/src/ros-exercises/install/fibonacci_action/share/fibonacci_action/cmake/fibonacci_action__rosidl_typesupport_cExport.cmake
[3.785s] -- Up-to-date: /home/mrush/exercise/src/ros-exercises/install/fibonacci_action/share/fibonacci_action/cmake/fibonacci_action__rosidl_typesupport_cExport-noconfig.cmake
[3.785s] -- Up-to-date: /home/mrush/exercise/src/ros-exercises/install/fibonacci_action/share/fibonacci_action/cmake/export_fibonacci_action__rosidl_generator_cppExport.cmake
[3.785s] -- Up-to-date: /home/mrush/exercise/src/ros-exercises/install/fibonacci_action/share/fibonacci_action/cmake/export_fibonacci_action__rosidl_typesupport_fastrtps_cppExport.cmake
[3.785s] -- Up-to-date: /home/mrush/exercise/src/ros-exercises/install/fibonacci_action/share/fibonacci_action/cmake/export_fibonacci_action__rosidl_typesupport_fastrtps_cppExport-noconfig.cmake
[3.785s] -- Up-to-date: /home/mrush/exercise/src/ros-exercises/install/fibonacci_action/share/fibonacci_action/cmake/fibonacci_action__rosidl_typesupport_introspection_cppExport.cmake
[3.785s] -- Up-to-date: /home/mrush/exercise/src/ros-exercises/install/fibonacci_action/share/fibonacci_action/cmake/fibonacci_action__rosidl_typesupport_introspection_cppExport-noconfig.cmake
[3.786s] -- Up-to-date: /home/mrush/exercise/src/ros-exercises/install/fibonacci_action/share/fibonacci_action/cmake/fibonacci_action__rosidl_typesupport_cppExport.cmake
[3.786s] -- Up-to-date: /home/mrush/exercise/src/ros-exercises/install/fibonacci_action/share/fibonacci_action/cmake/fibonacci_action__rosidl_typesupport_cppExport-noconfig.cmake
[3.786s] -- Up-to-date: /home/mrush/exercise/src/ros-exercises/install/fibonacci_action/share/fibonacci_action/cmake/export_fibonacci_action__rosidl_generator_pyExport.cmake
[3.786s] -- Up-to-date: /home/mrush/exercise/src/ros-exercises/install/fibonacci_action/share/fibonacci_action/cmake/export_fibonacci_action__rosidl_generator_pyExport-noconfig.cmake
[3.786s] -- Up-to-date: /home/mrush/exercise/src/ros-exercises/install/fibonacci_action/share/fibonacci_action/cmake/rosidl_cmake-extras.cmake
[3.786s] -- Up-to-date: /home/mrush/exercise/src/ros-exercises/install/fibonacci_action/share/fibonacci_action/cmake/ament_cmake_export_dependencies-extras.cmake
[3.796s] -- Up-to-date: /home/mrush/exercise/src/ros-exercises/install/fibonacci_action/share/fibonacci_action/cmake/ament_cmake_export_include_directories-extras.cmake
[3.797s] -- Up-to-date: /home/mrush/exercise/src/ros-exercises/install/fibonacci_action/share/fibonacci_action/cmake/ament_cmake_export_libraries-extras.cmake
[3.797s] -- Up-to-date: /home/mrush/exercise/src/ros-exercises/install/fibonacci_action/share/fibonacci_action/cmake/ament_cmake_export_targets-extras.cmake
[3.797s] -- Up-to-date: /home/mrush/exercise/src/ros-exercises/install/fibonacci_action/share/fibonacci_action/cmake/rosidl_cmake_export_typesupport_targets-extras.cmake
[3.797s] -- Up-to-date: /home/mrush/exercise/src/ros-exercises/install/fibonacci_action/share/fibonacci_action/cmake/rosidl_cmake_export_typesupport_libraries-extras.cmake
[3.798s] -- Up-to-date: /home/mrush/exercise/src/ros-exercises/install/fibonacci_action/share/fibonacci_action/cmake/fibonacci_actionConfig.cmake
[3.798s] -- Up-to-date: /home/mrush/exercise/src/ros-exercises/install/fibonacci_action/share/fibonacci_action/cmake/fibonacci_actionConfig-version.cmake
[3.798s] -- Up-to-date: /home/mrush/exercise/src/ros-exercises/install/fibonacci_action/share/fibonacci_action/package.xml
[3.800s] Invoked command in '/home/mrush/exercise/src/ros-exercises/build/fibonacci_action' returned '0': CMAKE_PREFIX_PATH=${CMAKE_PREFIX_PATH}:/home/mrush/exercise/src/ros-exercises/install/navigation2_dist:/opt/ros/humble WSLENV=ELECTRON_RUN_AS_NODE/w: /usr/bin/cmake --install /home/mrush/exercise/src/ros-exercises/build/fibonacci_action
