[0.477s] Invoking command in '/home/mrush/exercise/src/ros-exercises/build/ex_solution': CMAKE_PREFIX_PATH=${CMAKE_PREFIX_PATH}:/home/mrush/exercise/src/ros-exercises/install/navigation2_dist:/opt/ros/humble /usr/bin/cmake /home/mrush/exercise/src/ros-exercises/ex_solution -DCMAKE_INSTALL_PREFIX=/home/mrush/exercise/src/ros-exercises/install/ex_solution
[1.191s] -- The C compiler identification is GNU 11.4.0
[2.026s] -- The CXX compiler identification is GNU 11.4.0
[3.127s] -- Detecting C compiler ABI info
[3.618s] -- Detecting C compiler ABI info - done
[3.629s] -- Check for working C compiler: /usr/bin/cc - skipped
[3.629s] -- Detecting C compile features
[3.630s] -- Detecting C compile features - done
[3.634s] -- Detecting CXX compiler ABI info
[4.194s] -- Detecting CXX compiler ABI info - done
[4.210s] -- Check for working CXX compiler: /usr/bin/c++ - skipped
[4.211s] -- Detecting CXX compile features
[4.211s] -- Detecting CXX compile features - done
[4.216s] -- Found ament_cmake: 1.3.5 (/opt/ros/humble/share/ament_cmake/cmake)
[4.751s] -- Found Python3: /usr/bin/python3.10 (found version "3.10.12") found components: Interpreter 
[4.922s] -- Found action_msgs: 1.2.1 (/opt/ros/humble/share/action_msgs/cmake)
[5.397s] -- Found rosidl_generator_c: 3.1.5 (/opt/ros/humble/share/rosidl_generator_c/cmake)
[5.407s] -- Found rosidl_adapter: 3.1.5 (/opt/ros/humble/share/rosidl_adapter/cmake)
[5.433s] -- Found rosidl_generator_cpp: 3.1.5 (/opt/ros/humble/share/rosidl_generator_cpp/cmake)
[5.464s] -- Using all available rosidl_typesupport_c: rosidl_typesupport_fastrtps_c;rosidl_typesupport_introspection_c
[5.506s] -- Using all available rosidl_typesupport_cpp: rosidl_typesupport_fastrtps_cpp;rosidl_typesupport_introspection_cpp
[5.664s] -- Found std_msgs: 4.2.3 (/opt/ros/humble/share/std_msgs/cmake)
[5.724s] -- Found rosidl_default_generators: 1.2.0 (/opt/ros/humble/share/rosidl_default_generators/cmake)
[6.421s] -- Found ament_cmake_ros: 0.10.0 (/opt/ros/humble/share/ament_cmake_ros/cmake)
[7.037s] -- Using all available rosidl_typesupport_c: rosidl_typesupport_fastrtps_c;rosidl_typesupport_introspection_c
[7.313s] -- Using all available rosidl_typesupport_cpp: rosidl_typesupport_fastrtps_cpp;rosidl_typesupport_introspection_cpp
[7.596s] -- Found PythonInterp: /usr/bin/python3 (found suitable version "3.10.12", minimum required is "3.6") 
[7.598s] -- Found python_cmake_module: 0.10.0 (/opt/ros/humble/share/python_cmake_module/cmake)
[8.686s] -- Found PythonLibs: /usr/lib/x86_64-linux-gnu/libpython3.10.so (found suitable version "3.10.12", minimum required is "3.5") 
[8.686s] -- Using PYTHON_EXECUTABLE: /usr/bin/python3
[8.686s] -- Using PYTHON_INCLUDE_DIRS: /usr/include/python3.10
[8.686s] -- Using PYTHON_LIBRARIES: /usr/lib/x86_64-linux-gnu/libpython3.10.so
[8.757s] -- Found PythonExtra: .so  
[9.039s] -- Found ament_lint_auto: 0.12.8 (/opt/ros/humble/share/ament_lint_auto/cmake)
[9.096s] -- Added test 'flake8' to check Python code syntax and style conventions
[9.099s] -- Added test 'lint_cmake' to check CMake code style
[9.099s] -- Added test 'pep257' to check Python code against some of the docstring style conventions in PEP 257
[9.100s] -- Added test 'xmllint' to check XML markup files
[9.110s] -- Configuring done
[9.214s] -- Generating done
[9.220s] -- Build files have been written to: /home/mrush/exercise/src/ros-exercises/build/ex_solution
[9.276s] Invoked command in '/home/mrush/exercise/src/ros-exercises/build/ex_solution' returned '0': CMAKE_PREFIX_PATH=${CMAKE_PREFIX_PATH}:/home/mrush/exercise/src/ros-exercises/install/navigation2_dist:/opt/ros/humble /usr/bin/cmake /home/mrush/exercise/src/ros-exercises/ex_solution -DCMAKE_INSTALL_PREFIX=/home/mrush/exercise/src/ros-exercises/install/ex_solution
[9.282s] Invoking command in '/home/mrush/exercise/src/ros-exercises/build/ex_solution': CMAKE_PREFIX_PATH=${CMAKE_PREFIX_PATH}:/home/mrush/exercise/src/ros-exercises/install/navigation2_dist:/opt/ros/humble /usr/bin/cmake --build /home/mrush/exercise/src/ros-exercises/build/ex_solution -- -j8 -l8
[9.361s] [  3%] [34m[1mGenerating C code for ROS interfaces[0m
[9.392s] [  6%] [34m[1mGenerating C++ code for ROS interfaces[0m
[9.399s] [  6%] Built target ament_cmake_python_copy_ex_solution
[10.125s] running egg_info
[10.125s] creating ex_solution.egg-info
[10.125s] writing ex_solution.egg-info/PKG-INFO
[10.125s] writing dependency_links to ex_solution.egg-info/dependency_links.txt
[10.125s] writing top-level names to ex_solution.egg-info/top_level.txt
[10.125s] writing manifest file 'ex_solution.egg-info/SOURCES.txt'
[10.126s] reading manifest file 'ex_solution.egg-info/SOURCES.txt'
[10.126s] writing manifest file 'ex_solution.egg-info/SOURCES.txt'
[10.252s] [  6%] Built target ament_cmake_python_build_ex_solution_egg
[10.771s] [  6%] Built target ex_solution__cpp
[10.793s] [  9%] [34m[1mGenerating C++ type support dispatch for ROS interfaces[0m
[10.802s] [ 12%] [34m[1mGenerating C++ type support for eProsima Fast-RTPS[0m
[10.835s] [ 16%] [34m[1mGenerating C++ introspection for ROS interfaces[0m
[10.857s] [ 19%] [32mBuilding C object CMakeFiles/ex_solution__rosidl_generator_c.dir/rosidl_generator_c/ex_solution/action/detail/exercise_action__functions.c.o[0m
[11.299s] [ 22%] [32m[1mLinking C shared library libex_solution__rosidl_generator_c.so[0m
[11.994s] [ 22%] Built target ex_solution__rosidl_generator_c
[12.021s] [ 25%] [32mBuilding CXX object CMakeFiles/ex_solution__rosidl_typesupport_cpp.dir/rosidl_typesupport_cpp/ex_solution/action/exercise_action__type_support.cpp.o[0m
[12.049s] [ 29%] [34m[1mGenerating C type support dispatch for ROS interfaces[0m
[12.063s] [ 35%] [34m[1mGenerating C type support for eProsima Fast-RTPS[0m
[12.064s] [ 35%] [34m[1mGenerating C introspection for ROS interfaces[0m
[12.372s] [ 38%] [32mBuilding CXX object CMakeFiles/ex_solution__rosidl_typesupport_introspection_cpp.dir/rosidl_typesupport_introspection_cpp/ex_solution/action/detail/exercise_action__type_support.cpp.o[0m
[13.431s] [ 41%] [32mBuilding CXX object CMakeFiles/ex_solution__rosidl_typesupport_fastrtps_cpp.dir/rosidl_typesupport_fastrtps_cpp/ex_solution/action/detail/dds_fastrtps/exercise_action__type_support.cpp.o[0m
[13.709s] [ 45%] [32mBuilding CXX object CMakeFiles/ex_solution__rosidl_typesupport_c.dir/rosidl_typesupport_c/ex_solution/action/exercise_action__type_support.cpp.o[0m
[13.835s] [ 48%] [32mBuilding CXX object CMakeFiles/ex_solution__rosidl_typesupport_fastrtps_c.dir/rosidl_typesupport_fastrtps_c/ex_solution/action/detail/exercise_action__type_support_c.cpp.o[0m
[14.044s] [ 51%] [32m[1mLinking CXX shared library libex_solution__rosidl_typesupport_c.so[0m
[14.371s] [ 54%] [32mBuilding C object CMakeFiles/ex_solution__rosidl_typesupport_introspection_c.dir/rosidl_typesupport_introspection_c/ex_solution/action/detail/exercise_action__type_support.c.o[0m
[14.736s] [ 58%] [32m[1mLinking C shared library libex_solution__rosidl_typesupport_introspection_c.so[0m
[15.225s] [ 58%] Built target ex_solution__rosidl_typesupport_c
[15.497s] [ 58%] Built target ex_solution__rosidl_typesupport_introspection_c
[15.765s] [ 61%] [32m[1mLinking CXX shared library libex_solution__rosidl_typesupport_cpp.so[0m
[15.940s] [ 64%] [32m[1mLinking CXX shared library libex_solution__rosidl_typesupport_introspection_cpp.so[0m
[16.082s] [ 67%] [32m[1mLinking CXX shared library libex_solution__rosidl_typesupport_fastrtps_c.so[0m
[16.731s] [ 67%] Built target ex_solution__rosidl_typesupport_cpp
[16.808s] [ 70%] [32m[1mLinking CXX shared library libex_solution__rosidl_typesupport_fastrtps_cpp.so[0m
[17.019s] [ 70%] Built target ex_solution__rosidl_typesupport_introspection_cpp
[17.199s] [ 70%] Built target ex_solution__rosidl_typesupport_fastrtps_c
[17.573s] [ 70%] Built target ex_solution__rosidl_typesupport_fastrtps_cpp
[17.601s] [ 70%] Built target ex_solution
[17.656s] [ 74%] [34m[1mGenerating Python code for ROS interfaces[0m
[19.171s] [ 74%] Built target ex_solution__py
[19.225s] [ 77%] [32mBuilding C object CMakeFiles/ex_solution__rosidl_generator_py.dir/rosidl_generator_py/ex_solution/action/_exercise_action_s.c.o[0m
[19.570s] [ 80%] [32m[1mLinking C shared library rosidl_generator_py/ex_solution/libex_solution__rosidl_generator_py.so[0m
[19.999s] [ 80%] Built target ex_solution__rosidl_generator_py
[20.053s] [ 83%] [32mBuilding C object CMakeFiles/ex_solution__rosidl_typesupport_introspection_c__pyext.dir/rosidl_generator_py/ex_solution/_ex_solution_s.ep.rosidl_typesupport_introspection_c.c.o[0m
[20.053s] [ 87%] [32mBuilding C object CMakeFiles/ex_solution__rosidl_typesupport_fastrtps_c__pyext.dir/rosidl_generator_py/ex_solution/_ex_solution_s.ep.rosidl_typesupport_fastrtps_c.c.o[0m
[20.067s] [ 90%] [32mBuilding C object CMakeFiles/ex_solution__rosidl_typesupport_c__pyext.dir/rosidl_generator_py/ex_solution/_ex_solution_s.ep.rosidl_typesupport_c.c.o[0m
[20.368s] [ 93%] [32m[1mLinking C shared library rosidl_generator_py/ex_solution/ex_solution_s__rosidl_typesupport_fastrtps_c.cpython-310-x86_64-linux-gnu.so[0m
[20.383s] [ 96%] [32m[1mLinking C shared library rosidl_generator_py/ex_solution/ex_solution_s__rosidl_typesupport_introspection_c.cpython-310-x86_64-linux-gnu.so[0m
[20.436s] [100%] [32m[1mLinking C shared library rosidl_generator_py/ex_solution/ex_solution_s__rosidl_typesupport_c.cpython-310-x86_64-linux-gnu.so[0m
[20.912s] [100%] Built target ex_solution__rosidl_typesupport_introspection_c__pyext
[20.915s] [100%] Built target ex_solution__rosidl_typesupport_fastrtps_c__pyext
[20.997s] [100%] Built target ex_solution__rosidl_typesupport_c__pyext
[21.021s] Invoked command in '/home/mrush/exercise/src/ros-exercises/build/ex_solution' returned '0': CMAKE_PREFIX_PATH=${CMAKE_PREFIX_PATH}:/home/mrush/exercise/src/ros-exercises/install/navigation2_dist:/opt/ros/humble /usr/bin/cmake --build /home/mrush/exercise/src/ros-exercises/build/ex_solution -- -j8 -l8
[21.228s] Invoking command in '/home/mrush/exercise/src/ros-exercises/build/ex_solution': CMAKE_PREFIX_PATH=${CMAKE_PREFIX_PATH}:/home/mrush/exercise/src/ros-exercises/install/navigation2_dist:/opt/ros/humble /usr/bin/cmake --install /home/mrush/exercise/src/ros-exercises/build/ex_solution
[21.250s] -- Install configuration: ""
[21.253s] -- Installing: /home/mrush/exercise/src/ros-exercises/install/ex_solution/share/ament_index/resource_index/rosidl_interfaces/ex_solution
[21.254s] -- Installing: /home/mrush/exercise/src/ros-exercises/install/ex_solution/include/ex_solution/ex_solution
[21.255s] -- Installing: /home/mrush/exercise/src/ros-exercises/install/ex_solution/include/ex_solution/ex_solution/msg
[21.255s] -- Installing: /home/mrush/exercise/src/ros-exercises/install/ex_solution/include/ex_solution/ex_solution/msg/rosidl_generator_c__visibility_control.h
[21.256s] -- Installing: /home/mrush/exercise/src/ros-exercises/install/ex_solution/include/ex_solution/ex_solution/action
[21.256s] -- Installing: /home/mrush/exercise/src/ros-exercises/install/ex_solution/include/ex_solution/ex_solution/action/detail
[21.256s] -- Installing: /home/mrush/exercise/src/ros-exercises/install/ex_solution/include/ex_solution/ex_solution/action/detail/exercise_action__struct.h
[21.256s] -- Installing: /home/mrush/exercise/src/ros-exercises/install/ex_solution/include/ex_solution/ex_solution/action/detail/exercise_action__type_support.h
[21.257s] -- Installing: /home/mrush/exercise/src/ros-exercises/install/ex_solution/include/ex_solution/ex_solution/action/detail/exercise_action__functions.c
[21.257s] -- Installing: /home/mrush/exercise/src/ros-exercises/install/ex_solution/include/ex_solution/ex_solution/action/detail/exercise_action__functions.h
[21.257s] -- Installing: /home/mrush/exercise/src/ros-exercises/install/ex_solution/include/ex_solution/ex_solution/action/exercise_action.h
[21.257s] -- Installing: /home/mrush/exercise/src/ros-exercises/install/ex_solution/share/ex_solution/environment/library_path.sh
[21.257s] -- Installing: /home/mrush/exercise/src/ros-exercises/install/ex_solution/share/ex_solution/environment/library_path.dsv
[21.257s] -- Installing: /home/mrush/exercise/src/ros-exercises/install/ex_solution/lib/libex_solution__rosidl_generator_c.so
[21.257s] -- Set runtime path of "/home/mrush/exercise/src/ros-exercises/install/ex_solution/lib/libex_solution__rosidl_generator_c.so" to ""
[21.257s] -- Up-to-date: /home/mrush/exercise/src/ros-exercises/install/ex_solution/include/ex_solution/ex_solution
[21.258s] -- Up-to-date: /home/mrush/exercise/src/ros-exercises/install/ex_solution/include/ex_solution/ex_solution/msg
[21.258s] -- Installing: /home/mrush/exercise/src/ros-exercises/install/ex_solution/include/ex_solution/ex_solution/msg/rosidl_typesupport_fastrtps_c__visibility_control.h
[21.258s] -- Up-to-date: /home/mrush/exercise/src/ros-exercises/install/ex_solution/include/ex_solution/ex_solution/action
[21.258s] -- Up-to-date: /home/mrush/exercise/src/ros-exercises/install/ex_solution/include/ex_solution/ex_solution/action/detail
[21.259s] -- Installing: /home/mrush/exercise/src/ros-exercises/install/ex_solution/include/ex_solution/ex_solution/action/detail/exercise_action__rosidl_typesupport_fastrtps_c.h
[21.259s] -- Installing: /home/mrush/exercise/src/ros-exercises/install/ex_solution/lib/libex_solution__rosidl_typesupport_fastrtps_c.so
[21.259s] -- Set runtime path of "/home/mrush/exercise/src/ros-exercises/install/ex_solution/lib/libex_solution__rosidl_typesupport_fastrtps_c.so" to ""
[21.259s] -- Up-to-date: /home/mrush/exercise/src/ros-exercises/install/ex_solution/include/ex_solution/ex_solution
[21.259s] -- Up-to-date: /home/mrush/exercise/src/ros-exercises/install/ex_solution/include/ex_solution/ex_solution/action
[21.260s] -- Installing: /home/mrush/exercise/src/ros-exercises/install/ex_solution/include/ex_solution/ex_solution/action/exercise_action.hpp
[21.260s] -- Up-to-date: /home/mrush/exercise/src/ros-exercises/install/ex_solution/include/ex_solution/ex_solution/action/detail
[21.260s] -- Installing: /home/mrush/exercise/src/ros-exercises/install/ex_solution/include/ex_solution/ex_solution/action/detail/exercise_action__traits.hpp
[21.260s] -- Installing: /home/mrush/exercise/src/ros-exercises/install/ex_solution/include/ex_solution/ex_solution/action/detail/exercise_action__builder.hpp
[21.260s] -- Installing: /home/mrush/exercise/src/ros-exercises/install/ex_solution/include/ex_solution/ex_solution/action/detail/exercise_action__struct.hpp
[21.260s] -- Up-to-date: /home/mrush/exercise/src/ros-exercises/install/ex_solution/include/ex_solution/ex_solution
[21.261s] -- Up-to-date: /home/mrush/exercise/src/ros-exercises/install/ex_solution/include/ex_solution/ex_solution/msg
[21.261s] -- Installing: /home/mrush/exercise/src/ros-exercises/install/ex_solution/include/ex_solution/ex_solution/msg/rosidl_typesupport_fastrtps_cpp__visibility_control.h
[21.261s] -- Up-to-date: /home/mrush/exercise/src/ros-exercises/install/ex_solution/include/ex_solution/ex_solution/action
[21.261s] -- Up-to-date: /home/mrush/exercise/src/ros-exercises/install/ex_solution/include/ex_solution/ex_solution/action/detail
[21.261s] -- Installing: /home/mrush/exercise/src/ros-exercises/install/ex_solution/include/ex_solution/ex_solution/action/detail/dds_fastrtps
[21.261s] -- Installing: /home/mrush/exercise/src/ros-exercises/install/ex_solution/include/ex_solution/ex_solution/action/detail/exercise_action__rosidl_typesupport_fastrtps_cpp.hpp
[21.261s] -- Installing: /home/mrush/exercise/src/ros-exercises/install/ex_solution/lib/libex_solution__rosidl_typesupport_fastrtps_cpp.so
[21.262s] -- Set runtime path of "/home/mrush/exercise/src/ros-exercises/install/ex_solution/lib/libex_solution__rosidl_typesupport_fastrtps_cpp.so" to ""
[21.262s] -- Up-to-date: /home/mrush/exercise/src/ros-exercises/install/ex_solution/include/ex_solution/ex_solution
[21.262s] -- Up-to-date: /home/mrush/exercise/src/ros-exercises/install/ex_solution/include/ex_solution/ex_solution/msg
[21.263s] -- Installing: /home/mrush/exercise/src/ros-exercises/install/ex_solution/include/ex_solution/ex_solution/msg/rosidl_typesupport_introspection_c__visibility_control.h
[21.263s] -- Up-to-date: /home/mrush/exercise/src/ros-exercises/install/ex_solution/include/ex_solution/ex_solution/action
[21.263s] -- Up-to-date: /home/mrush/exercise/src/ros-exercises/install/ex_solution/include/ex_solution/ex_solution/action/detail
[21.263s] -- Installing: /home/mrush/exercise/src/ros-exercises/install/ex_solution/include/ex_solution/ex_solution/action/detail/exercise_action__rosidl_typesupport_introspection_c.h
[21.263s] -- Installing: /home/mrush/exercise/src/ros-exercises/install/ex_solution/include/ex_solution/ex_solution/action/detail/exercise_action__type_support.c
[21.263s] -- Installing: /home/mrush/exercise/src/ros-exercises/install/ex_solution/lib/libex_solution__rosidl_typesupport_introspection_c.so
[21.263s] -- Set runtime path of "/home/mrush/exercise/src/ros-exercises/install/ex_solution/lib/libex_solution__rosidl_typesupport_introspection_c.so" to ""
[21.264s] -- Installing: /home/mrush/exercise/src/ros-exercises/install/ex_solution/lib/libex_solution__rosidl_typesupport_c.so
[21.265s] -- Set runtime path of "/home/mrush/exercise/src/ros-exercises/install/ex_solution/lib/libex_solution__rosidl_typesupport_c.so" to ""
[21.265s] -- Up-to-date: /home/mrush/exercise/src/ros-exercises/install/ex_solution/include/ex_solution/ex_solution
[21.265s] -- Up-to-date: /home/mrush/exercise/src/ros-exercises/install/ex_solution/include/ex_solution/ex_solution/action
[21.266s] -- Up-to-date: /home/mrush/exercise/src/ros-exercises/install/ex_solution/include/ex_solution/ex_solution/action/detail
[21.266s] -- Installing: /home/mrush/exercise/src/ros-exercises/install/ex_solution/include/ex_solution/ex_solution/action/detail/exercise_action__type_support.cpp
[21.266s] -- Installing: /home/mrush/exercise/src/ros-exercises/install/ex_solution/include/ex_solution/ex_solution/action/detail/exercise_action__rosidl_typesupport_introspection_cpp.hpp
[21.266s] -- Installing: /home/mrush/exercise/src/ros-exercises/install/ex_solution/lib/libex_solution__rosidl_typesupport_introspection_cpp.so
[21.266s] -- Set runtime path of "/home/mrush/exercise/src/ros-exercises/install/ex_solution/lib/libex_solution__rosidl_typesupport_introspection_cpp.so" to ""
[21.266s] -- Installing: /home/mrush/exercise/src/ros-exercises/install/ex_solution/lib/libex_solution__rosidl_typesupport_cpp.so
[21.266s] -- Set runtime path of "/home/mrush/exercise/src/ros-exercises/install/ex_solution/lib/libex_solution__rosidl_typesupport_cpp.so" to ""
[21.266s] -- Installing: /home/mrush/exercise/src/ros-exercises/install/ex_solution/share/ex_solution/environment/pythonpath.sh
[21.266s] -- Installing: /home/mrush/exercise/src/ros-exercises/install/ex_solution/share/ex_solution/environment/pythonpath.dsv
[21.266s] -- Installing: /home/mrush/exercise/src/ros-exercises/install/ex_solution/local/lib/python3.10/dist-packages/ex_solution-0.0.0-py3.10.egg-info
[21.266s] -- Installing: /home/mrush/exercise/src/ros-exercises/install/ex_solution/local/lib/python3.10/dist-packages/ex_solution-0.0.0-py3.10.egg-info/top_level.txt
[21.267s] -- Installing: /home/mrush/exercise/src/ros-exercises/install/ex_solution/local/lib/python3.10/dist-packages/ex_solution-0.0.0-py3.10.egg-info/PKG-INFO
[21.267s] -- Installing: /home/mrush/exercise/src/ros-exercises/install/ex_solution/local/lib/python3.10/dist-packages/ex_solution-0.0.0-py3.10.egg-info/SOURCES.txt
[21.267s] -- Installing: /home/mrush/exercise/src/ros-exercises/install/ex_solution/local/lib/python3.10/dist-packages/ex_solution-0.0.0-py3.10.egg-info/dependency_links.txt
[21.267s] -- Installing: /home/mrush/exercise/src/ros-exercises/install/ex_solution/local/lib/python3.10/dist-packages/ex_solution
[21.267s] -- Installing: /home/mrush/exercise/src/ros-exercises/install/ex_solution/local/lib/python3.10/dist-packages/ex_solution/libex_solution__rosidl_generator_py.so
[21.267s] -- Installing: /home/mrush/exercise/src/ros-exercises/install/ex_solution/local/lib/python3.10/dist-packages/ex_solution/_ex_solution_s.ep.rosidl_typesupport_c.c
[21.267s] -- Installing: /home/mrush/exercise/src/ros-exercises/install/ex_solution/local/lib/python3.10/dist-packages/ex_solution/ex_solution_s__rosidl_typesupport_c.cpython-310-x86_64-linux-gnu.so
[21.267s] -- Installing: /home/mrush/exercise/src/ros-exercises/install/ex_solution/local/lib/python3.10/dist-packages/ex_solution/_ex_solution_s.ep.rosidl_typesupport_introspection_c.c
[21.267s] -- Installing: /home/mrush/exercise/src/ros-exercises/install/ex_solution/local/lib/python3.10/dist-packages/ex_solution/ex_solution_s__rosidl_typesupport_introspection_c.cpython-310-x86_64-linux-gnu.so
[21.268s] -- Installing: /home/mrush/exercise/src/ros-exercises/install/ex_solution/local/lib/python3.10/dist-packages/ex_solution/_ex_solution_s.ep.rosidl_typesupport_fastrtps_c.c
[21.268s] -- Installing: /home/mrush/exercise/src/ros-exercises/install/ex_solution/local/lib/python3.10/dist-packages/ex_solution/action
[21.268s] -- Installing: /home/mrush/exercise/src/ros-exercises/install/ex_solution/local/lib/python3.10/dist-packages/ex_solution/action/_exercise_action.py
[21.268s] -- Installing: /home/mrush/exercise/src/ros-exercises/install/ex_solution/local/lib/python3.10/dist-packages/ex_solution/action/_exercise_action_s.c
[21.268s] -- Installing: /home/mrush/exercise/src/ros-exercises/install/ex_solution/local/lib/python3.10/dist-packages/ex_solution/action/__init__.py
[21.268s] -- Installing: /home/mrush/exercise/src/ros-exercises/install/ex_solution/local/lib/python3.10/dist-packages/ex_solution/__init__.py
[21.268s] -- Installing: /home/mrush/exercise/src/ros-exercises/install/ex_solution/local/lib/python3.10/dist-packages/ex_solution/ex_solution_s__rosidl_typesupport_fastrtps_c.cpython-310-x86_64-linux-gnu.so
[21.391s] Listing '/home/mrush/exercise/src/ros-exercises/install/ex_solution/local/lib/python3.10/dist-packages/ex_solution'...
[21.392s] Compiling '/home/mrush/exercise/src/ros-exercises/install/ex_solution/local/lib/python3.10/dist-packages/ex_solution/__init__.py'...
[21.392s] Listing '/home/mrush/exercise/src/ros-exercises/install/ex_solution/local/lib/python3.10/dist-packages/ex_solution/action'...
[21.392s] Compiling '/home/mrush/exercise/src/ros-exercises/install/ex_solution/local/lib/python3.10/dist-packages/ex_solution/action/__init__.py'...
[21.393s] Compiling '/home/mrush/exercise/src/ros-exercises/install/ex_solution/local/lib/python3.10/dist-packages/ex_solution/action/_exercise_action.py'...
[21.426s] -- Installing: /home/mrush/exercise/src/ros-exercises/install/ex_solution/local/lib/python3.10/dist-packages/ex_solution/ex_solution_s__rosidl_typesupport_fastrtps_c.cpython-310-x86_64-linux-gnu.so
[21.427s] -- Set runtime path of "/home/mrush/exercise/src/ros-exercises/install/ex_solution/local/lib/python3.10/dist-packages/ex_solution/ex_solution_s__rosidl_typesupport_fastrtps_c.cpython-310-x86_64-linux-gnu.so" to ""
[21.431s] -- Installing: /home/mrush/exercise/src/ros-exercises/install/ex_solution/local/lib/python3.10/dist-packages/ex_solution/ex_solution_s__rosidl_typesupport_introspection_c.cpython-310-x86_64-linux-gnu.so
[21.432s] -- Set runtime path of "/home/mrush/exercise/src/ros-exercises/install/ex_solution/local/lib/python3.10/dist-packages/ex_solution/ex_solution_s__rosidl_typesupport_introspection_c.cpython-310-x86_64-linux-gnu.so" to ""
[21.434s] -- Installing: /home/mrush/exercise/src/ros-exercises/install/ex_solution/local/lib/python3.10/dist-packages/ex_solution/ex_solution_s__rosidl_typesupport_c.cpython-310-x86_64-linux-gnu.so
[21.435s] -- Set runtime path of "/home/mrush/exercise/src/ros-exercises/install/ex_solution/local/lib/python3.10/dist-packages/ex_solution/ex_solution_s__rosidl_typesupport_c.cpython-310-x86_64-linux-gnu.so" to ""
[21.435s] -- Installing: /home/mrush/exercise/src/ros-exercises/install/ex_solution/lib/libex_solution__rosidl_generator_py.so
[21.436s] -- Set runtime path of "/home/mrush/exercise/src/ros-exercises/install/ex_solution/lib/libex_solution__rosidl_generator_py.so" to ""
[21.438s] -- Installing: /home/mrush/exercise/src/ros-exercises/install/ex_solution/share/ex_solution/action/ExerciseAction.idl
[21.448s] -- Installing: /home/mrush/exercise/src/ros-exercises/install/ex_solution/share/ex_solution/action/ExerciseAction.action
[21.456s] -- Installing: /home/mrush/exercise/src/ros-exercises/install/ex_solution/lib/ex_solution/exercise_action_client.py
[21.457s] -- Installing: /home/mrush/exercise/src/ros-exercises/install/ex_solution/lib/ex_solution/exercise_action_server.py
[21.457s] -- Installing: /home/mrush/exercise/src/ros-exercises/install/ex_solution/share/ament_index/resource_index/package_run_dependencies/ex_solution
[21.457s] -- Installing: /home/mrush/exercise/src/ros-exercises/install/ex_solution/share/ament_index/resource_index/parent_prefix_path/ex_solution
[21.457s] -- Installing: /home/mrush/exercise/src/ros-exercises/install/ex_solution/share/ex_solution/environment/ament_prefix_path.sh
[21.458s] -- Installing: /home/mrush/exercise/src/ros-exercises/install/ex_solution/share/ex_solution/environment/ament_prefix_path.dsv
[21.459s] -- Installing: /home/mrush/exercise/src/ros-exercises/install/ex_solution/share/ex_solution/environment/path.sh
[21.459s] -- Installing: /home/mrush/exercise/src/ros-exercises/install/ex_solution/share/ex_solution/environment/path.dsv
[21.460s] -- Installing: /home/mrush/exercise/src/ros-exercises/install/ex_solution/share/ex_solution/local_setup.bash
[21.460s] -- Installing: /home/mrush/exercise/src/ros-exercises/install/ex_solution/share/ex_solution/local_setup.sh
[21.460s] -- Installing: /home/mrush/exercise/src/ros-exercises/install/ex_solution/share/ex_solution/local_setup.zsh
[21.461s] -- Installing: /home/mrush/exercise/src/ros-exercises/install/ex_solution/share/ex_solution/local_setup.dsv
[21.461s] -- Installing: /home/mrush/exercise/src/ros-exercises/install/ex_solution/share/ex_solution/package.dsv
[21.461s] -- Installing: /home/mrush/exercise/src/ros-exercises/install/ex_solution/share/ament_index/resource_index/packages/ex_solution
[21.461s] -- Installing: /home/mrush/exercise/src/ros-exercises/install/ex_solution/share/ex_solution/cmake/export_ex_solution__rosidl_generator_cExport.cmake
[21.461s] -- Installing: /home/mrush/exercise/src/ros-exercises/install/ex_solution/share/ex_solution/cmake/export_ex_solution__rosidl_generator_cExport-noconfig.cmake
[21.462s] -- Installing: /home/mrush/exercise/src/ros-exercises/install/ex_solution/share/ex_solution/cmake/export_ex_solution__rosidl_typesupport_fastrtps_cExport.cmake
[21.462s] -- Installing: /home/mrush/exercise/src/ros-exercises/install/ex_solution/share/ex_solution/cmake/export_ex_solution__rosidl_typesupport_fastrtps_cExport-noconfig.cmake
[21.462s] -- Installing: /home/mrush/exercise/src/ros-exercises/install/ex_solution/share/ex_solution/cmake/export_ex_solution__rosidl_generator_cppExport.cmake
[21.462s] -- Installing: /home/mrush/exercise/src/ros-exercises/install/ex_solution/share/ex_solution/cmake/export_ex_solution__rosidl_typesupport_fastrtps_cppExport.cmake
[21.463s] -- Installing: /home/mrush/exercise/src/ros-exercises/install/ex_solution/share/ex_solution/cmake/export_ex_solution__rosidl_typesupport_fastrtps_cppExport-noconfig.cmake
[21.463s] -- Installing: /home/mrush/exercise/src/ros-exercises/install/ex_solution/share/ex_solution/cmake/ex_solution__rosidl_typesupport_introspection_cExport.cmake
[21.463s] -- Installing: /home/mrush/exercise/src/ros-exercises/install/ex_solution/share/ex_solution/cmake/ex_solution__rosidl_typesupport_introspection_cExport-noconfig.cmake
[21.463s] -- Installing: /home/mrush/exercise/src/ros-exercises/install/ex_solution/share/ex_solution/cmake/ex_solution__rosidl_typesupport_cExport.cmake
[21.463s] -- Installing: /home/mrush/exercise/src/ros-exercises/install/ex_solution/share/ex_solution/cmake/ex_solution__rosidl_typesupport_cExport-noconfig.cmake
[21.464s] -- Installing: /home/mrush/exercise/src/ros-exercises/install/ex_solution/share/ex_solution/cmake/ex_solution__rosidl_typesupport_introspection_cppExport.cmake
[21.465s] -- Installing: /home/mrush/exercise/src/ros-exercises/install/ex_solution/share/ex_solution/cmake/ex_solution__rosidl_typesupport_introspection_cppExport-noconfig.cmake
[21.465s] -- Installing: /home/mrush/exercise/src/ros-exercises/install/ex_solution/share/ex_solution/cmake/ex_solution__rosidl_typesupport_cppExport.cmake
[21.465s] -- Installing: /home/mrush/exercise/src/ros-exercises/install/ex_solution/share/ex_solution/cmake/ex_solution__rosidl_typesupport_cppExport-noconfig.cmake
[21.465s] -- Installing: /home/mrush/exercise/src/ros-exercises/install/ex_solution/share/ex_solution/cmake/export_ex_solution__rosidl_generator_pyExport.cmake
[21.466s] -- Installing: /home/mrush/exercise/src/ros-exercises/install/ex_solution/share/ex_solution/cmake/export_ex_solution__rosidl_generator_pyExport-noconfig.cmake
[21.467s] -- Installing: /home/mrush/exercise/src/ros-exercises/install/ex_solution/share/ex_solution/cmake/rosidl_cmake-extras.cmake
[21.468s] -- Installing: /home/mrush/exercise/src/ros-exercises/install/ex_solution/share/ex_solution/cmake/ament_cmake_export_dependencies-extras.cmake
[21.469s] -- Installing: /home/mrush/exercise/src/ros-exercises/install/ex_solution/share/ex_solution/cmake/ament_cmake_export_include_directories-extras.cmake
[21.469s] -- Installing: /home/mrush/exercise/src/ros-exercises/install/ex_solution/share/ex_solution/cmake/ament_cmake_export_libraries-extras.cmake
[21.469s] -- Installing: /home/mrush/exercise/src/ros-exercises/install/ex_solution/share/ex_solution/cmake/ament_cmake_export_targets-extras.cmake
[21.470s] -- Installing: /home/mrush/exercise/src/ros-exercises/install/ex_solution/share/ex_solution/cmake/rosidl_cmake_export_typesupport_targets-extras.cmake
[21.470s] -- Installing: /home/mrush/exercise/src/ros-exercises/install/ex_solution/share/ex_solution/cmake/rosidl_cmake_export_typesupport_libraries-extras.cmake
[21.470s] -- Installing: /home/mrush/exercise/src/ros-exercises/install/ex_solution/share/ex_solution/cmake/ex_solutionConfig.cmake
[21.472s] -- Installing: /home/mrush/exercise/src/ros-exercises/install/ex_solution/share/ex_solution/cmake/ex_solutionConfig-version.cmake
[21.474s] -- Installing: /home/mrush/exercise/src/ros-exercises/install/ex_solution/share/ex_solution/package.xml
[21.475s] Invoked command in '/home/mrush/exercise/src/ros-exercises/build/ex_solution' returned '0': CMAKE_PREFIX_PATH=${CMAKE_PREFIX_PATH}:/home/mrush/exercise/src/ros-exercises/install/navigation2_dist:/opt/ros/humble /usr/bin/cmake --install /home/mrush/exercise/src/ros-exercises/build/ex_solution
