[0.577s] Invoking command in '/home/mrush/exercise/src/ros-exercises/build/pub_sub': CMAKE_PREFIX_PATH=${CMAKE_PREFIX_PATH}:/home/mrush/exercise/src/ros-exercises/install/navigation2_dist:/opt/ros/humble WSLENV=ELECTRON_RUN_AS_NODE/w: /usr/bin/cmake --build /home/mrush/exercise/src/ros-exercises/build/pub_sub -- -j8 -l8
[0.647s] [ 50%] Built target listener
[0.650s] [100%] Built target talker
[0.731s] Invoked command in '/home/mrush/exercise/src/ros-exercises/build/pub_sub' returned '0': CMAKE_PREFIX_PATH=${CMAKE_PREFIX_PATH}:/home/mrush/exercise/src/ros-exercises/install/navigation2_dist:/opt/ros/humble WSLENV=ELECTRON_RUN_AS_NODE/w: /usr/bin/cmake --build /home/mrush/exercise/src/ros-exercises/build/pub_sub -- -j8 -l8
[1.057s] Invoking command in '/home/mrush/exercise/src/ros-exercises/build/pub_sub': CMAKE_PREFIX_PATH=${CMAKE_PREFIX_PATH}:/home/mrush/exercise/src/ros-exercises/install/navigation2_dist:/opt/ros/humble WSLENV=ELECTRON_RUN_AS_NODE/w: /usr/bin/cmake --install /home/mrush/exercise/src/ros-exercises/build/pub_sub
[1.063s] -- Install configuration: ""
[1.064s] -- Up-to-date: /home/mrush/exercise/src/ros-exercises/install/pub_sub/lib/pub_sub/talker
[1.067s] -- Up-to-date: /home/mrush/exercise/src/ros-exercises/install/pub_sub/lib/pub_sub/listener
[1.069s] -- Up-to-date: /home/mrush/exercise/src/ros-exercises/install/pub_sub/share/ament_index/resource_index/package_run_dependencies/pub_sub
[1.069s] -- Up-to-date: /home/mrush/exercise/src/ros-exercises/install/pub_sub/share/ament_index/resource_index/parent_prefix_path/pub_sub
[1.070s] -- Up-to-date: /home/mrush/exercise/src/ros-exercises/install/pub_sub/share/pub_sub/environment/ament_prefix_path.sh
[1.071s] -- Up-to-date: /home/mrush/exercise/src/ros-exercises/install/pub_sub/share/pub_sub/environment/ament_prefix_path.dsv
[1.073s] -- Up-to-date: /home/mrush/exercise/src/ros-exercises/install/pub_sub/share/pub_sub/environment/path.sh
[1.073s] -- Up-to-date: /home/mrush/exercise/src/ros-exercises/install/pub_sub/share/pub_sub/environment/path.dsv
[1.073s] -- Up-to-date: /home/mrush/exercise/src/ros-exercises/install/pub_sub/share/pub_sub/local_setup.bash
[1.073s] -- Up-to-date: /home/mrush/exercise/src/ros-exercises/install/pub_sub/share/pub_sub/local_setup.sh
[1.073s] -- Up-to-date: /home/mrush/exercise/src/ros-exercises/install/pub_sub/share/pub_sub/local_setup.zsh
[1.074s] -- Up-to-date: /home/mrush/exercise/src/ros-exercises/install/pub_sub/share/pub_sub/local_setup.dsv
[1.074s] -- Installing: /home/mrush/exercise/src/ros-exercises/install/pub_sub/share/pub_sub/package.dsv
[1.074s] -- Up-to-date: /home/mrush/exercise/src/ros-exercises/install/pub_sub/share/ament_index/resource_index/packages/pub_sub
[1.074s] -- Up-to-date: /home/mrush/exercise/src/ros-exercises/install/pub_sub/share/pub_sub/cmake/pub_subConfig.cmake
[1.074s] -- Up-to-date: /home/mrush/exercise/src/ros-exercises/install/pub_sub/share/pub_sub/cmake/pub_subConfig-version.cmake
[1.074s] -- Up-to-date: /home/mrush/exercise/src/ros-exercises/install/pub_sub/share/pub_sub/package.xml
[1.411s] Invoked command in '/home/mrush/exercise/src/ros-exercises/build/pub_sub' returned '0': CMAKE_PREFIX_PATH=${CMAKE_PREFIX_PATH}:/home/mrush/exercise/src/ros-exercises/install/navigation2_dist:/opt/ros/humble WSLENV=ELECTRON_RUN_AS_NODE/w: /usr/bin/cmake --install /home/mrush/exercise/src/ros-exercises/build/pub_sub
