[3.516s] DEBUG:colcon:Command line arguments: ['/usr/bin/colcon', 'build']
[3.518s] DEBUG:colcon:Parsed command line arguments: Namespace(log_base=None, log_level=None, verb_name='build', build_base='build', install_base='install', merge_install=False, symlink_install=False, test_result_base=None, continue_on_error=False, executor='parallel', parallel_workers=8, event_handlers=None, ignore_user_meta=False, metas=['./colcon.meta'], base_paths=['.'], packages_ignore=None, packages_ignore_regex=None, paths=None, packages_up_to=None, packages_up_to_regex=None, packages_above=None, packages_above_and_dependencies=None, packages_above_depth=None, packages_select_by_dep=None, packages_skip_by_dep=None, packages_skip_up_to=None, packages_select_build_failed=False, packages_skip_build_finished=False, packages_select_test_failures=False, packages_skip_test_passed=False, packages_select=None, packages_skip=None, packages_select_regex=None, packages_skip_regex=None, packages_start=None, packages_end=None, allow_overriding=[], cmake_args=None, cmake_target=None, cmake_target_skip_unavailable=False, cmake_clean_cache=False, cmake_clean_first=False, cmake_force_configure=False, ament_cmake_args=None, catkin_cmake_args=None, catkin_skip_building_tests=False, verb_parser=<colcon_defaults.argument_parser.defaults.DefaultArgumentsDecorator object at 0x7f22f23b0520>, verb_extension=<colcon_core.verb.build.BuildVerb object at 0x7f22f26f5750>, main=<bound method BuildVerb.main of <colcon_core.verb.build.BuildVerb object at 0x7f22f26f5750>>)
[3.727s] Level 1:colcon.colcon_core.package_discovery:discover_packages(colcon_meta) check parameters
[3.728s] Level 1:colcon.colcon_core.package_discovery:discover_packages(recursive) check parameters
[3.728s] Level 1:colcon.colcon_core.package_discovery:discover_packages(ignore) check parameters
[3.729s] Level 1:colcon.colcon_core.package_discovery:discover_packages(path) check parameters
[3.729s] Level 1:colcon.colcon_core.package_discovery:discover_packages(colcon_meta) discover
[3.729s] Level 1:colcon.colcon_core.package_discovery:discover_packages(recursive) discover
[3.729s] INFO:colcon.colcon_core.package_discovery:Crawling recursively for packages in '/home/mrush/exercise/src/ros-exercises'
[3.731s] Level 1:colcon.colcon_core.package_identification:_identify(.) by extensions ['ignore', 'ignore_ament_install']
[3.737s] Level 1:colcon.colcon_core.package_identification:_identify(.) by extension 'ignore'
[3.737s] Level 1:colcon.colcon_core.package_identification:_identify(.) by extension 'ignore_ament_install'
[3.738s] Level 1:colcon.colcon_core.package_identification:_identify(.) by extensions ['colcon_pkg']
[3.738s] Level 1:colcon.colcon_core.package_identification:_identify(.) by extension 'colcon_pkg'
[3.738s] Level 1:colcon.colcon_core.package_identification:_identify(.) by extensions ['colcon_meta']
[3.738s] Level 1:colcon.colcon_core.package_identification:_identify(.) by extension 'colcon_meta'
[3.738s] Level 1:colcon.colcon_core.package_identification:_identify(.) by extensions ['ros']
[3.738s] Level 1:colcon.colcon_core.package_identification:_identify(.) by extension 'ros'
[3.788s] Level 1:colcon.colcon_core.package_identification:_identify(.) by extensions ['cmake', 'python']
[3.789s] Level 1:colcon.colcon_core.package_identification:_identify(.) by extension 'cmake'
[3.789s] Level 1:colcon.colcon_core.package_identification:_identify(.) by extension 'python'
[3.789s] Level 1:colcon.colcon_core.package_identification:_identify(.) by extensions ['python_setup_py']
[3.789s] Level 1:colcon.colcon_core.package_identification:_identify(.) by extension 'python_setup_py'
[3.789s] Level 1:colcon.colcon_core.package_identification:_identify(build) by extensions ['ignore', 'ignore_ament_install']
[3.789s] Level 1:colcon.colcon_core.package_identification:_identify(build) by extension 'ignore'
[3.790s] Level 1:colcon.colcon_core.package_identification:_identify(build) ignored
[3.790s] Level 1:colcon.colcon_core.package_identification:_identify(ex_solution) by extensions ['ignore', 'ignore_ament_install']
[3.790s] Level 1:colcon.colcon_core.package_identification:_identify(ex_solution) by extension 'ignore'
[3.791s] Level 1:colcon.colcon_core.package_identification:_identify(ex_solution) by extension 'ignore_ament_install'
[3.791s] Level 1:colcon.colcon_core.package_identification:_identify(ex_solution) by extensions ['colcon_pkg']
[3.791s] Level 1:colcon.colcon_core.package_identification:_identify(ex_solution) by extension 'colcon_pkg'
[3.791s] Level 1:colcon.colcon_core.package_identification:_identify(ex_solution) by extensions ['colcon_meta']
[3.791s] Level 1:colcon.colcon_core.package_identification:_identify(ex_solution) by extension 'colcon_meta'
[3.791s] Level 1:colcon.colcon_core.package_identification:_identify(ex_solution) by extensions ['ros']
[3.791s] Level 1:colcon.colcon_core.package_identification:_identify(ex_solution) by extension 'ros'
[3.799s] DEBUG:colcon.colcon_core.package_identification:Package 'ex_solution' with type 'ros.ament_cmake' and name 'ex_solution'
[3.801s] Level 1:colcon.colcon_core.package_identification:_identify(exercise) by extensions ['ignore', 'ignore_ament_install']
[3.804s] Level 1:colcon.colcon_core.package_identification:_identify(exercise) by extension 'ignore'
[3.807s] Level 1:colcon.colcon_core.package_identification:_identify(exercise) by extension 'ignore_ament_install'
[3.809s] Level 1:colcon.colcon_core.package_identification:_identify(exercise) by extensions ['colcon_pkg']
[3.809s] Level 1:colcon.colcon_core.package_identification:_identify(exercise) by extension 'colcon_pkg'
[3.809s] Level 1:colcon.colcon_core.package_identification:_identify(exercise) by extensions ['colcon_meta']
[3.810s] Level 1:colcon.colcon_core.package_identification:_identify(exercise) by extension 'colcon_meta'
[3.810s] Level 1:colcon.colcon_core.package_identification:_identify(exercise) by extensions ['ros']
[3.810s] Level 1:colcon.colcon_core.package_identification:_identify(exercise) by extension 'ros'
[3.814s] DEBUG:colcon.colcon_core.package_identification:Package 'exercise' with type 'ros.ament_cmake' and name 'exercise'
[3.818s] Level 1:colcon.colcon_core.package_identification:_identify(fibonacci_action) by extensions ['ignore', 'ignore_ament_install']
[3.818s] Level 1:colcon.colcon_core.package_identification:_identify(fibonacci_action) by extension 'ignore'
[3.818s] Level 1:colcon.colcon_core.package_identification:_identify(fibonacci_action) by extension 'ignore_ament_install'
[3.818s] Level 1:colcon.colcon_core.package_identification:_identify(fibonacci_action) by extensions ['colcon_pkg']
[3.818s] Level 1:colcon.colcon_core.package_identification:_identify(fibonacci_action) by extension 'colcon_pkg'
[3.819s] Level 1:colcon.colcon_core.package_identification:_identify(fibonacci_action) by extensions ['colcon_meta']
[3.819s] Level 1:colcon.colcon_core.package_identification:_identify(fibonacci_action) by extension 'colcon_meta'
[3.819s] Level 1:colcon.colcon_core.package_identification:_identify(fibonacci_action) by extensions ['ros']
[3.819s] Level 1:colcon.colcon_core.package_identification:_identify(fibonacci_action) by extension 'ros'
[3.827s] DEBUG:colcon.colcon_core.package_identification:Package 'fibonacci_action' with type 'ros.ament_cmake' and name 'fibonacci_action'
[3.828s] Level 1:colcon.colcon_core.package_identification:_identify(install) by extensions ['ignore', 'ignore_ament_install']
[3.828s] Level 1:colcon.colcon_core.package_identification:_identify(install) by extension 'ignore'
[3.828s] Level 1:colcon.colcon_core.package_identification:_identify(install) ignored
[3.828s] Level 1:colcon.colcon_core.package_identification:_identify(log) by extensions ['ignore', 'ignore_ament_install']
[3.828s] Level 1:colcon.colcon_core.package_identification:_identify(log) by extension 'ignore'
[3.828s] Level 1:colcon.colcon_core.package_identification:_identify(log) ignored
[3.829s] Level 1:colcon.colcon_core.package_identification:_identify(navigation2_planners) by extensions ['ignore', 'ignore_ament_install']
[3.829s] Level 1:colcon.colcon_core.package_identification:_identify(navigation2_planners) by extension 'ignore'
[3.829s] Level 1:colcon.colcon_core.package_identification:_identify(navigation2_planners) by extension 'ignore_ament_install'
[3.829s] Level 1:colcon.colcon_core.package_identification:_identify(navigation2_planners) by extensions ['colcon_pkg']
[3.829s] Level 1:colcon.colcon_core.package_identification:_identify(navigation2_planners) by extension 'colcon_pkg'
[3.829s] Level 1:colcon.colcon_core.package_identification:_identify(navigation2_planners) by extensions ['colcon_meta']
[3.829s] Level 1:colcon.colcon_core.package_identification:_identify(navigation2_planners) by extension 'colcon_meta'
[3.829s] Level 1:colcon.colcon_core.package_identification:_identify(navigation2_planners) by extensions ['ros']
[3.829s] Level 1:colcon.colcon_core.package_identification:_identify(navigation2_planners) by extension 'ros'
[3.829s] Level 1:colcon.colcon_core.package_identification:_identify(navigation2_planners) by extensions ['cmake', 'python']
[3.829s] Level 1:colcon.colcon_core.package_identification:_identify(navigation2_planners) by extension 'cmake'
[3.829s] Level 1:colcon.colcon_core.package_identification:_identify(navigation2_planners) by extension 'python'
[3.829s] Level 1:colcon.colcon_core.package_identification:_identify(navigation2_planners) by extensions ['python_setup_py']
[3.829s] Level 1:colcon.colcon_core.package_identification:_identify(navigation2_planners) by extension 'python_setup_py'
[3.830s] Level 1:colcon.colcon_core.package_identification:_identify(navigation2_planners/navigation2_dist) by extensions ['ignore', 'ignore_ament_install']
[3.830s] Level 1:colcon.colcon_core.package_identification:_identify(navigation2_planners/navigation2_dist) by extension 'ignore'
[3.830s] Level 1:colcon.colcon_core.package_identification:_identify(navigation2_planners/navigation2_dist) by extension 'ignore_ament_install'
[3.830s] Level 1:colcon.colcon_core.package_identification:_identify(navigation2_planners/navigation2_dist) by extensions ['colcon_pkg']
[3.830s] Level 1:colcon.colcon_core.package_identification:_identify(navigation2_planners/navigation2_dist) by extension 'colcon_pkg'
[3.830s] Level 1:colcon.colcon_core.package_identification:_identify(navigation2_planners/navigation2_dist) by extensions ['colcon_meta']
[3.830s] Level 1:colcon.colcon_core.package_identification:_identify(navigation2_planners/navigation2_dist) by extension 'colcon_meta'
[3.830s] Level 1:colcon.colcon_core.package_identification:_identify(navigation2_planners/navigation2_dist) by extensions ['ros']
[3.830s] Level 1:colcon.colcon_core.package_identification:_identify(navigation2_planners/navigation2_dist) by extension 'ros'
[3.831s] DEBUG:colcon.colcon_core.package_identification:Package 'navigation2_planners/navigation2_dist' with type 'ros.ament_python' and name 'navigation2_dist'
[3.831s] Level 1:colcon.colcon_core.package_identification:_identify(navigation2_planners/navigation2_turtlebot) by extensions ['ignore', 'ignore_ament_install']
[3.831s] Level 1:colcon.colcon_core.package_identification:_identify(navigation2_planners/navigation2_turtlebot) by extension 'ignore'
[3.831s] Level 1:colcon.colcon_core.package_identification:_identify(navigation2_planners/navigation2_turtlebot) by extension 'ignore_ament_install'
[3.831s] Level 1:colcon.colcon_core.package_identification:_identify(navigation2_planners/navigation2_turtlebot) by extensions ['colcon_pkg']
[3.831s] Level 1:colcon.colcon_core.package_identification:_identify(navigation2_planners/navigation2_turtlebot) by extension 'colcon_pkg'
[3.831s] Level 1:colcon.colcon_core.package_identification:_identify(navigation2_planners/navigation2_turtlebot) by extensions ['colcon_meta']
[3.831s] Level 1:colcon.colcon_core.package_identification:_identify(navigation2_planners/navigation2_turtlebot) by extension 'colcon_meta'
[3.832s] Level 1:colcon.colcon_core.package_identification:_identify(navigation2_planners/navigation2_turtlebot) by extensions ['ros']
[3.832s] Level 1:colcon.colcon_core.package_identification:_identify(navigation2_planners/navigation2_turtlebot) by extension 'ros'
[3.845s] DEBUG:colcon.colcon_core.package_identification:Package 'navigation2_planners/navigation2_turtlebot' with type 'ros.ament_cmake' and name 'navigation2_turtle'
[3.847s] Level 1:colcon.colcon_core.package_identification:_identify(pub_sub) by extensions ['ignore', 'ignore_ament_install']
[3.847s] Level 1:colcon.colcon_core.package_identification:_identify(pub_sub) by extension 'ignore'
[3.848s] Level 1:colcon.colcon_core.package_identification:_identify(pub_sub) by extension 'ignore_ament_install'
[3.848s] Level 1:colcon.colcon_core.package_identification:_identify(pub_sub) by extensions ['colcon_pkg']
[3.848s] Level 1:colcon.colcon_core.package_identification:_identify(pub_sub) by extension 'colcon_pkg'
[3.848s] Level 1:colcon.colcon_core.package_identification:_identify(pub_sub) by extensions ['colcon_meta']
[3.848s] Level 1:colcon.colcon_core.package_identification:_identify(pub_sub) by extension 'colcon_meta'
[3.848s] Level 1:colcon.colcon_core.package_identification:_identify(pub_sub) by extensions ['ros']
[3.848s] Level 1:colcon.colcon_core.package_identification:_identify(pub_sub) by extension 'ros'
[3.859s] DEBUG:colcon.colcon_core.package_identification:Package 'pub_sub' with type 'ros.ament_cmake' and name 'pub_sub'
[3.860s] Level 1:colcon.colcon_core.package_discovery:discover_packages(recursive) using defaults
[3.860s] Level 1:colcon.colcon_core.package_discovery:discover_packages(ignore) discover
[3.860s] Level 1:colcon.colcon_core.package_discovery:discover_packages(ignore) using defaults
[3.860s] Level 1:colcon.colcon_core.package_discovery:discover_packages(path) discover
[3.861s] Level 1:colcon.colcon_core.package_discovery:discover_packages(path) using defaults
[4.131s] Level 1:colcon.colcon_core.package_discovery:discover_packages(prefix_path) check parameters
[4.131s] Level 1:colcon.colcon_core.package_discovery:discover_packages(prefix_path) discover
[4.195s] DEBUG:colcon.colcon_installed_package_information.package_discovery:Found 6 installed packages in /home/mrush/exercise/src/ros-exercises/install
[4.257s] DEBUG:colcon.colcon_installed_package_information.package_discovery:Found 329 installed packages in /opt/ros/humble
[4.266s] Level 1:colcon.colcon_core.package_discovery:discover_packages(prefix_path) using defaults
[4.722s] Level 5:colcon.colcon_core.verb:set package 'ex_solution' build argument 'cmake_args' from command line to 'None'
[4.722s] Level 5:colcon.colcon_core.verb:set package 'ex_solution' build argument 'cmake_target' from command line to 'None'
[4.722s] Level 5:colcon.colcon_core.verb:set package 'ex_solution' build argument 'cmake_target_skip_unavailable' from command line to 'False'
[4.722s] Level 5:colcon.colcon_core.verb:set package 'ex_solution' build argument 'cmake_clean_cache' from command line to 'False'
[4.723s] Level 5:colcon.colcon_core.verb:set package 'ex_solution' build argument 'cmake_clean_first' from command line to 'False'
[4.723s] Level 5:colcon.colcon_core.verb:set package 'ex_solution' build argument 'cmake_force_configure' from command line to 'False'
[4.723s] Level 5:colcon.colcon_core.verb:set package 'ex_solution' build argument 'ament_cmake_args' from command line to 'None'
[4.723s] Level 5:colcon.colcon_core.verb:set package 'ex_solution' build argument 'catkin_cmake_args' from command line to 'None'
[4.723s] Level 5:colcon.colcon_core.verb:set package 'ex_solution' build argument 'catkin_skip_building_tests' from command line to 'False'
[4.724s] DEBUG:colcon.colcon_core.verb:Building package 'ex_solution' with the following arguments: {'ament_cmake_args': None, 'build_base': '/home/mrush/exercise/src/ros-exercises/build/ex_solution', 'catkin_cmake_args': None, 'catkin_skip_building_tests': False, 'cmake_args': None, 'cmake_clean_cache': False, 'cmake_clean_first': False, 'cmake_force_configure': False, 'cmake_target': None, 'cmake_target_skip_unavailable': False, 'install_base': '/home/mrush/exercise/src/ros-exercises/install/ex_solution', 'merge_install': False, 'path': '/home/mrush/exercise/src/ros-exercises/ex_solution', 'symlink_install': False, 'test_result_base': None}
[4.767s] Level 5:colcon.colcon_core.verb:set package 'exercise' build argument 'cmake_args' from command line to 'None'
[4.768s] Level 5:colcon.colcon_core.verb:set package 'exercise' build argument 'cmake_target' from command line to 'None'
[4.768s] Level 5:colcon.colcon_core.verb:set package 'exercise' build argument 'cmake_target_skip_unavailable' from command line to 'False'
[4.768s] Level 5:colcon.colcon_core.verb:set package 'exercise' build argument 'cmake_clean_cache' from command line to 'False'
[4.768s] Level 5:colcon.colcon_core.verb:set package 'exercise' build argument 'cmake_clean_first' from command line to 'False'
[4.768s] Level 5:colcon.colcon_core.verb:set package 'exercise' build argument 'cmake_force_configure' from command line to 'False'
[4.768s] Level 5:colcon.colcon_core.verb:set package 'exercise' build argument 'ament_cmake_args' from command line to 'None'
[4.768s] Level 5:colcon.colcon_core.verb:set package 'exercise' build argument 'catkin_cmake_args' from command line to 'None'
[4.768s] Level 5:colcon.colcon_core.verb:set package 'exercise' build argument 'catkin_skip_building_tests' from command line to 'False'
[4.768s] DEBUG:colcon.colcon_core.verb:Building package 'exercise' with the following arguments: {'ament_cmake_args': None, 'build_base': '/home/mrush/exercise/src/ros-exercises/build/exercise', 'catkin_cmake_args': None, 'catkin_skip_building_tests': False, 'cmake_args': None, 'cmake_clean_cache': False, 'cmake_clean_first': False, 'cmake_force_configure': False, 'cmake_target': None, 'cmake_target_skip_unavailable': False, 'install_base': '/home/mrush/exercise/src/ros-exercises/install/exercise', 'merge_install': False, 'path': '/home/mrush/exercise/src/ros-exercises/exercise', 'symlink_install': False, 'test_result_base': None}
[4.829s] Level 5:colcon.colcon_core.verb:set package 'fibonacci_action' build argument 'cmake_args' from command line to 'None'
[4.829s] Level 5:colcon.colcon_core.verb:set package 'fibonacci_action' build argument 'cmake_target' from command line to 'None'
[4.829s] Level 5:colcon.colcon_core.verb:set package 'fibonacci_action' build argument 'cmake_target_skip_unavailable' from command line to 'False'
[4.829s] Level 5:colcon.colcon_core.verb:set package 'fibonacci_action' build argument 'cmake_clean_cache' from command line to 'False'
[4.829s] Level 5:colcon.colcon_core.verb:set package 'fibonacci_action' build argument 'cmake_clean_first' from command line to 'False'
[4.829s] Level 5:colcon.colcon_core.verb:set package 'fibonacci_action' build argument 'cmake_force_configure' from command line to 'False'
[4.829s] Level 5:colcon.colcon_core.verb:set package 'fibonacci_action' build argument 'ament_cmake_args' from command line to 'None'
[4.829s] Level 5:colcon.colcon_core.verb:set package 'fibonacci_action' build argument 'catkin_cmake_args' from command line to 'None'
[4.829s] Level 5:colcon.colcon_core.verb:set package 'fibonacci_action' build argument 'catkin_skip_building_tests' from command line to 'False'
[4.829s] DEBUG:colcon.colcon_core.verb:Building package 'fibonacci_action' with the following arguments: {'ament_cmake_args': None, 'build_base': '/home/mrush/exercise/src/ros-exercises/build/fibonacci_action', 'catkin_cmake_args': None, 'catkin_skip_building_tests': False, 'cmake_args': None, 'cmake_clean_cache': False, 'cmake_clean_first': False, 'cmake_force_configure': False, 'cmake_target': None, 'cmake_target_skip_unavailable': False, 'install_base': '/home/mrush/exercise/src/ros-exercises/install/fibonacci_action', 'merge_install': False, 'path': '/home/mrush/exercise/src/ros-exercises/fibonacci_action', 'symlink_install': False, 'test_result_base': None}
[4.876s] Level 5:colcon.colcon_core.verb:set package 'navigation2_dist' build argument 'cmake_args' from command line to 'None'
[4.877s] Level 5:colcon.colcon_core.verb:set package 'navigation2_dist' build argument 'cmake_target' from command line to 'None'
[4.878s] Level 5:colcon.colcon_core.verb:set package 'navigation2_dist' build argument 'cmake_target_skip_unavailable' from command line to 'False'
[4.878s] Level 5:colcon.colcon_core.verb:set package 'navigation2_dist' build argument 'cmake_clean_cache' from command line to 'False'
[4.878s] Level 5:colcon.colcon_core.verb:set package 'navigation2_dist' build argument 'cmake_clean_first' from command line to 'False'
[4.878s] Level 5:colcon.colcon_core.verb:set package 'navigation2_dist' build argument 'cmake_force_configure' from command line to 'False'
[4.878s] Level 5:colcon.colcon_core.verb:set package 'navigation2_dist' build argument 'ament_cmake_args' from command line to 'None'
[4.878s] Level 5:colcon.colcon_core.verb:set package 'navigation2_dist' build argument 'catkin_cmake_args' from command line to 'None'
[4.878s] Level 5:colcon.colcon_core.verb:set package 'navigation2_dist' build argument 'catkin_skip_building_tests' from command line to 'False'
[4.878s] DEBUG:colcon.colcon_core.verb:Building package 'navigation2_dist' with the following arguments: {'ament_cmake_args': None, 'build_base': '/home/mrush/exercise/src/ros-exercises/build/navigation2_dist', 'catkin_cmake_args': None, 'catkin_skip_building_tests': False, 'cmake_args': None, 'cmake_clean_cache': False, 'cmake_clean_first': False, 'cmake_force_configure': False, 'cmake_target': None, 'cmake_target_skip_unavailable': False, 'install_base': '/home/mrush/exercise/src/ros-exercises/install/navigation2_dist', 'merge_install': False, 'path': '/home/mrush/exercise/src/ros-exercises/navigation2_planners/navigation2_dist', 'symlink_install': False, 'test_result_base': None}
[4.933s] Level 5:colcon.colcon_core.verb:set package 'navigation2_turtle' build argument 'cmake_args' from command line to 'None'
[4.934s] Level 5:colcon.colcon_core.verb:set package 'navigation2_turtle' build argument 'cmake_target' from command line to 'None'
[4.934s] Level 5:colcon.colcon_core.verb:set package 'navigation2_turtle' build argument 'cmake_target_skip_unavailable' from command line to 'False'
[4.934s] Level 5:colcon.colcon_core.verb:set package 'navigation2_turtle' build argument 'cmake_clean_cache' from command line to 'False'
[4.934s] Level 5:colcon.colcon_core.verb:set package 'navigation2_turtle' build argument 'cmake_clean_first' from command line to 'False'
[4.934s] Level 5:colcon.colcon_core.verb:set package 'navigation2_turtle' build argument 'cmake_force_configure' from command line to 'False'
[4.934s] Level 5:colcon.colcon_core.verb:set package 'navigation2_turtle' build argument 'ament_cmake_args' from command line to 'None'
[4.934s] Level 5:colcon.colcon_core.verb:set package 'navigation2_turtle' build argument 'catkin_cmake_args' from command line to 'None'
[4.934s] Level 5:colcon.colcon_core.verb:set package 'navigation2_turtle' build argument 'catkin_skip_building_tests' from command line to 'False'
[4.934s] DEBUG:colcon.colcon_core.verb:Building package 'navigation2_turtle' with the following arguments: {'ament_cmake_args': None, 'build_base': '/home/mrush/exercise/src/ros-exercises/build/navigation2_turtle', 'catkin_cmake_args': None, 'catkin_skip_building_tests': False, 'cmake_args': None, 'cmake_clean_cache': False, 'cmake_clean_first': False, 'cmake_force_configure': False, 'cmake_target': None, 'cmake_target_skip_unavailable': False, 'install_base': '/home/mrush/exercise/src/ros-exercises/install/navigation2_turtle', 'merge_install': False, 'path': '/home/mrush/exercise/src/ros-exercises/navigation2_planners/navigation2_turtlebot', 'symlink_install': False, 'test_result_base': None}
[4.991s] Level 5:colcon.colcon_core.verb:set package 'pub_sub' build argument 'cmake_args' from command line to 'None'
[4.991s] Level 5:colcon.colcon_core.verb:set package 'pub_sub' build argument 'cmake_target' from command line to 'None'
[4.991s] Level 5:colcon.colcon_core.verb:set package 'pub_sub' build argument 'cmake_target_skip_unavailable' from command line to 'False'
[4.991s] Level 5:colcon.colcon_core.verb:set package 'pub_sub' build argument 'cmake_clean_cache' from command line to 'False'
[4.991s] Level 5:colcon.colcon_core.verb:set package 'pub_sub' build argument 'cmake_clean_first' from command line to 'False'
[4.991s] Level 5:colcon.colcon_core.verb:set package 'pub_sub' build argument 'cmake_force_configure' from command line to 'False'
[4.991s] Level 5:colcon.colcon_core.verb:set package 'pub_sub' build argument 'ament_cmake_args' from command line to 'None'
[4.991s] Level 5:colcon.colcon_core.verb:set package 'pub_sub' build argument 'catkin_cmake_args' from command line to 'None'
[4.991s] Level 5:colcon.colcon_core.verb:set package 'pub_sub' build argument 'catkin_skip_building_tests' from command line to 'False'
[4.991s] DEBUG:colcon.colcon_core.verb:Building package 'pub_sub' with the following arguments: {'ament_cmake_args': None, 'build_base': '/home/mrush/exercise/src/ros-exercises/build/pub_sub', 'catkin_cmake_args': None, 'catkin_skip_building_tests': False, 'cmake_args': None, 'cmake_clean_cache': False, 'cmake_clean_first': False, 'cmake_force_configure': False, 'cmake_target': None, 'cmake_target_skip_unavailable': False, 'install_base': '/home/mrush/exercise/src/ros-exercises/install/pub_sub', 'merge_install': False, 'path': '/home/mrush/exercise/src/ros-exercises/pub_sub', 'symlink_install': False, 'test_result_base': None}
[5.066s] INFO:colcon.colcon_core.executor:Executing jobs using 'parallel' executor
[5.140s] DEBUG:colcon.colcon_parallel_executor.executor.parallel:run_until_complete
[5.142s] INFO:colcon.colcon_ros.task.ament_cmake.build:Building ROS package in '/home/mrush/exercise/src/ros-exercises/ex_solution' with build type 'ament_cmake'
[5.142s] INFO:colcon.colcon_cmake.task.cmake.build:Building CMake package in '/home/mrush/exercise/src/ros-exercises/ex_solution'
[5.195s] INFO:colcon.colcon_core.plugin_system:Skipping extension 'colcon_core.shell.bat': Not used on non-Windows systems
[5.195s] INFO:colcon.colcon_core.shell:Skip shell extension 'powershell' for command environment: Not usable outside of PowerShell
[5.195s] DEBUG:colcon.colcon_core.shell:Skip shell extension 'dsv' for command environment
[5.385s] INFO:colcon.colcon_ros.task.ament_cmake.build:Building ROS package in '/home/mrush/exercise/src/ros-exercises/exercise' with build type 'ament_cmake'
[5.386s] INFO:colcon.colcon_cmake.task.cmake.build:Building CMake package in '/home/mrush/exercise/src/ros-exercises/exercise'
[5.421s] INFO:colcon.colcon_core.shell:Skip shell extension 'powershell' for command environment: Not usable outside of PowerShell
[5.423s] DEBUG:colcon.colcon_core.shell:Skip shell extension 'dsv' for command environment
[5.554s] INFO:colcon.colcon_ros.task.ament_cmake.build:Building ROS package in '/home/mrush/exercise/src/ros-exercises/fibonacci_action' with build type 'ament_cmake'
[5.554s] INFO:colcon.colcon_cmake.task.cmake.build:Building CMake package in '/home/mrush/exercise/src/ros-exercises/fibonacci_action'
[5.605s] INFO:colcon.colcon_core.shell:Skip shell extension 'powershell' for command environment: Not usable outside of PowerShell
[5.605s] DEBUG:colcon.colcon_core.shell:Skip shell extension 'dsv' for command environment
[5.731s] INFO:colcon.colcon_ros.task.ament_python.build:Building ROS package in '/home/mrush/exercise/src/ros-exercises/navigation2_planners/navigation2_dist' with build type 'ament_python'
[5.731s] Level 1:colcon.colcon_core.shell:create_environment_hook('navigation2_dist', 'ament_prefix_path')
[5.776s] INFO:colcon.colcon_core.shell:Creating environment hook '/home/mrush/exercise/src/ros-exercises/install/navigation2_dist/share/navigation2_dist/hook/ament_prefix_path.ps1'
[5.779s] INFO:colcon.colcon_core.shell:Creating environment descriptor '/home/mrush/exercise/src/ros-exercises/install/navigation2_dist/share/navigation2_dist/hook/ament_prefix_path.dsv'
[5.782s] INFO:colcon.colcon_core.shell:Creating environment hook '/home/mrush/exercise/src/ros-exercises/install/navigation2_dist/share/navigation2_dist/hook/ament_prefix_path.sh'
[5.838s] INFO:colcon.colcon_core.shell:Skip shell extension 'powershell' for command environment: Not usable outside of PowerShell
[5.838s] DEBUG:colcon.colcon_core.shell:Skip shell extension 'dsv' for command environment
[5.950s] INFO:colcon.colcon_ros.task.ament_cmake.build:Building ROS package in '/home/mrush/exercise/src/ros-exercises/navigation2_planners/navigation2_turtlebot' with build type 'ament_cmake'
[5.951s] INFO:colcon.colcon_cmake.task.cmake.build:Building CMake package in '/home/mrush/exercise/src/ros-exercises/navigation2_planners/navigation2_turtlebot'
[5.988s] INFO:colcon.colcon_core.shell:Skip shell extension 'powershell' for command environment: Not usable outside of PowerShell
[5.988s] DEBUG:colcon.colcon_core.shell:Skip shell extension 'dsv' for command environment
[6.121s] INFO:colcon.colcon_ros.task.ament_cmake.build:Building ROS package in '/home/mrush/exercise/src/ros-exercises/pub_sub' with build type 'ament_cmake'
[6.122s] INFO:colcon.colcon_cmake.task.cmake.build:Building CMake package in '/home/mrush/exercise/src/ros-exercises/pub_sub'
[6.166s] INFO:colcon.colcon_core.shell:Skip shell extension 'powershell' for command environment: Not usable outside of PowerShell
[6.168s] DEBUG:colcon.colcon_core.shell:Skip shell extension 'dsv' for command environment
[6.321s] DEBUG:colcon.colcon_core.event_handler.log_command:Invoking command in '/home/mrush/exercise/src/ros-exercises/build/ex_solution': CMAKE_PREFIX_PATH=${CMAKE_PREFIX_PATH}:/home/mrush/exercise/src/ros-exercises/install/navigation2_dist:/opt/ros/humble WSLENV=ELECTRON_RUN_AS_NODE/w: /usr/bin/cmake --build /home/mrush/exercise/src/ros-exercises/build/ex_solution -- -j8 -l8
[6.328s] DEBUG:colcon.colcon_core.event_handler.log_command:Invoking command in '/home/mrush/exercise/src/ros-exercises/build/exercise': CMAKE_PREFIX_PATH=${CMAKE_PREFIX_PATH}:/home/mrush/exercise/src/ros-exercises/install/navigation2_dist:/opt/ros/humble WSLENV=ELECTRON_RUN_AS_NODE/w: /usr/bin/cmake --build /home/mrush/exercise/src/ros-exercises/build/exercise -- -j8 -l8
[6.352s] DEBUG:colcon.colcon_core.event_handler.log_command:Invoking command in '/home/mrush/exercise/src/ros-exercises/build/fibonacci_action': CMAKE_PREFIX_PATH=${CMAKE_PREFIX_PATH}:/home/mrush/exercise/src/ros-exercises/install/navigation2_dist:/opt/ros/humble WSLENV=ELECTRON_RUN_AS_NODE/w: /usr/bin/cmake --build /home/mrush/exercise/src/ros-exercises/build/fibonacci_action -- -j8 -l8
[8.429s] INFO:colcon.colcon_core.task.python.build:Building Python package in '/home/mrush/exercise/src/ros-exercises/navigation2_planners/navigation2_dist'
[8.597s] INFO:colcon.colcon_core.shell:Skip shell extension 'powershell' for command environment: Not usable outside of PowerShell
[8.597s] DEBUG:colcon.colcon_core.shell:Skip shell extension 'dsv' for command environment
[8.906s] DEBUG:colcon.colcon_core.event_handler.log_command:Invoking command in '/home/mrush/exercise/src/ros-exercises/build/navigation2_turtle': CMAKE_PREFIX_PATH=${CMAKE_PREFIX_PATH}:/home/mrush/exercise/src/ros-exercises/install/navigation2_dist:/opt/ros/humble WSLENV=ELECTRON_RUN_AS_NODE/w: /usr/bin/cmake --build /home/mrush/exercise/src/ros-exercises/build/navigation2_turtle -- -j8 -l8
[8.978s] DEBUG:colcon.colcon_core.event_handler.log_command:Invoking command in '/home/mrush/exercise/src/ros-exercises/build/pub_sub': CMAKE_PREFIX_PATH=${CMAKE_PREFIX_PATH}:/home/mrush/exercise/src/ros-exercises/install/navigation2_dist:/opt/ros/humble WSLENV=ELECTRON_RUN_AS_NODE/w: /usr/bin/cmake --build /home/mrush/exercise/src/ros-exercises/build/pub_sub -- -j8 -l8
[9.097s] DEBUG:colcon.colcon_core.event_handler.log_command:Invoked command in '/home/mrush/exercise/src/ros-exercises/build/ex_solution' returned '0': CMAKE_PREFIX_PATH=${CMAKE_PREFIX_PATH}:/home/mrush/exercise/src/ros-exercises/install/navigation2_dist:/opt/ros/humble WSLENV=ELECTRON_RUN_AS_NODE/w: /usr/bin/cmake --build /home/mrush/exercise/src/ros-exercises/build/ex_solution -- -j8 -l8
[9.129s] DEBUG:colcon.colcon_core.event_handler.log_command:Invoked command in '/home/mrush/exercise/src/ros-exercises/build/navigation2_turtle' returned '0': CMAKE_PREFIX_PATH=${CMAKE_PREFIX_PATH}:/home/mrush/exercise/src/ros-exercises/install/navigation2_dist:/opt/ros/humble WSLENV=ELECTRON_RUN_AS_NODE/w: /usr/bin/cmake --build /home/mrush/exercise/src/ros-exercises/build/navigation2_turtle -- -j8 -l8
[9.168s] DEBUG:colcon.colcon_core.event_handler.log_command:Invoked command in '/home/mrush/exercise/src/ros-exercises/build/exercise' returned '0': CMAKE_PREFIX_PATH=${CMAKE_PREFIX_PATH}:/home/mrush/exercise/src/ros-exercises/install/navigation2_dist:/opt/ros/humble WSLENV=ELECTRON_RUN_AS_NODE/w: /usr/bin/cmake --build /home/mrush/exercise/src/ros-exercises/build/exercise -- -j8 -l8
[9.203s] DEBUG:colcon.colcon_core.event_handler.log_command:Invoked command in '/home/mrush/exercise/src/ros-exercises/build/fibonacci_action' returned '0': CMAKE_PREFIX_PATH=${CMAKE_PREFIX_PATH}:/home/mrush/exercise/src/ros-exercises/install/navigation2_dist:/opt/ros/humble WSLENV=ELECTRON_RUN_AS_NODE/w: /usr/bin/cmake --build /home/mrush/exercise/src/ros-exercises/build/fibonacci_action -- -j8 -l8
[9.342s] DEBUG:colcon.colcon_core.event_handler.log_command:Invoking command in '/home/mrush/exercise/src/ros-exercises/build/exercise': CMAKE_PREFIX_PATH=${CMAKE_PREFIX_PATH}:/home/mrush/exercise/src/ros-exercises/install/navigation2_dist:/opt/ros/humble WSLENV=ELECTRON_RUN_AS_NODE/w: /usr/bin/cmake --install /home/mrush/exercise/src/ros-exercises/build/exercise
[9.383s] DEBUG:colcon.colcon_core.event_handler.log_command:Invoking command in '/home/mrush/exercise/src/ros-exercises/build/navigation2_turtle': CMAKE_PREFIX_PATH=${CMAKE_PREFIX_PATH}:/home/mrush/exercise/src/ros-exercises/install/navigation2_dist:/opt/ros/humble WSLENV=ELECTRON_RUN_AS_NODE/w: /usr/bin/cmake --install /home/mrush/exercise/src/ros-exercises/build/navigation2_turtle
[9.475s] Level 1:colcon.colcon_core.environment:create_environment_scripts_only(exercise)
[9.533s] DEBUG:colcon.colcon_core.event_handler.log_command:Invoked command in '/home/mrush/exercise/src/ros-exercises/build/pub_sub' returned '0': CMAKE_PREFIX_PATH=${CMAKE_PREFIX_PATH}:/home/mrush/exercise/src/ros-exercises/install/navigation2_dist:/opt/ros/humble WSLENV=ELECTRON_RUN_AS_NODE/w: /usr/bin/cmake --build /home/mrush/exercise/src/ros-exercises/build/pub_sub -- -j8 -l8
[9.534s] DEBUG:colcon.colcon_core.event_handler.log_command:Invoked command in '/home/mrush/exercise/src/ros-exercises/build/exercise' returned '0': CMAKE_PREFIX_PATH=${CMAKE_PREFIX_PATH}:/home/mrush/exercise/src/ros-exercises/install/navigation2_dist:/opt/ros/humble WSLENV=ELECTRON_RUN_AS_NODE/w: /usr/bin/cmake --install /home/mrush/exercise/src/ros-exercises/build/exercise
[9.537s] Level 1:colcon.colcon_core.environment:checking '/home/mrush/exercise/src/ros-exercises/install/exercise' for CMake module files
[9.537s] Level 1:colcon.colcon_core.environment:checking '/home/mrush/exercise/src/ros-exercises/install/exercise' for CMake config files
[9.538s] Level 1:colcon.colcon_core.shell:create_environment_hook('exercise', 'cmake_prefix_path')
[9.586s] INFO:colcon.colcon_core.shell:Creating environment hook '/home/mrush/exercise/src/ros-exercises/install/exercise/share/exercise/hook/cmake_prefix_path.ps1'
[9.587s] INFO:colcon.colcon_core.shell:Creating environment descriptor '/home/mrush/exercise/src/ros-exercises/install/exercise/share/exercise/hook/cmake_prefix_path.dsv'
[9.587s] INFO:colcon.colcon_core.shell:Creating environment hook '/home/mrush/exercise/src/ros-exercises/install/exercise/share/exercise/hook/cmake_prefix_path.sh'
[9.592s] Level 1:colcon.colcon_core.environment:checking '/home/mrush/exercise/src/ros-exercises/install/exercise/bin'
[9.592s] Level 1:colcon.colcon_core.environment:checking '/home/mrush/exercise/src/ros-exercises/install/exercise/lib/pkgconfig/exercise.pc'
[9.593s] Level 1:colcon.colcon_core.environment:checking '/home/mrush/exercise/src/ros-exercises/install/exercise/lib/python3.10/site-packages'
[9.593s] Level 1:colcon.colcon_core.environment:checking '/home/mrush/exercise/src/ros-exercises/install/exercise/bin'
[9.633s] INFO:colcon.colcon_core.shell:Creating package script '/home/mrush/exercise/src/ros-exercises/install/exercise/share/exercise/package.ps1'
[9.637s] INFO:colcon.colcon_core.shell:Creating package descriptor '/home/mrush/exercise/src/ros-exercises/install/exercise/share/exercise/package.dsv'
[9.640s] INFO:colcon.colcon_core.shell:Creating package script '/home/mrush/exercise/src/ros-exercises/install/exercise/share/exercise/package.sh'
[9.642s] INFO:colcon.colcon_core.shell:Creating package script '/home/mrush/exercise/src/ros-exercises/install/exercise/share/exercise/package.bash'
[9.652s] INFO:colcon.colcon_core.shell:Creating package script '/home/mrush/exercise/src/ros-exercises/install/exercise/share/exercise/package.zsh'
[9.659s] Level 1:colcon.colcon_core.environment:create_file_with_runtime_dependencies(/home/mrush/exercise/src/ros-exercises/install/exercise/share/colcon-core/packages/exercise)
[9.668s] Level 1:colcon.colcon_core.environment:create_environment_scripts_only(navigation2_turtle)
[9.674s] DEBUG:colcon.colcon_core.event_handler.log_command:Invoked command in '/home/mrush/exercise/src/ros-exercises/build/navigation2_turtle' returned '0': CMAKE_PREFIX_PATH=${CMAKE_PREFIX_PATH}:/home/mrush/exercise/src/ros-exercises/install/navigation2_dist:/opt/ros/humble WSLENV=ELECTRON_RUN_AS_NODE/w: /usr/bin/cmake --install /home/mrush/exercise/src/ros-exercises/build/navigation2_turtle
[9.721s] Level 1:colcon.colcon_core.environment:checking '/home/mrush/exercise/src/ros-exercises/install/navigation2_turtle' for CMake module files
[9.722s] Level 1:colcon.colcon_core.environment:checking '/home/mrush/exercise/src/ros-exercises/install/navigation2_turtle' for CMake config files
[9.722s] Level 1:colcon.colcon_core.shell:create_environment_hook('navigation2_turtle', 'cmake_prefix_path')
[9.775s] INFO:colcon.colcon_core.shell:Creating environment hook '/home/mrush/exercise/src/ros-exercises/install/navigation2_turtle/share/navigation2_turtle/hook/cmake_prefix_path.ps1'
[9.780s] INFO:colcon.colcon_core.shell:Creating environment descriptor '/home/mrush/exercise/src/ros-exercises/install/navigation2_turtle/share/navigation2_turtle/hook/cmake_prefix_path.dsv'
[9.780s] INFO:colcon.colcon_core.shell:Creating environment hook '/home/mrush/exercise/src/ros-exercises/install/navigation2_turtle/share/navigation2_turtle/hook/cmake_prefix_path.sh'
[9.793s] Level 1:colcon.colcon_core.environment:checking '/home/mrush/exercise/src/ros-exercises/install/navigation2_turtle/bin'
[9.795s] Level 1:colcon.colcon_core.environment:checking '/home/mrush/exercise/src/ros-exercises/install/navigation2_turtle/lib/pkgconfig/navigation2_turtle.pc'
[9.796s] Level 1:colcon.colcon_core.environment:checking '/home/mrush/exercise/src/ros-exercises/install/navigation2_turtle/lib/python3.10/site-packages'
[9.797s] Level 1:colcon.colcon_core.environment:checking '/home/mrush/exercise/src/ros-exercises/install/navigation2_turtle/bin'
[9.849s] INFO:colcon.colcon_core.shell:Creating package script '/home/mrush/exercise/src/ros-exercises/install/navigation2_turtle/share/navigation2_turtle/package.ps1'
[9.856s] INFO:colcon.colcon_core.shell:Creating package descriptor '/home/mrush/exercise/src/ros-exercises/install/navigation2_turtle/share/navigation2_turtle/package.dsv'
[9.858s] INFO:colcon.colcon_core.shell:Creating package script '/home/mrush/exercise/src/ros-exercises/install/navigation2_turtle/share/navigation2_turtle/package.sh'
[9.859s] INFO:colcon.colcon_core.shell:Creating package script '/home/mrush/exercise/src/ros-exercises/install/navigation2_turtle/share/navigation2_turtle/package.bash'
[9.859s] INFO:colcon.colcon_core.shell:Creating package script '/home/mrush/exercise/src/ros-exercises/install/navigation2_turtle/share/navigation2_turtle/package.zsh'
[9.860s] Level 1:colcon.colcon_core.environment:create_file_with_runtime_dependencies(/home/mrush/exercise/src/ros-exercises/install/navigation2_turtle/share/colcon-core/packages/navigation2_turtle)
[9.869s] DEBUG:colcon.colcon_core.event_handler.log_command:Invoking command in '/home/mrush/exercise/src/ros-exercises/build/fibonacci_action': CMAKE_PREFIX_PATH=${CMAKE_PREFIX_PATH}:/home/mrush/exercise/src/ros-exercises/install/navigation2_dist:/opt/ros/humble WSLENV=ELECTRON_RUN_AS_NODE/w: /usr/bin/cmake --install /home/mrush/exercise/src/ros-exercises/build/fibonacci_action
[9.890s] DEBUG:colcon.colcon_core.event_handler.log_command:Invoking command in '/home/mrush/exercise/src/ros-exercises/build/pub_sub': CMAKE_PREFIX_PATH=${CMAKE_PREFIX_PATH}:/home/mrush/exercise/src/ros-exercises/install/navigation2_dist:/opt/ros/humble WSLENV=ELECTRON_RUN_AS_NODE/w: /usr/bin/cmake --install /home/mrush/exercise/src/ros-exercises/build/pub_sub
[9.929s] DEBUG:colcon.colcon_core.event_handler.log_command:Invoking command in '/home/mrush/exercise/src/ros-exercises/build/ex_solution': CMAKE_PREFIX_PATH=${CMAKE_PREFIX_PATH}:/home/mrush/exercise/src/ros-exercises/install/navigation2_dist:/opt/ros/humble WSLENV=ELECTRON_RUN_AS_NODE/w: /usr/bin/cmake --install /home/mrush/exercise/src/ros-exercises/build/ex_solution
[10.066s] Level 1:colcon.colcon_core.environment:create_environment_scripts_only(exercise)
[10.129s] Level 1:colcon.colcon_core.environment:checking '/home/mrush/exercise/src/ros-exercises/install/exercise' for CMake module files
[10.131s] Level 1:colcon.colcon_core.environment:checking '/home/mrush/exercise/src/ros-exercises/install/exercise' for CMake config files
[10.131s] Level 1:colcon.colcon_core.shell:create_environment_hook('exercise', 'cmake_prefix_path')
[10.173s] INFO:colcon.colcon_core.shell:Creating environment hook '/home/mrush/exercise/src/ros-exercises/install/exercise/share/exercise/hook/cmake_prefix_path.ps1'
[10.175s] INFO:colcon.colcon_core.shell:Creating environment descriptor '/home/mrush/exercise/src/ros-exercises/install/exercise/share/exercise/hook/cmake_prefix_path.dsv'
[10.177s] INFO:colcon.colcon_core.shell:Creating environment hook '/home/mrush/exercise/src/ros-exercises/install/exercise/share/exercise/hook/cmake_prefix_path.sh'
[10.183s] Level 1:colcon.colcon_core.environment:checking '/home/mrush/exercise/src/ros-exercises/install/exercise/bin'
[10.186s] Level 1:colcon.colcon_core.environment:checking '/home/mrush/exercise/src/ros-exercises/install/exercise/lib/pkgconfig/exercise.pc'
[10.187s] Level 1:colcon.colcon_core.environment:checking '/home/mrush/exercise/src/ros-exercises/install/exercise/lib/python3.10/site-packages'
[10.188s] Level 1:colcon.colcon_core.environment:checking '/home/mrush/exercise/src/ros-exercises/install/exercise/bin'
[10.321s] INFO:colcon.colcon_core.shell:Creating package script '/home/mrush/exercise/src/ros-exercises/install/exercise/share/exercise/package.ps1'
[10.323s] INFO:colcon.colcon_core.shell:Creating package descriptor '/home/mrush/exercise/src/ros-exercises/install/exercise/share/exercise/package.dsv'
[10.325s] INFO:colcon.colcon_core.shell:Creating package script '/home/mrush/exercise/src/ros-exercises/install/exercise/share/exercise/package.sh'
[10.326s] INFO:colcon.colcon_core.shell:Creating package script '/home/mrush/exercise/src/ros-exercises/install/exercise/share/exercise/package.bash'
[10.329s] INFO:colcon.colcon_core.shell:Creating package script '/home/mrush/exercise/src/ros-exercises/install/exercise/share/exercise/package.zsh'
[10.332s] Level 1:colcon.colcon_core.environment:create_file_with_runtime_dependencies(/home/mrush/exercise/src/ros-exercises/install/exercise/share/colcon-core/packages/exercise)
[10.367s] Level 1:colcon.colcon_core.environment:create_environment_scripts_only(pub_sub)
[10.500s] DEBUG:colcon.colcon_core.event_handler.log_command:Invoked command in '/home/mrush/exercise/src/ros-exercises/build/pub_sub' returned '0': CMAKE_PREFIX_PATH=${CMAKE_PREFIX_PATH}:/home/mrush/exercise/src/ros-exercises/install/navigation2_dist:/opt/ros/humble WSLENV=ELECTRON_RUN_AS_NODE/w: /usr/bin/cmake --install /home/mrush/exercise/src/ros-exercises/build/pub_sub
[10.551s] Level 1:colcon.colcon_core.environment:checking '/home/mrush/exercise/src/ros-exercises/install/pub_sub' for CMake module files
[10.553s] Level 1:colcon.colcon_core.environment:checking '/home/mrush/exercise/src/ros-exercises/install/pub_sub' for CMake config files
[10.554s] Level 1:colcon.colcon_core.shell:create_environment_hook('pub_sub', 'cmake_prefix_path')
[10.749s] INFO:colcon.colcon_core.shell:Creating environment hook '/home/mrush/exercise/src/ros-exercises/install/pub_sub/share/pub_sub/hook/cmake_prefix_path.ps1'
[10.762s] INFO:colcon.colcon_core.shell:Creating environment descriptor '/home/mrush/exercise/src/ros-exercises/install/pub_sub/share/pub_sub/hook/cmake_prefix_path.dsv'
[10.765s] INFO:colcon.colcon_core.shell:Creating environment hook '/home/mrush/exercise/src/ros-exercises/install/pub_sub/share/pub_sub/hook/cmake_prefix_path.sh'
[10.781s] Level 1:colcon.colcon_core.environment:checking '/home/mrush/exercise/src/ros-exercises/install/pub_sub/lib'
[10.793s] Level 1:colcon.colcon_core.environment:checking '/home/mrush/exercise/src/ros-exercises/install/pub_sub/bin'
[10.793s] Level 1:colcon.colcon_core.environment:checking '/home/mrush/exercise/src/ros-exercises/install/pub_sub/lib/pkgconfig/pub_sub.pc'
[10.794s] Level 1:colcon.colcon_core.environment:checking '/home/mrush/exercise/src/ros-exercises/install/pub_sub/lib/python3.10/site-packages'
[10.797s] Level 1:colcon.colcon_core.environment:checking '/home/mrush/exercise/src/ros-exercises/install/pub_sub/bin'
[10.931s] INFO:colcon.colcon_core.shell:Creating package script '/home/mrush/exercise/src/ros-exercises/install/pub_sub/share/pub_sub/package.ps1'
[10.937s] INFO:colcon.colcon_core.shell:Creating package descriptor '/home/mrush/exercise/src/ros-exercises/install/pub_sub/share/pub_sub/package.dsv'
[10.966s] INFO:colcon.colcon_core.shell:Creating package script '/home/mrush/exercise/src/ros-exercises/install/pub_sub/share/pub_sub/package.sh'
[10.967s] INFO:colcon.colcon_core.shell:Creating package script '/home/mrush/exercise/src/ros-exercises/install/pub_sub/share/pub_sub/package.bash'
[10.968s] INFO:colcon.colcon_core.shell:Creating package script '/home/mrush/exercise/src/ros-exercises/install/pub_sub/share/pub_sub/package.zsh'
[10.969s] Level 1:colcon.colcon_core.environment:create_file_with_runtime_dependencies(/home/mrush/exercise/src/ros-exercises/install/pub_sub/share/colcon-core/packages/pub_sub)
[11.172s] Level 1:colcon.colcon_core.environment:create_environment_scripts_only(navigation2_turtle)
[11.342s] Level 1:colcon.colcon_core.environment:checking '/home/mrush/exercise/src/ros-exercises/install/navigation2_turtle' for CMake module files
[11.344s] Level 1:colcon.colcon_core.environment:checking '/home/mrush/exercise/src/ros-exercises/install/navigation2_turtle' for CMake config files
[11.346s] Level 1:colcon.colcon_core.shell:create_environment_hook('navigation2_turtle', 'cmake_prefix_path')
[11.511s] INFO:colcon.colcon_core.shell:Creating environment hook '/home/mrush/exercise/src/ros-exercises/install/navigation2_turtle/share/navigation2_turtle/hook/cmake_prefix_path.ps1'
[11.534s] INFO:colcon.colcon_core.shell:Creating environment descriptor '/home/mrush/exercise/src/ros-exercises/install/navigation2_turtle/share/navigation2_turtle/hook/cmake_prefix_path.dsv'
[11.539s] INFO:colcon.colcon_core.shell:Creating environment hook '/home/mrush/exercise/src/ros-exercises/install/navigation2_turtle/share/navigation2_turtle/hook/cmake_prefix_path.sh'
[11.541s] Level 1:colcon.colcon_core.environment:checking '/home/mrush/exercise/src/ros-exercises/install/navigation2_turtle/bin'
[11.541s] Level 1:colcon.colcon_core.environment:checking '/home/mrush/exercise/src/ros-exercises/install/navigation2_turtle/lib/pkgconfig/navigation2_turtle.pc'
[11.541s] Level 1:colcon.colcon_core.environment:checking '/home/mrush/exercise/src/ros-exercises/install/navigation2_turtle/lib/python3.10/site-packages'
[11.543s] Level 1:colcon.colcon_core.environment:checking '/home/mrush/exercise/src/ros-exercises/install/navigation2_turtle/bin'
[11.674s] INFO:colcon.colcon_core.shell:Creating package script '/home/mrush/exercise/src/ros-exercises/install/navigation2_turtle/share/navigation2_turtle/package.ps1'
[11.676s] INFO:colcon.colcon_core.shell:Creating package descriptor '/home/mrush/exercise/src/ros-exercises/install/navigation2_turtle/share/navigation2_turtle/package.dsv'
[11.693s] INFO:colcon.colcon_core.shell:Creating package script '/home/mrush/exercise/src/ros-exercises/install/navigation2_turtle/share/navigation2_turtle/package.sh'
[11.714s] INFO:colcon.colcon_core.shell:Creating package script '/home/mrush/exercise/src/ros-exercises/install/navigation2_turtle/share/navigation2_turtle/package.bash'
[11.741s] INFO:colcon.colcon_core.shell:Creating package script '/home/mrush/exercise/src/ros-exercises/install/navigation2_turtle/share/navigation2_turtle/package.zsh'
[11.748s] Level 1:colcon.colcon_core.environment:create_file_with_runtime_dependencies(/home/mrush/exercise/src/ros-exercises/install/navigation2_turtle/share/colcon-core/packages/navigation2_turtle)
[11.779s] Level 1:colcon.colcon_core.environment:create_environment_scripts_only(fibonacci_action)
[11.781s] DEBUG:colcon.colcon_core.event_handler.log_command:Invoked command in '/home/mrush/exercise/src/ros-exercises/build/fibonacci_action' returned '0': CMAKE_PREFIX_PATH=${CMAKE_PREFIX_PATH}:/home/mrush/exercise/src/ros-exercises/install/navigation2_dist:/opt/ros/humble WSLENV=ELECTRON_RUN_AS_NODE/w: /usr/bin/cmake --install /home/mrush/exercise/src/ros-exercises/build/fibonacci_action
[11.933s] Level 1:colcon.colcon_core.environment:checking '/home/mrush/exercise/src/ros-exercises/install/fibonacci_action' for CMake module files
[11.935s] Level 1:colcon.colcon_core.environment:checking '/home/mrush/exercise/src/ros-exercises/install/fibonacci_action' for CMake config files
[11.936s] Level 1:colcon.colcon_core.shell:create_environment_hook('fibonacci_action', 'cmake_prefix_path')
[12.136s] INFO:colcon.colcon_core.shell:Creating environment hook '/home/mrush/exercise/src/ros-exercises/install/fibonacci_action/share/fibonacci_action/hook/cmake_prefix_path.ps1'
[12.158s] INFO:colcon.colcon_core.shell:Creating environment descriptor '/home/mrush/exercise/src/ros-exercises/install/fibonacci_action/share/fibonacci_action/hook/cmake_prefix_path.dsv'
[12.171s] INFO:colcon.colcon_core.shell:Creating environment hook '/home/mrush/exercise/src/ros-exercises/install/fibonacci_action/share/fibonacci_action/hook/cmake_prefix_path.sh'
[12.176s] Level 1:colcon.colcon_core.environment:checking '/home/mrush/exercise/src/ros-exercises/install/fibonacci_action/lib'
[12.182s] Level 1:colcon.colcon_core.shell:create_environment_hook('fibonacci_action', 'ld_library_path_lib')
[12.272s] INFO:colcon.colcon_core.shell:Creating environment hook '/home/mrush/exercise/src/ros-exercises/install/fibonacci_action/share/fibonacci_action/hook/ld_library_path_lib.ps1'
[12.275s] INFO:colcon.colcon_core.shell:Creating environment descriptor '/home/mrush/exercise/src/ros-exercises/install/fibonacci_action/share/fibonacci_action/hook/ld_library_path_lib.dsv'
[12.276s] INFO:colcon.colcon_core.shell:Creating environment hook '/home/mrush/exercise/src/ros-exercises/install/fibonacci_action/share/fibonacci_action/hook/ld_library_path_lib.sh'
[12.276s] Level 1:colcon.colcon_core.environment:checking '/home/mrush/exercise/src/ros-exercises/install/fibonacci_action/bin'
[12.277s] Level 1:colcon.colcon_core.environment:checking '/home/mrush/exercise/src/ros-exercises/install/fibonacci_action/lib/pkgconfig/fibonacci_action.pc'
[12.279s] Level 1:colcon.colcon_core.environment:checking '/home/mrush/exercise/src/ros-exercises/install/fibonacci_action/lib/python3.10/site-packages'
[12.288s] Level 1:colcon.colcon_core.environment:checking '/home/mrush/exercise/src/ros-exercises/install/fibonacci_action/bin'
[12.355s] INFO:colcon.colcon_core.shell:Creating package script '/home/mrush/exercise/src/ros-exercises/install/fibonacci_action/share/fibonacci_action/package.ps1'
[12.361s] INFO:colcon.colcon_core.shell:Creating package descriptor '/home/mrush/exercise/src/ros-exercises/install/fibonacci_action/share/fibonacci_action/package.dsv'
[12.368s] INFO:colcon.colcon_core.shell:Creating package script '/home/mrush/exercise/src/ros-exercises/install/fibonacci_action/share/fibonacci_action/package.sh'
[12.375s] INFO:colcon.colcon_core.shell:Creating package script '/home/mrush/exercise/src/ros-exercises/install/fibonacci_action/share/fibonacci_action/package.bash'
[12.378s] INFO:colcon.colcon_core.shell:Creating package script '/home/mrush/exercise/src/ros-exercises/install/fibonacci_action/share/fibonacci_action/package.zsh'
[12.379s] Level 1:colcon.colcon_core.environment:create_file_with_runtime_dependencies(/home/mrush/exercise/src/ros-exercises/install/fibonacci_action/share/colcon-core/packages/fibonacci_action)
[12.392s] Level 1:colcon.colcon_core.environment:create_environment_scripts_only(ex_solution)
[12.393s] DEBUG:colcon.colcon_core.event_handler.log_command:Invoked command in '/home/mrush/exercise/src/ros-exercises/build/ex_solution' returned '0': CMAKE_PREFIX_PATH=${CMAKE_PREFIX_PATH}:/home/mrush/exercise/src/ros-exercises/install/navigation2_dist:/opt/ros/humble WSLENV=ELECTRON_RUN_AS_NODE/w: /usr/bin/cmake --install /home/mrush/exercise/src/ros-exercises/build/ex_solution
[12.483s] Level 1:colcon.colcon_core.environment:checking '/home/mrush/exercise/src/ros-exercises/install/ex_solution' for CMake module files
[12.489s] Level 1:colcon.colcon_core.environment:checking '/home/mrush/exercise/src/ros-exercises/install/ex_solution' for CMake config files
[12.491s] Level 1:colcon.colcon_core.shell:create_environment_hook('ex_solution', 'cmake_prefix_path')
[12.533s] INFO:colcon.colcon_core.shell:Creating environment hook '/home/mrush/exercise/src/ros-exercises/install/ex_solution/share/ex_solution/hook/cmake_prefix_path.ps1'
[12.536s] INFO:colcon.colcon_core.shell:Creating environment descriptor '/home/mrush/exercise/src/ros-exercises/install/ex_solution/share/ex_solution/hook/cmake_prefix_path.dsv'
[12.538s] INFO:colcon.colcon_core.shell:Creating environment hook '/home/mrush/exercise/src/ros-exercises/install/ex_solution/share/ex_solution/hook/cmake_prefix_path.sh'
[12.540s] Level 1:colcon.colcon_core.environment:checking '/home/mrush/exercise/src/ros-exercises/install/ex_solution/lib'
[12.541s] Level 1:colcon.colcon_core.shell:create_environment_hook('ex_solution', 'ld_library_path_lib')
[12.588s] INFO:colcon.colcon_core.shell:Creating environment hook '/home/mrush/exercise/src/ros-exercises/install/ex_solution/share/ex_solution/hook/ld_library_path_lib.ps1'
[12.589s] INFO:colcon.colcon_core.shell:Creating environment descriptor '/home/mrush/exercise/src/ros-exercises/install/ex_solution/share/ex_solution/hook/ld_library_path_lib.dsv'
[12.601s] INFO:colcon.colcon_core.shell:Creating environment hook '/home/mrush/exercise/src/ros-exercises/install/ex_solution/share/ex_solution/hook/ld_library_path_lib.sh'
[12.602s] Level 1:colcon.colcon_core.environment:checking '/home/mrush/exercise/src/ros-exercises/install/ex_solution/bin'
[12.602s] Level 1:colcon.colcon_core.environment:checking '/home/mrush/exercise/src/ros-exercises/install/ex_solution/lib/pkgconfig/ex_solution.pc'
[12.603s] Level 1:colcon.colcon_core.environment:checking '/home/mrush/exercise/src/ros-exercises/install/ex_solution/lib/python3.10/site-packages'
[12.603s] Level 1:colcon.colcon_core.environment:checking '/home/mrush/exercise/src/ros-exercises/install/ex_solution/bin'
[12.648s] INFO:colcon.colcon_core.shell:Creating package script '/home/mrush/exercise/src/ros-exercises/install/ex_solution/share/ex_solution/package.ps1'
[12.660s] INFO:colcon.colcon_core.shell:Creating package descriptor '/home/mrush/exercise/src/ros-exercises/install/ex_solution/share/ex_solution/package.dsv'
[12.661s] INFO:colcon.colcon_core.shell:Creating package script '/home/mrush/exercise/src/ros-exercises/install/ex_solution/share/ex_solution/package.sh'
[12.661s] INFO:colcon.colcon_core.shell:Creating package script '/home/mrush/exercise/src/ros-exercises/install/ex_solution/share/ex_solution/package.bash'
[12.662s] INFO:colcon.colcon_core.shell:Creating package script '/home/mrush/exercise/src/ros-exercises/install/ex_solution/share/ex_solution/package.zsh'
[12.662s] Level 1:colcon.colcon_core.environment:create_file_with_runtime_dependencies(/home/mrush/exercise/src/ros-exercises/install/ex_solution/share/colcon-core/packages/ex_solution)
[12.697s] Level 1:colcon.colcon_core.environment:create_environment_scripts_only(pub_sub)
[12.731s] Level 1:colcon.colcon_core.environment:checking '/home/mrush/exercise/src/ros-exercises/install/pub_sub' for CMake module files
[12.732s] Level 1:colcon.colcon_core.environment:checking '/home/mrush/exercise/src/ros-exercises/install/pub_sub' for CMake config files
[12.732s] Level 1:colcon.colcon_core.shell:create_environment_hook('pub_sub', 'cmake_prefix_path')
[12.758s] INFO:colcon.colcon_core.shell:Creating environment hook '/home/mrush/exercise/src/ros-exercises/install/pub_sub/share/pub_sub/hook/cmake_prefix_path.ps1'
[12.760s] INFO:colcon.colcon_core.shell:Creating environment descriptor '/home/mrush/exercise/src/ros-exercises/install/pub_sub/share/pub_sub/hook/cmake_prefix_path.dsv'
[12.761s] INFO:colcon.colcon_core.shell:Creating environment hook '/home/mrush/exercise/src/ros-exercises/install/pub_sub/share/pub_sub/hook/cmake_prefix_path.sh'
[12.763s] Level 1:colcon.colcon_core.environment:checking '/home/mrush/exercise/src/ros-exercises/install/pub_sub/lib'
[12.767s] Level 1:colcon.colcon_core.environment:checking '/home/mrush/exercise/src/ros-exercises/install/pub_sub/bin'
[12.770s] Level 1:colcon.colcon_core.environment:checking '/home/mrush/exercise/src/ros-exercises/install/pub_sub/lib/pkgconfig/pub_sub.pc'
[12.771s] Level 1:colcon.colcon_core.environment:checking '/home/mrush/exercise/src/ros-exercises/install/pub_sub/lib/python3.10/site-packages'
[12.772s] Level 1:colcon.colcon_core.environment:checking '/home/mrush/exercise/src/ros-exercises/install/pub_sub/bin'
[12.815s] INFO:colcon.colcon_core.shell:Creating package script '/home/mrush/exercise/src/ros-exercises/install/pub_sub/share/pub_sub/package.ps1'
[12.817s] INFO:colcon.colcon_core.shell:Creating package descriptor '/home/mrush/exercise/src/ros-exercises/install/pub_sub/share/pub_sub/package.dsv'
[12.817s] INFO:colcon.colcon_core.shell:Creating package script '/home/mrush/exercise/src/ros-exercises/install/pub_sub/share/pub_sub/package.sh'
[12.818s] INFO:colcon.colcon_core.shell:Creating package script '/home/mrush/exercise/src/ros-exercises/install/pub_sub/share/pub_sub/package.bash'
[12.820s] INFO:colcon.colcon_core.shell:Creating package script '/home/mrush/exercise/src/ros-exercises/install/pub_sub/share/pub_sub/package.zsh'
[12.821s] Level 1:colcon.colcon_core.environment:create_file_with_runtime_dependencies(/home/mrush/exercise/src/ros-exercises/install/pub_sub/share/colcon-core/packages/pub_sub)
[12.836s] DEBUG:colcon.colcon_core.event_handler.log_command:Invoking command in '/home/mrush/exercise/src/ros-exercises/navigation2_planners/navigation2_dist': PYTHONPATH=/home/mrush/exercise/src/ros-exercises/build/navigation2_dist/prefix_override:/home/mrush/exercise/src/ros-exercises/install/navigation2_dist/lib/python3.10/site-packages:${PYTHONPATH} WSLENV=ELECTRON_RUN_AS_NODE/w: /usr/bin/python3 setup.py egg_info --egg-base ../../build/navigation2_dist build --build-base /home/mrush/exercise/src/ros-exercises/build/navigation2_dist/build install --record /home/mrush/exercise/src/ros-exercises/build/navigation2_dist/install.log --single-version-externally-managed
[12.944s] Level 1:colcon.colcon_core.environment:create_environment_scripts_only(fibonacci_action)
[12.998s] Level 1:colcon.colcon_core.environment:checking '/home/mrush/exercise/src/ros-exercises/install/fibonacci_action' for CMake module files
[12.999s] Level 1:colcon.colcon_core.environment:checking '/home/mrush/exercise/src/ros-exercises/install/fibonacci_action' for CMake config files
[13.000s] Level 1:colcon.colcon_core.shell:create_environment_hook('fibonacci_action', 'cmake_prefix_path')
[13.051s] INFO:colcon.colcon_core.shell:Creating environment hook '/home/mrush/exercise/src/ros-exercises/install/fibonacci_action/share/fibonacci_action/hook/cmake_prefix_path.ps1'
[13.052s] INFO:colcon.colcon_core.shell:Creating environment descriptor '/home/mrush/exercise/src/ros-exercises/install/fibonacci_action/share/fibonacci_action/hook/cmake_prefix_path.dsv'
[13.053s] INFO:colcon.colcon_core.shell:Creating environment hook '/home/mrush/exercise/src/ros-exercises/install/fibonacci_action/share/fibonacci_action/hook/cmake_prefix_path.sh'
[13.054s] Level 1:colcon.colcon_core.environment:checking '/home/mrush/exercise/src/ros-exercises/install/fibonacci_action/lib'
[13.054s] Level 1:colcon.colcon_core.shell:create_environment_hook('fibonacci_action', 'ld_library_path_lib')
[13.090s] INFO:colcon.colcon_core.shell:Creating environment hook '/home/mrush/exercise/src/ros-exercises/install/fibonacci_action/share/fibonacci_action/hook/ld_library_path_lib.ps1'
[13.103s] INFO:colcon.colcon_core.shell:Creating environment descriptor '/home/mrush/exercise/src/ros-exercises/install/fibonacci_action/share/fibonacci_action/hook/ld_library_path_lib.dsv'
[13.106s] INFO:colcon.colcon_core.shell:Creating environment hook '/home/mrush/exercise/src/ros-exercises/install/fibonacci_action/share/fibonacci_action/hook/ld_library_path_lib.sh'
[13.108s] Level 1:colcon.colcon_core.environment:checking '/home/mrush/exercise/src/ros-exercises/install/fibonacci_action/bin'
[13.109s] Level 1:colcon.colcon_core.environment:checking '/home/mrush/exercise/src/ros-exercises/install/fibonacci_action/lib/pkgconfig/fibonacci_action.pc'
[13.110s] Level 1:colcon.colcon_core.environment:checking '/home/mrush/exercise/src/ros-exercises/install/fibonacci_action/lib/python3.10/site-packages'
[13.116s] Level 1:colcon.colcon_core.environment:checking '/home/mrush/exercise/src/ros-exercises/install/fibonacci_action/bin'
[13.146s] INFO:colcon.colcon_core.shell:Creating package script '/home/mrush/exercise/src/ros-exercises/install/fibonacci_action/share/fibonacci_action/package.ps1'
[13.148s] INFO:colcon.colcon_core.shell:Creating package descriptor '/home/mrush/exercise/src/ros-exercises/install/fibonacci_action/share/fibonacci_action/package.dsv'
[13.150s] INFO:colcon.colcon_core.shell:Creating package script '/home/mrush/exercise/src/ros-exercises/install/fibonacci_action/share/fibonacci_action/package.sh'
[13.153s] INFO:colcon.colcon_core.shell:Creating package script '/home/mrush/exercise/src/ros-exercises/install/fibonacci_action/share/fibonacci_action/package.bash'
[13.156s] INFO:colcon.colcon_core.shell:Creating package script '/home/mrush/exercise/src/ros-exercises/install/fibonacci_action/share/fibonacci_action/package.zsh'
[13.159s] Level 1:colcon.colcon_core.environment:create_file_with_runtime_dependencies(/home/mrush/exercise/src/ros-exercises/install/fibonacci_action/share/colcon-core/packages/fibonacci_action)
[13.218s] Level 1:colcon.colcon_core.environment:create_environment_scripts_only(ex_solution)
[13.279s] Level 1:colcon.colcon_core.environment:checking '/home/mrush/exercise/src/ros-exercises/install/ex_solution' for CMake module files
[13.280s] Level 1:colcon.colcon_core.environment:checking '/home/mrush/exercise/src/ros-exercises/install/ex_solution' for CMake config files
[13.281s] Level 1:colcon.colcon_core.shell:create_environment_hook('ex_solution', 'cmake_prefix_path')
[13.339s] INFO:colcon.colcon_core.shell:Creating environment hook '/home/mrush/exercise/src/ros-exercises/install/ex_solution/share/ex_solution/hook/cmake_prefix_path.ps1'
[13.340s] INFO:colcon.colcon_core.shell:Creating environment descriptor '/home/mrush/exercise/src/ros-exercises/install/ex_solution/share/ex_solution/hook/cmake_prefix_path.dsv'
[13.342s] INFO:colcon.colcon_core.shell:Creating environment hook '/home/mrush/exercise/src/ros-exercises/install/ex_solution/share/ex_solution/hook/cmake_prefix_path.sh'
[13.346s] Level 1:colcon.colcon_core.environment:checking '/home/mrush/exercise/src/ros-exercises/install/ex_solution/lib'
[13.347s] Level 1:colcon.colcon_core.shell:create_environment_hook('ex_solution', 'ld_library_path_lib')
[13.398s] INFO:colcon.colcon_core.shell:Creating environment hook '/home/mrush/exercise/src/ros-exercises/install/ex_solution/share/ex_solution/hook/ld_library_path_lib.ps1'
[13.400s] INFO:colcon.colcon_core.shell:Creating environment descriptor '/home/mrush/exercise/src/ros-exercises/install/ex_solution/share/ex_solution/hook/ld_library_path_lib.dsv'
[13.401s] INFO:colcon.colcon_core.shell:Creating environment hook '/home/mrush/exercise/src/ros-exercises/install/ex_solution/share/ex_solution/hook/ld_library_path_lib.sh'
[13.401s] Level 1:colcon.colcon_core.environment:checking '/home/mrush/exercise/src/ros-exercises/install/ex_solution/bin'
[13.402s] Level 1:colcon.colcon_core.environment:checking '/home/mrush/exercise/src/ros-exercises/install/ex_solution/lib/pkgconfig/ex_solution.pc'
[13.402s] Level 1:colcon.colcon_core.environment:checking '/home/mrush/exercise/src/ros-exercises/install/ex_solution/lib/python3.10/site-packages'
[13.403s] Level 1:colcon.colcon_core.environment:checking '/home/mrush/exercise/src/ros-exercises/install/ex_solution/bin'
[13.459s] INFO:colcon.colcon_core.shell:Creating package script '/home/mrush/exercise/src/ros-exercises/install/ex_solution/share/ex_solution/package.ps1'
[13.461s] INFO:colcon.colcon_core.shell:Creating package descriptor '/home/mrush/exercise/src/ros-exercises/install/ex_solution/share/ex_solution/package.dsv'
[13.462s] INFO:colcon.colcon_core.shell:Creating package script '/home/mrush/exercise/src/ros-exercises/install/ex_solution/share/ex_solution/package.sh'
[13.464s] INFO:colcon.colcon_core.shell:Creating package script '/home/mrush/exercise/src/ros-exercises/install/ex_solution/share/ex_solution/package.bash'
[13.465s] INFO:colcon.colcon_core.shell:Creating package script '/home/mrush/exercise/src/ros-exercises/install/ex_solution/share/ex_solution/package.zsh'
[13.466s] Level 1:colcon.colcon_core.environment:create_file_with_runtime_dependencies(/home/mrush/exercise/src/ros-exercises/install/ex_solution/share/colcon-core/packages/ex_solution)
[13.988s] DEBUG:colcon.colcon_core.event_handler.log_command:Invoked command in '/home/mrush/exercise/src/ros-exercises/navigation2_planners/navigation2_dist' returned '0': PYTHONPATH=/home/mrush/exercise/src/ros-exercises/build/navigation2_dist/prefix_override:/home/mrush/exercise/src/ros-exercises/install/navigation2_dist/lib/python3.10/site-packages:${PYTHONPATH} WSLENV=ELECTRON_RUN_AS_NODE/w: /usr/bin/python3 setup.py egg_info --egg-base ../../build/navigation2_dist build --build-base /home/mrush/exercise/src/ros-exercises/build/navigation2_dist/build install --record /home/mrush/exercise/src/ros-exercises/build/navigation2_dist/install.log --single-version-externally-managed
[14.018s] Level 1:colcon.colcon_core.environment:checking '/home/mrush/exercise/src/ros-exercises/install/navigation2_dist' for CMake module files
[14.019s] Level 1:colcon.colcon_core.environment:checking '/home/mrush/exercise/src/ros-exercises/install/navigation2_dist' for CMake config files
[14.023s] Level 1:colcon.colcon_core.environment:checking '/home/mrush/exercise/src/ros-exercises/install/navigation2_dist/lib'
[14.024s] Level 1:colcon.colcon_core.environment:checking '/home/mrush/exercise/src/ros-exercises/install/navigation2_dist/bin'
[14.024s] Level 1:colcon.colcon_core.environment:checking '/home/mrush/exercise/src/ros-exercises/install/navigation2_dist/lib/pkgconfig/navigation2_dist.pc'
[14.025s] Level 1:colcon.colcon_core.environment:checking '/home/mrush/exercise/src/ros-exercises/install/navigation2_dist/lib/python3.10/site-packages'
[14.025s] Level 1:colcon.colcon_core.shell:create_environment_hook('navigation2_dist', 'pythonpath')
[14.080s] INFO:colcon.colcon_core.shell:Creating environment hook '/home/mrush/exercise/src/ros-exercises/install/navigation2_dist/share/navigation2_dist/hook/pythonpath.ps1'
[14.081s] INFO:colcon.colcon_core.shell:Creating environment descriptor '/home/mrush/exercise/src/ros-exercises/install/navigation2_dist/share/navigation2_dist/hook/pythonpath.dsv'
[14.081s] INFO:colcon.colcon_core.shell:Creating environment hook '/home/mrush/exercise/src/ros-exercises/install/navigation2_dist/share/navigation2_dist/hook/pythonpath.sh'
[14.082s] Level 1:colcon.colcon_core.environment:checking '/home/mrush/exercise/src/ros-exercises/install/navigation2_dist/bin'
[14.082s] Level 1:colcon.colcon_core.environment:create_environment_scripts_only(navigation2_dist)
[14.144s] INFO:colcon.colcon_core.shell:Creating package script '/home/mrush/exercise/src/ros-exercises/install/navigation2_dist/share/navigation2_dist/package.ps1'
[14.146s] INFO:colcon.colcon_core.shell:Creating package descriptor '/home/mrush/exercise/src/ros-exercises/install/navigation2_dist/share/navigation2_dist/package.dsv'
[14.148s] INFO:colcon.colcon_core.shell:Creating package script '/home/mrush/exercise/src/ros-exercises/install/navigation2_dist/share/navigation2_dist/package.sh'
[14.148s] INFO:colcon.colcon_core.shell:Creating package script '/home/mrush/exercise/src/ros-exercises/install/navigation2_dist/share/navigation2_dist/package.bash'
[14.149s] INFO:colcon.colcon_core.shell:Creating package script '/home/mrush/exercise/src/ros-exercises/install/navigation2_dist/share/navigation2_dist/package.zsh'
[14.149s] Level 1:colcon.colcon_core.environment:create_file_with_runtime_dependencies(/home/mrush/exercise/src/ros-exercises/install/navigation2_dist/share/colcon-core/packages/navigation2_dist)
[14.150s] DEBUG:colcon.colcon_parallel_executor.executor.parallel:closing loop
[14.151s] DEBUG:colcon.colcon_parallel_executor.executor.parallel:loop closed
[14.151s] DEBUG:colcon.colcon_parallel_executor.executor.parallel:run_until_complete finished with '0'
[14.152s] DEBUG:colcon.colcon_core.event_reactor:joining thread
[14.660s] INFO:colcon.colcon_core.plugin_system:Skipping extension 'colcon_notification.desktop_notification.notify_send': Could not find 'notify-send'
[14.661s] INFO:colcon.colcon_core.plugin_system:Skipping extension 'colcon_notification.desktop_notification.terminal_notifier': Not used on non-Darwin systems
[14.662s] INFO:colcon.colcon_core.plugin_system:Skipping extension 'colcon_notification.desktop_notification.win32': Not used on non-Windows systems
[14.662s] INFO:colcon.colcon_notification.desktop_notification:Sending desktop notification using 'notify2'
[14.668s] DEBUG:colcon.colcon_notification.desktop_notification.notify2:Failed to initialize notify2: org.freedesktop.DBus.Error.FileNotFound: Failed to connect to socket /run/user/1000/bus: No such file or directory
[14.669s] DEBUG:colcon.colcon_core.event_reactor:joined thread
[14.743s] INFO:colcon.colcon_core.shell:Creating prefix script '/home/mrush/exercise/src/ros-exercises/install/local_setup.ps1'
[14.748s] INFO:colcon.colcon_core.shell:Creating prefix util module '/home/mrush/exercise/src/ros-exercises/install/_local_setup_util_ps1.py'
[14.760s] INFO:colcon.colcon_core.shell:Creating prefix chain script '/home/mrush/exercise/src/ros-exercises/install/setup.ps1'
[14.872s] INFO:colcon.colcon_core.shell:Creating prefix script '/home/mrush/exercise/src/ros-exercises/install/local_setup.sh'
[14.899s] INFO:colcon.colcon_core.shell:Creating prefix util module '/home/mrush/exercise/src/ros-exercises/install/_local_setup_util_sh.py'
[14.900s] INFO:colcon.colcon_core.shell:Creating prefix chain script '/home/mrush/exercise/src/ros-exercises/install/setup.sh'
[14.958s] INFO:colcon.colcon_core.shell:Creating prefix script '/home/mrush/exercise/src/ros-exercises/install/local_setup.bash'
[14.963s] INFO:colcon.colcon_core.shell:Creating prefix chain script '/home/mrush/exercise/src/ros-exercises/install/setup.bash'
[15.031s] INFO:colcon.colcon_core.shell:Creating prefix script '/home/mrush/exercise/src/ros-exercises/install/local_setup.zsh'
[15.044s] INFO:colcon.colcon_core.shell:Creating prefix chain script '/home/mrush/exercise/src/ros-exercises/install/setup.zsh'
