[2.663s] DEBUG:colcon:Command line arguments: ['/usr/bin/colcon', 'build']
[2.663s] DEBUG:colcon:Parsed command line arguments: Namespace(log_base=None, log_level=None, verb_name='build', build_base='build', install_base='install', merge_install=False, symlink_install=False, test_result_base=None, continue_on_error=False, executor='parallel', parallel_workers=8, event_handlers=None, ignore_user_meta=False, metas=['./colcon.meta'], base_paths=['.'], packages_ignore=None, packages_ignore_regex=None, paths=None, packages_up_to=None, packages_up_to_regex=None, packages_above=None, packages_above_and_dependencies=None, packages_above_depth=None, packages_select_by_dep=None, packages_skip_by_dep=None, packages_skip_up_to=None, packages_select_build_failed=False, packages_skip_build_finished=False, packages_select_test_failures=False, packages_skip_test_passed=False, packages_select=None, packages_skip=None, packages_select_regex=None, packages_skip_regex=None, packages_start=None, packages_end=None, allow_overriding=[], cmake_args=None, cmake_target=None, cmake_target_skip_unavailable=False, cmake_clean_cache=False, cmake_clean_first=False, cmake_force_configure=False, ament_cmake_args=None, catkin_cmake_args=None, catkin_skip_building_tests=False, verb_parser=<colcon_defaults.argument_parser.defaults.DefaultArgumentsDecorator object at 0x7f8b6e6e7b50>, verb_extension=<colcon_core.verb.build.BuildVerb object at 0x7f8b6eb9c520>, main=<bound method BuildVerb.main of <colcon_core.verb.build.BuildVerb object at 0x7f8b6eb9c520>>)
[2.785s] Level 1:colcon.colcon_core.package_discovery:discover_packages(colcon_meta) check parameters
[2.785s] Level 1:colcon.colcon_core.package_discovery:discover_packages(recursive) check parameters
[2.785s] Level 1:colcon.colcon_core.package_discovery:discover_packages(ignore) check parameters
[2.785s] Level 1:colcon.colcon_core.package_discovery:discover_packages(path) check parameters
[2.785s] Level 1:colcon.colcon_core.package_discovery:discover_packages(colcon_meta) discover
[2.785s] Level 1:colcon.colcon_core.package_discovery:discover_packages(recursive) discover
[2.785s] INFO:colcon.colcon_core.package_discovery:Crawling recursively for packages in '/home/r3k7/Nauka_ros/src/ros-exercises'
[2.786s] Level 1:colcon.colcon_core.package_identification:_identify(.) by extensions ['ignore', 'ignore_ament_install']
[2.786s] Level 1:colcon.colcon_core.package_identification:_identify(.) by extension 'ignore'
[2.786s] Level 1:colcon.colcon_core.package_identification:_identify(.) by extension 'ignore_ament_install'
[2.786s] Level 1:colcon.colcon_core.package_identification:_identify(.) by extensions ['colcon_pkg']
[2.786s] Level 1:colcon.colcon_core.package_identification:_identify(.) by extension 'colcon_pkg'
[2.786s] Level 1:colcon.colcon_core.package_identification:_identify(.) by extensions ['colcon_meta']
[2.786s] Level 1:colcon.colcon_core.package_identification:_identify(.) by extension 'colcon_meta'
[2.786s] Level 1:colcon.colcon_core.package_identification:_identify(.) by extensions ['ros']
[2.786s] Level 1:colcon.colcon_core.package_identification:_identify(.) by extension 'ros'
[2.824s] Level 1:colcon.colcon_core.package_identification:_identify(.) by extensions ['cmake', 'python']
[2.825s] Level 1:colcon.colcon_core.package_identification:_identify(.) by extension 'cmake'
[2.825s] Level 1:colcon.colcon_core.package_identification:_identify(.) by extension 'python'
[2.825s] Level 1:colcon.colcon_core.package_identification:_identify(.) by extensions ['python_setup_py']
[2.825s] Level 1:colcon.colcon_core.package_identification:_identify(.) by extension 'python_setup_py'
[2.825s] Level 1:colcon.colcon_core.package_identification:_identify(build) by extensions ['ignore', 'ignore_ament_install']
[2.825s] Level 1:colcon.colcon_core.package_identification:_identify(build) by extension 'ignore'
[2.826s] Level 1:colcon.colcon_core.package_identification:_identify(build) ignored
[2.827s] Level 1:colcon.colcon_core.package_identification:_identify(ex_solution) by extensions ['ignore', 'ignore_ament_install']
[2.827s] Level 1:colcon.colcon_core.package_identification:_identify(ex_solution) by extension 'ignore'
[2.827s] Level 1:colcon.colcon_core.package_identification:_identify(ex_solution) by extension 'ignore_ament_install'
[2.827s] Level 1:colcon.colcon_core.package_identification:_identify(ex_solution) by extensions ['colcon_pkg']
[2.827s] Level 1:colcon.colcon_core.package_identification:_identify(ex_solution) by extension 'colcon_pkg'
[2.827s] Level 1:colcon.colcon_core.package_identification:_identify(ex_solution) by extensions ['colcon_meta']
[2.827s] Level 1:colcon.colcon_core.package_identification:_identify(ex_solution) by extension 'colcon_meta'
[2.827s] Level 1:colcon.colcon_core.package_identification:_identify(ex_solution) by extensions ['ros']
[2.827s] Level 1:colcon.colcon_core.package_identification:_identify(ex_solution) by extension 'ros'
[2.831s] DEBUG:colcon.colcon_core.package_identification:Package 'ex_solution' with type 'ros.ament_cmake' and name 'ex_solution'
[2.831s] Level 1:colcon.colcon_core.package_identification:_identify(exercise) by extensions ['ignore', 'ignore_ament_install']
[2.831s] Level 1:colcon.colcon_core.package_identification:_identify(exercise) by extension 'ignore'
[2.831s] Level 1:colcon.colcon_core.package_identification:_identify(exercise) by extension 'ignore_ament_install'
[2.831s] Level 1:colcon.colcon_core.package_identification:_identify(exercise) by extensions ['colcon_pkg']
[2.831s] Level 1:colcon.colcon_core.package_identification:_identify(exercise) by extension 'colcon_pkg'
[2.831s] Level 1:colcon.colcon_core.package_identification:_identify(exercise) by extensions ['colcon_meta']
[2.831s] Level 1:colcon.colcon_core.package_identification:_identify(exercise) by extension 'colcon_meta'
[2.832s] Level 1:colcon.colcon_core.package_identification:_identify(exercise) by extensions ['ros']
[2.832s] Level 1:colcon.colcon_core.package_identification:_identify(exercise) by extension 'ros'
[2.833s] DEBUG:colcon.colcon_core.package_identification:Package 'exercise' with type 'ros.ament_cmake' and name 'exercise'
[2.833s] Level 1:colcon.colcon_core.package_identification:_identify(fibonacci_action) by extensions ['ignore', 'ignore_ament_install']
[2.833s] Level 1:colcon.colcon_core.package_identification:_identify(fibonacci_action) by extension 'ignore'
[2.833s] Level 1:colcon.colcon_core.package_identification:_identify(fibonacci_action) by extension 'ignore_ament_install'
[2.834s] Level 1:colcon.colcon_core.package_identification:_identify(fibonacci_action) by extensions ['colcon_pkg']
[2.834s] Level 1:colcon.colcon_core.package_identification:_identify(fibonacci_action) by extension 'colcon_pkg'
[2.834s] Level 1:colcon.colcon_core.package_identification:_identify(fibonacci_action) by extensions ['colcon_meta']
[2.834s] Level 1:colcon.colcon_core.package_identification:_identify(fibonacci_action) by extension 'colcon_meta'
[2.834s] Level 1:colcon.colcon_core.package_identification:_identify(fibonacci_action) by extensions ['ros']
[2.834s] Level 1:colcon.colcon_core.package_identification:_identify(fibonacci_action) by extension 'ros'
[2.835s] DEBUG:colcon.colcon_core.package_identification:Package 'fibonacci_action' with type 'ros.ament_cmake' and name 'fibonacci_action'
[2.835s] Level 1:colcon.colcon_core.package_identification:_identify(install) by extensions ['ignore', 'ignore_ament_install']
[2.836s] Level 1:colcon.colcon_core.package_identification:_identify(install) by extension 'ignore'
[2.836s] Level 1:colcon.colcon_core.package_identification:_identify(install) ignored
[2.836s] Level 1:colcon.colcon_core.package_identification:_identify(log) by extensions ['ignore', 'ignore_ament_install']
[2.836s] Level 1:colcon.colcon_core.package_identification:_identify(log) by extension 'ignore'
[2.836s] Level 1:colcon.colcon_core.package_identification:_identify(log) ignored
[2.836s] Level 1:colcon.colcon_core.package_identification:_identify(navigation2_planners) by extensions ['ignore', 'ignore_ament_install']
[2.836s] Level 1:colcon.colcon_core.package_identification:_identify(navigation2_planners) by extension 'ignore'
[2.836s] Level 1:colcon.colcon_core.package_identification:_identify(navigation2_planners) by extension 'ignore_ament_install'
[2.837s] Level 1:colcon.colcon_core.package_identification:_identify(navigation2_planners) by extensions ['colcon_pkg']
[2.837s] Level 1:colcon.colcon_core.package_identification:_identify(navigation2_planners) by extension 'colcon_pkg'
[2.837s] Level 1:colcon.colcon_core.package_identification:_identify(navigation2_planners) by extensions ['colcon_meta']
[2.837s] Level 1:colcon.colcon_core.package_identification:_identify(navigation2_planners) by extension 'colcon_meta'
[2.837s] Level 1:colcon.colcon_core.package_identification:_identify(navigation2_planners) by extensions ['ros']
[2.837s] Level 1:colcon.colcon_core.package_identification:_identify(navigation2_planners) by extension 'ros'
[2.837s] Level 1:colcon.colcon_core.package_identification:_identify(navigation2_planners) by extensions ['cmake', 'python']
[2.837s] Level 1:colcon.colcon_core.package_identification:_identify(navigation2_planners) by extension 'cmake'
[2.837s] Level 1:colcon.colcon_core.package_identification:_identify(navigation2_planners) by extension 'python'
[2.837s] Level 1:colcon.colcon_core.package_identification:_identify(navigation2_planners) by extensions ['python_setup_py']
[2.837s] Level 1:colcon.colcon_core.package_identification:_identify(navigation2_planners) by extension 'python_setup_py'
[2.837s] Level 1:colcon.colcon_core.package_identification:_identify(navigation2_planners/navigation2_dist) by extensions ['ignore', 'ignore_ament_install']
[2.837s] Level 1:colcon.colcon_core.package_identification:_identify(navigation2_planners/navigation2_dist) by extension 'ignore'
[2.837s] Level 1:colcon.colcon_core.package_identification:_identify(navigation2_planners/navigation2_dist) by extension 'ignore_ament_install'
[2.837s] Level 1:colcon.colcon_core.package_identification:_identify(navigation2_planners/navigation2_dist) by extensions ['colcon_pkg']
[2.838s] Level 1:colcon.colcon_core.package_identification:_identify(navigation2_planners/navigation2_dist) by extension 'colcon_pkg'
[2.838s] Level 1:colcon.colcon_core.package_identification:_identify(navigation2_planners/navigation2_dist) by extensions ['colcon_meta']
[2.838s] Level 1:colcon.colcon_core.package_identification:_identify(navigation2_planners/navigation2_dist) by extension 'colcon_meta'
[2.838s] Level 1:colcon.colcon_core.package_identification:_identify(navigation2_planners/navigation2_dist) by extensions ['ros']
[2.838s] Level 1:colcon.colcon_core.package_identification:_identify(navigation2_planners/navigation2_dist) by extension 'ros'
[2.839s] DEBUG:colcon.colcon_core.package_identification:Package 'navigation2_planners/navigation2_dist' with type 'ros.ament_python' and name 'navigation2_dist'
[2.839s] Level 1:colcon.colcon_core.package_identification:_identify(navigation2_planners/navigation2_turtlebot) by extensions ['ignore', 'ignore_ament_install']
[2.840s] Level 1:colcon.colcon_core.package_identification:_identify(navigation2_planners/navigation2_turtlebot) by extension 'ignore'
[2.840s] Level 1:colcon.colcon_core.package_identification:_identify(navigation2_planners/navigation2_turtlebot) by extension 'ignore_ament_install'
[2.840s] Level 1:colcon.colcon_core.package_identification:_identify(navigation2_planners/navigation2_turtlebot) by extensions ['colcon_pkg']
[2.841s] Level 1:colcon.colcon_core.package_identification:_identify(navigation2_planners/navigation2_turtlebot) by extension 'colcon_pkg'
[2.841s] Level 1:colcon.colcon_core.package_identification:_identify(navigation2_planners/navigation2_turtlebot) by extensions ['colcon_meta']
[2.841s] Level 1:colcon.colcon_core.package_identification:_identify(navigation2_planners/navigation2_turtlebot) by extension 'colcon_meta'
[2.841s] Level 1:colcon.colcon_core.package_identification:_identify(navigation2_planners/navigation2_turtlebot) by extensions ['ros']
[2.841s] Level 1:colcon.colcon_core.package_identification:_identify(navigation2_planners/navigation2_turtlebot) by extension 'ros'
[2.843s] DEBUG:colcon.colcon_core.package_identification:Package 'navigation2_planners/navigation2_turtlebot' with type 'ros.ament_cmake' and name 'navigation2_turtle'
[2.843s] Level 1:colcon.colcon_core.package_identification:_identify(pub_sub) by extensions ['ignore', 'ignore_ament_install']
[2.844s] Level 1:colcon.colcon_core.package_identification:_identify(pub_sub) by extension 'ignore'
[2.844s] Level 1:colcon.colcon_core.package_identification:_identify(pub_sub) by extension 'ignore_ament_install'
[2.844s] Level 1:colcon.colcon_core.package_identification:_identify(pub_sub) by extensions ['colcon_pkg']
[2.844s] Level 1:colcon.colcon_core.package_identification:_identify(pub_sub) by extension 'colcon_pkg'
[2.844s] Level 1:colcon.colcon_core.package_identification:_identify(pub_sub) by extensions ['colcon_meta']
[2.844s] Level 1:colcon.colcon_core.package_identification:_identify(pub_sub) by extension 'colcon_meta'
[2.844s] Level 1:colcon.colcon_core.package_identification:_identify(pub_sub) by extensions ['ros']
[2.844s] Level 1:colcon.colcon_core.package_identification:_identify(pub_sub) by extension 'ros'
[2.845s] DEBUG:colcon.colcon_core.package_identification:Package 'pub_sub' with type 'ros.ament_cmake' and name 'pub_sub'
[2.845s] Level 1:colcon.colcon_core.package_discovery:discover_packages(recursive) using defaults
[2.845s] Level 1:colcon.colcon_core.package_discovery:discover_packages(ignore) discover
[2.845s] Level 1:colcon.colcon_core.package_discovery:discover_packages(ignore) using defaults
[2.845s] Level 1:colcon.colcon_core.package_discovery:discover_packages(path) discover
[2.845s] Level 1:colcon.colcon_core.package_discovery:discover_packages(path) using defaults
[3.149s] Level 1:colcon.colcon_core.package_discovery:discover_packages(prefix_path) check parameters
[3.149s] Level 1:colcon.colcon_core.package_discovery:discover_packages(prefix_path) discover
[3.309s] DEBUG:colcon.colcon_installed_package_information.package_discovery:Found 6 installed packages in /home/r3k7/Nauka_ros/src/ros-exercises/install
[3.385s] DEBUG:colcon.colcon_installed_package_information.package_discovery:Found 328 installed packages in /opt/ros/humble
[3.388s] Level 1:colcon.colcon_core.package_discovery:discover_packages(prefix_path) using defaults
[3.696s] Level 5:colcon.colcon_core.verb:set package 'ex_solution' build argument 'cmake_args' from command line to 'None'
[3.696s] Level 5:colcon.colcon_core.verb:set package 'ex_solution' build argument 'cmake_target' from command line to 'None'
[3.696s] Level 5:colcon.colcon_core.verb:set package 'ex_solution' build argument 'cmake_target_skip_unavailable' from command line to 'False'
[3.696s] Level 5:colcon.colcon_core.verb:set package 'ex_solution' build argument 'cmake_clean_cache' from command line to 'False'
[3.696s] Level 5:colcon.colcon_core.verb:set package 'ex_solution' build argument 'cmake_clean_first' from command line to 'False'
[3.696s] Level 5:colcon.colcon_core.verb:set package 'ex_solution' build argument 'cmake_force_configure' from command line to 'False'
[3.696s] Level 5:colcon.colcon_core.verb:set package 'ex_solution' build argument 'ament_cmake_args' from command line to 'None'
[3.696s] Level 5:colcon.colcon_core.verb:set package 'ex_solution' build argument 'catkin_cmake_args' from command line to 'None'
[3.696s] Level 5:colcon.colcon_core.verb:set package 'ex_solution' build argument 'catkin_skip_building_tests' from command line to 'False'
[3.696s] DEBUG:colcon.colcon_core.verb:Building package 'ex_solution' with the following arguments: {'ament_cmake_args': None, 'build_base': '/home/r3k7/Nauka_ros/src/ros-exercises/build/ex_solution', 'catkin_cmake_args': None, 'catkin_skip_building_tests': False, 'cmake_args': None, 'cmake_clean_cache': False, 'cmake_clean_first': False, 'cmake_force_configure': False, 'cmake_target': None, 'cmake_target_skip_unavailable': False, 'install_base': '/home/r3k7/Nauka_ros/src/ros-exercises/install/ex_solution', 'merge_install': False, 'path': '/home/r3k7/Nauka_ros/src/ros-exercises/ex_solution', 'symlink_install': False, 'test_result_base': None}
[3.747s] Level 5:colcon.colcon_core.verb:set package 'exercise' build argument 'cmake_args' from command line to 'None'
[3.748s] Level 5:colcon.colcon_core.verb:set package 'exercise' build argument 'cmake_target' from command line to 'None'
[3.748s] Level 5:colcon.colcon_core.verb:set package 'exercise' build argument 'cmake_target_skip_unavailable' from command line to 'False'
[3.749s] Level 5:colcon.colcon_core.verb:set package 'exercise' build argument 'cmake_clean_cache' from command line to 'False'
[3.749s] Level 5:colcon.colcon_core.verb:set package 'exercise' build argument 'cmake_clean_first' from command line to 'False'
[3.749s] Level 5:colcon.colcon_core.verb:set package 'exercise' build argument 'cmake_force_configure' from command line to 'False'
[3.749s] Level 5:colcon.colcon_core.verb:set package 'exercise' build argument 'ament_cmake_args' from command line to 'None'
[3.749s] Level 5:colcon.colcon_core.verb:set package 'exercise' build argument 'catkin_cmake_args' from command line to 'None'
[3.749s] Level 5:colcon.colcon_core.verb:set package 'exercise' build argument 'catkin_skip_building_tests' from command line to 'False'
[3.749s] DEBUG:colcon.colcon_core.verb:Building package 'exercise' with the following arguments: {'ament_cmake_args': None, 'build_base': '/home/r3k7/Nauka_ros/src/ros-exercises/build/exercise', 'catkin_cmake_args': None, 'catkin_skip_building_tests': False, 'cmake_args': None, 'cmake_clean_cache': False, 'cmake_clean_first': False, 'cmake_force_configure': False, 'cmake_target': None, 'cmake_target_skip_unavailable': False, 'install_base': '/home/r3k7/Nauka_ros/src/ros-exercises/install/exercise', 'merge_install': False, 'path': '/home/r3k7/Nauka_ros/src/ros-exercises/exercise', 'symlink_install': False, 'test_result_base': None}
[3.895s] Level 5:colcon.colcon_core.verb:set package 'fibonacci_action' build argument 'cmake_args' from command line to 'None'
[3.895s] Level 5:colcon.colcon_core.verb:set package 'fibonacci_action' build argument 'cmake_target' from command line to 'None'
[3.895s] Level 5:colcon.colcon_core.verb:set package 'fibonacci_action' build argument 'cmake_target_skip_unavailable' from command line to 'False'
[3.895s] Level 5:colcon.colcon_core.verb:set package 'fibonacci_action' build argument 'cmake_clean_cache' from command line to 'False'
[3.896s] Level 5:colcon.colcon_core.verb:set package 'fibonacci_action' build argument 'cmake_clean_first' from command line to 'False'
[3.896s] Level 5:colcon.colcon_core.verb:set package 'fibonacci_action' build argument 'cmake_force_configure' from command line to 'False'
[3.896s] Level 5:colcon.colcon_core.verb:set package 'fibonacci_action' build argument 'ament_cmake_args' from command line to 'None'
[3.896s] Level 5:colcon.colcon_core.verb:set package 'fibonacci_action' build argument 'catkin_cmake_args' from command line to 'None'
[3.896s] Level 5:colcon.colcon_core.verb:set package 'fibonacci_action' build argument 'catkin_skip_building_tests' from command line to 'False'
[3.896s] DEBUG:colcon.colcon_core.verb:Building package 'fibonacci_action' with the following arguments: {'ament_cmake_args': None, 'build_base': '/home/r3k7/Nauka_ros/src/ros-exercises/build/fibonacci_action', 'catkin_cmake_args': None, 'catkin_skip_building_tests': False, 'cmake_args': None, 'cmake_clean_cache': False, 'cmake_clean_first': False, 'cmake_force_configure': False, 'cmake_target': None, 'cmake_target_skip_unavailable': False, 'install_base': '/home/r3k7/Nauka_ros/src/ros-exercises/install/fibonacci_action', 'merge_install': False, 'path': '/home/r3k7/Nauka_ros/src/ros-exercises/fibonacci_action', 'symlink_install': False, 'test_result_base': None}
[3.970s] Level 5:colcon.colcon_core.verb:set package 'navigation2_dist' build argument 'cmake_args' from command line to 'None'
[3.971s] Level 5:colcon.colcon_core.verb:set package 'navigation2_dist' build argument 'cmake_target' from command line to 'None'
[3.971s] Level 5:colcon.colcon_core.verb:set package 'navigation2_dist' build argument 'cmake_target_skip_unavailable' from command line to 'False'
[3.971s] Level 5:colcon.colcon_core.verb:set package 'navigation2_dist' build argument 'cmake_clean_cache' from command line to 'False'
[3.971s] Level 5:colcon.colcon_core.verb:set package 'navigation2_dist' build argument 'cmake_clean_first' from command line to 'False'
[3.971s] Level 5:colcon.colcon_core.verb:set package 'navigation2_dist' build argument 'cmake_force_configure' from command line to 'False'
[3.971s] Level 5:colcon.colcon_core.verb:set package 'navigation2_dist' build argument 'ament_cmake_args' from command line to 'None'
[3.972s] Level 5:colcon.colcon_core.verb:set package 'navigation2_dist' build argument 'catkin_cmake_args' from command line to 'None'
[3.972s] Level 5:colcon.colcon_core.verb:set package 'navigation2_dist' build argument 'catkin_skip_building_tests' from command line to 'False'
[3.972s] DEBUG:colcon.colcon_core.verb:Building package 'navigation2_dist' with the following arguments: {'ament_cmake_args': None, 'build_base': '/home/r3k7/Nauka_ros/src/ros-exercises/build/navigation2_dist', 'catkin_cmake_args': None, 'catkin_skip_building_tests': False, 'cmake_args': None, 'cmake_clean_cache': False, 'cmake_clean_first': False, 'cmake_force_configure': False, 'cmake_target': None, 'cmake_target_skip_unavailable': False, 'install_base': '/home/r3k7/Nauka_ros/src/ros-exercises/install/navigation2_dist', 'merge_install': False, 'path': '/home/r3k7/Nauka_ros/src/ros-exercises/navigation2_planners/navigation2_dist', 'symlink_install': False, 'test_result_base': None}
[4.049s] Level 5:colcon.colcon_core.verb:set package 'navigation2_turtle' build argument 'cmake_args' from command line to 'None'
[4.049s] Level 5:colcon.colcon_core.verb:set package 'navigation2_turtle' build argument 'cmake_target' from command line to 'None'
[4.051s] Level 5:colcon.colcon_core.verb:set package 'navigation2_turtle' build argument 'cmake_target_skip_unavailable' from command line to 'False'
[4.051s] Level 5:colcon.colcon_core.verb:set package 'navigation2_turtle' build argument 'cmake_clean_cache' from command line to 'False'
[4.051s] Level 5:colcon.colcon_core.verb:set package 'navigation2_turtle' build argument 'cmake_clean_first' from command line to 'False'
[4.052s] Level 5:colcon.colcon_core.verb:set package 'navigation2_turtle' build argument 'cmake_force_configure' from command line to 'False'
[4.052s] Level 5:colcon.colcon_core.verb:set package 'navigation2_turtle' build argument 'ament_cmake_args' from command line to 'None'
[4.052s] Level 5:colcon.colcon_core.verb:set package 'navigation2_turtle' build argument 'catkin_cmake_args' from command line to 'None'
[4.052s] Level 5:colcon.colcon_core.verb:set package 'navigation2_turtle' build argument 'catkin_skip_building_tests' from command line to 'False'
[4.052s] DEBUG:colcon.colcon_core.verb:Building package 'navigation2_turtle' with the following arguments: {'ament_cmake_args': None, 'build_base': '/home/r3k7/Nauka_ros/src/ros-exercises/build/navigation2_turtle', 'catkin_cmake_args': None, 'catkin_skip_building_tests': False, 'cmake_args': None, 'cmake_clean_cache': False, 'cmake_clean_first': False, 'cmake_force_configure': False, 'cmake_target': None, 'cmake_target_skip_unavailable': False, 'install_base': '/home/r3k7/Nauka_ros/src/ros-exercises/install/navigation2_turtle', 'merge_install': False, 'path': '/home/r3k7/Nauka_ros/src/ros-exercises/navigation2_planners/navigation2_turtlebot', 'symlink_install': False, 'test_result_base': None}
[4.104s] Level 5:colcon.colcon_core.verb:set package 'pub_sub' build argument 'cmake_args' from command line to 'None'
[4.105s] Level 5:colcon.colcon_core.verb:set package 'pub_sub' build argument 'cmake_target' from command line to 'None'
[4.105s] Level 5:colcon.colcon_core.verb:set package 'pub_sub' build argument 'cmake_target_skip_unavailable' from command line to 'False'
[4.105s] Level 5:colcon.colcon_core.verb:set package 'pub_sub' build argument 'cmake_clean_cache' from command line to 'False'
[4.105s] Level 5:colcon.colcon_core.verb:set package 'pub_sub' build argument 'cmake_clean_first' from command line to 'False'
[4.105s] Level 5:colcon.colcon_core.verb:set package 'pub_sub' build argument 'cmake_force_configure' from command line to 'False'
[4.105s] Level 5:colcon.colcon_core.verb:set package 'pub_sub' build argument 'ament_cmake_args' from command line to 'None'
[4.105s] Level 5:colcon.colcon_core.verb:set package 'pub_sub' build argument 'catkin_cmake_args' from command line to 'None'
[4.105s] Level 5:colcon.colcon_core.verb:set package 'pub_sub' build argument 'catkin_skip_building_tests' from command line to 'False'
[4.105s] DEBUG:colcon.colcon_core.verb:Building package 'pub_sub' with the following arguments: {'ament_cmake_args': None, 'build_base': '/home/r3k7/Nauka_ros/src/ros-exercises/build/pub_sub', 'catkin_cmake_args': None, 'catkin_skip_building_tests': False, 'cmake_args': None, 'cmake_clean_cache': False, 'cmake_clean_first': False, 'cmake_force_configure': False, 'cmake_target': None, 'cmake_target_skip_unavailable': False, 'install_base': '/home/r3k7/Nauka_ros/src/ros-exercises/install/pub_sub', 'merge_install': False, 'path': '/home/r3k7/Nauka_ros/src/ros-exercises/pub_sub', 'symlink_install': False, 'test_result_base': None}
[4.150s] INFO:colcon.colcon_core.executor:Executing jobs using 'parallel' executor
[4.195s] DEBUG:colcon.colcon_parallel_executor.executor.parallel:run_until_complete
[4.195s] INFO:colcon.colcon_ros.task.ament_cmake.build:Building ROS package in '/home/r3k7/Nauka_ros/src/ros-exercises/ex_solution' with build type 'ament_cmake'
[4.197s] INFO:colcon.colcon_cmake.task.cmake.build:Building CMake package in '/home/r3k7/Nauka_ros/src/ros-exercises/ex_solution'
[4.254s] INFO:colcon.colcon_core.plugin_system:Skipping extension 'colcon_core.shell.bat': Not used on non-Windows systems
[4.254s] INFO:colcon.colcon_core.shell:Skip shell extension 'powershell' for command environment: Not usable outside of PowerShell
[4.254s] DEBUG:colcon.colcon_core.shell:Skip shell extension 'dsv' for command environment
[4.371s] INFO:colcon.colcon_ros.task.ament_cmake.build:Building ROS package in '/home/r3k7/Nauka_ros/src/ros-exercises/exercise' with build type 'ament_cmake'
[4.372s] INFO:colcon.colcon_cmake.task.cmake.build:Building CMake package in '/home/r3k7/Nauka_ros/src/ros-exercises/exercise'
[4.415s] INFO:colcon.colcon_core.shell:Skip shell extension 'powershell' for command environment: Not usable outside of PowerShell
[4.415s] DEBUG:colcon.colcon_core.shell:Skip shell extension 'dsv' for command environment
[4.537s] INFO:colcon.colcon_ros.task.ament_cmake.build:Building ROS package in '/home/r3k7/Nauka_ros/src/ros-exercises/fibonacci_action' with build type 'ament_cmake'
[4.538s] INFO:colcon.colcon_cmake.task.cmake.build:Building CMake package in '/home/r3k7/Nauka_ros/src/ros-exercises/fibonacci_action'
[4.573s] INFO:colcon.colcon_core.shell:Skip shell extension 'powershell' for command environment: Not usable outside of PowerShell
[4.573s] DEBUG:colcon.colcon_core.shell:Skip shell extension 'dsv' for command environment
[4.687s] INFO:colcon.colcon_ros.task.ament_python.build:Building ROS package in '/home/r3k7/Nauka_ros/src/ros-exercises/navigation2_planners/navigation2_dist' with build type 'ament_python'
[4.688s] Level 1:colcon.colcon_core.shell:create_environment_hook('navigation2_dist', 'ament_prefix_path')
[4.728s] INFO:colcon.colcon_core.shell:Creating environment hook '/home/r3k7/Nauka_ros/src/ros-exercises/install/navigation2_dist/share/navigation2_dist/hook/ament_prefix_path.ps1'
[4.729s] INFO:colcon.colcon_core.shell:Creating environment descriptor '/home/r3k7/Nauka_ros/src/ros-exercises/install/navigation2_dist/share/navigation2_dist/hook/ament_prefix_path.dsv'
[4.730s] INFO:colcon.colcon_core.shell:Creating environment hook '/home/r3k7/Nauka_ros/src/ros-exercises/install/navigation2_dist/share/navigation2_dist/hook/ament_prefix_path.sh'
[4.769s] INFO:colcon.colcon_core.shell:Skip shell extension 'powershell' for command environment: Not usable outside of PowerShell
[4.769s] DEBUG:colcon.colcon_core.shell:Skip shell extension 'dsv' for command environment
[4.871s] INFO:colcon.colcon_ros.task.ament_cmake.build:Building ROS package in '/home/r3k7/Nauka_ros/src/ros-exercises/navigation2_planners/navigation2_turtlebot' with build type 'ament_cmake'
[4.872s] INFO:colcon.colcon_cmake.task.cmake.build:Building CMake package in '/home/r3k7/Nauka_ros/src/ros-exercises/navigation2_planners/navigation2_turtlebot'
[4.908s] INFO:colcon.colcon_core.shell:Skip shell extension 'powershell' for command environment: Not usable outside of PowerShell
[4.909s] DEBUG:colcon.colcon_core.shell:Skip shell extension 'dsv' for command environment
[5.026s] INFO:colcon.colcon_ros.task.ament_cmake.build:Building ROS package in '/home/r3k7/Nauka_ros/src/ros-exercises/pub_sub' with build type 'ament_cmake'
[5.027s] INFO:colcon.colcon_cmake.task.cmake.build:Building CMake package in '/home/r3k7/Nauka_ros/src/ros-exercises/pub_sub'
[5.065s] INFO:colcon.colcon_core.shell:Skip shell extension 'powershell' for command environment: Not usable outside of PowerShell
[5.066s] DEBUG:colcon.colcon_core.shell:Skip shell extension 'dsv' for command environment
[5.212s] DEBUG:colcon.colcon_core.event_handler.log_command:Invoking command in '/home/r3k7/Nauka_ros/src/ros-exercises/build/ex_solution': CMAKE_PREFIX_PATH=${CMAKE_PREFIX_PATH}:/home/r3k7/Nauka_ros/src/ros-exercises/install/navigation2_dist:/opt/ros/humble WSLENV=ELECTRON_RUN_AS_NODE/w:WT_SESSION:WT_PROFILE_ID: /usr/bin/cmake --build /home/r3k7/Nauka_ros/src/ros-exercises/build/ex_solution -- -j8 -l8
[5.229s] DEBUG:colcon.colcon_core.event_handler.log_command:Invoking command in '/home/r3k7/Nauka_ros/src/ros-exercises/build/exercise': CMAKE_PREFIX_PATH=${CMAKE_PREFIX_PATH}:/home/r3k7/Nauka_ros/src/ros-exercises/install/navigation2_dist:/opt/ros/humble WSLENV=ELECTRON_RUN_AS_NODE/w:WT_SESSION:WT_PROFILE_ID: /usr/bin/cmake --build /home/r3k7/Nauka_ros/src/ros-exercises/build/exercise -- -j8 -l8
[5.254s] DEBUG:colcon.colcon_core.event_handler.log_command:Invoking command in '/home/r3k7/Nauka_ros/src/ros-exercises/build/fibonacci_action': CMAKE_PREFIX_PATH=${CMAKE_PREFIX_PATH}:/home/r3k7/Nauka_ros/src/ros-exercises/install/navigation2_dist:/opt/ros/humble WSLENV=ELECTRON_RUN_AS_NODE/w:WT_SESSION:WT_PROFILE_ID: /usr/bin/cmake --build /home/r3k7/Nauka_ros/src/ros-exercises/build/fibonacci_action -- -j8 -l8
[5.852s] INFO:colcon.colcon_core.task.python.build:Building Python package in '/home/r3k7/Nauka_ros/src/ros-exercises/navigation2_planners/navigation2_dist'
[5.903s] INFO:colcon.colcon_core.shell:Skip shell extension 'powershell' for command environment: Not usable outside of PowerShell
[5.903s] DEBUG:colcon.colcon_core.shell:Skip shell extension 'dsv' for command environment
[6.177s] DEBUG:colcon.colcon_core.event_handler.log_command:Invoking command in '/home/r3k7/Nauka_ros/src/ros-exercises/build/navigation2_turtle': CMAKE_PREFIX_PATH=${CMAKE_PREFIX_PATH}:/home/r3k7/Nauka_ros/src/ros-exercises/install/navigation2_dist:/opt/ros/humble WSLENV=ELECTRON_RUN_AS_NODE/w:WT_SESSION:WT_PROFILE_ID: /usr/bin/cmake --build /home/r3k7/Nauka_ros/src/ros-exercises/build/navigation2_turtle -- -j8 -l8
[6.196s] DEBUG:colcon.colcon_core.event_handler.log_command:Invoking command in '/home/r3k7/Nauka_ros/src/ros-exercises/build/pub_sub': CMAKE_PREFIX_PATH=${CMAKE_PREFIX_PATH}:/home/r3k7/Nauka_ros/src/ros-exercises/install/navigation2_dist:/opt/ros/humble WSLENV=ELECTRON_RUN_AS_NODE/w:WT_SESSION:WT_PROFILE_ID: /usr/bin/cmake --build /home/r3k7/Nauka_ros/src/ros-exercises/build/pub_sub -- -j8 -l8
[6.268s] DEBUG:colcon.colcon_core.event_handler.log_command:Invoked command in '/home/r3k7/Nauka_ros/src/ros-exercises/build/exercise' returned '0': CMAKE_PREFIX_PATH=${CMAKE_PREFIX_PATH}:/home/r3k7/Nauka_ros/src/ros-exercises/install/navigation2_dist:/opt/ros/humble WSLENV=ELECTRON_RUN_AS_NODE/w:WT_SESSION:WT_PROFILE_ID: /usr/bin/cmake --build /home/r3k7/Nauka_ros/src/ros-exercises/build/exercise -- -j8 -l8
[6.357s] DEBUG:colcon.colcon_core.event_handler.log_command:Invoked command in '/home/r3k7/Nauka_ros/src/ros-exercises/build/navigation2_turtle' returned '0': CMAKE_PREFIX_PATH=${CMAKE_PREFIX_PATH}:/home/r3k7/Nauka_ros/src/ros-exercises/install/navigation2_dist:/opt/ros/humble WSLENV=ELECTRON_RUN_AS_NODE/w:WT_SESSION:WT_PROFILE_ID: /usr/bin/cmake --build /home/r3k7/Nauka_ros/src/ros-exercises/build/navigation2_turtle -- -j8 -l8
[6.474s] DEBUG:colcon.colcon_core.event_handler.log_command:Invoking command in '/home/r3k7/Nauka_ros/src/ros-exercises/build/exercise': CMAKE_PREFIX_PATH=${CMAKE_PREFIX_PATH}:/home/r3k7/Nauka_ros/src/ros-exercises/install/navigation2_dist:/opt/ros/humble WSLENV=ELECTRON_RUN_AS_NODE/w:WT_SESSION:WT_PROFILE_ID: /usr/bin/cmake --install /home/r3k7/Nauka_ros/src/ros-exercises/build/exercise
[6.505s] DEBUG:colcon.colcon_core.event_handler.log_command:Invoked command in '/home/r3k7/Nauka_ros/src/ros-exercises/build/fibonacci_action' returned '0': CMAKE_PREFIX_PATH=${CMAKE_PREFIX_PATH}:/home/r3k7/Nauka_ros/src/ros-exercises/install/navigation2_dist:/opt/ros/humble WSLENV=ELECTRON_RUN_AS_NODE/w:WT_SESSION:WT_PROFILE_ID: /usr/bin/cmake --build /home/r3k7/Nauka_ros/src/ros-exercises/build/fibonacci_action -- -j8 -l8
[6.517s] Level 1:colcon.colcon_core.environment:create_environment_scripts_only(exercise)
[6.527s] DEBUG:colcon.colcon_core.event_handler.log_command:Invoked command in '/home/r3k7/Nauka_ros/src/ros-exercises/build/exercise' returned '0': CMAKE_PREFIX_PATH=${CMAKE_PREFIX_PATH}:/home/r3k7/Nauka_ros/src/ros-exercises/install/navigation2_dist:/opt/ros/humble WSLENV=ELECTRON_RUN_AS_NODE/w:WT_SESSION:WT_PROFILE_ID: /usr/bin/cmake --install /home/r3k7/Nauka_ros/src/ros-exercises/build/exercise
[6.567s] Level 1:colcon.colcon_core.environment:checking '/home/r3k7/Nauka_ros/src/ros-exercises/install/exercise' for CMake module files
[6.568s] Level 1:colcon.colcon_core.environment:checking '/home/r3k7/Nauka_ros/src/ros-exercises/install/exercise' for CMake config files
[6.569s] Level 1:colcon.colcon_core.shell:create_environment_hook('exercise', 'cmake_prefix_path')
[6.604s] INFO:colcon.colcon_core.shell:Creating environment hook '/home/r3k7/Nauka_ros/src/ros-exercises/install/exercise/share/exercise/hook/cmake_prefix_path.ps1'
[6.605s] INFO:colcon.colcon_core.shell:Creating environment descriptor '/home/r3k7/Nauka_ros/src/ros-exercises/install/exercise/share/exercise/hook/cmake_prefix_path.dsv'
[6.609s] INFO:colcon.colcon_core.shell:Creating environment hook '/home/r3k7/Nauka_ros/src/ros-exercises/install/exercise/share/exercise/hook/cmake_prefix_path.sh'
[6.612s] Level 1:colcon.colcon_core.environment:checking '/home/r3k7/Nauka_ros/src/ros-exercises/install/exercise/bin'
[6.613s] Level 1:colcon.colcon_core.environment:checking '/home/r3k7/Nauka_ros/src/ros-exercises/install/exercise/lib/pkgconfig/exercise.pc'
[6.613s] Level 1:colcon.colcon_core.environment:checking '/home/r3k7/Nauka_ros/src/ros-exercises/install/exercise/lib/python3.10/site-packages'
[6.614s] Level 1:colcon.colcon_core.environment:checking '/home/r3k7/Nauka_ros/src/ros-exercises/install/exercise/bin'
[6.657s] INFO:colcon.colcon_core.shell:Creating package script '/home/r3k7/Nauka_ros/src/ros-exercises/install/exercise/share/exercise/package.ps1'
[6.659s] INFO:colcon.colcon_core.shell:Creating package descriptor '/home/r3k7/Nauka_ros/src/ros-exercises/install/exercise/share/exercise/package.dsv'
[6.659s] INFO:colcon.colcon_core.shell:Creating package script '/home/r3k7/Nauka_ros/src/ros-exercises/install/exercise/share/exercise/package.sh'
[6.661s] INFO:colcon.colcon_core.shell:Creating package script '/home/r3k7/Nauka_ros/src/ros-exercises/install/exercise/share/exercise/package.bash'
[6.662s] INFO:colcon.colcon_core.shell:Creating package script '/home/r3k7/Nauka_ros/src/ros-exercises/install/exercise/share/exercise/package.zsh'
[6.664s] Level 1:colcon.colcon_core.environment:create_file_with_runtime_dependencies(/home/r3k7/Nauka_ros/src/ros-exercises/install/exercise/share/colcon-core/packages/exercise)
[6.678s] DEBUG:colcon.colcon_core.event_handler.log_command:Invoking command in '/home/r3k7/Nauka_ros/src/ros-exercises/build/navigation2_turtle': CMAKE_PREFIX_PATH=${CMAKE_PREFIX_PATH}:/home/r3k7/Nauka_ros/src/ros-exercises/install/navigation2_dist:/opt/ros/humble WSLENV=ELECTRON_RUN_AS_NODE/w:WT_SESSION:WT_PROFILE_ID: /usr/bin/cmake --install /home/r3k7/Nauka_ros/src/ros-exercises/build/navigation2_turtle
[6.689s] DEBUG:colcon.colcon_core.event_handler.log_command:Invoked command in '/home/r3k7/Nauka_ros/src/ros-exercises/build/ex_solution' returned '0': CMAKE_PREFIX_PATH=${CMAKE_PREFIX_PATH}:/home/r3k7/Nauka_ros/src/ros-exercises/install/navigation2_dist:/opt/ros/humble WSLENV=ELECTRON_RUN_AS_NODE/w:WT_SESSION:WT_PROFILE_ID: /usr/bin/cmake --build /home/r3k7/Nauka_ros/src/ros-exercises/build/ex_solution -- -j8 -l8
[6.706s] DEBUG:colcon.colcon_core.event_handler.log_command:Invoked command in '/home/r3k7/Nauka_ros/src/ros-exercises/build/pub_sub' returned '0': CMAKE_PREFIX_PATH=${CMAKE_PREFIX_PATH}:/home/r3k7/Nauka_ros/src/ros-exercises/install/navigation2_dist:/opt/ros/humble WSLENV=ELECTRON_RUN_AS_NODE/w:WT_SESSION:WT_PROFILE_ID: /usr/bin/cmake --build /home/r3k7/Nauka_ros/src/ros-exercises/build/pub_sub -- -j8 -l8
[6.719s] Level 1:colcon.colcon_core.environment:create_environment_scripts_only(navigation2_turtle)
[6.742s] DEBUG:colcon.colcon_core.event_handler.log_command:Invoked command in '/home/r3k7/Nauka_ros/src/ros-exercises/build/navigation2_turtle' returned '0': CMAKE_PREFIX_PATH=${CMAKE_PREFIX_PATH}:/home/r3k7/Nauka_ros/src/ros-exercises/install/navigation2_dist:/opt/ros/humble WSLENV=ELECTRON_RUN_AS_NODE/w:WT_SESSION:WT_PROFILE_ID: /usr/bin/cmake --install /home/r3k7/Nauka_ros/src/ros-exercises/build/navigation2_turtle
[6.807s] Level 1:colcon.colcon_core.environment:checking '/home/r3k7/Nauka_ros/src/ros-exercises/install/navigation2_turtle' for CMake module files
[6.808s] Level 1:colcon.colcon_core.environment:checking '/home/r3k7/Nauka_ros/src/ros-exercises/install/navigation2_turtle' for CMake config files
[6.808s] Level 1:colcon.colcon_core.shell:create_environment_hook('navigation2_turtle', 'cmake_prefix_path')
[6.841s] INFO:colcon.colcon_core.shell:Creating environment hook '/home/r3k7/Nauka_ros/src/ros-exercises/install/navigation2_turtle/share/navigation2_turtle/hook/cmake_prefix_path.ps1'
[6.842s] INFO:colcon.colcon_core.shell:Creating environment descriptor '/home/r3k7/Nauka_ros/src/ros-exercises/install/navigation2_turtle/share/navigation2_turtle/hook/cmake_prefix_path.dsv'
[6.843s] INFO:colcon.colcon_core.shell:Creating environment hook '/home/r3k7/Nauka_ros/src/ros-exercises/install/navigation2_turtle/share/navigation2_turtle/hook/cmake_prefix_path.sh'
[6.846s] Level 1:colcon.colcon_core.environment:checking '/home/r3k7/Nauka_ros/src/ros-exercises/install/navigation2_turtle/bin'
[6.847s] Level 1:colcon.colcon_core.environment:checking '/home/r3k7/Nauka_ros/src/ros-exercises/install/navigation2_turtle/lib/pkgconfig/navigation2_turtle.pc'
[6.847s] Level 1:colcon.colcon_core.environment:checking '/home/r3k7/Nauka_ros/src/ros-exercises/install/navigation2_turtle/lib/python3.10/site-packages'
[6.847s] Level 1:colcon.colcon_core.environment:checking '/home/r3k7/Nauka_ros/src/ros-exercises/install/navigation2_turtle/bin'
[6.893s] INFO:colcon.colcon_core.shell:Creating package script '/home/r3k7/Nauka_ros/src/ros-exercises/install/navigation2_turtle/share/navigation2_turtle/package.ps1'
[6.894s] INFO:colcon.colcon_core.shell:Creating package descriptor '/home/r3k7/Nauka_ros/src/ros-exercises/install/navigation2_turtle/share/navigation2_turtle/package.dsv'
[6.895s] INFO:colcon.colcon_core.shell:Creating package script '/home/r3k7/Nauka_ros/src/ros-exercises/install/navigation2_turtle/share/navigation2_turtle/package.sh'
[6.895s] INFO:colcon.colcon_core.shell:Creating package script '/home/r3k7/Nauka_ros/src/ros-exercises/install/navigation2_turtle/share/navigation2_turtle/package.bash'
[6.896s] INFO:colcon.colcon_core.shell:Creating package script '/home/r3k7/Nauka_ros/src/ros-exercises/install/navigation2_turtle/share/navigation2_turtle/package.zsh'
[6.898s] Level 1:colcon.colcon_core.environment:create_file_with_runtime_dependencies(/home/r3k7/Nauka_ros/src/ros-exercises/install/navigation2_turtle/share/colcon-core/packages/navigation2_turtle)
[6.904s] DEBUG:colcon.colcon_core.event_handler.log_command:Invoking command in '/home/r3k7/Nauka_ros/src/ros-exercises/build/fibonacci_action': CMAKE_PREFIX_PATH=${CMAKE_PREFIX_PATH}:/home/r3k7/Nauka_ros/src/ros-exercises/install/navigation2_dist:/opt/ros/humble WSLENV=ELECTRON_RUN_AS_NODE/w:WT_SESSION:WT_PROFILE_ID: /usr/bin/cmake --install /home/r3k7/Nauka_ros/src/ros-exercises/build/fibonacci_action
[6.917s] DEBUG:colcon.colcon_core.event_handler.log_command:Invoking command in '/home/r3k7/Nauka_ros/src/ros-exercises/build/pub_sub': CMAKE_PREFIX_PATH=${CMAKE_PREFIX_PATH}:/home/r3k7/Nauka_ros/src/ros-exercises/install/navigation2_dist:/opt/ros/humble WSLENV=ELECTRON_RUN_AS_NODE/w:WT_SESSION:WT_PROFILE_ID: /usr/bin/cmake --install /home/r3k7/Nauka_ros/src/ros-exercises/build/pub_sub
[6.983s] Level 1:colcon.colcon_core.environment:create_environment_scripts_only(exercise)
[7.023s] Level 1:colcon.colcon_core.environment:checking '/home/r3k7/Nauka_ros/src/ros-exercises/install/exercise' for CMake module files
[7.024s] Level 1:colcon.colcon_core.environment:checking '/home/r3k7/Nauka_ros/src/ros-exercises/install/exercise' for CMake config files
[7.024s] Level 1:colcon.colcon_core.shell:create_environment_hook('exercise', 'cmake_prefix_path')
[7.075s] INFO:colcon.colcon_core.shell:Creating environment hook '/home/r3k7/Nauka_ros/src/ros-exercises/install/exercise/share/exercise/hook/cmake_prefix_path.ps1'
[7.078s] INFO:colcon.colcon_core.shell:Creating environment descriptor '/home/r3k7/Nauka_ros/src/ros-exercises/install/exercise/share/exercise/hook/cmake_prefix_path.dsv'
[7.079s] INFO:colcon.colcon_core.shell:Creating environment hook '/home/r3k7/Nauka_ros/src/ros-exercises/install/exercise/share/exercise/hook/cmake_prefix_path.sh'
[7.080s] Level 1:colcon.colcon_core.environment:checking '/home/r3k7/Nauka_ros/src/ros-exercises/install/exercise/bin'
[7.081s] Level 1:colcon.colcon_core.environment:checking '/home/r3k7/Nauka_ros/src/ros-exercises/install/exercise/lib/pkgconfig/exercise.pc'
[7.082s] Level 1:colcon.colcon_core.environment:checking '/home/r3k7/Nauka_ros/src/ros-exercises/install/exercise/lib/python3.10/site-packages'
[7.082s] Level 1:colcon.colcon_core.environment:checking '/home/r3k7/Nauka_ros/src/ros-exercises/install/exercise/bin'
[7.110s] INFO:colcon.colcon_core.shell:Creating package script '/home/r3k7/Nauka_ros/src/ros-exercises/install/exercise/share/exercise/package.ps1'
[7.111s] INFO:colcon.colcon_core.shell:Creating package descriptor '/home/r3k7/Nauka_ros/src/ros-exercises/install/exercise/share/exercise/package.dsv'
[7.112s] INFO:colcon.colcon_core.shell:Creating package script '/home/r3k7/Nauka_ros/src/ros-exercises/install/exercise/share/exercise/package.sh'
[7.113s] INFO:colcon.colcon_core.shell:Creating package script '/home/r3k7/Nauka_ros/src/ros-exercises/install/exercise/share/exercise/package.bash'
[7.114s] INFO:colcon.colcon_core.shell:Creating package script '/home/r3k7/Nauka_ros/src/ros-exercises/install/exercise/share/exercise/package.zsh'
[7.114s] Level 1:colcon.colcon_core.environment:create_file_with_runtime_dependencies(/home/r3k7/Nauka_ros/src/ros-exercises/install/exercise/share/colcon-core/packages/exercise)
[7.182s] DEBUG:colcon.colcon_core.event_handler.log_command:Invoking command in '/home/r3k7/Nauka_ros/src/ros-exercises/build/ex_solution': CMAKE_PREFIX_PATH=${CMAKE_PREFIX_PATH}:/home/r3k7/Nauka_ros/src/ros-exercises/install/navigation2_dist:/opt/ros/humble WSLENV=ELECTRON_RUN_AS_NODE/w:WT_SESSION:WT_PROFILE_ID: /usr/bin/cmake --install /home/r3k7/Nauka_ros/src/ros-exercises/build/ex_solution
[7.222s] Level 1:colcon.colcon_core.environment:create_environment_scripts_only(navigation2_turtle)
[7.291s] Level 1:colcon.colcon_core.environment:checking '/home/r3k7/Nauka_ros/src/ros-exercises/install/navigation2_turtle' for CMake module files
[7.292s] Level 1:colcon.colcon_core.environment:checking '/home/r3k7/Nauka_ros/src/ros-exercises/install/navigation2_turtle' for CMake config files
[7.292s] Level 1:colcon.colcon_core.shell:create_environment_hook('navigation2_turtle', 'cmake_prefix_path')
[7.323s] INFO:colcon.colcon_core.shell:Creating environment hook '/home/r3k7/Nauka_ros/src/ros-exercises/install/navigation2_turtle/share/navigation2_turtle/hook/cmake_prefix_path.ps1'
[7.324s] INFO:colcon.colcon_core.shell:Creating environment descriptor '/home/r3k7/Nauka_ros/src/ros-exercises/install/navigation2_turtle/share/navigation2_turtle/hook/cmake_prefix_path.dsv'
[7.325s] INFO:colcon.colcon_core.shell:Creating environment hook '/home/r3k7/Nauka_ros/src/ros-exercises/install/navigation2_turtle/share/navigation2_turtle/hook/cmake_prefix_path.sh'
[7.326s] Level 1:colcon.colcon_core.environment:checking '/home/r3k7/Nauka_ros/src/ros-exercises/install/navigation2_turtle/bin'
[7.326s] Level 1:colcon.colcon_core.environment:checking '/home/r3k7/Nauka_ros/src/ros-exercises/install/navigation2_turtle/lib/pkgconfig/navigation2_turtle.pc'
[7.326s] Level 1:colcon.colcon_core.environment:checking '/home/r3k7/Nauka_ros/src/ros-exercises/install/navigation2_turtle/lib/python3.10/site-packages'
[7.327s] Level 1:colcon.colcon_core.environment:checking '/home/r3k7/Nauka_ros/src/ros-exercises/install/navigation2_turtle/bin'
[7.360s] INFO:colcon.colcon_core.shell:Creating package script '/home/r3k7/Nauka_ros/src/ros-exercises/install/navigation2_turtle/share/navigation2_turtle/package.ps1'
[7.363s] INFO:colcon.colcon_core.shell:Creating package descriptor '/home/r3k7/Nauka_ros/src/ros-exercises/install/navigation2_turtle/share/navigation2_turtle/package.dsv'
[7.365s] INFO:colcon.colcon_core.shell:Creating package script '/home/r3k7/Nauka_ros/src/ros-exercises/install/navigation2_turtle/share/navigation2_turtle/package.sh'
[7.366s] INFO:colcon.colcon_core.shell:Creating package script '/home/r3k7/Nauka_ros/src/ros-exercises/install/navigation2_turtle/share/navigation2_turtle/package.bash'
[7.368s] INFO:colcon.colcon_core.shell:Creating package script '/home/r3k7/Nauka_ros/src/ros-exercises/install/navigation2_turtle/share/navigation2_turtle/package.zsh'
[7.369s] Level 1:colcon.colcon_core.environment:create_file_with_runtime_dependencies(/home/r3k7/Nauka_ros/src/ros-exercises/install/navigation2_turtle/share/colcon-core/packages/navigation2_turtle)
[7.371s] Level 1:colcon.colcon_core.environment:create_environment_scripts_only(pub_sub)
[7.372s] DEBUG:colcon.colcon_core.event_handler.log_command:Invoked command in '/home/r3k7/Nauka_ros/src/ros-exercises/build/pub_sub' returned '0': CMAKE_PREFIX_PATH=${CMAKE_PREFIX_PATH}:/home/r3k7/Nauka_ros/src/ros-exercises/install/navigation2_dist:/opt/ros/humble WSLENV=ELECTRON_RUN_AS_NODE/w:WT_SESSION:WT_PROFILE_ID: /usr/bin/cmake --install /home/r3k7/Nauka_ros/src/ros-exercises/build/pub_sub
[7.515s] Level 1:colcon.colcon_core.environment:checking '/home/r3k7/Nauka_ros/src/ros-exercises/install/pub_sub' for CMake module files
[7.516s] Level 1:colcon.colcon_core.environment:checking '/home/r3k7/Nauka_ros/src/ros-exercises/install/pub_sub' for CMake config files
[7.516s] Level 1:colcon.colcon_core.shell:create_environment_hook('pub_sub', 'cmake_prefix_path')
[7.586s] INFO:colcon.colcon_core.shell:Creating environment hook '/home/r3k7/Nauka_ros/src/ros-exercises/install/pub_sub/share/pub_sub/hook/cmake_prefix_path.ps1'
[7.587s] INFO:colcon.colcon_core.shell:Creating environment descriptor '/home/r3k7/Nauka_ros/src/ros-exercises/install/pub_sub/share/pub_sub/hook/cmake_prefix_path.dsv'
[7.588s] INFO:colcon.colcon_core.shell:Creating environment hook '/home/r3k7/Nauka_ros/src/ros-exercises/install/pub_sub/share/pub_sub/hook/cmake_prefix_path.sh'
[7.589s] Level 1:colcon.colcon_core.environment:checking '/home/r3k7/Nauka_ros/src/ros-exercises/install/pub_sub/lib'
[7.590s] Level 1:colcon.colcon_core.environment:checking '/home/r3k7/Nauka_ros/src/ros-exercises/install/pub_sub/bin'
[7.590s] Level 1:colcon.colcon_core.environment:checking '/home/r3k7/Nauka_ros/src/ros-exercises/install/pub_sub/lib/pkgconfig/pub_sub.pc'
[7.590s] Level 1:colcon.colcon_core.environment:checking '/home/r3k7/Nauka_ros/src/ros-exercises/install/pub_sub/lib/python3.10/site-packages'
[7.591s] Level 1:colcon.colcon_core.environment:checking '/home/r3k7/Nauka_ros/src/ros-exercises/install/pub_sub/bin'
[7.669s] INFO:colcon.colcon_core.shell:Creating package script '/home/r3k7/Nauka_ros/src/ros-exercises/install/pub_sub/share/pub_sub/package.ps1'
[7.670s] INFO:colcon.colcon_core.shell:Creating package descriptor '/home/r3k7/Nauka_ros/src/ros-exercises/install/pub_sub/share/pub_sub/package.dsv'
[7.671s] INFO:colcon.colcon_core.shell:Creating package script '/home/r3k7/Nauka_ros/src/ros-exercises/install/pub_sub/share/pub_sub/package.sh'
[7.672s] INFO:colcon.colcon_core.shell:Creating package script '/home/r3k7/Nauka_ros/src/ros-exercises/install/pub_sub/share/pub_sub/package.bash'
[7.673s] INFO:colcon.colcon_core.shell:Creating package script '/home/r3k7/Nauka_ros/src/ros-exercises/install/pub_sub/share/pub_sub/package.zsh'
[7.673s] Level 1:colcon.colcon_core.environment:create_file_with_runtime_dependencies(/home/r3k7/Nauka_ros/src/ros-exercises/install/pub_sub/share/colcon-core/packages/pub_sub)
[7.685s] Level 1:colcon.colcon_core.environment:create_environment_scripts_only(fibonacci_action)
[7.685s] DEBUG:colcon.colcon_core.event_handler.log_command:Invoked command in '/home/r3k7/Nauka_ros/src/ros-exercises/build/fibonacci_action' returned '0': CMAKE_PREFIX_PATH=${CMAKE_PREFIX_PATH}:/home/r3k7/Nauka_ros/src/ros-exercises/install/navigation2_dist:/opt/ros/humble WSLENV=ELECTRON_RUN_AS_NODE/w:WT_SESSION:WT_PROFILE_ID: /usr/bin/cmake --install /home/r3k7/Nauka_ros/src/ros-exercises/build/fibonacci_action
[7.724s] Level 1:colcon.colcon_core.environment:checking '/home/r3k7/Nauka_ros/src/ros-exercises/install/fibonacci_action' for CMake module files
[7.725s] Level 1:colcon.colcon_core.environment:checking '/home/r3k7/Nauka_ros/src/ros-exercises/install/fibonacci_action' for CMake config files
[7.726s] Level 1:colcon.colcon_core.shell:create_environment_hook('fibonacci_action', 'cmake_prefix_path')
[7.774s] INFO:colcon.colcon_core.shell:Creating environment hook '/home/r3k7/Nauka_ros/src/ros-exercises/install/fibonacci_action/share/fibonacci_action/hook/cmake_prefix_path.ps1'
[7.775s] INFO:colcon.colcon_core.shell:Creating environment descriptor '/home/r3k7/Nauka_ros/src/ros-exercises/install/fibonacci_action/share/fibonacci_action/hook/cmake_prefix_path.dsv'
[7.775s] INFO:colcon.colcon_core.shell:Creating environment hook '/home/r3k7/Nauka_ros/src/ros-exercises/install/fibonacci_action/share/fibonacci_action/hook/cmake_prefix_path.sh'
[7.776s] Level 1:colcon.colcon_core.environment:checking '/home/r3k7/Nauka_ros/src/ros-exercises/install/fibonacci_action/lib'
[7.777s] Level 1:colcon.colcon_core.shell:create_environment_hook('fibonacci_action', 'ld_library_path_lib')
[7.817s] INFO:colcon.colcon_core.shell:Creating environment hook '/home/r3k7/Nauka_ros/src/ros-exercises/install/fibonacci_action/share/fibonacci_action/hook/ld_library_path_lib.ps1'
[7.819s] INFO:colcon.colcon_core.shell:Creating environment descriptor '/home/r3k7/Nauka_ros/src/ros-exercises/install/fibonacci_action/share/fibonacci_action/hook/ld_library_path_lib.dsv'
[7.820s] INFO:colcon.colcon_core.shell:Creating environment hook '/home/r3k7/Nauka_ros/src/ros-exercises/install/fibonacci_action/share/fibonacci_action/hook/ld_library_path_lib.sh'
[7.822s] Level 1:colcon.colcon_core.environment:checking '/home/r3k7/Nauka_ros/src/ros-exercises/install/fibonacci_action/bin'
[7.823s] Level 1:colcon.colcon_core.environment:checking '/home/r3k7/Nauka_ros/src/ros-exercises/install/fibonacci_action/lib/pkgconfig/fibonacci_action.pc'
[7.824s] Level 1:colcon.colcon_core.environment:checking '/home/r3k7/Nauka_ros/src/ros-exercises/install/fibonacci_action/lib/python3.10/site-packages'
[7.825s] Level 1:colcon.colcon_core.environment:checking '/home/r3k7/Nauka_ros/src/ros-exercises/install/fibonacci_action/bin'
[7.863s] INFO:colcon.colcon_core.shell:Creating package script '/home/r3k7/Nauka_ros/src/ros-exercises/install/fibonacci_action/share/fibonacci_action/package.ps1'
[7.867s] INFO:colcon.colcon_core.shell:Creating package descriptor '/home/r3k7/Nauka_ros/src/ros-exercises/install/fibonacci_action/share/fibonacci_action/package.dsv'
[7.868s] INFO:colcon.colcon_core.shell:Creating package script '/home/r3k7/Nauka_ros/src/ros-exercises/install/fibonacci_action/share/fibonacci_action/package.sh'
[7.869s] INFO:colcon.colcon_core.shell:Creating package script '/home/r3k7/Nauka_ros/src/ros-exercises/install/fibonacci_action/share/fibonacci_action/package.bash'
[7.870s] INFO:colcon.colcon_core.shell:Creating package script '/home/r3k7/Nauka_ros/src/ros-exercises/install/fibonacci_action/share/fibonacci_action/package.zsh'
[7.871s] Level 1:colcon.colcon_core.environment:create_file_with_runtime_dependencies(/home/r3k7/Nauka_ros/src/ros-exercises/install/fibonacci_action/share/colcon-core/packages/fibonacci_action)
[7.888s] DEBUG:colcon.colcon_core.event_handler.log_command:Invoking command in '/home/r3k7/Nauka_ros/src/ros-exercises/navigation2_planners/navigation2_dist': PYTHONPATH=/home/r3k7/Nauka_ros/src/ros-exercises/build/navigation2_dist/prefix_override:/home/r3k7/Nauka_ros/src/ros-exercises/install/navigation2_dist/lib/python3.10/site-packages:${PYTHONPATH} WSLENV=ELECTRON_RUN_AS_NODE/w:WT_SESSION:WT_PROFILE_ID: /usr/bin/python3 setup.py egg_info --egg-base ../../build/navigation2_dist build --build-base /home/r3k7/Nauka_ros/src/ros-exercises/build/navigation2_dist/build install --record /home/r3k7/Nauka_ros/src/ros-exercises/build/navigation2_dist/install.log --single-version-externally-managed
[7.890s] Level 1:colcon.colcon_core.environment:create_environment_scripts_only(ex_solution)
[7.891s] DEBUG:colcon.colcon_core.event_handler.log_command:Invoked command in '/home/r3k7/Nauka_ros/src/ros-exercises/build/ex_solution' returned '0': CMAKE_PREFIX_PATH=${CMAKE_PREFIX_PATH}:/home/r3k7/Nauka_ros/src/ros-exercises/install/navigation2_dist:/opt/ros/humble WSLENV=ELECTRON_RUN_AS_NODE/w:WT_SESSION:WT_PROFILE_ID: /usr/bin/cmake --install /home/r3k7/Nauka_ros/src/ros-exercises/build/ex_solution
[7.944s] Level 1:colcon.colcon_core.environment:checking '/home/r3k7/Nauka_ros/src/ros-exercises/install/ex_solution' for CMake module files
[7.948s] Level 1:colcon.colcon_core.environment:checking '/home/r3k7/Nauka_ros/src/ros-exercises/install/ex_solution' for CMake config files
[7.949s] Level 1:colcon.colcon_core.shell:create_environment_hook('ex_solution', 'cmake_prefix_path')
[7.982s] INFO:colcon.colcon_core.shell:Creating environment hook '/home/r3k7/Nauka_ros/src/ros-exercises/install/ex_solution/share/ex_solution/hook/cmake_prefix_path.ps1'
[7.985s] INFO:colcon.colcon_core.shell:Creating environment descriptor '/home/r3k7/Nauka_ros/src/ros-exercises/install/ex_solution/share/ex_solution/hook/cmake_prefix_path.dsv'
[7.986s] INFO:colcon.colcon_core.shell:Creating environment hook '/home/r3k7/Nauka_ros/src/ros-exercises/install/ex_solution/share/ex_solution/hook/cmake_prefix_path.sh'
[7.988s] Level 1:colcon.colcon_core.environment:checking '/home/r3k7/Nauka_ros/src/ros-exercises/install/ex_solution/lib'
[7.988s] Level 1:colcon.colcon_core.shell:create_environment_hook('ex_solution', 'ld_library_path_lib')
[8.029s] INFO:colcon.colcon_core.shell:Creating environment hook '/home/r3k7/Nauka_ros/src/ros-exercises/install/ex_solution/share/ex_solution/hook/ld_library_path_lib.ps1'
[8.032s] INFO:colcon.colcon_core.shell:Creating environment descriptor '/home/r3k7/Nauka_ros/src/ros-exercises/install/ex_solution/share/ex_solution/hook/ld_library_path_lib.dsv'
[8.033s] INFO:colcon.colcon_core.shell:Creating environment hook '/home/r3k7/Nauka_ros/src/ros-exercises/install/ex_solution/share/ex_solution/hook/ld_library_path_lib.sh'
[8.035s] Level 1:colcon.colcon_core.environment:checking '/home/r3k7/Nauka_ros/src/ros-exercises/install/ex_solution/bin'
[8.035s] Level 1:colcon.colcon_core.environment:checking '/home/r3k7/Nauka_ros/src/ros-exercises/install/ex_solution/lib/pkgconfig/ex_solution.pc'
[8.036s] Level 1:colcon.colcon_core.environment:checking '/home/r3k7/Nauka_ros/src/ros-exercises/install/ex_solution/lib/python3.10/site-packages'
[8.037s] Level 1:colcon.colcon_core.environment:checking '/home/r3k7/Nauka_ros/src/ros-exercises/install/ex_solution/bin'
[8.092s] INFO:colcon.colcon_core.shell:Creating package script '/home/r3k7/Nauka_ros/src/ros-exercises/install/ex_solution/share/ex_solution/package.ps1'
[8.095s] INFO:colcon.colcon_core.shell:Creating package descriptor '/home/r3k7/Nauka_ros/src/ros-exercises/install/ex_solution/share/ex_solution/package.dsv'
[8.100s] INFO:colcon.colcon_core.shell:Creating package script '/home/r3k7/Nauka_ros/src/ros-exercises/install/ex_solution/share/ex_solution/package.sh'
[8.104s] INFO:colcon.colcon_core.shell:Creating package script '/home/r3k7/Nauka_ros/src/ros-exercises/install/ex_solution/share/ex_solution/package.bash'
[8.105s] INFO:colcon.colcon_core.shell:Creating package script '/home/r3k7/Nauka_ros/src/ros-exercises/install/ex_solution/share/ex_solution/package.zsh'
[8.106s] Level 1:colcon.colcon_core.environment:create_file_with_runtime_dependencies(/home/r3k7/Nauka_ros/src/ros-exercises/install/ex_solution/share/colcon-core/packages/ex_solution)
[8.159s] Level 1:colcon.colcon_core.environment:create_environment_scripts_only(pub_sub)
[8.191s] Level 1:colcon.colcon_core.environment:checking '/home/r3k7/Nauka_ros/src/ros-exercises/install/pub_sub' for CMake module files
[8.192s] Level 1:colcon.colcon_core.environment:checking '/home/r3k7/Nauka_ros/src/ros-exercises/install/pub_sub' for CMake config files
[8.193s] Level 1:colcon.colcon_core.shell:create_environment_hook('pub_sub', 'cmake_prefix_path')
[8.235s] INFO:colcon.colcon_core.shell:Creating environment hook '/home/r3k7/Nauka_ros/src/ros-exercises/install/pub_sub/share/pub_sub/hook/cmake_prefix_path.ps1'
[8.237s] INFO:colcon.colcon_core.shell:Creating environment descriptor '/home/r3k7/Nauka_ros/src/ros-exercises/install/pub_sub/share/pub_sub/hook/cmake_prefix_path.dsv'
[8.238s] INFO:colcon.colcon_core.shell:Creating environment hook '/home/r3k7/Nauka_ros/src/ros-exercises/install/pub_sub/share/pub_sub/hook/cmake_prefix_path.sh'
[8.239s] Level 1:colcon.colcon_core.environment:checking '/home/r3k7/Nauka_ros/src/ros-exercises/install/pub_sub/lib'
[8.239s] Level 1:colcon.colcon_core.environment:checking '/home/r3k7/Nauka_ros/src/ros-exercises/install/pub_sub/bin'
[8.239s] Level 1:colcon.colcon_core.environment:checking '/home/r3k7/Nauka_ros/src/ros-exercises/install/pub_sub/lib/pkgconfig/pub_sub.pc'
[8.239s] Level 1:colcon.colcon_core.environment:checking '/home/r3k7/Nauka_ros/src/ros-exercises/install/pub_sub/lib/python3.10/site-packages'
[8.240s] Level 1:colcon.colcon_core.environment:checking '/home/r3k7/Nauka_ros/src/ros-exercises/install/pub_sub/bin'
[8.277s] INFO:colcon.colcon_core.shell:Creating package script '/home/r3k7/Nauka_ros/src/ros-exercises/install/pub_sub/share/pub_sub/package.ps1'
[8.281s] INFO:colcon.colcon_core.shell:Creating package descriptor '/home/r3k7/Nauka_ros/src/ros-exercises/install/pub_sub/share/pub_sub/package.dsv'
[8.284s] INFO:colcon.colcon_core.shell:Creating package script '/home/r3k7/Nauka_ros/src/ros-exercises/install/pub_sub/share/pub_sub/package.sh'
[8.285s] INFO:colcon.colcon_core.shell:Creating package script '/home/r3k7/Nauka_ros/src/ros-exercises/install/pub_sub/share/pub_sub/package.bash'
[8.286s] INFO:colcon.colcon_core.shell:Creating package script '/home/r3k7/Nauka_ros/src/ros-exercises/install/pub_sub/share/pub_sub/package.zsh'
[8.288s] Level 1:colcon.colcon_core.environment:create_file_with_runtime_dependencies(/home/r3k7/Nauka_ros/src/ros-exercises/install/pub_sub/share/colcon-core/packages/pub_sub)
[8.339s] Level 1:colcon.colcon_core.environment:create_environment_scripts_only(fibonacci_action)
[8.381s] Level 1:colcon.colcon_core.environment:checking '/home/r3k7/Nauka_ros/src/ros-exercises/install/fibonacci_action' for CMake module files
[8.382s] Level 1:colcon.colcon_core.environment:checking '/home/r3k7/Nauka_ros/src/ros-exercises/install/fibonacci_action' for CMake config files
[8.383s] Level 1:colcon.colcon_core.shell:create_environment_hook('fibonacci_action', 'cmake_prefix_path')
[8.436s] INFO:colcon.colcon_core.shell:Creating environment hook '/home/r3k7/Nauka_ros/src/ros-exercises/install/fibonacci_action/share/fibonacci_action/hook/cmake_prefix_path.ps1'
[8.437s] INFO:colcon.colcon_core.shell:Creating environment descriptor '/home/r3k7/Nauka_ros/src/ros-exercises/install/fibonacci_action/share/fibonacci_action/hook/cmake_prefix_path.dsv'
[8.437s] INFO:colcon.colcon_core.shell:Creating environment hook '/home/r3k7/Nauka_ros/src/ros-exercises/install/fibonacci_action/share/fibonacci_action/hook/cmake_prefix_path.sh'
[8.440s] Level 1:colcon.colcon_core.environment:checking '/home/r3k7/Nauka_ros/src/ros-exercises/install/fibonacci_action/lib'
[8.440s] Level 1:colcon.colcon_core.shell:create_environment_hook('fibonacci_action', 'ld_library_path_lib')
[8.473s] INFO:colcon.colcon_core.shell:Creating environment hook '/home/r3k7/Nauka_ros/src/ros-exercises/install/fibonacci_action/share/fibonacci_action/hook/ld_library_path_lib.ps1'
[8.476s] INFO:colcon.colcon_core.shell:Creating environment descriptor '/home/r3k7/Nauka_ros/src/ros-exercises/install/fibonacci_action/share/fibonacci_action/hook/ld_library_path_lib.dsv'
[8.476s] INFO:colcon.colcon_core.shell:Creating environment hook '/home/r3k7/Nauka_ros/src/ros-exercises/install/fibonacci_action/share/fibonacci_action/hook/ld_library_path_lib.sh'
[8.477s] Level 1:colcon.colcon_core.environment:checking '/home/r3k7/Nauka_ros/src/ros-exercises/install/fibonacci_action/bin'
[8.477s] Level 1:colcon.colcon_core.environment:checking '/home/r3k7/Nauka_ros/src/ros-exercises/install/fibonacci_action/lib/pkgconfig/fibonacci_action.pc'
[8.478s] Level 1:colcon.colcon_core.environment:checking '/home/r3k7/Nauka_ros/src/ros-exercises/install/fibonacci_action/lib/python3.10/site-packages'
[8.478s] Level 1:colcon.colcon_core.environment:checking '/home/r3k7/Nauka_ros/src/ros-exercises/install/fibonacci_action/bin'
[8.548s] INFO:colcon.colcon_core.shell:Creating package script '/home/r3k7/Nauka_ros/src/ros-exercises/install/fibonacci_action/share/fibonacci_action/package.ps1'
[8.550s] INFO:colcon.colcon_core.shell:Creating package descriptor '/home/r3k7/Nauka_ros/src/ros-exercises/install/fibonacci_action/share/fibonacci_action/package.dsv'
[8.552s] INFO:colcon.colcon_core.shell:Creating package script '/home/r3k7/Nauka_ros/src/ros-exercises/install/fibonacci_action/share/fibonacci_action/package.sh'
[8.553s] INFO:colcon.colcon_core.shell:Creating package script '/home/r3k7/Nauka_ros/src/ros-exercises/install/fibonacci_action/share/fibonacci_action/package.bash'
[8.556s] INFO:colcon.colcon_core.shell:Creating package script '/home/r3k7/Nauka_ros/src/ros-exercises/install/fibonacci_action/share/fibonacci_action/package.zsh'
[8.557s] Level 1:colcon.colcon_core.environment:create_file_with_runtime_dependencies(/home/r3k7/Nauka_ros/src/ros-exercises/install/fibonacci_action/share/colcon-core/packages/fibonacci_action)
[8.611s] Level 1:colcon.colcon_core.environment:create_environment_scripts_only(ex_solution)
[8.670s] Level 1:colcon.colcon_core.environment:checking '/home/r3k7/Nauka_ros/src/ros-exercises/install/ex_solution' for CMake module files
[8.671s] Level 1:colcon.colcon_core.environment:checking '/home/r3k7/Nauka_ros/src/ros-exercises/install/ex_solution' for CMake config files
[8.672s] Level 1:colcon.colcon_core.shell:create_environment_hook('ex_solution', 'cmake_prefix_path')
[8.768s] INFO:colcon.colcon_core.shell:Creating environment hook '/home/r3k7/Nauka_ros/src/ros-exercises/install/ex_solution/share/ex_solution/hook/cmake_prefix_path.ps1'
[8.769s] INFO:colcon.colcon_core.shell:Creating environment descriptor '/home/r3k7/Nauka_ros/src/ros-exercises/install/ex_solution/share/ex_solution/hook/cmake_prefix_path.dsv'
[8.786s] INFO:colcon.colcon_core.shell:Creating environment hook '/home/r3k7/Nauka_ros/src/ros-exercises/install/ex_solution/share/ex_solution/hook/cmake_prefix_path.sh'
[8.790s] Level 1:colcon.colcon_core.environment:checking '/home/r3k7/Nauka_ros/src/ros-exercises/install/ex_solution/lib'
[8.790s] Level 1:colcon.colcon_core.shell:create_environment_hook('ex_solution', 'ld_library_path_lib')
[8.830s] INFO:colcon.colcon_core.shell:Creating environment hook '/home/r3k7/Nauka_ros/src/ros-exercises/install/ex_solution/share/ex_solution/hook/ld_library_path_lib.ps1'
[8.831s] INFO:colcon.colcon_core.shell:Creating environment descriptor '/home/r3k7/Nauka_ros/src/ros-exercises/install/ex_solution/share/ex_solution/hook/ld_library_path_lib.dsv'
[8.832s] INFO:colcon.colcon_core.shell:Creating environment hook '/home/r3k7/Nauka_ros/src/ros-exercises/install/ex_solution/share/ex_solution/hook/ld_library_path_lib.sh'
[8.832s] Level 1:colcon.colcon_core.environment:checking '/home/r3k7/Nauka_ros/src/ros-exercises/install/ex_solution/bin'
[8.832s] Level 1:colcon.colcon_core.environment:checking '/home/r3k7/Nauka_ros/src/ros-exercises/install/ex_solution/lib/pkgconfig/ex_solution.pc'
[8.833s] Level 1:colcon.colcon_core.environment:checking '/home/r3k7/Nauka_ros/src/ros-exercises/install/ex_solution/lib/python3.10/site-packages'
[8.833s] Level 1:colcon.colcon_core.environment:checking '/home/r3k7/Nauka_ros/src/ros-exercises/install/ex_solution/bin'
[8.870s] INFO:colcon.colcon_core.shell:Creating package script '/home/r3k7/Nauka_ros/src/ros-exercises/install/ex_solution/share/ex_solution/package.ps1'
[8.872s] INFO:colcon.colcon_core.shell:Creating package descriptor '/home/r3k7/Nauka_ros/src/ros-exercises/install/ex_solution/share/ex_solution/package.dsv'
[8.881s] INFO:colcon.colcon_core.shell:Creating package script '/home/r3k7/Nauka_ros/src/ros-exercises/install/ex_solution/share/ex_solution/package.sh'
[8.883s] INFO:colcon.colcon_core.shell:Creating package script '/home/r3k7/Nauka_ros/src/ros-exercises/install/ex_solution/share/ex_solution/package.bash'
[8.884s] INFO:colcon.colcon_core.shell:Creating package script '/home/r3k7/Nauka_ros/src/ros-exercises/install/ex_solution/share/ex_solution/package.zsh'
[8.885s] Level 1:colcon.colcon_core.environment:create_file_with_runtime_dependencies(/home/r3k7/Nauka_ros/src/ros-exercises/install/ex_solution/share/colcon-core/packages/ex_solution)
[9.456s] DEBUG:colcon.colcon_core.event_handler.log_command:Invoked command in '/home/r3k7/Nauka_ros/src/ros-exercises/navigation2_planners/navigation2_dist' returned '0': PYTHONPATH=/home/r3k7/Nauka_ros/src/ros-exercises/build/navigation2_dist/prefix_override:/home/r3k7/Nauka_ros/src/ros-exercises/install/navigation2_dist/lib/python3.10/site-packages:${PYTHONPATH} WSLENV=ELECTRON_RUN_AS_NODE/w:WT_SESSION:WT_PROFILE_ID: /usr/bin/python3 setup.py egg_info --egg-base ../../build/navigation2_dist build --build-base /home/r3k7/Nauka_ros/src/ros-exercises/build/navigation2_dist/build install --record /home/r3k7/Nauka_ros/src/ros-exercises/build/navigation2_dist/install.log --single-version-externally-managed
[9.528s] Level 1:colcon.colcon_core.environment:checking '/home/r3k7/Nauka_ros/src/ros-exercises/install/navigation2_dist' for CMake module files
[9.529s] Level 1:colcon.colcon_core.environment:checking '/home/r3k7/Nauka_ros/src/ros-exercises/install/navigation2_dist' for CMake config files
[9.529s] Level 1:colcon.colcon_core.environment:checking '/home/r3k7/Nauka_ros/src/ros-exercises/install/navigation2_dist/lib'
[9.530s] Level 1:colcon.colcon_core.environment:checking '/home/r3k7/Nauka_ros/src/ros-exercises/install/navigation2_dist/bin'
[9.530s] Level 1:colcon.colcon_core.environment:checking '/home/r3k7/Nauka_ros/src/ros-exercises/install/navigation2_dist/lib/pkgconfig/navigation2_dist.pc'
[9.531s] Level 1:colcon.colcon_core.environment:checking '/home/r3k7/Nauka_ros/src/ros-exercises/install/navigation2_dist/lib/python3.10/site-packages'
[9.531s] Level 1:colcon.colcon_core.shell:create_environment_hook('navigation2_dist', 'pythonpath')
[9.604s] INFO:colcon.colcon_core.shell:Creating environment hook '/home/r3k7/Nauka_ros/src/ros-exercises/install/navigation2_dist/share/navigation2_dist/hook/pythonpath.ps1'
[9.605s] INFO:colcon.colcon_core.shell:Creating environment descriptor '/home/r3k7/Nauka_ros/src/ros-exercises/install/navigation2_dist/share/navigation2_dist/hook/pythonpath.dsv'
[9.607s] INFO:colcon.colcon_core.shell:Creating environment hook '/home/r3k7/Nauka_ros/src/ros-exercises/install/navigation2_dist/share/navigation2_dist/hook/pythonpath.sh'
[9.610s] Level 1:colcon.colcon_core.environment:checking '/home/r3k7/Nauka_ros/src/ros-exercises/install/navigation2_dist/bin'
[9.611s] Level 1:colcon.colcon_core.environment:create_environment_scripts_only(navigation2_dist)
[9.660s] INFO:colcon.colcon_core.shell:Creating package script '/home/r3k7/Nauka_ros/src/ros-exercises/install/navigation2_dist/share/navigation2_dist/package.ps1'
[9.661s] INFO:colcon.colcon_core.shell:Creating package descriptor '/home/r3k7/Nauka_ros/src/ros-exercises/install/navigation2_dist/share/navigation2_dist/package.dsv'
[9.662s] INFO:colcon.colcon_core.shell:Creating package script '/home/r3k7/Nauka_ros/src/ros-exercises/install/navigation2_dist/share/navigation2_dist/package.sh'
[9.663s] INFO:colcon.colcon_core.shell:Creating package script '/home/r3k7/Nauka_ros/src/ros-exercises/install/navigation2_dist/share/navigation2_dist/package.bash'
[9.664s] INFO:colcon.colcon_core.shell:Creating package script '/home/r3k7/Nauka_ros/src/ros-exercises/install/navigation2_dist/share/navigation2_dist/package.zsh'
[9.664s] Level 1:colcon.colcon_core.environment:create_file_with_runtime_dependencies(/home/r3k7/Nauka_ros/src/ros-exercises/install/navigation2_dist/share/colcon-core/packages/navigation2_dist)
[9.672s] DEBUG:colcon.colcon_parallel_executor.executor.parallel:closing loop
[9.673s] DEBUG:colcon.colcon_parallel_executor.executor.parallel:loop closed
[9.673s] DEBUG:colcon.colcon_parallel_executor.executor.parallel:run_until_complete finished with '0'
[9.674s] DEBUG:colcon.colcon_core.event_reactor:joining thread
[10.119s] INFO:colcon.colcon_core.plugin_system:Skipping extension 'colcon_notification.desktop_notification.notify_send': Could not find 'notify-send'
[10.119s] INFO:colcon.colcon_core.plugin_system:Skipping extension 'colcon_notification.desktop_notification.terminal_notifier': Not used on non-Darwin systems
[10.119s] INFO:colcon.colcon_core.plugin_system:Skipping extension 'colcon_notification.desktop_notification.win32': Not used on non-Windows systems
[10.119s] INFO:colcon.colcon_notification.desktop_notification:Sending desktop notification using 'notify2'
[10.120s] DEBUG:colcon.colcon_notification.desktop_notification.notify2:Failed to initialize notify2: org.freedesktop.DBus.Error.FileNotFound: Failed to connect to socket /run/user/1000/bus: No such file or directory
[10.120s] DEBUG:colcon.colcon_core.event_reactor:joined thread
[10.177s] INFO:colcon.colcon_core.shell:Creating prefix script '/home/r3k7/Nauka_ros/src/ros-exercises/install/local_setup.ps1'
[10.179s] INFO:colcon.colcon_core.shell:Creating prefix util module '/home/r3k7/Nauka_ros/src/ros-exercises/install/_local_setup_util_ps1.py'
[10.190s] INFO:colcon.colcon_core.shell:Creating prefix chain script '/home/r3k7/Nauka_ros/src/ros-exercises/install/setup.ps1'
[10.245s] INFO:colcon.colcon_core.shell:Creating prefix script '/home/r3k7/Nauka_ros/src/ros-exercises/install/local_setup.sh'
[10.246s] INFO:colcon.colcon_core.shell:Creating prefix util module '/home/r3k7/Nauka_ros/src/ros-exercises/install/_local_setup_util_sh.py'
[10.247s] INFO:colcon.colcon_core.shell:Creating prefix chain script '/home/r3k7/Nauka_ros/src/ros-exercises/install/setup.sh'
[10.288s] INFO:colcon.colcon_core.shell:Creating prefix script '/home/r3k7/Nauka_ros/src/ros-exercises/install/local_setup.bash'
[10.297s] INFO:colcon.colcon_core.shell:Creating prefix chain script '/home/r3k7/Nauka_ros/src/ros-exercises/install/setup.bash'
[10.335s] INFO:colcon.colcon_core.shell:Creating prefix script '/home/r3k7/Nauka_ros/src/ros-exercises/install/local_setup.zsh'
[10.336s] INFO:colcon.colcon_core.shell:Creating prefix chain script '/home/r3k7/Nauka_ros/src/ros-exercises/install/setup.zsh'
