[0.618s] Invoking command in '/home/mrush/exercise/src/ros-exercises/build/navigation2_turtle': CMAKE_PREFIX_PATH=${CMAKE_PREFIX_PATH}:/home/mrush/exercise/src/ros-exercises/install/navigation2_dist:/opt/ros/humble WSLENV=ELECTRON_RUN_AS_NODE/w: /usr/bin/cmake --build /home/mrush/exercise/src/ros-exercises/build/navigation2_turtle -- -j8 -l8
[0.674s] Invoked command in '/home/mrush/exercise/src/ros-exercises/build/navigation2_turtle' returned '0': CMAKE_PREFIX_PATH=${CMAKE_PREFIX_PATH}:/home/mrush/exercise/src/ros-exercises/install/navigation2_dist:/opt/ros/humble WSLENV=ELECTRON_RUN_AS_NODE/w: /usr/bin/cmake --build /home/mrush/exercise/src/ros-exercises/build/navigation2_turtle -- -j8 -l8
[0.699s] Invoking command in '/home/mrush/exercise/src/ros-exercises/build/navigation2_turtle': CMAKE_PREFIX_PATH=${CMAKE_PREFIX_PATH}:/home/mrush/exercise/src/ros-exercises/install/navigation2_dist:/opt/ros/humble WSLENV=ELECTRON_RUN_AS_NODE/w: /usr/bin/cmake --install /home/mrush/exercise/src/ros-exercises/build/navigation2_turtle
[0.724s] -- Install configuration: ""
[0.725s] -- Up-to-date: /home/mrush/exercise/src/ros-exercises/install/navigation2_turtle/share/navigation2_turtle/launch
[0.725s] -- Up-to-date: /home/mrush/exercise/src/ros-exercises/install/navigation2_turtle/share/navigation2_turtle/launch/navigation2_smac2d.launch.py
[0.725s] -- Up-to-date: /home/mrush/exercise/src/ros-exercises/install/navigation2_turtle/share/navigation2_turtle/launch/navigation2_navfn.launch.py
[0.725s] -- Up-to-date: /home/mrush/exercise/src/ros-exercises/install/navigation2_turtle/share/navigation2_turtle/launch/navigation2_theta_star.launch.py
[0.725s] -- Up-to-date: /home/mrush/exercise/src/ros-exercises/install/navigation2_turtle/share/navigation2_turtle/map
[0.726s] -- Up-to-date: /home/mrush/exercise/src/ros-exercises/install/navigation2_turtle/share/navigation2_turtle/map/turtlebot3_world.pgm
[0.726s] -- Up-to-date: /home/mrush/exercise/src/ros-exercises/install/navigation2_turtle/share/navigation2_turtle/map/turtlebot3_world.yaml
[0.726s] -- Up-to-date: /home/mrush/exercise/src/ros-exercises/install/navigation2_turtle/share/navigation2_turtle/map/house_map.yaml
[0.726s] -- Up-to-date: /home/mrush/exercise/src/ros-exercises/install/navigation2_turtle/share/navigation2_turtle/map/house_map.pgm
[0.726s] -- Up-to-date: /home/mrush/exercise/src/ros-exercises/install/navigation2_turtle/share/navigation2_turtle/param
[0.727s] -- Up-to-date: /home/mrush/exercise/src/ros-exercises/install/navigation2_turtle/share/navigation2_turtle/param/waffle_smac2d.yaml
[0.727s] -- Up-to-date: /home/mrush/exercise/src/ros-exercises/install/navigation2_turtle/share/navigation2_turtle/param/waffle_navfn.yaml
[0.727s] -- Up-to-date: /home/mrush/exercise/src/ros-exercises/install/navigation2_turtle/share/navigation2_turtle/param/waffle_theta_star.yaml
[0.727s] -- Up-to-date: /home/mrush/exercise/src/ros-exercises/install/navigation2_turtle/share/navigation2_turtle/rviz
[0.727s] -- Up-to-date: /home/mrush/exercise/src/ros-exercises/install/navigation2_turtle/share/navigation2_turtle/rviz/tb3_navigation2.rviz
[0.727s] -- Up-to-date: /home/mrush/exercise/src/ros-exercises/install/navigation2_turtle/share/ament_index/resource_index/package_run_dependencies/navigation2_turtle
[0.727s] -- Up-to-date: /home/mrush/exercise/src/ros-exercises/install/navigation2_turtle/share/ament_index/resource_index/parent_prefix_path/navigation2_turtle
[0.727s] -- Up-to-date: /home/mrush/exercise/src/ros-exercises/install/navigation2_turtle/share/navigation2_turtle/environment/ament_prefix_path.sh
[0.727s] -- Up-to-date: /home/mrush/exercise/src/ros-exercises/install/navigation2_turtle/share/navigation2_turtle/environment/ament_prefix_path.dsv
[0.728s] -- Up-to-date: /home/mrush/exercise/src/ros-exercises/install/navigation2_turtle/share/navigation2_turtle/environment/path.sh
[0.728s] -- Up-to-date: /home/mrush/exercise/src/ros-exercises/install/navigation2_turtle/share/navigation2_turtle/environment/path.dsv
[0.728s] -- Up-to-date: /home/mrush/exercise/src/ros-exercises/install/navigation2_turtle/share/navigation2_turtle/local_setup.bash
[0.728s] -- Up-to-date: /home/mrush/exercise/src/ros-exercises/install/navigation2_turtle/share/navigation2_turtle/local_setup.sh
[0.728s] -- Up-to-date: /home/mrush/exercise/src/ros-exercises/install/navigation2_turtle/share/navigation2_turtle/local_setup.zsh
[0.728s] -- Up-to-date: /home/mrush/exercise/src/ros-exercises/install/navigation2_turtle/share/navigation2_turtle/local_setup.dsv
[0.728s] -- Installing: /home/mrush/exercise/src/ros-exercises/install/navigation2_turtle/share/navigation2_turtle/package.dsv
[0.728s] -- Up-to-date: /home/mrush/exercise/src/ros-exercises/install/navigation2_turtle/share/ament_index/resource_index/packages/navigation2_turtle
[0.728s] -- Up-to-date: /home/mrush/exercise/src/ros-exercises/install/navigation2_turtle/share/navigation2_turtle/cmake/navigation2_turtleConfig.cmake
[0.728s] -- Up-to-date: /home/mrush/exercise/src/ros-exercises/install/navigation2_turtle/share/navigation2_turtle/cmake/navigation2_turtleConfig-version.cmake
[0.728s] -- Up-to-date: /home/mrush/exercise/src/ros-exercises/install/navigation2_turtle/share/navigation2_turtle/package.xml
[0.795s] Invoked command in '/home/mrush/exercise/src/ros-exercises/build/navigation2_turtle' returned '0': CMAKE_PREFIX_PATH=${CMAKE_PREFIX_PATH}:/home/mrush/exercise/src/ros-exercises/install/navigation2_dist:/opt/ros/humble WSLENV=ELECTRON_RUN_AS_NODE/w: /usr/bin/cmake --install /home/mrush/exercise/src/ros-exercises/build/navigation2_turtle
