[0.466s] Invoking command in '/home/r3k7/Nauka_ros/src/ros-exercises/build/ex_solution': CMAKE_PREFIX_PATH=${CMAKE_PREFIX_PATH}:/home/r3k7/Nauka_ros/src/ros-exercises/install/navigation2_dist:/opt/ros/humble WSLENV=ELECTRON_RUN_AS_NODE/w:WT_SESSION:WT_PROFILE_ID: /usr/bin/cmake --build /home/r3k7/Nauka_ros/src/ros-exercises/build/ex_solution -- -j8 -l8
[0.980s] [  3%] Built target ex_solution__cpp
[0.980s] [ 12%] Built target ex_solution__rosidl_generator_c
[0.980s] [ 12%] Built target ament_cmake_python_copy_ex_solution
[0.980s] [ 22%] Built target ex_solution__rosidl_typesupport_fastrtps_c
[0.980s] [ 32%] Built target ex_solution__rosidl_typesupport_c
[0.981s] [ 41%] Built target ex_solution__rosidl_typesupport_introspection_c
[0.981s] [ 51%] Built target ex_solution__rosidl_typesupport_introspection_cpp
[0.981s] [ 61%] Built target ex_solution__rosidl_typesupport_cpp
[0.981s] [ 70%] Built target ex_solution__rosidl_typesupport_fastrtps_cpp
[0.981s] [ 70%] Built target ex_solution
[0.981s] [ 74%] Built target ex_solution__py
[0.981s] [ 80%] Built target ex_solution__rosidl_generator_py
[0.981s] [ 87%] Built target ex_solution__rosidl_typesupport_introspection_c__pyext
[0.981s] [ 93%] Built target ex_solution__rosidl_typesupport_c__pyext
[0.982s] [100%] Built target ex_solution__rosidl_typesupport_fastrtps_c__pyext
[0.982s] running egg_info
[0.982s] writing ex_solution.egg-info/PKG-INFO
[0.982s] writing dependency_links to ex_solution.egg-info/dependency_links.txt
[0.982s] writing top-level names to ex_solution.egg-info/top_level.txt
[1.031s] reading manifest file 'ex_solution.egg-info/SOURCES.txt'
[1.036s] writing manifest file 'ex_solution.egg-info/SOURCES.txt'
[1.107s] [100%] Built target ament_cmake_python_build_ex_solution_egg
[1.173s] Invoked command in '/home/r3k7/Nauka_ros/src/ros-exercises/build/ex_solution' returned '0': CMAKE_PREFIX_PATH=${CMAKE_PREFIX_PATH}:/home/r3k7/Nauka_ros/src/ros-exercises/install/navigation2_dist:/opt/ros/humble WSLENV=ELECTRON_RUN_AS_NODE/w:WT_SESSION:WT_PROFILE_ID: /usr/bin/cmake --build /home/r3k7/Nauka_ros/src/ros-exercises/build/ex_solution -- -j8 -l8
[1.413s] Invoking command in '/home/r3k7/Nauka_ros/src/ros-exercises/build/ex_solution': CMAKE_PREFIX_PATH=${CMAKE_PREFIX_PATH}:/home/r3k7/Nauka_ros/src/ros-exercises/install/navigation2_dist:/opt/ros/humble WSLENV=ELECTRON_RUN_AS_NODE/w:WT_SESSION:WT_PROFILE_ID: /usr/bin/cmake --install /home/r3k7/Nauka_ros/src/ros-exercises/build/ex_solution
[1.462s] -- Install configuration: ""
[1.462s] -- Up-to-date: /home/r3k7/Nauka_ros/src/ros-exercises/install/ex_solution/share/ament_index/resource_index/rosidl_interfaces/ex_solution
[1.462s] -- Up-to-date: /home/r3k7/Nauka_ros/src/ros-exercises/install/ex_solution/include/ex_solution/ex_solution
[1.462s] -- Up-to-date: /home/r3k7/Nauka_ros/src/ros-exercises/install/ex_solution/include/ex_solution/ex_solution/action
[1.462s] -- Up-to-date: /home/r3k7/Nauka_ros/src/ros-exercises/install/ex_solution/include/ex_solution/ex_solution/action/detail
[1.462s] -- Up-to-date: /home/r3k7/Nauka_ros/src/ros-exercises/install/ex_solution/include/ex_solution/ex_solution/action/detail/exercise_action__functions.c
[1.462s] -- Up-to-date: /home/r3k7/Nauka_ros/src/ros-exercises/install/ex_solution/include/ex_solution/ex_solution/action/detail/exercise_action__functions.h
[1.463s] -- Up-to-date: /home/r3k7/Nauka_ros/src/ros-exercises/install/ex_solution/include/ex_solution/ex_solution/action/detail/exercise_action__struct.h
[1.463s] -- Up-to-date: /home/r3k7/Nauka_ros/src/ros-exercises/install/ex_solution/include/ex_solution/ex_solution/action/detail/exercise_action__type_support.h
[1.463s] -- Up-to-date: /home/r3k7/Nauka_ros/src/ros-exercises/install/ex_solution/include/ex_solution/ex_solution/action/exercise_action.h
[1.463s] -- Up-to-date: /home/r3k7/Nauka_ros/src/ros-exercises/install/ex_solution/include/ex_solution/ex_solution/msg
[1.463s] -- Up-to-date: /home/r3k7/Nauka_ros/src/ros-exercises/install/ex_solution/include/ex_solution/ex_solution/msg/rosidl_generator_c__visibility_control.h
[1.464s] -- Up-to-date: /home/r3k7/Nauka_ros/src/ros-exercises/install/ex_solution/share/ex_solution/environment/library_path.sh
[1.474s] -- Up-to-date: /home/r3k7/Nauka_ros/src/ros-exercises/install/ex_solution/share/ex_solution/environment/library_path.dsv
[1.475s] -- Up-to-date: /home/r3k7/Nauka_ros/src/ros-exercises/install/ex_solution/lib/libex_solution__rosidl_generator_c.so
[1.476s] -- Up-to-date: /home/r3k7/Nauka_ros/src/ros-exercises/install/ex_solution/include/ex_solution/ex_solution
[1.476s] -- Up-to-date: /home/r3k7/Nauka_ros/src/ros-exercises/install/ex_solution/include/ex_solution/ex_solution/action
[1.477s] -- Up-to-date: /home/r3k7/Nauka_ros/src/ros-exercises/install/ex_solution/include/ex_solution/ex_solution/action/detail
[1.477s] -- Up-to-date: /home/r3k7/Nauka_ros/src/ros-exercises/install/ex_solution/include/ex_solution/ex_solution/action/detail/exercise_action__rosidl_typesupport_fastrtps_c.h
[1.477s] -- Up-to-date: /home/r3k7/Nauka_ros/src/ros-exercises/install/ex_solution/include/ex_solution/ex_solution/msg
[1.478s] -- Up-to-date: /home/r3k7/Nauka_ros/src/ros-exercises/install/ex_solution/include/ex_solution/ex_solution/msg/rosidl_typesupport_fastrtps_c__visibility_control.h
[1.478s] -- Up-to-date: /home/r3k7/Nauka_ros/src/ros-exercises/install/ex_solution/lib/libex_solution__rosidl_typesupport_fastrtps_c.so
[1.478s] -- Up-to-date: /home/r3k7/Nauka_ros/src/ros-exercises/install/ex_solution/include/ex_solution/ex_solution
[1.479s] -- Up-to-date: /home/r3k7/Nauka_ros/src/ros-exercises/install/ex_solution/include/ex_solution/ex_solution/action
[1.479s] -- Up-to-date: /home/r3k7/Nauka_ros/src/ros-exercises/install/ex_solution/include/ex_solution/ex_solution/action/detail
[1.479s] -- Up-to-date: /home/r3k7/Nauka_ros/src/ros-exercises/install/ex_solution/include/ex_solution/ex_solution/action/detail/exercise_action__struct.hpp
[1.479s] -- Up-to-date: /home/r3k7/Nauka_ros/src/ros-exercises/install/ex_solution/include/ex_solution/ex_solution/action/detail/exercise_action__traits.hpp
[1.479s] -- Up-to-date: /home/r3k7/Nauka_ros/src/ros-exercises/install/ex_solution/include/ex_solution/ex_solution/action/detail/exercise_action__builder.hpp
[1.479s] -- Up-to-date: /home/r3k7/Nauka_ros/src/ros-exercises/install/ex_solution/include/ex_solution/ex_solution/action/exercise_action.hpp
[1.479s] -- Up-to-date: /home/r3k7/Nauka_ros/src/ros-exercises/install/ex_solution/include/ex_solution/ex_solution
[1.480s] -- Up-to-date: /home/r3k7/Nauka_ros/src/ros-exercises/install/ex_solution/include/ex_solution/ex_solution/action
[1.480s] -- Up-to-date: /home/r3k7/Nauka_ros/src/ros-exercises/install/ex_solution/include/ex_solution/ex_solution/action/detail
[1.480s] -- Up-to-date: /home/r3k7/Nauka_ros/src/ros-exercises/install/ex_solution/include/ex_solution/ex_solution/action/detail/dds_fastrtps
[1.480s] -- Up-to-date: /home/r3k7/Nauka_ros/src/ros-exercises/install/ex_solution/include/ex_solution/ex_solution/action/detail/exercise_action__rosidl_typesupport_fastrtps_cpp.hpp
[1.480s] -- Up-to-date: /home/r3k7/Nauka_ros/src/ros-exercises/install/ex_solution/include/ex_solution/ex_solution/msg
[1.480s] -- Up-to-date: /home/r3k7/Nauka_ros/src/ros-exercises/install/ex_solution/include/ex_solution/ex_solution/msg/rosidl_typesupport_fastrtps_cpp__visibility_control.h
[1.480s] -- Up-to-date: /home/r3k7/Nauka_ros/src/ros-exercises/install/ex_solution/lib/libex_solution__rosidl_typesupport_fastrtps_cpp.so
[1.480s] -- Up-to-date: /home/r3k7/Nauka_ros/src/ros-exercises/install/ex_solution/include/ex_solution/ex_solution
[1.481s] -- Up-to-date: /home/r3k7/Nauka_ros/src/ros-exercises/install/ex_solution/include/ex_solution/ex_solution/action
[1.481s] -- Up-to-date: /home/r3k7/Nauka_ros/src/ros-exercises/install/ex_solution/include/ex_solution/ex_solution/action/detail
[1.481s] -- Up-to-date: /home/r3k7/Nauka_ros/src/ros-exercises/install/ex_solution/include/ex_solution/ex_solution/action/detail/exercise_action__rosidl_typesupport_introspection_c.h
[1.481s] -- Up-to-date: /home/r3k7/Nauka_ros/src/ros-exercises/install/ex_solution/include/ex_solution/ex_solution/action/detail/exercise_action__type_support.c
[1.481s] -- Up-to-date: /home/r3k7/Nauka_ros/src/ros-exercises/install/ex_solution/include/ex_solution/ex_solution/msg
[1.481s] -- Up-to-date: /home/r3k7/Nauka_ros/src/ros-exercises/install/ex_solution/include/ex_solution/ex_solution/msg/rosidl_typesupport_introspection_c__visibility_control.h
[1.481s] -- Up-to-date: /home/r3k7/Nauka_ros/src/ros-exercises/install/ex_solution/lib/libex_solution__rosidl_typesupport_introspection_c.so
[1.481s] -- Up-to-date: /home/r3k7/Nauka_ros/src/ros-exercises/install/ex_solution/lib/libex_solution__rosidl_typesupport_c.so
[1.481s] -- Up-to-date: /home/r3k7/Nauka_ros/src/ros-exercises/install/ex_solution/include/ex_solution/ex_solution
[1.481s] -- Up-to-date: /home/r3k7/Nauka_ros/src/ros-exercises/install/ex_solution/include/ex_solution/ex_solution/action
[1.482s] -- Up-to-date: /home/r3k7/Nauka_ros/src/ros-exercises/install/ex_solution/include/ex_solution/ex_solution/action/detail
[1.482s] -- Up-to-date: /home/r3k7/Nauka_ros/src/ros-exercises/install/ex_solution/include/ex_solution/ex_solution/action/detail/exercise_action__type_support.cpp
[1.482s] -- Up-to-date: /home/r3k7/Nauka_ros/src/ros-exercises/install/ex_solution/include/ex_solution/ex_solution/action/detail/exercise_action__rosidl_typesupport_introspection_cpp.hpp
[1.482s] -- Up-to-date: /home/r3k7/Nauka_ros/src/ros-exercises/install/ex_solution/lib/libex_solution__rosidl_typesupport_introspection_cpp.so
[1.482s] -- Up-to-date: /home/r3k7/Nauka_ros/src/ros-exercises/install/ex_solution/lib/libex_solution__rosidl_typesupport_cpp.so
[1.482s] -- Up-to-date: /home/r3k7/Nauka_ros/src/ros-exercises/install/ex_solution/share/ex_solution/environment/pythonpath.sh
[1.482s] -- Up-to-date: /home/r3k7/Nauka_ros/src/ros-exercises/install/ex_solution/share/ex_solution/environment/pythonpath.dsv
[1.483s] -- Up-to-date: /home/r3k7/Nauka_ros/src/ros-exercises/install/ex_solution/local/lib/python3.10/dist-packages/ex_solution-0.0.0-py3.10.egg-info
[1.483s] -- Installing: /home/r3k7/Nauka_ros/src/ros-exercises/install/ex_solution/local/lib/python3.10/dist-packages/ex_solution-0.0.0-py3.10.egg-info/dependency_links.txt
[1.483s] -- Installing: /home/r3k7/Nauka_ros/src/ros-exercises/install/ex_solution/local/lib/python3.10/dist-packages/ex_solution-0.0.0-py3.10.egg-info/PKG-INFO
[1.483s] -- Installing: /home/r3k7/Nauka_ros/src/ros-exercises/install/ex_solution/local/lib/python3.10/dist-packages/ex_solution-0.0.0-py3.10.egg-info/SOURCES.txt
[1.484s] -- Installing: /home/r3k7/Nauka_ros/src/ros-exercises/install/ex_solution/local/lib/python3.10/dist-packages/ex_solution-0.0.0-py3.10.egg-info/top_level.txt
[1.484s] -- Up-to-date: /home/r3k7/Nauka_ros/src/ros-exercises/install/ex_solution/local/lib/python3.10/dist-packages/ex_solution
[1.484s] -- Up-to-date: /home/r3k7/Nauka_ros/src/ros-exercises/install/ex_solution/local/lib/python3.10/dist-packages/ex_solution/libex_solution__rosidl_generator_py.so
[1.484s] -- Up-to-date: /home/r3k7/Nauka_ros/src/ros-exercises/install/ex_solution/local/lib/python3.10/dist-packages/ex_solution/action
[1.484s] -- Up-to-date: /home/r3k7/Nauka_ros/src/ros-exercises/install/ex_solution/local/lib/python3.10/dist-packages/ex_solution/action/__init__.py
[1.484s] -- Up-to-date: /home/r3k7/Nauka_ros/src/ros-exercises/install/ex_solution/local/lib/python3.10/dist-packages/ex_solution/action/_exercise_action.py
[1.486s] -- Up-to-date: /home/r3k7/Nauka_ros/src/ros-exercises/install/ex_solution/local/lib/python3.10/dist-packages/ex_solution/action/_exercise_action_s.c
[1.487s] -- Up-to-date: /home/r3k7/Nauka_ros/src/ros-exercises/install/ex_solution/local/lib/python3.10/dist-packages/ex_solution/_ex_solution_s.ep.rosidl_typesupport_fastrtps_c.c
[1.487s] -- Up-to-date: /home/r3k7/Nauka_ros/src/ros-exercises/install/ex_solution/local/lib/python3.10/dist-packages/ex_solution/ex_solution_s__rosidl_typesupport_introspection_c.cpython-310-x86_64-linux-gnu.so
[1.487s] -- Up-to-date: /home/r3k7/Nauka_ros/src/ros-exercises/install/ex_solution/local/lib/python3.10/dist-packages/ex_solution/ex_solution_s__rosidl_typesupport_fastrtps_c.cpython-310-x86_64-linux-gnu.so
[1.497s] -- Up-to-date: /home/r3k7/Nauka_ros/src/ros-exercises/install/ex_solution/local/lib/python3.10/dist-packages/ex_solution/_ex_solution_s.ep.rosidl_typesupport_introspection_c.c
[1.498s] -- Up-to-date: /home/r3k7/Nauka_ros/src/ros-exercises/install/ex_solution/local/lib/python3.10/dist-packages/ex_solution/__init__.py
[1.498s] -- Up-to-date: /home/r3k7/Nauka_ros/src/ros-exercises/install/ex_solution/local/lib/python3.10/dist-packages/ex_solution/ex_solution_s__rosidl_typesupport_c.cpython-310-x86_64-linux-gnu.so
[1.498s] -- Up-to-date: /home/r3k7/Nauka_ros/src/ros-exercises/install/ex_solution/local/lib/python3.10/dist-packages/ex_solution/_ex_solution_s.ep.rosidl_typesupport_c.c
[1.516s] Listing '/home/r3k7/Nauka_ros/src/ros-exercises/install/ex_solution/local/lib/python3.10/dist-packages/ex_solution'...
[1.521s] Listing '/home/r3k7/Nauka_ros/src/ros-exercises/install/ex_solution/local/lib/python3.10/dist-packages/ex_solution/action'...
[1.526s] -- Up-to-date: /home/r3k7/Nauka_ros/src/ros-exercises/install/ex_solution/local/lib/python3.10/dist-packages/ex_solution/ex_solution_s__rosidl_typesupport_fastrtps_c.cpython-310-x86_64-linux-gnu.so
[1.526s] -- Up-to-date: /home/r3k7/Nauka_ros/src/ros-exercises/install/ex_solution/local/lib/python3.10/dist-packages/ex_solution/ex_solution_s__rosidl_typesupport_introspection_c.cpython-310-x86_64-linux-gnu.so
[1.526s] -- Up-to-date: /home/r3k7/Nauka_ros/src/ros-exercises/install/ex_solution/local/lib/python3.10/dist-packages/ex_solution/ex_solution_s__rosidl_typesupport_c.cpython-310-x86_64-linux-gnu.so
[1.526s] -- Up-to-date: /home/r3k7/Nauka_ros/src/ros-exercises/install/ex_solution/lib/libex_solution__rosidl_generator_py.so
[1.526s] -- Up-to-date: /home/r3k7/Nauka_ros/src/ros-exercises/install/ex_solution/share/ex_solution/action/ExerciseAction.idl
[1.533s] -- Up-to-date: /home/r3k7/Nauka_ros/src/ros-exercises/install/ex_solution/share/ex_solution/action/ExerciseAction.action
[1.533s] -- Installing: /home/r3k7/Nauka_ros/src/ros-exercises/install/ex_solution/lib/ex_solution/exercise_action_client.py
[1.533s] -- Installing: /home/r3k7/Nauka_ros/src/ros-exercises/install/ex_solution/lib/ex_solution/exercise_action_server.py
[1.533s] -- Up-to-date: /home/r3k7/Nauka_ros/src/ros-exercises/install/ex_solution/share/ament_index/resource_index/package_run_dependencies/ex_solution
[1.533s] -- Up-to-date: /home/r3k7/Nauka_ros/src/ros-exercises/install/ex_solution/share/ament_index/resource_index/parent_prefix_path/ex_solution
[1.533s] -- Up-to-date: /home/r3k7/Nauka_ros/src/ros-exercises/install/ex_solution/share/ex_solution/environment/ament_prefix_path.sh
[1.534s] -- Up-to-date: /home/r3k7/Nauka_ros/src/ros-exercises/install/ex_solution/share/ex_solution/environment/ament_prefix_path.dsv
[1.534s] -- Up-to-date: /home/r3k7/Nauka_ros/src/ros-exercises/install/ex_solution/share/ex_solution/environment/path.sh
[1.534s] -- Up-to-date: /home/r3k7/Nauka_ros/src/ros-exercises/install/ex_solution/share/ex_solution/environment/path.dsv
[1.534s] -- Up-to-date: /home/r3k7/Nauka_ros/src/ros-exercises/install/ex_solution/share/ex_solution/local_setup.bash
[1.534s] -- Up-to-date: /home/r3k7/Nauka_ros/src/ros-exercises/install/ex_solution/share/ex_solution/local_setup.sh
[1.534s] -- Up-to-date: /home/r3k7/Nauka_ros/src/ros-exercises/install/ex_solution/share/ex_solution/local_setup.zsh
[1.534s] -- Up-to-date: /home/r3k7/Nauka_ros/src/ros-exercises/install/ex_solution/share/ex_solution/local_setup.dsv
[1.534s] -- Installing: /home/r3k7/Nauka_ros/src/ros-exercises/install/ex_solution/share/ex_solution/package.dsv
[1.534s] -- Up-to-date: /home/r3k7/Nauka_ros/src/ros-exercises/install/ex_solution/share/ament_index/resource_index/packages/ex_solution
[1.534s] -- Up-to-date: /home/r3k7/Nauka_ros/src/ros-exercises/install/ex_solution/share/ex_solution/cmake/export_ex_solution__rosidl_generator_cExport.cmake
[1.534s] -- Up-to-date: /home/r3k7/Nauka_ros/src/ros-exercises/install/ex_solution/share/ex_solution/cmake/export_ex_solution__rosidl_generator_cExport-noconfig.cmake
[1.534s] -- Up-to-date: /home/r3k7/Nauka_ros/src/ros-exercises/install/ex_solution/share/ex_solution/cmake/export_ex_solution__rosidl_typesupport_fastrtps_cExport.cmake
[1.535s] -- Up-to-date: /home/r3k7/Nauka_ros/src/ros-exercises/install/ex_solution/share/ex_solution/cmake/export_ex_solution__rosidl_typesupport_fastrtps_cExport-noconfig.cmake
[1.535s] -- Up-to-date: /home/r3k7/Nauka_ros/src/ros-exercises/install/ex_solution/share/ex_solution/cmake/export_ex_solution__rosidl_generator_cppExport.cmake
[1.535s] -- Up-to-date: /home/r3k7/Nauka_ros/src/ros-exercises/install/ex_solution/share/ex_solution/cmake/export_ex_solution__rosidl_typesupport_fastrtps_cppExport.cmake
[1.535s] -- Up-to-date: /home/r3k7/Nauka_ros/src/ros-exercises/install/ex_solution/share/ex_solution/cmake/export_ex_solution__rosidl_typesupport_fastrtps_cppExport-noconfig.cmake
[1.535s] -- Up-to-date: /home/r3k7/Nauka_ros/src/ros-exercises/install/ex_solution/share/ex_solution/cmake/ex_solution__rosidl_typesupport_introspection_cExport.cmake
[1.535s] -- Up-to-date: /home/r3k7/Nauka_ros/src/ros-exercises/install/ex_solution/share/ex_solution/cmake/ex_solution__rosidl_typesupport_introspection_cExport-noconfig.cmake
[1.535s] -- Up-to-date: /home/r3k7/Nauka_ros/src/ros-exercises/install/ex_solution/share/ex_solution/cmake/ex_solution__rosidl_typesupport_cExport.cmake
[1.535s] -- Up-to-date: /home/r3k7/Nauka_ros/src/ros-exercises/install/ex_solution/share/ex_solution/cmake/ex_solution__rosidl_typesupport_cExport-noconfig.cmake
[1.535s] -- Up-to-date: /home/r3k7/Nauka_ros/src/ros-exercises/install/ex_solution/share/ex_solution/cmake/ex_solution__rosidl_typesupport_introspection_cppExport.cmake
[1.535s] -- Up-to-date: /home/r3k7/Nauka_ros/src/ros-exercises/install/ex_solution/share/ex_solution/cmake/ex_solution__rosidl_typesupport_introspection_cppExport-noconfig.cmake
[1.536s] -- Up-to-date: /home/r3k7/Nauka_ros/src/ros-exercises/install/ex_solution/share/ex_solution/cmake/ex_solution__rosidl_typesupport_cppExport.cmake
[1.536s] -- Up-to-date: /home/r3k7/Nauka_ros/src/ros-exercises/install/ex_solution/share/ex_solution/cmake/ex_solution__rosidl_typesupport_cppExport-noconfig.cmake
[1.536s] -- Up-to-date: /home/r3k7/Nauka_ros/src/ros-exercises/install/ex_solution/share/ex_solution/cmake/export_ex_solution__rosidl_generator_pyExport.cmake
[1.536s] -- Up-to-date: /home/r3k7/Nauka_ros/src/ros-exercises/install/ex_solution/share/ex_solution/cmake/export_ex_solution__rosidl_generator_pyExport-noconfig.cmake
[1.536s] -- Up-to-date: /home/r3k7/Nauka_ros/src/ros-exercises/install/ex_solution/share/ex_solution/cmake/rosidl_cmake-extras.cmake
[1.536s] -- Up-to-date: /home/r3k7/Nauka_ros/src/ros-exercises/install/ex_solution/share/ex_solution/cmake/ament_cmake_export_dependencies-extras.cmake
[1.536s] -- Up-to-date: /home/r3k7/Nauka_ros/src/ros-exercises/install/ex_solution/share/ex_solution/cmake/ament_cmake_export_include_directories-extras.cmake
[1.536s] -- Up-to-date: /home/r3k7/Nauka_ros/src/ros-exercises/install/ex_solution/share/ex_solution/cmake/ament_cmake_export_libraries-extras.cmake
[1.536s] -- Up-to-date: /home/r3k7/Nauka_ros/src/ros-exercises/install/ex_solution/share/ex_solution/cmake/ament_cmake_export_targets-extras.cmake
[1.536s] -- Up-to-date: /home/r3k7/Nauka_ros/src/ros-exercises/install/ex_solution/share/ex_solution/cmake/rosidl_cmake_export_typesupport_targets-extras.cmake
[1.537s] -- Up-to-date: /home/r3k7/Nauka_ros/src/ros-exercises/install/ex_solution/share/ex_solution/cmake/rosidl_cmake_export_typesupport_libraries-extras.cmake
[1.537s] -- Up-to-date: /home/r3k7/Nauka_ros/src/ros-exercises/install/ex_solution/share/ex_solution/cmake/ex_solutionConfig.cmake
[1.537s] -- Up-to-date: /home/r3k7/Nauka_ros/src/ros-exercises/install/ex_solution/share/ex_solution/cmake/ex_solutionConfig-version.cmake
[1.537s] -- Up-to-date: /home/r3k7/Nauka_ros/src/ros-exercises/install/ex_solution/share/ex_solution/package.xml
[1.773s] Invoked command in '/home/r3k7/Nauka_ros/src/ros-exercises/build/ex_solution' returned '0': CMAKE_PREFIX_PATH=${CMAKE_PREFIX_PATH}:/home/r3k7/Nauka_ros/src/ros-exercises/install/navigation2_dist:/opt/ros/humble WSLENV=ELECTRON_RUN_AS_NODE/w:WT_SESSION:WT_PROFILE_ID: /usr/bin/cmake --install /home/r3k7/Nauka_ros/src/ros-exercises/build/ex_solution
