[0.962s] Invoking command in '/home/mrush/exercise/src/ros-exercises/build/ex_solution': CMAKE_PREFIX_PATH=${CMAKE_PREFIX_PATH}:/home/mrush/exercise/src/ros-exercises/install/navigation2_dist:/opt/ros/humble WSLENV=ELECTRON_RUN_AS_NODE/w: /usr/bin/cmake --build /home/mrush/exercise/src/ros-exercises/build/ex_solution -- -j8 -l8
[2.091s] [  9%] Built target ex_solution__rosidl_generator_c
[2.092s] [  9%] Built target ament_cmake_python_copy_ex_solution
[2.092s] [ 12%] Built target ex_solution__cpp
[2.092s] [ 22%] Built target ex_solution__rosidl_typesupport_c
[2.092s] [ 32%] Built target ex_solution__rosidl_typesupport_fastrtps_c
[2.092s] [ 41%] Built target ex_solution__rosidl_typesupport_introspection_cpp
[2.092s] [ 51%] Built target ex_solution__rosidl_typesupport_fastrtps_cpp
[2.092s] [ 61%] Built target ex_solution__rosidl_typesupport_cpp
[2.092s] [ 70%] Built target ex_solution__rosidl_typesupport_introspection_c
[2.092s] [ 70%] Built target ex_solution
[2.092s] [ 74%] Built target ex_solution__py
[2.092s] [ 80%] Built target ex_solution__rosidl_generator_py
[2.093s] [ 87%] Built target ex_solution__rosidl_typesupport_fastrtps_c__pyext
[2.093s] [ 93%] Built target ex_solution__rosidl_typesupport_c__pyext
[2.093s] [100%] Built target ex_solution__rosidl_typesupport_introspection_c__pyext
[2.093s] running egg_info
[2.093s] writing ex_solution.egg-info/PKG-INFO
[2.093s] writing dependency_links to ex_solution.egg-info/dependency_links.txt
[2.093s] writing top-level names to ex_solution.egg-info/top_level.txt
[2.093s] reading manifest file 'ex_solution.egg-info/SOURCES.txt'
[2.093s] writing manifest file 'ex_solution.egg-info/SOURCES.txt'
[2.231s] [100%] Built target ament_cmake_python_build_ex_solution_egg
[2.316s] Invoked command in '/home/mrush/exercise/src/ros-exercises/build/ex_solution' returned '0': CMAKE_PREFIX_PATH=${CMAKE_PREFIX_PATH}:/home/mrush/exercise/src/ros-exercises/install/navigation2_dist:/opt/ros/humble WSLENV=ELECTRON_RUN_AS_NODE/w: /usr/bin/cmake --build /home/mrush/exercise/src/ros-exercises/build/ex_solution -- -j8 -l8
[2.682s] Invoking command in '/home/mrush/exercise/src/ros-exercises/build/ex_solution': CMAKE_PREFIX_PATH=${CMAKE_PREFIX_PATH}:/home/mrush/exercise/src/ros-exercises/install/navigation2_dist:/opt/ros/humble WSLENV=ELECTRON_RUN_AS_NODE/w: /usr/bin/cmake --install /home/mrush/exercise/src/ros-exercises/build/ex_solution
[2.917s] -- Install configuration: ""
[2.918s] -- Up-to-date: /home/mrush/exercise/src/ros-exercises/install/ex_solution/share/ament_index/resource_index/rosidl_interfaces/ex_solution
[2.919s] -- Up-to-date: /home/mrush/exercise/src/ros-exercises/install/ex_solution/include/ex_solution/ex_solution
[2.920s] -- Up-to-date: /home/mrush/exercise/src/ros-exercises/install/ex_solution/include/ex_solution/ex_solution/msg
[2.923s] -- Up-to-date: /home/mrush/exercise/src/ros-exercises/install/ex_solution/include/ex_solution/ex_solution/msg/rosidl_generator_c__visibility_control.h
[2.924s] -- Up-to-date: /home/mrush/exercise/src/ros-exercises/install/ex_solution/include/ex_solution/ex_solution/action
[2.924s] -- Up-to-date: /home/mrush/exercise/src/ros-exercises/install/ex_solution/include/ex_solution/ex_solution/action/detail
[2.924s] -- Up-to-date: /home/mrush/exercise/src/ros-exercises/install/ex_solution/include/ex_solution/ex_solution/action/detail/exercise_action__struct.h
[2.924s] -- Up-to-date: /home/mrush/exercise/src/ros-exercises/install/ex_solution/include/ex_solution/ex_solution/action/detail/exercise_action__type_support.h
[2.924s] -- Up-to-date: /home/mrush/exercise/src/ros-exercises/install/ex_solution/include/ex_solution/ex_solution/action/detail/exercise_action__functions.c
[2.925s] -- Up-to-date: /home/mrush/exercise/src/ros-exercises/install/ex_solution/include/ex_solution/ex_solution/action/detail/exercise_action__functions.h
[2.926s] -- Up-to-date: /home/mrush/exercise/src/ros-exercises/install/ex_solution/include/ex_solution/ex_solution/action/exercise_action.h
[2.926s] -- Up-to-date: /home/mrush/exercise/src/ros-exercises/install/ex_solution/share/ex_solution/environment/library_path.sh
[2.928s] -- Up-to-date: /home/mrush/exercise/src/ros-exercises/install/ex_solution/share/ex_solution/environment/library_path.dsv
[2.928s] -- Up-to-date: /home/mrush/exercise/src/ros-exercises/install/ex_solution/lib/libex_solution__rosidl_generator_c.so
[2.928s] -- Up-to-date: /home/mrush/exercise/src/ros-exercises/install/ex_solution/include/ex_solution/ex_solution
[2.928s] -- Up-to-date: /home/mrush/exercise/src/ros-exercises/install/ex_solution/include/ex_solution/ex_solution/msg
[2.928s] -- Up-to-date: /home/mrush/exercise/src/ros-exercises/install/ex_solution/include/ex_solution/ex_solution/msg/rosidl_typesupport_fastrtps_c__visibility_control.h
[2.928s] -- Up-to-date: /home/mrush/exercise/src/ros-exercises/install/ex_solution/include/ex_solution/ex_solution/action
[2.928s] -- Up-to-date: /home/mrush/exercise/src/ros-exercises/install/ex_solution/include/ex_solution/ex_solution/action/detail
[2.929s] -- Up-to-date: /home/mrush/exercise/src/ros-exercises/install/ex_solution/include/ex_solution/ex_solution/action/detail/exercise_action__rosidl_typesupport_fastrtps_c.h
[2.929s] -- Up-to-date: /home/mrush/exercise/src/ros-exercises/install/ex_solution/lib/libex_solution__rosidl_typesupport_fastrtps_c.so
[2.929s] -- Up-to-date: /home/mrush/exercise/src/ros-exercises/install/ex_solution/include/ex_solution/ex_solution
[2.929s] -- Up-to-date: /home/mrush/exercise/src/ros-exercises/install/ex_solution/include/ex_solution/ex_solution/action
[2.929s] -- Up-to-date: /home/mrush/exercise/src/ros-exercises/install/ex_solution/include/ex_solution/ex_solution/action/exercise_action.hpp
[2.929s] -- Up-to-date: /home/mrush/exercise/src/ros-exercises/install/ex_solution/include/ex_solution/ex_solution/action/detail
[2.929s] -- Up-to-date: /home/mrush/exercise/src/ros-exercises/install/ex_solution/include/ex_solution/ex_solution/action/detail/exercise_action__traits.hpp
[2.929s] -- Up-to-date: /home/mrush/exercise/src/ros-exercises/install/ex_solution/include/ex_solution/ex_solution/action/detail/exercise_action__builder.hpp
[2.929s] -- Up-to-date: /home/mrush/exercise/src/ros-exercises/install/ex_solution/include/ex_solution/ex_solution/action/detail/exercise_action__struct.hpp
[2.930s] -- Up-to-date: /home/mrush/exercise/src/ros-exercises/install/ex_solution/include/ex_solution/ex_solution
[2.930s] -- Up-to-date: /home/mrush/exercise/src/ros-exercises/install/ex_solution/include/ex_solution/ex_solution/msg
[2.930s] -- Up-to-date: /home/mrush/exercise/src/ros-exercises/install/ex_solution/include/ex_solution/ex_solution/msg/rosidl_typesupport_fastrtps_cpp__visibility_control.h
[2.930s] -- Up-to-date: /home/mrush/exercise/src/ros-exercises/install/ex_solution/include/ex_solution/ex_solution/action
[2.930s] -- Up-to-date: /home/mrush/exercise/src/ros-exercises/install/ex_solution/include/ex_solution/ex_solution/action/detail
[2.930s] -- Up-to-date: /home/mrush/exercise/src/ros-exercises/install/ex_solution/include/ex_solution/ex_solution/action/detail/dds_fastrtps
[2.930s] -- Up-to-date: /home/mrush/exercise/src/ros-exercises/install/ex_solution/include/ex_solution/ex_solution/action/detail/exercise_action__rosidl_typesupport_fastrtps_cpp.hpp
[2.930s] -- Up-to-date: /home/mrush/exercise/src/ros-exercises/install/ex_solution/lib/libex_solution__rosidl_typesupport_fastrtps_cpp.so
[2.930s] -- Up-to-date: /home/mrush/exercise/src/ros-exercises/install/ex_solution/include/ex_solution/ex_solution
[2.930s] -- Up-to-date: /home/mrush/exercise/src/ros-exercises/install/ex_solution/include/ex_solution/ex_solution/msg
[2.930s] -- Up-to-date: /home/mrush/exercise/src/ros-exercises/install/ex_solution/include/ex_solution/ex_solution/msg/rosidl_typesupport_introspection_c__visibility_control.h
[2.930s] -- Up-to-date: /home/mrush/exercise/src/ros-exercises/install/ex_solution/include/ex_solution/ex_solution/action
[2.931s] -- Up-to-date: /home/mrush/exercise/src/ros-exercises/install/ex_solution/include/ex_solution/ex_solution/action/detail
[2.931s] -- Up-to-date: /home/mrush/exercise/src/ros-exercises/install/ex_solution/include/ex_solution/ex_solution/action/detail/exercise_action__rosidl_typesupport_introspection_c.h
[2.931s] -- Up-to-date: /home/mrush/exercise/src/ros-exercises/install/ex_solution/include/ex_solution/ex_solution/action/detail/exercise_action__type_support.c
[2.931s] -- Up-to-date: /home/mrush/exercise/src/ros-exercises/install/ex_solution/lib/libex_solution__rosidl_typesupport_introspection_c.so
[2.931s] -- Up-to-date: /home/mrush/exercise/src/ros-exercises/install/ex_solution/lib/libex_solution__rosidl_typesupport_c.so
[2.931s] -- Up-to-date: /home/mrush/exercise/src/ros-exercises/install/ex_solution/include/ex_solution/ex_solution
[2.931s] -- Up-to-date: /home/mrush/exercise/src/ros-exercises/install/ex_solution/include/ex_solution/ex_solution/action
[2.931s] -- Up-to-date: /home/mrush/exercise/src/ros-exercises/install/ex_solution/include/ex_solution/ex_solution/action/detail
[2.931s] -- Up-to-date: /home/mrush/exercise/src/ros-exercises/install/ex_solution/include/ex_solution/ex_solution/action/detail/exercise_action__type_support.cpp
[2.931s] -- Up-to-date: /home/mrush/exercise/src/ros-exercises/install/ex_solution/include/ex_solution/ex_solution/action/detail/exercise_action__rosidl_typesupport_introspection_cpp.hpp
[2.931s] -- Up-to-date: /home/mrush/exercise/src/ros-exercises/install/ex_solution/lib/libex_solution__rosidl_typesupport_introspection_cpp.so
[2.932s] -- Up-to-date: /home/mrush/exercise/src/ros-exercises/install/ex_solution/lib/libex_solution__rosidl_typesupport_cpp.so
[2.932s] -- Up-to-date: /home/mrush/exercise/src/ros-exercises/install/ex_solution/share/ex_solution/environment/pythonpath.sh
[2.932s] -- Up-to-date: /home/mrush/exercise/src/ros-exercises/install/ex_solution/share/ex_solution/environment/pythonpath.dsv
[2.932s] -- Up-to-date: /home/mrush/exercise/src/ros-exercises/install/ex_solution/local/lib/python3.10/dist-packages/ex_solution-0.0.0-py3.10.egg-info
[2.932s] -- Installing: /home/mrush/exercise/src/ros-exercises/install/ex_solution/local/lib/python3.10/dist-packages/ex_solution-0.0.0-py3.10.egg-info/top_level.txt
[2.932s] -- Installing: /home/mrush/exercise/src/ros-exercises/install/ex_solution/local/lib/python3.10/dist-packages/ex_solution-0.0.0-py3.10.egg-info/PKG-INFO
[2.932s] -- Installing: /home/mrush/exercise/src/ros-exercises/install/ex_solution/local/lib/python3.10/dist-packages/ex_solution-0.0.0-py3.10.egg-info/SOURCES.txt
[2.932s] -- Installing: /home/mrush/exercise/src/ros-exercises/install/ex_solution/local/lib/python3.10/dist-packages/ex_solution-0.0.0-py3.10.egg-info/dependency_links.txt
[2.933s] -- Up-to-date: /home/mrush/exercise/src/ros-exercises/install/ex_solution/local/lib/python3.10/dist-packages/ex_solution
[2.933s] -- Up-to-date: /home/mrush/exercise/src/ros-exercises/install/ex_solution/local/lib/python3.10/dist-packages/ex_solution/libex_solution__rosidl_generator_py.so
[2.933s] -- Up-to-date: /home/mrush/exercise/src/ros-exercises/install/ex_solution/local/lib/python3.10/dist-packages/ex_solution/_ex_solution_s.ep.rosidl_typesupport_c.c
[2.933s] -- Up-to-date: /home/mrush/exercise/src/ros-exercises/install/ex_solution/local/lib/python3.10/dist-packages/ex_solution/ex_solution_s__rosidl_typesupport_c.cpython-310-x86_64-linux-gnu.so
[2.933s] -- Up-to-date: /home/mrush/exercise/src/ros-exercises/install/ex_solution/local/lib/python3.10/dist-packages/ex_solution/_ex_solution_s.ep.rosidl_typesupport_introspection_c.c
[2.933s] -- Up-to-date: /home/mrush/exercise/src/ros-exercises/install/ex_solution/local/lib/python3.10/dist-packages/ex_solution/ex_solution_s__rosidl_typesupport_introspection_c.cpython-310-x86_64-linux-gnu.so
[2.933s] -- Up-to-date: /home/mrush/exercise/src/ros-exercises/install/ex_solution/local/lib/python3.10/dist-packages/ex_solution/_ex_solution_s.ep.rosidl_typesupport_fastrtps_c.c
[2.933s] -- Up-to-date: /home/mrush/exercise/src/ros-exercises/install/ex_solution/local/lib/python3.10/dist-packages/ex_solution/action
[2.933s] -- Up-to-date: /home/mrush/exercise/src/ros-exercises/install/ex_solution/local/lib/python3.10/dist-packages/ex_solution/action/_exercise_action.py
[2.933s] -- Up-to-date: /home/mrush/exercise/src/ros-exercises/install/ex_solution/local/lib/python3.10/dist-packages/ex_solution/action/_exercise_action_s.c
[2.934s] -- Up-to-date: /home/mrush/exercise/src/ros-exercises/install/ex_solution/local/lib/python3.10/dist-packages/ex_solution/action/__init__.py
[2.934s] -- Up-to-date: /home/mrush/exercise/src/ros-exercises/install/ex_solution/local/lib/python3.10/dist-packages/ex_solution/__init__.py
[2.934s] -- Up-to-date: /home/mrush/exercise/src/ros-exercises/install/ex_solution/local/lib/python3.10/dist-packages/ex_solution/ex_solution_s__rosidl_typesupport_fastrtps_c.cpython-310-x86_64-linux-gnu.so
[2.934s] Listing '/home/mrush/exercise/src/ros-exercises/install/ex_solution/local/lib/python3.10/dist-packages/ex_solution'...
[2.934s] Listing '/home/mrush/exercise/src/ros-exercises/install/ex_solution/local/lib/python3.10/dist-packages/ex_solution/action'...
[2.934s] -- Up-to-date: /home/mrush/exercise/src/ros-exercises/install/ex_solution/local/lib/python3.10/dist-packages/ex_solution/ex_solution_s__rosidl_typesupport_fastrtps_c.cpython-310-x86_64-linux-gnu.so
[2.934s] -- Up-to-date: /home/mrush/exercise/src/ros-exercises/install/ex_solution/local/lib/python3.10/dist-packages/ex_solution/ex_solution_s__rosidl_typesupport_introspection_c.cpython-310-x86_64-linux-gnu.so
[2.934s] -- Up-to-date: /home/mrush/exercise/src/ros-exercises/install/ex_solution/local/lib/python3.10/dist-packages/ex_solution/ex_solution_s__rosidl_typesupport_c.cpython-310-x86_64-linux-gnu.so
[2.934s] -- Up-to-date: /home/mrush/exercise/src/ros-exercises/install/ex_solution/lib/libex_solution__rosidl_generator_py.so
[2.934s] -- Up-to-date: /home/mrush/exercise/src/ros-exercises/install/ex_solution/share/ex_solution/action/ExerciseAction.idl
[2.935s] -- Up-to-date: /home/mrush/exercise/src/ros-exercises/install/ex_solution/share/ex_solution/action/ExerciseAction.action
[2.935s] -- Installing: /home/mrush/exercise/src/ros-exercises/install/ex_solution/lib/ex_solution/exercise_action_client.py
[2.935s] -- Up-to-date: /home/mrush/exercise/src/ros-exercises/install/ex_solution/lib/ex_solution/exercise_action_server.py
[2.935s] -- Up-to-date: /home/mrush/exercise/src/ros-exercises/install/ex_solution/share/ament_index/resource_index/package_run_dependencies/ex_solution
[2.935s] -- Up-to-date: /home/mrush/exercise/src/ros-exercises/install/ex_solution/share/ament_index/resource_index/parent_prefix_path/ex_solution
[2.935s] -- Up-to-date: /home/mrush/exercise/src/ros-exercises/install/ex_solution/share/ex_solution/environment/ament_prefix_path.sh
[2.935s] -- Up-to-date: /home/mrush/exercise/src/ros-exercises/install/ex_solution/share/ex_solution/environment/ament_prefix_path.dsv
[2.935s] -- Up-to-date: /home/mrush/exercise/src/ros-exercises/install/ex_solution/share/ex_solution/environment/path.sh
[2.935s] -- Up-to-date: /home/mrush/exercise/src/ros-exercises/install/ex_solution/share/ex_solution/environment/path.dsv
[2.935s] -- Up-to-date: /home/mrush/exercise/src/ros-exercises/install/ex_solution/share/ex_solution/local_setup.bash
[2.935s] -- Up-to-date: /home/mrush/exercise/src/ros-exercises/install/ex_solution/share/ex_solution/local_setup.sh
[2.935s] -- Up-to-date: /home/mrush/exercise/src/ros-exercises/install/ex_solution/share/ex_solution/local_setup.zsh
[2.936s] -- Up-to-date: /home/mrush/exercise/src/ros-exercises/install/ex_solution/share/ex_solution/local_setup.dsv
[2.936s] -- Installing: /home/mrush/exercise/src/ros-exercises/install/ex_solution/share/ex_solution/package.dsv
[2.936s] -- Up-to-date: /home/mrush/exercise/src/ros-exercises/install/ex_solution/share/ament_index/resource_index/packages/ex_solution
[2.936s] -- Up-to-date: /home/mrush/exercise/src/ros-exercises/install/ex_solution/share/ex_solution/cmake/export_ex_solution__rosidl_generator_cExport.cmake
[2.936s] -- Up-to-date: /home/mrush/exercise/src/ros-exercises/install/ex_solution/share/ex_solution/cmake/export_ex_solution__rosidl_generator_cExport-noconfig.cmake
[2.936s] -- Up-to-date: /home/mrush/exercise/src/ros-exercises/install/ex_solution/share/ex_solution/cmake/export_ex_solution__rosidl_typesupport_fastrtps_cExport.cmake
[2.936s] -- Up-to-date: /home/mrush/exercise/src/ros-exercises/install/ex_solution/share/ex_solution/cmake/export_ex_solution__rosidl_typesupport_fastrtps_cExport-noconfig.cmake
[2.936s] -- Up-to-date: /home/mrush/exercise/src/ros-exercises/install/ex_solution/share/ex_solution/cmake/export_ex_solution__rosidl_generator_cppExport.cmake
[2.936s] -- Up-to-date: /home/mrush/exercise/src/ros-exercises/install/ex_solution/share/ex_solution/cmake/export_ex_solution__rosidl_typesupport_fastrtps_cppExport.cmake
[2.936s] -- Up-to-date: /home/mrush/exercise/src/ros-exercises/install/ex_solution/share/ex_solution/cmake/export_ex_solution__rosidl_typesupport_fastrtps_cppExport-noconfig.cmake
[2.936s] -- Up-to-date: /home/mrush/exercise/src/ros-exercises/install/ex_solution/share/ex_solution/cmake/ex_solution__rosidl_typesupport_introspection_cExport.cmake
[2.936s] -- Up-to-date: /home/mrush/exercise/src/ros-exercises/install/ex_solution/share/ex_solution/cmake/ex_solution__rosidl_typesupport_introspection_cExport-noconfig.cmake
[2.937s] -- Up-to-date: /home/mrush/exercise/src/ros-exercises/install/ex_solution/share/ex_solution/cmake/ex_solution__rosidl_typesupport_cExport.cmake
[2.937s] -- Up-to-date: /home/mrush/exercise/src/ros-exercises/install/ex_solution/share/ex_solution/cmake/ex_solution__rosidl_typesupport_cExport-noconfig.cmake
[2.937s] -- Up-to-date: /home/mrush/exercise/src/ros-exercises/install/ex_solution/share/ex_solution/cmake/ex_solution__rosidl_typesupport_introspection_cppExport.cmake
[2.937s] -- Up-to-date: /home/mrush/exercise/src/ros-exercises/install/ex_solution/share/ex_solution/cmake/ex_solution__rosidl_typesupport_introspection_cppExport-noconfig.cmake
[2.937s] -- Up-to-date: /home/mrush/exercise/src/ros-exercises/install/ex_solution/share/ex_solution/cmake/ex_solution__rosidl_typesupport_cppExport.cmake
[2.937s] -- Up-to-date: /home/mrush/exercise/src/ros-exercises/install/ex_solution/share/ex_solution/cmake/ex_solution__rosidl_typesupport_cppExport-noconfig.cmake
[2.937s] -- Up-to-date: /home/mrush/exercise/src/ros-exercises/install/ex_solution/share/ex_solution/cmake/export_ex_solution__rosidl_generator_pyExport.cmake
[2.937s] -- Up-to-date: /home/mrush/exercise/src/ros-exercises/install/ex_solution/share/ex_solution/cmake/export_ex_solution__rosidl_generator_pyExport-noconfig.cmake
[2.937s] -- Up-to-date: /home/mrush/exercise/src/ros-exercises/install/ex_solution/share/ex_solution/cmake/rosidl_cmake-extras.cmake
[2.938s] -- Up-to-date: /home/mrush/exercise/src/ros-exercises/install/ex_solution/share/ex_solution/cmake/ament_cmake_export_dependencies-extras.cmake
[2.938s] -- Up-to-date: /home/mrush/exercise/src/ros-exercises/install/ex_solution/share/ex_solution/cmake/ament_cmake_export_include_directories-extras.cmake
[2.938s] -- Up-to-date: /home/mrush/exercise/src/ros-exercises/install/ex_solution/share/ex_solution/cmake/ament_cmake_export_libraries-extras.cmake
[2.939s] -- Up-to-date: /home/mrush/exercise/src/ros-exercises/install/ex_solution/share/ex_solution/cmake/ament_cmake_export_targets-extras.cmake
[2.939s] -- Up-to-date: /home/mrush/exercise/src/ros-exercises/install/ex_solution/share/ex_solution/cmake/rosidl_cmake_export_typesupport_targets-extras.cmake
[2.939s] -- Up-to-date: /home/mrush/exercise/src/ros-exercises/install/ex_solution/share/ex_solution/cmake/rosidl_cmake_export_typesupport_libraries-extras.cmake
[2.939s] -- Up-to-date: /home/mrush/exercise/src/ros-exercises/install/ex_solution/share/ex_solution/cmake/ex_solutionConfig.cmake
[2.939s] -- Up-to-date: /home/mrush/exercise/src/ros-exercises/install/ex_solution/share/ex_solution/cmake/ex_solutionConfig-version.cmake
[2.939s] -- Up-to-date: /home/mrush/exercise/src/ros-exercises/install/ex_solution/share/ex_solution/package.xml
[2.940s] Invoked command in '/home/mrush/exercise/src/ros-exercises/build/ex_solution' returned '0': CMAKE_PREFIX_PATH=${CMAKE_PREFIX_PATH}:/home/mrush/exercise/src/ros-exercises/install/navigation2_dist:/opt/ros/humble WSLENV=ELECTRON_RUN_AS_NODE/w: /usr/bin/cmake --install /home/mrush/exercise/src/ros-exercises/build/ex_solution
