[4.745s] Invoking command in '/home/mrush/exercise/src/ros-exercises/navigation2_planners/navigation2_dist': PYTHONPATH=/home/mrush/exercise/src/ros-exercises/build/navigation2_dist/prefix_override:/home/mrush/exercise/src/ros-exercises/install/navigation2_dist/lib/python3.10/site-packages:${PYTHONPATH} WSLENV=ELECTRON_RUN_AS_NODE/w: /usr/bin/python3 setup.py egg_info --egg-base ../../build/navigation2_dist build --build-base /home/mrush/exercise/src/ros-exercises/build/navigation2_dist/build install --record /home/mrush/exercise/src/ros-exercises/build/navigation2_dist/install.log --single-version-externally-managed
[5.761s] running egg_info
[5.766s] writing ../../build/navigation2_dist/navigation2_dist.egg-info/PKG-INFO
[5.769s] writing dependency_links to ../../build/navigation2_dist/navigation2_dist.egg-info/dependency_links.txt
[5.773s] writing entry points to ../../build/navigation2_dist/navigation2_dist.egg-info/entry_points.txt
[5.777s] writing requirements to ../../build/navigation2_dist/navigation2_dist.egg-info/requires.txt
[5.783s] writing top-level names to ../../build/navigation2_dist/navigation2_dist.egg-info/top_level.txt
[5.788s] reading manifest file '../../build/navigation2_dist/navigation2_dist.egg-info/SOURCES.txt'
[5.796s] writing manifest file '../../build/navigation2_dist/navigation2_dist.egg-info/SOURCES.txt'
[5.798s] running build
[5.800s] running build_py
[5.802s] /usr/lib/python3/dist-packages/setuptools/command/install.py:34: SetuptoolsDeprecationWarning: setup.py install is deprecated. Use build and pip and other standards-based tools.
[5.802s]   warnings.warn(
[5.802s] running install
[5.805s] running install_lib
[5.823s] running install_data
[5.826s] running install_egg_info
[5.836s] removing '/home/mrush/exercise/src/ros-exercises/install/navigation2_dist/lib/python3.10/site-packages/navigation2_dist-0.0.0-py3.10.egg-info' (and everything under it)
[5.836s] Copying ../../build/navigation2_dist/navigation2_dist.egg-info to /home/mrush/exercise/src/ros-exercises/install/navigation2_dist/lib/python3.10/site-packages/navigation2_dist-0.0.0-py3.10.egg-info
[5.836s] running install_scripts
[5.920s] Installing path_len script to /home/mrush/exercise/src/ros-exercises/install/navigation2_dist/lib/navigation2_dist
[5.922s] writing list of installed files to '/home/mrush/exercise/src/ros-exercises/build/navigation2_dist/install.log'
[6.331s] Invoked command in '/home/mrush/exercise/src/ros-exercises/navigation2_planners/navigation2_dist' returned '0': PYTHONPATH=/home/mrush/exercise/src/ros-exercises/build/navigation2_dist/prefix_override:/home/mrush/exercise/src/ros-exercises/install/navigation2_dist/lib/python3.10/site-packages:${PYTHONPATH} WSLENV=ELECTRON_RUN_AS_NODE/w: /usr/bin/python3 setup.py egg_info --egg-base ../../build/navigation2_dist build --build-base /home/mrush/exercise/src/ros-exercises/build/navigation2_dist/build install --record /home/mrush/exercise/src/ros-exercises/build/navigation2_dist/install.log --single-version-externally-managed
